1e-03
Subject Number: 1
Accuracy Cross: [0.2647058823529412, 0.27941176470588236, 0.2647058823529412, 0.19117647058823528, 0.20588235294117646, 0.2463768115942029, 0.3188405797101449, 0.2753623188405797, 0.2028985507246377, 0.2318840579710145, 0.3382352941176471, 0.3382352941176471, 0.20588235294117646, 0.3382352941176471, 0.2647058823529412]
 mean: 0.2644359192952544, std: 0.04969197179154668
F1 Score: [0.26816191885559254, 0.20584881068752037, 0.22755901505901505, 0.12895299145299147, 0.12254901960784315, 0.19242424242424241, 0.3040617848970252, 0.2480135199240987, 0.17648421413864104, 0.196875, 0.2596736596736597, 0.304874213836478, 0.13466518682944878, 0.2898841354723708, 0.2094659776055125]
 mean: 0.21796624603096268, std: 0.05910191578642697
Accuracy Intime: [0.42857142857142855, 0.39285714285714285, 0.5, 0.46153846153846156, 0.3076923076923077, 0.39285714285714285, 0.5, 0.5, 0.46153846153846156, 0.3076923076923077, 0.5, 0.42857142857142855, 0.4642857142857143, 0.4230769230769231, 0.34615384615384615]
 mean: 0.4276556776556777, std: 0.06451983499563567
F1 (Intime): [0.3541666666666667, 0.32002801120448177, 0.4561838161838162, 0.3761111111111111, 0.19642857142857142, 0.3740530303030303, 0.42333333333333334, 0.5023219814241486, 0.3378787878787879, 0.2184873949579832, 0.45952380952380956, 0.34494134897360706, 0.4739219114219114, 0.2653958944281525, 0.19264069264069264]
 mean: 0.3530277574320069, std: 0.09737126560300909
--------------------------------------------------
Subject Number: 2
Accuracy Cross: [0.3188405797101449, 0.3188405797101449, 0.30434782608695654, 0.3188405797101449, 0.2898550724637681, 0.27941176470588236, 0.3088235294117647, 0.27941176470588236, 0.2647058823529412, 0.29411764705882354, 0.3333333333333333, 0.3333333333333333, 0.2608695652173913, 0.3333333333333333, 0.2318840579710145]
 mean: 0.2979965899403239, std: 0.029253727820432538
F1 Score: [0.2325243628185907, 0.26960784313725494, 0.22218927893738138, 0.33324789245841874, 0.19347319347319347, 0.24438131313131312, 0.1997759856630824, 0.19651162790697674, 0.2989028944911298, 0.2748042422440281, 0.2793630900735885, 0.2986244074728135, 0.26016963109354413, 0.32616883116883116, 0.20294034156136373]
 mean: 0.2555123290421007, std: 0.04538797563078392
Accuracy Intime: [0.42857142857142855, 0.39285714285714285, 0.42857142857142855, 0.5, 0.2692307692307692, 0.32142857142857145, 0.35714285714285715, 0.2857142857142857, 0.35714285714285715, 0.38461538461538464, 0.5714285714285714, 0.5714285714285714, 0.42857142857142855, 0.4230769230769231, 0.38461538461538464]
 mean: 0.406959706959707, std: 0.08624137426651335
F1 (Intime): [0.2792207792207792, 0.3804563492063492, 0.36359649122807014, 0.39758158508158514, 0.16820276497695852, 0.2945033085698048, 0.2868131868131868, 0.1111111111111111, 0.3274094326725906, 0.3, 0.5511904761904762, 0.54008954008954, 0.3416666666666667, 0.3956919306184012, 0.3077922077922078]
 mean: 0.3363550553491818, std: 0.11145840862472273
--------------------------------------------------
Subject Number: 3
Accuracy Cross: [0.27941176470588236, 0.23529411764705882, 0.29411764705882354, 0.25, 0.2647058823529412, 0.2898550724637681, 0.2753623188405797, 0.2898550724637681, 0.34782608695652173, 0.30434782608695654, 0.21739130434782608, 0.18840579710144928, 0.15942028985507245, 0.2028985507246377, 0.2028985507246377]
 mean: 0.25345268542199484, std: 0.049603635079531624
F1 Score: [0.22807176924823983, 0.23083976833976833, 0.23861869313482215, 0.20865099365211012, 0.21656078581451715, 0.2179484425349087, 0.2695202307271273, 0.2127518315018315, 0.2999784296807593, 0.2249385865457294, 0.1839211094273775, 0.20122774608936134, 0.1225108225108225, 0.16121430776981457, 0.16578491502411163]
 mean: 0.21216922880008676, std: 0.04181970573979744
Accuracy Intime: [0.35714285714285715, 0.39285714285714285, 0.42857142857142855, 0.35714285714285715, 0.4230769230769231, 0.32142857142857145, 0.42857142857142855, 0.32142857142857145, 0.3076923076923077, 0.4230769230769231, 0.39285714285714285, 0.39285714285714285, 0.35714285714285715, 0.46153846153846156, 0.38461538461538464]
 mean: 0.38333333333333336, std: 0.044034575757247674
F1 (Intime): [0.2875, 0.33015873015873015, 0.4184873949579832, 0.3464035964035964, 0.35876623376623373, 0.19642857142857142, 0.3632352941176471, 0.33484848484848484, 0.16666666666666669, 0.3685064935064935, 0.2670588235294118, 0.32107512370670266, 0.22962962962962963, 0.32, 0.2631578947368421]
 mean: 0.3047948624971329, std: 0.06684143147346036
--------------------------------------------------
Subject Number: 4
Accuracy Cross: [0.37681159420289856, 0.3333333333333333, 0.3188405797101449, 0.4057971014492754, 0.3333333333333333, 0.2753623188405797, 0.34782608695652173, 0.36231884057971014, 0.34782608695652173, 0.2753623188405797, 0.36231884057971014, 0.2318840579710145, 0.2608695652173913, 0.2898550724637681, 0.34782608695652173]
 mean: 0.3246376811594203, std: 0.046677767455772616
F1 Score: [0.24206349206349204, 0.22265932336742722, 0.21022727272727273, 0.2668845315904139, 0.2138888888888889, 0.19345238095238093, 0.3034957627118644, 0.28094606542882405, 0.22776809067131648, 0.22144396551724138, 0.35142553210589156, 0.22038749680419578, 0.25579051012753184, 0.2681604529430617, 0.3374913374913375]
 mean: 0.2544056735594094, std: 0.04560644674181829
Accuracy Intime: [0.42857142857142855, 0.32142857142857145, 0.42857142857142855, 0.2857142857142857, 0.4230769230769231, 0.35714285714285715, 0.25, 0.35714285714285715, 0.39285714285714285, 0.4230769230769231, 0.32142857142857145, 0.5357142857142857, 0.5, 0.42857142857142855, 0.46153846153846156]
 mean: 0.39432234432234436, std: 0.07610016837300992
F1 (Intime): [0.29166666666666663, 0.18982630272952855, 0.3303030303030303, 0.1111111111111111, 0.3928030303030303, 0.2426470588235294, 0.17424242424242425, 0.22916666666666669, 0.26136363636363635, 0.35943223443223443, 0.18907563025210083, 0.5072427572427572, 0.46776030986557304, 0.27884615384615385, 0.42146464646464643]
 mean: 0.296463443954206, std: 0.11104799541182295
--------------------------------------------------
Subject Number: 5
Accuracy Cross: [0.3235294117647059, 0.45588235294117646, 0.4264705882352941, 0.5, 0.36764705882352944, 0.20588235294117646, 0.27941176470588236, 0.22058823529411764, 0.22058823529411764, 0.3382352941176471, 0.4117647058823529, 0.3382352941176471, 0.3382352941176471, 0.39705882352941174, 0.29411764705882354]
 mean: 0.34117647058823525, std: 0.08493840634231559
F1 Score: [0.23236935565702688, 0.4024621212121212, 0.35411884265901483, 0.44940542549238205, 0.2741861586689173, 0.11282051282051282, 0.2125, 0.19083180925286186, 0.15786377708978327, 0.23285714285714285, 0.3188375218804701, 0.31720223943553955, 0.2854323850220639, 0.31783625730994153, 0.2753414158305463]
 mean: 0.27560433101255494, std: 0.08686099278180533
Accuracy Intime: [0.39285714285714285, 0.4642857142857143, 0.4642857142857143, 0.4230769230769231, 0.4230769230769231, 0.35714285714285715, 0.39285714285714285, 0.5, 0.5, 0.46153846153846156, 0.4642857142857143, 0.42857142857142855, 0.4642857142857143, 0.4230769230769231, 0.6153846153846154]
 mean: 0.4516483516483517, std: 0.058336711594462
F1 (Intime): [0.311766862170088, 0.36964285714285716, 0.3, 0.34192307692307694, 0.3541064198958936, 0.2922077922077922, 0.27884615384615385, 0.37515664160401, 0.41478696741854637, 0.40681818181818186, 0.3100686498855835, 0.37386363636363634, 0.36098901098901104, 0.260989010989011, 0.6131264568764568]
 mean: 0.35761944787535327, std: 0.08143030950785073
--------------------------------------------------
Subject Number: 6
Accuracy Cross: [0.3088235294117647, 0.4411764705882353, 0.35294117647058826, 0.4264705882352941, 0.3235294117647059, 0.36231884057971014, 0.2753623188405797, 0.2463768115942029, 0.2608695652173913, 0.2898550724637681, 0.3333333333333333, 0.3333333333333333, 0.2318840579710145, 0.3333333333333333, 0.3333333333333333]
 mean: 0.32352941176470584, std: 0.05723623523878757
F1 Score: [0.26632683215130026, 0.41984776842348054, 0.34607915893630176, 0.4006129454069957, 0.2843142787901322, 0.23709105242412298, 0.1580105633802817, 0.11805555555555555, 0.1111111111111111, 0.1617391304347826, 0.2232142857142857, 0.29745717679419853, 0.1855894812705444, 0.22217580213903745, 0.29951201201201205]
 mean: 0.24874247696960955, std: 0.09152274033308248
Accuracy Intime: [0.5357142857142857, 0.42857142857142855, 0.35714285714285715, 0.39285714285714285, 0.46153846153846156, 0.5357142857142857, 0.4642857142857143, 0.32142857142857145, 0.5, 0.46153846153846156, 0.42857142857142855, 0.39285714285714285, 0.32142857142857145, 0.46153846153846156, 0.2692307692307692]
 mean: 0.4221611721611722, std: 0.07658656552782722
F1 (Intime): [0.42499999999999993, 0.31714285714285717, 0.25, 0.33611111111111114, 0.37745098039215685, 0.4359903381642512, 0.372488038277512, 0.28779220779220777, 0.3939393939393939, 0.39692982456140347, 0.3290903890160183, 0.30753968253968256, 0.22592592592592592, 0.31974921630094044, 0.16751918158567775]
 mean: 0.32951127644994266, std: 0.07262047280854009
--------------------------------------------------
Subject Number: 7
Accuracy Cross: [0.23529411764705882, 0.3088235294117647, 0.25, 0.23529411764705882, 0.29411764705882354, 0.29411764705882354, 0.35294117647058826, 0.38235294117647056, 0.3235294117647059, 0.27941176470588236, 0.19117647058823528, 0.20588235294117646, 0.22058823529411764, 0.3088235294117647, 0.25]
 mean: 0.2754901960784314, std: 0.05301374837096382
F1 Score: [0.21644041457871246, 0.2907139942880457, 0.23447712418300654, 0.1978513356562137, 0.24821428571428572, 0.18452154022112086, 0.2753246753246753, 0.3300197987130836, 0.262876784769963, 0.20712688950393868, 0.15822898032200358, 0.13870967741935483, 0.16281512605042017, 0.2714824948067082, 0.18553558903102976]
 mean: 0.22428924737217082, std: 0.05303679983453974
Accuracy Intime: [0.32142857142857145, 0.5, 0.35714285714285715, 0.38461538461538464, 0.38461538461538464, 0.4642857142857143, 0.5, 0.35714285714285715, 0.3076923076923077, 0.4230769230769231, 0.35714285714285715, 0.4642857142857143, 0.39285714285714285, 0.5, 0.4230769230769231]
 mean: 0.4091575091575092, std: 0.06261058056914724
F1 (Intime): [0.18982630272952855, 0.37034161490683226, 0.27361111111111114, 0.25, 0.3053571428571429, 0.38264221158958, 0.4756728778467908, 0.28430451127819545, 0.11764705882352941, 0.3882754672228356, 0.2282352941176471, 0.3928571428571428, 0.32097069597069594, 0.3996983408748115, 0.40917634996582364]
 mean: 0.31924107481011116, std: 0.09302752202936077
--------------------------------------------------
Subject Number: 8
Accuracy Cross: [0.35294117647058826, 0.35294117647058826, 0.2647058823529412, 0.3235294117647059, 0.27941176470588236, 0.35294117647058826, 0.25, 0.2647058823529412, 0.3235294117647059, 0.3088235294117647, 0.23529411764705882, 0.29411764705882354, 0.47058823529411764, 0.39705882352941174, 0.3235294117647059]
 mean: 0.31960784313725493, std: 0.05918191479524145
F1 Score: [0.32062860639972024, 0.34316239316239316, 0.2322942949257079, 0.27740078708301147, 0.2509540473080728, 0.29695885509839, 0.17287035215423963, 0.10714285714285714, 0.20783281733746128, 0.20219218537028624, 0.15204326923076922, 0.19640151515151516, 0.3917207792207792, 0.3125339415661996, 0.2513888888888889]
 mean: 0.24770170600268618, std: 0.07471950378815868
Accuracy Intime: [0.2857142857142857, 0.2857142857142857, 0.32142857142857145, 0.3076923076923077, 0.38461538461538464, 0.35714285714285715, 0.42857142857142855, 0.35714285714285715, 0.5, 0.46153846153846156, 0.5, 0.42857142857142855, 0.42857142857142855, 0.46153846153846156, 0.4230769230769231]
 mean: 0.3954212454212455, std: 0.07069549621203865
F1 (Intime): [0.15294117647058825, 0.19047619047619047, 0.17676767676767677, 0.11764705882352941, 0.25, 0.3370771385477268, 0.33472222222222225, 0.24305555555555558, 0.3803418803418803, 0.4383116883116883, 0.4549512987012987, 0.35396825396825393, 0.35, 0.45149572649572645, 0.3670289855072464]
 mean: 0.3065856568126389, std: 0.10713986961703256
--------------------------------------------------
Subject Number: 9
Accuracy Cross: [0.29411764705882354, 0.22058823529411764, 0.22058823529411764, 0.22058823529411764, 0.22058823529411764, 0.27941176470588236, 0.3235294117647059, 0.25, 0.3088235294117647, 0.3382352941176471, 0.29411764705882354, 0.35294117647058826, 0.3235294117647059, 0.29411764705882354, 0.3235294117647059]
 mean: 0.28431372549019607, std: 0.04514064483616212
F1 Score: [0.15795454545454546, 0.1832470669427191, 0.17226107226107226, 0.1944687485978373, 0.19687883331061745, 0.24309202300575145, 0.21064814814814814, 0.16837387964148526, 0.22817362817362816, 0.2534722222222222, 0.19907407407407407, 0.2548101514853433, 0.2152901484480432, 0.23484848484848483, 0.23412698412698413]
 mean: 0.20978133404939708, std: 0.030182294597341584
Accuracy Intime: [0.42857142857142855, 0.6071428571428571, 0.5, 0.46153846153846156, 0.34615384615384615, 0.2857142857142857, 0.42857142857142855, 0.2857142857142857, 0.5384615384615384, 0.5, 0.35714285714285715, 0.4642857142857143, 0.25, 0.4230769230769231, 0.3076923076923077]
 mean: 0.41227106227106225, std: 0.10059331028979028
F1 (Intime): [0.2883295194508009, 0.569078947368421, 0.4144736842105263, 0.35876623376623373, 0.23214285714285715, 0.1111111111111111, 0.35570950788342093, 0.11764705882352941, 0.39633173843700154, 0.42094017094017094, 0.31142191142191145, 0.29157894736842105, 0.2152173913043478, 0.3095662507427213, 0.125]
 mean: 0.3011543553314316, std: 0.12321510785614258
--------------------------------------------------
Subject Number: 10
Accuracy Cross: [0.20588235294117646, 0.3235294117647059, 0.2647058823529412, 0.19117647058823528, 0.3088235294117647, 0.27941176470588236, 0.27941176470588236, 0.2647058823529412, 0.2647058823529412, 0.2647058823529412, 0.2753623188405797, 0.2463768115942029, 0.2463768115942029, 0.21739130434782608, 0.2463768115942029]
 mean: 0.25859619210002843, std: 0.034162407275831544
F1 Score: [0.16624673385591637, 0.27293033645120757, 0.2186868686868687, 0.1568627450980392, 0.19378531073446326, 0.22399527186761228, 0.13839285714285715, 0.12638580931263857, 0.10465116279069768, 0.1111111111111111, 0.2086038961038961, 0.20632940108892922, 0.1615310544053924, 0.21186516186516186, 0.15]
 mean: 0.17675851470098608, std: 0.04591433273491096
Accuracy Intime: [0.2857142857142857, 0.2857142857142857, 0.2857142857142857, 0.38461538461538464, 0.2692307692307692, 0.4642857142857143, 0.2857142857142857, 0.39285714285714285, 0.4230769230769231, 0.4230769230769231, 0.42857142857142855, 0.39285714285714285, 0.32142857142857145, 0.3076923076923077, 0.38461538461538464]
 mean: 0.35567765567765564, std: 0.06385509532020385
F1 (Intime): [0.12121212121212122, 0.17857142857142855, 0.18333333333333335, 0.25625, 0.1675824175824176, 0.4055944055944056, 0.17777777777777776, 0.3145007166746297, 0.35591491841491846, 0.3967698967698967, 0.2847222222222222, 0.3347763347763347, 0.24758454106280192, 0.11764705882352941, 0.3376696832579186]
 mean: 0.2586604570715824, std: 0.09373246415500543
--------------------------------------------------
Subject Number: 11
Accuracy Cross: [0.2898550724637681, 0.36231884057971014, 0.2318840579710145, 0.2753623188405797, 0.3333333333333333, 0.2608695652173913, 0.2898550724637681, 0.34782608695652173, 0.3333333333333333, 0.3188405797101449, 0.2463768115942029, 0.34782608695652173, 0.42028985507246375, 0.2463768115942029, 0.2608695652173913]
 mean: 0.3043478260869566, std: 0.051307895835175844
F1 Score: [0.17532467532467533, 0.32038530465949816, 0.1835016835016835, 0.17330786860198627, 0.2200484066155708, 0.22078005115089513, 0.28926692628270817, 0.3568145763344531, 0.3125716553487962, 0.26117578178812506, 0.2047816739565572, 0.3343376143560873, 0.3607657836061726, 0.21133180544945251, 0.15281329923273657]
 mean: 0.2518138070806265, std: 0.0692311046307975
Accuracy Intime: [0.5714285714285714, 0.39285714285714285, 0.39285714285714285, 0.35714285714285715, 0.38461538461538464, 0.32142857142857145, 0.32142857142857145, 0.32142857142857145, 0.2857142857142857, 0.5, 0.32142857142857145, 0.2857142857142857, 0.35714285714285715, 0.2857142857142857, 0.38461538461538464]
 mean: 0.3655677655677655, std: 0.07734360890970046
F1 (Intime): [0.45441254651780966, 0.37915019762845853, 0.32371794871794873, 0.3520792932557638, 0.2935064935064935, 0.2403846153846154, 0.26545454545454544, 0.1880952380952381, 0.2401785714285714, 0.4178571428571428, 0.30570652173913043, 0.2, 0.3402777777777778, 0.2786276223776224, 0.3037878787878788]
 mean: 0.30554909290193316, std: 0.0729511340293681
--------------------------------------------------
Subject Number: 12
Accuracy Cross: [0.2647058823529412, 0.25, 0.29411764705882354, 0.27941176470588236, 0.20588235294117646, 0.2753623188405797, 0.17391304347826086, 0.14492753623188406, 0.2318840579710145, 0.2318840579710145, 0.3088235294117647, 0.27941176470588236, 0.23529411764705882, 0.27941176470588236, 0.27941176470588236]
 mean: 0.24896277351520316, std: 0.04424071027306741
F1 Score: [0.26033264980633397, 0.20308924485125857, 0.1943815987933635, 0.25932182182182184, 0.14050582095543956, 0.22532051282051282, 0.1434899958927419, 0.12270210409745293, 0.19832396546106223, 0.11931818181818182, 0.21043956043956044, 0.2198450369956722, 0.13729346970889064, 0.23624338624338623, 0.16232287449392713]
 mean: 0.18886201494664037, std: 0.04645346053005583
Accuracy Intime: [0.39285714285714285, 0.39285714285714285, 0.39285714285714285, 0.34615384615384615, 0.3076923076923077, 0.35714285714285715, 0.39285714285714285, 0.2857142857142857, 0.46153846153846156, 0.46153846153846156, 0.2857142857142857, 0.42857142857142855, 0.42857142857142855, 0.46153846153846156, 0.3076923076923077]
 mean: 0.3802197802197803, std: 0.060678846999026474
F1 (Intime): [0.39379084967320266, 0.2901433691756272, 0.2659090909090909, 0.22023809523809523, 0.19799498746867167, 0.21634615384615385, 0.3232456140350877, 0.17857142857142855, 0.2908653846153846, 0.39285714285714285, 0.14285714285714285, 0.4004020467836257, 0.3429487179487179, 0.3712121212121212, 0.26868686868686864]
 mean: 0.28640460092522413, std: 0.08070950362758395
--------------------------------------------------
Subject Number: 13
Accuracy Cross: [0.3382352941176471, 0.2647058823529412, 0.29411764705882354, 0.22058823529411764, 0.27941176470588236, 0.2608695652173913, 0.2608695652173913, 0.2608695652173913, 0.2608695652173913, 0.2608695652173913, 0.36764705882352944, 0.22058823529411764, 0.27941176470588236, 0.23529411764705882, 0.20588235294117646]
 mean: 0.2673486786018755, std: 0.041221234178103215
F1 Score: [0.23869099878757474, 0.12993827160493826, 0.19072356215213357, 0.20178505704821492, 0.17632481890964544, 0.10344827586206896, 0.10344827586206896, 0.10344827586206896, 0.10344827586206896, 0.10344827586206896, 0.27872474747474746, 0.20911762164030764, 0.21385521885521885, 0.1687062937062937, 0.1829954954954955]
 mean: 0.167206897665661, std: 0.05494050665076395
Accuracy Intime: [0.42857142857142855, 0.2857142857142857, 0.35714285714285715, 0.4230769230769231, 0.38461538461538464, 0.4642857142857143, 0.42857142857142855, 0.42857142857142855, 0.4230769230769231, 0.34615384615384615, 0.32142857142857145, 0.39285714285714285, 0.42857142857142855, 0.34615384615384615, 0.34615384615384615]
 mean: 0.386996336996337, std: 0.048978892998632784
F1 (Intime): [0.35943223443223443, 0.1111111111111111, 0.21428571428571427, 0.3833333333333333, 0.32900432900432897, 0.3897058823529412, 0.4152097902097902, 0.36372549019607847, 0.29261363636363635, 0.2353846153846154, 0.2398989898989899, 0.325, 0.34090909090909094, 0.23214285714285715, 0.2824786324786325]
 mean: 0.3009490471402236, std: 0.07948320056306987
--------------------------------------------------
Subject Number: 14
Accuracy Cross: [0.29411764705882354, 0.3382352941176471, 0.27941176470588236, 0.29411764705882354, 0.3382352941176471, 0.27941176470588236, 0.3382352941176471, 0.27941176470588236, 0.39705882352941174, 0.36764705882352944, 0.36764705882352944, 0.29411764705882354, 0.3088235294117647, 0.3088235294117647, 0.36764705882352944]
 mean: 0.3235294117647059, std: 0.03720326659021623
F1 Score: [0.24107520386590153, 0.26411170528817585, 0.17158636897767332, 0.23154869933454325, 0.2145748987854251, 0.1704059829059829, 0.27360160896620483, 0.2194142194142194, 0.31290322580645163, 0.2581165557572091, 0.30483870967741933, 0.21609730848861283, 0.2162855162855163, 0.22938086219336218, 0.28717892462956085]
 mean: 0.2407413193584172, std: 0.04138294540902763
Accuracy Intime: [0.35714285714285715, 0.39285714285714285, 0.35714285714285715, 0.4230769230769231, 0.34615384615384615, 0.39285714285714285, 0.39285714285714285, 0.35714285714285715, 0.3076923076923077, 0.3076923076923077, 0.35714285714285715, 0.2857142857142857, 0.32142857142857145, 0.3076923076923077, 0.34615384615384615]
 mean: 0.3501831501831501, std: 0.03777336549889161
F1 (Intime): [0.2376470588235294, 0.31344696969696967, 0.2927615862398471, 0.2702020202020202, 0.22634271099744246, 0.3054347826086956, 0.32324561403508767, 0.228287841191067, 0.11764705882352941, 0.22150383141762453, 0.22962962962962963, 0.1111111111111111, 0.19894736842105262, 0.11764705882352941, 0.23684210526315788]
 mean: 0.22871311648561957, std: 0.06704130450367095
--------------------------------------------------
Subject Number: 15
Accuracy Cross: [0.35294117647058826, 0.22058823529411764, 0.2647058823529412, 0.2647058823529412, 0.23529411764705882, 0.19117647058823528, 0.3382352941176471, 0.22058823529411764, 0.35294117647058826, 0.27941176470588236, 0.25, 0.23529411764705882, 0.20588235294117646, 0.22058823529411764, 0.19117647058823528]
 mean: 0.25490196078431376, std: 0.05279573340327946
F1 Score: [0.3045515530523027, 0.16235106998264892, 0.23625541125541125, 0.17316341829085458, 0.21889724882200942, 0.12336692795819335, 0.2762694821518351, 0.17439950237647134, 0.27093097008351247, 0.1950369155045119, 0.186996336996337, 0.15626585489599187, 0.10293410293410293, 0.1444691083980762, 0.13968784838350057]
 mean: 0.19103838340571727, std: 0.05724872635700351
Accuracy Intime: [0.32142857142857145, 0.2857142857142857, 0.32142857142857145, 0.3076923076923077, 0.2692307692307692, 0.35714285714285715, 0.35714285714285715, 0.32142857142857145, 0.5, 0.38461538461538464, 0.5357142857142857, 0.39285714285714285, 0.39285714285714285, 0.3076923076923077, 0.2692307692307692]
 mean: 0.3549450549450549, std: 0.07519112493565902
F1 (Intime): [0.1674937965260546, 0.19090909090909092, 0.2785714285714286, 0.11764705882352941, 0.1999654934437543, 0.2448512585812357, 0.28233766233766233, 0.19696969696969696, 0.38958333333333334, 0.3, 0.4407894736842105, 0.30062656641604013, 0.3357142857142857, 0.125, 0.23484848484848483]
 mean: 0.2536871753439205, std: 0.08905627181503022
--------------------------------------------------
Subject Number: 16
Accuracy Cross: [0.16176470588235295, 0.3382352941176471, 0.29411764705882354, 0.2647058823529412, 0.27941176470588236, 0.2647058823529412, 0.3235294117647059, 0.22058823529411764, 0.29411764705882354, 0.22058823529411764, 0.35294117647058826, 0.25, 0.19117647058823528, 0.3088235294117647, 0.3088235294117647]
 mean: 0.27156862745098037, std: 0.05285032145860218
F1 Score: [0.13816557421208583, 0.2773809523809524, 0.19603174603174603, 0.19911646434707092, 0.21803118908382063, 0.19166666666666665, 0.2587344429449693, 0.15064416177429873, 0.24620689655172415, 0.20096371882086167, 0.2325925925925926, 0.21129435282358816, 0.13878048780487806, 0.21803977272727273, 0.21578947368421053]
 mean: 0.20622923282978256, std: 0.039306066051299826
Accuracy Intime: [0.39285714285714285, 0.35714285714285715, 0.2857142857142857, 0.34615384615384615, 0.34615384615384615, 0.4642857142857143, 0.35714285714285715, 0.2857142857142857, 0.46153846153846156, 0.34615384615384615, 0.35714285714285715, 0.32142857142857145, 0.4642857142857143, 0.34615384615384615, 0.4230769230769231]
 mean: 0.3703296703296703, std: 0.05705826367361393
F1 (Intime): [0.2474120082815735, 0.3038461538461539, 0.1925925925925926, 0.30629370629370634, 0.27291021671826626, 0.4707792207792208, 0.22526315789473683, 0.12903225806451613, 0.4262820512820512, 0.27532894736842106, 0.29391660970608335, 0.21666666666666665, 0.46343623481781376, 0.1875, 0.4091093117408907]
 mean: 0.29469127573684617, std: 0.10114617820830701
--------------------------------------------------
Subject Number: 17
Accuracy Cross: [0.2028985507246377, 0.21739130434782608, 0.2608695652173913, 0.2463768115942029, 0.2608695652173913, 0.2898550724637681, 0.2898550724637681, 0.2463768115942029, 0.2608695652173913, 0.3188405797101449, 0.29411764705882354, 0.20588235294117646, 0.3382352941176471, 0.3382352941176471, 0.2647058823529412]
 mean: 0.26902529127593067, std: 0.041496148479362706
F1 Score: [0.1306190125276345, 0.1138157894736842, 0.10344827586206896, 0.20534776520014003, 0.1930232558139535, 0.21866110080395795, 0.1525, 0.15984848484848485, 0.16931637519872816, 0.2651997172145634, 0.28711815738025415, 0.18763048763048762, 0.2877729105826728, 0.28425006366182837, 0.24905495113405865]
 mean: 0.2005070898221678, std: 0.061099554679753275
Accuracy Intime: [0.2857142857142857, 0.42857142857142855, 0.32142857142857145, 0.38461538461538464, 0.2692307692307692, 0.42857142857142855, 0.35714285714285715, 0.39285714285714285, 0.38461538461538464, 0.34615384615384615, 0.2857142857142857, 0.4642857142857143, 0.5, 0.35714285714285715, 0.34615384615384615]
 mean: 0.37014652014652005, std: 0.06418205432485062
F1 (Intime): [0.22176434676434675, 0.2863636363636364, 0.23313782991202345, 0.3111111111111111, 0.22949660633484165, 0.32014705882352945, 0.2811085972850679, 0.3006265664160401, 0.24747474747474746, 0.27139406487232576, 0.2168831168831169, 0.388768115942029, 0.4619360902255639, 0.23232323232323232, 0.24705882352941178]
 mean: 0.2833062629507349, std: 0.06553679804510562
--------------------------------------------------
Subject Number: 18
Accuracy Cross: [0.2608695652173913, 0.2753623188405797, 0.2608695652173913, 0.2463768115942029, 0.2753623188405797, 0.20588235294117646, 0.20588235294117646, 0.29411764705882354, 0.22058823529411764, 0.19117647058823528, 0.23529411764705882, 0.23529411764705882, 0.2647058823529412, 0.20588235294117646, 0.22058823529411764]
 mean: 0.23988348962773517, std: 0.030138931153977477
F1 Score: [0.19671504965622613, 0.2108606557377049, 0.21325030012004803, 0.2033141739024092, 0.23170731707317072, 0.11282961460446247, 0.1329032258064516, 0.25749902826364596, 0.13624569460390357, 0.15236350062777834, 0.17389228418640185, 0.12135135135135136, 0.19314516129032255, 0.11535688536409516, 0.15093962415033987]
 mean: 0.17349159111588747, std: 0.043974571940621265
Accuracy Intime: [0.39285714285714285, 0.32142857142857145, 0.25, 0.46153846153846156, 0.3076923076923077, 0.4642857142857143, 0.42857142857142855, 0.25, 0.5, 0.4230769230769231, 0.21428571428571427, 0.39285714285714285, 0.2857142857142857, 0.38461538461538464, 0.2692307692307692]
 mean: 0.3564102564102564, std: 0.08773142303024883
F1 (Intime): [0.30077086656034024, 0.26948051948051943, 0.2034526854219949, 0.30952380952380953, 0.24985859728506787, 0.46437115516062877, 0.2847222222222222, 0.2777777777777778, 0.5082417582417582, 0.43129370629370634, 0.09090909090909091, 0.3305194805194805, 0.18863636363636363, 0.26785714285714285, 0.2456140350877193]
 mean: 0.2948686140651748, std: 0.10387633598472733
--------------------------------------------------
Subject Number: 19
Accuracy Cross: [0.19117647058823528, 0.22058823529411764, 0.16176470588235295, 0.22058823529411764, 0.3235294117647059, 0.36764705882352944, 0.3382352941176471, 0.25, 0.29411764705882354, 0.23529411764705882, 0.36764705882352944, 0.2647058823529412, 0.25, 0.27941176470588236, 0.22058823529411764]
 mean: 0.2656862745098039, std: 0.06014847705952145
F1 Score: [0.17038690476190477, 0.18977591036414565, 0.13732132647226986, 0.1970862470862471, 0.27007029226785056, 0.2946376811594203, 0.2729684265010352, 0.14838709677419354, 0.25998715275583917, 0.15435992578849722, 0.31043956043956045, 0.1391656288916563, 0.17634439359267734, 0.23733766233766232, 0.14285714285714285]
 mean: 0.2067416901366735, std: 0.05937980815854701
Accuracy Intime: [0.39285714285714285, 0.42857142857142855, 0.2857142857142857, 0.34615384615384615, 0.4230769230769231, 0.25, 0.42857142857142855, 0.4642857142857143, 0.46153846153846156, 0.2692307692307692, 0.2857142857142857, 0.32142857142857145, 0.5, 0.4230769230769231, 0.23076923076923078]
 mean: 0.36739926739926737, std: 0.08491613614492327
F1 (Intime): [0.24441687344913152, 0.36184210526315785, 0.15835777126099707, 0.23026315789473684, 0.32669172932330826, 0.1527777777777778, 0.35757575757575755, 0.29583333333333334, 0.3436147186147186, 0.21904761904761905, 0.11428571428571428, 0.21692307692307694, 0.34096109839816935, 0.34959893048128343, 0.14962121212121213]
 mean: 0.25745405838333285, std: 0.0844611267544215
--------------------------------------------------
Subject Number: 20
Accuracy Cross: [0.29411764705882354, 0.27941176470588236, 0.22058823529411764, 0.27941176470588236, 0.23529411764705882, 0.3088235294117647, 0.27941176470588236, 0.3382352941176471, 0.3088235294117647, 0.3088235294117647, 0.34782608695652173, 0.2318840579710145, 0.3188405797101449, 0.36231884057971014, 0.2898550724637681]
 mean: 0.29357772094344986, std: 0.04012045671572564
F1 Score: [0.23939819714608954, 0.22711670480549198, 0.12152777777777778, 0.20355731225296442, 0.15898155573376105, 0.2221003134796238, 0.20336812144212524, 0.25748026483320596, 0.241231884057971, 0.24874521613652048, 0.2922103773167603, 0.18709150326797386, 0.28361344537815125, 0.35634426847662143, 0.2625058275058275]
 mean: 0.23368485130739103, std: 0.054779293950486745
Accuracy Intime: [0.35714285714285715, 0.2857142857142857, 0.39285714285714285, 0.46153846153846156, 0.38461538461538464, 0.32142857142857145, 0.2857142857142857, 0.35714285714285715, 0.46153846153846156, 0.4230769230769231, 0.32142857142857145, 0.32142857142857145, 0.2857142857142857, 0.34615384615384615, 0.3076923076923077]
 mean: 0.3542124542124541, std: 0.05758726410086398
F1 (Intime): [0.29433878814683767, 0.19642857142857142, 0.26190476190476186, 0.3663742690058479, 0.3211722488038278, 0.20393374741200826, 0.18333333333333335, 0.29071969696969696, 0.369047619047619, 0.3964646464646465, 0.2835664335664336, 0.26666666666666666, 0.19375, 0.3733877233877234, 0.23863636363636365]
 mean: 0.28264832465162254, std: 0.06897747782676313
--------------------------------------------------
Subject Number: 21
Accuracy Cross: [0.27941176470588236, 0.25, 0.19117647058823528, 0.23529411764705882, 0.22058823529411764, 0.22058823529411764, 0.3088235294117647, 0.20588235294117646, 0.20588235294117646, 0.20588235294117646, 0.3088235294117647, 0.3382352941176471, 0.3235294117647059, 0.22058823529411764, 0.3235294117647059]
 mean: 0.25588235294117656, std: 0.05031618596218174
F1 Score: [0.21024189397838394, 0.1715686274509804, 0.175, 0.191130604288499, 0.15020056935817805, 0.1439144736842105, 0.22469998032657879, 0.15478524743230626, 0.12232142857142857, 0.09722222222222222, 0.25205415499533146, 0.2661052009456265, 0.24762310606060609, 0.1384234045524368, 0.24559318676965736]
 mean: 0.18605894004242973, std: 0.050857173459779303
Accuracy Intime: [0.42857142857142855, 0.35714285714285715, 0.4642857142857143, 0.3076923076923077, 0.4230769230769231, 0.32142857142857145, 0.2857142857142857, 0.35714285714285715, 0.5384615384615384, 0.5, 0.4642857142857143, 0.42857142857142855, 0.39285714285714285, 0.34615384615384615, 0.34615384615384615]
 mean: 0.39743589743589747, std: 0.071545879064559
F1 (Intime): [0.3532352941176471, 0.2361111111111111, 0.3843904633378318, 0.2018716577540107, 0.30341880341880345, 0.19642857142857142, 0.16993464052287582, 0.33718912666281087, 0.44800420168067223, 0.4455128205128205, 0.3996794871794872, 0.36713286713286714, 0.33035714285714285, 0.2264957264957265, 0.29329004329004327]
 mean: 0.3128701305001615, std: 0.0872209329116446
--------------------------------------------------
Subject Number: 22
Accuracy Cross: [0.29411764705882354, 0.22058823529411764, 0.27941176470588236, 0.36764705882352944, 0.29411764705882354, 0.2463768115942029, 0.2608695652173913, 0.30434782608695654, 0.34782608695652173, 0.34782608695652173, 0.19117647058823528, 0.25, 0.22058823529411764, 0.22058823529411764, 0.3382352941176471]
 mean: 0.2789144643364592, std: 0.0529928299363121
F1 Score: [0.2955026455026455, 0.19597233710136935, 0.2607404003989853, 0.31058029272314985, 0.2868088967067128, 0.15645299145299146, 0.21722170829478876, 0.3020833333333333, 0.2802139843279084, 0.3040236928104575, 0.21677489177489176, 0.22680652680652683, 0.18921940128836678, 0.1914698776400904, 0.2897897897897898]
 mean: 0.2482440513301338, std: 0.04952989505622745
Accuracy Intime: [0.5357142857142857, 0.32142857142857145, 0.35714285714285715, 0.2692307692307692, 0.5384615384615384, 0.39285714285714285, 0.42857142857142855, 0.35714285714285715, 0.4230769230769231, 0.38461538461538464, 0.39285714285714285, 0.25, 0.5357142857142857, 0.38461538461538464, 0.3076923076923077]
 mean: 0.391941391941392, std: 0.08753160950069787
F1 (Intime): [0.5509803921568628, 0.2969187675070028, 0.2375, 0.2139406487232574, 0.5090102707749766, 0.36799719887955185, 0.4101785714285714, 0.2767857142857143, 0.26296296296296295, 0.2956133540372671, 0.3134920634920635, 0.10294117647058823, 0.4900793650793651, 0.2698412698412698, 0.2444444444444444]
 mean: 0.3228457466722599, std: 0.1177575640447296
--------------------------------------------------
Subject Number: 23
Accuracy Cross: [0.3188405797101449, 0.3188405797101449, 0.37681159420289856, 0.36231884057971014, 0.3188405797101449, 0.3382352941176471, 0.23529411764705882, 0.3382352941176471, 0.3088235294117647, 0.3235294117647059, 0.2028985507246377, 0.2463768115942029, 0.2753623188405797, 0.21739130434782608, 0.2028985507246377]
 mean: 0.29231315714691675, std: 0.055897825617583705
F1 Score: [0.2634090909090909, 0.2851604278074866, 0.3738674780256931, 0.27806404122193595, 0.2624107142857143, 0.2478526220614828, 0.18333333333333332, 0.3119211955395266, 0.2860647734764214, 0.24454545454545454, 0.1588133588133588, 0.19385382059800665, 0.2519005847953216, 0.18295454545454545, 0.15801132365171772]
 mean: 0.24547751763460599, std: 0.05855809873086769
Accuracy Intime: [0.5714285714285714, 0.39285714285714285, 0.4642857142857143, 0.5, 0.5, 0.42857142857142855, 0.39285714285714285, 0.5, 0.39285714285714285, 0.46153846153846156, 0.39285714285714285, 0.5, 0.5, 0.34615384615384615, 0.38461538461538464]
 mean: 0.4485347985347986, std: 0.06117161281586163
F1 (Intime): [0.5549663299663299, 0.35339105339105337, 0.3055555555555556, 0.4863339275103981, 0.43452380952380953, 0.35659481183777864, 0.40490196078431373, 0.4103438476840012, 0.3817460317460317, 0.4369047619047619, 0.36147186147186144, 0.44166666666666665, 0.4095117845117845, 0.23863636363636365, 0.36564009661835745]
 mean: 0.3961459241872712, std: 0.07200433998894297
--------------------------------------------------
Subject Number: 24
Accuracy Cross: [0.27941176470588236, 0.36764705882352944, 0.3235294117647059, 0.27941176470588236, 0.25, 0.3382352941176471, 0.19117647058823528, 0.23529411764705882, 0.3088235294117647, 0.23529411764705882, 0.25, 0.2647058823529412, 0.23529411764705882, 0.25, 0.3382352941176471]
 mean: 0.2764705882352941, std: 0.047485807993381715
F1 Score: [0.24123078604210682, 0.35956408527218914, 0.3227486559139785, 0.27112809814422717, 0.21632034632034633, 0.26695750764073745, 0.12045454545454545, 0.14367715617715618, 0.17307692307692307, 0.13703703703703704, 0.23899492229324162, 0.2045432807269249, 0.15823529411764709, 0.23813025210084032, 0.32980367585630743]
 mean: 0.22812683774494721, std: 0.07115586913032496
Accuracy Intime: [0.32142857142857145, 0.2857142857142857, 0.35714285714285715, 0.4230769230769231, 0.2692307692307692, 0.42857142857142855, 0.4642857142857143, 0.4642857142857143, 0.34615384615384615, 0.3076923076923077, 0.39285714285714285, 0.32142857142857145, 0.35714285714285715, 0.3076923076923077, 0.3076923076923077]
 mean: 0.3569597069597069, std: 0.0613851001984381
F1 (Intime): [0.29141257779028673, 0.1111111111111111, 0.225, 0.3424618859401468, 0.15625, 0.29166666666666663, 0.3804347826086956, 0.3719298245614035, 0.22681704260651628, 0.2547008547008547, 0.32532894736842105, 0.3214285714285714, 0.24305555555555558, 0.16809116809116809, 0.20707070707070707]
 mean: 0.2611173130333403, std: 0.07774614195589277
--------------------------------------------------
Subject Number: 25
Accuracy Cross: [0.2898550724637681, 0.2753623188405797, 0.2318840579710145, 0.30434782608695654, 0.3188405797101449, 0.27941176470588236, 0.29411764705882354, 0.3382352941176471, 0.4117647058823529, 0.29411764705882354, 0.23529411764705882, 0.2647058823529412, 0.2647058823529412, 0.20588235294117646, 0.23529411764705882]
 mean: 0.2829212844558113, std: 0.04866066158273519
F1 Score: [0.22204652470307118, 0.2160424479503427, 0.2201908906264235, 0.2537001287001287, 0.27735136452241715, 0.18513257575757575, 0.17015566290928608, 0.23450292397660819, 0.33809943865276665, 0.1890625, 0.15384615384615385, 0.22859432234432234, 0.2529708853238265, 0.19095146945844238, 0.1558031959629941]
 mean: 0.21923003231562394, std: 0.04743650351051466
Accuracy Intime: [0.35714285714285715, 0.35714285714285715, 0.39285714285714285, 0.46153846153846156, 0.5, 0.32142857142857145, 0.39285714285714285, 0.39285714285714285, 0.5769230769230769, 0.3076923076923077, 0.39285714285714285, 0.4642857142857143, 0.35714285714285715, 0.5384615384615384, 0.4230769230769231]
 mean: 0.4157509157509158, std: 0.07554806303532174
F1 (Intime): [0.27669683257918554, 0.28043478260869564, 0.33088235294117646, 0.37247474747474746, 0.3992424242424242, 0.22115384615384615, 0.24047619047619045, 0.3850250626566416, 0.46638655462184875, 0.24375, 0.2996031746031746, 0.31136363636363634, 0.21485411140583555, 0.5083333333333333, 0.3541064198958936]
 mean: 0.3269855646237753, std: 0.08469746005634787
--------------------------------------------------
Subject Number: 26
Accuracy Cross: [0.37681159420289856, 0.2608695652173913, 0.2318840579710145, 0.2608695652173913, 0.18840579710144928, 0.20588235294117646, 0.25, 0.3088235294117647, 0.3382352941176471, 0.3088235294117647, 0.3235294117647059, 0.35294117647058826, 0.36764705882352944, 0.2647058823529412, 0.3088235294117647]
 mean: 0.2898834896277352, std: 0.05582838448552507
F1 Score: [0.3252820927239532, 0.22579821200510855, 0.1553639846743295, 0.2607655502392344, 0.1720871040723982, 0.10608800482218203, 0.1349367088607595, 0.2672659396797328, 0.29002926421404684, 0.20192307692307693, 0.263986013986014, 0.23379629629629628, 0.24107142857142858, 0.17543859649122806, 0.25505563618771165]
 mean: 0.22059252731650006, std: 0.05927806731283519
Accuracy Intime: [0.39285714285714285, 0.4642857142857143, 0.32142857142857145, 0.38461538461538464, 0.34615384615384615, 0.35714285714285715, 0.4642857142857143, 0.39285714285714285, 0.34615384615384615, 0.4230769230769231, 0.2857142857142857, 0.39285714285714285, 0.35714285714285715, 0.38461538461538464, 0.3076923076923077]
 mean: 0.3747252747252748, std: 0.0497123715879891
F1 (Intime): [0.24526315789473685, 0.47063492063492063, 0.2, 0.24732620320855614, 0.245, 0.3137973137973138, 0.38786764705882354, 0.3132867132867133, 0.225, 0.3696969696969697, 0.11428571428571428, 0.2708333333333333, 0.2277432712215321, 0.21666666666666667, 0.2113095238095238]
 mean: 0.2705807623263203, std: 0.08519460763184313
--------------------------------------------------
Subject Number: 27
Accuracy Cross: [0.2028985507246377, 0.21739130434782608, 0.2608695652173913, 0.2463768115942029, 0.2608695652173913, 0.2898550724637681, 0.2898550724637681, 0.2463768115942029, 0.2608695652173913, 0.3188405797101449, 0.29411764705882354, 0.20588235294117646, 0.3382352941176471, 0.3382352941176471, 0.2647058823529412]
 mean: 0.26902529127593067, std: 0.041496148479362706
F1 Score: [0.1306190125276345, 0.1138157894736842, 0.10344827586206896, 0.20534776520014003, 0.1930232558139535, 0.21866110080395795, 0.1525, 0.15984848484848485, 0.16931637519872816, 0.2651997172145634, 0.28711815738025415, 0.18763048763048762, 0.2877729105826728, 0.28425006366182837, 0.24905495113405865]
 mean: 0.2005070898221678, std: 0.061099554679753275
Accuracy Intime: [0.2857142857142857, 0.42857142857142855, 0.32142857142857145, 0.38461538461538464, 0.2692307692307692, 0.42857142857142855, 0.35714285714285715, 0.39285714285714285, 0.38461538461538464, 0.34615384615384615, 0.2857142857142857, 0.4642857142857143, 0.5, 0.35714285714285715, 0.34615384615384615]
 mean: 0.37014652014652005, std: 0.06418205432485062
F1 (Intime): [0.22176434676434675, 0.2863636363636364, 0.23313782991202345, 0.3111111111111111, 0.22949660633484165, 0.32014705882352945, 0.2811085972850679, 0.3006265664160401, 0.24747474747474746, 0.27139406487232576, 0.2168831168831169, 0.388768115942029, 0.4619360902255639, 0.23232323232323232, 0.24705882352941178]
 mean: 0.2833062629507349, std: 0.06553679804510562
--------------------------------------------------
Subject Number: 28
Accuracy Cross: [0.3088235294117647, 0.2647058823529412, 0.20588235294117646, 0.23529411764705882, 0.3088235294117647, 0.25, 0.2647058823529412, 0.23529411764705882, 0.22058823529411764, 0.23529411764705882, 0.10294117647058823, 0.08823529411764706, 0.25, 0.19117647058823528, 0.20588235294117646]
 mean: 0.22450980392156866, std: 0.060148477059521435
F1 Score: [0.3074794699514744, 0.17499046892870757, 0.17377087198515767, 0.21220238095238098, 0.2532299741602067, 0.17791811846689898, 0.13057471264367815, 0.187291280148423, 0.16884229280158974, 0.19336446080632128, 0.10514723876335753, 0.04225352112676056, 0.15906188319981424, 0.1497714754482597, 0.08641975308641975]
 mean: 0.16815452683129667, std: 0.06223596240798863
Accuracy Intime: [0.42857142857142855, 0.32142857142857145, 0.32142857142857145, 0.38461538461538464, 0.34615384615384615, 0.35714285714285715, 0.4642857142857143, 0.25, 0.4230769230769231, 0.34615384615384615, 0.35714285714285715, 0.39285714285714285, 0.39285714285714285, 0.34615384615384615, 0.34615384615384615]
 mean: 0.3652014652014652, std: 0.05018248174737306
F1 (Intime): [0.32546296296296295, 0.24930555555555556, 0.27117224880382773, 0.2916666666666667, 0.23011363636363635, 0.21994134897360704, 0.47376965140123034, 0.21103896103896103, 0.3352564102564103, 0.2787878787878788, 0.22962962962962963, 0.3409090909090909, 0.251578947368421, 0.2264957264957265, 0.2802631578947368]
 mean: 0.28102612487388945, std: 0.06561383706970021
--------------------------------------------------
Subject Number: 29
Accuracy Cross: [0.17647058823529413, 0.25, 0.25, 0.3382352941176471, 0.3088235294117647, 0.29411764705882354, 0.3088235294117647, 0.22058823529411764, 0.2647058823529412, 0.25, 0.2318840579710145, 0.30434782608695654, 0.2753623188405797, 0.17391304347826086, 0.14492753623188406]
 mean: 0.2528132992327366, std: 0.054022209622648525
F1 Score: [0.1439655172413793, 0.18675751222921033, 0.17224489795918368, 0.2744949494949495, 0.19362745098039214, 0.22813146997929606, 0.1964886964886965, 0.16524725274725274, 0.17972350230414746, 0.18995695839311336, 0.19285714285714284, 0.23115468409586054, 0.16666666666666666, 0.1610481575075171, 0.12925382919125097]
 mean: 0.1874412458757373, std: 0.035107756647566705
Accuracy Intime: [0.32142857142857145, 0.21428571428571427, 0.42857142857142855, 0.46153846153846156, 0.3076923076923077, 0.39285714285714285, 0.25, 0.42857142857142855, 0.38461538461538464, 0.38461538461538464, 0.35714285714285715, 0.4642857142857143, 0.42857142857142855, 0.5, 0.38461538461538464]
 mean: 0.3805860805860806, std: 0.07702679210740554
F1 (Intime): [0.18571428571428572, 0.08823529411764706, 0.35174825174825175, 0.3549019607843137, 0.22895622895622894, 0.2583333333333333, 0.2168997668997669, 0.26785714285714285, 0.25757575757575757, 0.2533333333333333, 0.20833333333333331, 0.3090909090909091, 0.3035714285714286, 0.4260233918128655, 0.31803327391562686]
 mean: 0.26857384613628166, std: 0.07839582523287753
--------------------------------------------------
**************************************************
accuracy_cross_list: [0.2644359192952544, 0.2979965899403239, 0.25345268542199484, 0.3246376811594203, 0.34117647058823525, 0.32352941176470584, 0.2754901960784314, 0.31960784313725493, 0.28431372549019607, 0.25859619210002843, 0.3043478260869566, 0.24896277351520316, 0.2673486786018755, 0.3235294117647059, 0.25490196078431376, 0.27156862745098037, 0.26902529127593067, 0.23988348962773517, 0.2656862745098039, 0.29357772094344986, 0.25588235294117656, 0.2789144643364592, 0.29231315714691675, 0.2764705882352941, 0.2829212844558113, 0.2898834896277352, 0.26902529127593067, 0.22450980392156866, 0.2528132992327366]
f1_score_list: [0.21796624603096268, 0.2555123290421007, 0.21216922880008676, 0.2544056735594094, 0.27560433101255494, 0.24874247696960955, 0.22428924737217082, 0.24770170600268618, 0.20978133404939708, 0.17675851470098608, 0.2518138070806265, 0.18886201494664037, 0.167206897665661, 0.2407413193584172, 0.19103838340571727, 0.20622923282978256, 0.2005070898221678, 0.17349159111588747, 0.2067416901366735, 0.23368485130739103, 0.18605894004242973, 0.2482440513301338, 0.24547751763460599, 0.22812683774494721, 0.21923003231562394, 0.22059252731650006, 0.2005070898221678, 0.16815452683129667, 0.1874412458757373]
accuracy_intime_list: [0.4276556776556777, 0.406959706959707, 0.38333333333333336, 0.39432234432234436, 0.4516483516483517, 0.4221611721611722, 0.4091575091575092, 0.3954212454212455, 0.41227106227106225, 0.35567765567765564, 0.3655677655677655, 0.3802197802197803, 0.386996336996337, 0.3501831501831501, 0.3549450549450549, 0.3703296703296703, 0.37014652014652005, 0.3564102564102564, 0.36739926739926737, 0.3542124542124541, 0.39743589743589747, 0.391941391941392, 0.4485347985347986, 0.3569597069597069, 0.4157509157509158, 0.3747252747252748, 0.37014652014652005, 0.3652014652014652, 0.3805860805860806]
f1_score_intime_list: [0.3530277574320069, 0.3363550553491818, 0.3047948624971329, 0.296463443954206, 0.35761944787535327, 0.32951127644994266, 0.31924107481011116, 0.3065856568126389, 0.3011543553314316, 0.2586604570715824, 0.30554909290193316, 0.28640460092522413, 0.3009490471402236, 0.22871311648561957, 0.2536871753439205, 0.29469127573684617, 0.2833062629507349, 0.2948686140651748, 0.25745405838333285, 0.28264832465162254, 0.3128701305001615, 0.3228457466722599, 0.3961459241872712, 0.2611173130333403, 0.3269855646237753, 0.2705807623263203, 0.2833062629507349, 0.28102612487388945, 0.26857384613628166]
**************************************************
ACC: 27.95±2.77
F1: 21.68±2.93
Intime: 38.68±2.76
F1 (Intime): 29.91±3.47
