1e-03
Subject Number: 1
Accuracy Cross: [0.5625, 0.5625, 0.65625, 0.625, 0.5625, 0.5151515151515151, 0.5454545454545454, 0.5151515151515151, 0.45454545454545453, 0.45454545454545453, 0.46875, 0.625, 0.65625, 0.5625, 0.5625]
 mean: 0.555239898989899, std: 0.06401652121340634
F1 Score: [0.36, 0.4166666666666667, 0.6389743589743591, 0.5, 0.36, 0.5111111111111111, 0.4057623049219688, 0.5037593984962406, 0.4540441176470588, 0.4107142857142857, 0.4231177094379639, 0.5, 0.6101882613510521, 0.36, 0.36]
 mean: 0.45428921428804714, std: 0.08581792059218363
Accuracy Intime: [0.5714285714285714, 0.7142857142857143, 0.6666666666666666, 0.75, 0.5, 0.6428571428571429, 0.5714285714285714, 0.8333333333333334, 0.6666666666666666, 0.5, 0.5714285714285714, 0.6428571428571429, 0.6666666666666666, 0.5, 0.5]
 mean: 0.6198412698412699, std: 0.09782852733685074
F1 (Intime): [0.36363636363636365, 0.65, 0.4, 0.7333333333333334, 0.3333333333333333, 0.5238095238095237, 0.36363636363636365, 0.7777777777777777, 0.625, 0.3333333333333333, 0.36363636363636365, 0.5238095238095237, 0.4, 0.3333333333333333, 0.3333333333333333]
 mean: 0.47053150553150547, std: 0.15159904962413967
--------------------------------------------------
Subject Number: 2
Accuracy Cross: [0.5454545454545454, 0.5757575757575758, 0.6363636363636364, 0.5454545454545454, 0.5454545454545454, 0.625, 0.6875, 0.65625, 0.625, 0.65625, 0.6666666666666666, 0.696969696969697, 0.696969696969697, 0.6363636363636364, 0.6666666666666666]
 mean: 0.6308080808080807, std: 0.05218581133510912
F1 Score: [0.35294117647058826, 0.5722222222222222, 0.5695652173913044, 0.35294117647058826, 0.35294117647058826, 0.5, 0.6135265700483092, 0.5594493116395495, 0.536231884057971, 0.5594493116395495, 0.593505039193729, 0.6590909090909091, 0.6590909090909091, 0.5695652173913044, 0.593505039193729]
 mean: 0.5362683440247501, std: 0.09980593891526243
Accuracy Intime: [0.5714285714285714, 0.7857142857142857, 1.0, 0.5, 0.5, 0.6428571428571429, 0.7142857142857143, 0.7857142857142857, 0.6666666666666666, 0.5, 0.7142857142857143, 0.7857142857142857, 0.8333333333333334, 0.75, 0.5]
 mean: 0.6833333333333335, std: 0.14363544599237008
F1 (Intime): [0.36363636363636365, 0.7543859649122806, 1.0, 0.3333333333333333, 0.3333333333333333, 0.5906432748538011, 0.65, 0.7543859649122806, 0.625, 0.3333333333333333, 0.6888888888888889, 0.7543859649122806, 0.7777777777777777, 0.7333333333333334, 0.3333333333333333]
 mean: 0.6017180577706894, std: 0.20530782005083123
--------------------------------------------------
Subject Number: 3
Accuracy Cross: [0.5, 0.5, 0.46875, 0.46875, 0.5, 0.5757575757575758, 0.5757575757575758, 0.5454545454545454, 0.5454545454545454, 0.5151515151515151, 0.45454545454545453, 0.5454545454545454, 0.45454545454545453, 0.5454545454545454, 0.5151515151515151]
 mean: 0.5140151515151515, std: 0.03944701892166173
F1 Score: [0.3816425120772947, 0.3816425120772947, 0.36374269005847953, 0.36374269005847953, 0.4458874458874459, 0.4225, 0.4652777777777778, 0.47619047619047616, 0.5170731707317073, 0.34, 0.45, 0.5454545454545454, 0.4540441176470588, 0.44568868980963045, 0.45454545454545453]
 mean: 0.4338288054877097, std: 0.05642814009923874
Accuracy Intime: [0.5714285714285714, 0.7142857142857143, 0.8571428571428571, 0.5833333333333334, 0.75, 0.5714285714285714, 0.7142857142857143, 0.6666666666666666, 0.5, 0.5, 0.5714285714285714, 0.7857142857142857, 0.8333333333333334, 0.5, 0.5]
 mean: 0.6412698412698412, std: 0.12255674689968074
F1 (Intime): [0.36363636363636365, 0.65, 0.8444444444444444, 0.5555555555555556, 0.7333333333333334, 0.36363636363636365, 0.65, 0.4, 0.3333333333333333, 0.3333333333333333, 0.36363636363636365, 0.7846153846153847, 0.8125, 0.3333333333333333, 0.3333333333333333]
 mean: 0.5236460761460761, std: 0.1946525430927972
--------------------------------------------------
Subject Number: 4
Accuracy Cross: [0.5757575757575758, 0.6363636363636364, 0.5454545454545454, 0.6060606060606061, 0.5454545454545454, 0.5757575757575758, 0.45454545454545453, 0.5454545454545454, 0.45454545454545453, 0.5454545454545454, 0.36363636363636365, 0.5757575757575758, 0.48484848484848486, 0.5151515151515151, 0.48484848484848486]
 mean: 0.5272727272727272, std: 0.06712423323570163
F1 Score: [0.5416666666666666, 0.5695652173913044, 0.35294117647058826, 0.5460317460317461, 0.35294117647058826, 0.5227272727272727, 0.4107142857142857, 0.4057623049219688, 0.35434782608695653, 0.35294117647058826, 0.3418803418803419, 0.5657894736842105, 0.4327603640040445, 0.49230769230769234, 0.45268292682926825]
 mean: 0.44633730984383485, std: 0.08371024376501424
Accuracy Intime: [0.6428571428571429, 0.7857142857142857, 0.8571428571428571, 0.5833333333333334, 0.5, 0.6428571428571429, 0.5714285714285714, 0.7857142857142857, 0.5833333333333334, 0.5833333333333334, 0.6428571428571429, 0.7857142857142857, 0.7142857142857143, 0.75, 0.5]
 mean: 0.6619047619047618, std: 0.10795984808337744
F1 (Intime): [0.5238095238095237, 0.7846153846153847, 0.8444444444444444, 0.4957983193277311, 0.3333333333333333, 0.5238095238095237, 0.36363636363636365, 0.7543859649122806, 0.4957983193277311, 0.5804195804195804, 0.625668449197861, 0.7754010695187166, 0.6888888888888889, 0.7333333333333334, 0.3333333333333333]
 mean: 0.5904450554605353, std: 0.16435819757298112
--------------------------------------------------
Subject Number: 5
Accuracy Cross: [0.5625, 0.65625, 0.5625, 0.53125, 0.5, 0.65625, 0.5, 0.6875, 0.59375, 0.59375, 0.5625, 0.5625, 0.5625, 0.5625, 0.5625]
 mean: 0.5770833333333333, std: 0.05212498334665335
F1 Score: [0.36, 0.6532019704433498, 0.36, 0.3469387755102041, 0.4458874458874459, 0.5594493116395495, 0.4666666666666667, 0.6135265700483092, 0.4340136054421769, 0.4340136054421769, 0.36, 0.36, 0.36, 0.36, 0.36]
 mean: 0.43157986340532534, std: 0.09765553294925933
Accuracy Intime: [0.5714285714285714, 0.8571428571428571, 0.6666666666666666, 0.5, 0.5, 0.5714285714285714, 0.7142857142857143, 0.8333333333333334, 0.5, 0.5, 0.6428571428571429, 0.5714285714285714, 0.6666666666666666, 0.5, 0.5]
 mean: 0.6063492063492063, std: 0.11724562103250404
F1 (Intime): [0.36363636363636365, 0.8444444444444444, 0.4, 0.3333333333333333, 0.3333333333333333, 0.36363636363636365, 0.65, 0.7777777777777777, 0.3333333333333333, 0.3333333333333333, 0.5238095238095237, 0.36363636363636365, 0.4, 0.3333333333333333, 0.3333333333333333]
 mean: 0.4457960557960557, std: 0.1667833204459173
--------------------------------------------------
Subject Number: 6
Accuracy Cross: [0.53125, 0.5, 0.5625, 0.5, 0.53125, 0.6060606060606061, 0.6363636363636364, 0.7575757575757576, 0.6060606060606061, 0.6363636363636364, 0.5757575757575758, 0.696969696969697, 0.6363636363636364, 0.6363636363636364, 0.5454545454545454]
 mean: 0.5972222222222222, std: 0.070191402892348
F1 Score: [0.530791788856305, 0.4920634920634921, 0.5607843137254902, 0.4817813765182186, 0.4909862142099682, 0.4849939975990396, 0.5416666666666666, 0.7380952380952381, 0.4849939975990396, 0.5416666666666666, 0.4225, 0.6413043478260869, 0.5695652173913044, 0.5416666666666666, 0.4994944388270981]
 mean: 0.5348236281807522, std: 0.07307052544196749
Accuracy Intime: [0.8571428571428571, 0.7142857142857143, 0.5714285714285714, 0.8333333333333334, 0.8333333333333334, 0.6428571428571429, 0.7142857142857143, 0.6666666666666666, 0.5, 0.5, 0.6428571428571429, 0.6428571428571429, 0.6666666666666666, 0.5, 0.6666666666666666]
 mean: 0.6634920634920635, std: 0.11264250793149316
F1 (Intime): [0.8444444444444444, 0.65, 0.36363636363636365, 0.8285714285714285, 0.8285714285714285, 0.5238095238095237, 0.65, 0.4, 0.3333333333333333, 0.3333333333333333, 0.5906432748538011, 0.5238095238095237, 0.4, 0.3333333333333333, 0.625]
 mean: 0.5485657325131008, std: 0.18093907847993318
--------------------------------------------------
Subject Number: 7
Accuracy Cross: [0.46875, 0.34375, 0.34375, 0.375, 0.4375, 0.53125, 0.46875, 0.5625, 0.5625, 0.59375, 0.5625, 0.5625, 0.5, 0.5625, 0.6875]
 mean: 0.5041666666666667, std: 0.09469431814469594
F1 Score: [0.39756367663344405, 0.33793103448275863, 0.343108504398827, 0.3073593073593074, 0.41700404858299595, 0.3469387755102041, 0.36374269005847953, 0.36, 0.36, 0.4340136054421769, 0.36, 0.36, 0.4980392156862745, 0.36, 0.6135265700483092]
 mean: 0.3906151618801852, std: 0.07444807478124238
Accuracy Intime: [0.5714285714285714, 0.7857142857142857, 0.8333333333333334, 0.5833333333333334, 0.75, 0.6428571428571429, 0.5714285714285714, 0.6666666666666666, 0.5, 0.6666666666666666, 0.5714285714285714, 0.6428571428571429, 0.6666666666666666, 0.5, 0.5833333333333334]
 mean: 0.6357142857142858, std: 0.09391944249198104
F1 (Intime): [0.36363636363636365, 0.7543859649122806, 0.8125, 0.4957983193277311, 0.7333333333333334, 0.5238095238095237, 0.36363636363636365, 0.4, 0.3333333333333333, 0.625, 0.36363636363636365, 0.5238095238095237, 0.4, 0.3333333333333333, 0.4957983193277311]
 mean: 0.501467382806392, std: 0.15597337166234557
--------------------------------------------------
Subject Number: 8
Accuracy Cross: [0.59375, 0.71875, 0.625, 0.625, 0.59375, 0.5625, 0.5625, 0.5625, 0.5625, 0.5625, 0.5625, 0.5625, 0.625, 0.59375, 0.5625]
 mean: 0.5916666666666667, std: 0.04187448175467038
F1 Score: [0.5733333333333333, 0.716256157635468, 0.611336032388664, 0.611336032388664, 0.539313399778516, 0.36, 0.36, 0.4166666666666667, 0.36, 0.36, 0.36, 0.36, 0.5636363636363637, 0.4340136054421769, 0.36]
 mean: 0.46572610608465687, std: 0.11927816495836406
Accuracy Intime: [0.5714285714285714, 0.5714285714285714, 0.9166666666666666, 0.5833333333333334, 0.5, 0.5714285714285714, 0.5714285714285714, 0.75, 0.5, 0.5, 0.5714285714285714, 0.5714285714285714, 0.75, 0.5, 0.5]
 mean: 0.5952380952380951, std: 0.11550277880778663
F1 (Intime): [0.36363636363636365, 0.36363636363636365, 0.8991596638655461, 0.4957983193277311, 0.3333333333333333, 0.36363636363636365, 0.36363636363636365, 0.6210526315789473, 0.3333333333333333, 0.3333333333333333, 0.36363636363636365, 0.36363636363636365, 0.6210526315789473, 0.3333333333333333, 0.3333333333333333]
 mean: 0.4323698729890679, std: 0.1571634385456014
--------------------------------------------------
Subject Number: 9
Accuracy Cross: [0.5625, 0.375, 0.53125, 0.375, 0.375, 0.5625, 0.5625, 0.46875, 0.4375, 0.5625, 0.5625, 0.5625, 0.34375, 0.59375, 0.5625]
 mean: 0.49583333333333335, std: 0.08680277773333192
F1 Score: [0.36, 0.37254901960784315, 0.4684385382059801, 0.37254901960784315, 0.37254901960784315, 0.36, 0.36, 0.4231177094379639, 0.4285714285714286, 0.36, 0.36, 0.36, 0.343108504398827, 0.4340136054421769, 0.36]
 mean: 0.382326456325327, std: 0.035780360480873956
Accuracy Intime: [0.5714285714285714, 0.6428571428571429, 0.6666666666666666, 0.5, 0.6666666666666666, 0.8571428571428571, 0.5714285714285714, 0.6666666666666666, 0.6666666666666666, 0.5, 0.5714285714285714, 0.5714285714285714, 0.6666666666666666, 0.5, 0.6666666666666666]
 mean: 0.619047619047619, std: 0.0903507902905251
F1 (Intime): [0.36363636363636365, 0.5906432748538011, 0.4, 0.3333333333333333, 0.625, 0.8541666666666667, 0.36363636363636365, 0.4, 0.6666666666666666, 0.3333333333333333, 0.36363636363636365, 0.36363636363636365, 0.4, 0.3333333333333333, 0.625]
 mean: 0.46773480418217256, std: 0.1559435505852306
--------------------------------------------------
Subject Number: 10
Accuracy Cross: [0.5625, 0.5625, 0.28125, 0.5625, 0.5625, 0.625, 0.375, 0.25, 0.5625, 0.40625, 0.5151515151515151, 0.48484848484848486, 0.42424242424242425, 0.5151515151515151, 0.5151515151515151]
 mean: 0.48030303030303034, std: 0.10669576677062094
F1 Score: [0.36, 0.36, 0.24512820512820513, 0.36, 0.36, 0.5, 0.3522267206477733, 0.23809523809523808, 0.36, 0.28888888888888886, 0.49230769230769234, 0.40634920634920635, 0.42424242424242425, 0.4260869565217391, 0.4260869565217391]
 mean: 0.37329415258019366, std: 0.07422404458809435
Accuracy Intime: [0.5714285714285714, 0.5714285714285714, 0.6666666666666666, 0.5, 0.5, 0.5714285714285714, 0.6428571428571429, 0.75, 0.5833333333333334, 0.6666666666666666, 0.5714285714285714, 0.7142857142857143, 0.8333333333333334, 0.5, 0.6666666666666666]
 mean: 0.6206349206349205, std: 0.09392614886797532
F1 (Intime): [0.36363636363636365, 0.36363636363636365, 0.4, 0.3333333333333333, 0.3333333333333333, 0.36363636363636365, 0.5238095238095237, 0.7333333333333334, 0.4957983193277311, 0.625, 0.36363636363636365, 0.65, 0.7777777777777777, 0.3333333333333333, 0.625]
 mean: 0.485684293919588, std: 0.15287879574573476
--------------------------------------------------
Subject Number: 11
Accuracy Cross: [0.48484848484848486, 0.696969696969697, 0.5454545454545454, 0.5151515151515151, 0.45454545454545453, 0.48484848484848486, 0.6060606060606061, 0.6363636363636364, 0.5454545454545454, 0.5757575757575758, 0.5454545454545454, 0.5454545454545454, 0.6060606060606061, 0.6060606060606061, 0.6060606060606061]
 mean: 0.5636363636363636, std: 0.06239775843022426
F1 Score: [0.3717805151175812, 0.6826923076923077, 0.4994944388270981, 0.38888888888888884, 0.3125, 0.45268292682926825, 0.5195968645016797, 0.5695652173913044, 0.5386766076421249, 0.4225, 0.35294117647058826, 0.35294117647058826, 0.4849939975990396, 0.4849939975990396, 0.4849939975990396]
 mean: 0.4612828075085698, std: 0.09441967052214216
Accuracy Intime: [0.5714285714285714, 0.6428571428571429, 0.7857142857142857, 0.6666666666666666, 0.6666666666666666, 0.5714285714285714, 0.8571428571428571, 0.6428571428571429, 0.6666666666666666, 0.6666666666666666, 0.7142857142857143, 0.7857142857142857, 0.7142857142857143, 0.6666666666666666, 0.6666666666666666]
 mean: 0.6857142857142856, std: 0.07438333024673004
F1 (Intime): [0.36363636363636365, 0.5238095238095237, 0.7754010695187166, 0.625, 0.6571428571428571, 0.36363636363636365, 0.8444444444444444, 0.5238095238095237, 0.6571428571428571, 0.625, 0.6888888888888889, 0.7754010695187166, 0.7142857142857143, 0.625, 0.625]
 mean: 0.6258399117222647, std: 0.13281747551837114
--------------------------------------------------
Subject Number: 12
Accuracy Cross: [0.6875, 0.625, 0.6875, 0.625, 0.71875, 0.6666666666666666, 0.5454545454545454, 0.5151515151515151, 0.6666666666666666, 0.5757575757575758, 0.5625, 0.40625, 0.3125, 0.5625, 0.5625]
 mean: 0.5813131313131312, std: 0.10629869710549554
F1 Score: [0.6135265700483092, 0.6190476190476191, 0.6536796536796536, 0.5, 0.694591728525981, 0.593505039193729, 0.35294117647058826, 0.49230769230769234, 0.6329625884732053, 0.4225, 0.36, 0.4056695992179863, 0.30158730158730157, 0.36, 0.36]
 mean: 0.49082126457013775, std: 0.128701215114441
Accuracy Intime: [0.5714285714285714, 0.7857142857142857, 0.9166666666666666, 0.5, 0.5833333333333334, 0.5714285714285714, 0.5714285714285714, 0.8333333333333334, 0.5, 0.5, 0.5714285714285714, 0.5714285714285714, 0.75, 0.5833333333333334, 0.5]
 mean: 0.6206349206349205, std: 0.1290896864212537
F1 (Intime): [0.36363636363636365, 0.7543859649122806, 0.8991596638655461, 0.3333333333333333, 0.4957983193277311, 0.36363636363636365, 0.36363636363636365, 0.7777777777777777, 0.3333333333333333, 0.3333333333333333, 0.36363636363636365, 0.36363636363636365, 0.7333333333333334, 0.4957983193277311, 0.3333333333333333]
 mean: 0.4871845686706367, std: 0.19275263792997718
--------------------------------------------------
Subject Number: 13
Accuracy Cross: [0.59375, 0.625, 0.625, 0.5, 0.59375, 0.5454545454545454, 0.45454545454545453, 0.42424242424242425, 0.5454545454545454, 0.45454545454545453, 0.59375, 0.625, 0.625, 0.6875, 0.5]
 mean: 0.5595328282828281, std: 0.07521734992419918
F1 Score: [0.5835835835835836, 0.5, 0.6, 0.4181818181818182, 0.4340136054421769, 0.35294117647058826, 0.3125, 0.2978723404255319, 0.35294117647058826, 0.3125, 0.5835835835835836, 0.5, 0.5844155844155844, 0.6135265700483092, 0.4181818181818182]
 mean: 0.4576160837869055, std: 0.1123103077859716
Accuracy Intime: [0.5714285714285714, 0.5714285714285714, 0.8333333333333334, 0.5, 0.5, 0.7142857142857143, 0.5714285714285714, 0.6666666666666666, 0.5, 0.5833333333333334, 0.5714285714285714, 0.5714285714285714, 0.6666666666666666, 0.5, 0.5]
 mean: 0.5880952380952381, std: 0.09260241822394351
F1 (Intime): [0.36363636363636365, 0.36363636363636365, 0.7777777777777777, 0.3333333333333333, 0.3333333333333333, 0.7083333333333333, 0.36363636363636365, 0.4, 0.3333333333333333, 0.4957983193277311, 0.36363636363636365, 0.36363636363636365, 0.4, 0.3333333333333333, 0.3333333333333333]
 mean: 0.41778386101915505, std: 0.1344253494427558
--------------------------------------------------
Subject Number: 14
Accuracy Cross: [0.59375, 0.59375, 0.6875, 0.5625, 0.59375, 0.5625, 0.59375, 0.5625, 0.5625, 0.5625, 0.59375, 0.59375, 0.59375, 0.5625, 0.5625]
 mean: 0.5854166666666667, std: 0.031180478223116172
F1 Score: [0.4793491864831039, 0.5933528836754643, 0.6761133603238867, 0.36, 0.4793491864831039, 0.36, 0.4340136054421769, 0.36, 0.36, 0.36, 0.5134502923976608, 0.5134502923976608, 0.5134502923976608, 0.36, 0.36]
 mean: 0.44816860664004793, std: 0.0974279645248708
Accuracy Intime: [0.5714285714285714, 0.7857142857142857, 0.75, 0.5, 0.5, 0.5714285714285714, 0.7857142857142857, 0.6666666666666666, 0.5, 0.5833333333333334, 0.5714285714285714, 0.6428571428571429, 0.6666666666666666, 0.5, 0.6666666666666666]
 mean: 0.6174603174603174, std: 0.09825255787894585
F1 (Intime): [0.36363636363636365, 0.7543859649122806, 0.6210526315789473, 0.3333333333333333, 0.3333333333333333, 0.36363636363636365, 0.7543859649122806, 0.4, 0.3333333333333333, 0.4957983193277311, 0.36363636363636365, 0.5238095238095237, 0.4, 0.3333333333333333, 0.6571428571428571]
 mean: 0.4687211790617363, std: 0.15090336167785323
--------------------------------------------------
Subject Number: 15
Accuracy Cross: [0.5, 0.40625, 0.34375, 0.46875, 0.4375, 0.5625, 0.53125, 0.46875, 0.5625, 0.5, 0.59375, 0.5625, 0.53125, 0.5625, 0.5625]
 mean: 0.50625, std: 0.06770032003863301
F1 Score: [0.3333333333333333, 0.3764102564102564, 0.3107692307692308, 0.36374269005847953, 0.34545454545454546, 0.36, 0.3469387755102041, 0.4420512820512821, 0.36, 0.3333333333333333, 0.4340136054421769, 0.36, 0.530791788856305, 0.5333333333333333, 0.36]
 mean: 0.3860114783034987, std: 0.06622542922860576
Accuracy Intime: [0.5714285714285714, 0.5714285714285714, 0.6666666666666666, 0.5, 0.6666666666666666, 0.5714285714285714, 0.5714285714285714, 0.6666666666666666, 0.5, 0.5, 0.5714285714285714, 0.7142857142857143, 0.75, 0.5, 0.5833333333333334]
 mean: 0.5936507936507937, std: 0.07859146770271194
F1 (Intime): [0.36363636363636365, 0.36363636363636365, 0.4, 0.3333333333333333, 0.625, 0.36363636363636365, 0.36363636363636365, 0.4, 0.3333333333333333, 0.3333333333333333, 0.36363636363636365, 0.7083333333333333, 0.6210526315789473, 0.3333333333333333, 0.4957983193277311]
 mean: 0.4267799623836775, std: 0.12037936717037076
--------------------------------------------------
Subject Number: 16
Accuracy Cross: [0.53125, 0.5625, 0.625, 0.5, 0.5625, 0.65625, 0.71875, 0.78125, 0.625, 0.8125, 0.59375, 0.59375, 0.75, 0.59375, 0.625]
 mean: 0.6354166666666666, std: 0.08887803753208977
F1 Score: [0.530791788856305, 0.5333333333333333, 0.5636363636363637, 0.4980392156862745, 0.36, 0.6476476476476476, 0.7117117117117118, 0.7810361681329423, 0.6235294117647059, 0.8056680161943319, 0.539313399778516, 0.5588547189819725, 0.7408906882591093, 0.539313399778516, 0.5844155844155844]
 mean: 0.6012120965451544, std: 0.1149083939715282
Accuracy Intime: [0.8571428571428571, 0.5714285714285714, 0.9166666666666666, 1.0, 0.5833333333333334, 0.7142857142857143, 0.5714285714285714, 0.75, 0.8333333333333334, 0.5, 0.7142857142857143, 0.6428571428571429, 0.6666666666666666, 0.9166666666666666, 0.8333333333333334]
 mean: 0.7380952380952379, std: 0.14521857792358958
F1 (Intime): [0.8444444444444444, 0.36363636363636365, 0.9111111111111111, 1.0, 0.5555555555555556, 0.65, 0.36363636363636365, 0.6210526315789473, 0.8333333333333334, 0.3333333333333333, 0.65, 0.5238095238095237, 0.4, 0.916083916083916, 0.8333333333333334]
 mean: 0.6532886606570817, std: 0.21890882110362625
--------------------------------------------------
Subject Number: 17
Accuracy Cross: [0.5454545454545454, 0.5454545454545454, 0.5757575757575758, 0.5454545454545454, 0.5757575757575758, 0.6060606060606061, 0.5454545454545454, 0.5151515151515151, 0.5757575757575758, 0.5757575757575758, 0.40625, 0.21875, 0.53125, 0.34375, 0.3125]
 mean: 0.4945707070707071, std: 0.11275195968503174
F1 Score: [0.35294117647058826, 0.35294117647058826, 0.49782608695652175, 0.35294117647058826, 0.4225, 0.5925925925925926, 0.35294117647058826, 0.38888888888888884, 0.49782608695652175, 0.4652777777777778, 0.3552492046659597, 0.2179863147605083, 0.5195195195195195, 0.2873806998939554, 0.30980392156862746]
 mean: 0.39777438663088177, std: 0.09665798456103261
Accuracy Intime: [0.5714285714285714, 0.5714285714285714, 0.6666666666666666, 0.5, 0.5, 0.5714285714285714, 0.5714285714285714, 0.6666666666666666, 0.5, 0.75, 0.5714285714285714, 0.7857142857142857, 0.6428571428571429, 0.6666666666666666, 0.5]
 mean: 0.6023809523809524, std: 0.08799866005988728
F1 (Intime): [0.36363636363636365, 0.36363636363636365, 0.4, 0.3333333333333333, 0.3333333333333333, 0.36363636363636365, 0.36363636363636365, 0.4, 0.3333333333333333, 0.7333333333333334, 0.36363636363636365, 0.7846153846153847, 0.625668449197861, 0.625, 0.3333333333333333]
 mean: 0.44800882124411534, std: 0.15284152978914453
--------------------------------------------------
Subject Number: 18
Accuracy Cross: [0.5454545454545454, 0.5454545454545454, 0.5151515151515151, 0.5454545454545454, 0.5454545454545454, 0.625, 0.53125, 0.5625, 0.46875, 0.46875, 0.5625, 0.5625, 0.5625, 0.5625, 0.5625]
 mean: 0.5443813131313131, std: 0.037363711800273924
F1 Score: [0.4057623049219688, 0.35294117647058826, 0.38888888888888884, 0.35294117647058826, 0.47619047619047616, 0.5636363636363637, 0.4909862142099682, 0.5555555555555556, 0.36374269005847953, 0.464039408866995, 0.36, 0.4166666666666667, 0.36, 0.36, 0.36]
 mean: 0.41809006146243605, std: 0.071567338096412
Accuracy Intime: [0.5714285714285714, 0.5714285714285714, 0.6666666666666666, 0.5, 0.6666666666666666, 0.5714285714285714, 0.5714285714285714, 0.8333333333333334, 0.5, 0.5833333333333334, 0.6428571428571429, 0.5714285714285714, 0.8333333333333334, 0.5, 0.5]
 mean: 0.6055555555555556, std: 0.10440656426985531
F1 (Intime): [0.36363636363636365, 0.36363636363636365, 0.4, 0.3333333333333333, 0.625, 0.36363636363636365, 0.36363636363636365, 0.7777777777777777, 0.3333333333333333, 0.4957983193277311, 0.5238095238095237, 0.36363636363636365, 0.8125, 0.3333333333333333, 0.3333333333333333]
 mean: 0.4524267181620123, std: 0.15730317901466595
--------------------------------------------------
Subject Number: 19
Accuracy Cross: [0.5625, 0.59375, 0.53125, 0.5625, 0.6875, 0.625, 0.65625, 0.34375, 0.75, 0.65625, 0.59375, 0.5625, 0.59375, 0.6875, 0.65625]
 mean: 0.6041666666666666, std: 0.09033118078616166
F1 Score: [0.45893719806763283, 0.5835835835835836, 0.43859649122807015, 0.5333333333333333, 0.6666666666666667, 0.5, 0.5594493116395495, 0.32732732732732733, 0.7090909090909091, 0.6101882613510521, 0.4340136054421769, 0.36, 0.4340136054421769, 0.6135265700483092, 0.5594493116395495]
 mean: 0.5192117449906891, std: 0.10637566350219937
Accuracy Intime: [0.5714285714285714, 0.5714285714285714, 0.9166666666666666, 0.5, 0.6666666666666666, 0.5714285714285714, 0.5714285714285714, 0.6666666666666666, 0.5, 0.5, 0.5714285714285714, 0.5714285714285714, 0.6666666666666666, 0.5833333333333334, 0.5]
 mean: 0.5952380952380952, std: 0.10277701170272807
F1 (Intime): [0.36363636363636365, 0.36363636363636365, 0.8991596638655461, 0.3333333333333333, 0.625, 0.36363636363636365, 0.36363636363636365, 0.4, 0.3333333333333333, 0.3333333333333333, 0.36363636363636365, 0.36363636363636365, 0.4, 0.5555555555555556, 0.3333333333333333]
 mean: 0.42632444897150773, std: 0.15039944897174284
--------------------------------------------------
Subject Number: 20
Accuracy Cross: [0.5625, 0.5625, 0.5625, 0.5625, 0.5625, 0.5, 0.5625, 0.4375, 0.4375, 0.625, 0.5151515151515151, 0.5757575757575758, 0.45454545454545453, 0.6060606060606061, 0.6060606060606061]
 mean: 0.5421717171717172, std: 0.05815541979686693
F1 Score: [0.36, 0.36, 0.45893719806763283, 0.36, 0.36, 0.4181818181818182, 0.45893719806763283, 0.37662337662337664, 0.34545454545454546, 0.5, 0.38888888888888884, 0.4225, 0.4288461538461539, 0.4849939975990396, 0.4849939975990396]
 mean: 0.41389047828854186, std: 0.05177838938391831
Accuracy Intime: [0.7142857142857143, 0.7142857142857143, 0.75, 0.5, 0.5833333333333334, 0.5714285714285714, 0.7142857142857143, 0.6666666666666666, 0.5, 0.5, 0.5714285714285714, 0.6428571428571429, 0.6666666666666666, 0.5833333333333334, 0.5]
 mean: 0.611904761904762, std: 0.08659162982213242
F1 (Intime): [0.65, 0.6888888888888889, 0.6210526315789473, 0.3333333333333333, 0.4957983193277311, 0.36363636363636365, 0.65, 0.4, 0.3333333333333333, 0.3333333333333333, 0.36363636363636365, 0.5238095238095237, 0.4, 0.4957983193277311, 0.3333333333333333]
 mean: 0.46573024956925874, std: 0.12822373947123494
--------------------------------------------------
Subject Number: 21
Accuracy Cross: [0.5625, 0.53125, 0.5, 0.5, 0.5625, 0.5, 0.46875, 0.375, 0.5625, 0.5, 0.59375, 0.5625, 0.46875, 0.5625, 0.5625]
 mean: 0.5208333333333334, std: 0.05432668671002206
F1 Score: [0.36, 0.3992490613266583, 0.4817813765182186, 0.3333333333333333, 0.36, 0.3333333333333333, 0.4231177094379639, 0.3522267206477733, 0.4166666666666667, 0.4458874458874459, 0.4340136054421769, 0.5333333333333333, 0.45545545545545546, 0.36, 0.36]
 mean: 0.4032265360921573, std: 0.05717321585380442
Accuracy Intime: [0.5714285714285714, 0.6428571428571429, 0.6666666666666666, 0.5, 0.5, 0.5714285714285714, 0.6428571428571429, 0.8333333333333334, 0.5, 0.75, 0.5714285714285714, 0.5714285714285714, 0.6666666666666666, 0.5, 0.5]
 mean: 0.5992063492063492, std: 0.09755773012932856
F1 (Intime): [0.36363636363636365, 0.5238095238095237, 0.4, 0.3333333333333333, 0.3333333333333333, 0.36363636363636365, 0.625668449197861, 0.7777777777777777, 0.3333333333333333, 0.7333333333333334, 0.36363636363636365, 0.36363636363636365, 0.4, 0.3333333333333333, 0.3333333333333333]
 mean: 0.43878674702204107, std: 0.14720224407153304
--------------------------------------------------
Subject Number: 22
Accuracy Cross: [0.46875, 0.5625, 0.5, 0.59375, 0.65625, 0.5454545454545454, 0.6060606060606061, 0.7575757575757576, 0.6060606060606061, 0.696969696969697, 0.65625, 0.8125, 0.59375, 0.53125, 0.65625]
 mean: 0.6162247474747475, std: 0.08997007319099422
F1 Score: [0.45545545545545546, 0.5151515151515151, 0.4817813765182186, 0.539313399778516, 0.6101882613510521, 0.35294117647058826, 0.4849939975990396, 0.7461538461538462, 0.4849939975990396, 0.6413043478260869, 0.5594493116395495, 0.8, 0.5933528836754643, 0.5270935960591133, 0.6476476476476476]
 mean: 0.5626547208616753, std: 0.11098548060673849
Accuracy Intime: [1.0, 0.6428571428571429, 0.6666666666666666, 0.5833333333333334, 0.5833333333333334, 0.5714285714285714, 0.6428571428571429, 0.8333333333333334, 0.5833333333333334, 0.5833333333333334, 0.7857142857142857, 0.6428571428571429, 0.8333333333333334, 0.5833333333333334, 0.5]
 mean: 0.6690476190476191, std: 0.13013453123867819
F1 (Intime): [1.0, 0.625668449197861, 0.4, 0.4957983193277311, 0.4957983193277311, 0.36363636363636365, 0.5238095238095237, 0.7777777777777777, 0.4957983193277311, 0.4957983193277311, 0.7754010695187166, 0.625668449197861, 0.7777777777777777, 0.4957983193277311, 0.3333333333333333]
 mean: 0.5788042893925247, std: 0.1780689188152609
--------------------------------------------------
Subject Number: 23
Accuracy Cross: [0.696969696969697, 0.5454545454545454, 0.696969696969697, 0.696969696969697, 0.8181818181818182, 0.65625, 0.59375, 0.59375, 0.65625, 0.625, 0.42424242424242425, 0.42424242424242425, 0.45454545454545453, 0.5151515151515151, 0.5454545454545454]
 mean: 0.5962121212121211, std: 0.10915336490785374
F1 Score: [0.6898496240601504, 0.4057623049219688, 0.6590909090909091, 0.6413043478260869, 0.8166666666666667, 0.5883040935672514, 0.5134502923976608, 0.4340136054421769, 0.5883040935672514, 0.5, 0.2978723404255319, 0.3365079365079365, 0.3125, 0.38888888888888884, 0.4057623049219688]
 mean: 0.5052184938856299, std: 0.1492577200438428
Accuracy Intime: [0.7857142857142857, 0.5714285714285714, 0.75, 0.6666666666666666, 0.5, 0.8571428571428571, 0.8571428571428571, 0.7857142857142857, 0.6666666666666666, 0.5833333333333334, 0.7857142857142857, 0.8571428571428571, 0.8333333333333334, 0.6666666666666666, 0.6666666666666666]
 mean: 0.7222222222222221, std: 0.11062820229652583
F1 (Intime): [0.7754010695187166, 0.36363636363636365, 0.6210526315789473, 0.625, 0.3333333333333333, 0.8444444444444444, 0.8444444444444444, 0.7543859649122806, 0.625, 0.4957983193277311, 0.7846153846153847, 0.8444444444444444, 0.7777777777777777, 0.625, 0.625]
 mean: 0.6626222785355912, std: 0.15947924333914543
--------------------------------------------------
Subject Number: 24
Accuracy Cross: [0.46875, 0.46875, 0.40625, 0.5, 0.40625, 0.5625, 0.59375, 0.5625, 0.5625, 0.59375, 0.5, 0.4375, 0.5, 0.59375, 0.59375]
 mean: 0.5166666666666667, std: 0.06640573937712178
F1 Score: [0.45545545545545546, 0.464039408866995, 0.3913913913913914, 0.3816425120772947, 0.3913913913913914, 0.36, 0.4340136054421769, 0.36, 0.36, 0.5134502923976608, 0.3333333333333333, 0.4, 0.3816425120772947, 0.4340136054421769, 0.5134502923976608]
 mean: 0.41158825335152205, std: 0.053718080784011184
Accuracy Intime: [0.5714285714285714, 0.5714285714285714, 0.75, 0.5, 0.5, 0.5714285714285714, 0.5714285714285714, 0.6666666666666666, 0.5, 0.5, 0.5714285714285714, 0.5714285714285714, 0.6666666666666666, 0.75, 0.5]
 mean: 0.5841269841269842, std: 0.08366901400916477
F1 (Intime): [0.36363636363636365, 0.36363636363636365, 0.6210526315789473, 0.3333333333333333, 0.3333333333333333, 0.36363636363636365, 0.36363636363636365, 0.4, 0.3333333333333333, 0.3333333333333333, 0.36363636363636365, 0.36363636363636365, 0.4, 0.7333333333333334, 0.3333333333333333]
 mean: 0.4001913875598086, std: 0.11258505943533276
--------------------------------------------------
Subject Number: 25
Accuracy Cross: [0.5454545454545454, 0.6060606060606061, 0.6363636363636364, 0.6060606060606061, 0.6363636363636364, 0.59375, 0.65625, 0.65625, 0.65625, 0.625, 0.4375, 0.625, 0.53125, 0.4375, 0.59375]
 mean: 0.5895202020202019, std: 0.06947674868468676
F1 Score: [0.35294117647058826, 0.4849939975990396, 0.5416666666666666, 0.4849939975990396, 0.5416666666666666, 0.4340136054421769, 0.5883040935672514, 0.5594493116395495, 0.5594493116395495, 0.5, 0.34545454545454546, 0.6235294117647059, 0.4909862142099682, 0.30434782608695654, 0.4340136054421769]
 mean: 0.4830540286832587, std: 0.09030344704531366
Accuracy Intime: [0.5714285714285714, 0.5714285714285714, 0.75, 0.6666666666666666, 0.6666666666666666, 0.6428571428571429, 0.6428571428571429, 0.6666666666666666, 0.5833333333333334, 0.5, 0.7857142857142857, 0.7142857142857143, 0.75, 0.5, 0.5]
 mean: 0.6341269841269842, std: 0.0909206570896488
F1 (Intime): [0.36363636363636365, 0.36363636363636365, 0.6210526315789473, 0.6571428571428571, 0.625, 0.5238095238095237, 0.5238095238095237, 0.4, 0.5555555555555556, 0.3333333333333333, 0.7543859649122806, 0.65, 0.6210526315789473, 0.3333333333333333, 0.3333333333333333]
 mean: 0.5106054277106907, std: 0.13901920060312276
--------------------------------------------------
Subject Number: 26
Accuracy Cross: [0.5454545454545454, 0.45454545454545453, 0.45454545454545453, 0.5151515151515151, 0.5454545454545454, 0.5625, 0.5625, 0.5625, 0.59375, 0.5625, 0.5625, 0.40625, 0.65625, 0.5, 0.5625]
 mean: 0.5364267676767677, std: 0.06001115322484972
F1 Score: [0.35294117647058826, 0.3125, 0.38636363636363635, 0.34, 0.35294117647058826, 0.36, 0.36, 0.36, 0.4340136054421769, 0.36, 0.36, 0.4009852216748768, 0.6101882613510521, 0.3333333333333333, 0.36]
 mean: 0.37888442740708345, std: 0.06760902343100572
Accuracy Intime: [0.5714285714285714, 0.5714285714285714, 0.8333333333333334, 0.5, 0.75, 0.5714285714285714, 0.5714285714285714, 0.6666666666666666, 0.5, 0.5, 0.5714285714285714, 0.5714285714285714, 0.6666666666666666, 0.5, 0.5]
 mean: 0.5896825396825397, std: 0.09631010424871363
F1 (Intime): [0.36363636363636365, 0.36363636363636365, 0.7777777777777777, 0.3333333333333333, 0.7333333333333334, 0.36363636363636365, 0.36363636363636365, 0.4, 0.3333333333333333, 0.3333333333333333, 0.36363636363636365, 0.36363636363636365, 0.4, 0.3333333333333333, 0.3333333333333333]
 mean: 0.4106397306397306, std: 0.13718241116418187
--------------------------------------------------
Subject Number: 27
Accuracy Cross: [0.5454545454545454, 0.5454545454545454, 0.5757575757575758, 0.5454545454545454, 0.5757575757575758, 0.6060606060606061, 0.5454545454545454, 0.5151515151515151, 0.5757575757575758, 0.5757575757575758, 0.40625, 0.21875, 0.53125, 0.34375, 0.3125]
 mean: 0.4945707070707071, std: 0.11275195968503174
F1 Score: [0.35294117647058826, 0.35294117647058826, 0.49782608695652175, 0.35294117647058826, 0.4225, 0.5925925925925926, 0.35294117647058826, 0.38888888888888884, 0.49782608695652175, 0.4652777777777778, 0.3552492046659597, 0.2179863147605083, 0.5195195195195195, 0.2873806998939554, 0.30980392156862746]
 mean: 0.39777438663088177, std: 0.09665798456103261
Accuracy Intime: [0.5714285714285714, 0.5714285714285714, 0.6666666666666666, 0.5, 0.5, 0.5714285714285714, 0.5714285714285714, 0.6666666666666666, 0.5, 0.75, 0.5714285714285714, 0.7857142857142857, 0.6428571428571429, 0.6666666666666666, 0.5]
 mean: 0.6023809523809524, std: 0.08799866005988728
F1 (Intime): [0.36363636363636365, 0.36363636363636365, 0.4, 0.3333333333333333, 0.3333333333333333, 0.36363636363636365, 0.36363636363636365, 0.4, 0.3333333333333333, 0.7333333333333334, 0.36363636363636365, 0.7846153846153847, 0.625668449197861, 0.625, 0.3333333333333333]
 mean: 0.44800882124411534, std: 0.15284152978914453
--------------------------------------------------
Subject Number: 28
Accuracy Cross: [0.5625, 0.5625, 0.5625, 0.5625, 0.53125, 0.5625, 0.5625, 0.5625, 0.5625, 0.5625, 0.5625, 0.4375, 0.53125, 0.5625, 0.5]
 mean: 0.5458333333333333, std: 0.033978138396458524
F1 Score: [0.36, 0.36, 0.36, 0.36, 0.3469387755102041, 0.36, 0.36, 0.36, 0.36, 0.36, 0.36, 0.30434782608695654, 0.3469387755102041, 0.36, 0.4181818181818182]
 mean: 0.3584271463526122, std: 0.021270279060375867
Accuracy Intime: [0.5714285714285714, 0.5714285714285714, 0.6666666666666666, 0.5, 0.5, 0.5714285714285714, 0.5714285714285714, 0.6666666666666666, 0.5, 0.5, 0.5714285714285714, 0.6428571428571429, 0.6666666666666666, 0.5, 0.5]
 mean: 0.5666666666666667, std: 0.06459361888690732
F1 (Intime): [0.36363636363636365, 0.36363636363636365, 0.4, 0.3333333333333333, 0.3333333333333333, 0.36363636363636365, 0.36363636363636365, 0.4, 0.3333333333333333, 0.3333333333333333, 0.36363636363636365, 0.5238095238095237, 0.4, 0.3333333333333333, 0.3333333333333333]
 mean: 0.3694660894660895, std: 0.048043202580697296
--------------------------------------------------
Subject Number: 29
Accuracy Cross: [0.5625, 0.5625, 0.5625, 0.5625, 0.5625, 0.625, 0.5, 0.5625, 0.5625, 0.34375, 0.45454545454545453, 0.3939393939393939, 0.5454545454545454, 0.5151515151515151, 0.2727272727272727]
 mean: 0.505871212121212, std: 0.09456189862014115
F1 Score: [0.36, 0.36, 0.36, 0.36, 0.36, 0.5636363636363637, 0.4458874458874459, 0.36, 0.36, 0.2873806998939554, 0.44172932330827064, 0.3653846153846154, 0.44568868980963045, 0.34, 0.26666666666666666]
 mean: 0.3784249203057965, std: 0.06937250099933835
Accuracy Intime: [0.5714285714285714, 0.5714285714285714, 0.6666666666666666, 0.5, 0.5, 0.5714285714285714, 0.5714285714285714, 0.6666666666666666, 0.5, 0.5, 0.7142857142857143, 0.6428571428571429, 0.75, 0.5833333333333334, 0.6666666666666666]
 mean: 0.5984126984126984, std: 0.07926183761108824
F1 (Intime): [0.36363636363636365, 0.36363636363636365, 0.4, 0.3333333333333333, 0.3333333333333333, 0.36363636363636365, 0.36363636363636365, 0.4, 0.3333333333333333, 0.3333333333333333, 0.65, 0.5238095238095237, 0.6210526315789473, 0.4957983193277311, 0.625]
 mean: 0.43356928417299934, std: 0.11333106766688704
--------------------------------------------------
**************************************************
accuracy_cross_list: [0.555239898989899, 0.6308080808080807, 0.5140151515151515, 0.5272727272727272, 0.5770833333333333, 0.5972222222222222, 0.5041666666666667, 0.5916666666666667, 0.49583333333333335, 0.48030303030303034, 0.5636363636363636, 0.5813131313131312, 0.5595328282828281, 0.5854166666666667, 0.50625, 0.6354166666666666, 0.4945707070707071, 0.5443813131313131, 0.6041666666666666, 0.5421717171717172, 0.5208333333333334, 0.6162247474747475, 0.5962121212121211, 0.5166666666666667, 0.5895202020202019, 0.5364267676767677, 0.4945707070707071, 0.5458333333333333, 0.505871212121212]
f1_score_list: [0.45428921428804714, 0.5362683440247501, 0.4338288054877097, 0.44633730984383485, 0.43157986340532534, 0.5348236281807522, 0.3906151618801852, 0.46572610608465687, 0.382326456325327, 0.37329415258019366, 0.4612828075085698, 0.49082126457013775, 0.4576160837869055, 0.44816860664004793, 0.3860114783034987, 0.6012120965451544, 0.39777438663088177, 0.41809006146243605, 0.5192117449906891, 0.41389047828854186, 0.4032265360921573, 0.5626547208616753, 0.5052184938856299, 0.41158825335152205, 0.4830540286832587, 0.37888442740708345, 0.39777438663088177, 0.3584271463526122, 0.3784249203057965]
accuracy_intime_list: [0.6198412698412699, 0.6833333333333335, 0.6412698412698412, 0.6619047619047618, 0.6063492063492063, 0.6634920634920635, 0.6357142857142858, 0.5952380952380951, 0.619047619047619, 0.6206349206349205, 0.6857142857142856, 0.6206349206349205, 0.5880952380952381, 0.6174603174603174, 0.5936507936507937, 0.7380952380952379, 0.6023809523809524, 0.6055555555555556, 0.5952380952380952, 0.611904761904762, 0.5992063492063492, 0.6690476190476191, 0.7222222222222221, 0.5841269841269842, 0.6341269841269842, 0.5896825396825397, 0.6023809523809524, 0.5666666666666667, 0.5984126984126984]
f1_score_intime_list: [0.47053150553150547, 0.6017180577706894, 0.5236460761460761, 0.5904450554605353, 0.4457960557960557, 0.5485657325131008, 0.501467382806392, 0.4323698729890679, 0.46773480418217256, 0.485684293919588, 0.6258399117222647, 0.4871845686706367, 0.41778386101915505, 0.4687211790617363, 0.4267799623836775, 0.6532886606570817, 0.44800882124411534, 0.4524267181620123, 0.42632444897150773, 0.46573024956925874, 0.43878674702204107, 0.5788042893925247, 0.6626222785355912, 0.4001913875598086, 0.5106054277106907, 0.4106397306397306, 0.44800882124411534, 0.3694660894660895, 0.43356928417299934]
**************************************************
ACC: 55.22±4.39
F1: 44.56±6.14
Intime: 62.66±4.08
F1 (Intime): 48.94±7.67
