1e-03
Subject Number: 1
Accuracy Cross: [0.5119047619047619, 0.6785714285714286, 0.5, 0.5476190476190477, 0.5357142857142857, 0.6309523809523809, 0.6666666666666666, 0.5595238095238095, 0.8095238095238095, 0.7738095238095238, 0.6428571428571429, 0.5238095238095238, 0.5, 0.5, 0.5952380952380952]
 mean: 0.5984126984126984, std: 0.0964669399138725
F1 Score: [0.39440829963073676, 0.6785258681785967, 0.4857142857142857, 0.4708222811671088, 0.4509803921568627, 0.5810136765888978, 0.6466346153846154, 0.4669867947178872, 0.8040816326530613, 0.761613144137416, 0.6213942307692308, 0.3841642228739003, 0.3333333333333333, 0.3333333333333333, 0.5159322033898305]
 mean: 0.5285958876019398, std: 0.14335022740998637
Accuracy Intime: [0.6764705882352942, 0.5294117647058824, 0.7058823529411765, 0.5294117647058824, 0.6875, 0.6764705882352942, 0.6470588235294118, 0.5294117647058824, 0.5294117647058824, 0.59375, 0.8529411764705882, 0.5294117647058824, 0.6176470588235294, 0.5294117647058824, 0.59375]
 mean: 0.6151960784313726, std: 0.09076655826243579
F1 (Intime): [0.6761904761904762, 0.34615384615384615, 0.678030303030303, 0.5018315018315018, 0.6666666666666667, 0.6693191865605659, 0.6421052631578947, 0.34615384615384615, 0.34615384615384615, 0.5733333333333333, 0.8528138528138528, 0.34615384615384615, 0.5888372093023255, 0.34615384615384615, 0.5134502923976608]
 mean: 0.5395564877369207, std: 0.1575188263247976
--------------------------------------------------
Subject Number: 2
Accuracy Cross: [0.8809523809523809, 0.8690476190476191, 0.8571428571428571, 0.8690476190476191, 0.8809523809523809, 0.8571428571428571, 0.8333333333333334, 0.8571428571428571, 0.9047619047619048, 0.8809523809523809, 0.75, 0.7738095238095238, 0.7142857142857143, 0.7857142857142857, 0.6547619047619048]
 mean: 0.8246031746031747, std: 0.07015621628764941
F1 Score: [0.8792409430707303, 0.8685819940264543, 0.8568181818181818, 0.8685819940264543, 0.8803418803418803, 0.8568181818181818, 0.8329545454545455, 0.8558352402745995, 0.9047078842881452, 0.8808848553601816, 0.7491110795050491, 0.7711827956989248, 0.703529411764706, 0.7826336975273145, 0.6433904259991217]
 mean: 0.8223075407316313, std: 0.07321095208221397
Accuracy Intime: [0.9705882352941176, 0.8823529411764706, 0.7352941176470589, 0.8823529411764706, 0.90625, 0.9411764705882353, 0.9411764705882353, 0.7941176470588235, 0.9705882352941176, 0.6875, 0.9411764705882353, 0.9705882352941176, 0.9705882352941176, 0.8529411764705882, 0.71875]
 mean: 0.8776960784313725, std: 0.09549124667256341
F1 (Intime): [0.9705627705627706, 0.880701754385965, 0.7332170880557978, 0.880701754385965, 0.9054187192118226, 0.9411764705882353, 0.9403508771929825, 0.7786046511627907, 0.970357454228422, 0.6862745098039216, 0.9403508771929825, 0.9705627705627706, 0.970357454228422, 0.85178727114211, 0.718475073313783]
 mean: 0.875926633067916, std: 0.09674690837511803
--------------------------------------------------
Subject Number: 3
Accuracy Cross: [0.5238095238095238, 0.44047619047619047, 0.6190476190476191, 0.5714285714285714, 0.6547619047619048, 0.6190476190476191, 0.47619047619047616, 0.5119047619047619, 0.5, 0.5357142857142857, 0.5357142857142857, 0.5357142857142857, 0.5952380952380952, 0.5238095238095238, 0.5595238095238095]
 mean: 0.5468253968253968, std: 0.055578226666703485
F1 Score: [0.47335423197492166, 0.4220465524813351, 0.6111111111111112, 0.475, 0.6400177331165953, 0.6170940170940171, 0.3225806451612903, 0.44585679806918743, 0.4954233409610984, 0.5276135544340302, 0.5351213282247764, 0.43817527010804325, 0.5868055555555556, 0.4642857142857143, 0.5544086021505377]
 mean: 0.5072596303152141, std: 0.08338754521735785
Accuracy Intime: [0.6470588235294118, 0.6764705882352942, 0.6176470588235294, 0.5294117647058824, 0.59375, 0.7058823529411765, 0.7352941176470589, 0.5882352941176471, 0.5294117647058824, 0.5625, 0.5294117647058824, 0.5588235294117647, 0.6764705882352942, 0.5882352941176471, 0.625]
 mean: 0.6109068627450981, std: 0.06374080698279071
F1 (Intime): [0.6470588235294118, 0.6621499548328816, 0.5252416756176155, 0.34615384615384615, 0.5134502923976608, 0.678030303030303, 0.7332170880557978, 0.5641025641025641, 0.43333333333333335, 0.5607843137254902, 0.34615384615384615, 0.5072463768115942, 0.6693191865605659, 0.5041666666666667, 0.625]
 mean: 0.5543605513981051, std: 0.11385527825958659
--------------------------------------------------
Subject Number: 4
Accuracy Cross: [0.6309523809523809, 0.7738095238095238, 0.7619047619047619, 0.7976190476190477, 0.6071428571428571, 0.6428571428571429, 0.8928571428571429, 0.8571428571428571, 0.8452380952380952, 0.7142857142857143, 0.5119047619047619, 0.5833333333333334, 0.5476190476190477, 0.5595238095238095, 0.5476190476190477]
 mean: 0.6849206349206349, std: 0.12393664617478628
F1 Score: [0.6266666666666667, 0.7737774627923459, 0.7619047619047619, 0.7975903614457831, 0.5753025892446759, 0.6050156739811913, 0.8916129032258064, 0.8564102564102565, 0.8441558441558441, 0.7141236528644356, 0.5084915084915085, 0.5818517991750818, 0.5411155836687751, 0.5579576162708006, 0.5452991452991452]
 mean: 0.6787517217064719, std: 0.12757306536210208
Accuracy Intime: [0.7058823529411765, 0.7941176470588235, 0.7941176470588235, 0.7941176470588235, 0.5625, 0.5588235294117647, 0.7647058823529411, 0.7647058823529411, 0.7058823529411765, 0.78125, 0.8529411764705882, 0.7058823529411765, 0.7647058823529411, 0.9411764705882353, 0.8125]
 mean: 0.7535539215686273, std: 0.09517365474679618
F1 (Intime): [0.7058823529411765, 0.7925021795989537, 0.7850045167118338, 0.793939393939394, 0.5607843137254902, 0.5255813953488373, 0.7614035087719297, 0.7614035087719297, 0.6964285714285714, 0.7702564102564102, 0.8528138528138528, 0.7017543859649122, 0.7638888888888888, 0.9409722222222222, 0.8095238095238095]
 mean: 0.7481426207272143, std: 0.09988938191878229
--------------------------------------------------
Subject Number: 5
Accuracy Cross: [0.5119047619047619, 0.4642857142857143, 0.4166666666666667, 0.44047619047619047, 0.35714285714285715, 0.6071428571428571, 0.5714285714285714, 0.6190476190476191, 0.6309523809523809, 0.6309523809523809, 0.5238095238095238, 0.5119047619047619, 0.47619047619047616, 0.5238095238095238, 0.5119047619047619]
 mean: 0.5198412698412699, std: 0.07892736438382107
F1 Score: [0.5033886085075703, 0.46420978029766125, 0.39175410078321266, 0.3760075865339023, 0.34375, 0.6057459820793628, 0.5552941176470588, 0.6188315371525808, 0.6187966622749231, 0.6110530246452577, 0.4642857142857143, 0.4910595537165657, 0.44471153846153844, 0.5169637722829212, 0.45566619250829776]
 mean: 0.4974345447451045, std: 0.08724317522234226
Accuracy Intime: [0.7352941176470589, 0.7352941176470589, 0.5588235294117647, 0.7647058823529411, 0.5, 0.7647058823529411, 0.5588235294117647, 0.47058823529411764, 0.5294117647058824, 0.5, 0.7058823529411765, 0.5588235294117647, 0.5882352941176471, 0.6764705882352942, 0.5625]
 mean: 0.613970588235294, std: 0.10111296741729417
F1 (Intime): [0.7294429708222812, 0.7153488372093023, 0.5392953929539295, 0.7647058823529411, 0.4980392156862745, 0.7571428571428571, 0.5584415584415584, 0.3952569169960475, 0.34615384615384615, 0.3333333333333333, 0.6964285714285714, 0.411764705882353, 0.5041666666666667, 0.6386473429951691, 0.45893719806763283]
 mean: 0.5564736864088508, std: 0.14652618941529236
--------------------------------------------------
Subject Number: 6
Accuracy Cross: [0.6547619047619048, 0.6428571428571429, 0.7380952380952381, 0.6904761904761905, 0.6666666666666666, 0.6309523809523809, 0.6428571428571429, 0.6071428571428571, 0.5952380952380952, 0.6071428571428571, 0.6666666666666666, 0.7023809523809523, 0.7142857142857143, 0.7142857142857143, 0.7261904761904762]
 mean: 0.6666666666666665, std: 0.044543540318737404
F1 Score: [0.6361463778939507, 0.6111111111111112, 0.7356979405034325, 0.6904761904761905, 0.6421180766889836, 0.6187966622749231, 0.6050156739811913, 0.5689628362618566, 0.5523510971786834, 0.5689628362618566, 0.6313479623824452, 0.6782595373065727, 0.6971153846153846, 0.7061224489795919, 0.7079365079365079]
 mean: 0.6433613762568454, std: 0.055152576202488264
Accuracy Intime: [0.4411764705882353, 0.7058823529411765, 0.7941176470588235, 0.7352941176470589, 0.8125, 0.5588235294117647, 0.7941176470588235, 0.7647058823529411, 0.7647058823529411, 0.75, 0.4411764705882353, 0.7352941176470589, 0.8235294117647058, 0.7352941176470589, 0.75]
 mean: 0.7071078431372548, std: 0.11998043461541406
F1 (Intime): [0.4406926406926407, 0.7058823529411765, 0.793939393939394, 0.7294429708222812, 0.8095238095238095, 0.5255813953488373, 0.793939393939394, 0.7647058823529411, 0.7647058823529411, 0.746031746031746, 0.4406926406926407, 0.7350649350649351, 0.8229166666666667, 0.7294429708222812, 0.746031746031746]
 mean: 0.7032396284815621, std: 0.12250379605570581
--------------------------------------------------
Subject Number: 7
Accuracy Cross: [0.5238095238095238, 0.5, 0.5, 0.4880952380952381, 0.47619047619047616, 0.47619047619047616, 0.4166666666666667, 0.6190476190476191, 0.6309523809523809, 0.40476190476190477, 0.6309523809523809, 0.4523809523809524, 0.4523809523809524, 0.6071428571428571, 0.47619047619047616]
 mean: 0.5103174603174604, std: 0.07362581678291504
F1 Score: [0.3841642228739003, 0.3333333333333333, 0.3333333333333333, 0.3474254742547425, 0.4509803921568627, 0.46122448979591835, 0.4165839829907867, 0.5851851851851853, 0.595086300730835, 0.36899038461538464, 0.5810136765888978, 0.43673469387755104, 0.45207033465683494, 0.5942028985507246, 0.475]
 mean: 0.45435524686295276, std: 0.092263789857128
Accuracy Intime: [0.5882352941176471, 0.5588235294117647, 0.5294117647058824, 0.5882352941176471, 0.90625, 0.5882352941176471, 0.7352941176470589, 0.5588235294117647, 0.5882352941176471, 0.5625, 0.6764705882352942, 0.7058823529411765, 0.5294117647058824, 0.5882352941176471, 0.59375]
 mean: 0.6198529411764706, std: 0.09617139235258973
F1 (Intime): [0.5492424242424242, 0.411764705882353, 0.5142857142857142, 0.5641025641025641, 0.906158357771261, 0.5492424242424242, 0.7294429708222812, 0.5553618134263296, 0.4711111111111111, 0.5607843137254902, 0.6693191865605659, 0.6886446886446886, 0.34615384615384615, 0.5041666666666667, 0.5134502923976608]
 mean: 0.5688820720023586, std: 0.1314287787045065
--------------------------------------------------
Subject Number: 8
Accuracy Cross: [0.7142857142857143, 0.7619047619047619, 0.5714285714285714, 0.6071428571428571, 0.5476190476190477, 0.6428571428571429, 0.5357142857142857, 0.6428571428571429, 0.6785714285714286, 0.6428571428571429, 0.7738095238095238, 0.7619047619047619, 0.75, 0.7976190476190477, 0.7976190476190477]
 mean: 0.6817460317460318, std: 0.08774777753070002
F1 Score: [0.6932440657334145, 0.7584818861414606, 0.475, 0.5354449472096531, 0.43121881682109764, 0.6395881006864989, 0.42394935818533497, 0.6420454545454546, 0.6763236763236764, 0.6420454545454546, 0.7730052624093302, 0.7606837606837606, 0.7456380677721701, 0.7926528241614637, 0.7926528241614637]
 mean: 0.6521316332920154, std: 0.12501667860751545
Accuracy Intime: [0.7647058823529411, 0.9117647058823529, 0.6764705882352942, 0.7647058823529411, 0.75, 0.7941176470588235, 0.6764705882352942, 0.7647058823529411, 0.8823529411764706, 0.8125, 0.8529411764705882, 0.7647058823529411, 0.6764705882352942, 0.7941176470588235, 0.78125]
 mean: 0.7778186274509803, std: 0.06759397782450131
F1 (Intime): [0.7614035087719297, 0.9116883116883117, 0.6693191865605659, 0.7571428571428571, 0.7333333333333334, 0.7895667550839964, 0.6210739614994933, 0.7638888888888888, 0.8823529411764706, 0.8117647058823529, 0.8496905393457117, 0.7614035087719297, 0.6739319965126417, 0.7925021795989537, 0.7810361681329423]
 mean: 0.7706732561593584, std: 0.07529381810404577
--------------------------------------------------
Subject Number: 9
Accuracy Cross: [0.5357142857142857, 0.6547619047619048, 0.5476190476190477, 0.6071428571428571, 0.6666666666666666, 0.44047619047619047, 0.4166666666666667, 0.42857142857142855, 0.42857142857142855, 0.4642857142857143, 0.5238095238095238, 0.47619047619047616, 0.5595238095238095, 0.5238095238095238, 0.5]
 mean: 0.5182539682539683, std: 0.07701275854417905
F1 Score: [0.4625102543068088, 0.654320987654321, 0.5074074074074074, 0.5539823008849558, 0.6466346153846154, 0.4103061986557132, 0.4023522578771599, 0.42035652673950546, 0.386488131466829, 0.4549387166546503, 0.4642857142857143, 0.4296296296296296, 0.4791352438411262, 0.43050847457627117, 0.3333333333333333]
 mean: 0.46907931951320275, std: 0.0869705249114802
Accuracy Intime: [0.5882352941176471, 0.5882352941176471, 0.5588235294117647, 0.5588235294117647, 0.59375, 0.7352941176470589, 0.7352941176470589, 0.6176470588235294, 0.7647058823529411, 0.84375, 0.5588235294117647, 0.6176470588235294, 0.6470588235294118, 0.5588235294117647, 0.5]
 mean: 0.6311274509803921, std: 0.09257521983951891
F1 (Intime): [0.575, 0.5868055555555556, 0.5072463768115942, 0.5072463768115942, 0.5588547189819725, 0.7153488372093023, 0.7332170880557978, 0.5888372093023255, 0.7509157509157509, 0.8423645320197044, 0.411764705882353, 0.5521783181357649, 0.6357142857142857, 0.411764705882353, 0.3333333333333333]
 mean: 0.5807061196407793, std: 0.13474572618470573
--------------------------------------------------
Subject Number: 10
Accuracy Cross: [0.5952380952380952, 0.6071428571428571, 0.7023809523809523, 0.6428571428571429, 0.5833333333333334, 0.6785714285714286, 0.5238095238095238, 0.47619047619047616, 0.7380952380952381, 0.7976190476190477, 0.5119047619047619, 0.5238095238095238, 0.5119047619047619, 0.5, 0.5119047619047619]
 mean: 0.5936507936507937, std: 0.09542310073135961
F1 Score: [0.5709134615384616, 0.5975025410193118, 0.6925779534475187, 0.6395881006864989, 0.5495633522292017, 0.6612397311426438, 0.4951923076923077, 0.3414112615823236, 0.7254901960784313, 0.7926528241614637, 0.5112813963388676, 0.5235394214407261, 0.5118355776045358, 0.4928119608970673, 0.5112813963388676]
 mean: 0.5744587654798818, std: 0.10925966923449625
Accuracy Intime: [0.5588235294117647, 0.7352941176470589, 0.7058823529411765, 0.6764705882352942, 0.5625, 0.5294117647058824, 0.6470588235294118, 0.5294117647058824, 0.7352941176470589, 0.75, 0.8235294117647058, 0.8529411764705882, 0.8823529411764706, 0.7352941176470589, 0.71875]
 mean: 0.696200980392157, std: 0.10914942479862909
F1 (Intime): [0.5072463768115942, 0.7043478260869566, 0.678030303030303, 0.6693191865605659, 0.49090909090909085, 0.34615384615384615, 0.575, 0.34615384615384615, 0.7294429708222812, 0.7490196078431373, 0.8131868131868132, 0.8528138528138528, 0.8823529411764706, 0.7332170880557978, 0.718475073313783]
 mean: 0.6530445881945558, std: 0.16112383000382055
--------------------------------------------------
Subject Number: 11
Accuracy Cross: [0.6666666666666666, 0.5238095238095238, 0.7738095238095238, 0.7976190476190477, 0.7619047619047619, 0.5, 0.42857142857142855, 0.42857142857142855, 0.4523809523809524, 0.4642857142857143, 0.6428571428571429, 0.6666666666666666, 0.6666666666666666, 0.6904761904761905, 0.6904761904761905]
 mean: 0.6103174603174604, std: 0.12654686620949046
F1 Score: [0.6313479623824452, 0.4951923076923077, 0.7711827956989248, 0.7909530083443127, 0.7551020408163265, 0.4699519230769231, 0.4122448979591837, 0.41666666666666663, 0.4445083381253594, 0.44664031620553357, 0.6213942307692308, 0.6571428571428571, 0.6618746405980449, 0.6860264519838988, 0.6816326530612244]
 mean: 0.5961240727015493, std: 0.13080612143931827
Accuracy Intime: [0.5882352941176471, 0.6470588235294118, 0.7647058823529411, 0.7941176470588235, 0.5, 0.8529411764705882, 0.8529411764705882, 0.8529411764705882, 0.7647058823529411, 0.65625, 0.5294117647058824, 0.6764705882352942, 0.7647058823529411, 0.7352941176470589, 0.65625]
 mean: 0.7090686274509802, std: 0.10966007844557882
F1 (Intime): [0.5868055555555556, 0.6458333333333333, 0.7638888888888888, 0.7850045167118338, 0.3333333333333333, 0.8528138528138528, 0.85178727114211, 0.8528138528138528, 0.7614035087719297, 0.6559139784946236, 0.34615384615384615, 0.6386473429951691, 0.7638888888888888, 0.7153488372093023, 0.6476476476476476]
 mean: 0.6800856436502779, std: 0.15642616459555242
--------------------------------------------------
Subject Number: 12
Accuracy Cross: [0.5357142857142857, 0.47619047619047616, 0.4523809523809524, 0.38095238095238093, 0.5119047619047619, 0.47619047619047616, 0.5595238095238095, 0.5714285714285714, 0.5, 0.5119047619047619, 0.5952380952380952, 0.6190476190476191, 0.5238095238095238, 0.42857142857142855, 0.39285714285714285]
 mean: 0.5023809523809524, std: 0.0673715569196959
F1 Score: [0.5351213282247764, 0.35833333333333334, 0.39435736677115985, 0.3806012478729438, 0.3592558139534884, 0.4735042735042735, 0.5594613749114103, 0.5714285714285714, 0.4928119608970673, 0.5112813963388676, 0.5931623931623932, 0.5851851851851853, 0.4887401095556908, 0.3942307692307692, 0.28205128205128205]
 mean: 0.4653017604280808, std: 0.09407045305376113
Accuracy Intime: [0.6470588235294118, 0.6176470588235294, 0.5588235294117647, 0.5882352941176471, 0.71875, 0.6470588235294118, 0.6470588235294118, 0.6470588235294118, 0.5, 0.78125, 0.5294117647058824, 0.5588235294117647, 0.6176470588235294, 0.47058823529411764, 0.625]
 mean: 0.6102941176470588, std: 0.07777277868127272
F1 (Intime): [0.6263736263736264, 0.5729468599033817, 0.5392953929539295, 0.5868055555555556, 0.716256157635468, 0.6263736263736264, 0.5968379446640316, 0.6136363636363636, 0.37916219119226635, 0.7793103448275862, 0.5142857142857142, 0.5392953929539295, 0.6146469049694856, 0.32, 0.5636363636363637]
 mean: 0.5725908292640886, std: 0.10964032911389901
--------------------------------------------------
Subject Number: 13
Accuracy Cross: [0.5357142857142857, 0.6785714285714286, 0.6071428571428571, 0.6309523809523809, 0.6428571428571429, 0.7619047619047619, 0.7619047619047619, 0.6785714285714286, 0.7261904761904762, 0.7023809523809523, 0.8095238095238095, 0.6666666666666666, 0.6785714285714286, 0.7142857142857143, 0.6785714285714286]
 mean: 0.6849206349206349, std: 0.06518574348692402
F1 Score: [0.4822190611664296, 0.6571428571428571, 0.6043956043956044, 0.6110530246452577, 0.6213942307692308, 0.7619047619047619, 0.7584818861414606, 0.6763236763236764, 0.7214131218457102, 0.6925779534475187, 0.8090909090909091, 0.6618746405980449, 0.6781609195402298, 0.7142857142857143, 0.6781609195402298]
 mean: 0.6752319520558423, std: 0.07577726583698957
Accuracy Intime: [0.6764705882352942, 0.7352941176470589, 0.7352941176470589, 0.8529411764705882, 0.8125, 0.8529411764705882, 0.8235294117647058, 0.6176470588235294, 0.8529411764705882, 0.78125, 0.7941176470588235, 0.6470588235294118, 0.7352941176470589, 0.8529411764705882, 0.625]
 mean: 0.7596813725490197, std: 0.08287014439695493
F1 (Intime): [0.6739319965126417, 0.7332170880557978, 0.7294429708222812, 0.8528138528138528, 0.8095238095238095, 0.85178727114211, 0.8229166666666667, 0.6091954022988506, 0.8528138528138528, 0.7793103448275862, 0.793939393939394, 0.6470588235294118, 0.7332170880557978, 0.8528138528138528, 0.6235294117647059]
 mean: 0.7577007883720407, std: 0.08407249545148093
--------------------------------------------------
Subject Number: 14
Accuracy Cross: [0.6428571428571429, 0.6190476190476191, 0.5714285714285714, 0.6309523809523809, 0.6428571428571429, 0.4880952380952381, 0.6785714285714286, 0.7261904761904762, 0.6666666666666666, 0.75, 0.6309523809523809, 0.5476190476190477, 0.5476190476190477, 0.5, 0.6666666666666666]
 mean: 0.6206349206349205, std: 0.07388202617610812
F1 Score: [0.5982142857142857, 0.6188315371525808, 0.5508021390374331, 0.6283716283716283, 0.6354166666666667, 0.39467068878833583, 0.6679841897233202, 0.7258407833120477, 0.664957264957265, 0.7496807151979565, 0.6245133381398702, 0.48148148148148145, 0.5204326923076923, 0.35337243401759527, 0.6618746405980449]
 mean: 0.591762965697747, std: 0.10914625421855795
Accuracy Intime: [0.6176470588235294, 0.5588235294117647, 0.7941176470588235, 0.8823529411764706, 0.71875, 0.6176470588235294, 0.5, 0.7647058823529411, 0.7941176470588235, 0.625, 0.5294117647058824, 0.5588235294117647, 0.6764705882352942, 0.6176470588235294, 0.84375]
 mean: 0.6732843137254901, std: 0.1157445485084263
F1 (Intime): [0.6007226738934056, 0.5584415584415584, 0.793939393939394, 0.880701754385965, 0.694591728525981, 0.6007226738934056, 0.3333333333333333, 0.7638888888888888, 0.7850045167118338, 0.6, 0.39555555555555555, 0.5255813953488373, 0.6693191865605659, 0.6007226738934056, 0.8435972629521017]
 mean: 0.6430748397549487, std: 0.15120149647030848
--------------------------------------------------
**************************************************
accuracy_cross_list: [0.5984126984126984, 0.8246031746031747, 0.5468253968253968, 0.6849206349206349, 0.5198412698412699, 0.6666666666666665, 0.5103174603174604, 0.6817460317460318, 0.5182539682539683, 0.5936507936507937, 0.6103174603174604, 0.5023809523809524, 0.6849206349206349, 0.6206349206349205]
f1_score_list: [0.5285958876019398, 0.8223075407316313, 0.5072596303152141, 0.6787517217064719, 0.4974345447451045, 0.6433613762568454, 0.45435524686295276, 0.6521316332920154, 0.46907931951320275, 0.5744587654798818, 0.5961240727015493, 0.4653017604280808, 0.6752319520558423, 0.591762965697747]
accuracy_intime_list: [0.6151960784313726, 0.8776960784313725, 0.6109068627450981, 0.7535539215686273, 0.613970588235294, 0.7071078431372548, 0.6198529411764706, 0.7778186274509803, 0.6311274509803921, 0.696200980392157, 0.7090686274509802, 0.6102941176470588, 0.7596813725490197, 0.6732843137254901]
f1_score_intime_list: [0.5395564877369207, 0.875926633067916, 0.5543605513981051, 0.7481426207272143, 0.5564736864088508, 0.7032396284815621, 0.5688820720023586, 0.7706732561593584, 0.5807061196407793, 0.6530445881945558, 0.6800856436502779, 0.5725908292640886, 0.7577007883720407, 0.6430748397549487]
**************************************************
ACC: 61.17±8.79
F1: 58.26±10.11
Intime: 68.97±7.80
F1 (Intime): 65.75±9.90
