1e-03
Subject Number: 1
Accuracy Cross: [0.18095238095238095, 0.2, 0.20952380952380953, 0.18095238095238095, 0.19047619047619047, 0.22857142857142856, 0.19523809523809524, 0.19047619047619047, 0.2, 0.2, 0.24761904761904763, 0.19523809523809524, 0.22380952380952382, 0.2523809523809524, 0.22380952380952382]
 mean: 0.20793650793650795, std: 0.02169441214383478
F1 Score: [0.14014186871329729, 0.11399577167019026, 0.1564213564213564, 0.10402523161837177, 0.1567824659929923, 0.1681915085817525, 0.15423104237355006, 0.14102405857951433, 0.17733635715674204, 0.12995059076262083, 0.18030750463268375, 0.09446477558430551, 0.1279030303030303, 0.18242089481575002, 0.15676399336988397]
 mean: 0.1455973633717361, std: 0.026419888478663688
Accuracy Intime: [0.38095238095238093, 0.2261904761904762, 0.2976190476190476, 0.2619047619047619, 0.27380952380952384, 0.27380952380952384, 0.20238095238095238, 0.30952380952380953, 0.2619047619047619, 0.2261904761904762, 0.2976190476190476, 0.2261904761904762, 0.2619047619047619, 0.23809523809523808, 0.2619047619047619]
 mean: 0.26666666666666666, std: 0.04232473532055042
F1 (Intime): [0.3206073206073206, 0.13185322232500768, 0.23782531194295897, 0.2032592592592593, 0.16846183649748162, 0.2649639443878238, 0.11836228287841191, 0.24478114478114477, 0.17761904761904762, 0.11978835978835978, 0.2259928603302097, 0.0937799043062201, 0.16289173060528558, 0.13934837092731828, 0.16312008210742387]
 mean: 0.18484364522421823, std: 0.061307814199963354
--------------------------------------------------
Subject Number: 2
Accuracy Cross: [0.37142857142857144, 0.38095238095238093, 0.3952380952380952, 0.35714285714285715, 0.3761904761904762, 0.3476190476190476, 0.3904761904761905, 0.41904761904761906, 0.38095238095238093, 0.3333333333333333, 0.26666666666666666, 0.28095238095238095, 0.2761904761904762, 0.30952380952380953, 0.3238095238095238]
 mean: 0.3473015873015873, std: 0.04562380817082307
F1 Score: [0.3105215106178961, 0.30952379486954035, 0.3399152347417103, 0.3098973783930567, 0.30152054964352, 0.3013531656470262, 0.28378526686338457, 0.3839286733819991, 0.3448494465667548, 0.2835946876525087, 0.2229142726890138, 0.23366502888808993, 0.22052437052437054, 0.2552958645030256, 0.28703406889551786]
 mean: 0.29255488759182763, std: 0.04433081848237315
Accuracy Intime: [0.38095238095238093, 0.4523809523809524, 0.42857142857142855, 0.44047619047619047, 0.44047619047619047, 0.34523809523809523, 0.40476190476190477, 0.38095238095238093, 0.44047619047619047, 0.30952380952380953, 0.40476190476190477, 0.42857142857142855, 0.4523809523809524, 0.4166666666666667, 0.35714285714285715]
 mean: 0.4055555555555556, std: 0.04134608342105113
F1 (Intime): [0.33759790345156204, 0.41108080808080805, 0.37428578778324106, 0.40790706147864153, 0.4175705541382325, 0.30017756255044387, 0.33360010670935036, 0.35509248423948964, 0.34013605442176875, 0.23902705268153773, 0.3335287299221726, 0.3160564225690276, 0.4308341923188158, 0.31559290382819793, 0.29935042735042733]
 mean: 0.34745587010158113, std: 0.051116022369757
--------------------------------------------------
Subject Number: 3
Accuracy Cross: [0.2714285714285714, 0.2523809523809524, 0.2571428571428571, 0.18571428571428572, 0.21428571428571427, 0.2619047619047619, 0.18095238095238095, 0.20952380952380953, 0.2, 0.21428571428571427, 0.23809523809523808, 0.22380952380952382, 0.20476190476190476, 0.24285714285714285, 0.2]
 mean: 0.22380952380952385, std: 0.027547800825290965
F1 Score: [0.23452824013319154, 0.23506095706095706, 0.23563340328579999, 0.13804231389592256, 0.12247474747474747, 0.18351889112452494, 0.11812376639962845, 0.1404696815615552, 0.17678768943474826, 0.15709966961060334, 0.19232178978266487, 0.18113852741767145, 0.1645247426676429, 0.19552775567227262, 0.1819216314552233]
 mean: 0.17714492046514357, std: 0.037079459423664925
Accuracy Intime: [0.27380952380952384, 0.2857142857142857, 0.25, 0.2857142857142857, 0.25, 0.23809523809523808, 0.34523809523809523, 0.25, 0.23809523809523808, 0.23809523809523808, 0.32142857142857145, 0.35714285714285715, 0.36904761904761907, 0.32142857142857145, 0.30952380952380953]
 mean: 0.2888888888888889, std: 0.044217105641854354
F1 (Intime): [0.21814529803052038, 0.28649981731823165, 0.2395223167636961, 0.21453246349798075, 0.20794214990960924, 0.17994979782835854, 0.2681418109547062, 0.14178743961352658, 0.13386018237082067, 0.13490196078431374, 0.31384719089471363, 0.32395993995684397, 0.3049644225506295, 0.30605960483014655, 0.2418337692531241]
 mean: 0.2343965443038148, std: 0.06392216782696651
--------------------------------------------------
Subject Number: 4
Accuracy Cross: [0.2523809523809524, 0.2523809523809524, 0.3, 0.23333333333333334, 0.2857142857142857, 0.23809523809523808, 0.3047619047619048, 0.3761904761904762, 0.3, 0.22857142857142856, 0.2523809523809524, 0.22380952380952382, 0.23333333333333334, 0.24285714285714285, 0.19523809523809524]
 mean: 0.26126984126984126, std: 0.04336094242276539
F1 Score: [0.22454289006013148, 0.2395994673668203, 0.2499003013875382, 0.17240698402222904, 0.24067760562497567, 0.22208053161911145, 0.2956885965488116, 0.3302527173745507, 0.2904230640505376, 0.18902258644296024, 0.22388396579945877, 0.1654638067004329, 0.2107866553057613, 0.21324791952960967, 0.14823306055858398]
 mean: 0.22774734349276754, std: 0.04842117794049452
Accuracy Intime: [0.32142857142857145, 0.30952380952380953, 0.2976190476190476, 0.30952380952380953, 0.30952380952380953, 0.17857142857142858, 0.2976190476190476, 0.34523809523809523, 0.27380952380952384, 0.2976190476190476, 0.2976190476190476, 0.2619047619047619, 0.2857142857142857, 0.35714285714285715, 0.32142857142857145]
 mean: 0.29761904761904756, std: 0.03960309507896714
F1 (Intime): [0.2661549279268721, 0.2198136645962733, 0.25252831086304595, 0.23594698377307072, 0.27769777448937866, 0.09880952380952382, 0.24325396825396828, 0.2889887865620929, 0.2230270090897269, 0.19045454545454543, 0.20726600985221677, 0.17243724696356275, 0.16532857567647935, 0.30227664399092974, 0.2698292902066487]
 mean: 0.2275875507672224, std: 0.052563197200865615
--------------------------------------------------
Subject Number: 5
Accuracy Cross: [0.22380952380952382, 0.20476190476190476, 0.18095238095238095, 0.20476190476190476, 0.21904761904761905, 0.2523809523809524, 0.21904761904761905, 0.23809523809523808, 0.22380952380952382, 0.20952380952380953, 0.2904761904761905, 0.2619047619047619, 0.21428571428571427, 0.2904761904761905, 0.28095238095238095]
 mean: 0.2342857142857143, std: 0.032539295390650834
F1 Score: [0.1912498409931135, 0.1711762230144583, 0.12467407891868325, 0.17914667375967686, 0.19271628287663717, 0.22108074673864148, 0.21339880189274227, 0.20625790743829597, 0.20540198120279932, 0.19372389836743298, 0.2705011595023785, 0.23784485890781557, 0.2097495272480284, 0.23175927716920836, 0.27200886804082935]
 mean: 0.20804600840471607, std: 0.03607538097323629
Accuracy Intime: [0.35714285714285715, 0.23809523809523808, 0.27380952380952384, 0.3333333333333333, 0.2857142857142857, 0.2619047619047619, 0.23809523809523808, 0.23809523809523808, 0.27380952380952384, 0.2619047619047619, 0.27380952380952384, 0.25, 0.30952380952380953, 0.25, 0.30952380952380953]
 mean: 0.27698412698412694, std: 0.03490259274173972
F1 (Intime): [0.30106910039113427, 0.1253787878787879, 0.18494117647058825, 0.3337570536960781, 0.26308537639806995, 0.20080055210489994, 0.17420120349182136, 0.19854539095459808, 0.19971232876712328, 0.25047983205877944, 0.2192270531400966, 0.17039001866588074, 0.1724848484848485, 0.22362170669293704, 0.23546448087431698]
 mean: 0.2168772606713307, std: 0.05205381904861838
--------------------------------------------------
Subject Number: 6
Accuracy Cross: [0.3380952380952381, 0.20952380952380953, 0.2619047619047619, 0.28095238095238095, 0.2857142857142857, 0.26666666666666666, 0.26666666666666666, 0.2523809523809524, 0.2714285714285714, 0.28095238095238095, 0.23333333333333334, 0.3047619047619048, 0.23809523809523808, 0.3047619047619048, 0.2714285714285714]
 mean: 0.2711111111111111, std: 0.030489415120109137
F1 Score: [0.33738121240278274, 0.1753501400560224, 0.24367306809988856, 0.280741386222032, 0.2768727292091778, 0.20521461292269588, 0.21577202672057322, 0.18759544236037135, 0.2278206097253716, 0.23996908583087279, 0.2223845935425917, 0.2929004329004329, 0.22800330325526294, 0.27228785532679545, 0.2420048550483333]
 mean: 0.24319809024154698, std: 0.04125775601716151
Accuracy Intime: [0.2857142857142857, 0.23809523809523808, 0.2619047619047619, 0.39285714285714285, 0.39285714285714285, 0.2261904761904762, 0.2857142857142857, 0.2857142857142857, 0.30952380952380953, 0.2619047619047619, 0.2619047619047619, 0.40476190476190477, 0.2857142857142857, 0.36904761904761907, 0.32142857142857145]
 mean: 0.30555555555555547, std: 0.05628769278253062
F1 (Intime): [0.22654653590871804, 0.16496544391281234, 0.16610549943883277, 0.35507311117067214, 0.3332148702361469, 0.17470707070707073, 0.24212765957446805, 0.239916411008848, 0.18584298584298584, 0.19228525322740814, 0.2377401837928154, 0.33152563369544497, 0.22804878048780486, 0.26722027972027973, 0.2108225108225108]
 mean: 0.2370761486364546, std: 0.05925577675657446
--------------------------------------------------
Subject Number: 7
Accuracy Cross: [0.11904761904761904, 0.14761904761904762, 0.20476190476190476, 0.14285714285714285, 0.1523809523809524, 0.23333333333333334, 0.18095238095238095, 0.17142857142857143, 0.20476190476190476, 0.1523809523809524, 0.24761904761904763, 0.24761904761904763, 0.20952380952380953, 0.2571428571428571, 0.17142857142857143]
 mean: 0.18952380952380954, std: 0.04202723804531187
F1 Score: [0.10724315888633243, 0.1311821103232146, 0.1024786324786325, 0.11430151221636557, 0.14185801414865842, 0.195161797214412, 0.15556724017997686, 0.11767468151824019, 0.17597429180096885, 0.13871379764583647, 0.1958201058201058, 0.19371794871794873, 0.18105558307238978, 0.24022279449107078, 0.1622769567597154]
 mean: 0.15688324168492457, std: 0.03851765545105585
Accuracy Intime: [0.23809523809523808, 0.21428571428571427, 0.2857142857142857, 0.2857142857142857, 0.4523809523809524, 0.25, 0.2976190476190476, 0.2976190476190476, 0.2976190476190476, 0.20238095238095238, 0.2976190476190476, 0.2857142857142857, 0.23809523809523808, 0.42857142857142855, 0.2619047619047619]
 mean: 0.28888888888888886, std: 0.06684594187062083
F1 (Intime): [0.17508305647840533, 0.17593424238562508, 0.20276854928017718, 0.26032952616144467, 0.3577106809326489, 0.20051612903225807, 0.28792353643966545, 0.2749191919191919, 0.25164902336695283, 0.1345563847429519, 0.21591027647365674, 0.23546924351877913, 0.1858707010131298, 0.4034627152296325, 0.20556320089011212]
 mean: 0.2378444305243088, std: 0.06912309391523133
--------------------------------------------------
Subject Number: 8
Accuracy Cross: [0.28095238095238095, 0.23809523809523808, 0.2523809523809524, 0.2714285714285714, 0.2714285714285714, 0.2571428571428571, 0.2761904761904762, 0.2523809523809524, 0.26666666666666666, 0.2714285714285714, 0.30952380952380953, 0.29523809523809524, 0.28095238095238095, 0.32857142857142857, 0.3047619047619048]
 mean: 0.2771428571428571, std: 0.023341430405907054
F1 Score: [0.19844354616892454, 0.16808651912071967, 0.1686738658365692, 0.19069316351925045, 0.18826865581327548, 0.23790048492515287, 0.25443557291971136, 0.1961253083833729, 0.23230069518086488, 0.2347945806867501, 0.27736426257092617, 0.2604413916295104, 0.22634245721025498, 0.2982019399803419, 0.26132468152812677]
 mean: 0.22622647503158344, std: 0.03856974995047572
Accuracy Intime: [0.2857142857142857, 0.27380952380952384, 0.27380952380952384, 0.2857142857142857, 0.3333333333333333, 0.3333333333333333, 0.3333333333333333, 0.32142857142857145, 0.35714285714285715, 0.2857142857142857, 0.4642857142857143, 0.36904761904761907, 0.36904761904761907, 0.4166666666666667, 0.3333333333333333]
 mean: 0.33571428571428574, std: 0.05238095238095239
F1 (Intime): [0.21340232435331155, 0.2273383395911556, 0.18599439775910362, 0.1956502384737679, 0.22297604035308952, 0.23279106858054224, 0.3166700682829715, 0.29859852940164944, 0.2936941319550015, 0.2132275132275132, 0.4542071374004147, 0.3223009664058905, 0.25715029503644565, 0.3656939906939908, 0.29253047194351545]
 mean: 0.27281503423055753, std: 0.070409880600437
--------------------------------------------------
Subject Number: 9
Accuracy Cross: [0.20476190476190476, 0.23333333333333334, 0.20952380952380953, 0.21428571428571427, 0.2, 0.16666666666666666, 0.24285714285714285, 0.19047619047619047, 0.23333333333333334, 0.19523809523809524, 0.19523809523809524, 0.19047619047619047, 0.20952380952380953, 0.23809523809523808, 0.2523809523809524]
 mean: 0.21174603174603177, std: 0.022993420904421358
F1 Score: [0.12156767022486292, 0.133469843633656, 0.11796746942378009, 0.12353412083016431, 0.14279235928842227, 0.13346394249620055, 0.22281908246107568, 0.15519948932932334, 0.21683331795192604, 0.11907134472414242, 0.1620634052341094, 0.1859675615997455, 0.1704824521885017, 0.22359223832142655, 0.18778227165487021]
 mean: 0.16110710462414712, std: 0.03718244312000806
Accuracy Intime: [0.25, 0.2261904761904762, 0.23809523809523808, 0.2976190476190476, 0.2261904761904762, 0.2857142857142857, 0.30952380952380953, 0.30952380952380953, 0.39285714285714285, 0.36904761904761907, 0.21428571428571427, 0.27380952380952384, 0.25, 0.2619047619047619, 0.19047619047619047]
 mean: 0.273015873015873, std: 0.05420117802845674
F1 (Intime): [0.19522814350400558, 0.16527463424015149, 0.10978260869565218, 0.2038095238095238, 0.13043478260869565, 0.28367753135194995, 0.24283279731240084, 0.24536087693982428, 0.2732207792207792, 0.26084282772820866, 0.07058823529411765, 0.1946801346801347, 0.23839926421042792, 0.2626521907356822, 0.064]
 mean: 0.19605228868877025, std: 0.07052975275116498
--------------------------------------------------
Subject Number: 10
Accuracy Cross: [0.21428571428571427, 0.24285714285714285, 0.20476190476190476, 0.23809523809523808, 0.22857142857142856, 0.3142857142857143, 0.3142857142857143, 0.18571428571428572, 0.2857142857142857, 0.2571428571428571, 0.24285714285714285, 0.22380952380952382, 0.22857142857142856, 0.18095238095238095, 0.22380952380952382]
 mean: 0.23904761904761904, std: 0.038771770516246404
F1 Score: [0.18933513133208255, 0.22075822138764503, 0.1806302784300231, 0.23532427324996985, 0.23150135986362005, 0.2594524670902624, 0.23416061570259172, 0.09870967741935484, 0.1980751149631605, 0.13803531775404462, 0.19048970852327668, 0.16629837953662782, 0.20687928612740641, 0.15322052419168566, 0.20118967795046108]
 mean: 0.19360400223481414, std: 0.04067287511705122
Accuracy Intime: [0.25, 0.38095238095238093, 0.35714285714285715, 0.2619047619047619, 0.2857142857142857, 0.25, 0.4166666666666667, 0.23809523809523808, 0.2857142857142857, 0.2619047619047619, 0.36904761904761907, 0.35714285714285715, 0.39285714285714285, 0.35714285714285715, 0.2619047619047619]
 mean: 0.31507936507936507, std: 0.059740346877964486
F1 (Intime): [0.16265904450796245, 0.29851841611533525, 0.3054812834224599, 0.18926661573720396, 0.17705802968960863, 0.14819047619047618, 0.35133115808388893, 0.11483253588516747, 0.22453159041394338, 0.19678430389268478, 0.2900611256648408, 0.2475739163299125, 0.35505285412262155, 0.27307718233906303, 0.18073528574411146]
 mean: 0.23434358787595203, std: 0.07245867489555478
--------------------------------------------------
Subject Number: 11
Accuracy Cross: [0.29523809523809524, 0.2523809523809524, 0.3, 0.2857142857142857, 0.2619047619047619, 0.20952380952380953, 0.22857142857142856, 0.18095238095238095, 0.21428571428571427, 0.22380952380952382, 0.2857142857142857, 0.2523809523809524, 0.2523809523809524, 0.2523809523809524, 0.24761904761904763]
 mean: 0.24952380952380954, std: 0.032752305718168714
F1 Score: [0.2714878153861205, 0.15527591973244145, 0.2516915254906168, 0.2415337592200295, 0.2255266117641112, 0.18539437169779333, 0.2063134694046335, 0.14137658927287106, 0.2059951211375531, 0.21650411631608013, 0.26721368916677884, 0.20973835888540177, 0.18673810609515124, 0.240956621745762, 0.19422513053956353]
 mean: 0.2133314137236605, std: 0.03650655689636873
Accuracy Intime: [0.2619047619047619, 0.2619047619047619, 0.32142857142857145, 0.32142857142857145, 0.2857142857142857, 0.35714285714285715, 0.40476190476190477, 0.3333333333333333, 0.34523809523809523, 0.2857142857142857, 0.40476190476190477, 0.34523809523809523, 0.27380952380952384, 0.3333333333333333, 0.2857142857142857]
 mean: 0.3214285714285714, std: 0.04454354031873739
F1 (Intime): [0.23384256984256985, 0.19003063213589527, 0.27095716035270645, 0.25999202551834133, 0.2253065774804905, 0.2954172454596903, 0.36506376197992463, 0.30736318896028514, 0.3033862433862434, 0.21828920757492187, 0.3679922287030301, 0.32522796352583583, 0.2066944013921745, 0.3157710625004793, 0.21486486486486486]
 mean: 0.2733466089118302, std: 0.05555533442943348
--------------------------------------------------
Subject Number: 12
Accuracy Cross: [0.19523809523809524, 0.20476190476190476, 0.19047619047619047, 0.22857142857142856, 0.2619047619047619, 0.2857142857142857, 0.24285714285714285, 0.22857142857142856, 0.22857142857142856, 0.20952380952380953, 0.18095238095238095, 0.1619047619047619, 0.18095238095238095, 0.20952380952380953, 0.18571428571428572]
 mean: 0.21301587301587296, std: 0.03227183607073148
F1 Score: [0.12551095389084216, 0.11014354066985646, 0.13137785764200857, 0.1574120015697248, 0.2263088303671935, 0.28027951027951026, 0.23722624941095397, 0.22281123183562207, 0.20287047605859487, 0.1832589979899116, 0.11841388317789499, 0.1315645680947405, 0.1461403078733209, 0.16395638592187728, 0.14474127082707783]
 mean: 0.172134404373942, std: 0.0492767731368587
Accuracy Intime: [0.2261904761904762, 0.34523809523809523, 0.34523809523809523, 0.23809523809523808, 0.2857142857142857, 0.32142857142857145, 0.35714285714285715, 0.2619047619047619, 0.21428571428571427, 0.34523809523809523, 0.30952380952380953, 0.2857142857142857, 0.23809523809523808, 0.20238095238095238, 0.27380952380952384]
 mean: 0.2833333333333333, std: 0.050545026438383045
F1 (Intime): [0.15165604151223128, 0.3038169066076043, 0.2795196547518529, 0.20772196972093626, 0.2506060606060606, 0.2889497349985155, 0.3432080200501253, 0.18821445221445224, 0.1787826420890937, 0.3282302140521868, 0.2742857142857143, 0.18682748948106592, 0.19769581002457715, 0.16712842712842713, 0.2116844907299304]
 mean: 0.23722184188351828, std: 0.059801894212309394
--------------------------------------------------
Subject Number: 13
Accuracy Cross: [0.2571428571428571, 0.2619047619047619, 0.2523809523809524, 0.2619047619047619, 0.24285714285714285, 0.3, 0.29523809523809524, 0.2714285714285714, 0.2857142857142857, 0.24285714285714285, 0.2714285714285714, 0.2714285714285714, 0.2761904761904762, 0.319047619047619, 0.2523809523809524]
 mean: 0.27079365079365075, std: 0.021000425915607905
F1 Score: [0.2422673987020337, 0.22375663662864803, 0.2018380884299978, 0.24272569013090234, 0.23332507808022643, 0.2604499153020892, 0.2733905328106648, 0.22645937202352323, 0.22971934705042263, 0.19943416596804142, 0.18275234232657467, 0.19605957389968612, 0.1882074074074074, 0.2758370340005921, 0.1728590950231598]
 mean: 0.22327211185226464, std: 0.03133735359467137
Accuracy Intime: [0.35714285714285715, 0.34523809523809523, 0.27380952380952384, 0.30952380952380953, 0.36904761904761907, 0.32142857142857145, 0.32142857142857145, 0.2976190476190476, 0.34523809523809523, 0.3333333333333333, 0.2976190476190476, 0.30952380952380953, 0.2976190476190476, 0.34523809523809523, 0.2619047619047619]
 mean: 0.31904761904761897, std: 0.02954684201426394
F1 (Intime): [0.2806216931216931, 0.2911118529233584, 0.1643939393939394, 0.2147826086956522, 0.3306400409626216, 0.3134075936401518, 0.2932538725642174, 0.2595865932579929, 0.2802836879432624, 0.2633529261436238, 0.23706548710756287, 0.228376166674039, 0.2414671347831633, 0.25594405594405595, 0.18069333613787847]
 mean: 0.2556653992862142, std: 0.044604239257414836
--------------------------------------------------
Subject Number: 14
Accuracy Cross: [0.24761904761904763, 0.2714285714285714, 0.19523809523809524, 0.319047619047619, 0.28095238095238095, 0.2523809523809524, 0.21428571428571427, 0.26666666666666666, 0.2571428571428571, 0.2619047619047619, 0.19047619047619047, 0.23333333333333334, 0.21428571428571427, 0.23333333333333334, 0.20952380952380953]
 mean: 0.2431746031746032, std: 0.033916293146379235
F1 Score: [0.22590346678027035, 0.24077595252383607, 0.1605825427490866, 0.30001289375797907, 0.25295918539085405, 0.222839488497385, 0.18582557978505845, 0.2149212795764428, 0.2139155201487246, 0.22666631168255913, 0.18248931519334313, 0.1750930112248014, 0.17236010239465083, 0.1977658299095928, 0.17739345756565839]
 mean: 0.20996692914534953, std: 0.03583433287950875
Accuracy Intime: [0.2857142857142857, 0.25, 0.25, 0.3333333333333333, 0.32142857142857145, 0.25, 0.25, 0.21428571428571427, 0.30952380952380953, 0.27380952380952384, 0.30952380952380953, 0.2261904761904762, 0.23809523809523808, 0.3333333333333333, 0.23809523809523808]
 mean: 0.2722222222222222, std: 0.03884837539847752
F1 (Intime): [0.23432975706005674, 0.14313725490196078, 0.19870967741935483, 0.2546553598608393, 0.32064119455423806, 0.1562762762762763, 0.23700741483623738, 0.14793650793650795, 0.2124750957854406, 0.20980493837009853, 0.2199400941377835, 0.17083504730563553, 0.17303291674001056, 0.28700824938855035, 0.14451612903225808]
 mean: 0.20735372757368328, std: 0.051647472402663604
--------------------------------------------------
**************************************************
accuracy_cross_list: [0.20793650793650795, 0.3473015873015873, 0.22380952380952385, 0.26126984126984126, 0.2342857142857143, 0.2711111111111111, 0.18952380952380954, 0.2771428571428571, 0.21174603174603177, 0.23904761904761904, 0.24952380952380954, 0.21301587301587296, 0.27079365079365075, 0.2431746031746032]
f1_score_list: [0.1455973633717361, 0.29255488759182763, 0.17714492046514357, 0.22774734349276754, 0.20804600840471607, 0.24319809024154698, 0.15688324168492457, 0.22622647503158344, 0.16110710462414712, 0.19360400223481414, 0.2133314137236605, 0.172134404373942, 0.22327211185226464, 0.20996692914534953]
accuracy_intime_list: [0.26666666666666666, 0.4055555555555556, 0.2888888888888889, 0.29761904761904756, 0.27698412698412694, 0.30555555555555547, 0.28888888888888886, 0.33571428571428574, 0.273015873015873, 0.31507936507936507, 0.3214285714285714, 0.2833333333333333, 0.31904761904761897, 0.2722222222222222]
f1_score_intime_list: [0.18484364522421823, 0.34745587010158113, 0.2343965443038148, 0.2275875507672224, 0.2168772606713307, 0.2370761486364546, 0.2378444305243088, 0.27281503423055753, 0.19605228868877025, 0.23434358787595203, 0.2733466089118302, 0.23722184188351828, 0.2556653992862142, 0.20735372757368328]
**************************************************
ACC: 24.57±3.81
F1: 20.36±3.80
Intime: 30.36±3.48
F1 (Intime): 24.02±3.85
