1e-06
Subject Number: 1
Accuracy Cross: [0.625, 0.625, 0.625, 0.625, 0.625, 0.625, 0.625, 0.625, 0.625, 0.625, 0.625, 0.625, 0.625, 0.75, 0.625]
 mean: 0.6333333333333333, std: 0.031180478223116176
F1 Score: [0.38461538461538464, 0.38461538461538464, 0.38461538461538464, 0.38461538461538464, 0.38461538461538464, 0.38461538461538464, 0.38461538461538464, 0.38461538461538464, 0.38461538461538464, 0.38461538461538464, 0.38461538461538464, 0.38461538461538464, 0.38461538461538464, 0.6666666666666667, 0.5636363636363637]
 mean: 0.4153535353535354, std: 0.08059318745997603
Accuracy Intime: [0.6666666666666666, 0.6666666666666666, 0.6666666666666666, 0.6666666666666666, 0.6666666666666666, 0.6666666666666666, 0.6666666666666666, 0.6666666666666666, 0.6666666666666666, 0.6666666666666666, 0.6666666666666666, 0.6666666666666666, 0.6666666666666666, 0.6666666666666666, 0.6666666666666666]
 mean: 0.6666666666666665, std: 1.1102230246251565e-16
F1 (Intime): [0.4, 0.4, 0.4, 0.4, 0.4, 0.4, 0.4, 0.4, 0.4, 0.4, 0.4, 0.4, 0.4, 0.4, 0.4]
 mean: 0.40000000000000013, std: 1.1102230246251565e-16
--------------------------------------------------
Subject Number: 2
Accuracy Cross: [0.625, 0.625, 0.625, 0.625, 0.5, 0.625, 0.625, 0.625, 0.625, 0.625, 0.625, 0.625, 0.625, 0.625, 0.625]
 mean: 0.6166666666666667, std: 0.031180478223116172
F1 Score: [0.5636363636363637, 0.38461538461538464, 0.38461538461538464, 0.38461538461538464, 0.3333333333333333, 0.38461538461538464, 0.38461538461538464, 0.38461538461538464, 0.38461538461538464, 0.38461538461538464, 0.38461538461538464, 0.38461538461538464, 0.38461538461538464, 0.38461538461538464, 0.38461538461538464]
 mean: 0.3931313131313133, std: 0.047321978076434845
Accuracy Intime: [0.6666666666666666, 0.6666666666666666, 0.6666666666666666, 0.6666666666666666, 0.6666666666666666, 0.6666666666666666, 0.6666666666666666, 0.6666666666666666, 0.6666666666666666, 0.6666666666666666, 0.6666666666666666, 0.6666666666666666, 0.6666666666666666, 0.6666666666666666, 0.6666666666666666]
 mean: 0.6666666666666665, std: 1.1102230246251565e-16
F1 (Intime): [0.4, 0.4, 0.4, 0.4, 0.4, 0.4, 0.4, 0.4, 0.4, 0.4, 0.4, 0.4, 0.4, 0.4, 0.4]
 mean: 0.40000000000000013, std: 1.1102230246251565e-16
--------------------------------------------------
Subject Number: 3
Accuracy Cross: [0.625, 0.625, 0.625, 0.625, 0.625, 0.625, 0.375, 0.625, 0.625, 0.625, 0.625, 0.625, 0.625, 0.625, 0.625]
 mean: 0.6083333333333333, std: 0.06236095644623236
F1 Score: [0.38461538461538464, 0.38461538461538464, 0.38461538461538464, 0.38461538461538464, 0.38461538461538464, 0.38461538461538464, 0.2727272727272727, 0.38461538461538464, 0.38461538461538464, 0.38461538461538464, 0.38461538461538464, 0.38461538461538464, 0.38461538461538464, 0.38461538461538464, 0.38461538461538464]
 mean: 0.3771561771561773, std: 0.027909798689222887
Accuracy Intime: [0.6666666666666666, 0.6666666666666666, 0.6666666666666666, 0.6666666666666666, 0.6666666666666666, 0.6666666666666666, 0.6666666666666666, 0.6666666666666666, 0.6666666666666666, 0.6666666666666666, 0.6666666666666666, 0.6666666666666666, 0.6666666666666666, 0.6666666666666666, 0.6666666666666666]
 mean: 0.6666666666666665, std: 1.1102230246251565e-16
F1 (Intime): [0.4, 0.4, 0.4, 0.4, 0.4, 0.4, 0.6666666666666666, 0.4, 0.4, 0.4, 0.4, 0.4, 0.4, 0.4, 0.4]
 mean: 0.4177777777777779, std: 0.06651835354264783
--------------------------------------------------
Subject Number: 4
Accuracy Cross: [0.625, 0.625, 0.625, 0.625, 0.625, 0.5, 0.625, 0.625, 0.875, 0.625, 0.625, 0.625, 0.875, 0.625, 0.625]
 mean: 0.65, std: 0.09354143466934854
F1 Score: [0.38461538461538464, 0.38461538461538464, 0.38461538461538464, 0.38461538461538464, 0.38461538461538464, 0.3333333333333333, 0.38461538461538464, 0.38461538461538464, 0.8545454545454545, 0.38461538461538464, 0.38461538461538464, 0.38461538461538464, 0.8545454545454545, 0.38461538461538464, 0.38461538461538464]
 mean: 0.44385392385392397, std: 0.16158801978404141
Accuracy Intime: [0.6666666666666666, 0.6666666666666666, 0.6666666666666666, 0.6666666666666666, 0.6666666666666666, 0.6666666666666666, 0.6666666666666666, 0.6666666666666666, 0.6666666666666666, 0.6666666666666666, 0.6666666666666666, 0.6666666666666666, 1.0, 0.6666666666666666, 0.6666666666666666]
 mean: 0.6888888888888888, std: 0.08314794192830982
F1 (Intime): [0.4, 0.4, 0.4, 0.4, 0.4, 0.4, 0.4, 0.4, 0.4, 0.4, 0.4, 0.4, 1.0, 0.4, 0.4]
 mean: 0.4400000000000001, std: 0.14966629547095764
--------------------------------------------------
Subject Number: 5
Accuracy Cross: [0.375, 0.625, 0.75, 0.625, 0.625, 0.625, 0.625, 0.625, 0.625, 0.625, 0.625, 0.625, 0.625, 0.625, 0.625]
 mean: 0.6166666666666667, std: 0.07168604389202188
F1 Score: [0.2727272727272727, 0.38461538461538464, 0.6666666666666667, 0.38461538461538464, 0.38461538461538464, 0.38461538461538464, 0.38461538461538464, 0.38461538461538464, 0.38461538461538464, 0.38461538461538464, 0.38461538461538464, 0.38461538461538464, 0.38461538461538464, 0.38461538461538464, 0.38461538461538464]
 mean: 0.39595959595959607, std: 0.07752053849285215
Accuracy Intime: [0.6666666666666666, 0.6666666666666666, 0.6666666666666666, 0.6666666666666666, 0.6666666666666666, 0.6666666666666666, 0.6666666666666666, 0.6666666666666666, 0.6666666666666666, 0.6666666666666666, 0.6666666666666666, 0.6666666666666666, 0.6666666666666666, 0.6666666666666666, 0.6666666666666666]
 mean: 0.6666666666666665, std: 1.1102230246251565e-16
F1 (Intime): [0.4, 0.4, 0.4, 0.4, 0.4, 0.4, 0.4, 0.4, 0.4, 0.4, 0.4, 0.4, 0.4, 0.4, 0.4]
 mean: 0.40000000000000013, std: 1.1102230246251565e-16
--------------------------------------------------
Subject Number: 6
Accuracy Cross: [0.625, 0.625, 0.625, 0.5, 0.625, 0.625, 0.625, 0.625, 0.625, 0.625, 0.625, 0.625, 0.625, 0.625, 0.625]
 mean: 0.6166666666666667, std: 0.031180478223116172
F1 Score: [0.38461538461538464, 0.38461538461538464, 0.38461538461538464, 0.3333333333333333, 0.38461538461538464, 0.5636363636363637, 0.38461538461538464, 0.38461538461538464, 0.38461538461538464, 0.38461538461538464, 0.38461538461538464, 0.6190476190476191, 0.38461538461538464, 0.38461538461538464, 0.38461538461538464]
 mean: 0.4087601287601289, std: 0.07343582332303836
Accuracy Intime: [0.6666666666666666, 0.6666666666666666, 0.6666666666666666, 0.6666666666666666, 0.6666666666666666, 0.6666666666666666, 0.6666666666666666, 0.6666666666666666, 0.6666666666666666, 0.6666666666666666, 0.6666666666666666, 1.0, 0.6666666666666666, 0.6666666666666666, 0.6666666666666666]
 mean: 0.6888888888888888, std: 0.08314794192830982
F1 (Intime): [0.4, 0.4, 0.4, 0.4, 0.4, 0.4, 0.4, 0.4, 0.4, 0.4, 0.4, 1.0, 0.4, 0.4, 0.4]
 mean: 0.4400000000000001, std: 0.1496662954709576
--------------------------------------------------
Subject Number: 7
Accuracy Cross: [0.625, 0.625, 0.625, 0.625, 0.625, 0.625, 0.625, 0.625, 0.625, 0.625, 0.625, 0.625, 0.625, 0.625, 0.625]
 mean: 0.625, std: 0.0
F1 Score: [0.38461538461538464, 0.38461538461538464, 0.38461538461538464, 0.38461538461538464, 0.38461538461538464, 0.38461538461538464, 0.38461538461538464, 0.38461538461538464, 0.38461538461538464, 0.38461538461538464, 0.38461538461538464, 0.38461538461538464, 0.38461538461538464, 0.6190476190476191, 0.38461538461538464]
 mean: 0.4002442002442004, std: 0.058477673444086026
Accuracy Intime: [0.6666666666666666, 0.6666666666666666, 0.6666666666666666, 0.6666666666666666, 0.6666666666666666, 0.6666666666666666, 0.6666666666666666, 0.6666666666666666, 0.6666666666666666, 0.6666666666666666, 0.6666666666666666, 0.6666666666666666, 0.6666666666666666, 1.0, 0.6666666666666666]
 mean: 0.6888888888888888, std: 0.08314794192830982
F1 (Intime): [0.4, 0.4, 0.4, 0.4, 0.4, 0.4, 0.4, 0.4, 0.4, 0.4, 0.4, 0.4, 0.4, 1.0, 0.4]
 mean: 0.4400000000000001, std: 0.14966629547095764
--------------------------------------------------
Subject Number: 8
Accuracy Cross: [0.625, 0.625, 0.625, 0.625, 0.625, 0.75, 0.625, 0.625, 0.625, 0.625, 0.625, 0.625, 0.5, 0.625, 0.625]
 mean: 0.625, std: 0.04564354645876384
F1 Score: [0.38461538461538464, 0.38461538461538464, 0.38461538461538464, 0.38461538461538464, 0.38461538461538464, 0.6666666666666667, 0.38461538461538464, 0.38461538461538464, 0.38461538461538464, 0.38461538461538464, 0.38461538461538464, 0.38461538461538464, 0.3333333333333333, 0.38461538461538464, 0.38461538461538464]
 mean: 0.40000000000000013, std: 0.07240279857964915
Accuracy Intime: [0.6666666666666666, 0.6666666666666666, 0.6666666666666666, 0.6666666666666666, 0.6666666666666666, 0.6666666666666666, 0.6666666666666666, 0.6666666666666666, 0.6666666666666666, 0.6666666666666666, 0.6666666666666666, 0.6666666666666666, 0.6666666666666666, 0.6666666666666666, 0.6666666666666666]
 mean: 0.6666666666666665, std: 1.1102230246251565e-16
F1 (Intime): [0.4, 0.4, 0.4, 0.4, 0.4, 0.4, 0.4, 0.4, 0.4, 0.4, 0.4, 0.4, 0.4, 0.4, 0.4]
 mean: 0.40000000000000013, std: 1.1102230246251565e-16
--------------------------------------------------
Subject Number: 9
Accuracy Cross: [0.625, 0.625, 0.625, 0.625, 0.625, 0.625, 0.625, 0.625, 0.625, 0.375, 0.625, 0.625, 0.625, 0.625, 0.625]
 mean: 0.6083333333333333, std: 0.06236095644623236
F1 Score: [0.38461538461538464, 0.38461538461538464, 0.38461538461538464, 0.38461538461538464, 0.38461538461538464, 0.38461538461538464, 0.38461538461538464, 0.38461538461538464, 0.38461538461538464, 0.2727272727272727, 0.38461538461538464, 0.38461538461538464, 0.38461538461538464, 0.38461538461538464, 0.38461538461538464]
 mean: 0.3771561771561773, std: 0.027909798689222887
Accuracy Intime: [0.6666666666666666, 0.6666666666666666, 0.6666666666666666, 0.6666666666666666, 0.6666666666666666, 0.6666666666666666, 0.6666666666666666, 0.6666666666666666, 0.6666666666666666, 0.6666666666666666, 0.6666666666666666, 0.6666666666666666, 0.6666666666666666, 0.6666666666666666, 0.6666666666666666]
 mean: 0.6666666666666665, std: 1.1102230246251565e-16
F1 (Intime): [0.4, 0.4, 0.4, 0.4, 0.4, 0.4, 0.4, 0.4, 0.4, 0.4, 0.4, 0.4, 0.4, 0.4, 0.4]
 mean: 0.40000000000000013, std: 1.1102230246251565e-16
--------------------------------------------------
Subject Number: 10
Accuracy Cross: [0.625, 0.625, 0.625, 0.625, 0.625, 0.625, 0.625, 0.625, 0.625, 0.625, 0.625, 0.625, 0.625, 0.625, 0.625]
 mean: 0.625, std: 0.0
F1 Score: [0.38461538461538464, 0.38461538461538464, 0.38461538461538464, 0.38461538461538464, 0.38461538461538464, 0.38461538461538464, 0.38461538461538464, 0.38461538461538464, 0.38461538461538464, 0.38461538461538464, 0.38461538461538464, 0.38461538461538464, 0.38461538461538464, 0.38461538461538464, 0.38461538461538464]
 mean: 0.38461538461538475, std: 1.1102230246251565e-16
Accuracy Intime: [0.6666666666666666, 0.6666666666666666, 0.6666666666666666, 0.6666666666666666, 0.6666666666666666, 0.6666666666666666, 0.6666666666666666, 0.6666666666666666, 0.6666666666666666, 0.6666666666666666, 0.6666666666666666, 0.6666666666666666, 0.6666666666666666, 0.6666666666666666, 0.6666666666666666]
 mean: 0.6666666666666665, std: 1.1102230246251565e-16
F1 (Intime): [0.4, 0.4, 0.4, 0.4, 0.4, 0.4, 0.4, 0.4, 0.4, 0.4, 0.4, 0.4, 0.4, 0.4, 0.4]
 mean: 0.40000000000000013, std: 1.1102230246251565e-16
--------------------------------------------------
Subject Number: 11
Accuracy Cross: [0.625, 0.625, 0.625, 0.625, 0.25, 0.625, 0.5, 0.625, 0.625, 0.625, 0.625, 0.625, 0.5, 0.625, 0.625]
 mean: 0.5833333333333334, std: 0.09860132971832691
F1 Score: [0.38461538461538464, 0.38461538461538464, 0.38461538461538464, 0.38461538461538464, 0.2, 0.38461538461538464, 0.4666666666666667, 0.38461538461538464, 0.38461538461538464, 0.38461538461538464, 0.38461538461538464, 0.38461538461538464, 0.5, 0.38461538461538464, 0.38461538461538464]
 mean: 0.3854700854700856, std: 0.06006546699900903
Accuracy Intime: [0.6666666666666666, 0.6666666666666666, 0.6666666666666666, 0.6666666666666666, 0.6666666666666666, 0.6666666666666666, 0.6666666666666666, 0.6666666666666666, 0.6666666666666666, 0.6666666666666666, 0.6666666666666666, 0.6666666666666666, 0.6666666666666666, 0.6666666666666666, 0.6666666666666666]
 mean: 0.6666666666666665, std: 1.1102230246251565e-16
F1 (Intime): [0.4, 0.4, 0.4, 0.4, 0.4, 0.4, 0.4, 0.4, 0.4, 0.4, 0.4, 0.4, 0.6666666666666666, 0.4, 0.4]
 mean: 0.4177777777777779, std: 0.06651835354264783
--------------------------------------------------
Subject Number: 12
Accuracy Cross: [0.625, 0.625, 0.625, 0.625, 0.625, 0.625, 0.625, 0.625, 0.625, 0.625, 0.625, 0.625, 0.625, 0.625, 0.625]
 mean: 0.625, std: 0.0
F1 Score: [0.38461538461538464, 0.38461538461538464, 0.38461538461538464, 0.38461538461538464, 0.38461538461538464, 0.38461538461538464, 0.38461538461538464, 0.38461538461538464, 0.38461538461538464, 0.38461538461538464, 0.38461538461538464, 0.38461538461538464, 0.38461538461538464, 0.38461538461538464, 0.38461538461538464]
 mean: 0.38461538461538475, std: 1.1102230246251565e-16
Accuracy Intime: [0.6666666666666666, 0.6666666666666666, 0.6666666666666666, 0.6666666666666666, 0.6666666666666666, 0.6666666666666666, 0.6666666666666666, 0.6666666666666666, 0.6666666666666666, 0.6666666666666666, 0.6666666666666666, 0.6666666666666666, 0.6666666666666666, 0.6666666666666666, 0.6666666666666666]
 mean: 0.6666666666666665, std: 1.1102230246251565e-16
F1 (Intime): [0.4, 0.4, 0.4, 0.4, 0.4, 0.4, 0.4, 0.4, 0.4, 0.4, 0.4, 0.4, 0.4, 0.4, 0.4]
 mean: 0.40000000000000013, std: 1.1102230246251565e-16
--------------------------------------------------
Subject Number: 13
Accuracy Cross: [0.625, 0.625, 0.625, 0.625, 0.625, 0.625, 0.625, 0.625, 0.625, 0.625, 0.625, 0.625, 0.625, 0.625, 0.625]
 mean: 0.625, std: 0.0
F1 Score: [0.38461538461538464, 0.38461538461538464, 0.38461538461538464, 0.38461538461538464, 0.38461538461538464, 0.38461538461538464, 0.38461538461538464, 0.38461538461538464, 0.38461538461538464, 0.38461538461538464, 0.38461538461538464, 0.38461538461538464, 0.38461538461538464, 0.38461538461538464, 0.38461538461538464]
 mean: 0.38461538461538475, std: 1.1102230246251565e-16
Accuracy Intime: [0.6666666666666666, 0.6666666666666666, 0.6666666666666666, 0.6666666666666666, 0.6666666666666666, 0.6666666666666666, 0.6666666666666666, 0.6666666666666666, 0.6666666666666666, 0.6666666666666666, 0.6666666666666666, 0.6666666666666666, 0.6666666666666666, 0.6666666666666666, 1.0]
 mean: 0.6888888888888888, std: 0.08314794192830982
F1 (Intime): [0.4, 0.4, 0.4, 0.4, 0.4, 0.4, 0.4, 0.4, 0.4, 0.4, 0.4, 0.4, 0.4, 0.4, 1.0]
 mean: 0.4400000000000001, std: 0.14966629547095764
--------------------------------------------------
Subject Number: 14
Accuracy Cross: [0.625, 0.625, 0.625, 0.625, 0.625, 0.625, 0.625, 0.625, 0.625, 0.625, 0.625, 0.625, 0.375, 0.625, 0.625]
 mean: 0.6083333333333333, std: 0.06236095644623236
F1 Score: [0.38461538461538464, 0.38461538461538464, 0.38461538461538464, 0.38461538461538464, 0.38461538461538464, 0.38461538461538464, 0.38461538461538464, 0.38461538461538464, 0.38461538461538464, 0.38461538461538464, 0.38461538461538464, 0.38461538461538464, 0.36507936507936506, 0.38461538461538464, 0.38461538461538464]
 mean: 0.38331298331298336, std: 0.004873139453673845
Accuracy Intime: [0.6666666666666666, 0.6666666666666666, 0.6666666666666666, 0.6666666666666666, 0.6666666666666666, 0.6666666666666666, 0.6666666666666666, 0.6666666666666666, 0.6666666666666666, 0.6666666666666666, 0.6666666666666666, 0.6666666666666666, 0.6666666666666666, 0.6666666666666666, 0.6666666666666666]
 mean: 0.6666666666666665, std: 1.1102230246251565e-16
F1 (Intime): [0.4, 0.4, 0.4, 0.4, 0.4, 0.4, 0.4, 0.4, 0.4, 0.4, 0.4, 0.4, 0.6666666666666666, 0.4, 0.4]
 mean: 0.4177777777777779, std: 0.06651835354264783
--------------------------------------------------
Subject Number: 15
Accuracy Cross: [0.25, 0.625, 0.625, 0.625, 0.625, 0.625, 0.625, 0.625, 0.625, 0.625, 0.625, 0.625, 0.625, 0.625, 0.625]
 mean: 0.6, std: 0.09354143466934857
F1 Score: [0.2, 0.38461538461538464, 0.38461538461538464, 0.38461538461538464, 0.38461538461538464, 0.38461538461538464, 0.38461538461538464, 0.38461538461538464, 0.38461538461538464, 0.38461538461538464, 0.38461538461538464, 0.38461538461538464, 0.38461538461538464, 0.38461538461538464, 0.38461538461538464]
 mean: 0.37230769230769245, std: 0.04605116783721774
Accuracy Intime: [0.6666666666666666, 0.6666666666666666, 0.6666666666666666, 0.6666666666666666, 0.6666666666666666, 0.6666666666666666, 0.6666666666666666, 0.6666666666666666, 0.6666666666666666, 0.6666666666666666, 0.6666666666666666, 0.6666666666666666, 0.6666666666666666, 0.6666666666666666, 0.6666666666666666]
 mean: 0.6666666666666665, std: 1.1102230246251565e-16
F1 (Intime): [0.6666666666666666, 0.4, 0.4, 0.4, 0.4, 0.4, 0.4, 0.4, 0.4, 0.4, 0.4, 0.4, 0.4, 0.4, 0.4]
 mean: 0.4177777777777779, std: 0.06651835354264783
--------------------------------------------------
Subject Number: 16
Accuracy Cross: [0.625, 0.625, 0.625, 0.625, 0.625, 0.625, 0.625, 0.625, 0.625, 0.625, 0.625, 0.625, 0.625, 0.625, 0.625]
 mean: 0.625, std: 0.0
F1 Score: [0.38461538461538464, 0.38461538461538464, 0.38461538461538464, 0.38461538461538464, 0.38461538461538464, 0.38461538461538464, 0.38461538461538464, 0.38461538461538464, 0.38461538461538464, 0.38461538461538464, 0.38461538461538464, 0.38461538461538464, 0.38461538461538464, 0.38461538461538464, 0.38461538461538464]
 mean: 0.38461538461538475, std: 1.1102230246251565e-16
Accuracy Intime: [0.6666666666666666, 0.6666666666666666, 0.6666666666666666, 0.6666666666666666, 0.6666666666666666, 0.6666666666666666, 0.6666666666666666, 0.6666666666666666, 0.6666666666666666, 0.6666666666666666, 0.6666666666666666, 0.6666666666666666, 0.6666666666666666, 0.6666666666666666, 0.6666666666666666]
 mean: 0.6666666666666665, std: 1.1102230246251565e-16
F1 (Intime): [0.4, 0.4, 0.4, 0.4, 0.4, 0.4, 0.4, 0.4, 0.4, 0.4, 0.4, 0.4, 0.4, 0.4, 0.4]
 mean: 0.40000000000000013, std: 1.1102230246251565e-16
--------------------------------------------------
Subject Number: 17
Accuracy Cross: [0.625, 0.625, 0.625, 0.625, 0.625, 0.625, 0.625, 0.625, 0.5, 0.625, 0.625, 0.625, 0.625, 0.625, 0.625]
 mean: 0.6166666666666667, std: 0.031180478223116172
F1 Score: [0.38461538461538464, 0.38461538461538464, 0.38461538461538464, 0.38461538461538464, 0.38461538461538464, 0.38461538461538464, 0.38461538461538464, 0.38461538461538464, 0.3333333333333333, 0.38461538461538464, 0.38461538461538464, 0.38461538461538464, 0.38461538461538464, 0.38461538461538464, 0.38461538461538464]
 mean: 0.38119658119658134, std: 0.01279199106589383
Accuracy Intime: [0.6666666666666666, 0.6666666666666666, 0.6666666666666666, 0.6666666666666666, 0.6666666666666666, 0.6666666666666666, 0.6666666666666666, 0.6666666666666666, 0.6666666666666666, 0.6666666666666666, 0.6666666666666666, 0.6666666666666666, 0.6666666666666666, 0.6666666666666666, 0.6666666666666666]
 mean: 0.6666666666666665, std: 1.1102230246251565e-16
F1 (Intime): [0.4, 0.4, 0.4, 0.4, 0.4, 0.4, 0.4, 0.4, 0.4, 0.4, 0.4, 0.4, 0.4, 0.4, 0.4]
 mean: 0.40000000000000013, std: 1.1102230246251565e-16
--------------------------------------------------
Subject Number: 18
Accuracy Cross: [0.625, 0.625, 0.625, 0.75, 0.875, 0.625, 0.625, 0.625, 0.625, 0.625, 0.625, 0.625, 0.625, 0.625, 0.625]
 mean: 0.65, std: 0.067700320038633
F1 Score: [0.38461538461538464, 0.38461538461538464, 0.38461538461538464, 0.6666666666666667, 0.8545454545454545, 0.38461538461538464, 0.38461538461538464, 0.38461538461538464, 0.38461538461538464, 0.38461538461538464, 0.38461538461538464, 0.38461538461538464, 0.38461538461538464, 0.38461538461538464, 0.38461538461538464]
 mean: 0.43474747474747494, std: 0.1323351299834558
Accuracy Intime: [0.6666666666666666, 0.6666666666666666, 0.6666666666666666, 0.6666666666666666, 0.6666666666666666, 0.6666666666666666, 0.6666666666666666, 0.6666666666666666, 0.6666666666666666, 0.6666666666666666, 0.6666666666666666, 0.6666666666666666, 0.6666666666666666, 0.6666666666666666, 0.6666666666666666]
 mean: 0.6666666666666665, std: 1.1102230246251565e-16
F1 (Intime): [0.4, 0.4, 0.4, 0.4, 0.4, 0.4, 0.4, 0.4, 0.4, 0.4, 0.4, 0.4, 0.4, 0.4, 0.4]
 mean: 0.40000000000000013, std: 1.1102230246251565e-16
--------------------------------------------------
Subject Number: 19
Accuracy Cross: [0.625, 0.625, 0.625, 0.625, 0.625, 0.625, 0.625, 0.625, 0.625, 0.625, 0.875, 0.75, 0.625, 0.625, 0.625]
 mean: 0.65, std: 0.067700320038633
F1 Score: [0.38461538461538464, 0.38461538461538464, 0.38461538461538464, 0.38461538461538464, 0.38461538461538464, 0.38461538461538464, 0.38461538461538464, 0.38461538461538464, 0.38461538461538464, 0.6190476190476191, 0.8545454545454545, 0.6666666666666667, 0.38461538461538464, 0.38461538461538464, 0.38461538461538464]
 mean: 0.45037629037629046, std: 0.1391589541914141
Accuracy Intime: [0.6666666666666666, 0.6666666666666666, 0.6666666666666666, 0.6666666666666666, 0.6666666666666666, 0.6666666666666666, 0.6666666666666666, 0.6666666666666666, 0.6666666666666666, 0.6666666666666666, 0.6666666666666666, 0.6666666666666666, 0.6666666666666666, 0.6666666666666666, 0.6666666666666666]
 mean: 0.6666666666666665, std: 1.1102230246251565e-16
F1 (Intime): [0.4, 0.4, 0.4, 0.4, 0.4, 0.4, 0.4, 0.4, 0.4, 0.6666666666666666, 0.6666666666666666, 0.4, 0.4, 0.4, 0.4]
 mean: 0.43555555555555564, std: 0.09064923579720505
--------------------------------------------------
Subject Number: 20
Accuracy Cross: [0.625, 0.625, 0.625, 0.625, 0.625, 0.625, 0.625, 0.625, 0.625, 0.625, 0.625, 0.625, 0.625, 0.625, 0.625]
 mean: 0.625, std: 0.0
F1 Score: [0.38461538461538464, 0.38461538461538464, 0.38461538461538464, 0.38461538461538464, 0.38461538461538464, 0.38461538461538464, 0.38461538461538464, 0.38461538461538464, 0.38461538461538464, 0.38461538461538464, 0.38461538461538464, 0.38461538461538464, 0.38461538461538464, 0.38461538461538464, 0.38461538461538464]
 mean: 0.38461538461538475, std: 1.1102230246251565e-16
Accuracy Intime: [0.6666666666666666, 0.6666666666666666, 0.6666666666666666, 0.6666666666666666, 0.6666666666666666, 0.6666666666666666, 0.6666666666666666, 0.6666666666666666, 0.6666666666666666, 0.6666666666666666, 0.6666666666666666, 0.6666666666666666, 0.6666666666666666, 0.6666666666666666, 0.6666666666666666]
 mean: 0.6666666666666665, std: 1.1102230246251565e-16
F1 (Intime): [0.4, 0.4, 0.4, 0.4, 0.4, 0.4, 0.4, 0.4, 0.4, 0.4, 0.4, 0.4, 0.4, 0.4, 0.4]
 mean: 0.40000000000000013, std: 1.1102230246251565e-16
--------------------------------------------------
Subject Number: 21
Accuracy Cross: [0.625, 0.625, 0.625, 0.625, 0.625, 0.625, 0.625, 0.625, 0.625, 0.625, 0.625, 0.625, 0.625, 0.625, 0.625]
 mean: 0.625, std: 0.0
F1 Score: [0.38461538461538464, 0.38461538461538464, 0.38461538461538464, 0.38461538461538464, 0.38461538461538464, 0.38461538461538464, 0.38461538461538464, 0.38461538461538464, 0.38461538461538464, 0.38461538461538464, 0.38461538461538464, 0.38461538461538464, 0.38461538461538464, 0.38461538461538464, 0.38461538461538464]
 mean: 0.38461538461538475, std: 1.1102230246251565e-16
Accuracy Intime: [0.6666666666666666, 0.6666666666666666, 0.6666666666666666, 0.6666666666666666, 0.6666666666666666, 0.6666666666666666, 0.6666666666666666, 0.6666666666666666, 0.6666666666666666, 0.6666666666666666, 0.6666666666666666, 0.6666666666666666, 0.6666666666666666, 0.6666666666666666, 0.6666666666666666]
 mean: 0.6666666666666665, std: 1.1102230246251565e-16
F1 (Intime): [0.4, 0.4, 0.4, 0.4, 0.4, 0.4, 0.4, 0.4, 0.4, 0.4, 0.4, 0.4, 0.4, 0.4, 0.4]
 mean: 0.40000000000000013, std: 1.1102230246251565e-16
--------------------------------------------------
Subject Number: 22
Accuracy Cross: [0.625, 0.625, 0.625, 0.625, 0.875, 0.625, 0.625, 0.625, 0.625, 0.625, 0.625, 0.625, 0.875, 0.625, 0.25]
 mean: 0.6333333333333333, std: 0.13281147875424357
F1 Score: [0.38461538461538464, 0.38461538461538464, 0.38461538461538464, 0.38461538461538464, 0.873015873015873, 0.38461538461538464, 0.38461538461538464, 0.38461538461538464, 0.38461538461538464, 0.38461538461538464, 0.38461538461538464, 0.38461538461538464, 0.873015873015873, 0.38461538461538464, 0.2]
 mean: 0.43742775742775747, std: 0.17688333510071202
Accuracy Intime: [0.6666666666666666, 0.6666666666666666, 0.6666666666666666, 0.6666666666666666, 0.6666666666666666, 0.6666666666666666, 0.6666666666666666, 0.6666666666666666, 0.6666666666666666, 0.6666666666666666, 0.6666666666666666, 0.6666666666666666, 1.0, 0.6666666666666666, 0.6666666666666666]
 mean: 0.6888888888888888, std: 0.08314794192830982
F1 (Intime): [0.4, 0.4, 0.4, 0.4, 0.6666666666666666, 0.4, 0.4, 0.4, 0.4, 0.4, 0.4, 0.4, 1.0, 0.4, 0.6666666666666666]
 mean: 0.4755555555555556, std: 0.1666518511933571
--------------------------------------------------
Subject Number: 23
Accuracy Cross: [0.625, 0.625, 0.25, 0.625, 0.625, 0.625, 0.625, 0.625, 0.625, 0.625, 0.625, 0.625, 0.625, 0.625, 0.625]
 mean: 0.6, std: 0.09354143466934857
F1 Score: [0.38461538461538464, 0.38461538461538464, 0.25, 0.38461538461538464, 0.38461538461538464, 0.38461538461538464, 0.38461538461538464, 0.38461538461538464, 0.38461538461538464, 0.38461538461538464, 0.38461538461538464, 0.38461538461538464, 0.38461538461538464, 0.38461538461538464, 0.38461538461538464]
 mean: 0.3756410256410258, std: 0.03357897654797127
Accuracy Intime: [0.6666666666666666, 0.6666666666666666, 0.6666666666666666, 0.6666666666666666, 0.6666666666666666, 0.6666666666666666, 0.6666666666666666, 0.6666666666666666, 0.6666666666666666, 0.6666666666666666, 0.6666666666666666, 0.6666666666666666, 0.6666666666666666, 0.6666666666666666, 0.6666666666666666]
 mean: 0.6666666666666665, std: 1.1102230246251565e-16
F1 (Intime): [0.4, 0.4, 0.6666666666666666, 0.4, 0.4, 0.4, 0.4, 0.4, 0.4, 0.4, 0.4, 0.4, 0.4, 0.4, 0.4]
 mean: 0.4177777777777779, std: 0.06651835354264783
--------------------------------------------------
Subject Number: 24
Accuracy Cross: [0.625, 0.625, 0.625, 0.625, 0.625, 0.625, 0.625, 0.625, 0.625, 0.625, 0.625, 0.625, 0.625, 0.625, 0.625]
 mean: 0.625, std: 0.0
F1 Score: [0.38461538461538464, 0.38461538461538464, 0.38461538461538464, 0.38461538461538464, 0.38461538461538464, 0.38461538461538464, 0.38461538461538464, 0.38461538461538464, 0.38461538461538464, 0.38461538461538464, 0.38461538461538464, 0.38461538461538464, 0.38461538461538464, 0.38461538461538464, 0.38461538461538464]
 mean: 0.38461538461538475, std: 1.1102230246251565e-16
Accuracy Intime: [0.6666666666666666, 0.6666666666666666, 0.6666666666666666, 0.6666666666666666, 0.6666666666666666, 0.6666666666666666, 0.6666666666666666, 0.6666666666666666, 0.6666666666666666, 0.6666666666666666, 0.6666666666666666, 0.6666666666666666, 0.6666666666666666, 0.6666666666666666, 0.6666666666666666]
 mean: 0.6666666666666665, std: 1.1102230246251565e-16
F1 (Intime): [0.4, 0.4, 0.4, 0.4, 0.4, 0.4, 0.4, 0.4, 0.4, 0.4, 0.4, 0.4, 0.4, 0.4, 0.4]
 mean: 0.40000000000000013, std: 1.1102230246251565e-16
--------------------------------------------------
Subject Number: 25
Accuracy Cross: [0.625, 0.625, 0.625, 0.625, 0.625, 0.625, 0.625, 0.625, 0.625, 0.625, 0.625, 0.625, 0.625, 0.625, 0.75]
 mean: 0.6333333333333333, std: 0.031180478223116176
F1 Score: [0.38461538461538464, 0.38461538461538464, 0.38461538461538464, 0.38461538461538464, 0.38461538461538464, 0.38461538461538464, 0.38461538461538464, 0.38461538461538464, 0.38461538461538464, 0.38461538461538464, 0.38461538461538464, 0.38461538461538464, 0.38461538461538464, 0.38461538461538464, 0.75]
 mean: 0.4089743589743591, std: 0.09114293634449344
Accuracy Intime: [0.6666666666666666, 0.6666666666666666, 0.6666666666666666, 0.6666666666666666, 0.6666666666666666, 0.6666666666666666, 0.6666666666666666, 0.6666666666666666, 0.6666666666666666, 0.6666666666666666, 0.6666666666666666, 0.6666666666666666, 0.6666666666666666, 0.6666666666666666, 1.0]
 mean: 0.6888888888888888, std: 0.08314794192830982
F1 (Intime): [0.4, 0.4, 0.4, 0.4, 0.4, 0.4, 0.4, 0.4, 0.4, 0.4, 0.4, 0.4, 0.4, 0.4, 1.0]
 mean: 0.4400000000000001, std: 0.14966629547095764
--------------------------------------------------
Subject Number: 26
Accuracy Cross: [0.625, 0.375, 0.625, 0.625, 0.625, 0.625, 0.625, 0.625, 0.625, 0.625, 0.625, 0.625, 0.625, 0.625, 0.625]
 mean: 0.6083333333333333, std: 0.06236095644623236
F1 Score: [0.38461538461538464, 0.36507936507936506, 0.38461538461538464, 0.38461538461538464, 0.38461538461538464, 0.38461538461538464, 0.38461538461538464, 0.38461538461538464, 0.38461538461538464, 0.38461538461538464, 0.38461538461538464, 0.38461538461538464, 0.38461538461538464, 0.38461538461538464, 0.38461538461538464]
 mean: 0.3833129833129834, std: 0.004873139453673846
Accuracy Intime: [0.6666666666666666, 0.6666666666666666, 0.6666666666666666, 0.6666666666666666, 0.6666666666666666, 0.6666666666666666, 0.6666666666666666, 0.6666666666666666, 0.6666666666666666, 0.6666666666666666, 0.6666666666666666, 0.6666666666666666, 0.6666666666666666, 0.6666666666666666, 0.6666666666666666]
 mean: 0.6666666666666665, std: 1.1102230246251565e-16
F1 (Intime): [0.4, 0.6666666666666666, 0.4, 0.4, 0.4, 0.4, 0.4, 0.4, 0.4, 0.4, 0.4, 0.4, 0.4, 0.4, 0.4]
 mean: 0.4177777777777779, std: 0.06651835354264783
--------------------------------------------------
Subject Number: 27
Accuracy Cross: [0.75, 0.625, 0.625, 0.625, 0.625, 0.625, 0.625, 0.625, 0.625, 0.625, 0.625, 0.625, 0.625, 0.625, 0.625]
 mean: 0.6333333333333333, std: 0.031180478223116172
F1 Score: [0.6666666666666667, 0.38461538461538464, 0.38461538461538464, 0.38461538461538464, 0.38461538461538464, 0.38461538461538464, 0.38461538461538464, 0.38461538461538464, 0.38461538461538464, 0.38461538461538464, 0.38461538461538464, 0.38461538461538464, 0.38461538461538464, 0.38461538461538464, 0.38461538461538464]
 mean: 0.4034188034188036, std: 0.070355950862416
Accuracy Intime: [0.6666666666666666, 0.6666666666666666, 0.6666666666666666, 0.6666666666666666, 0.6666666666666666, 0.6666666666666666, 0.6666666666666666, 0.6666666666666666, 0.6666666666666666, 0.6666666666666666, 0.6666666666666666, 0.6666666666666666, 0.6666666666666666, 0.6666666666666666, 0.6666666666666666]
 mean: 0.6666666666666665, std: 1.1102230246251565e-16
F1 (Intime): [0.4, 0.4, 0.4, 0.4, 0.4, 0.4, 0.4, 0.4, 0.4, 0.4, 0.4, 0.4, 0.4, 0.4, 0.4]
 mean: 0.40000000000000013, std: 1.1102230246251565e-16
--------------------------------------------------
Subject Number: 28
Accuracy Cross: [0.5, 0.625, 0.625, 0.625, 0.625, 0.625, 0.5, 0.625, 0.625, 0.625, 0.625, 0.625, 0.625, 0.625, 0.625]
 mean: 0.6083333333333333, std: 0.04249182927993988
F1 Score: [0.3333333333333333, 0.38461538461538464, 0.38461538461538464, 0.38461538461538464, 0.38461538461538464, 0.38461538461538464, 0.4666666666666667, 0.38461538461538464, 0.38461538461538464, 0.38461538461538464, 0.38461538461538464, 0.38461538461538464, 0.38461538461538464, 0.38461538461538464, 0.38461538461538464]
 mean: 0.38666666666666677, std: 0.024898654982609403
Accuracy Intime: [0.6666666666666666, 0.6666666666666666, 0.6666666666666666, 0.6666666666666666, 0.6666666666666666, 0.6666666666666666, 0.6666666666666666, 0.6666666666666666, 0.6666666666666666, 0.6666666666666666, 0.6666666666666666, 0.6666666666666666, 0.6666666666666666, 0.6666666666666666, 0.6666666666666666]
 mean: 0.6666666666666665, std: 1.1102230246251565e-16
F1 (Intime): [0.4, 0.4, 0.4, 0.4, 0.4, 0.4, 0.4, 0.4, 0.4, 0.4, 0.4, 0.4, 0.4, 0.4, 0.4]
 mean: 0.40000000000000013, std: 1.1102230246251565e-16
--------------------------------------------------
Subject Number: 29
Accuracy Cross: [0.625, 0.625, 0.625, 0.625, 0.625, 0.625, 0.625, 0.625, 0.625, 0.625, 0.625, 0.625, 0.625, 0.625, 0.625]
 mean: 0.625, std: 0.0
F1 Score: [0.38461538461538464, 0.38461538461538464, 0.38461538461538464, 0.38461538461538464, 0.38461538461538464, 0.38461538461538464, 0.38461538461538464, 0.38461538461538464, 0.38461538461538464, 0.38461538461538464, 0.38461538461538464, 0.38461538461538464, 0.38461538461538464, 0.38461538461538464, 0.38461538461538464]
 mean: 0.38461538461538475, std: 1.1102230246251565e-16
Accuracy Intime: [0.6666666666666666, 0.6666666666666666, 0.6666666666666666, 0.6666666666666666, 0.6666666666666666, 0.6666666666666666, 0.6666666666666666, 0.6666666666666666, 0.6666666666666666, 0.6666666666666666, 0.6666666666666666, 0.6666666666666666, 0.6666666666666666, 0.6666666666666666, 0.6666666666666666]
 mean: 0.6666666666666665, std: 1.1102230246251565e-16
F1 (Intime): [0.4, 0.4, 0.4, 0.4, 0.4, 0.4, 0.4, 0.4, 0.4, 0.4, 0.4, 0.4, 0.4, 0.4, 0.4]
 mean: 0.40000000000000013, std: 1.1102230246251565e-16
--------------------------------------------------
**************************************************
accuracy_cross_list: [0.6333333333333333, 0.6166666666666667, 0.6083333333333333, 0.65, 0.6166666666666667, 0.6166666666666667, 0.625, 0.625, 0.6083333333333333, 0.625, 0.5833333333333334, 0.625, 0.625, 0.6083333333333333, 0.6, 0.625, 0.6166666666666667, 0.65, 0.65, 0.625, 0.625, 0.6333333333333333, 0.6, 0.625, 0.6333333333333333, 0.6083333333333333, 0.6333333333333333, 0.6083333333333333, 0.625]
f1_score_list: [0.4153535353535354, 0.3931313131313133, 0.3771561771561773, 0.44385392385392397, 0.39595959595959607, 0.4087601287601289, 0.4002442002442004, 0.40000000000000013, 0.3771561771561773, 0.38461538461538475, 0.3854700854700856, 0.38461538461538475, 0.38461538461538475, 0.38331298331298336, 0.37230769230769245, 0.38461538461538475, 0.38119658119658134, 0.43474747474747494, 0.45037629037629046, 0.38461538461538475, 0.38461538461538475, 0.43742775742775747, 0.3756410256410258, 0.38461538461538475, 0.4089743589743591, 0.3833129833129834, 0.4034188034188036, 0.38666666666666677, 0.38461538461538475]
accuracy_intime_list: [0.6666666666666665, 0.6666666666666665, 0.6666666666666665, 0.6888888888888888, 0.6666666666666665, 0.6888888888888888, 0.6888888888888888, 0.6666666666666665, 0.6666666666666665, 0.6666666666666665, 0.6666666666666665, 0.6666666666666665, 0.6888888888888888, 0.6666666666666665, 0.6666666666666665, 0.6666666666666665, 0.6666666666666665, 0.6666666666666665, 0.6666666666666665, 0.6666666666666665, 0.6666666666666665, 0.6888888888888888, 0.6666666666666665, 0.6666666666666665, 0.6888888888888888, 0.6666666666666665, 0.6666666666666665, 0.6666666666666665, 0.6666666666666665]
f1_score_intime_list: [0.40000000000000013, 0.40000000000000013, 0.4177777777777779, 0.4400000000000001, 0.40000000000000013, 0.4400000000000001, 0.4400000000000001, 0.40000000000000013, 0.40000000000000013, 0.40000000000000013, 0.4177777777777779, 0.40000000000000013, 0.4400000000000001, 0.4177777777777779, 0.4177777777777779, 0.40000000000000013, 0.40000000000000013, 0.40000000000000013, 0.43555555555555564, 0.40000000000000013, 0.40000000000000013, 0.4755555555555556, 0.4177777777777779, 0.40000000000000013, 0.4400000000000001, 0.4177777777777779, 0.40000000000000013, 0.40000000000000013, 0.40000000000000013]
**************************************************
ACC: 62.16±1.49
F1: 39.63±2.09
Intime: 67.13±0.90
F1 (Intime): 41.44±1.93
