1e-06
Subject Number: 1
Accuracy Cross: [0.23529411764705882, 0.23529411764705882, 0.23529411764705882, 0.29411764705882354, 0.29411764705882354, 0.29411764705882354, 0.23529411764705882, 0.23529411764705882, 0.29411764705882354, 0.29411764705882354, 0.29411764705882354, 0.47058823529411764, 0.23529411764705882, 0.29411764705882354, 0.29411764705882354]
 mean: 0.28235294117647053, std: 0.0576350527713689
F1 Score: [0.09523809523809523, 0.09523809523809523, 0.09523809523809523, 0.11363636363636363, 0.11363636363636363, 0.11363636363636363, 0.09523809523809523, 0.09523809523809523, 0.11363636363636363, 0.11363636363636363, 0.11363636363636363, 0.325, 0.09523809523809523, 0.11363636363636363, 0.11363636363636363]
 mean: 0.12036796536796533, std: 0.0553930486186936
Accuracy Intime: [0.2857142857142857, 0.2857142857142857, 0.2857142857142857, 0.3333333333333333, 0.3333333333333333, 0.2857142857142857, 0.2857142857142857, 0.2857142857142857, 0.3333333333333333, 0.3333333333333333, 0.2857142857142857, 0.2857142857142857, 0.2857142857142857, 0.3333333333333333, 0.3333333333333333]
 mean: 0.30476190476190473, std: 0.023328473740792173
F1 (Intime): [0.1111111111111111, 0.1111111111111111, 0.1111111111111111, 0.125, 0.125, 0.1111111111111111, 0.1111111111111111, 0.1111111111111111, 0.125, 0.125, 0.1111111111111111, 0.125, 0.1111111111111111, 0.125, 0.125]
 mean: 0.1175925925925926, std: 0.0069289951606924865
--------------------------------------------------
Subject Number: 2
Accuracy Cross: [0.23529411764705882, 0.23529411764705882, 0.23529411764705882, 0.29411764705882354, 0.29411764705882354, 0.29411764705882354, 0.29411764705882354, 0.17647058823529413, 0.5882352941176471, 0.29411764705882354, 0.29411764705882354, 0.47058823529411764, 0.23529411764705882, 0.35294117647058826, 0.29411764705882354]
 mean: 0.30588235294117644, std: 0.09889819774838032
F1 Score: [0.09523809523809523, 0.09523809523809523, 0.09523809523809523, 0.16666666666666666, 0.11363636363636363, 0.11363636363636363, 0.11363636363636363, 0.13125, 0.3708791208791209, 0.11363636363636363, 0.11363636363636363, 0.3055555555555556, 0.09523809523809523, 0.2159090909090909, 0.1736111111111111]
 mean: 0.15420038295038294, std: 0.08035684449639463
Accuracy Intime: [0.2857142857142857, 0.2857142857142857, 0.2857142857142857, 0.5, 0.3333333333333333, 0.2857142857142857, 0.2857142857142857, 0.5714285714285714, 0.42857142857142855, 0.3333333333333333, 0.2857142857142857, 0.42857142857142855, 0.2857142857142857, 0.5, 0.3333333333333333]
 mean: 0.36190476190476184, std: 0.09452111067275813
F1 (Intime): [0.1111111111111111, 0.1111111111111111, 0.1111111111111111, 0.325, 0.125, 0.1111111111111111, 0.1111111111111111, 0.3666666666666667, 0.2833333333333333, 0.125, 0.1111111111111111, 0.29166666666666663, 0.1111111111111111, 0.325, 0.14285714285714285]
 mean: 0.18415343915343915, std: 0.0967582023182191
--------------------------------------------------
Subject Number: 3
Accuracy Cross: [0.23529411764705882, 0.23529411764705882, 0.23529411764705882, 0.23529411764705882, 0.29411764705882354, 0.29411764705882354, 0.29411764705882354, 0.23529411764705882, 0.47058823529411764, 0.29411764705882354, 0.23529411764705882, 0.23529411764705882, 0.4117647058823529, 0.23529411764705882, 0.29411764705882354]
 mean: 0.2823529411764706, std: 0.06859943405700353
F1 Score: [0.09523809523809523, 0.1625, 0.09523809523809523, 0.09523809523809523, 0.11363636363636363, 0.11363636363636363, 0.11363636363636363, 0.09523809523809523, 0.3055555555555556, 0.11363636363636363, 0.09523809523809523, 0.09523809523809523, 0.2986111111111111, 0.1437908496732026, 0.11363636363636363]
 mean: 0.13667119373001727, std: 0.06753641394870465
Accuracy Intime: [0.2857142857142857, 0.42857142857142855, 0.2857142857142857, 0.2857142857142857, 0.3333333333333333, 0.2857142857142857, 0.2857142857142857, 0.2857142857142857, 0.5, 0.3333333333333333, 0.2857142857142857, 0.2857142857142857, 0.42857142857142855, 0.5, 0.3333333333333333]
 mean: 0.3428571428571428, std: 0.07766431633476234
F1 (Intime): [0.1111111111111111, 0.29166666666666663, 0.1111111111111111, 0.1111111111111111, 0.125, 0.1111111111111111, 0.1111111111111111, 0.1111111111111111, 0.3333333333333333, 0.125, 0.1111111111111111, 0.1111111111111111, 0.29166666666666663, 0.30952380952380953, 0.125]
 mean: 0.166005291005291, std: 0.08537332570720461
--------------------------------------------------
Subject Number: 4
Accuracy Cross: [0.29411764705882354, 0.23529411764705882, 0.23529411764705882, 0.29411764705882354, 0.29411764705882354, 0.29411764705882354, 0.23529411764705882, 0.23529411764705882, 0.35294117647058826, 0.29411764705882354, 0.23529411764705882, 0.29411764705882354, 0.29411764705882354, 0.5294117647058824, 0.29411764705882354]
 mean: 0.2941176470588235, std: 0.07123883186111746
F1 Score: [0.11363636363636363, 0.09523809523809523, 0.09523809523809523, 0.11363636363636363, 0.11363636363636363, 0.11363636363636363, 0.09523809523809523, 0.09523809523809523, 0.19444444444444445, 0.11363636363636363, 0.15476190476190477, 0.11363636363636363, 0.11363636363636363, 0.3351648351648352, 0.11363636363636363]
 mean: 0.1316276316276316, std: 0.059885902078151504
Accuracy Intime: [0.2857142857142857, 0.2857142857142857, 0.2857142857142857, 0.2857142857142857, 0.3333333333333333, 0.2857142857142857, 0.2857142857142857, 0.2857142857142857, 0.5714285714285714, 0.3333333333333333, 0.42857142857142855, 0.2857142857142857, 0.2857142857142857, 0.42857142857142855, 0.3333333333333333]
 mean: 0.33333333333333326, std: 0.07968190728895957
F1 (Intime): [0.1111111111111111, 0.1111111111111111, 0.1111111111111111, 0.1111111111111111, 0.125, 0.1111111111111111, 0.1111111111111111, 0.1111111111111111, 0.3666666666666667, 0.125, 0.26785714285714285, 0.1111111111111111, 0.1111111111111111, 0.26666666666666666, 0.125]
 mean: 0.15174603174603174, std: 0.07741069839337171
--------------------------------------------------
Subject Number: 5
Accuracy Cross: [0.17647058823529413, 0.23529411764705882, 0.23529411764705882, 0.23529411764705882, 0.29411764705882354, 0.29411764705882354, 0.29411764705882354, 0.23529411764705882, 0.29411764705882354, 0.29411764705882354, 0.23529411764705882, 0.23529411764705882, 0.23529411764705882, 0.29411764705882354, 0.35294117647058826]
 mean: 0.2627450980392157, std: 0.04223658672262357
F1 Score: [0.11437908496732026, 0.1488095238095238, 0.09523809523809523, 0.15037593984962405, 0.11363636363636363, 0.11363636363636363, 0.11363636363636363, 0.09523809523809523, 0.11363636363636363, 0.11363636363636363, 0.09523809523809523, 0.09523809523809523, 0.09523809523809523, 0.11363636363636363, 0.19642857142857142]
 mean: 0.1178667852042465, std: 0.026914783253352052
Accuracy Intime: [0.42857142857142855, 0.42857142857142855, 0.2857142857142857, 0.5, 0.3333333333333333, 0.2857142857142857, 0.42857142857142855, 0.5714285714285714, 0.3333333333333333, 0.3333333333333333, 0.2857142857142857, 0.2857142857142857, 0.2857142857142857, 0.3333333333333333, 0.5]
 mean: 0.37460317460317455, std: 0.0913767489817413
F1 (Intime): [0.26785714285714285, 0.26785714285714285, 0.1111111111111111, 0.39285714285714285, 0.125, 0.1111111111111111, 0.29166666666666663, 0.3666666666666667, 0.125, 0.125, 0.1111111111111111, 0.1111111111111111, 0.1111111111111111, 0.125, 0.3333333333333333]
 mean: 0.1983862433862434, std: 0.10402836287641387
--------------------------------------------------
Subject Number: 6
Accuracy Cross: [0.29411764705882354, 0.29411764705882354, 0.23529411764705882, 0.17647058823529413, 0.29411764705882354, 0.35294117647058826, 0.17647058823529413, 0.23529411764705882, 0.29411764705882354, 0.29411764705882354, 0.29411764705882354, 0.23529411764705882, 0.23529411764705882, 0.29411764705882354, 0.29411764705882354]
 mean: 0.2666666666666666, std: 0.04738449401409636
F1 Score: [0.11363636363636363, 0.11363636363636363, 0.09523809523809523, 0.14545454545454545, 0.11363636363636363, 0.21904761904761905, 0.075, 0.10526315789473684, 0.11363636363636363, 0.11363636363636363, 0.11363636363636363, 0.09523809523809523, 0.11764705882352941, 0.20476190476190476, 0.11363636363636363]
 mean: 0.12354033479420475, std: 0.03760533777892972
Accuracy Intime: [0.2857142857142857, 0.2857142857142857, 0.2857142857142857, 0.5714285714285714, 0.3333333333333333, 0.2857142857142857, 0.2857142857142857, 0.42857142857142855, 0.3333333333333333, 0.3333333333333333, 0.2857142857142857, 0.2857142857142857, 0.42857142857142855, 0.5, 0.3333333333333333]
 mean: 0.35079365079365077, std: 0.08714271257975113
F1 (Intime): [0.1111111111111111, 0.1111111111111111, 0.1111111111111111, 0.45, 0.125, 0.1111111111111111, 0.125, 0.29166666666666663, 0.125, 0.125, 0.1111111111111111, 0.1111111111111111, 0.26666666666666666, 0.39285714285714285, 0.125]
 mean: 0.1795238095238095, std: 0.11008614552079704
--------------------------------------------------
Subject Number: 7
Accuracy Cross: [0.17647058823529413, 0.23529411764705882, 0.17647058823529413, 0.29411764705882354, 0.29411764705882354, 0.29411764705882354, 0.058823529411764705, 0.23529411764705882, 0.35294117647058826, 0.29411764705882354, 0.29411764705882354, 0.29411764705882354, 0.23529411764705882, 0.4117647058823529, 0.29411764705882354]
 mean: 0.26274509803921564, std: 0.07998461982106328
F1 Score: [0.075, 0.09523809523809523, 0.07894736842105263, 0.11363636363636363, 0.11363636363636363, 0.11363636363636363, 0.03571428571428571, 0.09523809523809523, 0.19642857142857142, 0.11363636363636363, 0.11363636363636363, 0.11904761904761904, 0.09523809523809523, 0.256578947368421, 0.11363636363636363]
 mean: 0.11528328396749447, std: 0.0497052394646155
Accuracy Intime: [0.2857142857142857, 0.2857142857142857, 0.42857142857142855, 0.16666666666666666, 0.3333333333333333, 0.2857142857142857, 0.42857142857142855, 0.2857142857142857, 0.5, 0.3333333333333333, 0.2857142857142857, 0.42857142857142855, 0.2857142857142857, 0.5, 0.3333333333333333]
 mean: 0.3444444444444444, std: 0.09029500097351043
F1 (Intime): [0.1111111111111111, 0.1111111111111111, 0.29166666666666663, 0.07142857142857142, 0.125, 0.1111111111111111, 0.26666666666666666, 0.1111111111111111, 0.3333333333333333, 0.125, 0.1111111111111111, 0.29166666666666663, 0.1111111111111111, 0.3333333333333333, 0.125]
 mean: 0.17531746031746032, std: 0.09254914324478597
--------------------------------------------------
Subject Number: 8
Accuracy Cross: [0.35294117647058826, 0.35294117647058826, 0.23529411764705882, 0.29411764705882354, 0.29411764705882354, 0.23529411764705882, 0.29411764705882354, 0.23529411764705882, 0.29411764705882354, 0.29411764705882354, 0.23529411764705882, 0.23529411764705882, 0.23529411764705882, 0.4117647058823529, 0.29411764705882354]
 mean: 0.28627450980392155, std: 0.05202548690753569
F1 Score: [0.2361111111111111, 0.21904761904761905, 0.09523809523809523, 0.11363636363636363, 0.11363636363636363, 0.09523809523809523, 0.14705882352941177, 0.09523809523809523, 0.11363636363636363, 0.11363636363636363, 0.09523809523809523, 0.09523809523809523, 0.09523809523809523, 0.25, 0.11363636363636363]
 mean: 0.13278852955323542, std: 0.05313667564229317
Accuracy Intime: [0.42857142857142855, 0.2857142857142857, 0.2857142857142857, 0.3333333333333333, 0.3333333333333333, 0.2857142857142857, 0.42857142857142855, 0.2857142857142857, 0.5, 0.3333333333333333, 0.2857142857142857, 0.2857142857142857, 0.42857142857142855, 0.5, 0.3333333333333333]
 mean: 0.3555555555555555, std: 0.07701275854417908
F1 (Intime): [0.26666666666666666, 0.1111111111111111, 0.1111111111111111, 0.125, 0.125, 0.1111111111111111, 0.26785714285714285, 0.1111111111111111, 0.3333333333333333, 0.125, 0.1111111111111111, 0.1111111111111111, 0.29166666666666663, 0.39285714285714285, 0.125]
 mean: 0.18126984126984128, std: 0.09559239652619114
--------------------------------------------------
Subject Number: 9
Accuracy Cross: [0.29411764705882354, 0.29411764705882354, 0.29411764705882354, 0.17647058823529413, 0.17647058823529413, 0.29411764705882354, 0.23529411764705882, 0.29411764705882354, 0.29411764705882354, 0.47058823529411764, 0.29411764705882354, 0.23529411764705882, 0.23529411764705882, 0.29411764705882354, 0.29411764705882354]
 mean: 0.27843137254901956, std: 0.06608744920138321
F1 Score: [0.18333333333333335, 0.11363636363636363, 0.11363636363636363, 0.11904761904761904, 0.07894736842105263, 0.18333333333333335, 0.14583333333333331, 0.18333333333333335, 0.11363636363636363, 0.29705882352941176, 0.18333333333333335, 0.09523809523809523, 0.09523809523809523, 0.14705882352941177, 0.11363636363636363]
 mean: 0.14442006308105382, std: 0.053493447061433615
Accuracy Intime: [0.2857142857142857, 0.2857142857142857, 0.2857142857142857, 0.6666666666666666, 0.3333333333333333, 0.2857142857142857, 0.42857142857142855, 0.42857142857142855, 0.3333333333333333, 0.3333333333333333, 0.42857142857142855, 0.2857142857142857, 0.2857142857142857, 0.5, 0.3333333333333333]
 mean: 0.36666666666666664, std: 0.10425563094395572
F1 (Intime): [0.1111111111111111, 0.1111111111111111, 0.1111111111111111, 0.41666666666666663, 0.225, 0.1111111111111111, 0.26785714285714285, 0.29166666666666663, 0.125, 0.25, 0.29166666666666663, 0.1111111111111111, 0.1111111111111111, 0.3333333333333333, 0.125]
 mean: 0.19952380952380952, std: 0.09930135133735614
--------------------------------------------------
Subject Number: 10
Accuracy Cross: [0.29411764705882354, 0.29411764705882354, 0.23529411764705882, 0.29411764705882354, 0.29411764705882354, 0.29411764705882354, 0.17647058823529413, 0.23529411764705882, 0.29411764705882354, 0.29411764705882354, 0.29411764705882354, 0.23529411764705882, 0.23529411764705882, 0.23529411764705882, 0.29411764705882354]
 mean: 0.26666666666666666, std: 0.03636713135488512
F1 Score: [0.20833333333333331, 0.11363636363636363, 0.09523809523809523, 0.11363636363636363, 0.11363636363636363, 0.11904761904761904, 0.11437908496732026, 0.09523809523809523, 0.175, 0.11363636363636363, 0.11363636363636363, 0.09523809523809523, 0.09523809523809523, 0.09523809523809523, 0.11363636363636363]
 mean: 0.11831791302379537, std: 0.030688296453129992
Accuracy Intime: [0.2857142857142857, 0.2857142857142857, 0.2857142857142857, 0.3333333333333333, 0.3333333333333333, 0.2857142857142857, 0.2857142857142857, 0.2857142857142857, 0.5, 0.3333333333333333, 0.2857142857142857, 0.2857142857142857, 0.2857142857142857, 0.3333333333333333, 0.3333333333333333]
 mean: 0.3158730158730158, std: 0.05392154841734295
F1 (Intime): [0.125, 0.1111111111111111, 0.1111111111111111, 0.125, 0.125, 0.1111111111111111, 0.1111111111111111, 0.1111111111111111, 0.29166666666666663, 0.125, 0.1111111111111111, 0.1111111111111111, 0.1111111111111111, 0.125, 0.125]
 mean: 0.1287037037037037, std: 0.04405695279026043
--------------------------------------------------
Subject Number: 11
Accuracy Cross: [0.35294117647058826, 0.29411764705882354, 0.23529411764705882, 0.29411764705882354, 0.29411764705882354, 0.29411764705882354, 0.11764705882352941, 0.23529411764705882, 0.35294117647058826, 0.29411764705882354, 0.29411764705882354, 0.23529411764705882, 0.29411764705882354, 0.29411764705882354, 0.29411764705882354]
 mean: 0.27843137254901956, std: 0.05462113049876125
F1 Score: [0.20300751879699247, 0.11363636363636363, 0.09523809523809523, 0.11363636363636363, 0.11363636363636363, 0.11363636363636363, 0.07692307692307693, 0.09523809523809523, 0.19642857142857142, 0.11363636363636363, 0.11363636363636363, 0.09523809523809523, 0.11363636363636363, 0.11904761904761904, 0.11363636363636363]
 mean: 0.11934746540009697, std: 0.03341171325757833
Accuracy Intime: [0.2857142857142857, 0.2857142857142857, 0.2857142857142857, 0.42857142857142855, 0.3333333333333333, 0.2857142857142857, 0.5714285714285714, 0.2857142857142857, 0.5714285714285714, 0.3333333333333333, 0.2857142857142857, 0.2857142857142857, 0.2857142857142857, 0.42857142857142855, 0.3333333333333333]
 mean: 0.35238095238095235, std: 0.09805362039035238
F1 (Intime): [0.18333333333333335, 0.1111111111111111, 0.1111111111111111, 0.29166666666666663, 0.125, 0.1111111111111111, 0.3666666666666667, 0.1111111111111111, 0.39285714285714285, 0.125, 0.1111111111111111, 0.1111111111111111, 0.1111111111111111, 0.29166666666666663, 0.125]
 mean: 0.1785978835978836, std: 0.09911874085832408
--------------------------------------------------
Subject Number: 12
Accuracy Cross: [0.29411764705882354, 0.23529411764705882, 0.23529411764705882, 0.35294117647058826, 0.29411764705882354, 0.29411764705882354, 0.23529411764705882, 0.23529411764705882, 0.29411764705882354, 0.29411764705882354, 0.23529411764705882, 0.23529411764705882, 0.23529411764705882, 0.35294117647058826, 0.29411764705882354]
 mean: 0.27450980392156865, std: 0.04112975875177066
F1 Score: [0.11363636363636363, 0.09523809523809523, 0.09523809523809523, 0.20238095238095238, 0.11363636363636363, 0.11363636363636363, 0.09523809523809523, 0.09523809523809523, 0.11363636363636363, 0.11363636363636363, 0.09523809523809523, 0.09523809523809523, 0.1575757575757576, 0.19407894736842105, 0.17669172932330826]
 mean: 0.12468918508392195, std: 0.03692493786197893
Accuracy Intime: [0.2857142857142857, 0.2857142857142857, 0.2857142857142857, 0.5, 0.3333333333333333, 0.2857142857142857, 0.2857142857142857, 0.2857142857142857, 0.3333333333333333, 0.3333333333333333, 0.2857142857142857, 0.2857142857142857, 0.2857142857142857, 0.5, 0.3333333333333333]
 mean: 0.32698412698412693, std: 0.07087972559290828
F1 (Intime): [0.1111111111111111, 0.1111111111111111, 0.1111111111111111, 0.39285714285714285, 0.125, 0.1111111111111111, 0.1111111111111111, 0.1111111111111111, 0.125, 0.125, 0.1111111111111111, 0.1111111111111111, 0.1111111111111111, 0.39285714285714285, 0.125]
 mean: 0.1523809523809524, std: 0.09451111425681641
--------------------------------------------------
Subject Number: 13
Accuracy Cross: [0.29411764705882354, 0.23529411764705882, 0.23529411764705882, 0.4117647058823529, 0.29411764705882354, 0.29411764705882354, 0.17647058823529413, 0.23529411764705882, 0.29411764705882354, 0.29411764705882354, 0.23529411764705882, 0.23529411764705882, 0.23529411764705882, 0.29411764705882354, 0.29411764705882354]
 mean: 0.27058823529411763, std: 0.05172904297361928
F1 Score: [0.11363636363636363, 0.09523809523809523, 0.14375, 0.25, 0.11363636363636363, 0.11363636363636363, 0.11538461538461539, 0.10526315789473684, 0.11363636363636363, 0.11363636363636363, 0.09523809523809523, 0.09523809523809523, 0.09523809523809523, 0.11363636363636363, 0.11363636363636363]
 mean: 0.11938697997908522, std: 0.03690797625746454
Accuracy Intime: [0.2857142857142857, 0.2857142857142857, 0.5714285714285714, 0.3333333333333333, 0.3333333333333333, 0.2857142857142857, 0.42857142857142855, 0.2857142857142857, 0.3333333333333333, 0.3333333333333333, 0.2857142857142857, 0.2857142857142857, 0.2857142857142857, 0.3333333333333333, 0.3333333333333333]
 mean: 0.33333333333333326, std: 0.07377111135633174
F1 (Intime): [0.1111111111111111, 0.1111111111111111, 0.3666666666666667, 0.125, 0.225, 0.1111111111111111, 0.26785714285714285, 0.125, 0.125, 0.125, 0.1111111111111111, 0.1111111111111111, 0.1111111111111111, 0.125, 0.125]
 mean: 0.15174603174603177, std: 0.07268108201271967
--------------------------------------------------
Subject Number: 14
Accuracy Cross: [0.17647058823529413, 0.23529411764705882, 0.29411764705882354, 0.4117647058823529, 0.23529411764705882, 0.29411764705882354, 0.23529411764705882, 0.17647058823529413, 0.35294117647058826, 0.29411764705882354, 0.29411764705882354, 0.23529411764705882, 0.29411764705882354, 0.4117647058823529, 0.35294117647058826]
 mean: 0.2862745098039215, std: 0.07080576504026583
F1 Score: [0.075, 0.09523809523809523, 0.11904761904761904, 0.26666666666666666, 0.09523809523809523, 0.11363636363636363, 0.1437908496732026, 0.10714285714285714, 0.225, 0.11363636363636363, 0.19934640522875818, 0.09523809523809523, 0.11363636363636363, 0.25, 0.20833333333333331]
 mean: 0.14806340718105426, std: 0.06134035085118091
Accuracy Intime: [0.42857142857142855, 0.2857142857142857, 0.2857142857142857, 0.5, 0.3333333333333333, 0.2857142857142857, 0.42857142857142855, 0.42857142857142855, 0.5, 0.3333333333333333, 0.42857142857142855, 0.2857142857142857, 0.2857142857142857, 0.5, 0.3333333333333333]
 mean: 0.37619047619047613, std: 0.08302664654363189
F1 (Intime): [0.26785714285714285, 0.1111111111111111, 0.1111111111111111, 0.39285714285714285, 0.125, 0.1111111111111111, 0.29166666666666663, 0.2833333333333333, 0.39285714285714285, 0.125, 0.26666666666666666, 0.1111111111111111, 0.1111111111111111, 0.325, 0.125]
 mean: 0.21005291005291007, std: 0.10623065202252749
--------------------------------------------------
Subject Number: 15
Accuracy Cross: [0.23529411764705882, 0.23529411764705882, 0.29411764705882354, 0.47058823529411764, 0.29411764705882354, 0.35294117647058826, 0.23529411764705882, 0.23529411764705882, 0.35294117647058826, 0.29411764705882354, 0.29411764705882354, 0.23529411764705882, 0.23529411764705882, 0.35294117647058826, 0.29411764705882354]
 mean: 0.2941176470588235, std: 0.06443794794178426
F1 Score: [0.1, 0.09523809523809523, 0.11363636363636363, 0.29166666666666663, 0.11363636363636363, 0.21904761904761905, 0.09523809523809523, 0.09523809523809523, 0.19642857142857142, 0.11363636363636363, 0.11363636363636363, 0.09523809523809523, 0.09523809523809523, 0.21666666666666667, 0.11363636363636363]
 mean: 0.13787878787878788, std: 0.05963171381869114
Accuracy Intime: [0.2857142857142857, 0.2857142857142857, 0.2857142857142857, 0.5, 0.3333333333333333, 0.2857142857142857, 0.2857142857142857, 0.2857142857142857, 0.5, 0.3333333333333333, 0.2857142857142857, 0.2857142857142857, 0.2857142857142857, 0.5, 0.3333333333333333]
 mean: 0.33809523809523806, std: 0.08302664654363189
F1 (Intime): [0.1111111111111111, 0.1111111111111111, 0.1111111111111111, 0.325, 0.125, 0.19642857142857142, 0.1111111111111111, 0.1111111111111111, 0.3333333333333333, 0.125, 0.1111111111111111, 0.1111111111111111, 0.1111111111111111, 0.39285714285714285, 0.125]
 mean: 0.16743386243386243, std: 0.09479310355871533
--------------------------------------------------
Subject Number: 16
Accuracy Cross: [0.29411764705882354, 0.23529411764705882, 0.29411764705882354, 0.29411764705882354, 0.29411764705882354, 0.29411764705882354, 0.23529411764705882, 0.23529411764705882, 0.29411764705882354, 0.29411764705882354, 0.47058823529411764, 0.23529411764705882, 0.23529411764705882, 0.29411764705882354, 0.29411764705882354]
 mean: 0.28627450980392155, std: 0.05628509840944048
F1 Score: [0.17669172932330826, 0.09523809523809523, 0.11363636363636363, 0.11363636363636363, 0.11363636363636363, 0.11363636363636363, 0.09523809523809523, 0.09523809523809523, 0.11363636363636363, 0.11363636363636363, 0.3176470588235294, 0.09523809523809523, 0.09523809523809523, 0.11363636363636363, 0.11363636363636363]
 mean: 0.1253080115618815, std: 0.05492140676365327
Accuracy Intime: [0.2857142857142857, 0.2857142857142857, 0.2857142857142857, 0.3333333333333333, 0.3333333333333333, 0.2857142857142857, 0.2857142857142857, 0.2857142857142857, 0.3333333333333333, 0.3333333333333333, 0.42857142857142855, 0.2857142857142857, 0.2857142857142857, 0.3333333333333333, 0.3333333333333333]
 mean: 0.3142857142857142, std: 0.038095238095238085
F1 (Intime): [0.1111111111111111, 0.1111111111111111, 0.1111111111111111, 0.125, 0.125, 0.1111111111111111, 0.1111111111111111, 0.1111111111111111, 0.125, 0.125, 0.29166666666666663, 0.1111111111111111, 0.1111111111111111, 0.125, 0.125]
 mean: 0.12870370370370368, std: 0.04405695279026044
--------------------------------------------------
Subject Number: 17
Accuracy Cross: [0.35294117647058826, 0.23529411764705882, 0.35294117647058826, 0.4117647058823529, 0.29411764705882354, 0.29411764705882354, 0.35294117647058826, 0.23529411764705882, 0.47058823529411764, 0.29411764705882354, 0.29411764705882354, 0.29411764705882354, 0.4117647058823529, 0.29411764705882354, 0.29411764705882354]
 mean: 0.3254901960784313, std: 0.06395884874627486
F1 Score: [0.20833333333333331, 0.09523809523809523, 0.23636363636363636, 0.2471590909090909, 0.11363636363636363, 0.11363636363636363, 0.24812030075187969, 0.09523809523809523, 0.3458646616541353, 0.11363636363636363, 0.11363636363636363, 0.11363636363636363, 0.29166666666666663, 0.1846590909090909, 0.11363636363636363]
 mean: 0.17563074352548033, std: 0.07901062884634222
Accuracy Intime: [0.2857142857142857, 0.2857142857142857, 0.42857142857142855, 0.5, 0.3333333333333333, 0.2857142857142857, 0.42857142857142855, 0.2857142857142857, 0.6666666666666666, 0.5, 0.2857142857142857, 0.2857142857142857, 0.2857142857142857, 0.42857142857142855, 0.3333333333333333]
 mean: 0.37460317460317455, std: 0.11081593444893373
F1 (Intime): [0.1111111111111111, 0.1111111111111111, 0.26666666666666666, 0.39285714285714285, 0.125, 0.1111111111111111, 0.26666666666666666, 0.1111111111111111, 0.5333333333333333, 0.39285714285714285, 0.1111111111111111, 0.1111111111111111, 0.125, 0.26785714285714285, 0.125]
 mean: 0.21079365079365078, std: 0.13204221821936443
--------------------------------------------------
Subject Number: 18
Accuracy Cross: [0.29411764705882354, 0.17647058823529413, 0.23529411764705882, 0.29411764705882354, 0.29411764705882354, 0.23529411764705882, 0.23529411764705882, 0.23529411764705882, 0.29411764705882354, 0.29411764705882354, 0.29411764705882354, 0.35294117647058826, 0.35294117647058826, 0.4117647058823529, 0.29411764705882354]
 mean: 0.28627450980392155, std: 0.05628509840944049
F1 Score: [0.11363636363636363, 0.075, 0.09523809523809523, 0.11363636363636363, 0.11363636363636363, 0.09523809523809523, 0.1111111111111111, 0.09523809523809523, 0.11363636363636363, 0.11363636363636363, 0.11363636363636363, 0.2013888888888889, 0.23076923076923078, 0.25, 0.11363636363636363]
 mean: 0.12996253746253744, std: 0.05068341650662484
Accuracy Intime: [0.2857142857142857, 0.2857142857142857, 0.2857142857142857, 0.3333333333333333, 0.3333333333333333, 0.2857142857142857, 0.5714285714285714, 0.2857142857142857, 0.3333333333333333, 0.3333333333333333, 0.2857142857142857, 0.14285714285714285, 0.42857142857142855, 0.5, 0.3333333333333333]
 mean: 0.3349206349206349, std: 0.09777056250434599
F1 (Intime): [0.1111111111111111, 0.1111111111111111, 0.1111111111111111, 0.125, 0.125, 0.1111111111111111, 0.3666666666666667, 0.1111111111111111, 0.125, 0.125, 0.1111111111111111, 0.08333333333333333, 0.29166666666666663, 0.325, 0.125]
 mean: 0.15722222222222224, std: 0.08698658900466592
--------------------------------------------------
Subject Number: 19
Accuracy Cross: [0.29411764705882354, 0.29411764705882354, 0.23529411764705882, 0.35294117647058826, 0.29411764705882354, 0.29411764705882354, 0.23529411764705882, 0.17647058823529413, 0.29411764705882354, 0.4117647058823529, 0.29411764705882354, 0.29411764705882354, 0.23529411764705882, 0.23529411764705882, 0.29411764705882354]
 mean: 0.2823529411764706, std: 0.05348306547837591
F1 Score: [0.11363636363636363, 0.11363636363636363, 0.09523809523809523, 0.20170454545454547, 0.11363636363636363, 0.11363636363636363, 0.14375, 0.1125, 0.11363636363636363, 0.275, 0.17320261437908496, 0.125, 0.09523809523809523, 0.1575757575757576, 0.11363636363636363]
 mean: 0.13740181931358403, std: 0.04655844378287221
Accuracy Intime: [0.2857142857142857, 0.2857142857142857, 0.2857142857142857, 0.5, 0.3333333333333333, 0.2857142857142857, 0.2857142857142857, 0.42857142857142855, 0.3333333333333333, 0.3333333333333333, 0.42857142857142855, 0.42857142857142855, 0.2857142857142857, 0.5, 0.3333333333333333]
 mean: 0.3555555555555555, std: 0.07701275854417908
F1 (Intime): [0.1111111111111111, 0.1111111111111111, 0.1111111111111111, 0.3333333333333333, 0.125, 0.1111111111111111, 0.1111111111111111, 0.26666666666666666, 0.125, 0.125, 0.29166666666666663, 0.29166666666666663, 0.1111111111111111, 0.29166666666666663, 0.125]
 mean: 0.17611111111111108, std: 0.08515780558382097
--------------------------------------------------
Subject Number: 20
Accuracy Cross: [0.23529411764705882, 0.23529411764705882, 0.23529411764705882, 0.29411764705882354, 0.29411764705882354, 0.35294117647058826, 0.29411764705882354, 0.17647058823529413, 0.29411764705882354, 0.29411764705882354, 0.4117647058823529, 0.23529411764705882, 0.29411764705882354, 0.29411764705882354, 0.29411764705882354]
 mean: 0.28235294117647053, std: 0.053483065478375905
F1 Score: [0.09523809523809523, 0.09523809523809523, 0.09523809523809523, 0.11363636363636363, 0.11363636363636363, 0.225, 0.11363636363636363, 0.11309523809523808, 0.13157894736842105, 0.11363636363636363, 0.2692307692307693, 0.09523809523809523, 0.17669172932330826, 0.11363636363636363, 0.16666666666666666]
 mean: 0.13542650332124015, std: 0.0503015786190747
Accuracy Intime: [0.2857142857142857, 0.2857142857142857, 0.2857142857142857, 0.3333333333333333, 0.3333333333333333, 0.2857142857142857, 0.2857142857142857, 0.42857142857142855, 0.3333333333333333, 0.3333333333333333, 0.42857142857142855, 0.2857142857142857, 0.42857142857142855, 0.3333333333333333, 0.3333333333333333]
 mean: 0.33333333333333326, std: 0.0521640530957301
F1 (Intime): [0.1111111111111111, 0.1111111111111111, 0.1111111111111111, 0.125, 0.125, 0.18333333333333335, 0.1111111111111111, 0.26785714285714285, 0.125, 0.125, 0.2833333333333333, 0.1111111111111111, 0.26785714285714285, 0.125, 0.14285714285714285]
 mean: 0.15505291005291003, std: 0.06165726312283079
--------------------------------------------------
Subject Number: 21
Accuracy Cross: [0.23529411764705882, 0.23529411764705882, 0.23529411764705882, 0.6470588235294118, 0.29411764705882354, 0.23529411764705882, 0.23529411764705882, 0.11764705882352941, 0.29411764705882354, 0.29411764705882354, 0.29411764705882354, 0.29411764705882354, 0.23529411764705882, 0.23529411764705882, 0.29411764705882354]
 mean: 0.27843137254901956, std: 0.1083943134202765
F1 Score: [0.09523809523809523, 0.1, 0.09523809523809523, 0.5256410256410257, 0.11363636363636363, 0.09523809523809523, 0.09523809523809523, 0.0787878787878788, 0.11363636363636363, 0.11363636363636363, 0.11363636363636363, 0.17669172932330826, 0.1, 0.15476190476190477, 0.11363636363636363]
 mean: 0.1390011158432211, std: 0.1060518344375459
Accuracy Intime: [0.2857142857142857, 0.42857142857142855, 0.2857142857142857, 0.6666666666666666, 0.3333333333333333, 0.2857142857142857, 0.42857142857142855, 0.42857142857142855, 0.3333333333333333, 0.3333333333333333, 0.2857142857142857, 0.5714285714285714, 0.2857142857142857, 0.5, 0.3333333333333333]
 mean: 0.38571428571428573, std: 0.11342266720603075
F1 (Intime): [0.1111111111111111, 0.29166666666666663, 0.1111111111111111, 0.5416666666666666, 0.125, 0.1111111111111111, 0.29166666666666663, 0.26666666666666666, 0.125, 0.125, 0.1111111111111111, 0.39285714285714285, 0.1111111111111111, 0.29166666666666663, 0.125]
 mean: 0.20878306878306876, std: 0.12765364724406786
--------------------------------------------------
Subject Number: 22
Accuracy Cross: [0.17647058823529413, 0.4117647058823529, 0.23529411764705882, 0.35294117647058826, 0.29411764705882354, 0.23529411764705882, 0.23529411764705882, 0.23529411764705882, 0.29411764705882354, 0.29411764705882354, 0.29411764705882354, 0.23529411764705882, 0.23529411764705882, 0.4117647058823529, 0.29411764705882354]
 mean: 0.2823529411764706, std: 0.06514999108171039
F1 Score: [0.08333333333333333, 0.2986111111111111, 0.09523809523809523, 0.19642857142857142, 0.11363636363636363, 0.09523809523809523, 0.09523809523809523, 0.09523809523809523, 0.11363636363636363, 0.11363636363636363, 0.11363636363636363, 0.09523809523809523, 0.09523809523809523, 0.24705882352941178, 0.11363636363636363]
 mean: 0.13100281526752114, std: 0.061804587947487874
Accuracy Intime: [0.42857142857142855, 0.2857142857142857, 0.2857142857142857, 0.16666666666666666, 0.3333333333333333, 0.2857142857142857, 0.42857142857142855, 0.2857142857142857, 0.3333333333333333, 0.3333333333333333, 0.2857142857142857, 0.2857142857142857, 0.2857142857142857, 0.5, 0.3333333333333333]
 mean: 0.32380952380952377, std: 0.07668490367734071
F1 (Intime): [0.26666666666666666, 0.1111111111111111, 0.1111111111111111, 0.07142857142857142, 0.125, 0.1111111111111111, 0.29166666666666663, 0.1111111111111111, 0.125, 0.125, 0.1111111111111111, 0.1111111111111111, 0.1111111111111111, 0.325, 0.125]
 mean: 0.14883597883597885, std: 0.07463025325667991
--------------------------------------------------
Subject Number: 23
Accuracy Cross: [0.29411764705882354, 0.23529411764705882, 0.23529411764705882, 0.29411764705882354, 0.29411764705882354, 0.29411764705882354, 0.29411764705882354, 0.23529411764705882, 0.4117647058823529, 0.29411764705882354, 0.29411764705882354, 0.23529411764705882, 0.23529411764705882, 0.29411764705882354, 0.29411764705882354]
 mean: 0.2823529411764706, std: 0.04401949866792872
F1 Score: [0.11363636363636363, 0.09523809523809523, 0.11764705882352941, 0.11363636363636363, 0.11363636363636363, 0.11363636363636363, 0.11363636363636363, 0.14583333333333331, 0.26666666666666666, 0.11363636363636363, 0.11363636363636363, 0.09523809523809523, 0.15037593984962405, 0.11363636363636363, 0.11363636363636363]
 mean: 0.12624843079177442, std: 0.04009308305310601
Accuracy Intime: [0.2857142857142857, 0.2857142857142857, 0.42857142857142855, 0.3333333333333333, 0.3333333333333333, 0.2857142857142857, 0.2857142857142857, 0.2857142857142857, 0.42857142857142855, 0.3333333333333333, 0.2857142857142857, 0.2857142857142857, 0.2857142857142857, 0.6666666666666666, 0.3333333333333333]
 mean: 0.3428571428571428, std: 0.09866838265346065
F1 (Intime): [0.1111111111111111, 0.1111111111111111, 0.2833333333333333, 0.125, 0.125, 0.1111111111111111, 0.1111111111111111, 0.18333333333333335, 0.26785714285714285, 0.125, 0.125, 0.1111111111111111, 0.19642857142857142, 0.5833333333333333, 0.125]
 mean: 0.17965608465608465, std: 0.12116299299487512
--------------------------------------------------
Subject Number: 24
Accuracy Cross: [0.29411764705882354, 0.23529411764705882, 0.23529411764705882, 0.29411764705882354, 0.29411764705882354, 0.35294117647058826, 0.29411764705882354, 0.23529411764705882, 0.29411764705882354, 0.29411764705882354, 0.35294117647058826, 0.23529411764705882, 0.23529411764705882, 0.29411764705882354, 0.29411764705882354]
 mean: 0.2823529411764706, std: 0.03842336851424594
F1 Score: [0.11363636363636363, 0.09523809523809523, 0.09523809523809523, 0.11363636363636363, 0.11363636363636363, 0.20833333333333331, 0.11363636363636363, 0.09523809523809523, 0.11363636363636363, 0.11363636363636363, 0.20833333333333331, 0.09523809523809523, 0.09523809523809523, 0.11363636363636363, 0.11363636363636363]
 mean: 0.1201298701298701, std: 0.035585604899671656
Accuracy Intime: [0.2857142857142857, 0.2857142857142857, 0.2857142857142857, 0.3333333333333333, 0.3333333333333333, 0.42857142857142855, 0.2857142857142857, 0.2857142857142857, 0.3333333333333333, 0.3333333333333333, 0.42857142857142855, 0.2857142857142857, 0.2857142857142857, 0.3333333333333333, 0.3333333333333333]
 mean: 0.32380952380952377, std: 0.046656947481584346
F1 (Intime): [0.1111111111111111, 0.1111111111111111, 0.1111111111111111, 0.125, 0.125, 0.29166666666666663, 0.1111111111111111, 0.1111111111111111, 0.125, 0.125, 0.29166666666666663, 0.1111111111111111, 0.1111111111111111, 0.125, 0.125]
 mean: 0.14074074074074075, std: 0.059547908114124165
--------------------------------------------------
Subject Number: 25
Accuracy Cross: [0.29411764705882354, 0.35294117647058826, 0.23529411764705882, 0.5882352941176471, 0.29411764705882354, 0.29411764705882354, 0.23529411764705882, 0.23529411764705882, 0.29411764705882354, 0.29411764705882354, 0.35294117647058826, 0.23529411764705882, 0.23529411764705882, 0.35294117647058826, 0.35294117647058826]
 mean: 0.3098039215686274, std: 0.0871612187093838
F1 Score: [0.11363636363636363, 0.21904761904761905, 0.09523809523809523, 0.3835227272727273, 0.11363636363636363, 0.17669172932330826, 0.09523809523809523, 0.09523809523809523, 0.11363636363636363, 0.11363636363636363, 0.19642857142857142, 0.11764705882352941, 0.09523809523809523, 0.19444444444444445, 0.19642857142857142]
 mean: 0.15464723715110712, std: 0.07496972769134717
Accuracy Intime: [0.2857142857142857, 0.5714285714285714, 0.2857142857142857, 0.5, 0.3333333333333333, 0.42857142857142855, 0.42857142857142855, 0.2857142857142857, 0.3333333333333333, 0.3333333333333333, 0.5714285714285714, 0.5714285714285714, 0.2857142857142857, 0.5, 0.5]
 mean: 0.41428571428571426, std: 0.11024606574085928
F1 (Intime): [0.1111111111111111, 0.39285714285714285, 0.1111111111111111, 0.325, 0.125, 0.26785714285714285, 0.29166666666666663, 0.1111111111111111, 0.125, 0.125, 0.39285714285714285, 0.3666666666666667, 0.1111111111111111, 0.3333333333333333, 0.3333333333333333]
 mean: 0.2348677248677249, std: 0.11448348432844543
--------------------------------------------------
Subject Number: 26
Accuracy Cross: [0.23529411764705882, 0.17647058823529413, 0.23529411764705882, 0.29411764705882354, 0.29411764705882354, 0.23529411764705882, 0.23529411764705882, 0.23529411764705882, 0.29411764705882354, 0.29411764705882354, 0.29411764705882354, 0.23529411764705882, 0.17647058823529413, 0.29411764705882354, 0.29411764705882354]
 mean: 0.25490196078431365, std: 0.041129758751770655
F1 Score: [0.09523809523809523, 0.11538461538461539, 0.09523809523809523, 0.11363636363636363, 0.11363636363636363, 0.09523809523809523, 0.09523809523809523, 0.09523809523809523, 0.11363636363636363, 0.11363636363636363, 0.11904761904761904, 0.09523809523809523, 0.075, 0.11363636363636363, 0.11363636363636363]
 mean: 0.10417859917859915, std: 0.012150019798591467
Accuracy Intime: [0.2857142857142857, 0.42857142857142855, 0.2857142857142857, 0.3333333333333333, 0.3333333333333333, 0.2857142857142857, 0.2857142857142857, 0.2857142857142857, 0.3333333333333333, 0.3333333333333333, 0.2857142857142857, 0.2857142857142857, 0.2857142857142857, 0.5, 0.3333333333333333]
 mean: 0.32539682539682535, std: 0.060024350479965204
F1 (Intime): [0.1111111111111111, 0.26666666666666666, 0.1111111111111111, 0.125, 0.125, 0.1111111111111111, 0.1111111111111111, 0.1111111111111111, 0.125, 0.125, 0.19642857142857142, 0.1111111111111111, 0.125, 0.39285714285714285, 0.125]
 mean: 0.1515079365079365, std: 0.07639209434626872
--------------------------------------------------
Subject Number: 27
Accuracy Cross: [0.23529411764705882, 0.23529411764705882, 0.29411764705882354, 0.29411764705882354, 0.29411764705882354, 0.29411764705882354, 0.23529411764705882, 0.23529411764705882, 0.29411764705882354, 0.29411764705882354, 0.29411764705882354, 0.29411764705882354, 0.29411764705882354, 0.35294117647058826, 0.29411764705882354]
 mean: 0.28235294117647053, std: 0.0318589741358273
F1 Score: [0.09523809523809523, 0.09523809523809523, 0.11363636363636363, 0.11363636363636363, 0.11363636363636363, 0.11363636363636363, 0.09523809523809523, 0.09523809523809523, 0.1736111111111111, 0.11363636363636363, 0.11363636363636363, 0.11363636363636363, 0.11363636363636363, 0.2634803921568627, 0.11363636363636363]
 mean: 0.1227180771298418, std: 0.041766833363700115
Accuracy Intime: [0.2857142857142857, 0.2857142857142857, 0.2857142857142857, 0.3333333333333333, 0.3333333333333333, 0.2857142857142857, 0.2857142857142857, 0.2857142857142857, 0.5, 0.3333333333333333, 0.2857142857142857, 0.2857142857142857, 0.2857142857142857, 0.42857142857142855, 0.3333333333333333]
 mean: 0.3222222222222222, std: 0.060775205457386176
F1 (Intime): [0.1111111111111111, 0.1111111111111111, 0.1111111111111111, 0.125, 0.125, 0.1111111111111111, 0.1111111111111111, 0.1111111111111111, 0.30952380952380953, 0.125, 0.1111111111111111, 0.1111111111111111, 0.1111111111111111, 0.30000000000000004, 0.125]
 mean: 0.14063492063492067, std: 0.06467528443096135
--------------------------------------------------
Subject Number: 28
Accuracy Cross: [0.17647058823529413, 0.23529411764705882, 0.35294117647058826, 0.35294117647058826, 0.29411764705882354, 0.29411764705882354, 0.23529411764705882, 0.29411764705882354, 0.23529411764705882, 0.29411764705882354, 0.29411764705882354, 0.23529411764705882, 0.23529411764705882, 0.29411764705882354, 0.29411764705882354]
 mean: 0.2745098039215686, std: 0.04640062574980092
F1 Score: [0.11688311688311688, 0.09523809523809523, 0.23076923076923078, 0.21904761904761905, 0.11363636363636363, 0.11363636363636363, 0.09523809523809523, 0.125, 0.1111111111111111, 0.11363636363636363, 0.11363636363636363, 0.15384615384615385, 0.1, 0.11363636363636363, 0.11363636363636363]
 mean: 0.12859677359677357, std: 0.0400834579993662
Accuracy Intime: [0.42857142857142855, 0.2857142857142857, 0.2857142857142857, 0.3333333333333333, 0.3333333333333333, 0.2857142857142857, 0.2857142857142857, 0.5714285714285714, 0.6666666666666666, 0.3333333333333333, 0.2857142857142857, 0.5714285714285714, 0.2857142857142857, 0.3333333333333333, 0.3333333333333333]
 mean: 0.3746031746031745, std: 0.12155041091477237
F1 (Intime): [0.26666666666666666, 0.1111111111111111, 0.125, 0.14285714285714285, 0.125, 0.1111111111111111, 0.1111111111111111, 0.39285714285714285, 0.5416666666666666, 0.125, 0.1111111111111111, 0.3666666666666667, 0.20833333333333331, 0.125, 0.125]
 mean: 0.19923280423280423, std: 0.12889480746786608
--------------------------------------------------
Subject Number: 29
Accuracy Cross: [0.23529411764705882, 0.23529411764705882, 0.23529411764705882, 0.29411764705882354, 0.29411764705882354, 0.23529411764705882, 0.29411764705882354, 0.23529411764705882, 0.23529411764705882, 0.29411764705882354, 0.35294117647058826, 0.29411764705882354, 0.23529411764705882, 0.4117647058823529, 0.29411764705882354]
 mean: 0.27843137254901956, std: 0.050220582254375284
F1 Score: [0.09523809523809523, 0.09523809523809523, 0.09523809523809523, 0.11363636363636363, 0.11363636363636363, 0.09523809523809523, 0.11363636363636363, 0.1, 0.1, 0.11363636363636363, 0.21904761904761905, 0.1736111111111111, 0.09523809523809523, 0.25625, 0.11363636363636363]
 mean: 0.12621873496873498, std: 0.04812261670665249
Accuracy Intime: [0.2857142857142857, 0.2857142857142857, 0.2857142857142857, 0.3333333333333333, 0.3333333333333333, 0.2857142857142857, 0.2857142857142857, 0.42857142857142855, 0.3333333333333333, 0.3333333333333333, 0.2857142857142857, 0.42857142857142855, 0.2857142857142857, 0.3333333333333333, 0.3333333333333333]
 mean: 0.32380952380952377, std: 0.046656947481584346
F1 (Intime): [0.1111111111111111, 0.1111111111111111, 0.1111111111111111, 0.125, 0.125, 0.1111111111111111, 0.1111111111111111, 0.29166666666666663, 0.125, 0.125, 0.1111111111111111, 0.29166666666666663, 0.1111111111111111, 0.225, 0.125]
 mean: 0.1474074074074074, std: 0.06291501442247725
--------------------------------------------------
**************************************************
accuracy_cross_list: [0.28235294117647053, 0.30588235294117644, 0.2823529411764706, 0.2941176470588235, 0.2627450980392157, 0.2666666666666666, 0.26274509803921564, 0.28627450980392155, 0.27843137254901956, 0.26666666666666666, 0.27843137254901956, 0.27450980392156865, 0.27058823529411763, 0.2862745098039215, 0.2941176470588235, 0.28627450980392155, 0.3254901960784313, 0.28627450980392155, 0.2823529411764706, 0.28235294117647053, 0.27843137254901956, 0.2823529411764706, 0.2823529411764706, 0.2823529411764706, 0.3098039215686274, 0.25490196078431365, 0.28235294117647053, 0.2745098039215686, 0.27843137254901956]
f1_score_list: [0.12036796536796533, 0.15420038295038294, 0.13667119373001727, 0.1316276316276316, 0.1178667852042465, 0.12354033479420475, 0.11528328396749447, 0.13278852955323542, 0.14442006308105382, 0.11831791302379537, 0.11934746540009697, 0.12468918508392195, 0.11938697997908522, 0.14806340718105426, 0.13787878787878788, 0.1253080115618815, 0.17563074352548033, 0.12996253746253744, 0.13740181931358403, 0.13542650332124015, 0.1390011158432211, 0.13100281526752114, 0.12624843079177442, 0.1201298701298701, 0.15464723715110712, 0.10417859917859915, 0.1227180771298418, 0.12859677359677357, 0.12621873496873498]
accuracy_intime_list: [0.30476190476190473, 0.36190476190476184, 0.3428571428571428, 0.33333333333333326, 0.37460317460317455, 0.35079365079365077, 0.3444444444444444, 0.3555555555555555, 0.36666666666666664, 0.3158730158730158, 0.35238095238095235, 0.32698412698412693, 0.33333333333333326, 0.37619047619047613, 0.33809523809523806, 0.3142857142857142, 0.37460317460317455, 0.3349206349206349, 0.3555555555555555, 0.33333333333333326, 0.38571428571428573, 0.32380952380952377, 0.3428571428571428, 0.32380952380952377, 0.41428571428571426, 0.32539682539682535, 0.3222222222222222, 0.3746031746031745, 0.32380952380952377]
f1_score_intime_list: [0.1175925925925926, 0.18415343915343915, 0.166005291005291, 0.15174603174603174, 0.1983862433862434, 0.1795238095238095, 0.17531746031746032, 0.18126984126984128, 0.19952380952380952, 0.1287037037037037, 0.1785978835978836, 0.1523809523809524, 0.15174603174603177, 0.21005291005291007, 0.16743386243386243, 0.12870370370370368, 0.21079365079365078, 0.15722222222222224, 0.17611111111111108, 0.15505291005291003, 0.20878306878306876, 0.14883597883597885, 0.17965608465608465, 0.14074074074074075, 0.2348677248677249, 0.1515079365079365, 0.14063492063492067, 0.19923280423280423, 0.1474074074074074]
**************************************************
ACC: 28.21±1.42
F1: 13.11±1.42
Intime: 34.58±2.47
F1 (Intime): 16.97±2.80
