1e-06
Subject Number: 1
Accuracy Cross: [0.21904761904761905, 0.18095238095238095, 0.2, 0.2761904761904762, 0.21904761904761905, 0.21904761904761905, 0.3238095238095238, 0.21904761904761905, 0.20952380952380953, 0.38095238095238093, 0.23809523809523808, 0.26666666666666666, 0.2857142857142857, 0.22857142857142856, 0.24761904761904763]
 mean: 0.24761904761904763, std: 0.05039526306789697
F1 Score: [0.18165368691233186, 0.10288930581613509, 0.1110939907550077, 0.21302711918273465, 0.1311498907084244, 0.10162601626016261, 0.19822590183323477, 0.0982202447163515, 0.08485245901639345, 0.26952745849297577, 0.19098690952237862, 0.18663429086299843, 0.17663817663817663, 0.12858695652173913, 0.15783446121811556]
 mean: 0.15552979123047733, std: 0.05081570790555043
Accuracy Intime: [0.42857142857142855, 0.2857142857142857, 0.2857142857142857, 0.4523809523809524, 0.38095238095238093, 0.21428571428571427, 0.2619047619047619, 0.21428571428571427, 0.21428571428571427, 0.2619047619047619, 0.3333333333333333, 0.30952380952380953, 0.3333333333333333, 0.2619047619047619, 0.23809523809523808]
 mean: 0.29841269841269846, std: 0.07266998820482283
F1 (Intime): [0.3303030303030303, 0.1758241758241758, 0.17216642754662842, 0.41193277310924364, 0.3456410256410256, 0.1, 0.15218855218855218, 0.10289855072463767, 0.10975056689342404, 0.16451612903225804, 0.270343137254902, 0.2458201058201058, 0.20421052631578948, 0.1486370157819225, 0.1440993788819876]
 mean: 0.20522209302117886, std: 0.09237709211571599
--------------------------------------------------
Subject Number: 2
Accuracy Cross: [0.3333333333333333, 0.4380952380952381, 0.23809523809523808, 0.21904761904761905, 0.2571428571428571, 0.34285714285714286, 0.3238095238095238, 0.37142857142857144, 0.3523809523809524, 0.38095238095238093, 0.20952380952380953, 0.2761904761904762, 0.3238095238095238, 0.29523809523809524, 0.1619047619047619]
 mean: 0.30158730158730157, std: 0.0719171999473987
F1 Score: [0.24699143159718878, 0.3259877879735597, 0.13753320422957618, 0.1086677367576244, 0.15938501948404282, 0.2501010101010101, 0.26683870967741935, 0.32401431634421324, 0.24188034188034185, 0.3279771125353621, 0.10612244897959185, 0.19455598455598455, 0.19790849673202612, 0.2204679891906701, 0.08327485380116958]
 mean: 0.21278042958931873, std: 0.07869950027111232
Accuracy Intime: [0.40476190476190477, 0.4523809523809524, 0.35714285714285715, 0.38095238095238093, 0.38095238095238093, 0.30952380952380953, 0.4523809523809524, 0.40476190476190477, 0.35714285714285715, 0.38095238095238093, 0.2857142857142857, 0.30952380952380953, 0.3333333333333333, 0.2857142857142857, 0.2619047619047619]
 mean: 0.3571428571428571, std: 0.05701042855894594
F1 (Intime): [0.3502941176470588, 0.3565719565719566, 0.23953823953823955, 0.2810695187165776, 0.3265700483091788, 0.2016304347826087, 0.39457656096026217, 0.36941394963173546, 0.21616161616161617, 0.33571428571428574, 0.16442307692307692, 0.18472727272727274, 0.20421052631578948, 0.21162988115449916, 0.14520917678812414]
 mean: 0.26544937746281877, std: 0.08037480498509374
--------------------------------------------------
Subject Number: 3
Accuracy Cross: [0.1619047619047619, 0.2571428571428571, 0.1619047619047619, 0.2, 0.21904761904761905, 0.18095238095238095, 0.2, 0.20952380952380953, 0.2, 0.19047619047619047, 0.2571428571428571, 0.20952380952380953, 0.13333333333333333, 0.19047619047619047, 0.2]
 mean: 0.1980952380952381, std: 0.03152941972808923
F1 Score: [0.08424242424242423, 0.17440019597936093, 0.09047619047619047, 0.06666666666666667, 0.15407121614018165, 0.09914965986394558, 0.06666666666666667, 0.08538181818181818, 0.06666666666666667, 0.1067910447761194, 0.14926470588235294, 0.13105241090146752, 0.07176204819277109, 0.08761904761904762, 0.14984544700095018]
 mean: 0.10560374728377533, std: 0.03535291394285291
Accuracy Intime: [0.21428571428571427, 0.21428571428571427, 0.23809523809523808, 0.21428571428571427, 0.2619047619047619, 0.30952380952380953, 0.19047619047619047, 0.21428571428571427, 0.19047619047619047, 0.21428571428571427, 0.35714285714285715, 0.30952380952380953, 0.23809523809523808, 0.2857142857142857, 0.23809523809523808]
 mean: 0.24603174603174605, std: 0.04735375838151206
F1 (Intime): [0.12077922077922079, 0.12186379928315412, 0.14105534105534107, 0.10666666666666666, 0.1804835164835165, 0.18686868686868685, 0.064, 0.10166975881261595, 0.064, 0.12377538829151731, 0.22000000000000003, 0.299234360410831, 0.13666666666666666, 0.17272727272727273, 0.1772549019607843]
 mean: 0.1478030386670849, std: 0.05901581871364108
--------------------------------------------------
Subject Number: 4
Accuracy Cross: [0.2, 0.22857142857142856, 0.2857142857142857, 0.3047619047619048, 0.24761904761904763, 0.3238095238095238, 0.20952380952380953, 0.34285714285714286, 0.20952380952380953, 0.34285714285714286, 0.3047619047619048, 0.2857142857142857, 0.2857142857142857, 0.24761904761904763, 0.22857142857142856]
 mean: 0.2698412698412698, std: 0.04712976142195717
F1 Score: [0.06666666666666667, 0.13588516746411483, 0.15934065934065936, 0.18571428571428572, 0.13889897156684813, 0.28714513556618815, 0.09434889434889435, 0.2036599313762867, 0.10666666666666666, 0.2867243867243867, 0.23073843566021868, 0.21235873356256393, 0.1646153846153846, 0.13611708996986654, 0.13355140186915887]
 mean: 0.16949545407414604, std: 0.06291228726992172
Accuracy Intime: [0.19047619047619047, 0.2619047619047619, 0.35714285714285715, 0.2857142857142857, 0.2619047619047619, 0.30952380952380953, 0.30952380952380953, 0.38095238095238093, 0.3333333333333333, 0.2857142857142857, 0.47619047619047616, 0.23809523809523808, 0.38095238095238093, 0.30952380952380953, 0.2857142857142857]
 mean: 0.31111111111111106, std: 0.06647743362340293
F1 (Intime): [0.064, 0.1634188034188034, 0.20180995475113123, 0.21927655677655675, 0.15508021390374332, 0.2546926757453073, 0.17921146953405018, 0.23434343434343435, 0.19004524886877827, 0.2264810264810265, 0.3432183908045977, 0.1507692307692308, 0.2305590062111801, 0.198110661268556, 0.18593974175035868]
 mean: 0.19979709430845027, std: 0.058708187768099974
--------------------------------------------------
Subject Number: 5
Accuracy Cross: [0.2571428571428571, 0.24761904761904763, 0.2571428571428571, 0.2, 0.21904761904761905, 0.19047619047619047, 0.2761904761904762, 0.2761904761904762, 0.24761904761904763, 0.2571428571428571, 0.18095238095238095, 0.26666666666666666, 0.26666666666666666, 0.24761904761904763, 0.19047619047619047]
 mean: 0.2387301587301587, std: 0.032149813082342
F1 Score: [0.14829268292682926, 0.16996825396825396, 0.1437643810400368, 0.09108695652173912, 0.1149413564507904, 0.06451612903225806, 0.16156528477334367, 0.16255419787150177, 0.18578845566527538, 0.1674927973897046, 0.11878371878371878, 0.15329670329670328, 0.1655072463768116, 0.13626373626373628, 0.064]
 mean: 0.1365214600240469, std: 0.03688854395918936
Accuracy Intime: [0.19047619047619047, 0.30952380952380953, 0.30952380952380953, 0.23809523809523808, 0.40476190476190477, 0.23809523809523808, 0.2857142857142857, 0.3333333333333333, 0.38095238095238093, 0.2619047619047619, 0.2619047619047619, 0.23809523809523808, 0.2619047619047619, 0.21428571428571427, 0.19047619047619047]
 mean: 0.27460317460317457, std: 0.06139390351051973
F1 (Intime): [0.10882352941176472, 0.22244116037219483, 0.17838509316770185, 0.0784313725490196, 0.31764705882352945, 0.13333333333333333, 0.1616161616161616, 0.22351566152407668, 0.33690447483550934, 0.19846153846153847, 0.20072727272727273, 0.13281853281853281, 0.18134920634920634, 0.11111111111111112, 0.064]
 mean: 0.17663770047339686, std: 0.07580311416735522
--------------------------------------------------
Subject Number: 6
Accuracy Cross: [0.1619047619047619, 0.20952380952380953, 0.2, 0.2, 0.2, 0.19047619047619047, 0.2, 0.14285714285714285, 0.24761904761904763, 0.20952380952380953, 0.2, 0.13333333333333333, 0.24761904761904763, 0.23809523809523808, 0.19047619047619047]
 mean: 0.1980952380952381, std: 0.03209961818352899
F1 Score: [0.06071428571428571, 0.11587223587223587, 0.06666666666666667, 0.06666666666666667, 0.06774193548387096, 0.1086373790022338, 0.06666666666666667, 0.08210328638497652, 0.13742277140335393, 0.08495934959349594, 0.09672463768115942, 0.06944444444444445, 0.1812732890427126, 0.1242521859180856, 0.13096636632505673]
 mean: 0.0973408111243941, std: 0.03384427623205725
Accuracy Intime: [0.21428571428571427, 0.2619047619047619, 0.19047619047619047, 0.23809523809523808, 0.19047619047619047, 0.21428571428571427, 0.19047619047619047, 0.2619047619047619, 0.23809523809523808, 0.21428571428571427, 0.19047619047619047, 0.21428571428571427, 0.2857142857142857, 0.30952380952380953, 0.2857142857142857]
 mean: 0.23333333333333334, std: 0.0380952380952381
F1 (Intime): [0.12517482517482517, 0.11799628942486087, 0.064, 0.07692307692307693, 0.06530612244897958, 0.11968854282536152, 0.064, 0.14642857142857144, 0.13264957264957267, 0.10666666666666666, 0.064, 0.12413793103448276, 0.21977554179566564, 0.17838509316770185, 0.21939393939393942]
 mean: 0.12163507819558032, std: 0.05069013340552484
--------------------------------------------------
Subject Number: 7
Accuracy Cross: [0.2, 0.21904761904761905, 0.18095238095238095, 0.26666666666666666, 0.20952380952380953, 0.21904761904761905, 0.2571428571428571, 0.26666666666666666, 0.20952380952380953, 0.2, 0.18095238095238095, 0.2, 0.22857142857142856, 0.24761904761904763, 0.21904761904761905]
 mean: 0.22031746031746033, std: 0.0271312515799638
F1 Score: [0.06666666666666667, 0.1201848998459168, 0.10389610389610389, 0.15509128552606813, 0.1070489844683393, 0.10609057782404999, 0.16025963488843814, 0.15271255060728745, 0.08485245901639345, 0.06666666666666667, 0.1003377110694184, 0.06720000000000001, 0.11428571428571428, 0.18331463491895889, 0.09877264757451783]
 mean: 0.11249203581696933, std: 0.03491709778061354
Accuracy Intime: [0.19047619047619047, 0.21428571428571427, 0.21428571428571427, 0.2857142857142857, 0.30952380952380953, 0.23809523809523808, 0.21428571428571427, 0.30952380952380953, 0.21428571428571427, 0.21428571428571427, 0.23809523809523808, 0.19047619047619047, 0.21428571428571427, 0.38095238095238093, 0.23809523809523808]
 mean: 0.2444444444444445, std: 0.05177621088984156
F1 (Intime): [0.064, 0.12469635627530365, 0.12692307692307692, 0.16457142857142856, 0.17696969696969697, 0.13264957264957267, 0.11435294117647059, 0.1798076923076923, 0.10108527131782945, 0.10975056689342404, 0.13392857142857145, 0.064, 0.10666666666666666, 0.3328616607933496, 0.1336842105263158]
 mean: 0.1377298474999599, std: 0.06162236443727674
--------------------------------------------------
Subject Number: 8
Accuracy Cross: [0.34285714285714286, 0.3238095238095238, 0.29523809523809524, 0.2, 0.34285714285714286, 0.13333333333333333, 0.29523809523809524, 0.4, 0.3904761904761905, 0.3047619047619048, 0.2, 0.4, 0.3523809523809524, 0.2, 0.3238095238095238]
 mean: 0.3003174603174603, std: 0.07898576020360121
F1 Score: [0.28468918693806244, 0.2257456035331365, 0.1862348178137652, 0.06666666666666667, 0.2987457655126828, 0.08838720756661074, 0.22919811320754718, 0.3031121937603877, 0.3334001192605843, 0.2055776670656016, 0.06885245901639345, 0.32317867840332537, 0.2072865275142315, 0.06666666666666667, 0.2053582419173817]
 mean: 0.20620666098953627, std: 0.09200589016581535
Accuracy Intime: [0.42857142857142855, 0.3333333333333333, 0.3333333333333333, 0.23809523809523808, 0.40476190476190477, 0.2619047619047619, 0.21428571428571427, 0.3333333333333333, 0.38095238095238093, 0.30952380952380953, 0.19047619047619047, 0.5, 0.3333333333333333, 0.2619047619047619, 0.38095238095238093]
 mean: 0.326984126984127, std: 0.08177299601518259
F1 (Intime): [0.3849079025549613, 0.2207792207792208, 0.20077220077220076, 0.07692307692307693, 0.38278074866310163, 0.1937123745819398, 0.10592885375494072, 0.232463768115942, 0.32122351332877647, 0.22818070818070818, 0.064, 0.3822222222222222, 0.19310344827586207, 0.14619666048237479, 0.24126984126984125]
 mean: 0.22496430266034462, std: 0.10185296365170177
--------------------------------------------------
Subject Number: 9
Accuracy Cross: [0.2, 0.20952380952380953, 0.29523809523809524, 0.3523809523809524, 0.41904761904761906, 0.2, 0.22857142857142856, 0.3142857142857143, 0.2, 0.3142857142857143, 0.20952380952380953, 0.2571428571428571, 0.4, 0.3619047619047619, 0.3333333333333333]
 mean: 0.28634920634920635, std: 0.07429927972734336
F1 Score: [0.06666666666666667, 0.10612244897959185, 0.20020822488287351, 0.2095238095238095, 0.36553261449770463, 0.06666666666666667, 0.11958855098389982, 0.2076154806491885, 0.06666666666666667, 0.19785330948121643, 0.08497954412624195, 0.15630252100840336, 0.3284731019467862, 0.2989473684210527, 0.23123123123123124]
 mean: 0.1804252137154667, std: 0.09410264826568797
Accuracy Intime: [0.19047619047619047, 0.21428571428571427, 0.2857142857142857, 0.3333333333333333, 0.3333333333333333, 0.19047619047619047, 0.23809523809523808, 0.3333333333333333, 0.19047619047619047, 0.35714285714285715, 0.2619047619047619, 0.3333333333333333, 0.4523809523809524, 0.3333333333333333, 0.38095238095238093]
 mean: 0.29523809523809524, std: 0.07619047619047618
F1 (Intime): [0.064, 0.11368421052631579, 0.2028985507246377, 0.19310344827586207, 0.2732407551880168, 0.064, 0.12444444444444444, 0.23511904761904762, 0.064, 0.2511904761904762, 0.1544186046511628, 0.21566110397946084, 0.4123378582202112, 0.2513821138211382, 0.2305590062111801]
 mean: 0.1900026413234636, std: 0.09216149184109063
--------------------------------------------------
Subject Number: 10
Accuracy Cross: [0.2571428571428571, 0.1619047619047619, 0.2571428571428571, 0.20952380952380953, 0.23809523809523808, 0.2, 0.26666666666666666, 0.34285714285714286, 0.2, 0.2761904761904762, 0.17142857142857143, 0.19047619047619047, 0.1619047619047619, 0.23809523809523808, 0.21904761904761905]
 mean: 0.22603174603174603, std: 0.04774164113551101
F1 Score: [0.18803921568627452, 0.07892765621919968, 0.15324478178368123, 0.11977777777777779, 0.13846153846153847, 0.06666666666666667, 0.15238095238095237, 0.26102575861805394, 0.06666666666666667, 0.16614800759013282, 0.09545966228893057, 0.064, 0.09246753246753246, 0.13288266537904395, 0.10325490196078431]
 mean: 0.12529358559648235, std: 0.052306774164285766
Accuracy Intime: [0.2619047619047619, 0.19047619047619047, 0.3333333333333333, 0.23809523809523808, 0.2857142857142857, 0.19047619047619047, 0.2619047619047619, 0.2857142857142857, 0.19047619047619047, 0.2619047619047619, 0.3333333333333333, 0.2619047619047619, 0.30952380952380953, 0.2619047619047619, 0.21428571428571427]
 mean: 0.25873015873015875, std: 0.04589470569778083
F1 (Intime): [0.19915966386554623, 0.096, 0.19684848484848488, 0.12999999999999998, 0.16484848484848486, 0.064, 0.1307797537619699, 0.22738095238095238, 0.064, 0.14958183990442056, 0.1875, 0.16039279869067102, 0.17921146953405018, 0.14524089306698001, 0.11111111111111112]
 mean: 0.14707036346751143, std: 0.04695470054038296
--------------------------------------------------
Subject Number: 11
Accuracy Cross: [0.20952380952380953, 0.2571428571428571, 0.2, 0.19047619047619047, 0.2857142857142857, 0.23809523809523808, 0.2761904761904762, 0.3238095238095238, 0.23809523809523808, 0.2, 0.29523809523809524, 0.24761904761904763, 0.2, 0.2761904761904762, 0.23809523809523808]
 mean: 0.2450793650793651, std: 0.03910822500173839
F1 Score: [0.16462082279685672, 0.16485256203673865, 0.12240802675585286, 0.06504065040650406, 0.19414499869806198, 0.1365991902834008, 0.19664272497262186, 0.24274487217883448, 0.16978557504873293, 0.06666666666666667, 0.16992143658810327, 0.16418070034750065, 0.10684459750322858, 0.15567164179104478, 0.16861042183622826]
 mean: 0.1525823258606918, std: 0.04574861757807757
Accuracy Intime: [0.38095238095238093, 0.30952380952380953, 0.35714285714285715, 0.23809523809523808, 0.3333333333333333, 0.2619047619047619, 0.2857142857142857, 0.38095238095238093, 0.2619047619047619, 0.21428571428571427, 0.2857142857142857, 0.2619047619047619, 0.2619047619047619, 0.23809523809523808, 0.40476190476190477]
 mean: 0.2984126984126984, std: 0.05758208618164144
F1 (Intime): [0.2785185185185185, 0.18331193838254173, 0.2753846153846154, 0.07692307692307693, 0.2447058823529412, 0.15, 0.21254901960784314, 0.3529554655870445, 0.18233618233618235, 0.10444874274661509, 0.20901320901320902, 0.21115355233002292, 0.15186615186615188, 0.1261904761904762, 0.296969696969697]
 mean: 0.2037551018805957, std: 0.07390530109434705
--------------------------------------------------
Subject Number: 12
Accuracy Cross: [0.19047619047619047, 0.2571428571428571, 0.2, 0.2, 0.2571428571428571, 0.22857142857142856, 0.2857142857142857, 0.21904761904761905, 0.23809523809523808, 0.23809523809523808, 0.2, 0.2761904761904762, 0.2571428571428571, 0.23809523809523808, 0.2]
 mean: 0.23238095238095238, std: 0.029261507610928023
F1 Score: [0.11017918414029737, 0.19865319865319864, 0.06666666666666667, 0.06666666666666667, 0.20602905569007265, 0.12948469585432004, 0.20707002801120447, 0.11810309278350514, 0.13504273504273506, 0.1342690058479532, 0.10684848484848483, 0.1795354676710609, 0.18393723362045797, 0.11790849673202615, 0.06666666666666667]
 mean: 0.13513737859302108, std: 0.04809325438844484
Accuracy Intime: [0.2857142857142857, 0.30952380952380953, 0.19047619047619047, 0.19047619047619047, 0.30952380952380953, 0.21428571428571427, 0.38095238095238093, 0.21428571428571427, 0.2857142857142857, 0.2619047619047619, 0.2857142857142857, 0.30952380952380953, 0.3333333333333333, 0.2857142857142857, 0.19047619047619047]
 mean: 0.2698412698412698, std: 0.05611958580845615
F1 (Intime): [0.16430976430976432, 0.25782906464021016, 0.064, 0.064, 0.23500000000000001, 0.12121212121212119, 0.31843137254901965, 0.12315789473684209, 0.15435992578849722, 0.14956521739130435, 0.20831527093596058, 0.19316239316239317, 0.23030303030303031, 0.16153846153846155, 0.064]
 mean: 0.16727896777117365, std: 0.07236452963213261
--------------------------------------------------
Subject Number: 13
Accuracy Cross: [0.3238095238095238, 0.3238095238095238, 0.26666666666666666, 0.2857142857142857, 0.23809523809523808, 0.3047619047619048, 0.29523809523809524, 0.2857142857142857, 0.2, 0.20952380952380953, 0.34285714285714286, 0.34285714285714286, 0.2857142857142857, 0.2, 0.2761904761904762]
 mean: 0.27873015873015883, std: 0.0464577984252107
F1 Score: [0.261446519524618, 0.20420332355816226, 0.15035051546391753, 0.16675422138836776, 0.12216905901116429, 0.195629136830701, 0.1775910364145658, 0.16678362573099415, 0.10913043478260871, 0.13022113022113022, 0.20888888888888885, 0.25577777777777777, 0.16155844155844154, 0.06829268292682927, 0.15714285714285714]
 mean: 0.16906264341473498, std: 0.050111203785174516
Accuracy Intime: [0.42857142857142855, 0.3333333333333333, 0.2619047619047619, 0.35714285714285715, 0.2857142857142857, 0.2857142857142857, 0.3333333333333333, 0.2619047619047619, 0.2857142857142857, 0.3333333333333333, 0.35714285714285715, 0.3333333333333333, 0.2857142857142857, 0.19047619047619047, 0.2857142857142857]
 mean: 0.30793650793650795, std: 0.053216046394413366
F1 (Intime): [0.3, 0.20095693779904306, 0.17618364418938307, 0.21538461538461537, 0.18701298701298702, 0.17777777777777776, 0.20999999999999996, 0.15238095238095237, 0.16890343698854338, 0.20836707152496628, 0.20555555555555555, 0.24366744366744367, 0.16421052631578947, 0.064, 0.16551724137931034]
 mean: 0.1893278793317578, std: 0.04903545174250824
--------------------------------------------------
Subject Number: 14
Accuracy Cross: [0.2571428571428571, 0.26666666666666666, 0.24761904761904763, 0.2857142857142857, 0.29523809523809524, 0.2, 0.29523809523809524, 0.2857142857142857, 0.2571428571428571, 0.34285714285714286, 0.2, 0.21904761904761905, 0.2571428571428571, 0.18095238095238095, 0.22857142857142856]
 mean: 0.2546031746031746, std: 0.04208714519155949
F1 Score: [0.1511737089201878, 0.18010610079575598, 0.14086303939962477, 0.16312476860422068, 0.2026515837104072, 0.06666666666666667, 0.19888294711824123, 0.1624742268041237, 0.19333521870286577, 0.2564556277056277, 0.09162393162393163, 0.11728971962616823, 0.14857142857142858, 0.09561659848042081, 0.12883116883116882]
 mean: 0.1531777823707227, std: 0.0478678672962401
Accuracy Intime: [0.30952380952380953, 0.3333333333333333, 0.30952380952380953, 0.2619047619047619, 0.42857142857142855, 0.19047619047619047, 0.2857142857142857, 0.2619047619047619, 0.35714285714285715, 0.3333333333333333, 0.30952380952380953, 0.30952380952380953, 0.35714285714285715, 0.2619047619047619, 0.2619047619047619]
 mean: 0.30476190476190473, std: 0.05373432025336748
F1 (Intime): [0.17201540436456994, 0.24119047619047618, 0.17745098039215684, 0.14421052631578948, 0.3576847939666531, 0.064, 0.18471544715447155, 0.15552795031055902, 0.2857808857808858, 0.2320424403183024, 0.22495726495726495, 0.18, 0.20666666666666664, 0.12000000000000002, 0.153921568627451]
 mean: 0.19334429366968314, std: 0.06781530057954317
--------------------------------------------------
**************************************************
accuracy_cross_list: [0.24761904761904763, 0.30158730158730157, 0.1980952380952381, 0.2698412698412698, 0.2387301587301587, 0.1980952380952381, 0.22031746031746033, 0.3003174603174603, 0.28634920634920635, 0.22603174603174603, 0.2450793650793651, 0.23238095238095238, 0.27873015873015883, 0.2546031746031746]
f1_score_list: [0.15552979123047733, 0.21278042958931873, 0.10560374728377533, 0.16949545407414604, 0.1365214600240469, 0.0973408111243941, 0.11249203581696933, 0.20620666098953627, 0.1804252137154667, 0.12529358559648235, 0.1525823258606918, 0.13513737859302108, 0.16906264341473498, 0.1531777823707227]
accuracy_intime_list: [0.29841269841269846, 0.3571428571428571, 0.24603174603174605, 0.31111111111111106, 0.27460317460317457, 0.23333333333333334, 0.2444444444444445, 0.326984126984127, 0.29523809523809524, 0.25873015873015875, 0.2984126984126984, 0.2698412698412698, 0.30793650793650795, 0.30476190476190473]
f1_score_intime_list: [0.20522209302117886, 0.26544937746281877, 0.1478030386670849, 0.19979709430845027, 0.17663770047339686, 0.12163507819558032, 0.1377298474999599, 0.22496430266034462, 0.1900026413234636, 0.14707036346751143, 0.2037551018805957, 0.16727896777117365, 0.1893278793317578, 0.19334429366968314]
**************************************************
ACC: 24.98±3.28
F1: 15.08±3.38
Intime: 28.76±3.36
F1 (Intime): 18.36±3.64
