1e-06
Subject Number: 1
Accuracy Cross: [0.5714285714285714, 0.5714285714285714, 0.5714285714285714, 0.5238095238095238, 0.47619047619047616, 0.6190476190476191, 0.19047619047619047, 0.5238095238095238, 0.5714285714285714, 0.47619047619047616, 0.6666666666666666, 0.5714285714285714, 0.5238095238095238, 0.47619047619047616, 0.47619047619047616]
 mean: 0.5206349206349207, std: 0.1035524217796831
F1 Score: [0.49867374005305043, 0.49867374005305043, 0.49867374005305043, 0.34375, 0.3225806451612903, 0.5714285714285714, 0.18306636155606407, 0.34375, 0.49867374005305043, 0.3225806451612903, 0.6636155606407322, 0.49867374005305043, 0.34375, 0.3225806451612903, 0.3225806451612903]
 mean: 0.415536784969052, std: 0.12233015313479265
Accuracy Intime: [0.875, 0.75, 0.625, 0.5, 0.625, 0.5, 0.625, 0.5, 0.5, 0.5, 1.0, 0.625, 0.5, 0.5, 0.5]
 mean: 0.6083333333333333, std: 0.1504622507105649
F1 (Intime): [0.873015873015873, 0.75, 0.5636363636363637, 0.3333333333333333, 0.5636363636363637, 0.4666666666666667, 0.6190476190476191, 0.3333333333333333, 0.3333333333333333, 0.3333333333333333, 1.0, 0.6190476190476191, 0.3333333333333333, 0.3333333333333333, 0.3333333333333333]
 mean: 0.5192255892255891, std: 0.21261795042075135
--------------------------------------------------
Subject Number: 2
Accuracy Cross: [0.9047619047619048, 0.9047619047619048, 0.5238095238095238, 1.0, 0.47619047619047616, 0.5238095238095238, 0.8095238095238095, 0.6190476190476191, 0.5238095238095238, 0.6190476190476191, 0.7142857142857143, 0.9047619047619048, 0.5238095238095238, 0.5238095238095238, 0.47619047619047616]
 mean: 0.6698412698412698, std: 0.1794142368373942
F1 Score: [0.9045454545454545, 0.9045454545454545, 0.34375, 1.0, 0.3225806451612903, 0.34375, 0.8090909090909091, 0.6111111111111112, 0.34375, 0.5714285714285714, 0.7083333333333333, 0.9045454545454545, 0.34375, 0.5138888888888888, 0.3225806451612903]
 mean: 0.5965100311874505, std: 0.247447014725652
Accuracy Intime: [0.75, 1.0, 0.5, 1.0, 0.5, 0.625, 1.0, 0.75, 0.5, 1.0, 1.0, 0.875, 0.5, 0.625, 0.5]
 mean: 0.7416666666666667, std: 0.21147629234082535
F1 (Intime): [0.75, 1.0, 0.3333333333333333, 1.0, 0.3333333333333333, 0.38461538461538464, 1.0, 0.7333333333333334, 0.3333333333333333, 1.0, 1.0, 0.873015873015873, 0.3333333333333333, 0.6190476190476191, 0.3333333333333333]
 mean: 0.6684452584452585, std: 0.28831152636608676
--------------------------------------------------
Subject Number: 3
Accuracy Cross: [0.5238095238095238, 0.47619047619047616, 0.6666666666666666, 0.5238095238095238, 0.47619047619047616, 0.38095238095238093, 0.47619047619047616, 0.5238095238095238, 0.5238095238095238, 0.47619047619047616, 0.47619047619047616, 0.5238095238095238, 0.5714285714285714, 0.5238095238095238, 0.47619047619047616]
 mean: 0.5079365079365079, std: 0.059391387091649865
F1 Score: [0.5138888888888888, 0.3225806451612903, 0.6636155606407322, 0.34375, 0.3225806451612903, 0.27586206896551724, 0.3225806451612903, 0.34375, 0.34375, 0.3225806451612903, 0.3225806451612903, 0.41666666666666663, 0.49867374005305043, 0.34375, 0.3225806451612903]
 mean: 0.3786127197455065, std: 0.0998818989844902
Accuracy Intime: [0.875, 0.5, 0.75, 0.5, 0.5, 0.625, 0.375, 0.5, 0.5, 0.5, 0.375, 0.75, 0.5, 0.5, 0.5]
 mean: 0.55, std: 0.135400640077266
F1 (Intime): [0.8545454545454545, 0.4666666666666667, 0.7333333333333334, 0.3333333333333333, 0.3333333333333333, 0.5636363636363637, 0.2727272727272727, 0.3333333333333333, 0.3333333333333333, 0.3333333333333333, 0.2727272727272727, 0.6666666666666667, 0.3333333333333333, 0.3333333333333333, 0.3333333333333333]
 mean: 0.43313131313131303, std: 0.17730239470879267
--------------------------------------------------
Subject Number: 4
Accuracy Cross: [0.6190476190476191, 0.5238095238095238, 0.7142857142857143, 0.7619047619047619, 0.47619047619047616, 0.47619047619047616, 0.5238095238095238, 0.5238095238095238, 0.8571428571428571, 0.47619047619047616, 0.7619047619047619, 0.47619047619047616, 0.5714285714285714, 0.5238095238095238, 0.47619047619047616]
 mean: 0.584126984126984, std: 0.12352429497361092
F1 Score: [0.5961538461538461, 0.34375, 0.7083333333333333, 0.7407407407407407, 0.3225806451612903, 0.3225806451612903, 0.34375, 0.34375, 0.851764705882353, 0.3225806451612903, 0.7597254004576659, 0.3225806451612903, 0.49867374005305043, 0.34375, 0.3225806451612903]
 mean: 0.4762196661618293, std: 0.19120036929327885
Accuracy Intime: [0.875, 0.625, 0.75, 0.625, 0.5, 0.375, 0.625, 0.5, 1.0, 0.5, 1.0, 0.625, 0.625, 0.5, 0.5]
 mean: 0.6416666666666667, std: 0.1818118685772619
F1 (Intime): [0.873015873015873, 0.38461538461538464, 0.7333333333333334, 0.6190476190476191, 0.3333333333333333, 0.2727272727272727, 0.38461538461538464, 0.3333333333333333, 1.0, 0.3333333333333333, 1.0, 0.6190476190476191, 0.5636363636363637, 0.3333333333333333, 0.3333333333333333]
 mean: 0.5411137011137012, std: 0.2473585114823818
--------------------------------------------------
Subject Number: 5
Accuracy Cross: [0.47619047619047616, 0.6190476190476191, 0.47619047619047616, 0.6190476190476191, 0.47619047619047616, 0.47619047619047616, 0.6190476190476191, 0.5238095238095238, 0.5238095238095238, 0.47619047619047616, 0.5238095238095238, 0.6666666666666666, 0.5238095238095238, 0.5238095238095238, 0.47619047619047616]
 mean: 0.5333333333333333, std: 0.06317380553057907
F1 Score: [0.3225806451612903, 0.6111111111111112, 0.3225806451612903, 0.5333333333333333, 0.3225806451612903, 0.3225806451612903, 0.6111111111111112, 0.34375, 0.34375, 0.3225806451612903, 0.34375, 0.6370370370370371, 0.34375, 0.34375, 0.3225806451612903]
 mean: 0.4031217642373556, std: 0.11964859868708844
Accuracy Intime: [0.375, 0.875, 0.5, 0.5, 0.5, 0.375, 0.875, 0.5, 0.5, 0.5, 0.625, 0.75, 0.5, 0.5, 0.5]
 mean: 0.5583333333333333, std: 0.15046225071056488
F1 (Intime): [0.2727272727272727, 0.873015873015873, 0.3333333333333333, 0.3333333333333333, 0.3333333333333333, 0.2727272727272727, 0.8545454545454545, 0.3333333333333333, 0.3333333333333333, 0.3333333333333333, 0.38461538461538464, 0.6666666666666667, 0.3333333333333333, 0.3333333333333333, 0.3333333333333333]
 mean: 0.4216198616198616, std: 0.19443744526925064
--------------------------------------------------
Subject Number: 6
Accuracy Cross: [0.47619047619047616, 0.7142857142857143, 0.47619047619047616, 0.47619047619047616, 0.47619047619047616, 0.5238095238095238, 0.5714285714285714, 0.5238095238095238, 0.47619047619047616, 0.47619047619047616, 0.6190476190476191, 0.47619047619047616, 0.47619047619047616, 0.5714285714285714, 0.42857142857142855]
 mean: 0.5174603174603175, std: 0.07141093256636187
F1 Score: [0.3225806451612903, 0.7136363636363636, 0.3225806451612903, 0.3225806451612903, 0.3225806451612903, 0.41666666666666663, 0.49867374005305043, 0.34375, 0.3225806451612903, 0.3225806451612903, 0.5961538461538461, 0.3225806451612903, 0.3225806451612903, 0.5714285714285714, 0.3]
 mean: 0.40139695661525465, std: 0.12578579199687762
Accuracy Intime: [0.375, 0.625, 0.5, 0.5, 0.5, 0.5, 1.0, 0.5, 0.5, 0.5, 0.375, 0.375, 0.5, 0.5, 0.5]
 mean: 0.5166666666666667, std: 0.14337208778404376
F1 (Intime): [0.2727272727272727, 0.6190476190476191, 0.3333333333333333, 0.3333333333333333, 0.3333333333333333, 0.4666666666666667, 1.0, 0.3333333333333333, 0.3333333333333333, 0.3333333333333333, 0.36507936507936506, 0.2727272727272727, 0.3333333333333333, 0.5, 0.3333333333333333]
 mean: 0.41086099086099076, std: 0.18070760683699863
--------------------------------------------------
Subject Number: 7
Accuracy Cross: [0.47619047619047616, 0.47619047619047616, 0.5238095238095238, 0.5238095238095238, 0.47619047619047616, 0.47619047619047616, 0.5238095238095238, 0.5238095238095238, 0.5238095238095238, 0.47619047619047616, 0.6666666666666666, 0.38095238095238093, 0.5238095238095238, 0.5238095238095238, 0.47619047619047616]
 mean: 0.5047619047619047, std: 0.05714285714285715
F1 Score: [0.3225806451612903, 0.3225806451612903, 0.34375, 0.34375, 0.3225806451612903, 0.3225806451612903, 0.34375, 0.34375, 0.34375, 0.3225806451612903, 0.6636155606407322, 0.35764705882352943, 0.34375, 0.4642857142857143, 0.3225806451612903]
 mean: 0.3655688136478478, std: 0.08663482887655614
Accuracy Intime: [0.375, 0.375, 0.5, 0.5, 0.5, 0.375, 0.625, 0.5, 0.5, 0.5, 0.75, 0.5, 0.5, 0.75, 0.5]
 mean: 0.5166666666666667, std: 0.11055415967851331
F1 (Intime): [0.2727272727272727, 0.2727272727272727, 0.3333333333333333, 0.3333333333333333, 0.3333333333333333, 0.2727272727272727, 0.38461538461538464, 0.3333333333333333, 0.3333333333333333, 0.3333333333333333, 0.75, 0.4666666666666667, 0.3333333333333333, 0.7333333333333334, 0.3333333333333333]
 mean: 0.38796425796425793, std: 0.1461209436343045
--------------------------------------------------
Subject Number: 8
Accuracy Cross: [0.8571428571428571, 0.6666666666666666, 0.6190476190476191, 0.5714285714285714, 0.47619047619047616, 0.5714285714285714, 0.8571428571428571, 0.7619047619047619, 0.47619047619047616, 0.47619047619047616, 0.7619047619047619, 0.6190476190476191, 0.7619047619047619, 0.5238095238095238, 0.47619047619047616]
 mean: 0.6317460317460318, std: 0.13408706083773253
F1 Score: [0.8558352402745995, 0.6636155606407322, 0.5333333333333333, 0.4457478005865103, 0.3225806451612903, 0.5675057208237986, 0.851764705882353, 0.7529411764705882, 0.4296296296296296, 0.3225806451612903, 0.7597254004576659, 0.5714285714285714, 0.7529411764705882, 0.34375, 0.3225806451612903]
 mean: 0.566397350098816, std: 0.19042517816922738
Accuracy Intime: [0.75, 0.75, 0.625, 0.5, 0.5, 0.5, 1.0, 0.875, 0.625, 0.5, 0.75, 0.625, 0.75, 0.5, 0.75]
 mean: 0.6666666666666666, std: 0.149071198499986
F1 (Intime): [0.75, 0.75, 0.5636363636363637, 0.3333333333333333, 0.3333333333333333, 0.5, 1.0, 0.873015873015873, 0.5636363636363637, 0.3333333333333333, 0.75, 0.6190476190476191, 0.7333333333333334, 0.3333333333333333, 0.7333333333333334]
 mean: 0.6112890812890813, std: 0.2054480398971808
--------------------------------------------------
Subject Number: 9
Accuracy Cross: [0.7142857142857143, 0.7142857142857143, 0.5238095238095238, 0.5238095238095238, 0.47619047619047616, 0.6190476190476191, 0.7142857142857143, 0.5238095238095238, 0.5238095238095238, 0.47619047619047616, 0.47619047619047616, 0.47619047619047616, 0.5238095238095238, 0.5238095238095238, 0.47619047619047616]
 mean: 0.5523809523809524, std: 0.08832017614757813
F1 Score: [0.6785714285714286, 0.6785714285714286, 0.34375, 0.34375, 0.3225806451612903, 0.5961538461538461, 0.7136363636363636, 0.34375, 0.34375, 0.3225806451612903, 0.3225806451612903, 0.3225806451612903, 0.34375, 0.34375, 0.3225806451612903]
 mean: 0.42282241951596783, std: 0.1490387861415967
Accuracy Intime: [0.625, 0.875, 0.5, 0.5, 0.5, 0.875, 1.0, 0.5, 0.5, 0.5, 0.75, 0.875, 0.5, 0.5, 0.5]
 mean: 0.6333333333333333, std: 0.17950549357115014
F1 (Intime): [0.6190476190476191, 0.873015873015873, 0.3333333333333333, 0.3333333333333333, 0.3333333333333333, 0.8545454545454545, 1.0, 0.3333333333333333, 0.3333333333333333, 0.3333333333333333, 0.75, 0.873015873015873, 0.3333333333333333, 0.3333333333333333, 0.3333333333333333]
 mean: 0.5313083213083212, std: 0.25376542097458976
--------------------------------------------------
Subject Number: 10
Accuracy Cross: [0.7142857142857143, 0.42857142857142855, 0.5238095238095238, 0.6190476190476191, 0.47619047619047616, 0.47619047619047616, 0.9047619047619048, 0.47619047619047616, 0.6190476190476191, 0.47619047619047616, 0.47619047619047616, 0.8095238095238095, 0.5238095238095238, 0.47619047619047616, 0.47619047619047616]
 mean: 0.565079365079365, std: 0.1367660903399239
F1 Score: [0.7083333333333333, 0.42727272727272725, 0.34375, 0.5714285714285714, 0.3225806451612903, 0.3225806451612903, 0.9027777777777777, 0.3225806451612903, 0.5333333333333333, 0.3225806451612903, 0.3225806451612903, 0.8090909090909091, 0.34375, 0.47139588100686497, 0.3225806451612903]
 mean: 0.4697744269474172, std: 0.18929353232728863
Accuracy Intime: [0.5, 0.875, 0.5, 0.875, 0.5, 0.375, 0.75, 0.5, 0.875, 0.5, 0.625, 1.0, 0.5, 0.625, 0.5]
 mean: 0.6333333333333333, std: 0.1852175897574406
F1 (Intime): [0.4666666666666667, 0.8545454545454545, 0.3333333333333333, 0.873015873015873, 0.3333333333333333, 0.2727272727272727, 0.6666666666666667, 0.3333333333333333, 0.873015873015873, 0.3333333333333333, 0.6190476190476191, 1.0, 0.3333333333333333, 0.5636363636363637, 0.3333333333333333]
 mean: 0.545954785954786, std: 0.24327445373425238
--------------------------------------------------
Subject Number: 11
Accuracy Cross: [0.5238095238095238, 0.5714285714285714, 0.6666666666666666, 0.5714285714285714, 0.47619047619047616, 0.5238095238095238, 0.8571428571428571, 0.47619047619047616, 0.47619047619047616, 0.47619047619047616, 0.5238095238095238, 0.3333333333333333, 0.5714285714285714, 0.6190476190476191, 0.47619047619047616]
 mean: 0.5428571428571428, std: 0.11241861085476682
F1 Score: [0.34375, 0.5714285714285714, 0.6666666666666666, 0.4457478005865103, 0.3225806451612903, 0.34375, 0.8558352402745995, 0.3225806451612903, 0.3225806451612903, 0.3225806451612903, 0.34375, 0.3318181818181818, 0.49867374005305043, 0.5333333333333333, 0.3225806451612903]
 mean: 0.4365104506644909, std: 0.15535042403860524
Accuracy Intime: [0.875, 1.0, 0.625, 0.5, 0.5, 0.625, 0.875, 0.5, 0.5, 0.5, 0.625, 0.625, 0.875, 0.5, 0.5]
 mean: 0.6416666666666667, std: 0.16996731711975951
F1 (Intime): [0.8545454545454545, 1.0, 0.5636363636363637, 0.3333333333333333, 0.3333333333333333, 0.38461538461538464, 0.873015873015873, 0.3333333333333333, 0.3333333333333333, 0.3333333333333333, 0.38461538461538464, 0.5636363636363637, 0.873015873015873, 0.3333333333333333, 0.3333333333333333]
 mean: 0.522027602027602, std: 0.24164392130422113
--------------------------------------------------
Subject Number: 12
Accuracy Cross: [0.47619047619047616, 0.5238095238095238, 0.5238095238095238, 0.5238095238095238, 0.47619047619047616, 0.5238095238095238, 0.5238095238095238, 0.5238095238095238, 0.5238095238095238, 0.47619047619047616, 0.5238095238095238, 0.5238095238095238, 0.6190476190476191, 0.47619047619047616, 0.47619047619047616]
 mean: 0.5142857142857142, std: 0.03563483225498994
F1 Score: [0.3225806451612903, 0.34375, 0.34375, 0.4951923076923077, 0.3225806451612903, 0.34375, 0.34375, 0.34375, 0.34375, 0.3225806451612903, 0.34375, 0.34375, 0.5714285714285714, 0.3225806451612903, 0.3225806451612903]
 mean: 0.361968273661822, std: 0.0692985954355532
Accuracy Intime: [0.375, 0.625, 0.5, 0.75, 0.5, 0.875, 0.625, 0.5, 0.625, 0.5, 0.625, 0.625, 0.625, 0.5, 0.5]
 mean: 0.5833333333333334, std: 0.1178511301977579
F1 (Intime): [0.2727272727272727, 0.38461538461538464, 0.3333333333333333, 0.75, 0.3333333333333333, 0.8545454545454545, 0.38461538461538464, 0.3333333333333333, 0.5636363636363637, 0.3333333333333333, 0.38461538461538464, 0.38461538461538464, 0.5636363636363637, 0.3333333333333333, 0.3333333333333333]
 mean: 0.43620046620046615, std: 0.16468554729047857
--------------------------------------------------
Subject Number: 13
Accuracy Cross: [0.7142857142857143, 0.5238095238095238, 0.5714285714285714, 0.5238095238095238, 0.47619047619047616, 0.7142857142857143, 0.7142857142857143, 0.5714285714285714, 0.5238095238095238, 0.47619047619047616, 0.6190476190476191, 0.7142857142857143, 0.7142857142857143, 0.5238095238095238, 0.47619047619047616]
 mean: 0.5904761904761905, std: 0.09492010404905432
F1 Score: [0.6971153846153846, 0.41666666666666663, 0.49867374005305043, 0.34375, 0.3225806451612903, 0.6971153846153846, 0.7083333333333333, 0.49867374005305043, 0.34375, 0.3225806451612903, 0.5333333333333333, 0.7083333333333333, 0.6971153846153846, 0.34375, 0.3225806451612903]
 mean: 0.4969568157401861, std: 0.15894741456548497
Accuracy Intime: [0.75, 0.5, 0.625, 0.5, 0.5, 0.75, 0.875, 0.625, 0.5, 0.5, 1.0, 0.75, 0.75, 0.5, 0.5]
 mean: 0.6416666666666667, std: 0.15723301886761007
F1 (Intime): [0.75, 0.4666666666666667, 0.5636363636363637, 0.3333333333333333, 0.3333333333333333, 0.75, 0.8545454545454545, 0.5636363636363637, 0.3333333333333333, 0.3333333333333333, 1.0, 0.75, 0.7333333333333334, 0.3333333333333333, 0.3333333333333333]
 mean: 0.5621212121212121, std: 0.221455518510852
--------------------------------------------------
Subject Number: 14
Accuracy Cross: [0.8571428571428571, 0.6190476190476191, 0.7142857142857143, 0.5238095238095238, 0.47619047619047616, 0.8571428571428571, 0.7142857142857143, 0.6666666666666666, 0.5238095238095238, 0.47619047619047616, 0.6666666666666666, 0.6666666666666666, 0.47619047619047616, 0.5238095238095238, 0.47619047619047616]
 mean: 0.6158730158730159, std: 0.12832624083433483
F1 Score: [0.8558352402745995, 0.5714285714285714, 0.7136363636363636, 0.34375, 0.3225806451612903, 0.8558352402745995, 0.7083333333333333, 0.6636155606407322, 0.34375, 0.3225806451612903, 0.6100795755968169, 0.6666666666666666, 0.3225806451612903, 0.34375, 0.3225806451612903]
 mean: 0.5311335421664563, std: 0.19977676358002683
Accuracy Intime: [0.875, 0.75, 0.875, 0.5, 0.5, 0.75, 1.0, 0.875, 0.5, 0.5, 0.625, 1.0, 0.5, 0.5, 0.5]
 mean: 0.6833333333333333, std: 0.19293061504650377
F1 (Intime): [0.873015873015873, 0.7333333333333334, 0.873015873015873, 0.3333333333333333, 0.3333333333333333, 0.7333333333333334, 1.0, 0.873015873015873, 0.3333333333333333, 0.3333333333333333, 0.6190476190476191, 1.0, 0.3333333333333333, 0.3333333333333333, 0.3333333333333333]
 mean: 0.6025396825396826, std: 0.2679816406733291
--------------------------------------------------
**************************************************
accuracy_cross_list: [0.5206349206349207, 0.6698412698412698, 0.5079365079365079, 0.584126984126984, 0.5333333333333333, 0.5174603174603175, 0.5047619047619047, 0.6317460317460318, 0.5523809523809524, 0.565079365079365, 0.5428571428571428, 0.5142857142857142, 0.5904761904761905, 0.6158730158730159]
f1_score_list: [0.415536784969052, 0.5965100311874505, 0.3786127197455065, 0.4762196661618293, 0.4031217642373556, 0.40139695661525465, 0.3655688136478478, 0.566397350098816, 0.42282241951596783, 0.4697744269474172, 0.4365104506644909, 0.361968273661822, 0.4969568157401861, 0.5311335421664563]
accuracy_intime_list: [0.6083333333333333, 0.7416666666666667, 0.55, 0.6416666666666667, 0.5583333333333333, 0.5166666666666667, 0.5166666666666667, 0.6666666666666666, 0.6333333333333333, 0.6333333333333333, 0.6416666666666667, 0.5833333333333334, 0.6416666666666667, 0.6833333333333333]
f1_score_intime_list: [0.5192255892255891, 0.6684452584452585, 0.43313131313131303, 0.5411137011137012, 0.4216198616198616, 0.41086099086099076, 0.38796425796425793, 0.6112890812890813, 0.5313083213083212, 0.545954785954786, 0.522027602027602, 0.43620046620046615, 0.5621212121212121, 0.6025396825396826]
**************************************************
ACC: 56.08±4.94
F1: 45.16±7.15
Intime: 61.55±6.21
F1 (Intime): 51.38±8.16
