1e-05
Subject Number: 1
Accuracy Cross: [0.5625, 0.5625, 0.5625, 0.5625, 0.5625, 0.5454545454545454, 0.5454545454545454, 0.5454545454545454, 0.5454545454545454, 0.5454545454545454, 0.5625, 0.5625, 0.5625, 0.5625, 0.5625]
 mean: 0.5568181818181818, std: 0.00803530433166533
F1 Score: [0.36, 0.36, 0.36, 0.36, 0.36, 0.35294117647058826, 0.35294117647058826, 0.35294117647058826, 0.35294117647058826, 0.35294117647058826, 0.36, 0.36, 0.36, 0.36, 0.36]
 mean: 0.3576470588235295, std: 0.003327561323230795
Accuracy Intime: [0.5714285714285714, 0.5714285714285714, 0.6666666666666666, 0.5, 0.5, 0.5714285714285714, 0.5714285714285714, 0.6666666666666666, 0.5, 0.5, 0.5714285714285714, 0.5714285714285714, 0.6666666666666666, 0.5, 0.5]
 mean: 0.5619047619047618, std: 0.06135285107964344
F1 (Intime): [0.36363636363636365, 0.36363636363636365, 0.4, 0.3333333333333333, 0.3333333333333333, 0.36363636363636365, 0.36363636363636365, 0.4, 0.3333333333333333, 0.3333333333333333, 0.36363636363636365, 0.36363636363636365, 0.4, 0.3333333333333333, 0.3333333333333333]
 mean: 0.35878787878787877, std: 0.024663018120455536
--------------------------------------------------
Subject Number: 2
Accuracy Cross: [0.5454545454545454, 0.5454545454545454, 0.5454545454545454, 0.5454545454545454, 0.5454545454545454, 0.5625, 0.5625, 0.5625, 0.5625, 0.5625, 0.5454545454545454, 0.5454545454545454, 0.5454545454545454, 0.5454545454545454, 0.5454545454545454]
 mean: 0.5511363636363634, std: 0.00803530433166533
F1 Score: [0.35294117647058826, 0.35294117647058826, 0.35294117647058826, 0.35294117647058826, 0.35294117647058826, 0.36, 0.36, 0.36, 0.36, 0.36, 0.35294117647058826, 0.35294117647058826, 0.35294117647058826, 0.35294117647058826, 0.35294117647058826]
 mean: 0.35529411764705876, std: 0.003327561323230795
Accuracy Intime: [0.5714285714285714, 0.5714285714285714, 0.9166666666666666, 0.5, 0.5, 0.5714285714285714, 0.5714285714285714, 0.5714285714285714, 0.5, 0.5, 0.5714285714285714, 0.5714285714285714, 0.6666666666666666, 0.5, 0.5]
 mean: 0.5722222222222222, std: 0.10291175309051079
F1 (Intime): [0.36363636363636365, 0.36363636363636365, 0.8991596638655461, 0.3333333333333333, 0.3333333333333333, 0.36363636363636365, 0.36363636363636365, 0.36363636363636365, 0.3333333333333333, 0.3333333333333333, 0.36363636363636365, 0.36363636363636365, 0.4, 0.3333333333333333, 0.3333333333333333]
 mean: 0.3896409472880061, std: 0.13747086611297957
--------------------------------------------------
Subject Number: 3
Accuracy Cross: [0.5625, 0.5625, 0.5625, 0.5625, 0.5625, 0.5454545454545454, 0.5454545454545454, 0.5454545454545454, 0.5454545454545454, 0.5454545454545454, 0.5454545454545454, 0.5454545454545454, 0.5454545454545454, 0.5454545454545454, 0.5454545454545454]
 mean: 0.5511363636363634, std: 0.008035304331665332
F1 Score: [0.36, 0.36, 0.36, 0.36, 0.36, 0.35294117647058826, 0.35294117647058826, 0.35294117647058826, 0.35294117647058826, 0.35294117647058826, 0.35294117647058826, 0.35294117647058826, 0.35294117647058826, 0.35294117647058826, 0.35294117647058826]
 mean: 0.35529411764705876, std: 0.003327561323230795
Accuracy Intime: [0.5714285714285714, 0.5714285714285714, 0.5714285714285714, 0.5, 0.5, 0.5714285714285714, 0.5714285714285714, 0.6666666666666666, 0.5, 0.5, 0.5714285714285714, 0.5714285714285714, 0.6666666666666666, 0.5, 0.5]
 mean: 0.5555555555555555, std: 0.054756153367175674
F1 (Intime): [0.36363636363636365, 0.36363636363636365, 0.36363636363636365, 0.3333333333333333, 0.3333333333333333, 0.36363636363636365, 0.36363636363636365, 0.4, 0.3333333333333333, 0.3333333333333333, 0.36363636363636365, 0.36363636363636365, 0.4, 0.3333333333333333, 0.3333333333333333]
 mean: 0.3563636363636364, std: 0.02215232349393585
--------------------------------------------------
Subject Number: 4
Accuracy Cross: [0.5454545454545454, 0.5454545454545454, 0.5454545454545454, 0.5454545454545454, 0.5454545454545454, 0.5454545454545454, 0.5454545454545454, 0.5454545454545454, 0.5454545454545454, 0.5454545454545454, 0.5454545454545454, 0.5454545454545454, 0.5454545454545454, 0.5454545454545454, 0.5454545454545454]
 mean: 0.5454545454545452, std: 2.220446049250313e-16
F1 Score: [0.35294117647058826, 0.35294117647058826, 0.35294117647058826, 0.35294117647058826, 0.35294117647058826, 0.35294117647058826, 0.35294117647058826, 0.35294117647058826, 0.35294117647058826, 0.35294117647058826, 0.35294117647058826, 0.35294117647058826, 0.35294117647058826, 0.35294117647058826, 0.35294117647058826]
 mean: 0.35294117647058815, std: 1.1102230246251565e-16
Accuracy Intime: [0.5714285714285714, 0.5714285714285714, 0.5714285714285714, 0.5, 0.5, 0.5714285714285714, 0.5714285714285714, 0.5714285714285714, 0.5, 0.5, 0.5714285714285714, 0.5714285714285714, 0.5714285714285714, 0.5, 0.5]
 mean: 0.5428571428571428, std: 0.03499271061118825
F1 (Intime): [0.36363636363636365, 0.36363636363636365, 0.36363636363636365, 0.3333333333333333, 0.3333333333333333, 0.36363636363636365, 0.36363636363636365, 0.36363636363636365, 0.3333333333333333, 0.3333333333333333, 0.36363636363636365, 0.36363636363636365, 0.36363636363636365, 0.3333333333333333, 0.3333333333333333]
 mean: 0.3515151515151515, std: 0.014845392380504125
--------------------------------------------------
Subject Number: 5
Accuracy Cross: [0.5625, 0.5625, 0.5625, 0.5625, 0.5625, 0.5625, 0.5625, 0.5625, 0.5625, 0.5625, 0.5625, 0.5625, 0.5625, 0.5625, 0.5625]
 mean: 0.5625, std: 0.0
F1 Score: [0.36, 0.36, 0.36, 0.36, 0.36, 0.36, 0.36, 0.36, 0.36, 0.36, 0.36, 0.36, 0.36, 0.36, 0.36]
 mean: 0.36000000000000004, std: 5.551115123125783e-17
Accuracy Intime: [0.5714285714285714, 0.5714285714285714, 0.6666666666666666, 0.5, 0.5, 0.5714285714285714, 0.5714285714285714, 0.6666666666666666, 0.5, 0.5, 0.5714285714285714, 0.5714285714285714, 0.6666666666666666, 0.5, 0.5]
 mean: 0.5619047619047618, std: 0.06135285107964344
F1 (Intime): [0.36363636363636365, 0.36363636363636365, 0.4, 0.3333333333333333, 0.3333333333333333, 0.36363636363636365, 0.36363636363636365, 0.4, 0.3333333333333333, 0.3333333333333333, 0.36363636363636365, 0.36363636363636365, 0.4, 0.3333333333333333, 0.3333333333333333]
 mean: 0.35878787878787877, std: 0.024663018120455536
--------------------------------------------------
Subject Number: 6
Accuracy Cross: [0.5625, 0.5625, 0.5625, 0.5625, 0.5625, 0.5454545454545454, 0.5454545454545454, 0.5454545454545454, 0.5454545454545454, 0.5454545454545454, 0.5454545454545454, 0.5454545454545454, 0.5454545454545454, 0.5454545454545454, 0.5454545454545454]
 mean: 0.5511363636363634, std: 0.008035304331665332
F1 Score: [0.36, 0.36, 0.36, 0.36, 0.36, 0.35294117647058826, 0.35294117647058826, 0.35294117647058826, 0.35294117647058826, 0.35294117647058826, 0.35294117647058826, 0.35294117647058826, 0.35294117647058826, 0.35294117647058826, 0.35294117647058826]
 mean: 0.35529411764705876, std: 0.003327561323230795
Accuracy Intime: [0.5714285714285714, 0.5714285714285714, 0.5714285714285714, 0.8333333333333334, 0.5, 0.5714285714285714, 0.5714285714285714, 0.6666666666666666, 0.5, 0.5, 0.5714285714285714, 0.5714285714285714, 0.6666666666666666, 0.5, 0.5]
 mean: 0.5777777777777777, std: 0.08627097296318217
F1 (Intime): [0.36363636363636365, 0.36363636363636365, 0.36363636363636365, 0.8285714285714285, 0.3333333333333333, 0.36363636363636365, 0.36363636363636365, 0.4, 0.3333333333333333, 0.3333333333333333, 0.36363636363636365, 0.36363636363636365, 0.4, 0.3333333333333333, 0.3333333333333333]
 mean: 0.3893795093795093, std: 0.11929234891413776
--------------------------------------------------
Subject Number: 7
Accuracy Cross: [0.5625, 0.5625, 0.5625, 0.5625, 0.5625, 0.5625, 0.5625, 0.5625, 0.5625, 0.5625, 0.5625, 0.5625, 0.5625, 0.5625, 0.5625]
 mean: 0.5625, std: 0.0
F1 Score: [0.36, 0.36, 0.36, 0.36, 0.36, 0.36, 0.36, 0.36, 0.36, 0.36, 0.36, 0.36, 0.36, 0.36, 0.36]
 mean: 0.36000000000000004, std: 5.551115123125783e-17
Accuracy Intime: [0.5714285714285714, 0.5714285714285714, 0.6666666666666666, 0.5, 0.5, 0.5714285714285714, 0.5714285714285714, 0.6666666666666666, 0.5, 0.5, 0.5714285714285714, 0.5714285714285714, 0.6666666666666666, 0.5, 0.5]
 mean: 0.5619047619047618, std: 0.06135285107964344
F1 (Intime): [0.36363636363636365, 0.36363636363636365, 0.4, 0.3333333333333333, 0.3333333333333333, 0.36363636363636365, 0.36363636363636365, 0.4, 0.3333333333333333, 0.3333333333333333, 0.36363636363636365, 0.36363636363636365, 0.4, 0.3333333333333333, 0.3333333333333333]
 mean: 0.35878787878787877, std: 0.024663018120455536
--------------------------------------------------
Subject Number: 8
Accuracy Cross: [0.5625, 0.5625, 0.5625, 0.5625, 0.5625, 0.5625, 0.5625, 0.5625, 0.5625, 0.5625, 0.5625, 0.5625, 0.5625, 0.5625, 0.5625]
 mean: 0.5625, std: 0.0
F1 Score: [0.36, 0.36, 0.36, 0.36, 0.36, 0.36, 0.36, 0.36, 0.36, 0.36, 0.36, 0.36, 0.36, 0.36, 0.36]
 mean: 0.36000000000000004, std: 5.551115123125783e-17
Accuracy Intime: [0.5714285714285714, 0.5714285714285714, 0.75, 0.5, 0.5, 0.5714285714285714, 0.5714285714285714, 0.6666666666666666, 0.5, 0.5, 0.5714285714285714, 0.5714285714285714, 0.6666666666666666, 0.5, 0.5]
 mean: 0.5674603174603176, std: 0.0732140168618972
F1 (Intime): [0.36363636363636365, 0.36363636363636365, 0.7333333333333334, 0.3333333333333333, 0.3333333333333333, 0.36363636363636365, 0.36363636363636365, 0.625, 0.3333333333333333, 0.3333333333333333, 0.36363636363636365, 0.36363636363636365, 0.4, 0.3333333333333333, 0.3333333333333333]
 mean: 0.396010101010101, std: 0.11433805801687513
--------------------------------------------------
Subject Number: 9
Accuracy Cross: [0.5625, 0.5625, 0.5625, 0.5625, 0.5625, 0.5625, 0.5625, 0.5625, 0.5625, 0.5625, 0.5625, 0.5625, 0.5625, 0.5625, 0.5625]
 mean: 0.5625, std: 0.0
F1 Score: [0.36, 0.36, 0.36, 0.36, 0.36, 0.36, 0.36, 0.36, 0.36, 0.36, 0.36, 0.36, 0.36, 0.36, 0.36]
 mean: 0.36000000000000004, std: 5.551115123125783e-17
Accuracy Intime: [0.5714285714285714, 0.5714285714285714, 0.6666666666666666, 0.5, 0.5, 0.5714285714285714, 0.5714285714285714, 0.6666666666666666, 0.5, 0.5, 0.5714285714285714, 0.5714285714285714, 0.6666666666666666, 0.5, 0.5]
 mean: 0.5619047619047618, std: 0.06135285107964344
F1 (Intime): [0.36363636363636365, 0.36363636363636365, 0.4, 0.3333333333333333, 0.3333333333333333, 0.36363636363636365, 0.36363636363636365, 0.4, 0.3333333333333333, 0.3333333333333333, 0.36363636363636365, 0.36363636363636365, 0.4, 0.3333333333333333, 0.3333333333333333]
 mean: 0.35878787878787877, std: 0.024663018120455536
--------------------------------------------------
Subject Number: 10
Accuracy Cross: [0.5625, 0.5625, 0.5625, 0.5625, 0.5625, 0.5625, 0.5625, 0.5625, 0.5625, 0.5625, 0.5454545454545454, 0.5454545454545454, 0.5454545454545454, 0.5454545454545454, 0.5454545454545454]
 mean: 0.5568181818181817, std: 0.00803530433166533
F1 Score: [0.36, 0.36, 0.36, 0.36, 0.36, 0.36, 0.36, 0.36, 0.36, 0.36, 0.35294117647058826, 0.35294117647058826, 0.35294117647058826, 0.35294117647058826, 0.35294117647058826]
 mean: 0.3576470588235293, std: 0.0033275613232307947
Accuracy Intime: [0.5714285714285714, 0.5714285714285714, 0.6666666666666666, 0.5, 0.5, 0.5714285714285714, 0.5714285714285714, 0.6666666666666666, 0.5, 0.5, 0.5714285714285714, 0.5714285714285714, 0.75, 0.5, 0.5]
 mean: 0.5674603174603174, std: 0.0732140168618972
F1 (Intime): [0.36363636363636365, 0.36363636363636365, 0.4, 0.3333333333333333, 0.3333333333333333, 0.36363636363636365, 0.36363636363636365, 0.4, 0.3333333333333333, 0.3333333333333333, 0.36363636363636365, 0.36363636363636365, 0.6210526315789473, 0.3333333333333333, 0.3333333333333333]
 mean: 0.3735247208931419, std: 0.06973794320424363
--------------------------------------------------
Subject Number: 11
Accuracy Cross: [0.5454545454545454, 0.5454545454545454, 0.5454545454545454, 0.5454545454545454, 0.5454545454545454, 0.5454545454545454, 0.5454545454545454, 0.5454545454545454, 0.5454545454545454, 0.5454545454545454, 0.5454545454545454, 0.5454545454545454, 0.5454545454545454, 0.5454545454545454, 0.5454545454545454]
 mean: 0.5454545454545452, std: 2.220446049250313e-16
F1 Score: [0.35294117647058826, 0.35294117647058826, 0.35294117647058826, 0.35294117647058826, 0.35294117647058826, 0.35294117647058826, 0.35294117647058826, 0.35294117647058826, 0.35294117647058826, 0.35294117647058826, 0.35294117647058826, 0.35294117647058826, 0.35294117647058826, 0.35294117647058826, 0.35294117647058826]
 mean: 0.35294117647058815, std: 1.1102230246251565e-16
Accuracy Intime: [0.5714285714285714, 0.5714285714285714, 0.5714285714285714, 0.5833333333333334, 0.5, 0.5714285714285714, 0.5714285714285714, 0.5714285714285714, 0.5, 0.5, 0.5714285714285714, 0.5714285714285714, 0.5714285714285714, 0.5, 0.5]
 mean: 0.5484126984126984, std: 0.03435692193954501
F1 (Intime): [0.36363636363636365, 0.36363636363636365, 0.36363636363636365, 0.4957983193277311, 0.3333333333333333, 0.36363636363636365, 0.36363636363636365, 0.36363636363636365, 0.3333333333333333, 0.3333333333333333, 0.36363636363636365, 0.36363636363636365, 0.36363636363636365, 0.3333333333333333, 0.3333333333333333]
 mean: 0.36234615058144465, std: 0.03832595379460469
--------------------------------------------------
Subject Number: 12
Accuracy Cross: [0.5625, 0.5625, 0.5625, 0.5625, 0.5625, 0.5454545454545454, 0.5454545454545454, 0.5454545454545454, 0.5454545454545454, 0.5454545454545454, 0.5625, 0.5625, 0.5625, 0.5625, 0.5625]
 mean: 0.5568181818181818, std: 0.00803530433166533
F1 Score: [0.36, 0.36, 0.36, 0.36, 0.36, 0.35294117647058826, 0.35294117647058826, 0.35294117647058826, 0.35294117647058826, 0.35294117647058826, 0.36, 0.36, 0.36, 0.36, 0.36]
 mean: 0.3576470588235295, std: 0.003327561323230795
Accuracy Intime: [0.5714285714285714, 0.5714285714285714, 0.9166666666666666, 0.5, 0.5, 0.5714285714285714, 0.5714285714285714, 0.8333333333333334, 0.5, 0.5, 0.5714285714285714, 0.5714285714285714, 0.75, 0.5, 0.5]
 mean: 0.5952380952380951, std: 0.12695932297432225
F1 (Intime): [0.36363636363636365, 0.36363636363636365, 0.8991596638655461, 0.3333333333333333, 0.3333333333333333, 0.36363636363636365, 0.36363636363636365, 0.7777777777777777, 0.3333333333333333, 0.3333333333333333, 0.36363636363636365, 0.36363636363636365, 0.6210526315789473, 0.3333333333333333, 0.3333333333333333]
 mean: 0.43198721700269677, std: 0.175117770948883
--------------------------------------------------
Subject Number: 13
Accuracy Cross: [0.5625, 0.5625, 0.5625, 0.5625, 0.5625, 0.5454545454545454, 0.5454545454545454, 0.5454545454545454, 0.5454545454545454, 0.5454545454545454, 0.5625, 0.5625, 0.5625, 0.5625, 0.5625]
 mean: 0.5568181818181818, std: 0.00803530433166533
F1 Score: [0.36, 0.36, 0.36, 0.36, 0.36, 0.35294117647058826, 0.35294117647058826, 0.35294117647058826, 0.35294117647058826, 0.35294117647058826, 0.36, 0.36, 0.36, 0.36, 0.36]
 mean: 0.3576470588235295, std: 0.003327561323230795
Accuracy Intime: [0.5714285714285714, 0.5714285714285714, 0.6666666666666666, 0.5, 0.5, 0.5714285714285714, 0.5714285714285714, 0.6666666666666666, 0.5, 0.5, 0.5714285714285714, 0.5714285714285714, 0.6666666666666666, 0.5, 0.5]
 mean: 0.5619047619047618, std: 0.06135285107964344
F1 (Intime): [0.36363636363636365, 0.36363636363636365, 0.4, 0.3333333333333333, 0.3333333333333333, 0.36363636363636365, 0.36363636363636365, 0.4, 0.3333333333333333, 0.3333333333333333, 0.36363636363636365, 0.36363636363636365, 0.4, 0.3333333333333333, 0.3333333333333333]
 mean: 0.35878787878787877, std: 0.024663018120455536
--------------------------------------------------
Subject Number: 14
Accuracy Cross: [0.5625, 0.5625, 0.5625, 0.5625, 0.5625, 0.5625, 0.5625, 0.5625, 0.5625, 0.5625, 0.5625, 0.5625, 0.5625, 0.5625, 0.5625]
 mean: 0.5625, std: 0.0
F1 Score: [0.36, 0.36, 0.36, 0.36, 0.36, 0.36, 0.36, 0.36, 0.36, 0.36, 0.36, 0.36, 0.36, 0.36, 0.36]
 mean: 0.36000000000000004, std: 5.551115123125783e-17
Accuracy Intime: [0.5714285714285714, 0.5714285714285714, 0.6666666666666666, 0.5, 0.5, 0.5714285714285714, 0.5714285714285714, 0.6666666666666666, 0.5, 0.5, 0.5714285714285714, 0.5714285714285714, 0.6666666666666666, 0.5, 0.5]
 mean: 0.5619047619047618, std: 0.06135285107964344
F1 (Intime): [0.36363636363636365, 0.36363636363636365, 0.4, 0.3333333333333333, 0.3333333333333333, 0.36363636363636365, 0.36363636363636365, 0.4, 0.3333333333333333, 0.3333333333333333, 0.36363636363636365, 0.36363636363636365, 0.4, 0.3333333333333333, 0.3333333333333333]
 mean: 0.35878787878787877, std: 0.024663018120455536
--------------------------------------------------
Subject Number: 15
Accuracy Cross: [0.5625, 0.5625, 0.5625, 0.5625, 0.5625, 0.5625, 0.5625, 0.5625, 0.5625, 0.5625, 0.5625, 0.5625, 0.5625, 0.5625, 0.5625]
 mean: 0.5625, std: 0.0
F1 Score: [0.36, 0.36, 0.36, 0.36, 0.36, 0.36, 0.36, 0.36, 0.36, 0.36, 0.36, 0.36, 0.36, 0.36, 0.36]
 mean: 0.36000000000000004, std: 5.551115123125783e-17
Accuracy Intime: [0.5714285714285714, 0.5714285714285714, 0.6666666666666666, 0.5, 0.5, 0.5714285714285714, 0.5714285714285714, 0.6666666666666666, 0.5, 0.5, 0.5714285714285714, 0.5714285714285714, 0.6666666666666666, 0.5, 0.5]
 mean: 0.5619047619047618, std: 0.06135285107964344
F1 (Intime): [0.36363636363636365, 0.36363636363636365, 0.4, 0.3333333333333333, 0.3333333333333333, 0.36363636363636365, 0.36363636363636365, 0.4, 0.3333333333333333, 0.3333333333333333, 0.36363636363636365, 0.36363636363636365, 0.4, 0.3333333333333333, 0.3333333333333333]
 mean: 0.35878787878787877, std: 0.024663018120455536
--------------------------------------------------
Subject Number: 16
Accuracy Cross: [0.5625, 0.5625, 0.5625, 0.5625, 0.5625, 0.5625, 0.5625, 0.5625, 0.5625, 0.5625, 0.5625, 0.5625, 0.5625, 0.5625, 0.5625]
 mean: 0.5625, std: 0.0
F1 Score: [0.36, 0.36, 0.36, 0.36, 0.36, 0.36, 0.36, 0.36, 0.36, 0.36, 0.36, 0.36, 0.36, 0.36, 0.36]
 mean: 0.36000000000000004, std: 5.551115123125783e-17
Accuracy Intime: [0.5714285714285714, 0.5714285714285714, 0.8333333333333334, 0.5, 0.5, 0.5714285714285714, 0.5714285714285714, 0.6666666666666666, 0.5, 0.5, 0.5714285714285714, 0.5714285714285714, 0.6666666666666666, 0.5, 0.5]
 mean: 0.573015873015873, std: 0.08843421128370871
F1 (Intime): [0.36363636363636365, 0.36363636363636365, 0.7777777777777777, 0.3333333333333333, 0.3333333333333333, 0.36363636363636365, 0.36363636363636365, 0.4, 0.3333333333333333, 0.3333333333333333, 0.36363636363636365, 0.36363636363636365, 0.4, 0.3333333333333333, 0.3333333333333333]
 mean: 0.38397306397306397, std: 0.1075371750204647
--------------------------------------------------
Subject Number: 17
Accuracy Cross: [0.5454545454545454, 0.5454545454545454, 0.5454545454545454, 0.5454545454545454, 0.5454545454545454, 0.5454545454545454, 0.5454545454545454, 0.5454545454545454, 0.5454545454545454, 0.5454545454545454, 0.5625, 0.5625, 0.5625, 0.5625, 0.5625]
 mean: 0.5511363636363635, std: 0.00803530433166533
F1 Score: [0.35294117647058826, 0.35294117647058826, 0.35294117647058826, 0.35294117647058826, 0.35294117647058826, 0.35294117647058826, 0.35294117647058826, 0.35294117647058826, 0.35294117647058826, 0.35294117647058826, 0.36, 0.36, 0.36, 0.36, 0.36]
 mean: 0.3552941176470589, std: 0.0033275613232307947
Accuracy Intime: [0.5714285714285714, 0.5714285714285714, 0.6666666666666666, 0.5, 0.5, 0.5714285714285714, 0.5714285714285714, 0.6666666666666666, 0.5, 0.5, 0.5714285714285714, 0.5714285714285714, 0.5714285714285714, 0.5, 0.5]
 mean: 0.5555555555555555, std: 0.05475615336717567
F1 (Intime): [0.36363636363636365, 0.36363636363636365, 0.4, 0.3333333333333333, 0.3333333333333333, 0.36363636363636365, 0.36363636363636365, 0.4, 0.3333333333333333, 0.3333333333333333, 0.36363636363636365, 0.36363636363636365, 0.36363636363636365, 0.3333333333333333, 0.3333333333333333]
 mean: 0.3563636363636363, std: 0.02215232349393585
--------------------------------------------------
Subject Number: 18
Accuracy Cross: [0.5454545454545454, 0.5454545454545454, 0.5454545454545454, 0.5454545454545454, 0.5454545454545454, 0.5625, 0.5625, 0.5625, 0.5625, 0.5625, 0.5625, 0.5625, 0.5625, 0.5625, 0.5625]
 mean: 0.5568181818181818, std: 0.00803530433166533
F1 Score: [0.35294117647058826, 0.35294117647058826, 0.35294117647058826, 0.35294117647058826, 0.35294117647058826, 0.36, 0.36, 0.36, 0.36, 0.36, 0.36, 0.36, 0.36, 0.36, 0.36]
 mean: 0.35764705882352943, std: 0.003327561323230794
Accuracy Intime: [0.5714285714285714, 0.5714285714285714, 0.6666666666666666, 0.5, 0.5, 0.5714285714285714, 0.5714285714285714, 0.6666666666666666, 0.5, 0.5, 0.5714285714285714, 0.5714285714285714, 0.75, 0.5, 0.5]
 mean: 0.5674603174603174, std: 0.0732140168618972
F1 (Intime): [0.36363636363636365, 0.36363636363636365, 0.4, 0.3333333333333333, 0.3333333333333333, 0.36363636363636365, 0.36363636363636365, 0.4, 0.3333333333333333, 0.3333333333333333, 0.36363636363636365, 0.36363636363636365, 0.6974789915966386, 0.3333333333333333, 0.3333333333333333]
 mean: 0.378619811560988, std: 0.08802939453774343
--------------------------------------------------
Subject Number: 19
Accuracy Cross: [0.5625, 0.5625, 0.5625, 0.5625, 0.5625, 0.5625, 0.5625, 0.5625, 0.5625, 0.5625, 0.5625, 0.5625, 0.5625, 0.5625, 0.5625]
 mean: 0.5625, std: 0.0
F1 Score: [0.36, 0.36, 0.36, 0.36, 0.36, 0.36, 0.36, 0.36, 0.36, 0.36, 0.36, 0.36, 0.36, 0.36, 0.36]
 mean: 0.36000000000000004, std: 5.551115123125783e-17
Accuracy Intime: [0.5714285714285714, 0.5714285714285714, 0.8333333333333334, 0.5, 0.5, 0.5714285714285714, 0.5714285714285714, 0.6666666666666666, 0.5, 0.5, 0.5714285714285714, 0.5714285714285714, 0.6666666666666666, 0.5, 0.5]
 mean: 0.573015873015873, std: 0.08843421128370871
F1 (Intime): [0.36363636363636365, 0.36363636363636365, 0.7777777777777777, 0.3333333333333333, 0.3333333333333333, 0.36363636363636365, 0.36363636363636365, 0.4, 0.3333333333333333, 0.3333333333333333, 0.36363636363636365, 0.36363636363636365, 0.4, 0.3333333333333333, 0.3333333333333333]
 mean: 0.38397306397306397, std: 0.1075371750204647
--------------------------------------------------
Subject Number: 20
Accuracy Cross: [0.5625, 0.5625, 0.5625, 0.5625, 0.5625, 0.5625, 0.5625, 0.5625, 0.5625, 0.5625, 0.5454545454545454, 0.5454545454545454, 0.5454545454545454, 0.5454545454545454, 0.5454545454545454]
 mean: 0.5568181818181817, std: 0.00803530433166533
F1 Score: [0.36, 0.36, 0.36, 0.36, 0.36, 0.36, 0.36, 0.36, 0.36, 0.36, 0.35294117647058826, 0.35294117647058826, 0.35294117647058826, 0.35294117647058826, 0.35294117647058826]
 mean: 0.3576470588235293, std: 0.0033275613232307947
Accuracy Intime: [0.5714285714285714, 0.5714285714285714, 0.6666666666666666, 0.5, 0.5, 0.5714285714285714, 0.5714285714285714, 0.6666666666666666, 0.5, 0.5, 0.5714285714285714, 0.5714285714285714, 0.6666666666666666, 0.5, 0.5]
 mean: 0.5619047619047618, std: 0.06135285107964344
F1 (Intime): [0.36363636363636365, 0.36363636363636365, 0.4, 0.3333333333333333, 0.3333333333333333, 0.36363636363636365, 0.36363636363636365, 0.4, 0.3333333333333333, 0.3333333333333333, 0.36363636363636365, 0.36363636363636365, 0.4, 0.3333333333333333, 0.3333333333333333]
 mean: 0.35878787878787877, std: 0.024663018120455536
--------------------------------------------------
Subject Number: 21
Accuracy Cross: [0.5625, 0.5625, 0.5625, 0.5625, 0.5625, 0.5625, 0.5625, 0.5625, 0.5625, 0.5625, 0.5625, 0.5625, 0.5625, 0.5625, 0.5625]
 mean: 0.5625, std: 0.0
F1 Score: [0.36, 0.36, 0.36, 0.36, 0.36, 0.36, 0.36, 0.36, 0.36, 0.36, 0.36, 0.36, 0.36, 0.36, 0.36]
 mean: 0.36000000000000004, std: 5.551115123125783e-17
Accuracy Intime: [0.5714285714285714, 0.5714285714285714, 0.6666666666666666, 0.5, 0.5, 0.5714285714285714, 0.5714285714285714, 0.6666666666666666, 0.5, 0.5, 0.5714285714285714, 0.5714285714285714, 0.75, 0.5, 0.5]
 mean: 0.5674603174603174, std: 0.0732140168618972
F1 (Intime): [0.36363636363636365, 0.36363636363636365, 0.4, 0.3333333333333333, 0.3333333333333333, 0.36363636363636365, 0.36363636363636365, 0.4, 0.3333333333333333, 0.3333333333333333, 0.36363636363636365, 0.36363636363636365, 0.6210526315789473, 0.3333333333333333, 0.3333333333333333]
 mean: 0.3735247208931419, std: 0.06973794320424363
--------------------------------------------------
Subject Number: 22
Accuracy Cross: [0.5625, 0.5625, 0.5625, 0.5625, 0.5625, 0.5454545454545454, 0.5454545454545454, 0.5454545454545454, 0.5454545454545454, 0.5454545454545454, 0.5625, 0.5625, 0.5625, 0.5625, 0.5625]
 mean: 0.5568181818181818, std: 0.00803530433166533
F1 Score: [0.36, 0.36, 0.36, 0.36, 0.36, 0.35294117647058826, 0.35294117647058826, 0.35294117647058826, 0.35294117647058826, 0.35294117647058826, 0.36, 0.36, 0.36, 0.36, 0.36]
 mean: 0.3576470588235295, std: 0.003327561323230795
Accuracy Intime: [0.5714285714285714, 0.5714285714285714, 0.6666666666666666, 0.5, 0.5, 0.5714285714285714, 0.5714285714285714, 0.6666666666666666, 0.5, 0.5, 0.5714285714285714, 0.5714285714285714, 0.8333333333333334, 0.5, 0.5]
 mean: 0.573015873015873, std: 0.08843421128370871
F1 (Intime): [0.36363636363636365, 0.36363636363636365, 0.4, 0.3333333333333333, 0.3333333333333333, 0.36363636363636365, 0.36363636363636365, 0.4, 0.3333333333333333, 0.3333333333333333, 0.36363636363636365, 0.36363636363636365, 0.7777777777777777, 0.3333333333333333, 0.3333333333333333]
 mean: 0.38397306397306397, std: 0.1075371750204647
--------------------------------------------------
Subject Number: 23
Accuracy Cross: [0.5454545454545454, 0.5454545454545454, 0.5454545454545454, 0.5454545454545454, 0.5454545454545454, 0.5625, 0.5625, 0.5625, 0.5625, 0.5625, 0.5454545454545454, 0.5454545454545454, 0.5454545454545454, 0.5454545454545454, 0.5454545454545454]
 mean: 0.5511363636363634, std: 0.00803530433166533
F1 Score: [0.35294117647058826, 0.35294117647058826, 0.35294117647058826, 0.35294117647058826, 0.35294117647058826, 0.36, 0.36, 0.36, 0.36, 0.36, 0.35294117647058826, 0.35294117647058826, 0.35294117647058826, 0.35294117647058826, 0.35294117647058826]
 mean: 0.35529411764705876, std: 0.003327561323230795
Accuracy Intime: [0.5714285714285714, 0.5714285714285714, 0.6666666666666666, 0.5, 0.5, 0.5714285714285714, 0.5714285714285714, 0.5714285714285714, 0.5, 0.5, 0.5714285714285714, 0.5714285714285714, 0.6666666666666666, 0.5, 0.5]
 mean: 0.5555555555555555, std: 0.054756153367175674
F1 (Intime): [0.36363636363636365, 0.36363636363636365, 0.625, 0.3333333333333333, 0.3333333333333333, 0.36363636363636365, 0.36363636363636365, 0.36363636363636365, 0.3333333333333333, 0.3333333333333333, 0.36363636363636365, 0.36363636363636365, 0.4, 0.3333333333333333, 0.3333333333333333]
 mean: 0.37136363636363634, std: 0.07035493120791811
--------------------------------------------------
Subject Number: 24
Accuracy Cross: [0.5625, 0.5625, 0.5625, 0.5625, 0.5625, 0.5625, 0.5625, 0.5625, 0.5625, 0.5625, 0.5625, 0.5625, 0.5625, 0.5625, 0.5625]
 mean: 0.5625, std: 0.0
F1 Score: [0.36, 0.36, 0.36, 0.36, 0.36, 0.36, 0.36, 0.36, 0.36, 0.36, 0.36, 0.36, 0.36, 0.36, 0.36]
 mean: 0.36000000000000004, std: 5.551115123125783e-17
Accuracy Intime: [0.5714285714285714, 0.5714285714285714, 0.6666666666666666, 0.5, 0.5, 0.5714285714285714, 0.5714285714285714, 0.6666666666666666, 0.5, 0.5, 0.5714285714285714, 0.5714285714285714, 0.6666666666666666, 0.5, 0.5]
 mean: 0.5619047619047618, std: 0.06135285107964344
F1 (Intime): [0.36363636363636365, 0.36363636363636365, 0.4, 0.3333333333333333, 0.3333333333333333, 0.36363636363636365, 0.36363636363636365, 0.4, 0.3333333333333333, 0.3333333333333333, 0.36363636363636365, 0.36363636363636365, 0.4, 0.3333333333333333, 0.3333333333333333]
 mean: 0.35878787878787877, std: 0.024663018120455536
--------------------------------------------------
Subject Number: 25
Accuracy Cross: [0.5454545454545454, 0.5454545454545454, 0.5454545454545454, 0.5454545454545454, 0.5454545454545454, 0.5625, 0.5625, 0.5625, 0.5625, 0.5625, 0.5625, 0.5625, 0.5625, 0.5625, 0.5625]
 mean: 0.5568181818181818, std: 0.00803530433166533
F1 Score: [0.35294117647058826, 0.35294117647058826, 0.35294117647058826, 0.35294117647058826, 0.35294117647058826, 0.36, 0.36, 0.36, 0.36, 0.36, 0.36, 0.36, 0.36, 0.36, 0.36]
 mean: 0.35764705882352943, std: 0.003327561323230794
Accuracy Intime: [0.5714285714285714, 0.5714285714285714, 0.6666666666666666, 0.5, 0.5, 0.5714285714285714, 0.5714285714285714, 0.6666666666666666, 0.5, 0.5, 0.5714285714285714, 0.5714285714285714, 0.75, 0.5, 0.5]
 mean: 0.5674603174603174, std: 0.0732140168618972
F1 (Intime): [0.36363636363636365, 0.36363636363636365, 0.4, 0.3333333333333333, 0.3333333333333333, 0.36363636363636365, 0.36363636363636365, 0.4, 0.3333333333333333, 0.3333333333333333, 0.36363636363636365, 0.36363636363636365, 0.6210526315789473, 0.3333333333333333, 0.3333333333333333]
 mean: 0.3735247208931419, std: 0.06973794320424363
--------------------------------------------------
Subject Number: 26
Accuracy Cross: [0.5454545454545454, 0.5454545454545454, 0.5454545454545454, 0.5454545454545454, 0.5454545454545454, 0.5625, 0.5625, 0.5625, 0.5625, 0.5625, 0.5625, 0.5625, 0.5625, 0.5625, 0.5625]
 mean: 0.5568181818181818, std: 0.00803530433166533
F1 Score: [0.35294117647058826, 0.35294117647058826, 0.35294117647058826, 0.35294117647058826, 0.35294117647058826, 0.36, 0.36, 0.36, 0.36, 0.36, 0.36, 0.36, 0.36, 0.36, 0.36]
 mean: 0.35764705882352943, std: 0.003327561323230794
Accuracy Intime: [0.5714285714285714, 0.5714285714285714, 0.6666666666666666, 0.5, 0.5, 0.5714285714285714, 0.5714285714285714, 0.6666666666666666, 0.5, 0.5, 0.5714285714285714, 0.5714285714285714, 0.6666666666666666, 0.5, 0.5]
 mean: 0.5619047619047618, std: 0.06135285107964344
F1 (Intime): [0.36363636363636365, 0.36363636363636365, 0.4, 0.3333333333333333, 0.3333333333333333, 0.36363636363636365, 0.36363636363636365, 0.4, 0.3333333333333333, 0.3333333333333333, 0.36363636363636365, 0.36363636363636365, 0.4, 0.3333333333333333, 0.3333333333333333]
 mean: 0.35878787878787877, std: 0.024663018120455536
--------------------------------------------------
Subject Number: 27
Accuracy Cross: [0.5454545454545454, 0.5454545454545454, 0.5454545454545454, 0.5454545454545454, 0.5454545454545454, 0.5454545454545454, 0.5454545454545454, 0.5454545454545454, 0.5454545454545454, 0.5454545454545454, 0.5625, 0.5625, 0.5625, 0.5625, 0.5625]
 mean: 0.5511363636363635, std: 0.00803530433166533
F1 Score: [0.35294117647058826, 0.35294117647058826, 0.35294117647058826, 0.35294117647058826, 0.35294117647058826, 0.35294117647058826, 0.35294117647058826, 0.35294117647058826, 0.35294117647058826, 0.35294117647058826, 0.36, 0.36, 0.36, 0.36, 0.36]
 mean: 0.3552941176470589, std: 0.0033275613232307947
Accuracy Intime: [0.5714285714285714, 0.5714285714285714, 0.6666666666666666, 0.5, 0.5, 0.5714285714285714, 0.5714285714285714, 0.6666666666666666, 0.5, 0.5, 0.5714285714285714, 0.5714285714285714, 0.5714285714285714, 0.5, 0.5]
 mean: 0.5555555555555555, std: 0.05475615336717567
F1 (Intime): [0.36363636363636365, 0.36363636363636365, 0.4, 0.3333333333333333, 0.3333333333333333, 0.36363636363636365, 0.36363636363636365, 0.4, 0.3333333333333333, 0.3333333333333333, 0.36363636363636365, 0.36363636363636365, 0.36363636363636365, 0.3333333333333333, 0.3333333333333333]
 mean: 0.3563636363636363, std: 0.02215232349393585
--------------------------------------------------
Subject Number: 28
Accuracy Cross: [0.5625, 0.5625, 0.5625, 0.5625, 0.5625, 0.5625, 0.5625, 0.5625, 0.5625, 0.5625, 0.5625, 0.5625, 0.5625, 0.5625, 0.5625]
 mean: 0.5625, std: 0.0
F1 Score: [0.36, 0.36, 0.36, 0.36, 0.36, 0.36, 0.36, 0.36, 0.36, 0.36, 0.36, 0.36, 0.36, 0.36, 0.36]
 mean: 0.36000000000000004, std: 5.551115123125783e-17
Accuracy Intime: [0.5714285714285714, 0.5714285714285714, 0.6666666666666666, 0.5, 0.5, 0.5714285714285714, 0.5714285714285714, 0.6666666666666666, 0.5, 0.5, 0.5714285714285714, 0.5714285714285714, 0.6666666666666666, 0.5, 0.5]
 mean: 0.5619047619047618, std: 0.06135285107964344
F1 (Intime): [0.36363636363636365, 0.36363636363636365, 0.4, 0.3333333333333333, 0.3333333333333333, 0.36363636363636365, 0.36363636363636365, 0.4, 0.3333333333333333, 0.3333333333333333, 0.36363636363636365, 0.36363636363636365, 0.4, 0.3333333333333333, 0.3333333333333333]
 mean: 0.35878787878787877, std: 0.024663018120455536
--------------------------------------------------
Subject Number: 29
Accuracy Cross: [0.5625, 0.5625, 0.5625, 0.5625, 0.5625, 0.5625, 0.5625, 0.5625, 0.5625, 0.5625, 0.5454545454545454, 0.5454545454545454, 0.5454545454545454, 0.5454545454545454, 0.5454545454545454]
 mean: 0.5568181818181817, std: 0.00803530433166533
F1 Score: [0.36, 0.36, 0.36, 0.36, 0.36, 0.36, 0.36, 0.36, 0.36, 0.36, 0.35294117647058826, 0.35294117647058826, 0.35294117647058826, 0.35294117647058826, 0.35294117647058826]
 mean: 0.3576470588235293, std: 0.0033275613232307947
Accuracy Intime: [0.5714285714285714, 0.5714285714285714, 0.6666666666666666, 0.5, 0.5, 0.5714285714285714, 0.5714285714285714, 0.6666666666666666, 0.5, 0.5, 0.5714285714285714, 0.5714285714285714, 0.6666666666666666, 0.5, 0.5]
 mean: 0.5619047619047618, std: 0.06135285107964344
F1 (Intime): [0.36363636363636365, 0.36363636363636365, 0.4, 0.3333333333333333, 0.3333333333333333, 0.36363636363636365, 0.36363636363636365, 0.4, 0.3333333333333333, 0.3333333333333333, 0.36363636363636365, 0.36363636363636365, 0.4, 0.3333333333333333, 0.3333333333333333]
 mean: 0.35878787878787877, std: 0.024663018120455536
--------------------------------------------------
**************************************************
accuracy_cross_list: [0.5568181818181818, 0.5511363636363634, 0.5511363636363634, 0.5454545454545452, 0.5625, 0.5511363636363634, 0.5625, 0.5625, 0.5625, 0.5568181818181817, 0.5454545454545452, 0.5568181818181818, 0.5568181818181818, 0.5625, 0.5625, 0.5625, 0.5511363636363635, 0.5568181818181818, 0.5625, 0.5568181818181817, 0.5625, 0.5568181818181818, 0.5511363636363634, 0.5625, 0.5568181818181818, 0.5568181818181818, 0.5511363636363635, 0.5625, 0.5568181818181817]
f1_score_list: [0.3576470588235295, 0.35529411764705876, 0.35529411764705876, 0.35294117647058815, 0.36000000000000004, 0.35529411764705876, 0.36000000000000004, 0.36000000000000004, 0.36000000000000004, 0.3576470588235293, 0.35294117647058815, 0.3576470588235295, 0.3576470588235295, 0.36000000000000004, 0.36000000000000004, 0.36000000000000004, 0.3552941176470589, 0.35764705882352943, 0.36000000000000004, 0.3576470588235293, 0.36000000000000004, 0.3576470588235295, 0.35529411764705876, 0.36000000000000004, 0.35764705882352943, 0.35764705882352943, 0.3552941176470589, 0.36000000000000004, 0.3576470588235293]
accuracy_intime_list: [0.5619047619047618, 0.5722222222222222, 0.5555555555555555, 0.5428571428571428, 0.5619047619047618, 0.5777777777777777, 0.5619047619047618, 0.5674603174603176, 0.5619047619047618, 0.5674603174603174, 0.5484126984126984, 0.5952380952380951, 0.5619047619047618, 0.5619047619047618, 0.5619047619047618, 0.573015873015873, 0.5555555555555555, 0.5674603174603174, 0.573015873015873, 0.5619047619047618, 0.5674603174603174, 0.573015873015873, 0.5555555555555555, 0.5619047619047618, 0.5674603174603174, 0.5619047619047618, 0.5555555555555555, 0.5619047619047618, 0.5619047619047618]
f1_score_intime_list: [0.35878787878787877, 0.3896409472880061, 0.3563636363636364, 0.3515151515151515, 0.35878787878787877, 0.3893795093795093, 0.35878787878787877, 0.396010101010101, 0.35878787878787877, 0.3735247208931419, 0.36234615058144465, 0.43198721700269677, 0.35878787878787877, 0.35878787878787877, 0.35878787878787877, 0.38397306397306397, 0.3563636363636363, 0.378619811560988, 0.38397306397306397, 0.35878787878787877, 0.3735247208931419, 0.38397306397306397, 0.37136363636363634, 0.35878787878787877, 0.3735247208931419, 0.35878787878787877, 0.3563636363636363, 0.35878787878787877, 0.35878787878787877]
**************************************************
ACC: 55.70±0.53
F1: 35.77±0.22
Intime: 56.41±0.94
F1 (Intime): 36.96±1.71
