1e-05
Subject Number: 1
Accuracy Cross: [0.17647058823529413, 0.2647058823529412, 0.2647058823529412, 0.2647058823529412, 0.2647058823529412, 0.2608695652173913, 0.2608695652173913, 0.2753623188405797, 0.2028985507246377, 0.2028985507246377, 0.25, 0.2647058823529412, 0.29411764705882354, 0.2647058823529412, 0.3088235294117647]
 mean: 0.2547030406365444, std: 0.03375952501230264
F1 Score: [0.10165389269866881, 0.10465116279069768, 0.10465116279069768, 0.10465116279069768, 0.10588235294117647, 0.17131327953044756, 0.10344827586206896, 0.13088235294117648, 0.13623990165086053, 0.13173076923076923, 0.11486486486486487, 0.10465116279069768, 0.15416666666666667, 0.10465116279069768, 0.20238095238095238]
 mean: 0.12505460818140934, std: 0.029140717100698026
Accuracy Intime: [0.2857142857142857, 0.39285714285714285, 0.35714285714285715, 0.3076923076923077, 0.2692307692307692, 0.35714285714285715, 0.35714285714285715, 0.21428571428571427, 0.34615384615384615, 0.2692307692307692, 0.35714285714285715, 0.32142857142857145, 0.42857142857142855, 0.23076923076923078, 0.3076923076923077]
 mean: 0.3201465201465201, std: 0.05719625100086532
F1 (Intime): [0.18333333333333335, 0.27884012539184955, 0.225, 0.2, 0.1794871794871795, 0.2206896551724138, 0.2426470588235294, 0.08823529411764706, 0.22916666666666669, 0.17559523809523808, 0.2375, 0.23313782991202345, 0.3686868686868687, 0.09375, 0.20738636363636365]
 mean: 0.21089704088820752, std: 0.06544506731914054
--------------------------------------------------
Subject Number: 2
Accuracy Cross: [0.2608695652173913, 0.2608695652173913, 0.2608695652173913, 0.2608695652173913, 0.2608695652173913, 0.2647058823529412, 0.2647058823529412, 0.2647058823529412, 0.2647058823529412, 0.2647058823529412, 0.21739130434782608, 0.2608695652173913, 0.2608695652173913, 0.2608695652173913, 0.21739130434782608]
 mean: 0.2563512361466326, std: 0.015379803896520803
F1 Score: [0.10344827586206896, 0.10344827586206896, 0.10344827586206896, 0.10344827586206896, 0.10344827586206896, 0.10465116279069768, 0.10465116279069768, 0.10465116279069768, 0.10465116279069768, 0.10465116279069768, 0.14285714285714285, 0.10465116279069768, 0.10714285714285714, 0.10344827586206896, 0.10783836416747809]
 mean: 0.10709566640560518, std: 0.009644035666764186
Accuracy Intime: [0.21428571428571427, 0.21428571428571427, 0.21428571428571427, 0.3076923076923077, 0.23076923076923078, 0.32142857142857145, 0.21428571428571427, 0.2857142857142857, 0.25, 0.2692307692307692, 0.42857142857142855, 0.21428571428571427, 0.21428571428571427, 0.34615384615384615, 0.23076923076923078]
 mean: 0.26373626373626374, std: 0.06152047094429549
F1 (Intime): [0.08823529411764706, 0.08823529411764706, 0.08823529411764706, 0.11764705882352941, 0.09375, 0.21195652173913043, 0.08823529411764706, 0.11428571428571428, 0.14646464646464646, 0.16820276497695852, 0.29166666666666663, 0.08823529411764706, 0.08823529411764706, 0.20833333333333331, 0.09375]
 mean: 0.13169789806639073, std: 0.06009425348072682
--------------------------------------------------
Subject Number: 3
Accuracy Cross: [0.2647058823529412, 0.25, 0.3235294117647059, 0.2647058823529412, 0.17647058823529413, 0.21739130434782608, 0.2608695652173913, 0.2608695652173913, 0.2898550724637681, 0.2898550724637681, 0.2608695652173913, 0.2608695652173913, 0.2608695652173913, 0.2608695652173913, 0.13043478260869565]
 mean: 0.2514776925262858, std: 0.045061312042365825
F1 Score: [0.10465116279069768, 0.1, 0.21124676285608585, 0.10465116279069768, 0.11465677179962894, 0.14434523809523808, 0.10344827586206896, 0.125, 0.1900871459694989, 0.17532467532467533, 0.10344827586206896, 0.10344827586206896, 0.12, 0.10344827586206896, 0.07907774390243902]
 mean: 0.1255222511318158, std: 0.03663282157022595
Accuracy Intime: [0.2857142857142857, 0.32142857142857145, 0.32142857142857145, 0.21428571428571427, 0.34615384615384615, 0.32142857142857145, 0.2857142857142857, 0.2857142857142857, 0.3076923076923077, 0.3076923076923077, 0.21428571428571427, 0.42857142857142855, 0.21428571428571427, 0.23076923076923078, 0.34615384615384615]
 mean: 0.29542124542124537, std: 0.057398227162253616
F1 (Intime): [0.11428571428571428, 0.20393374741200826, 0.22142857142857142, 0.08823529411764706, 0.22916666666666669, 0.19642857142857142, 0.1111111111111111, 0.2048611111111111, 0.11764705882352941, 0.22115384615384615, 0.08823529411764706, 0.28735632183908044, 0.09090909090909091, 0.09375, 0.24202898550724639]
 mean: 0.1673687589941228, std: 0.06604926727491801
--------------------------------------------------
Subject Number: 4
Accuracy Cross: [0.2608695652173913, 0.2608695652173913, 0.2608695652173913, 0.2608695652173913, 0.2898550724637681, 0.2608695652173913, 0.2608695652173913, 0.2608695652173913, 0.2608695652173913, 0.2753623188405797, 0.2898550724637681, 0.2608695652173913, 0.2608695652173913, 0.2608695652173913, 0.2753623188405797]
 mean: 0.26666666666666655, std: 0.010316017634812867
F1 Score: [0.10344827586206896, 0.10344827586206896, 0.10344827586206896, 0.10344827586206896, 0.16743827160493827, 0.10344827586206896, 0.10344827586206896, 0.10344827586206896, 0.10344827586206896, 0.13116100766703176, 0.16331335616438356, 0.10344827586206896, 0.10344827586206896, 0.10344827586206896, 0.13095238095238093]
 mean: 0.11538640339143287, std: 0.021702895908268984
Accuracy Intime: [0.2857142857142857, 0.32142857142857145, 0.35714285714285715, 0.25, 0.2692307692307692, 0.25, 0.21428571428571427, 0.21428571428571427, 0.21428571428571427, 0.23076923076923078, 0.2857142857142857, 0.2857142857142857, 0.35714285714285715, 0.21428571428571427, 0.38461538461538464]
 mean: 0.27564102564102566, std: 0.055370756255791125
F1 (Intime): [0.1111111111111111, 0.21395881006864986, 0.2572944297082228, 0.14375, 0.15900383141762453, 0.14646464646464646, 0.08823529411764706, 0.08823529411764706, 0.08823529411764706, 0.09375, 0.17777777777777776, 0.1111111111111111, 0.21666666666666667, 0.08823529411764706, 0.2557544757033248]
 mean: 0.1493056024333149, std: 0.05976428663780077
--------------------------------------------------
Subject Number: 5
Accuracy Cross: [0.2647058823529412, 0.2647058823529412, 0.2647058823529412, 0.2647058823529412, 0.2647058823529412, 0.2647058823529412, 0.2647058823529412, 0.2647058823529412, 0.20588235294117646, 0.2647058823529412, 0.27941176470588236, 0.2647058823529412, 0.3088235294117647, 0.2647058823529412, 0.2647058823529412]
 mean: 0.2647058823529412, std: 0.019361193782481866
F1 Score: [0.10465116279069768, 0.10465116279069768, 0.10465116279069768, 0.10465116279069768, 0.10465116279069768, 0.10465116279069768, 0.10465116279069768, 0.10465116279069768, 0.18742368742368742, 0.13057471264367815, 0.13224325874928283, 0.10465116279069768, 0.18095448519664162, 0.10465116279069768, 0.10465116279069768]
 mean: 0.11882392898073094, std: 0.027195382596452898
Accuracy Intime: [0.21428571428571427, 0.21428571428571427, 0.21428571428571427, 0.38461538461538464, 0.34615384615384615, 0.32142857142857145, 0.21428571428571427, 0.21428571428571427, 0.46153846153846156, 0.4230769230769231, 0.21428571428571427, 0.21428571428571427, 0.35714285714285715, 0.23076923076923078, 0.23076923076923078]
 mean: 0.2836996336996337, std: 0.08613395586598986
F1 (Intime): [0.08823529411764706, 0.08823529411764706, 0.08823529411764706, 0.245014245014245, 0.24747474747474746, 0.2111111111111111, 0.08823529411764706, 0.08823529411764706, 0.3606060606060606, 0.3035714285714286, 0.08823529411764706, 0.08823529411764706, 0.21764705882352942, 0.09375, 0.09375]
 mean: 0.15937144736164344, std: 0.09183090943737428
--------------------------------------------------
Subject Number: 6
Accuracy Cross: [0.29411764705882354, 0.2647058823529412, 0.2647058823529412, 0.2647058823529412, 0.27941176470588236, 0.2608695652173913, 0.2608695652173913, 0.3333333333333333, 0.2608695652173913, 0.34782608695652173, 0.2608695652173913, 0.2608695652173913, 0.2753623188405797, 0.2898550724637681, 0.2898550724637681]
 mean: 0.2805484512645638, std: 0.026315160757512588
F1 Score: [0.15714285714285714, 0.10465116279069768, 0.10465116279069768, 0.10465116279069768, 0.1588345864661654, 0.10344827586206896, 0.11392405063291139, 0.23333333333333334, 0.10344827586206896, 0.2325317604355717, 0.10344827586206896, 0.10344827586206896, 0.17909090909090908, 0.15588235294117647, 0.19024122807017543]
 mean: 0.1432485113288979, std: 0.046072974058440824
Accuracy Intime: [0.4642857142857143, 0.2857142857142857, 0.2857142857142857, 0.2857142857142857, 0.38461538461538464, 0.32142857142857145, 0.39285714285714285, 0.2857142857142857, 0.23076923076923078, 0.34615384615384615, 0.39285714285714285, 0.21428571428571427, 0.2857142857142857, 0.4230769230769231, 0.2692307692307692]
 mean: 0.32454212454212455, std: 0.0703344397039734
F1 (Intime): [0.3194444444444444, 0.1111111111111111, 0.1111111111111111, 0.1111111111111111, 0.26050420168067223, 0.19642857142857142, 0.24526315789473685, 0.1111111111111111, 0.09375, 0.2115987460815047, 0.34615384615384615, 0.08823529411764706, 0.19090909090909092, 0.2774936061381074, 0.17692307692307693]
 mean: 0.19007656534774284, std: 0.08246752891197946
--------------------------------------------------
Subject Number: 7
Accuracy Cross: [0.2647058823529412, 0.2647058823529412, 0.2647058823529412, 0.2647058823529412, 0.2647058823529412, 0.2647058823529412, 0.2647058823529412, 0.2647058823529412, 0.2647058823529412, 0.2647058823529412, 0.2647058823529412, 0.2647058823529412, 0.2647058823529412, 0.2647058823529412, 0.25]
 mean: 0.26372549019607844, std: 0.0036682915556607277
F1 Score: [0.10465116279069768, 0.10465116279069768, 0.10465116279069768, 0.10465116279069768, 0.10465116279069768, 0.10465116279069768, 0.10465116279069768, 0.10465116279069768, 0.10465116279069768, 0.10465116279069768, 0.10465116279069768, 0.10588235294117647, 0.10465116279069768, 0.10465116279069768, 0.1637069922308546]
 mean: 0.10867029743007338, std: 0.014712364802686879
Accuracy Intime: [0.21428571428571427, 0.21428571428571427, 0.21428571428571427, 0.38461538461538464, 0.2692307692307692, 0.32142857142857145, 0.32142857142857145, 0.21428571428571427, 0.23076923076923078, 0.23076923076923078, 0.21428571428571427, 0.39285714285714285, 0.32142857142857145, 0.38461538461538464, 0.34615384615384615]
 mean: 0.28498168498168497, std: 0.06847563829977339
F1 (Intime): [0.08823529411764706, 0.08823529411764706, 0.08823529411764706, 0.24014336917562723, 0.15714285714285714, 0.20833333333333331, 0.20823529411764707, 0.08823529411764706, 0.09375, 0.10714285714285714, 0.08823529411764706, 0.2981203007518797, 0.21614420062695927, 0.24305555555555558, 0.23863636363636365]
 mean: 0.16345870680475433, std: 0.07264504325727991
--------------------------------------------------
Subject Number: 8
Accuracy Cross: [0.2647058823529412, 0.2647058823529412, 0.2647058823529412, 0.2647058823529412, 0.25, 0.2647058823529412, 0.2647058823529412, 0.2647058823529412, 0.2647058823529412, 0.3235294117647059, 0.20588235294117646, 0.2647058823529412, 0.2647058823529412, 0.27941176470588236, 0.29411764705882354]
 mean: 0.26666666666666666, std: 0.023324269124255535
F1 Score: [0.10465116279069768, 0.10465116279069768, 0.10465116279069768, 0.10465116279069768, 0.1349367088607595, 0.10465116279069768, 0.10465116279069768, 0.10465116279069768, 0.10465116279069768, 0.21124676285608585, 0.12272727272727274, 0.10465116279069768, 0.10465116279069768, 0.13214285714285715, 0.15605278255880667]
 mean: 0.12024120080351725, std: 0.028703963139865764
Accuracy Intime: [0.25, 0.32142857142857145, 0.21428571428571427, 0.23076923076923078, 0.23076923076923078, 0.21428571428571427, 0.39285714285714285, 0.21428571428571427, 0.3076923076923077, 0.38461538461538464, 0.35714285714285715, 0.21428571428571427, 0.21428571428571427, 0.34615384615384615, 0.34615384615384615]
 mean: 0.2826007326007326, std: 0.06738234379023907
F1 (Intime): [0.14375, 0.20416666666666666, 0.08823529411764706, 0.09375, 0.09375, 0.08823529411764706, 0.30244755244755245, 0.08823529411764706, 0.20797720797720798, 0.26785714285714285, 0.2206896551724138, 0.1388888888888889, 0.125, 0.22634271099744246, 0.26282051282051283]
 mean: 0.1701430813453846, std: 0.07277993169056433
--------------------------------------------------
Subject Number: 9
Accuracy Cross: [0.2647058823529412, 0.2647058823529412, 0.2647058823529412, 0.25, 0.16176470588235295, 0.2647058823529412, 0.2647058823529412, 0.2647058823529412, 0.2647058823529412, 0.27941176470588236, 0.2647058823529412, 0.2647058823529412, 0.2647058823529412, 0.2647058823529412, 0.29411764705882354]
 mean: 0.2598039215686274, std: 0.027729677693590103
F1 Score: [0.17314095449500555, 0.10465116279069768, 0.10465116279069768, 0.1, 0.11012608353033884, 0.10465116279069768, 0.10465116279069768, 0.10465116279069768, 0.10465116279069768, 0.13214285714285715, 0.10465116279069768, 0.10465116279069768, 0.10465116279069768, 0.10465116279069768, 0.17015566290928608]
 mean: 0.11547181239896427, std: 0.023141298674413096
Accuracy Intime: [0.35714285714285715, 0.39285714285714285, 0.21428571428571427, 0.23076923076923078, 0.2692307692307692, 0.21428571428571427, 0.21428571428571427, 0.21428571428571427, 0.23076923076923078, 0.34615384615384615, 0.21428571428571427, 0.2857142857142857, 0.2857142857142857, 0.23076923076923078, 0.3076923076923077]
 mean: 0.2672161172161172, std: 0.05797911151929101
F1 (Intime): [0.2403846153846154, 0.24441687344913152, 0.08823529411764706, 0.09375, 0.1846590909090909, 0.08823529411764706, 0.09090909090909091, 0.1527777777777778, 0.09375, 0.25384615384615383, 0.08823529411764706, 0.11428571428571428, 0.1111111111111111, 0.09375, 0.19642857142857142]
 mean: 0.1423183254302799, std: 0.06194827033972619
--------------------------------------------------
Subject Number: 10
Accuracy Cross: [0.2647058823529412, 0.2647058823529412, 0.2647058823529412, 0.2647058823529412, 0.29411764705882354, 0.2647058823529412, 0.2647058823529412, 0.2647058823529412, 0.2647058823529412, 0.2647058823529412, 0.2608695652173913, 0.2608695652173913, 0.2608695652173913, 0.2608695652173913, 0.2753623188405797]
 mean: 0.2663540778630292, std: 0.00815161592076564
F1 Score: [0.10465116279069768, 0.10465116279069768, 0.10465116279069768, 0.10465116279069768, 0.15495495495495495, 0.10465116279069768, 0.10465116279069768, 0.10465116279069768, 0.10465116279069768, 0.10465116279069768, 0.1257716049382716, 0.10344827586206896, 0.10344827586206896, 0.10344827586206896, 0.16666666666666669]
 mean: 0.11330656795082526, std: 0.01949883336203114
Accuracy Intime: [0.21428571428571427, 0.21428571428571427, 0.25, 0.23076923076923078, 0.23076923076923078, 0.21428571428571427, 0.2857142857142857, 0.21428571428571427, 0.3076923076923077, 0.23076923076923078, 0.32142857142857145, 0.21428571428571427, 0.2857142857142857, 0.23076923076923078, 0.23076923076923078]
 mean: 0.2450549450549451, std: 0.0354413351062035
F1 (Intime): [0.08823529411764706, 0.08823529411764706, 0.14646464646464646, 0.09375, 0.09375, 0.08823529411764706, 0.1830357142857143, 0.08823529411764706, 0.26666666666666666, 0.09375, 0.21395881006864986, 0.08823529411764706, 0.1976470588235294, 0.09375, 0.0967741935483871]
 mean: 0.12804823736305526, std: 0.056810428941107764
--------------------------------------------------
Subject Number: 11
Accuracy Cross: [0.2608695652173913, 0.2608695652173913, 0.2753623188405797, 0.2608695652173913, 0.2608695652173913, 0.2608695652173913, 0.2608695652173913, 0.2608695652173913, 0.3333333333333333, 0.2608695652173913, 0.2608695652173913, 0.2608695652173913, 0.2608695652173913, 0.2608695652173913, 0.2753623188405797]
 mean: 0.2676328502415458, std: 0.018229915231027252
F1 Score: [0.10344827586206896, 0.10344827586206896, 0.18055555555555555, 0.10344827586206896, 0.10465116279069768, 0.10344827586206896, 0.10344827586206896, 0.10344827586206896, 0.24240827478532395, 0.10344827586206896, 0.10344827586206896, 0.10344827586206896, 0.10344827586206896, 0.10344827586206896, 0.13149522799575822]
 mean: 0.11980275037400626, std: 0.03832445676502062
Accuracy Intime: [0.2857142857142857, 0.32142857142857145, 0.2857142857142857, 0.32142857142857145, 0.2692307692307692, 0.2857142857142857, 0.32142857142857145, 0.2857142857142857, 0.35714285714285715, 0.34615384615384615, 0.2857142857142857, 0.32142857142857145, 0.32142857142857145, 0.2857142857142857, 0.2692307692307692]
 mean: 0.30421245421245424, std: 0.02651189841987581
F1 (Intime): [0.11764705882352941, 0.19894736842105262, 0.1111111111111111, 0.20089285714285715, 0.14957264957264957, 0.1111111111111111, 0.1801470588235294, 0.11428571428571428, 0.2403846153846154, 0.2403846153846154, 0.1111111111111111, 0.1962962962962963, 0.25801282051282054, 0.187683284457478, 0.17559523809523808]
 mean: 0.17287886070224864, std: 0.04975044494876006
--------------------------------------------------
Subject Number: 12
Accuracy Cross: [0.2647058823529412, 0.2647058823529412, 0.2647058823529412, 0.2647058823529412, 0.2647058823529412, 0.2898550724637681, 0.2608695652173913, 0.17391304347826086, 0.2608695652173913, 0.2608695652173913, 0.2647058823529412, 0.2647058823529412, 0.2647058823529412, 0.2647058823529412, 0.2647058823529412]
 mean: 0.25956237567490764, std: 0.02383713968781082
F1 Score: [0.1712121212121212, 0.10465116279069768, 0.10465116279069768, 0.10588235294117647, 0.10465116279069768, 0.18682065217391303, 0.10344827586206896, 0.11411465892597969, 0.10344827586206896, 0.10344827586206896, 0.10465116279069768, 0.10465116279069768, 0.10465116279069768, 0.10465116279069768, 0.1125]
 mean: 0.11556218349161873, std: 0.025236810713921247
Accuracy Intime: [0.25, 0.35714285714285715, 0.42857142857142855, 0.23076923076923078, 0.23076923076923078, 0.4642857142857143, 0.21428571428571427, 0.2857142857142857, 0.2692307692307692, 0.23076923076923078, 0.21428571428571427, 0.21428571428571427, 0.21428571428571427, 0.3076923076923077, 0.23076923076923078]
 mean: 0.2761904761904762, std: 0.07769670282698118
F1 (Intime): [0.1659090909090909, 0.22875816993464052, 0.2766884531590414, 0.09375, 0.09375, 0.2954545454545454, 0.08823529411764706, 0.1997354497354497, 0.15232974910394265, 0.09375, 0.08823529411764706, 0.08823529411764706, 0.08823529411764706, 0.17628205128205127, 0.09375]
 mean: 0.14820657906995663, std: 0.07056923152221657
--------------------------------------------------
Subject Number: 13
Accuracy Cross: [0.29411764705882354, 0.25, 0.27941176470588236, 0.2647058823529412, 0.27941176470588236, 0.2608695652173913, 0.2318840579710145, 0.2608695652173913, 0.2608695652173913, 0.2608695652173913, 0.27941176470588236, 0.2647058823529412, 0.2647058823529412, 0.29411764705882354, 0.2647058823529412]
 mean: 0.2673770957658425, std: 0.015544058812077127
F1 Score: [0.1752901484480432, 0.10365853658536585, 0.13214285714285715, 0.10465116279069768, 0.15797613787008397, 0.10344827586206896, 0.11342592592592592, 0.10344827586206896, 0.10344827586206896, 0.10344827586206896, 0.1361138861138861, 0.10465116279069768, 0.10465116279069768, 0.15545808966861596, 0.10714285714285714]
 mean: 0.12059700204786696, std: 0.023715523069901625
Accuracy Intime: [0.21428571428571427, 0.21428571428571427, 0.39285714285714285, 0.3076923076923077, 0.38461538461538464, 0.32142857142857145, 0.2857142857142857, 0.35714285714285715, 0.5, 0.38461538461538464, 0.2857142857142857, 0.2857142857142857, 0.35714285714285715, 0.3076923076923077, 0.2692307692307692]
 mean: 0.3245421245421245, std: 0.07177197437065849
F1 (Intime): [0.08823529411764706, 0.08823529411764706, 0.24759615384615385, 0.11764705882352941, 0.30710835058661146, 0.2589285714285714, 0.1111111111111111, 0.29643874643874646, 0.32499999999999996, 0.2919191919191919, 0.15294117647058825, 0.2048611111111111, 0.25240384615384615, 0.11764705882352941, 0.1625]
 mean: 0.20150486432988565, std: 0.08302180167502965
--------------------------------------------------
Subject Number: 14
Accuracy Cross: [0.2647058823529412, 0.2647058823529412, 0.2647058823529412, 0.2647058823529412, 0.2647058823529412, 0.2647058823529412, 0.25, 0.2647058823529412, 0.2647058823529412, 0.2647058823529412, 0.2647058823529412, 0.2647058823529412, 0.2647058823529412, 0.27941176470588236, 0.29411764705882354]
 mean: 0.2666666666666666, std: 0.00909178283872128
F1 Score: [0.10465116279069768, 0.10465116279069768, 0.10465116279069768, 0.10465116279069768, 0.10465116279069768, 0.10465116279069768, 0.1, 0.10465116279069768, 0.10465116279069768, 0.10465116279069768, 0.10465116279069768, 0.10465116279069768, 0.16040653999116217, 0.13219814241486066, 0.15714285714285714]
 mean: 0.11339402201643693, std: 0.01914496566172564
Accuracy Intime: [0.21428571428571427, 0.21428571428571427, 0.21428571428571427, 0.38461538461538464, 0.23076923076923078, 0.39285714285714285, 0.2857142857142857, 0.21428571428571427, 0.23076923076923078, 0.3076923076923077, 0.21428571428571427, 0.21428571428571427, 0.2857142857142857, 0.3076923076923077, 0.3076923076923077]
 mean: 0.26794871794871794, std: 0.06034680417060132
F1 (Intime): [0.08823529411764706, 0.08823529411764706, 0.08823529411764706, 0.22507122507122507, 0.09375, 0.2620137299771167, 0.18037135278514588, 0.08823529411764706, 0.09375, 0.11764705882352941, 0.08823529411764706, 0.08823529411764706, 0.1523809523809524, 0.11764705882352941, 0.2111111111111111]
 mean: 0.13221028357856615, std: 0.05739287659002516
--------------------------------------------------
Subject Number: 15
Accuracy Cross: [0.2647058823529412, 0.2647058823529412, 0.2647058823529412, 0.2647058823529412, 0.2647058823529412, 0.23529411764705882, 0.27941176470588236, 0.2647058823529412, 0.2647058823529412, 0.29411764705882354, 0.27941176470588236, 0.2647058823529412, 0.2647058823529412, 0.2647058823529412, 0.2647058823529412]
 mean: 0.26666666666666666, std: 0.01184612350352409
F1 Score: [0.10465116279069768, 0.10843373493975904, 0.10465116279069768, 0.10465116279069768, 0.10465116279069768, 0.1, 0.1848625629113434, 0.10465116279069768, 0.10465116279069768, 0.18961038961038962, 0.1800595238095238, 0.10465116279069768, 0.10465116279069768, 0.10465116279069768, 0.10465116279069768]
 mean: 0.1206318559451995, std: 0.03219064326224118
Accuracy Intime: [0.21428571428571427, 0.21428571428571427, 0.21428571428571427, 0.3076923076923077, 0.23076923076923078, 0.35714285714285715, 0.2857142857142857, 0.2857142857142857, 0.23076923076923078, 0.3076923076923077, 0.42857142857142855, 0.2857142857142857, 0.21428571428571427, 0.23076923076923078, 0.3076923076923077]
 mean: 0.27435897435897433, std: 0.06027171721807966
F1 (Intime): [0.08823529411764706, 0.08823529411764706, 0.08823529411764706, 0.24851190476190477, 0.09375, 0.228287841191067, 0.19221967963386727, 0.12903225806451613, 0.09375, 0.20714285714285713, 0.2908653846153846, 0.1111111111111111, 0.09090909090909091, 0.09375, 0.21455938697318006]
 mean: 0.1505730264503947, std: 0.06892894223512022
--------------------------------------------------
Subject Number: 16
Accuracy Cross: [0.2647058823529412, 0.2647058823529412, 0.2647058823529412, 0.2647058823529412, 0.2647058823529412, 0.2647058823529412, 0.2647058823529412, 0.22058823529411764, 0.25, 0.2647058823529412, 0.2647058823529412, 0.2647058823529412, 0.2647058823529412, 0.2647058823529412, 0.2647058823529412]
 mean: 0.26078431372549016, std: 0.01134885970861787
F1 Score: [0.10465116279069768, 0.10465116279069768, 0.10465116279069768, 0.10465116279069768, 0.1684027777777778, 0.10465116279069768, 0.10465116279069768, 0.09036144578313253, 0.1, 0.10588235294117647, 0.10465116279069768, 0.10465116279069768, 0.10465116279069768, 0.10465116279069768, 0.10465116279069768]
 mean: 0.10772062447998407, std: 0.01663388037346156
Accuracy Intime: [0.35714285714285715, 0.4642857142857143, 0.25, 0.23076923076923078, 0.23076923076923078, 0.21428571428571427, 0.35714285714285715, 0.25, 0.2692307692307692, 0.2692307692307692, 0.21428571428571427, 0.21428571428571427, 0.2857142857142857, 0.23076923076923078, 0.2692307692307692]
 mean: 0.27380952380952384, std: 0.06717892793995901
F1 (Intime): [0.24705882352941178, 0.2971014492753623, 0.109375, 0.09375, 0.09375, 0.08823529411764706, 0.2572944297082228, 0.14646464646464646, 0.1967741935483871, 0.18928571428571428, 0.08823529411764706, 0.08823529411764706, 0.19375, 0.09375, 0.15000000000000002]
 mean: 0.15553734261097904, std: 0.06848668111841366
--------------------------------------------------
Subject Number: 17
Accuracy Cross: [0.2753623188405797, 0.2608695652173913, 0.2608695652173913, 0.2028985507246377, 0.2608695652173913, 0.2608695652173913, 0.2608695652173913, 0.2608695652173913, 0.2753623188405797, 0.2608695652173913, 0.25, 0.2647058823529412, 0.2647058823529412, 0.2647058823529412, 0.29411764705882354]
 mean: 0.2611963626030122, std: 0.018342756554306738
F1 Score: [0.13116100766703176, 0.10344827586206896, 0.10344827586206896, 0.0875, 0.1610004741583689, 0.10344827586206896, 0.10344827586206896, 0.10344827586206896, 0.18191721132897604, 0.10344827586206896, 0.1, 0.10465116279069768, 0.10465116279069768, 0.10588235294117647, 0.15521064301552107]
 mean: 0.1168442446576589, std: 0.026457821193274517
Accuracy Intime: [0.25, 0.2857142857142857, 0.2857142857142857, 0.3076923076923077, 0.23076923076923078, 0.21428571428571427, 0.21428571428571427, 0.35714285714285715, 0.4230769230769231, 0.2692307692307692, 0.21428571428571427, 0.21428571428571427, 0.21428571428571427, 0.32142857142857145, 0.3076923076923077]
 mean: 0.273992673992674, std: 0.06012628321999667
F1 (Intime): [0.1607142857142857, 0.20738636363636365, 0.15104166666666666, 0.19047619047619047, 0.09375, 0.08823529411764706, 0.08823529411764706, 0.24444444444444444, 0.2744360902255639, 0.15000000000000002, 0.08823529411764706, 0.08823529411764706, 0.08823529411764706, 0.20454545454545453, 0.2153846153846154]
 mean: 0.155557038778788, std: 0.062437751751176884
--------------------------------------------------
Subject Number: 18
Accuracy Cross: [0.2608695652173913, 0.2608695652173913, 0.2608695652173913, 0.2318840579710145, 0.21739130434782608, 0.23529411764705882, 0.27941176470588236, 0.2647058823529412, 0.2647058823529412, 0.2647058823529412, 0.2647058823529412, 0.2647058823529412, 0.2647058823529412, 0.23529411764705882, 0.27941176470588236]
 mean: 0.2566354077863029, std: 0.01740830222791766
F1 Score: [0.10344827586206896, 0.10344827586206896, 0.10344827586206896, 0.15397599399849965, 0.14348323170731708, 0.11801801801801802, 0.1826923076923077, 0.10465116279069768, 0.10465116279069768, 0.10465116279069768, 0.10465116279069768, 0.10465116279069768, 0.10465116279069768, 0.0975609756097561, 0.18159761104889882]
 mean: 0.12103866282701269, std: 0.028468786145934302
Accuracy Intime: [0.25, 0.39285714285714285, 0.21428571428571427, 0.38461538461538464, 0.2692307692307692, 0.32142857142857145, 0.25, 0.21428571428571427, 0.23076923076923078, 0.3076923076923077, 0.25, 0.2857142857142857, 0.32142857142857145, 0.34615384615384615, 0.2692307692307692]
 mean: 0.28717948717948716, std: 0.05508102833345916
F1 (Intime): [0.14646464646464646, 0.25427350427350426, 0.08823529411764706, 0.2506265664160401, 0.15000000000000002, 0.1801470588235294, 0.14646464646464646, 0.08823529411764706, 0.09375, 0.2673076923076923, 0.14646464646464646, 0.1111111111111111, 0.20833333333333331, 0.22916666666666669, 0.1625]
 mean: 0.16820536403740738, std: 0.05936729246739267
--------------------------------------------------
Subject Number: 19
Accuracy Cross: [0.27941176470588236, 0.2647058823529412, 0.2647058823529412, 0.19117647058823528, 0.2647058823529412, 0.29411764705882354, 0.2647058823529412, 0.2647058823529412, 0.29411764705882354, 0.23529411764705882, 0.2647058823529412, 0.2647058823529412, 0.2647058823529412, 0.2647058823529412, 0.20588235294117646]
 mean: 0.25882352941176473, std: 0.02727534851616384
F1 Score: [0.13461538461538464, 0.10588235294117647, 0.10465116279069768, 0.09724137931034482, 0.10465116279069768, 0.19230769230769232, 0.10465116279069768, 0.10465116279069768, 0.2168831168831169, 0.13755546591367487, 0.10465116279069768, 0.10465116279069768, 0.10465116279069768, 0.10465116279069768, 0.1358715938783128]
 mean: 0.12383775254501894, std: 0.03441848735939639
Accuracy Intime: [0.25, 0.39285714285714285, 0.2857142857142857, 0.23076923076923078, 0.23076923076923078, 0.2857142857142857, 0.25, 0.5, 0.38461538461538464, 0.2692307692307692, 0.2857142857142857, 0.21428571428571427, 0.21428571428571427, 0.3076923076923077, 0.2692307692307692]
 mean: 0.29139194139194136, std: 0.0759452944276979
F1 (Intime): [0.14646464646464646, 0.25, 0.11764705882352941, 0.09375, 0.09375, 0.15456989247311828, 0.14222873900293254, 0.3476190476190476, 0.24166666666666667, 0.19318181818181818, 0.1111111111111111, 0.08823529411764706, 0.08823529411764706, 0.1875, 0.1753623188405797]
 mean: 0.16208812582791626, std: 0.07108169338359488
--------------------------------------------------
Subject Number: 20
Accuracy Cross: [0.2647058823529412, 0.22058823529411764, 0.2647058823529412, 0.23529411764705882, 0.20588235294117646, 0.3235294117647059, 0.2647058823529412, 0.27941176470588236, 0.3088235294117647, 0.27941176470588236, 0.2608695652173913, 0.2608695652173913, 0.2898550724637681, 0.30434782608695654, 0.2463768115942029]
 mean: 0.2672918442739415, std: 0.031176672494238254
F1 Score: [0.10465116279069768, 0.1484313725490196, 0.178125, 0.11851851851851852, 0.10670081092616304, 0.24638300296195031, 0.10465116279069768, 0.13219814241486066, 0.17793791574279377, 0.13219814241486066, 0.10344827586206896, 0.10344827586206896, 0.19298245614035087, 0.2246846846846847, 0.1513503375843961]
 mean: 0.14838061741620875, std: 0.04486895253088919
Accuracy Intime: [0.21428571428571427, 0.2857142857142857, 0.39285714285714285, 0.34615384615384615, 0.38461538461538464, 0.32142857142857145, 0.21428571428571427, 0.2857142857142857, 0.2692307692307692, 0.2692307692307692, 0.21428571428571427, 0.21428571428571427, 0.32142857142857145, 0.23076923076923078, 0.3076923076923077]
 mean: 0.28479853479853484, std: 0.05882514739371651
F1 (Intime): [0.08823529411764706, 0.19642857142857142, 0.26190476190476186, 0.27083333333333337, 0.23958333333333334, 0.21883289124668437, 0.08823529411764706, 0.1111111111111111, 0.15232974910394265, 0.15000000000000002, 0.08823529411764706, 0.08823529411764706, 0.175, 0.19017094017094016, 0.2111111111111111]
 mean: 0.16868313194762513, std: 0.06301152962249211
--------------------------------------------------
Subject Number: 21
Accuracy Cross: [0.29411764705882354, 0.2647058823529412, 0.2647058823529412, 0.29411764705882354, 0.25, 0.19117647058823528, 0.27941176470588236, 0.27941176470588236, 0.23529411764705882, 0.22058823529411764, 0.2647058823529412, 0.2647058823529412, 0.2647058823529412, 0.2647058823529412, 0.2647058823529412]
 mean: 0.25980392156862747, std: 0.026123358028380842
F1 Score: [0.21351981351981353, 0.10588235294117647, 0.10465116279069768, 0.15554573574900574, 0.1337991718426501, 0.12051282051282051, 0.1658385093167702, 0.13345864661654133, 0.1149367088607595, 0.12990196078431374, 0.10465116279069768, 0.10465116279069768, 0.10465116279069768, 0.10465116279069768, 0.10465116279069768]
 mean: 0.12675351312586913, std: 0.03003864679179334
Accuracy Intime: [0.39285714285714285, 0.35714285714285715, 0.21428571428571427, 0.3076923076923077, 0.4230769230769231, 0.32142857142857145, 0.2857142857142857, 0.25, 0.5, 0.4230769230769231, 0.39285714285714285, 0.21428571428571427, 0.35714285714285715, 0.23076923076923078, 0.3076923076923077]
 mean: 0.3318681318681318, std: 0.08230272827453164
F1 (Intime): [0.28285714285714286, 0.270940170940171, 0.08823529411764706, 0.125, 0.2851662404092072, 0.225, 0.1111111111111111, 0.14646464646464646, 0.4011363636363636, 0.28888888888888886, 0.28733766233766234, 0.08823529411764706, 0.29805194805194807, 0.09375, 0.2032967032967033]
 mean: 0.2130314310819426, std: 0.09504484942209411
--------------------------------------------------
Subject Number: 22
Accuracy Cross: [0.2647058823529412, 0.2647058823529412, 0.2647058823529412, 0.2647058823529412, 0.2647058823529412, 0.2608695652173913, 0.2608695652173913, 0.2608695652173913, 0.2608695652173913, 0.2608695652173913, 0.17647058823529413, 0.22058823529411764, 0.2647058823529412, 0.20588235294117646, 0.2647058823529412]
 mean: 0.25068201193520884, std: 0.026224154318634958
F1 Score: [0.10465116279069768, 0.10465116279069768, 0.10465116279069768, 0.10465116279069768, 0.10465116279069768, 0.10344827586206896, 0.10344827586206896, 0.10344827586206896, 0.10344827586206896, 0.10344827586206896, 0.11354359925788496, 0.10942760942760943, 0.10465116279069768, 0.13698373213298587, 0.10465116279069768]
 mean: 0.10731696397758059, std: 0.008358317830630898
Accuracy Intime: [0.21428571428571427, 0.21428571428571427, 0.21428571428571427, 0.3076923076923077, 0.23076923076923078, 0.35714285714285715, 0.21428571428571427, 0.21428571428571427, 0.23076923076923078, 0.23076923076923078, 0.25, 0.2857142857142857, 0.2857142857142857, 0.38461538461538464, 0.23076923076923078]
 mean: 0.25769230769230766, std: 0.05319748326355883
F1 (Intime): [0.08823529411764706, 0.08823529411764706, 0.08823529411764706, 0.11764705882352941, 0.09375, 0.2361111111111111, 0.08823529411764706, 0.08823529411764706, 0.09375, 0.09375, 0.14646464646464646, 0.125, 0.18037135278514588, 0.225, 0.09375]
 mean: 0.1231180426515112, std: 0.04935436762473089
--------------------------------------------------
Subject Number: 23
Accuracy Cross: [0.2608695652173913, 0.2608695652173913, 0.2608695652173913, 0.2608695652173913, 0.2608695652173913, 0.2647058823529412, 0.22058823529411764, 0.2647058823529412, 0.2647058823529412, 0.2647058823529412, 0.2608695652173913, 0.2608695652173913, 0.2608695652173913, 0.2608695652173913, 0.21739130434782608]
 mean: 0.256308610400682, std: 0.01474173077284728
F1 Score: [0.10344827586206896, 0.10714285714285714, 0.10344827586206896, 0.10344827586206896, 0.10344827586206896, 0.10465116279069768, 0.13248847926267282, 0.10465116279069768, 0.1284282700421941, 0.10714285714285714, 0.10344827586206896, 0.10344827586206896, 0.10344827586206896, 0.10465116279069768, 0.14102564102564102]
 mean: 0.11028796826818653, std: 0.012136203922806977
Accuracy Intime: [0.21428571428571427, 0.21428571428571427, 0.32142857142857145, 0.3076923076923077, 0.23076923076923078, 0.32142857142857145, 0.2857142857142857, 0.21428571428571427, 0.35714285714285715, 0.3076923076923077, 0.25, 0.21428571428571427, 0.21428571428571427, 0.38461538461538464, 0.2692307692307692]
 mean: 0.27380952380952384, std: 0.055588418945330266
F1 (Intime): [0.08823529411764706, 0.08823529411764706, 0.21764705882352942, 0.11764705882352941, 0.09375, 0.2111111111111111, 0.1111111111111111, 0.08823529411764706, 0.28504273504273503, 0.2111111111111111, 0.15232974910394265, 0.08823529411764706, 0.08823529411764706, 0.2777777777777778, 0.17559523809523808]
 mean: 0.15295329477255473, std: 0.0692513255184218
--------------------------------------------------
Subject Number: 24
Accuracy Cross: [0.2647058823529412, 0.29411764705882354, 0.2647058823529412, 0.2647058823529412, 0.3235294117647059, 0.2647058823529412, 0.2647058823529412, 0.2647058823529412, 0.3088235294117647, 0.2647058823529412, 0.14705882352941177, 0.2647058823529412, 0.2647058823529412, 0.19117647058823528, 0.29411764705882354]
 mean: 0.26274509803921564, std: 0.0418938443514147
F1 Score: [0.10465116279069768, 0.17797017797017797, 0.10465116279069768, 0.10465116279069768, 0.1939240506329114, 0.10465116279069768, 0.10465116279069768, 0.10843373493975904, 0.20100783874580067, 0.10465116279069768, 0.11681547619047619, 0.127665544332211, 0.15989159891598914, 0.125, 0.24601677148846957]
 mean: 0.1389754779973321, std: 0.044044910933797296
Accuracy Intime: [0.21428571428571427, 0.21428571428571427, 0.21428571428571427, 0.3076923076923077, 0.23076923076923078, 0.25, 0.39285714285714285, 0.39285714285714285, 0.34615384615384615, 0.34615384615384615, 0.2857142857142857, 0.35714285714285715, 0.35714285714285715, 0.3076923076923077, 0.3076923076923077]
 mean: 0.30164835164835163, std: 0.06202710238096741
F1 (Intime): [0.08823529411764706, 0.08823529411764706, 0.0967741935483871, 0.11764705882352941, 0.09375, 0.1806451612903226, 0.3388092885375494, 0.2596153846153846, 0.22681704260651628, 0.26301054018445325, 0.187683284457478, 0.24444444444444444, 0.2402745995423341, 0.1969309462915601, 0.125]
 mean: 0.18319150217181687, std: 0.07604429783187534
--------------------------------------------------
Subject Number: 25
Accuracy Cross: [0.2608695652173913, 0.2608695652173913, 0.2608695652173913, 0.2608695652173913, 0.2608695652173913, 0.2647058823529412, 0.2647058823529412, 0.2647058823529412, 0.29411764705882354, 0.23529411764705882, 0.25, 0.2647058823529412, 0.2647058823529412, 0.22058823529411764, 0.20588235294117646]
 mean: 0.2555839727195226, std: 0.02029513782804367
F1 Score: [0.10344827586206896, 0.10344827586206896, 0.10344827586206896, 0.1251369112814896, 0.10344827586206896, 0.10465116279069768, 0.10465116279069768, 0.10465116279069768, 0.20901591614906834, 0.0963855421686747, 0.12083333333333333, 0.10465116279069768, 0.10465116279069768, 0.14855072463768115, 0.08860759493670886]
 mean: 0.11503859599391468, std: 0.028535036454559026
Accuracy Intime: [0.21428571428571427, 0.25, 0.2857142857142857, 0.2692307692307692, 0.23076923076923078, 0.32142857142857145, 0.2857142857142857, 0.21428571428571427, 0.5, 0.23076923076923078, 0.32142857142857145, 0.42857142857142855, 0.32142857142857145, 0.46153846153846156, 0.3076923076923077]
 mean: 0.3095238095238095, std: 0.08595970001362652
F1 (Intime): [0.08823529411764706, 0.14646464646464646, 0.1111111111111111, 0.16751918158567775, 0.09375, 0.16764705882352943, 0.19090909090909092, 0.08823529411764706, 0.3939393939393939, 0.09375, 0.16984126984126985, 0.28409090909090906, 0.23313782991202345, 0.3541269841269841, 0.23928571428571427]
 mean: 0.1881362518883763, std: 0.09323488427524809
--------------------------------------------------
Subject Number: 26
Accuracy Cross: [0.2608695652173913, 0.2608695652173913, 0.2608695652173913, 0.2608695652173913, 0.2608695652173913, 0.2647058823529412, 0.2647058823529412, 0.2647058823529412, 0.2647058823529412, 0.2647058823529412, 0.2647058823529412, 0.2647058823529412, 0.2647058823529412, 0.2647058823529412, 0.3088235294117647]
 mean: 0.26636828644501276, std: 0.011484771416530799
F1 Score: [0.10344827586206896, 0.10344827586206896, 0.10344827586206896, 0.10344827586206896, 0.10344827586206896, 0.10465116279069768, 0.10465116279069768, 0.10465116279069768, 0.10465116279069768, 0.10465116279069768, 0.10465116279069768, 0.14093314093314094, 0.10465116279069768, 0.10588235294117647, 0.17167476800707027]
 mean: 0.11121931871510775, std: 0.018565534419851596
Accuracy Intime: [0.21428571428571427, 0.21428571428571427, 0.21428571428571427, 0.3076923076923077, 0.23076923076923078, 0.32142857142857145, 0.21428571428571427, 0.25, 0.23076923076923078, 0.34615384615384615, 0.25, 0.42857142857142855, 0.25, 0.4230769230769231, 0.38461538461538464]
 mean: 0.28534798534798533, std: 0.07516212177981309
F1 (Intime): [0.08823529411764706, 0.08823529411764706, 0.08823529411764706, 0.11764705882352941, 0.09375, 0.2038123167155425, 0.08823529411764706, 0.10294117647058823, 0.09375, 0.18458781362007168, 0.15925925925925927, 0.28409090909090906, 0.17067307692307693, 0.3408088235294118, 0.2604166666666667]
 mean: 0.15764521850464291, std: 0.07964820874487571
--------------------------------------------------
Subject Number: 27
Accuracy Cross: [0.2753623188405797, 0.2608695652173913, 0.2608695652173913, 0.2028985507246377, 0.2608695652173913, 0.2608695652173913, 0.2608695652173913, 0.2608695652173913, 0.2753623188405797, 0.2608695652173913, 0.25, 0.2647058823529412, 0.2647058823529412, 0.2647058823529412, 0.29411764705882354]
 mean: 0.2611963626030122, std: 0.018342756554306738
F1 Score: [0.13116100766703176, 0.10344827586206896, 0.10344827586206896, 0.0875, 0.1610004741583689, 0.10344827586206896, 0.10344827586206896, 0.10344827586206896, 0.18191721132897604, 0.10344827586206896, 0.1, 0.10465116279069768, 0.10465116279069768, 0.10588235294117647, 0.15521064301552107]
 mean: 0.1168442446576589, std: 0.026457821193274517
Accuracy Intime: [0.25, 0.2857142857142857, 0.2857142857142857, 0.3076923076923077, 0.23076923076923078, 0.21428571428571427, 0.21428571428571427, 0.35714285714285715, 0.4230769230769231, 0.2692307692307692, 0.21428571428571427, 0.21428571428571427, 0.21428571428571427, 0.32142857142857145, 0.3076923076923077]
 mean: 0.273992673992674, std: 0.06012628321999667
F1 (Intime): [0.1607142857142857, 0.20738636363636365, 0.15104166666666666, 0.19047619047619047, 0.09375, 0.08823529411764706, 0.08823529411764706, 0.24444444444444444, 0.2744360902255639, 0.15000000000000002, 0.08823529411764706, 0.08823529411764706, 0.08823529411764706, 0.20454545454545453, 0.2153846153846154]
 mean: 0.155557038778788, std: 0.062437751751176884
--------------------------------------------------
Subject Number: 28
Accuracy Cross: [0.2647058823529412, 0.2647058823529412, 0.2647058823529412, 0.2647058823529412, 0.27941176470588236, 0.2647058823529412, 0.2647058823529412, 0.29411764705882354, 0.2647058823529412, 0.2647058823529412, 0.2647058823529412, 0.2647058823529412, 0.2647058823529412, 0.2647058823529412, 0.25]
 mean: 0.26666666666666666, std: 0.009091782838721281
F1 Score: [0.10465116279069768, 0.10465116279069768, 0.10465116279069768, 0.10465116279069768, 0.14841653247450348, 0.10465116279069768, 0.10465116279069768, 0.16666666666666669, 0.10465116279069768, 0.10465116279069768, 0.10465116279069768, 0.10465116279069768, 0.10465116279069768, 0.10465116279069768, 0.1]
 mean: 0.11139314350863615, std: 0.01844116601490674
Accuracy Intime: [0.21428571428571427, 0.21428571428571427, 0.21428571428571427, 0.3076923076923077, 0.2692307692307692, 0.35714285714285715, 0.42857142857142855, 0.21428571428571427, 0.23076923076923078, 0.23076923076923078, 0.35714285714285715, 0.2857142857142857, 0.2857142857142857, 0.23076923076923078, 0.34615384615384615]
 mean: 0.27912087912087913, std: 0.06523438276771794
F1 (Intime): [0.08823529411764706, 0.08823529411764706, 0.08823529411764706, 0.11764705882352941, 0.15000000000000002, 0.21994134897360704, 0.3674825174825175, 0.09090909090909091, 0.09375, 0.09375, 0.23214285714285715, 0.1111111111111111, 0.15835777126099707, 0.09375, 0.2388888888888889]
 mean: 0.14882910179636935, std: 0.07911006120287858
--------------------------------------------------
Subject Number: 29
Accuracy Cross: [0.2647058823529412, 0.2647058823529412, 0.2647058823529412, 0.2647058823529412, 0.2647058823529412, 0.27941176470588236, 0.2647058823529412, 0.2647058823529412, 0.23529411764705882, 0.2647058823529412, 0.2608695652173913, 0.21739130434782608, 0.2898550724637681, 0.2318840579710145, 0.2608695652173913]
 mean: 0.25954816709292416, std: 0.017626007956920257
F1 Score: [0.10465116279069768, 0.10465116279069768, 0.10465116279069768, 0.10465116279069768, 0.10465116279069768, 0.18210922787193973, 0.10465116279069768, 0.10465116279069768, 0.13909774436090225, 0.10588235294117647, 0.10465116279069768, 0.13033536585365854, 0.16887592788971367, 0.09523809523809523, 0.10588235294117647]
 mean: 0.11764202462814959, std: 0.025207165247117788
Accuracy Intime: [0.21428571428571427, 0.21428571428571427, 0.25, 0.3076923076923077, 0.2692307692307692, 0.35714285714285715, 0.21428571428571427, 0.32142857142857145, 0.4230769230769231, 0.3076923076923077, 0.21428571428571427, 0.39285714285714285, 0.42857142857142855, 0.4230769230769231, 0.2692307692307692]
 mean: 0.3071428571428571, std: 0.07844645405527362
F1 (Intime): [0.08823529411764706, 0.08823529411764706, 0.14375, 0.11764705882352941, 0.18055555555555555, 0.2361111111111111, 0.08823529411764706, 0.26676245210727967, 0.2583333333333333, 0.23928571428571427, 0.08823529411764706, 0.2670588235294118, 0.3035714285714286, 0.31992481203007517, 0.19731800766283525]
 mean: 0.1922172982320575, std: 0.08152768846492414
--------------------------------------------------
**************************************************
accuracy_cross_list: [0.2547030406365444, 0.2563512361466326, 0.2514776925262858, 0.26666666666666655, 0.2647058823529412, 0.2805484512645638, 0.26372549019607844, 0.26666666666666666, 0.2598039215686274, 0.2663540778630292, 0.2676328502415458, 0.25956237567490764, 0.2673770957658425, 0.2666666666666666, 0.26666666666666666, 0.26078431372549016, 0.2611963626030122, 0.2566354077863029, 0.25882352941176473, 0.2672918442739415, 0.25980392156862747, 0.25068201193520884, 0.256308610400682, 0.26274509803921564, 0.2555839727195226, 0.26636828644501276, 0.2611963626030122, 0.26666666666666666, 0.25954816709292416]
f1_score_list: [0.12505460818140934, 0.10709566640560518, 0.1255222511318158, 0.11538640339143287, 0.11882392898073094, 0.1432485113288979, 0.10867029743007338, 0.12024120080351725, 0.11547181239896427, 0.11330656795082526, 0.11980275037400626, 0.11556218349161873, 0.12059700204786696, 0.11339402201643693, 0.1206318559451995, 0.10772062447998407, 0.1168442446576589, 0.12103866282701269, 0.12383775254501894, 0.14838061741620875, 0.12675351312586913, 0.10731696397758059, 0.11028796826818653, 0.1389754779973321, 0.11503859599391468, 0.11121931871510775, 0.1168442446576589, 0.11139314350863615, 0.11764202462814959]
accuracy_intime_list: [0.3201465201465201, 0.26373626373626374, 0.29542124542124537, 0.27564102564102566, 0.2836996336996337, 0.32454212454212455, 0.28498168498168497, 0.2826007326007326, 0.2672161172161172, 0.2450549450549451, 0.30421245421245424, 0.2761904761904762, 0.3245421245421245, 0.26794871794871794, 0.27435897435897433, 0.27380952380952384, 0.273992673992674, 0.28717948717948716, 0.29139194139194136, 0.28479853479853484, 0.3318681318681318, 0.25769230769230766, 0.27380952380952384, 0.30164835164835163, 0.3095238095238095, 0.28534798534798533, 0.273992673992674, 0.27912087912087913, 0.3071428571428571]
f1_score_intime_list: [0.21089704088820752, 0.13169789806639073, 0.1673687589941228, 0.1493056024333149, 0.15937144736164344, 0.19007656534774284, 0.16345870680475433, 0.1701430813453846, 0.1423183254302799, 0.12804823736305526, 0.17287886070224864, 0.14820657906995663, 0.20150486432988565, 0.13221028357856615, 0.1505730264503947, 0.15553734261097904, 0.155557038778788, 0.16820536403740738, 0.16208812582791626, 0.16868313194762513, 0.2130314310819426, 0.1231180426515112, 0.15295329477255473, 0.18319150217181687, 0.1881362518883763, 0.15764521850464291, 0.155557038778788, 0.14882910179636935, 0.1922172982320575]
**************************************************
ACC: 26.22±0.60
F1: 11.92±0.99
Intime: 28.70±2.08
F1 (Intime): 16.35±2.30
