1e-05
Subject Number: 1
Accuracy Cross: [0.19047619047619047, 0.18571428571428572, 0.21904761904761905, 0.2, 0.21904761904761905, 0.22857142857142856, 0.22380952380952382, 0.2, 0.14285714285714285, 0.2, 0.21904761904761905, 0.2, 0.23333333333333334, 0.2, 0.21428571428571427]
 mean: 0.2050793650793651, std: 0.02154056565547603
F1 Score: [0.10271224522548547, 0.1144362189539263, 0.10252454417952314, 0.13201036552100381, 0.10205874752347317, 0.13470919324577862, 0.11092642012962257, 0.07706422018348624, 0.09534014139827181, 0.06666666666666667, 0.12512350394703337, 0.06666666666666667, 0.12639387695025023, 0.06774193548387096, 0.11215458937198068]
 mean: 0.10243528902980263, std: 0.02276301339224117
Accuracy Intime: [0.2619047619047619, 0.21428571428571427, 0.20238095238095238, 0.23809523809523808, 0.2261904761904762, 0.27380952380952384, 0.21428571428571427, 0.19047619047619047, 0.20238095238095238, 0.21428571428571427, 0.25, 0.19047619047619047, 0.25, 0.20238095238095238, 0.2857142857142857]
 mean: 0.2277777777777778, std: 0.02944005871585938
F1 (Intime): [0.19325756251092846, 0.07058823529411765, 0.08752834467120181, 0.136231884057971, 0.12099111734455352, 0.15887323943661974, 0.07058823529411765, 0.064, 0.08666666666666667, 0.12115384615384617, 0.1889467843875139, 0.064, 0.19214035087719297, 0.08569909622541202, 0.18226744186046512]
 mean: 0.12152885365204046, std: 0.04860779509013822
--------------------------------------------------
Subject Number: 2
Accuracy Cross: [0.29523809523809524, 0.2714285714285714, 0.36666666666666664, 0.30952380952380953, 0.3380952380952381, 0.23809523809523808, 0.28095238095238095, 0.3619047619047619, 0.32857142857142857, 0.319047619047619, 0.2714285714285714, 0.3047619047619048, 0.2714285714285714, 0.26666666666666666, 0.34285714285714286]
 mean: 0.3044444444444444, std: 0.036822659996822917
F1 Score: [0.16670859538784066, 0.15870002876042566, 0.25092145839788704, 0.22193783006699555, 0.3011618115698743, 0.15139909977494373, 0.20350054860653938, 0.2644350064350064, 0.24020244595587062, 0.18310810810810813, 0.20196825396825396, 0.2356431293796021, 0.1617525941645001, 0.176741415765806, 0.2641821440208537]
 mean: 0.21215749802416717, std: 0.044519758517140344
Accuracy Intime: [0.2619047619047619, 0.27380952380952384, 0.3333333333333333, 0.38095238095238093, 0.34523809523809523, 0.32142857142857145, 0.40476190476190477, 0.35714285714285715, 0.44047619047619047, 0.34523809523809523, 0.32142857142857145, 0.39285714285714285, 0.39285714285714285, 0.30952380952380953, 0.38095238095238093]
 mean: 0.3507936507936508, std: 0.04759258523988872
F1 (Intime): [0.143869918699187, 0.15920096852300242, 0.25348484848484854, 0.2696949152542373, 0.2187026792131169, 0.2535201323772752, 0.32050805931656995, 0.27869750456482045, 0.34338118022328545, 0.2500854700854701, 0.25631149097815764, 0.3260921112631099, 0.296976483762598, 0.18725490196078431, 0.31525641025641027]
 mean: 0.2582024716641916, std: 0.0581020732276034
--------------------------------------------------
Subject Number: 3
Accuracy Cross: [0.24285714285714285, 0.19523809523809524, 0.20476190476190476, 0.19047619047619047, 0.2571428571428571, 0.23809523809523808, 0.19047619047619047, 0.21428571428571427, 0.17142857142857143, 0.20476190476190476, 0.19523809523809524, 0.16666666666666666, 0.19047619047619047, 0.20952380952380953, 0.2]
 mean: 0.2047619047619048, std: 0.02421870618763257
F1 Score: [0.14196450398474553, 0.07321178120617111, 0.07635876840696118, 0.07464878671775224, 0.13685336335491133, 0.13693524096385543, 0.07835080560050658, 0.11214282049966655, 0.08228624320259169, 0.11600127754710954, 0.10204081632653061, 0.10932027790873841, 0.08013711578864764, 0.16077849249546428, 0.09730958696475937]
 mean: 0.10522265873122744, std: 0.027527251931101487
Accuracy Intime: [0.19047619047619047, 0.21428571428571427, 0.19047619047619047, 0.25, 0.21428571428571427, 0.21428571428571427, 0.2857142857142857, 0.21428571428571427, 0.21428571428571427, 0.2261904761904762, 0.2976190476190476, 0.2619047619047619, 0.20238095238095238, 0.2619047619047619, 0.30952380952380953]
 mean: 0.2365079365079365, std: 0.037360642209332766
F1 (Intime): [0.064, 0.1148500881834215, 0.064, 0.1715820895522388, 0.11521739130434783, 0.07058823529411765, 0.19191815856777494, 0.07058823529411765, 0.07058823529411765, 0.12872727272727275, 0.21681497960697071, 0.17411764705882354, 0.08817587641117053, 0.17557932263814618, 0.2297727272727273]
 mean: 0.12976801728034978, std: 0.056907876649289875
--------------------------------------------------
Subject Number: 4
Accuracy Cross: [0.19523809523809524, 0.2, 0.23809523809523808, 0.23333333333333334, 0.22857142857142856, 0.22380952380952382, 0.22857142857142856, 0.3333333333333333, 0.20952380952380953, 0.22857142857142856, 0.20952380952380953, 0.20952380952380953, 0.21904761904761905, 0.19047619047619047, 0.21428571428571427]
 mean: 0.22412698412698415, std: 0.03222495883288767
F1 Score: [0.08054226475279107, 0.06666666666666667, 0.13068418171866447, 0.12033597539335146, 0.130939063879894, 0.12125849369040143, 0.12136150234741785, 0.2299354873430069, 0.09341220546189491, 0.16512748538011696, 0.08503747092772848, 0.10635748792270532, 0.10735930735930736, 0.14357351501397606, 0.11548777849881028]
 mean: 0.12120525909044888, std: 0.03793898555664589
Accuracy Intime: [0.21428571428571427, 0.25, 0.25, 0.2619047619047619, 0.2261904761904762, 0.20238095238095238, 0.23809523809523808, 0.2976190476190476, 0.23809523809523808, 0.2261904761904762, 0.2619047619047619, 0.21428571428571427, 0.23809523809523808, 0.2619047619047619, 0.2857142857142857]
 mean: 0.24444444444444444, std: 0.02566819306158132
F1 (Intime): [0.15875289246133234, 0.14803418803418805, 0.1508771929824561, 0.15166217430368373, 0.12323232323232322, 0.11714285714285713, 0.13546165884194053, 0.22743436357593888, 0.11422680412371133, 0.13859582542694499, 0.19627192982456138, 0.10666666666666666, 0.13820993160868272, 0.19326599326599325, 0.16666666666666669]
 mean: 0.15110009787719647, std: 0.03244151317719901
--------------------------------------------------
Subject Number: 5
Accuracy Cross: [0.22380952380952382, 0.18571428571428572, 0.19523809523809524, 0.22857142857142856, 0.18571428571428572, 0.2619047619047619, 0.2, 0.19523809523809524, 0.21428571428571427, 0.2, 0.29523809523809524, 0.2619047619047619, 0.24285714285714285, 0.2904761904761905, 0.19523809523809524]
 mean: 0.22507936507936507, std: 0.035950190900043345
F1 Score: [0.12252747252747254, 0.07114549617115339, 0.07407407407407407, 0.11776738749269433, 0.06419753086419752, 0.15283122594832327, 0.06666666666666667, 0.0656, 0.10287644244300591, 0.12770172122734896, 0.1822, 0.18911184939091913, 0.16795030898391128, 0.22682254378428762, 0.13961022927689595]
 mean: 0.12473886325673005, std: 0.04983890880652294
Accuracy Intime: [0.2857142857142857, 0.25, 0.20238095238095238, 0.21428571428571427, 0.25, 0.23809523809523808, 0.23809523809523808, 0.2261904761904762, 0.2261904761904762, 0.2619047619047619, 0.2976190476190476, 0.19047619047619047, 0.20238095238095238, 0.23809523809523808, 0.27380952380952384]
 mean: 0.23968253968253966, std: 0.030075071938883206
F1 (Intime): [0.1709137709137709, 0.1456730769230769, 0.11274770777876367, 0.10666666666666666, 0.14883318928262748, 0.13572281959378735, 0.13638124757845796, 0.09481654047757718, 0.1405974640017193, 0.20424710424710427, 0.17478787878787877, 0.10164818699430626, 0.12297255627505396, 0.1533899613899614, 0.18416040100250627]
 mean: 0.14223723812755057, std: 0.030709386523382808
--------------------------------------------------
Subject Number: 6
Accuracy Cross: [0.28095238095238095, 0.20952380952380953, 0.20952380952380953, 0.26666666666666666, 0.26666666666666666, 0.24761904761904763, 0.2, 0.2, 0.26666666666666666, 0.2523809523809524, 0.19047619047619047, 0.22857142857142856, 0.2, 0.2857142857142857, 0.2]
 mean: 0.23365079365079364, std: 0.03301282037169693
F1 Score: [0.20524620313241576, 0.11641764176417642, 0.09142857142857144, 0.15308333333333332, 0.18938099056783902, 0.19298535595186314, 0.06693227091633466, 0.06720000000000001, 0.17259816207184628, 0.14606563288856833, 0.07869249394673124, 0.19842212979467883, 0.06666666666666667, 0.18026273161866382, 0.06666666666666667]
 mean: 0.13280325671655704, std: 0.05360295337736827
Accuracy Intime: [0.19047619047619047, 0.20238095238095238, 0.2261904761904762, 0.32142857142857145, 0.35714285714285715, 0.19047619047619047, 0.21428571428571427, 0.2857142857142857, 0.2857142857142857, 0.19047619047619047, 0.27380952380952384, 0.35714285714285715, 0.21428571428571427, 0.38095238095238093, 0.20238095238095238]
 mean: 0.25952380952380955, std: 0.06595424328354518
F1 (Intime): [0.064, 0.09817158931082982, 0.12142857142857144, 0.2580542264752791, 0.20724767894579213, 0.064, 0.07058823529411765, 0.16524590163934424, 0.1726589200273411, 0.064, 0.1694648993618066, 0.35355752318816613, 0.07058823529411765, 0.26940906017579447, 0.08817587641117053]
 mean: 0.14910604783682208, std: 0.08713405396905943
--------------------------------------------------
Subject Number: 7
Accuracy Cross: [0.1523809523809524, 0.11428571428571428, 0.20476190476190476, 0.14285714285714285, 0.14761904761904762, 0.19047619047619047, 0.18571428571428572, 0.19047619047619047, 0.19523809523809524, 0.19523809523809524, 0.18571428571428572, 0.18571428571428572, 0.19047619047619047, 0.22857142857142856, 0.20476190476190476]
 mean: 0.18095238095238095, std: 0.02825218471274538
F1 Score: [0.06618305952634948, 0.05188814043682384, 0.09294573643410853, 0.0684033315612263, 0.055855855855855854, 0.0901607358543157, 0.09352314352314353, 0.06722689075630253, 0.11740196078431372, 0.12911384124777694, 0.10315870570107859, 0.13156118143459916, 0.10506480899902929, 0.12954087346024634, 0.09463712757830404]
 mean: 0.09311102621023161, std: 0.025871126259512506
Accuracy Intime: [0.21428571428571427, 0.2261904761904762, 0.25, 0.2261904761904762, 0.2261904761904762, 0.2619047619047619, 0.2619047619047619, 0.25, 0.2976190476190476, 0.20238095238095238, 0.25, 0.19047619047619047, 0.16666666666666666, 0.2857142857142857, 0.19047619047619047]
 mean: 0.23333333333333328, std: 0.03552861791364983
F1 (Intime): [0.11535150645624104, 0.2092278786846086, 0.18817733990147784, 0.14466403162055336, 0.15547746371275784, 0.1473429951690821, 0.21543956043956042, 0.14803418803418805, 0.1774506005424254, 0.12467532467532468, 0.1579284318350293, 0.08407789232531501, 0.09218045112781956, 0.19471544715447156, 0.06736842105263158]
 mean: 0.14814076884876576, std: 0.043542976065603374
--------------------------------------------------
Subject Number: 8
Accuracy Cross: [0.2, 0.21904761904761905, 0.20952380952380953, 0.2, 0.20952380952380953, 0.23333333333333334, 0.22380952380952382, 0.2714285714285714, 0.21428571428571427, 0.22380952380952382, 0.21904761904761905, 0.21428571428571427, 0.2523809523809524, 0.26666666666666666, 0.2523809523809524]
 mean: 0.22730158730158728, std: 0.022231290666681384
F1 Score: [0.13189233197970554, 0.12690669763840495, 0.08495934959349594, 0.07482468443197757, 0.08489795918367346, 0.17510314034949787, 0.14409003060818745, 0.20176662450083094, 0.11724867724867724, 0.12780451684561273, 0.12211492032834381, 0.12762911507097555, 0.15458502670659305, 0.16760032122259266, 0.1618639079199493]
 mean: 0.13355248690856789, std: 0.03423742164691432
Accuracy Intime: [0.19047619047619047, 0.19047619047619047, 0.25, 0.25, 0.32142857142857145, 0.32142857142857145, 0.2261904761904762, 0.27380952380952384, 0.2857142857142857, 0.2619047619047619, 0.3333333333333333, 0.2261904761904762, 0.2619047619047619, 0.30952380952380953, 0.27380952380952384]
 mean: 0.2650793650793651, std: 0.043353969154754486
F1 (Intime): [0.064, 0.064, 0.14278787878787877, 0.14109546165884193, 0.2355897435897436, 0.22354433366763024, 0.1680243161094225, 0.181559696342305, 0.2013793103448276, 0.14677871148459384, 0.19926289926289925, 0.13914529914529913, 0.15195806352143076, 0.19599209889129604, 0.17877187948350073]
 mean: 0.1622593128193113, std: 0.0482120345197899
--------------------------------------------------
Subject Number: 9
Accuracy Cross: [0.2, 0.20476190476190476, 0.2, 0.2, 0.2523809523809524, 0.18095238095238095, 0.20952380952380953, 0.20476190476190476, 0.20952380952380953, 0.1761904761904762, 0.2619047619047619, 0.14761904761904762, 0.2, 0.20476190476190476, 0.22857142857142856]
 mean: 0.2053968253968254, std: 0.026929917537077457
F1 Score: [0.06666666666666667, 0.0762909090909091, 0.06666666666666667, 0.07675213675213674, 0.14599896747547753, 0.13125541125541126, 0.08601417208729219, 0.07623459649773001, 0.1445580662112454, 0.12996814343112223, 0.15045166250240247, 0.08350258325234027, 0.11480441699419801, 0.08417453891138102, 0.11467993366500831]
 mean: 0.10320125809733251, std: 0.029900336022034308
Accuracy Intime: [0.2261904761904762, 0.23809523809523808, 0.20238095238095238, 0.20238095238095238, 0.2261904761904762, 0.23809523809523808, 0.21428571428571427, 0.19047619047619047, 0.27380952380952384, 0.2857142857142857, 0.23809523809523808, 0.21428571428571427, 0.2261904761904762, 0.21428571428571427, 0.19047619047619047]
 mean: 0.22539682539682543, std: 0.026250532394509887
F1 (Intime): [0.14249003444405745, 0.13773416592328278, 0.08817587641117053, 0.08752834467120181, 0.11494252873563218, 0.12873563218390804, 0.07058823529411765, 0.064, 0.20075213675213677, 0.21530166880616175, 0.13116937161880982, 0.13894584947216526, 0.13272727272727272, 0.07058823529411765, 0.064]
 mean: 0.11917862348893563, std: 0.045006147078339415
--------------------------------------------------
Subject Number: 10
Accuracy Cross: [0.22380952380952382, 0.17142857142857143, 0.2, 0.1619047619047619, 0.23333333333333334, 0.2571428571428571, 0.24761904761904763, 0.2, 0.2, 0.20476190476190476, 0.23333333333333334, 0.20952380952380953, 0.20952380952380953, 0.23333333333333334, 0.2619047619047619]
 mean: 0.21650793650793654, std: 0.027867881076006025
F1 Score: [0.12486772486772486, 0.0995061849117489, 0.06666666666666667, 0.09013563049853372, 0.1564684763646477, 0.17978494623655913, 0.13691016871865025, 0.06693227091633466, 0.06693227091633466, 0.07623459649773001, 0.1641959932404377, 0.12222222222222223, 0.0901116427432217, 0.12048596564725597, 0.1453846153846154]
 mean: 0.1137892917221789, std: 0.036364357327902004
Accuracy Intime: [0.19047619047619047, 0.20238095238095238, 0.19047619047619047, 0.20238095238095238, 0.23809523809523808, 0.21428571428571427, 0.36904761904761907, 0.23809523809523808, 0.21428571428571427, 0.25, 0.38095238095238093, 0.2976190476190476, 0.30952380952380953, 0.21428571428571427, 0.2619047619047619]
 mean: 0.2515873015873016, std: 0.05942319538836472
F1 (Intime): [0.064, 0.08752834467120181, 0.064, 0.08752834467120181, 0.18434782608695652, 0.12549019607843137, 0.24816513593283102, 0.11346938775510204, 0.10289855072463767, 0.14666666666666667, 0.31472261072261076, 0.22722933459775563, 0.1962962962962963, 0.10289855072463767, 0.17447380206000895]
 mean: 0.1493143364658892, std: 0.07100712331082659
--------------------------------------------------
Subject Number: 11
Accuracy Cross: [0.23809523809523808, 0.2571428571428571, 0.3333333333333333, 0.24285714285714285, 0.23809523809523808, 0.22380952380952382, 0.2523809523809524, 0.19523809523809524, 0.20476190476190476, 0.17142857142857143, 0.20476190476190476, 0.20476190476190476, 0.19523809523809524, 0.18095238095238095, 0.22857142857142856]
 mean: 0.2247619047619048, std: 0.03830103144598265
F1 Score: [0.13157446808510637, 0.16498799214031004, 0.19149253731343285, 0.13873814972213142, 0.13436370935367323, 0.11300937766410912, 0.15802898550724637, 0.13389772678068845, 0.12551663982823402, 0.12474002157497303, 0.1100854700854701, 0.11552162849872774, 0.10774973890656496, 0.0838095238095238, 0.1633966033966034]
 mean: 0.133127504844453, std: 0.026386983057261643
Accuracy Intime: [0.2619047619047619, 0.27380952380952384, 0.2857142857142857, 0.2619047619047619, 0.25, 0.2261904761904762, 0.2976190476190476, 0.3333333333333333, 0.20238095238095238, 0.2619047619047619, 0.2976190476190476, 0.30952380952380953, 0.21428571428571427, 0.2619047619047619, 0.2261904761904762]
 mean: 0.2642857142857143, std: 0.03563483225498992
F1 (Intime): [0.20263863863863865, 0.19413469735720373, 0.1824627835319449, 0.14791666666666664, 0.1513846153846154, 0.13999999999999999, 0.24285714285714283, 0.25852149555474363, 0.14201326100060277, 0.19031464737793852, 0.17210823669342848, 0.21694109590420654, 0.12030075187969924, 0.194296778736138, 0.1451814768460576]
 mean: 0.18007148589526845, std: 0.038505539785689505
--------------------------------------------------
Subject Number: 12
Accuracy Cross: [0.1619047619047619, 0.18571428571428572, 0.22857142857142856, 0.23809523809523808, 0.18095238095238095, 0.23333333333333334, 0.23333333333333334, 0.1619047619047619, 0.2, 0.15714285714285714, 0.19523809523809524, 0.1761904761904762, 0.18571428571428572, 0.2, 0.19047619047619047]
 mean: 0.19523809523809527, std: 0.026255330956362326
F1 Score: [0.09618180942751216, 0.06290322580645161, 0.13508303111280778, 0.16911826521276857, 0.09569377990430622, 0.1571493769381207, 0.1483953531606549, 0.06240740740740741, 0.15019553715205888, 0.05477178423236515, 0.11767339156385889, 0.0986324250965654, 0.1036701030927835, 0.12260871456851356, 0.1479066808059385]
 mean: 0.11482605903214088, std: 0.03544075499273374
Accuracy Intime: [0.23809523809523808, 0.25, 0.25, 0.20238095238095238, 0.19047619047619047, 0.21428571428571427, 0.27380952380952384, 0.2261904761904762, 0.25, 0.19047619047619047, 0.30952380952380953, 0.2976190476190476, 0.19047619047619047, 0.25, 0.2976190476190476]
 mean: 0.24206349206349204, std: 0.03879970337009625
F1 (Intime): [0.1579133510167993, 0.18774410774410774, 0.17370066662733763, 0.068, 0.064, 0.10929791271347249, 0.20743034055727555, 0.11954233409610984, 0.16904761904761906, 0.064, 0.23109341297494607, 0.16889400921658987, 0.11186991869918698, 0.14976744186046514, 0.17815126050420166]
 mean: 0.1440301583372074, std: 0.05063288538969173
--------------------------------------------------
Subject Number: 13
Accuracy Cross: [0.24761904761904763, 0.2, 0.2619047619047619, 0.22857142857142856, 0.24285714285714285, 0.21904761904761905, 0.22857142857142856, 0.29523809523809524, 0.2714285714285714, 0.24761904761904763, 0.2571428571428571, 0.2714285714285714, 0.2857142857142857, 0.2619047619047619, 0.2904761904761905]
 mean: 0.25396825396825395, std: 0.026351118691361437
F1 Score: [0.18834142956280361, 0.06693227091633466, 0.1679582643868358, 0.13177257525083613, 0.16522796352583585, 0.16462466105323248, 0.10871232876712329, 0.16890289103039285, 0.19456521739130433, 0.14814229249011857, 0.2163322226335925, 0.21312478004480648, 0.18703630805461832, 0.1993059600077655, 0.21990022286286778]
 mean: 0.16939195919856453, std: 0.040788160709583805
Accuracy Intime: [0.2976190476190476, 0.2261904761904762, 0.27380952380952384, 0.2857142857142857, 0.30952380952380953, 0.27380952380952384, 0.23809523809523808, 0.23809523809523808, 0.2619047619047619, 0.21428571428571427, 0.2857142857142857, 0.2619047619047619, 0.27380952380952384, 0.2619047619047619, 0.15476190476190477]
 mean: 0.2571428571428572, std: 0.037343778907995534
F1 (Intime): [0.20848327532298977, 0.12025901942645698, 0.171963963963964, 0.16560121765601216, 0.1715552739942984, 0.24855383099285538, 0.1556528237429273, 0.13793103448275862, 0.1873015873015873, 0.12666666666666665, 0.21835294117647058, 0.21769217330538085, 0.20843304843304847, 0.22043174217087264, 0.06871794871794872]
 mean: 0.1751731031569492, std: 0.046225886787463547
--------------------------------------------------
Subject Number: 14
Accuracy Cross: [0.17142857142857143, 0.18571428571428572, 0.2, 0.2, 0.20476190476190476, 0.20952380952380953, 0.21428571428571427, 0.2, 0.19047619047619047, 0.20952380952380953, 0.18095238095238095, 0.19523809523809524, 0.21428571428571427, 0.2, 0.2]
 mean: 0.19841269841269846, std: 0.01175032096718841
F1 Score: [0.08565597362499347, 0.10859291319649375, 0.06666666666666667, 0.06666666666666667, 0.11821862348178139, 0.10056022408963586, 0.15908441201459342, 0.08945194239311886, 0.10577702384318159, 0.1380373806349811, 0.1030920060331825, 0.0777604369879048, 0.1444554320284745, 0.08163265306122448, 0.06666666666666667]
 mean: 0.10082126809263772, std: 0.02808948389666346
Accuracy Intime: [0.21428571428571427, 0.20238095238095238, 0.19047619047619047, 0.19047619047619047, 0.2261904761904762, 0.27380952380952384, 0.2261904761904762, 0.19047619047619047, 0.19047619047619047, 0.23809523809523808, 0.21428571428571427, 0.19047619047619047, 0.27380952380952384, 0.21428571428571427, 0.19047619047619047]
 mean: 0.2150793650793651, std: 0.027652779984419607
F1 (Intime): [0.11669004207573633, 0.08736842105263158, 0.064, 0.064, 0.12569444444444444, 0.18427607480239058, 0.11441860465116278, 0.06530612244897958, 0.064, 0.14392059553349876, 0.10359981299672745, 0.064, 0.16541935483870968, 0.07058823529411765, 0.064]
 mean: 0.09981878054255994, std: 0.039309511570858116
--------------------------------------------------
**************************************************
accuracy_cross_list: [0.2050793650793651, 0.3044444444444444, 0.2047619047619048, 0.22412698412698415, 0.22507936507936507, 0.23365079365079364, 0.18095238095238095, 0.22730158730158728, 0.2053968253968254, 0.21650793650793654, 0.2247619047619048, 0.19523809523809527, 0.25396825396825395, 0.19841269841269846]
f1_score_list: [0.10243528902980263, 0.21215749802416717, 0.10522265873122744, 0.12120525909044888, 0.12473886325673005, 0.13280325671655704, 0.09311102621023161, 0.13355248690856789, 0.10320125809733251, 0.1137892917221789, 0.133127504844453, 0.11482605903214088, 0.16939195919856453, 0.10082126809263772]
accuracy_intime_list: [0.2277777777777778, 0.3507936507936508, 0.2365079365079365, 0.24444444444444444, 0.23968253968253966, 0.25952380952380955, 0.23333333333333328, 0.2650793650793651, 0.22539682539682543, 0.2515873015873016, 0.2642857142857143, 0.24206349206349204, 0.2571428571428572, 0.2150793650793651]
f1_score_intime_list: [0.12152885365204046, 0.2582024716641916, 0.12976801728034978, 0.15110009787719647, 0.14223723812755057, 0.14910604783682208, 0.14814076884876576, 0.1622593128193113, 0.11917862348893563, 0.1493143364658892, 0.18007148589526845, 0.1440301583372074, 0.1751731031569492, 0.09981878054255994]
**************************************************
ACC: 22.14±2.91
F1: 12.57±3.04
Intime: 25.09±3.13
F1 (Intime): 15.21±3.60
