1e-05
Subject Number: 1
Accuracy Cross: [0.5, 0.5, 0.5, 0.5238095238095238, 0.5, 0.5, 0.5, 0.5, 0.7738095238095238, 0.5119047619047619, 0.5, 0.5, 0.5, 0.5595238095238095, 0.5]
 mean: 0.5246031746031746, std: 0.06838304516996195
F1 Score: [0.3333333333333333, 0.3333333333333333, 0.3333333333333333, 0.5102040816326531, 0.3333333333333333, 0.3333333333333333, 0.3333333333333333, 0.3333333333333333, 0.7641495492832866, 0.3592558139534884, 0.3333333333333333, 0.3333333333333333, 0.3333333333333333, 0.4534904167399332, 0.3333333333333333]
 mean: 0.3835844352184018, std: 0.11375938777780875
Accuracy Intime: [0.5294117647058824, 0.47058823529411764, 0.47058823529411764, 0.5294117647058824, 0.5, 0.5588235294117647, 0.47058823529411764, 0.5294117647058824, 0.5294117647058824, 0.5, 0.5294117647058824, 0.5294117647058824, 0.47058823529411764, 0.5294117647058824, 0.59375]
 mean: 0.5160539215686274, std: 0.03454361019613534
F1 (Intime): [0.34615384615384615, 0.32, 0.32, 0.34615384615384615, 0.3333333333333333, 0.48328267477203646, 0.32, 0.34615384615384615, 0.34615384615384615, 0.3333333333333333, 0.34615384615384615, 0.34615384615384615, 0.32, 0.34615384615384615, 0.5134502923976608]
 mean: 0.3577651037942191, std: 0.05647118603126015
--------------------------------------------------
Subject Number: 2
Accuracy Cross: [0.5, 0.5, 0.5357142857142857, 0.5, 0.8214285714285714, 0.5, 0.5, 0.5, 0.8214285714285714, 0.6071428571428571, 0.7619047619047619, 0.8571428571428571, 0.7976190476190477, 0.6071428571428571, 0.7738095238095238]
 mean: 0.6388888888888888, std: 0.1417061214010517
F1 Score: [0.3333333333333333, 0.3333333333333333, 0.4509803921568627, 0.3333333333333333, 0.8212005108556832, 0.3333333333333333, 0.3333333333333333, 0.3333333333333333, 0.8183129055515501, 0.5452009844134537, 0.750445632798574, 0.8550891316848763, 0.7973605789697744, 0.561877667140825, 0.7735206470838655]
 mean: 0.5582658967103643, std: 0.21300373725362826
Accuracy Intime: [0.9411764705882353, 0.7647058823529411, 0.6764705882352942, 0.5, 0.6875, 0.9411764705882353, 0.9411764705882353, 0.5, 0.9411764705882353, 0.5, 0.6470588235294118, 0.9705882352941176, 0.9705882352941176, 0.8529411764705882, 0.8125]
 mean: 0.7764705882352942, std: 0.1741897124976761
F1 (Intime): [0.9411764705882353, 0.7571428571428571, 0.6621499548328816, 0.37916219119226635, 0.6536796536796536, 0.9411764705882353, 0.9403508771929825, 0.37916219119226635, 0.9403508771929825, 0.3333333333333333, 0.6136363636363636, 0.9705627705627706, 0.970357454228422, 0.85178727114211, 0.8056680161943319]
 mean: 0.7426464501799794, std: 0.222067763163467
--------------------------------------------------
Subject Number: 3
Accuracy Cross: [0.5, 0.5, 0.5, 0.5, 0.5, 0.5, 0.5, 0.5, 0.5, 0.5357142857142857, 0.5, 0.5476190476190477, 0.5, 0.5, 0.5]
 mean: 0.5055555555555555, std: 0.014329738162910952
F1 Score: [0.3333333333333333, 0.3333333333333333, 0.3333333333333333, 0.3333333333333333, 0.3333333333333333, 0.3333333333333333, 0.3333333333333333, 0.3333333333333333, 0.3333333333333333, 0.5340634333665197, 0.3333333333333333, 0.44583333333333336, 0.3333333333333333, 0.3333333333333333, 0.3333333333333333]
 mean: 0.3542153400022124, std: 0.055622507447702835
Accuracy Intime: [0.5294117647058824, 0.47058823529411764, 0.47058823529411764, 0.5294117647058824, 0.5, 0.47058823529411764, 0.5294117647058824, 0.5882352941176471, 0.47058823529411764, 0.5625, 0.47058823529411764, 0.5588235294117647, 0.6176470588235294, 0.47058823529411764, 0.5]
 mean: 0.5159313725490196, std: 0.04688360967964837
F1 (Intime): [0.34615384615384615, 0.32, 0.32, 0.34615384615384615, 0.3333333333333333, 0.32, 0.34615384615384615, 0.5641025641025641, 0.32, 0.45893719806763283, 0.32, 0.48328267477203646, 0.5729468599033817, 0.32, 0.3333333333333333]
 mean: 0.3802931667982546, std: 0.08847281682229217
--------------------------------------------------
Subject Number: 4
Accuracy Cross: [0.5, 0.6785714285714286, 0.5, 0.5, 0.5357142857142857, 0.5, 0.7142857142857143, 0.5119047619047619, 0.7023809523809523, 0.5, 0.5, 0.5119047619047619, 0.5119047619047619, 0.5, 0.5238095238095238]
 mean: 0.5460317460317461, std: 0.0771353448559861
F1 Score: [0.3333333333333333, 0.6415362731152205, 0.3333333333333333, 0.3333333333333333, 0.408130081300813, 0.3333333333333333, 0.6888888888888889, 0.3592558139534884, 0.6825396825396826, 0.3333333333333333, 0.3333333333333333, 0.40936374549819926, 0.44585679806918743, 0.3333333333333333, 0.4541910331384016]
 mean: 0.42820637665581435, std: 0.12849273132850983
Accuracy Intime: [0.6176470588235294, 0.7647058823529411, 0.5588235294117647, 0.6176470588235294, 0.5, 0.47058823529411764, 0.7647058823529411, 0.47058823529411764, 0.6470588235294118, 0.5, 0.5, 0.7647058823529411, 0.7352941176470589, 0.47058823529411764, 0.78125]
 mean: 0.6109068627450981, std: 0.11986960568216423
F1 (Intime): [0.5888372093023255, 0.7614035087719297, 0.5072463768115942, 0.6007226738934056, 0.3333333333333333, 0.32, 0.7614035087719297, 0.32, 0.6357142857142857, 0.3333333333333333, 0.37916219119226635, 0.7509157509157509, 0.7294429708222812, 0.32, 0.7810361681329423]
 mean: 0.5415034207330253, std: 0.1842597829577105
--------------------------------------------------
Subject Number: 5
Accuracy Cross: [0.5238095238095238, 0.5, 0.5, 0.5, 0.4642857142857143, 0.5, 0.5, 0.5, 0.5, 0.5119047619047619, 0.5, 0.5, 0.5, 0.5, 0.4880952380952381]
 mean: 0.4992063492063492, std: 0.011878277418329973
F1 Score: [0.44297082228116713, 0.3333333333333333, 0.3333333333333333, 0.3333333333333333, 0.36651583710407243, 0.3333333333333333, 0.3333333333333333, 0.3333333333333333, 0.3333333333333333, 0.37777777777777777, 0.3333333333333333, 0.4555555555555556, 0.3333333333333333, 0.3333333333333333, 0.36486724107613855]
 mean: 0.3560680378085363, std: 0.0393924047756287
Accuracy Intime: [0.7058823529411765, 0.6764705882352942, 0.47058823529411764, 0.5294117647058824, 0.5, 0.7058823529411765, 0.47058823529411764, 0.5, 0.5294117647058824, 0.5, 0.47058823529411764, 0.5588235294117647, 0.47058823529411764, 0.47058823529411764, 0.5]
 mean: 0.5372549019607843, std: 0.08351191936881122
F1 (Intime): [0.7048611111111112, 0.6621499548328816, 0.32, 0.34615384615384615, 0.3333333333333333, 0.7017543859649122, 0.32, 0.3333333333333333, 0.34615384615384615, 0.3333333333333333, 0.32, 0.48328267477203646, 0.32, 0.32, 0.3333333333333333]
 mean: 0.4118459434881311, std: 0.14448213452234487
--------------------------------------------------
Subject Number: 6
Accuracy Cross: [0.5476190476190477, 0.5, 0.5, 0.5357142857142857, 0.6785714285714286, 0.5476190476190477, 0.5714285714285714, 0.5833333333333334, 0.6190476190476191, 0.5952380952380952, 0.5476190476190477, 0.5, 0.5476190476190477, 0.4880952380952381, 0.5]
 mean: 0.5507936507936506, std: 0.05096696621588039
F1 Score: [0.43121881682109764, 0.3333333333333333, 0.3333333333333333, 0.42394935818533497, 0.6679841897233202, 0.44583333333333336, 0.5508021390374331, 0.5353247984826932, 0.5786833855799374, 0.5915331807780321, 0.43121881682109764, 0.3333333333333333, 0.48148148148148145, 0.36486724107613855, 0.3333333333333333]
 mean: 0.4557486716435488, std: 0.10492486948174432
Accuracy Intime: [0.5294117647058824, 0.5294117647058824, 0.47058823529411764, 0.7058823529411765, 0.8125, 0.5588235294117647, 0.7941176470588235, 0.7647058823529411, 0.7647058823529411, 0.75, 0.4411764705882353, 0.6470588235294118, 0.8235294117647058, 0.5, 0.75]
 mean: 0.6561274509803922, std: 0.13212716763606142
F1 (Intime): [0.34615384615384615, 0.43333333333333335, 0.32, 0.678030303030303, 0.8056680161943319, 0.48328267477203646, 0.7895667550839964, 0.7647058823529411, 0.7638888888888888, 0.746031746031746, 0.4288240495137047, 0.6357142857142857, 0.8229166666666667, 0.37916219119226635, 0.7408906882591093]
 mean: 0.6092112884791637, std: 0.1810138901782908
--------------------------------------------------
Subject Number: 7
Accuracy Cross: [0.5, 0.5, 0.5, 0.5, 0.5, 0.5476190476190477, 0.5, 0.6071428571428571, 0.5, 0.5, 0.5, 0.47619047619047616, 0.6071428571428571, 0.5476190476190477, 0.5]
 mean: 0.5190476190476191, std: 0.03883215816738116
F1 Score: [0.3333333333333333, 0.3333333333333333, 0.3333333333333333, 0.3333333333333333, 0.3333333333333333, 0.43121881682109764, 0.3333333333333333, 0.561877667140825, 0.3333333333333333, 0.3333333333333333, 0.3333333333333333, 0.35833333333333334, 0.5354449472096531, 0.49968652037617556, 0.3333333333333333]
 mean: 0.38132630788096117, std: 0.08017135132835009
Accuracy Intime: [0.5294117647058824, 0.5588235294117647, 0.4411764705882353, 0.6470588235294118, 0.8125, 0.5294117647058824, 0.6470588235294118, 0.47058823529411764, 0.5294117647058824, 0.5, 0.47058823529411764, 0.6176470588235294, 0.5294117647058824, 0.47058823529411764, 0.5]
 mean: 0.5502450980392157, std: 0.09304368364651563
F1 (Intime): [0.34615384615384615, 0.4522019334049409, 0.30612244897959184, 0.6136363636363636, 0.8056680161943319, 0.34615384615384615, 0.6263736263736264, 0.3952569169960475, 0.34615384615384615, 0.3333333333333333, 0.32, 0.5888372093023255, 0.34615384615384615, 0.32, 0.3333333333333333]
 mean: 0.4319585710779519, std: 0.14756656054889297
--------------------------------------------------
Subject Number: 8
Accuracy Cross: [0.7142857142857143, 0.5, 0.5, 0.5, 0.5714285714285714, 0.5357142857142857, 0.5, 0.5476190476190477, 0.5, 0.5714285714285714, 0.5952380952380952, 0.6309523809523809, 0.5714285714285714, 0.5833333333333334, 0.6904761904761905]
 mean: 0.5674603174603174, std: 0.06630666214033468
F1 Score: [0.7136363636363636, 0.3333333333333333, 0.3333333333333333, 0.3333333333333333, 0.475, 0.408130081300813, 0.3333333333333333, 0.4910714285714286, 0.3333333333333333, 0.5591836734693878, 0.5159322033898305, 0.5727645611156686, 0.475, 0.4957983193277311, 0.662962962962963]
 mean: 0.46907641736272354, std: 0.11988354675601445
Accuracy Intime: [0.7647058823529411, 0.9117647058823529, 0.5294117647058824, 0.47058823529411764, 0.78125, 0.6470588235294118, 0.7058823529411765, 0.6470588235294118, 0.5882352941176471, 0.59375, 0.7941176470588235, 0.7352941176470589, 0.5, 0.5294117647058824, 0.78125]
 mean: 0.6653186274509804, std: 0.1250458873866951
F1 (Intime): [0.7614035087719297, 0.9116883116883117, 0.5142857142857142, 0.32, 0.7757757757757757, 0.6470588235294118, 0.6640316205533596, 0.6136363636363636, 0.5296442687747036, 0.5134502923976608, 0.7895667550839964, 0.7350649350649351, 0.37916219119226635, 0.43333333333333335, 0.7793103448275862]
 mean: 0.6244941492610232, std: 0.16586420698191368
--------------------------------------------------
Subject Number: 9
Accuracy Cross: [0.5, 0.5, 0.5, 0.5, 0.5, 0.44047619047619047, 0.5, 0.5119047619047619, 0.5714285714285714, 0.4523809523809524, 0.5, 0.5, 0.5357142857142857, 0.5, 0.5]
 mean: 0.5007936507936508, std: 0.02865947632582188
F1 Score: [0.3333333333333333, 0.3333333333333333, 0.3333333333333333, 0.3333333333333333, 0.3333333333333333, 0.35225594749794914, 0.3333333333333333, 0.43494667760459393, 0.5087719298245614, 0.4409722222222222, 0.3333333333333333, 0.3333333333333333, 0.5243211848410048, 0.3333333333333333, 0.3333333333333333]
 mean: 0.3729734196882442, std: 0.06630961787001115
Accuracy Intime: [0.5294117647058824, 0.47058823529411764, 0.47058823529411764, 0.5294117647058824, 0.53125, 0.7352941176470589, 0.5294117647058824, 0.47058823529411764, 0.47058823529411764, 0.84375, 0.47058823529411764, 0.47058823529411764, 0.5294117647058824, 0.5294117647058824, 0.5]
 mean: 0.5387254901960785, std: 0.10377044019362017
F1 (Intime): [0.34615384615384615, 0.32, 0.32, 0.34615384615384615, 0.3992490613266583, 0.7153488372093023, 0.34615384615384615, 0.32, 0.32, 0.8423645320197044, 0.32, 0.32, 0.39555555555555555, 0.34615384615384615, 0.3333333333333333]
 mean: 0.3993644469373292, std: 0.15266250445098148
--------------------------------------------------
Subject Number: 10
Accuracy Cross: [0.44047619047619047, 0.5, 0.5, 0.5, 0.5833333333333334, 0.5357142857142857, 0.5, 0.5, 0.5, 0.5, 0.5, 0.5119047619047619, 0.5, 0.5, 0.5]
 mean: 0.5047619047619047, std: 0.027766437594501443
F1 Score: [0.30578512396694213, 0.3333333333333333, 0.3333333333333333, 0.3333333333333333, 0.5428393717928783, 0.43817527010804325, 0.3333333333333333, 0.3333333333333333, 0.3333333333333333, 0.3333333333333333, 0.3875, 0.4910595537165657, 0.3333333333333333, 0.3333333333333333, 0.4954233409610984]
 mean: 0.37738551070303517, std: 0.0733118270034382
Accuracy Intime: [0.5882352941176471, 0.5588235294117647, 0.47058823529411764, 0.47058823529411764, 0.5, 0.5588235294117647, 0.5294117647058824, 0.47058823529411764, 0.47058823529411764, 0.5, 0.47058823529411764, 0.8529411764705882, 0.7647058823529411, 0.7058823529411765, 0.6875]
 mean: 0.57328431372549, std: 0.11874841911977113
F1 (Intime): [0.5824561403508772, 0.48328267477203646, 0.32, 0.32, 0.3333333333333333, 0.411764705882353, 0.34615384615384615, 0.32, 0.32, 0.3333333333333333, 0.32, 0.8528138528138528, 0.7424242424242424, 0.6964285714285714, 0.6875]
 mean: 0.4712993800328297, std: 0.18270555979671627
--------------------------------------------------
Subject Number: 11
Accuracy Cross: [0.5, 0.5, 0.5, 0.6071428571428571, 0.5, 0.5, 0.5, 0.35714285714285715, 0.5, 0.4523809523809524, 0.5, 0.6071428571428571, 0.5, 0.5, 0.5]
 mean: 0.5015873015873016, std: 0.055134458517328254
F1 Score: [0.3333333333333333, 0.3333333333333333, 0.3333333333333333, 0.5452009844134537, 0.3333333333333333, 0.4928119608970673, 0.35337243401759527, 0.351258581235698, 0.3333333333333333, 0.4445083381253594, 0.3333333333333333, 0.5903650066499188, 0.3333333333333333, 0.3333333333333333, 0.3333333333333333]
 mean: 0.38516782035593944, std: 0.08531008787452787
Accuracy Intime: [0.5294117647058824, 0.5, 0.47058823529411764, 0.7352941176470589, 0.5, 0.8529411764705882, 0.8529411764705882, 0.8529411764705882, 0.5882352941176471, 0.59375, 0.47058823529411764, 0.5588235294117647, 0.5588235294117647, 0.47058823529411764, 0.5]
 mean: 0.602328431372549, std: 0.14117466212757807
F1 (Intime): [0.34615384615384615, 0.37916219119226635, 0.32, 0.7332170880557978, 0.3333333333333333, 0.85178727114211, 0.8496905393457117, 0.8464317976513098, 0.4711111111111111, 0.5733333333333333, 0.32, 0.5553618134263296, 0.411764705882353, 0.32, 0.3333333333333333]
 mean: 0.509645357597389, std: 0.20447268407981942
--------------------------------------------------
Subject Number: 12
Accuracy Cross: [0.5, 0.5, 0.5, 0.5, 0.5, 0.47619047619047616, 0.5, 0.5, 0.40476190476190477, 0.44047619047619047, 0.5, 0.5714285714285714, 0.5, 0.4880952380952381, 0.38095238095238093]
 mean: 0.4841269841269842, std: 0.04383079768725103
F1 Score: [0.3333333333333333, 0.3333333333333333, 0.3333333333333333, 0.3333333333333333, 0.3333333333333333, 0.3225806451612903, 0.3333333333333333, 0.3333333333333333, 0.35185185185185186, 0.33836098541980897, 0.3333333333333333, 0.49867374005305043, 0.3333333333333333, 0.42911332385016593, 0.27586206896551724]
 mean: 0.3477628410201123, std: 0.0497827785758541
Accuracy Intime: [0.5882352941176471, 0.5588235294117647, 0.5588235294117647, 0.47058823529411764, 0.5, 0.47058823529411764, 0.6470588235294118, 0.5294117647058824, 0.5, 0.5, 0.5294117647058824, 0.5294117647058824, 0.5294117647058824, 0.47058823529411764, 0.59375]
 mean: 0.5317401960784314, std: 0.04903400523863421
F1 (Intime): [0.5868055555555556, 0.411764705882353, 0.5072463768115942, 0.32, 0.3333333333333333, 0.32, 0.575, 0.34615384615384615, 0.37916219119226635, 0.3333333333333333, 0.34615384615384615, 0.5018315018315018, 0.34615384615384615, 0.32, 0.539313399778516]
 mean: 0.4110834624119994, std: 0.09740570424245688
--------------------------------------------------
Subject Number: 13
Accuracy Cross: [0.5238095238095238, 0.5, 0.5, 0.5, 0.5, 0.5, 0.5, 0.5, 0.5, 0.5833333333333334, 0.6190476190476191, 0.6071428571428571, 0.5, 0.7023809523809523, 0.6904761904761905]
 mean: 0.5484126984126985, std: 0.07082638576927969
F1 Score: [0.4012829650748396, 0.3333333333333333, 0.3333333333333333, 0.3333333333333333, 0.3333333333333333, 0.3333333333333333, 0.3333333333333333, 0.3333333333333333, 0.3333333333333333, 0.5353247984826932, 0.5909920876445527, 0.5942028985507246, 0.3333333333333333, 0.7020008514261388, 0.690300623936472]
 mean: 0.4342736150076947, std: 0.13913205877071727
Accuracy Intime: [0.6470588235294118, 0.6470588235294118, 0.47058823529411764, 0.5294117647058824, 0.5, 0.8235294117647058, 0.5294117647058824, 0.5, 0.8823529411764706, 0.78125, 0.7941176470588235, 0.6470588235294118, 0.7352941176470589, 0.7352941176470589, 0.625]
 mean: 0.6564950980392157, std: 0.12726265781223214
F1 (Intime): [0.6470588235294118, 0.6357142857142857, 0.32, 0.34615384615384615, 0.3333333333333333, 0.8178571428571428, 0.43333333333333335, 0.3333333333333333, 0.8823529411764706, 0.7757757757757757, 0.793939393939394, 0.6421052631578947, 0.7332170880557978, 0.7294429708222812, 0.625]
 mean: 0.6032411687454867, std: 0.1912703137208323
--------------------------------------------------
Subject Number: 14
Accuracy Cross: [0.5, 0.5, 0.5, 0.5, 0.5, 0.5, 0.6428571428571429, 0.5, 0.5, 0.5238095238095238, 0.5, 0.5, 0.5, 0.5, 0.5476190476190477]
 mean: 0.5142857142857142, std: 0.03668006351838523
F1 Score: [0.3333333333333333, 0.3333333333333333, 0.3333333333333333, 0.3333333333333333, 0.3333333333333333, 0.3333333333333333, 0.6428571428571429, 0.3333333333333333, 0.3333333333333333, 0.3841642228739003, 0.3333333333333333, 0.3333333333333333, 0.3333333333333333, 0.3333333333333333, 0.43121881682109764]
 mean: 0.3638826788368093, std: 0.07915023613815647
Accuracy Intime: [0.5882352941176471, 0.5294117647058824, 0.47058823529411764, 0.5294117647058824, 0.5, 0.47058823529411764, 0.5294117647058824, 0.6470588235294118, 0.6764705882352942, 0.625, 0.47058823529411764, 0.5882352941176471, 0.5294117647058824, 0.47058823529411764, 0.5]
 mean: 0.5416666666666666, std: 0.06574843415335334
F1 (Intime): [0.5296442687747036, 0.43333333333333335, 0.32, 0.34615384615384615, 0.3333333333333333, 0.32, 0.34615384615384615, 0.6263736263736264, 0.652093023255814, 0.611336032388664, 0.32, 0.5296442687747036, 0.34615384615384615, 0.32, 0.3333333333333333]
 mean: 0.42450351720193663, std: 0.12338719329896089
--------------------------------------------------
**************************************************
accuracy_cross_list: [0.5246031746031746, 0.6388888888888888, 0.5055555555555555, 0.5460317460317461, 0.4992063492063492, 0.5507936507936506, 0.5190476190476191, 0.5674603174603174, 0.5007936507936508, 0.5047619047619047, 0.5015873015873016, 0.4841269841269842, 0.5484126984126985, 0.5142857142857142]
f1_score_list: [0.3835844352184018, 0.5582658967103643, 0.3542153400022124, 0.42820637665581435, 0.3560680378085363, 0.4557486716435488, 0.38132630788096117, 0.46907641736272354, 0.3729734196882442, 0.37738551070303517, 0.38516782035593944, 0.3477628410201123, 0.4342736150076947, 0.3638826788368093]
accuracy_intime_list: [0.5160539215686274, 0.7764705882352942, 0.5159313725490196, 0.6109068627450981, 0.5372549019607843, 0.6561274509803922, 0.5502450980392157, 0.6653186274509804, 0.5387254901960785, 0.57328431372549, 0.602328431372549, 0.5317401960784314, 0.6564950980392157, 0.5416666666666666]
f1_score_intime_list: [0.3577651037942191, 0.7426464501799794, 0.3802931667982546, 0.5415034207330253, 0.4118459434881311, 0.6092112884791637, 0.4319585710779519, 0.6244941492610232, 0.3993644469373292, 0.4712993800328297, 0.509645357597389, 0.4110834624119994, 0.6032411687454867, 0.42450351720193663]
**************************************************
ACC: 52.90±3.84
F1: 40.49±5.65
Intime: 59.09±7.26
F1 (Intime): 49.42±11.01
