1e-04
Subject Number: 1
Accuracy Cross: [0.19117647058823528, 0.2647058823529412, 0.2647058823529412, 0.2647058823529412, 0.23529411764705882, 0.2318840579710145, 0.2608695652173913, 0.2753623188405797, 0.2028985507246377, 0.2318840579710145, 0.2647058823529412, 0.2647058823529412, 0.2647058823529412, 0.2647058823529412, 0.2647058823529412]
 mean: 0.24980107985223074, std: 0.024552388554689667
F1 Score: [0.1159504452187379, 0.10465116279069768, 0.10465116279069768, 0.10465116279069768, 0.14714114354258295, 0.14691310975609756, 0.10344827586206896, 0.13088235294117648, 0.12137681159420288, 0.14915458937198067, 0.1111111111111111, 0.10465116279069768, 0.10588235294117647, 0.10465116279069768, 0.10714285714285714]
 mean: 0.11748392422903203, std: 0.01682899838230342
Accuracy Intime: [0.2857142857142857, 0.35714285714285715, 0.25, 0.3076923076923077, 0.34615384615384615, 0.32142857142857145, 0.35714285714285715, 0.21428571428571427, 0.4230769230769231, 0.2692307692307692, 0.35714285714285715, 0.21428571428571427, 0.35714285714285715, 0.3076923076923077, 0.2692307692307692]
 mean: 0.3091575091575091, std: 0.05712583103161721
F1 (Intime): [0.187683284457478, 0.21212121212121213, 0.14646464646464646, 0.2, 0.2827898550724638, 0.2111111111111111, 0.2402745995423341, 0.08823529411764706, 0.27694235588972427, 0.17613636363636365, 0.225, 0.08823529411764706, 0.21764705882352942, 0.2, 0.16820276497695852]
 mean: 0.19472292268874108, std: 0.05462989871418254
--------------------------------------------------
Subject Number: 2
Accuracy Cross: [0.2608695652173913, 0.2608695652173913, 0.2608695652173913, 0.2608695652173913, 0.3188405797101449, 0.2647058823529412, 0.2647058823529412, 0.2647058823529412, 0.2647058823529412, 0.2647058823529412, 0.15942028985507245, 0.2608695652173913, 0.2608695652173913, 0.21739130434782608, 0.15942028985507245]
 mean: 0.24958795112247792, std: 0.039999477521308176
F1 Score: [0.10344827586206896, 0.10344827586206896, 0.10344827586206896, 0.10344827586206896, 0.21485507246376812, 0.10465116279069768, 0.10588235294117647, 0.10465116279069768, 0.10714285714285714, 0.10465116279069768, 0.10384923817161187, 0.10344827586206896, 0.10843373493975904, 0.09146341463414634, 0.08635265700483091]
 mean: 0.10994494633203919, std: 0.02859277478645228
Accuracy Intime: [0.25, 0.32142857142857145, 0.35714285714285715, 0.3076923076923077, 0.2692307692307692, 0.2857142857142857, 0.2857142857142857, 0.2857142857142857, 0.2857142857142857, 0.2692307692307692, 0.39285714285714285, 0.21428571428571427, 0.32142857142857145, 0.38461538461538464, 0.34615384615384615]
 mean: 0.3051282051282051, std: 0.047831310517863136
F1 (Intime): [0.14375, 0.25629779577148, 0.24305555555555558, 0.16296296296296295, 0.16820276497695852, 0.1111111111111111, 0.1111111111111111, 0.1111111111111111, 0.1111111111111111, 0.1625, 0.25, 0.08823529411764706, 0.2091346153846154, 0.29166666666666663, 0.23011363636363635]
 mean: 0.17669091574959778, std: 0.06314849068412784
--------------------------------------------------
Subject Number: 3
Accuracy Cross: [0.2647058823529412, 0.2647058823529412, 0.29411764705882354, 0.2647058823529412, 0.3088235294117647, 0.2608695652173913, 0.2318840579710145, 0.2608695652173913, 0.2753623188405797, 0.2898550724637681, 0.17391304347826086, 0.2028985507246377, 0.18840579710144928, 0.2463768115942029, 0.2608695652173913]
 mean: 0.25255754475703324, std: 0.03713605284469037
F1 Score: [0.1111111111111111, 0.10465116279069768, 0.16759493670886078, 0.10465116279069768, 0.18229885057471262, 0.10344827586206896, 0.11615384615384616, 0.16084656084656085, 0.17778187177597643, 0.17532467532467533, 0.10024154589371981, 0.13725490196078433, 0.1565934065934066, 0.10240963855421686, 0.10344827586206896]
 mean: 0.1335873481868936, std: 0.03151160064616355
Accuracy Intime: [0.35714285714285715, 0.21428571428571427, 0.32142857142857145, 0.25, 0.3076923076923077, 0.21428571428571427, 0.2857142857142857, 0.2857142857142857, 0.2692307692307692, 0.2692307692307692, 0.39285714285714285, 0.32142857142857145, 0.42857142857142855, 0.23076923076923078, 0.23076923076923078]
 mean: 0.2919413919413919, std: 0.06191559824526271
F1 (Intime): [0.31399521531100477, 0.08823529411764706, 0.175, 0.14375, 0.20869565217391306, 0.08823529411764706, 0.1111111111111111, 0.187683284457478, 0.15000000000000002, 0.1835016835016835, 0.2670588235294118, 0.217911877394636, 0.2657952069716776, 0.09375, 0.0967741935483871]
 mean: 0.17276650908230645, std: 0.06958631573756656
--------------------------------------------------
Subject Number: 4
Accuracy Cross: [0.2608695652173913, 0.2608695652173913, 0.3188405797101449, 0.2608695652173913, 0.3333333333333333, 0.2608695652173913, 0.2608695652173913, 0.2608695652173913, 0.2608695652173913, 0.3333333333333333, 0.4057971014492754, 0.2318840579710145, 0.2608695652173913, 0.2608695652173913, 0.3188405797101449]
 mean: 0.2859903381642512, std: 0.044423435488203475
F1 Score: [0.10344827586206896, 0.10588235294117647, 0.19804900181488205, 0.10588235294117647, 0.21385991058122206, 0.10344827586206896, 0.10344827586206896, 0.10344827586206896, 0.10344827586206896, 0.2175543885971493, 0.3354105571847507, 0.11416747809152873, 0.10344827586206896, 0.10465116279069768, 0.23206896551724138]
 mean: 0.14988105504214924, std: 0.06942533933155466
Accuracy Intime: [0.2857142857142857, 0.32142857142857145, 0.39285714285714285, 0.25, 0.3076923076923077, 0.25, 0.21428571428571427, 0.21428571428571427, 0.21428571428571427, 0.3076923076923077, 0.2857142857142857, 0.25, 0.21428571428571427, 0.21428571428571427, 0.38461538461538464]
 mean: 0.27380952380952384, std: 0.058145496047149185
F1 (Intime): [0.1111111111111111, 0.20823529411764707, 0.2528604118993135, 0.14375, 0.21052631578947367, 0.14646464646464646, 0.14285714285714285, 0.08823529411764706, 0.08823529411764706, 0.20869565217391306, 0.18406593406593408, 0.14166666666666666, 0.08823529411764706, 0.08823529411764706, 0.2638888888888889]
 mean: 0.15780421603368835, std: 0.05844752386487711
--------------------------------------------------
Subject Number: 5
Accuracy Cross: [0.2647058823529412, 0.2647058823529412, 0.2647058823529412, 0.3382352941176471, 0.39705882352941174, 0.23529411764705882, 0.2647058823529412, 0.2647058823529412, 0.29411764705882354, 0.25, 0.2647058823529412, 0.2647058823529412, 0.2647058823529412, 0.3088235294117647, 0.2647058823529412]
 mean: 0.28039215686274505, std: 0.03926467528333487
F1 Score: [0.10465116279069768, 0.10465116279069768, 0.10465116279069768, 0.22150072150072148, 0.2833679833679834, 0.1111111111111111, 0.10465116279069768, 0.10465116279069768, 0.15605278255880667, 0.10493827160493827, 0.10588235294117647, 0.10465116279069768, 0.10465116279069768, 0.17793791574279377, 0.10843373493975904]
 mean: 0.13345220088681162, std: 0.05242247362524582
Accuracy Intime: [0.2857142857142857, 0.2857142857142857, 0.21428571428571427, 0.23076923076923078, 0.4230769230769231, 0.4642857142857143, 0.39285714285714285, 0.21428571428571427, 0.34615384615384615, 0.4230769230769231, 0.2857142857142857, 0.21428571428571427, 0.2857142857142857, 0.38461538461538464, 0.34615384615384615]
 mean: 0.31978021978021975, std: 0.0812852619181116
F1 (Intime): [0.20159151193633953, 0.11428571428571428, 0.08823529411764706, 0.09375, 0.3611111111111111, 0.3680830039525692, 0.25764705882352945, 0.08823529411764706, 0.2264957264957265, 0.3123076923076923, 0.1111111111111111, 0.08823529411764706, 0.1111111111111111, 0.26495726495726496, 0.27011494252873564]
 mean: 0.19715147539825645, std: 0.10059019263695415
--------------------------------------------------
Subject Number: 6
Accuracy Cross: [0.29411764705882354, 0.2647058823529412, 0.27941176470588236, 0.2647058823529412, 0.35294117647058826, 0.2898550724637681, 0.2608695652173913, 0.2753623188405797, 0.2608695652173913, 0.2608695652173913, 0.2898550724637681, 0.2753623188405797, 0.2753623188405797, 0.2608695652173913, 0.3188405797101449]
 mean: 0.2815998863313441, std: 0.024739642502814983
F1 Score: [0.16759493670886078, 0.10465116279069768, 0.17653557224922667, 0.10465116279069768, 0.22417079679756005, 0.15588235294117647, 0.1396011396011396, 0.16116071428571427, 0.10344827586206896, 0.10588235294117647, 0.18668831168831168, 0.18423994038748137, 0.1853846153846154, 0.10714285714285714, 0.2565190916254746]
 mean: 0.15757021887980394, std: 0.045535842575721235
Accuracy Intime: [0.5, 0.25, 0.35714285714285715, 0.2857142857142857, 0.38461538461538464, 0.2857142857142857, 0.39285714285714285, 0.2857142857142857, 0.23076923076923078, 0.2692307692307692, 0.42857142857142855, 0.39285714285714285, 0.32142857142857145, 0.38461538461538464, 0.3076923076923077]
 mean: 0.3384615384615384, std: 0.07236078080507397
F1 (Intime): [0.4088438735177866, 0.14222873900293254, 0.26666666666666666, 0.1111111111111111, 0.2928571428571428, 0.1111111111111111, 0.26190476190476186, 0.18406593406593408, 0.09375, 0.15232974910394265, 0.34924242424242424, 0.2670588235294118, 0.21395881006864986, 0.2533333333333333, 0.20714285714285713]
 mean: 0.22104035584387108, std: 0.0882006445987809
--------------------------------------------------
Subject Number: 7
Accuracy Cross: [0.3235294117647059, 0.2647058823529412, 0.2647058823529412, 0.3088235294117647, 0.29411764705882354, 0.2647058823529412, 0.2647058823529412, 0.2647058823529412, 0.25, 0.29411764705882354, 0.2647058823529412, 0.2647058823529412, 0.2647058823529412, 0.2647058823529412, 0.22058823529411764]
 mean: 0.27156862745098037, std: 0.02393442277594844
F1 Score: [0.20791340052258306, 0.10465116279069768, 0.10465116279069768, 0.17986230636833045, 0.23993406392136513, 0.10465116279069768, 0.10465116279069768, 0.10465116279069768, 0.10119047619047619, 0.15521064301552107, 0.10465116279069768, 0.10588235294117647, 0.10465116279069768, 0.10465116279069768, 0.1336996336996337]
 mean: 0.13072681193231117, std: 0.04307802526371338
Accuracy Intime: [0.2857142857142857, 0.35714285714285715, 0.21428571428571427, 0.23076923076923078, 0.38461538461538464, 0.35714285714285715, 0.35714285714285715, 0.2857142857142857, 0.23076923076923078, 0.38461538461538464, 0.35714285714285715, 0.5, 0.21428571428571427, 0.23076923076923078, 0.4230769230769231]
 mean: 0.3208791208791209, std: 0.08385318671026648
F1 (Intime): [0.19375, 0.2264957264957265, 0.08823529411764706, 0.09375, 0.26785714285714285, 0.2409090909090909, 0.288961038961039, 0.1111111111111111, 0.09375, 0.26111111111111107, 0.22916666666666669, 0.3736024844720497, 0.08823529411764706, 0.09375, 0.29261363636363635]
 mean: 0.19621990647885787, std: 0.09120323570895941
--------------------------------------------------
Subject Number: 8
Accuracy Cross: [0.3382352941176471, 0.29411764705882354, 0.2647058823529412, 0.3088235294117647, 0.19117647058823528, 0.25, 0.22058823529411764, 0.2647058823529412, 0.2647058823529412, 0.29411764705882354, 0.2647058823529412, 0.29411764705882354, 0.27941176470588236, 0.3235294117647059, 0.3235294117647059]
 mean: 0.27843137254901956, std: 0.03814720874185044
F1 Score: [0.21873666239863424, 0.15714285714285714, 0.10465116279069768, 0.20958904109589038, 0.12862745098039216, 0.12083333333333333, 0.1765152249023217, 0.10465116279069768, 0.10465116279069768, 0.17477477477477477, 0.10465116279069768, 0.18850317282568121, 0.13219814241486066, 0.2027398401065956, 0.20869565217391306]
 mean: 0.15579738688746966, std: 0.04218919560836284
Accuracy Intime: [0.25, 0.21428571428571427, 0.21428571428571427, 0.23076923076923078, 0.2692307692307692, 0.35714285714285715, 0.2857142857142857, 0.42857142857142855, 0.38461538461538464, 0.38461538461538464, 0.21428571428571427, 0.32142857142857145, 0.35714285714285715, 0.4230769230769231, 0.34615384615384615]
 mean: 0.3120879120879121, std: 0.07457024426641032
F1 (Intime): [0.14646464646464646, 0.08823529411764706, 0.08823529411764706, 0.09375, 0.15714285714285714, 0.2375, 0.1111111111111111, 0.3234126984126984, 0.2604166666666667, 0.26785714285714285, 0.08823529411764706, 0.1801470588235294, 0.2448512585812357, 0.3379679144385027, 0.23684210526315788]
 mean: 0.1908112894742993, std: 0.08477051320977208
--------------------------------------------------
Subject Number: 9
Accuracy Cross: [0.3088235294117647, 0.2647058823529412, 0.22058823529411764, 0.25, 0.17647058823529413, 0.22058823529411764, 0.2647058823529412, 0.2647058823529412, 0.2647058823529412, 0.2647058823529412, 0.29411764705882354, 0.2647058823529412, 0.2647058823529412, 0.2647058823529412, 0.3088235294117647]
 mean: 0.2598039215686274, std: 0.032956345713669837
F1 Score: [0.19302137958854376, 0.10465116279069768, 0.12646096306685367, 0.12126582278481013, 0.11309523809523808, 0.12117117117117118, 0.10465116279069768, 0.10465116279069768, 0.10465116279069768, 0.10465116279069768, 0.1539240506329114, 0.10465116279069768, 0.10465116279069768, 0.10465116279069768, 0.19871794871794873]
 mean: 0.12432439175887054, std: 0.030958102048657156
Accuracy Intime: [0.42857142857142855, 0.32142857142857145, 0.39285714285714285, 0.38461538461538464, 0.3076923076923077, 0.2857142857142857, 0.21428571428571427, 0.21428571428571427, 0.23076923076923078, 0.3076923076923077, 0.25, 0.42857142857142855, 0.25, 0.23076923076923078, 0.3076923076923077]
 mean: 0.30366300366300364, std: 0.07246269353356014
F1 (Intime): [0.2883295194508009, 0.2, 0.2636363636363636, 0.245014245014245, 0.20202020202020202, 0.1111111111111111, 0.08823529411764706, 0.09090909090909091, 0.09375, 0.22115384615384615, 0.1659090909090909, 0.325, 0.14646464646464646, 0.09375, 0.19642857142857142]
 mean: 0.18211413208104107, std: 0.07486364945710727
--------------------------------------------------
Subject Number: 10
Accuracy Cross: [0.2647058823529412, 0.2647058823529412, 0.2647058823529412, 0.2647058823529412, 0.2647058823529412, 0.2647058823529412, 0.2647058823529412, 0.2647058823529412, 0.2647058823529412, 0.2647058823529412, 0.2608695652173913, 0.2898550724637681, 0.30434782608695654, 0.2608695652173913, 0.2318840579710145]
 mean: 0.2663256606990622, std: 0.01476779616140016
F1 Score: [0.10465116279069768, 0.10465116279069768, 0.10465116279069768, 0.10465116279069768, 0.10465116279069768, 0.10714285714285714, 0.10465116279069768, 0.10465116279069768, 0.10465116279069768, 0.10465116279069768, 0.10344827586206896, 0.1717171717171717, 0.22247023809523808, 0.14043209876543208, 0.13573232323232323]
 mean: 0.12152022866209136, std: 0.03302995882495701
Accuracy Intime: [0.21428571428571427, 0.25, 0.32142857142857145, 0.4230769230769231, 0.23076923076923078, 0.42857142857142855, 0.2857142857142857, 0.21428571428571427, 0.3076923076923077, 0.3076923076923077, 0.21428571428571427, 0.21428571428571427, 0.32142857142857145, 0.4230769230769231, 0.23076923076923078]
 mean: 0.2924908424908425, std: 0.07689603571449379
F1 (Intime): [0.08823529411764706, 0.14375, 0.2628384687208216, 0.2698209718670077, 0.09375, 0.36136363636363633, 0.1875, 0.08823529411764706, 0.16845878136200715, 0.18803418803418803, 0.10714285714285714, 0.08823529411764706, 0.225, 0.260989010989011, 0.11538461538461539]
 mean: 0.17658256081447238, std: 0.08164334708993141
--------------------------------------------------
Subject Number: 11
Accuracy Cross: [0.2753623188405797, 0.2753623188405797, 0.2608695652173913, 0.2608695652173913, 0.2898550724637681, 0.2608695652173913, 0.2753623188405797, 0.21739130434782608, 0.2753623188405797, 0.2608695652173913, 0.2608695652173913, 0.2608695652173913, 0.2608695652173913, 0.2608695652173913, 0.2608695652173913]
 mean: 0.26376811594202887, std: 0.015153997238027173
F1 Score: [0.13096695226438188, 0.13096695226438188, 0.10344827586206896, 0.10344827586206896, 0.1538882803943045, 0.10344827586206896, 0.13088235294117648, 0.12029109589041095, 0.19556692242114238, 0.10344827586206896, 0.10344827586206896, 0.10344827586206896, 0.10344827586206896, 0.10344827586206896, 0.10344827586206896]
 mean: 0.11957313592896125, std: 0.025404378483500994
Accuracy Intime: [0.2857142857142857, 0.32142857142857145, 0.2857142857142857, 0.2857142857142857, 0.34615384615384615, 0.21428571428571427, 0.32142857142857145, 0.25, 0.2857142857142857, 0.2692307692307692, 0.21428571428571427, 0.21428571428571427, 0.2857142857142857, 0.21428571428571427, 0.2692307692307692]
 mean: 0.27087912087912086, std: 0.04093068550586903
F1 (Intime): [0.11764705882352941, 0.18571428571428572, 0.1111111111111111, 0.1111111111111111, 0.2571428571428571, 0.08823529411764706, 0.17676767676767677, 0.14375, 0.18333333333333335, 0.17142857142857143, 0.08823529411764706, 0.08823529411764706, 0.1111111111111111, 0.12609970674486803, 0.1625]
 mean: 0.14149484704275975, std: 0.04600852383217125
--------------------------------------------------
Subject Number: 12
Accuracy Cross: [0.27941176470588236, 0.2647058823529412, 0.2647058823529412, 0.2647058823529412, 0.27941176470588236, 0.2318840579710145, 0.21739130434782608, 0.14492753623188406, 0.2318840579710145, 0.2608695652173913, 0.2647058823529412, 0.2647058823529412, 0.3382352941176471, 0.2647058823529412, 0.2647058823529412]
 mean: 0.25579710144927537, std: 0.03949969436181873
F1 Score: [0.18259259259259258, 0.10465116279069768, 0.10465116279069768, 0.10465116279069768, 0.1830357142857143, 0.1111111111111111, 0.18000058675115882, 0.12225049725049725, 0.1, 0.10465116279069768, 0.10465116279069768, 0.12638580931263857, 0.22249226690234203, 0.10465116279069768, 0.10975609756097561]
 mean: 0.13103544350074775, std: 0.03848174278168884
Accuracy Intime: [0.2857142857142857, 0.32142857142857145, 0.32142857142857145, 0.23076923076923078, 0.34615384615384615, 0.2857142857142857, 0.35714285714285715, 0.32142857142857145, 0.3076923076923077, 0.23076923076923078, 0.32142857142857145, 0.21428571428571427, 0.2857142857142857, 0.38461538461538464, 0.23076923076923078]
 mean: 0.29633699633699634, std: 0.049388103292969804
F1 (Intime): [0.19090909090909092, 0.20526315789473684, 0.1971153846153846, 0.09375, 0.22681704260651628, 0.19642857142857142, 0.24305555555555558, 0.2621212121212121, 0.2142857142857143, 0.09375, 0.22115384615384615, 0.08823529411764706, 0.1925925925925926, 0.225, 0.09375]
 mean: 0.18294849748539121, std: 0.05767267905226536
--------------------------------------------------
Subject Number: 13
Accuracy Cross: [0.3088235294117647, 0.2647058823529412, 0.27941176470588236, 0.2647058823529412, 0.27941176470588236, 0.2608695652173913, 0.2608695652173913, 0.2608695652173913, 0.30434782608695654, 0.2608695652173913, 0.29411764705882354, 0.22058823529411764, 0.3088235294117647, 0.20588235294117646, 0.35294117647058826]
 mean: 0.2751491901108269, std: 0.035001681680510356
F1 Score: [0.22362258104277083, 0.1266774020397209, 0.13214285714285715, 0.10465116279069768, 0.1853846153846154, 0.10344827586206896, 0.10465116279069768, 0.10344827586206896, 0.1984126984126984, 0.10344827586206896, 0.160663181067694, 0.09146341463414634, 0.2159090909090909, 0.12008547008547009, 0.22162162162162163]
 mean: 0.14637533903388586, std: 0.04775276318066799
Accuracy Intime: [0.2857142857142857, 0.32142857142857145, 0.35714285714285715, 0.23076923076923078, 0.3076923076923077, 0.25, 0.32142857142857145, 0.5357142857142857, 0.5, 0.34615384615384615, 0.32142857142857145, 0.25, 0.42857142857142855, 0.38461538461538464, 0.2692307692307692]
 mean: 0.3406593406593407, std: 0.08649847904784957
F1 (Intime): [0.18333333333333335, 0.20186335403726707, 0.26666666666666666, 0.09375, 0.20186335403726707, 0.14375, 0.21136363636363636, 0.4464932126696832, 0.32456140350877194, 0.2353846153846154, 0.16764705882352943, 0.1715542521994135, 0.34090909090909094, 0.24000000000000002, 0.15714285714285714]
 mean: 0.22575218900507546, std: 0.08642464662332049
--------------------------------------------------
Subject Number: 14
Accuracy Cross: [0.2647058823529412, 0.2647058823529412, 0.2647058823529412, 0.3235294117647059, 0.3235294117647059, 0.2647058823529412, 0.2647058823529412, 0.2647058823529412, 0.35294117647058826, 0.2647058823529412, 0.2647058823529412, 0.2647058823529412, 0.25, 0.2647058823529412, 0.35294117647058826]
 mean: 0.2833333333333333, std: 0.03415931645134187
F1 Score: [0.10465116279069768, 0.10465116279069768, 0.10465116279069768, 0.2119815668202765, 0.20869565217391306, 0.10588235294117647, 0.10465116279069768, 0.10465116279069768, 0.23065476190476192, 0.10714285714285714, 0.10465116279069768, 0.10465116279069768, 0.14459459459459462, 0.10465116279069768, 0.23105636431504292]
 mean: 0.1384811634812136, std: 0.05075195974913938
Accuracy Intime: [0.32142857142857145, 0.25, 0.21428571428571427, 0.23076923076923078, 0.23076923076923078, 0.32142857142857145, 0.2857142857142857, 0.21428571428571427, 0.23076923076923078, 0.2692307692307692, 0.32142857142857145, 0.21428571428571427, 0.25, 0.23076923076923078, 0.34615384615384615]
 mean: 0.2620879120879121, std: 0.044204881737837334
F1 (Intime): [0.21428571428571427, 0.13571428571428573, 0.08823529411764706, 0.09375, 0.09375, 0.1801470588235294, 0.1111111111111111, 0.08823529411764706, 0.09375, 0.1625, 0.21764705882352942, 0.1388235294117647, 0.16312997347480107, 0.1, 0.23214285714285715]
 mean: 0.1408814784681925, std: 0.04960496785302883
--------------------------------------------------
Subject Number: 15
Accuracy Cross: [0.2647058823529412, 0.27941176470588236, 0.2647058823529412, 0.2647058823529412, 0.29411764705882354, 0.2647058823529412, 0.2647058823529412, 0.2647058823529412, 0.3382352941176471, 0.25, 0.2647058823529412, 0.2647058823529412, 0.2647058823529412, 0.2647058823529412, 0.22058823529411764]
 mean: 0.26862745098039215, std: 0.02369224700704818
F1 Score: [0.10465116279069768, 0.13248337028824833, 0.10465116279069768, 0.10465116279069768, 0.18081918081918083, 0.10465116279069768, 0.10465116279069768, 0.10465116279069768, 0.22115384615384615, 0.14505747126436783, 0.10465116279069768, 0.10588235294117647, 0.10465116279069768, 0.17023809523809524, 0.1448148148148148]
 mean: 0.12917722892302072, std: 0.03528465712072949
Accuracy Intime: [0.21428571428571427, 0.21428571428571427, 0.2857142857142857, 0.2692307692307692, 0.2692307692307692, 0.25, 0.21428571428571427, 0.21428571428571427, 0.5, 0.34615384615384615, 0.21428571428571427, 0.35714285714285715, 0.25, 0.34615384615384615, 0.2692307692307692]
 mean: 0.280952380952381, std: 0.07609752360310687
F1 (Intime): [0.08823529411764706, 0.08823529411764706, 0.20712121212121212, 0.16590389016018306, 0.19818376068376067, 0.14375, 0.08823529411764706, 0.12740384615384615, 0.40384615384615385, 0.2353846153846154, 0.08823529411764706, 0.23809523809523808, 0.14646464646464646, 0.1875, 0.16820276497695852]
 mean: 0.17165315362381353, std: 0.07993871920462024
--------------------------------------------------
Subject Number: 16
Accuracy Cross: [0.27941176470588236, 0.2647058823529412, 0.29411764705882354, 0.25, 0.20588235294117646, 0.2647058823529412, 0.23529411764705882, 0.22058823529411764, 0.2647058823529412, 0.22058823529411764, 0.2647058823529412, 0.2647058823529412, 0.27941176470588236, 0.25, 0.3235294117647059]
 mean: 0.25882352941176473, std: 0.02931356154456089
F1 Score: [0.13214285714285715, 0.10465116279069768, 0.17477477477477477, 0.15625, 0.08974358974358974, 0.10588235294117647, 0.15141242937853105, 0.10815888352120236, 0.10465116279069768, 0.17592592592592593, 0.10465116279069768, 0.10465116279069768, 0.1581081081081081, 0.10119047619047619, 0.20512820512820512]
 mean: 0.13182148360117582, std: 0.03438040158335011
Accuracy Intime: [0.35714285714285715, 0.4642857142857143, 0.25, 0.3076923076923077, 0.3076923076923077, 0.35714285714285715, 0.35714285714285715, 0.2857142857142857, 0.23076923076923078, 0.34615384615384615, 0.2857142857142857, 0.21428571428571427, 0.32142857142857145, 0.23076923076923078, 0.3076923076923077]
 mean: 0.30824175824175826, std: 0.062383006468389304
F1 (Intime): [0.23636363636363636, 0.2971014492753623, 0.1607142857142857, 0.19047619047619047, 0.11764705882352941, 0.30064130915524107, 0.225, 0.1925925925925926, 0.09375, 0.2791501976284585, 0.19642857142857142, 0.08823529411764706, 0.20186335403726707, 0.09375, 0.2111111111111111]
 mean: 0.19232167004825956, std: 0.06858823343812986
--------------------------------------------------
Subject Number: 17
Accuracy Cross: [0.2318840579710145, 0.2608695652173913, 0.2608695652173913, 0.2753623188405797, 0.2463768115942029, 0.2318840579710145, 0.2608695652173913, 0.2608695652173913, 0.2463768115942029, 0.2318840579710145, 0.25, 0.2647058823529412, 0.2647058823529412, 0.27941176470588236, 0.3235294117647059]
 mean: 0.25930662119920433, std: 0.02240774916738251
F1 Score: [0.15119047619047618, 0.10344827586206896, 0.10344827586206896, 0.16574279379157428, 0.15978260869565217, 0.09411764705882353, 0.10344827586206896, 0.10344827586206896, 0.1634908536585366, 0.11375, 0.12241462241462242, 0.12621916236374067, 0.10465116279069768, 0.13224325874928283, 0.19095719095719094]
 mean: 0.12922352534125822, std: 0.02890555944227704
Accuracy Intime: [0.2857142857142857, 0.21428571428571427, 0.21428571428571427, 0.3076923076923077, 0.2692307692307692, 0.21428571428571427, 0.21428571428571427, 0.32142857142857145, 0.38461538461538464, 0.23076923076923078, 0.2857142857142857, 0.25, 0.21428571428571427, 0.21428571428571427, 0.3076923076923077]
 mean: 0.2619047619047619, std: 0.050792403361220276
F1 (Intime): [0.22176434676434675, 0.09375, 0.08823529411764706, 0.12121212121212122, 0.21574440052700922, 0.08823529411764706, 0.08823529411764706, 0.20833333333333331, 0.2506265664160401, 0.14583333333333331, 0.1111111111111111, 0.17407407407407408, 0.08823529411764706, 0.08823529411764706, 0.2159090909090909]
 mean: 0.14663565655124636, std: 0.05907713840784484
--------------------------------------------------
Subject Number: 18
Accuracy Cross: [0.18840579710144928, 0.2608695652173913, 0.2753623188405797, 0.2608695652173913, 0.21739130434782608, 0.25, 0.23529411764705882, 0.3088235294117647, 0.22058823529411764, 0.17647058823529413, 0.2647058823529412, 0.25, 0.2647058823529412, 0.17647058823529413, 0.25]
 mean: 0.23999715828360327, std: 0.03653588151541808
F1 Score: [0.15267437304075235, 0.10344827586206896, 0.14786418400876233, 0.1713033536585366, 0.1454512105649303, 0.15988700564971753, 0.13333333333333333, 0.18229885057471262, 0.14792453944260747, 0.10256410256410256, 0.10465116279069768, 0.14427750773309767, 0.10465116279069768, 0.12096774193548387, 0.1639784946236559]
 mean: 0.13901835323821043, std: 0.02543176819025084
Accuracy Intime: [0.2857142857142857, 0.32142857142857145, 0.21428571428571427, 0.4230769230769231, 0.23076923076923078, 0.2857142857142857, 0.21428571428571427, 0.21428571428571427, 0.38461538461538464, 0.3076923076923077, 0.21428571428571427, 0.2857142857142857, 0.25, 0.38461538461538464, 0.3076923076923077]
 mean: 0.2882783882783883, std: 0.06596814341182067
F1 (Intime): [0.187683284457478, 0.1801470588235294, 0.08823529411764706, 0.27525252525252525, 0.15789473684210525, 0.11428571428571428, 0.08823529411764706, 0.08823529411764706, 0.2376470588235294, 0.25757575757575757, 0.08823529411764706, 0.1111111111111111, 0.14375, 0.30946356275303644, 0.20797720797720798]
 mean: 0.16904861295817222, std: 0.07246498979225074
--------------------------------------------------
Subject Number: 19
Accuracy Cross: [0.25, 0.27941176470588236, 0.2647058823529412, 0.2647058823529412, 0.19117647058823528, 0.2647058823529412, 0.2647058823529412, 0.2647058823529412, 0.2647058823529412, 0.2647058823529412, 0.3088235294117647, 0.2647058823529412, 0.2647058823529412, 0.2647058823529412, 0.20588235294117646]
 mean: 0.2588235294117647, std: 0.02674153273918796
F1 Score: [0.14430641821946172, 0.14841653247450348, 0.10588235294117647, 0.10588235294117647, 0.15078369905956113, 0.10465116279069768, 0.10714285714285714, 0.10714285714285714, 0.10465116279069768, 0.1686656671664168, 0.20144927536231885, 0.10465116279069768, 0.10465116279069768, 0.10588235294117647, 0.13395176252319108]
 mean: 0.12654071860516583, std: 0.029180003477939063
Accuracy Intime: [0.25, 0.32142857142857145, 0.21428571428571427, 0.23076923076923078, 0.4230769230769231, 0.2857142857142857, 0.39285714285714285, 0.21428571428571427, 0.38461538461538464, 0.2692307692307692, 0.21428571428571427, 0.21428571428571427, 0.5, 0.38461538461538464, 0.23076923076923078]
 mean: 0.302014652014652, std: 0.08985639915875143
F1 (Intime): [0.16666666666666666, 0.18982630272952855, 0.08823529411764706, 0.09375, 0.3346153846153846, 0.1111111111111111, 0.25427350427350426, 0.08823529411764706, 0.2533333333333333, 0.15656565656565657, 0.08823529411764706, 0.08823529411764706, 0.33636363636363636, 0.24561403508771928, 0.13846153846153847]
 mean: 0.1755681563785778, std: 0.08628524436272364
--------------------------------------------------
Subject Number: 20
Accuracy Cross: [0.20588235294117646, 0.23529411764705882, 0.27941176470588236, 0.25, 0.25, 0.3088235294117647, 0.29411764705882354, 0.29411764705882354, 0.35294117647058826, 0.22058823529411764, 0.2608695652173913, 0.2608695652173913, 0.2608695652173913, 0.3333333333333333, 0.2753623188405797]
 mean: 0.2721653878942882, std: 0.038656718477327615
F1 Score: [0.0875, 0.19703962703962705, 0.17275828460038986, 0.15253890253890254, 0.1629670736219016, 0.21288220551378445, 0.208008658008658, 0.15714285714285714, 0.250452445128995, 0.11022727272727273, 0.10344827586206896, 0.10344827586206896, 0.10344827586206896, 0.23639982308712956, 0.17596229379418696]
 mean: 0.16228161805266078, std: 0.05048554529976665
Accuracy Intime: [0.2857142857142857, 0.2857142857142857, 0.39285714285714285, 0.2692307692307692, 0.23076923076923078, 0.32142857142857145, 0.2857142857142857, 0.2857142857142857, 0.38461538461538464, 0.2692307692307692, 0.25, 0.21428571428571427, 0.2857142857142857, 0.3076923076923077, 0.2692307692307692]
 mean: 0.28919413919413917, std: 0.046939358880310894
F1 (Intime): [0.1976470588235294, 0.16346153846153846, 0.26136363636363635, 0.1611111111111111, 0.17545454545454547, 0.21883289124668437, 0.1111111111111111, 0.19823232323232323, 0.2738095238095238, 0.1834733893557423, 0.14222873900293254, 0.08823529411764706, 0.1111111111111111, 0.11764705882352941, 0.16820276497695852]
 mean: 0.17146147313346163, std: 0.051966264108841385
--------------------------------------------------
Subject Number: 21
Accuracy Cross: [0.3088235294117647, 0.25, 0.25, 0.29411764705882354, 0.25, 0.2647058823529412, 0.27941176470588236, 0.3235294117647059, 0.20588235294117646, 0.23529411764705882, 0.2647058823529412, 0.2647058823529412, 0.2647058823529412, 0.23529411764705882, 0.23529411764705882]
 mean: 0.26176470588235295, std: 0.029509641065279247
F1 Score: [0.2076923076923077, 0.10119047619047619, 0.13920454545454547, 0.203125, 0.13214285714285715, 0.10588235294117647, 0.171875, 0.2020242914979757, 0.1045045045045045, 0.15185185185185185, 0.10465116279069768, 0.10465116279069768, 0.1624937343358396, 0.15029761904761904, 0.0963855421686747]
 mean: 0.14253149389394826, std: 0.03871277408358772
Accuracy Intime: [0.42857142857142855, 0.35714285714285715, 0.42857142857142855, 0.34615384615384615, 0.4230769230769231, 0.21428571428571427, 0.21428571428571427, 0.25, 0.38461538461538464, 0.38461538461538464, 0.35714285714285715, 0.32142857142857145, 0.42857142857142855, 0.34615384615384615, 0.3076923076923077]
 mean: 0.3461538461538461, std: 0.07099757260203049
F1 (Intime): [0.356043956043956, 0.288034188034188, 0.33125, 0.18055555555555555, 0.3221153846153846, 0.08823529411764706, 0.08823529411764706, 0.20410628019323673, 0.26666666666666666, 0.26785714285714285, 0.20833333333333331, 0.2396214896214896, 0.35160427807486627, 0.22932330827067668, 0.20714285714285713]
 mean: 0.24194166857630986, std: 0.0807517325827924
--------------------------------------------------
Subject Number: 22
Accuracy Cross: [0.2647058823529412, 0.2647058823529412, 0.2647058823529412, 0.2647058823529412, 0.2647058823529412, 0.2608695652173913, 0.2608695652173913, 0.2608695652173913, 0.2608695652173913, 0.2898550724637681, 0.25, 0.2647058823529412, 0.2647058823529412, 0.2647058823529412, 0.27941176470588236]
 mean: 0.26535947712418295, std: 0.008631219456410332
F1 Score: [0.10465116279069768, 0.10465116279069768, 0.10465116279069768, 0.10465116279069768, 0.10465116279069768, 0.10465116279069768, 0.10344827586206896, 0.10344827586206896, 0.10344827586206896, 0.19560357675111772, 0.11038961038961038, 0.10465116279069768, 0.10465116279069768, 0.10465116279069768, 0.13214285714285715]
 mean: 0.11268942246573807, std: 0.023232450260019386
Accuracy Intime: [0.32142857142857145, 0.2857142857142857, 0.21428571428571427, 0.23076923076923078, 0.23076923076923078, 0.35714285714285715, 0.21428571428571427, 0.21428571428571427, 0.23076923076923078, 0.3076923076923077, 0.2857142857142857, 0.21428571428571427, 0.21428571428571427, 0.3076923076923077, 0.2692307692307692]
 mean: 0.25989010989010985, std: 0.0463170844301266
F1 (Intime): [0.21136363636363636, 0.1523809523809524, 0.08823529411764706, 0.09375, 0.09375, 0.27634271099744245, 0.08823529411764706, 0.08823529411764706, 0.09375, 0.11764705882352941, 0.1778846153846154, 0.08823529411764706, 0.08823529411764706, 0.11764705882352941, 0.16820276497695852]
 mean: 0.12959301788925998, std: 0.05492775354246686
--------------------------------------------------
Subject Number: 23
Accuracy Cross: [0.2608695652173913, 0.3188405797101449, 0.2608695652173913, 0.2608695652173913, 0.2463768115942029, 0.2647058823529412, 0.2647058823529412, 0.22058823529411764, 0.25, 0.27941176470588236, 0.2898550724637681, 0.2463768115942029, 0.2608695652173913, 0.21739130434782608, 0.2028985507246377]
 mean: 0.256308610400682, std: 0.027897218299054505
F1 Score: [0.10714285714285714, 0.1925, 0.10344827586206896, 0.10344827586206896, 0.19178971834837297, 0.10465116279069768, 0.10465116279069768, 0.16939452289259732, 0.1118421052631579, 0.14781609195402298, 0.15588235294117647, 0.12209915611814345, 0.12625, 0.13939838591342626, 0.12703962703962704]
 mean: 0.133823579661261, std: 0.03029302808488786
Accuracy Intime: [0.25, 0.2857142857142857, 0.21428571428571427, 0.23076923076923078, 0.38461538461538464, 0.2857142857142857, 0.21428571428571427, 0.35714285714285715, 0.25, 0.34615384615384615, 0.2857142857142857, 0.2857142857142857, 0.4642857142857143, 0.3076923076923077, 0.3076923076923077]
 mean: 0.297985347985348, std: 0.06578024384940083
F1 (Intime): [0.14646464646464646, 0.15835777126099707, 0.08823529411764706, 0.09375, 0.3222222222222222, 0.1111111111111111, 0.08823529411764706, 0.3168997668997669, 0.14646464646464646, 0.2571428571428571, 0.125, 0.1111111111111111, 0.38030303030303025, 0.11764705882352941, 0.20202020202020202]
 mean: 0.1776643341372943, std: 0.09268101154933728
--------------------------------------------------
Subject Number: 24
Accuracy Cross: [0.29411764705882354, 0.3088235294117647, 0.25, 0.2647058823529412, 0.29411764705882354, 0.25, 0.22058823529411764, 0.27941176470588236, 0.3382352941176471, 0.2647058823529412, 0.20588235294117646, 0.29411764705882354, 0.25, 0.29411764705882354, 0.29411764705882354]
 mean: 0.2735294117647059, std: 0.03344847472398428
F1 Score: [0.15714285714285714, 0.19951391957578435, 0.1, 0.10465116279069768, 0.1967741935483871, 0.1, 0.14434523809523808, 0.13214285714285715, 0.2204180664427025, 0.10465116279069768, 0.14119601328903653, 0.20536690085870413, 0.17157953281423804, 0.2266970618034448, 0.2406609195402299]
 mean: 0.163009325722325, std: 0.04780861099101035
Accuracy Intime: [0.21428571428571427, 0.21428571428571427, 0.2857142857142857, 0.3076923076923077, 0.23076923076923078, 0.2857142857142857, 0.39285714285714285, 0.21428571428571427, 0.34615384615384615, 0.3076923076923077, 0.42857142857142855, 0.35714285714285715, 0.35714285714285715, 0.3076923076923077, 0.3076923076923077]
 mean: 0.3038461538461538, std: 0.06380727381927011
F1 (Intime): [0.08823529411764706, 0.08823529411764706, 0.24849170437405732, 0.11764705882352941, 0.09375, 0.25099715099715103, 0.27453580901856767, 0.1388235294117647, 0.22681704260651628, 0.18925831202046034, 0.3234126984126984, 0.24871794871794872, 0.21764705882352942, 0.1969309462915601, 0.2111111111111111]
 mean: 0.19430739725627927, std: 0.07104034043298035
--------------------------------------------------
Subject Number: 25
Accuracy Cross: [0.2608695652173913, 0.2608695652173913, 0.2608695652173913, 0.2463768115942029, 0.2608695652173913, 0.2647058823529412, 0.2647058823529412, 0.2647058823529412, 0.36764705882352944, 0.19117647058823528, 0.2647058823529412, 0.27941176470588236, 0.25, 0.25, 0.20588235294117646]
 mean: 0.2595197499289571, std: 0.03660950819678339
F1 Score: [0.10344827586206896, 0.10344827586206896, 0.10344827586206896, 0.1620101596516691, 0.10344827586206896, 0.10465116279069768, 0.10465116279069768, 0.10465116279069768, 0.23043478260869565, 0.10124223602484472, 0.10465116279069768, 0.13214285714285715, 0.1, 0.1, 0.10227848101265823]
 mean: 0.11736708473678609, std: 0.0341645542520911
Accuracy Intime: [0.21428571428571427, 0.25, 0.2857142857142857, 0.46153846153846156, 0.23076923076923078, 0.21428571428571427, 0.32142857142857145, 0.21428571428571427, 0.38461538461538464, 0.2692307692307692, 0.25, 0.21428571428571427, 0.25, 0.23076923076923078, 0.4230769230769231]
 mean: 0.28095238095238095, std: 0.07790753270384858
F1 (Intime): [0.08823529411764706, 0.14646464646464646, 0.1111111111111111, 0.375, 0.09375, 0.08823529411764706, 0.20823529411764707, 0.08823529411764706, 0.2506265664160401, 0.15900383141762453, 0.10606060606060606, 0.08823529411764706, 0.14222873900293254, 0.09375, 0.27694235588972427]
 mean: 0.154407621796728, std: 0.0837255942198276
--------------------------------------------------
Subject Number: 26
Accuracy Cross: [0.2608695652173913, 0.2608695652173913, 0.2608695652173913, 0.2608695652173913, 0.21739130434782608, 0.2647058823529412, 0.2647058823529412, 0.27941176470588236, 0.2647058823529412, 0.3235294117647059, 0.29411764705882354, 0.27941176470588236, 0.2647058823529412, 0.23529411764705882, 0.3088235294117647]
 mean: 0.2693520886615516, std: 0.025222918499883853
F1 Score: [0.10344827586206896, 0.10344827586206896, 0.10344827586206896, 0.10344827586206896, 0.14181818181818182, 0.10465116279069768, 0.10465116279069768, 0.13219814241486066, 0.10465116279069768, 0.19095719095719094, 0.1539240506329114, 0.16623986342296201, 0.15135135135135136, 0.12794612794612795, 0.21118168985682598]
 mean: 0.13355754601471875, std: 0.03401407404902093
Accuracy Intime: [0.25, 0.2857142857142857, 0.21428571428571427, 0.23076923076923078, 0.23076923076923078, 0.32142857142857145, 0.35714285714285715, 0.2857142857142857, 0.23076923076923078, 0.2692307692307692, 0.2857142857142857, 0.42857142857142855, 0.25, 0.3076923076923077, 0.3076923076923077]
 mean: 0.28369963369963364, std: 0.054572608253373456
F1 (Intime): [0.14646464646464646, 0.11428571428571428, 0.08823529411764706, 0.09375, 0.09375, 0.225, 0.2361111111111111, 0.1111111111111111, 0.09375, 0.16376811594202897, 0.187683284457478, 0.2857142857142857, 0.14646464646464646, 0.2, 0.21455938697318006]
 mean: 0.16004317310945662, std: 0.06019021848974455
--------------------------------------------------
Subject Number: 27
Accuracy Cross: [0.2318840579710145, 0.2608695652173913, 0.2608695652173913, 0.2753623188405797, 0.2463768115942029, 0.2318840579710145, 0.2608695652173913, 0.2608695652173913, 0.2463768115942029, 0.2318840579710145, 0.25, 0.2647058823529412, 0.2647058823529412, 0.27941176470588236, 0.3235294117647059]
 mean: 0.25930662119920433, std: 0.02240774916738251
F1 Score: [0.15119047619047618, 0.10344827586206896, 0.10344827586206896, 0.16574279379157428, 0.15978260869565217, 0.09411764705882353, 0.10344827586206896, 0.10344827586206896, 0.1634908536585366, 0.11375, 0.12241462241462242, 0.12621916236374067, 0.10465116279069768, 0.13224325874928283, 0.19095719095719094]
 mean: 0.12922352534125822, std: 0.02890555944227704
Accuracy Intime: [0.2857142857142857, 0.21428571428571427, 0.21428571428571427, 0.3076923076923077, 0.2692307692307692, 0.21428571428571427, 0.21428571428571427, 0.32142857142857145, 0.38461538461538464, 0.23076923076923078, 0.2857142857142857, 0.25, 0.21428571428571427, 0.21428571428571427, 0.3076923076923077]
 mean: 0.2619047619047619, std: 0.050792403361220276
F1 (Intime): [0.22176434676434675, 0.09375, 0.08823529411764706, 0.12121212121212122, 0.21574440052700922, 0.08823529411764706, 0.08823529411764706, 0.20833333333333331, 0.2506265664160401, 0.14583333333333331, 0.1111111111111111, 0.17407407407407408, 0.08823529411764706, 0.08823529411764706, 0.2159090909090909]
 mean: 0.14663565655124636, std: 0.05907713840784484
--------------------------------------------------
Subject Number: 28
Accuracy Cross: [0.2647058823529412, 0.2647058823529412, 0.2647058823529412, 0.2647058823529412, 0.2647058823529412, 0.25, 0.27941176470588236, 0.2647058823529412, 0.22058823529411764, 0.23529411764705882, 0.16176470588235295, 0.2647058823529412, 0.2647058823529412, 0.23529411764705882, 0.20588235294117646]
 mean: 0.24705882352941178, std: 0.029994232432898733
F1 Score: [0.10465116279069768, 0.10465116279069768, 0.10465116279069768, 0.10465116279069768, 0.1261904761904762, 0.15649920255183414, 0.15797613787008397, 0.10465116279069768, 0.1227743271221532, 0.1149367088607595, 0.07971014492753623, 0.10465116279069768, 0.10465116279069768, 0.09523809523809523, 0.08641975308641975]
 mean: 0.11148686569214945, std: 0.021247898342533596
Accuracy Intime: [0.21428571428571427, 0.21428571428571427, 0.25, 0.34615384615384615, 0.23076923076923078, 0.2857142857142857, 0.32142857142857145, 0.25, 0.34615384615384615, 0.2692307692307692, 0.2857142857142857, 0.21428571428571427, 0.21428571428571427, 0.34615384615384615, 0.34615384615384615]
 mean: 0.2756410256410256, std: 0.0520352845628711
F1 (Intime): [0.08823529411764706, 0.08823529411764706, 0.18782051282051282, 0.19264069264069264, 0.09375, 0.1111111111111111, 0.2152777777777778, 0.1, 0.23333333333333334, 0.15656565656565657, 0.1111111111111111, 0.08823529411764706, 0.08823529411764706, 0.2264957264957265, 0.2388888888888889]
 mean: 0.14799573248102663, std: 0.05895659661464363
--------------------------------------------------
Subject Number: 29
Accuracy Cross: [0.2647058823529412, 0.2647058823529412, 0.2647058823529412, 0.2647058823529412, 0.25, 0.22058823529411764, 0.2647058823529412, 0.29411764705882354, 0.2647058823529412, 0.27941176470588236, 0.2608695652173913, 0.21739130434782608, 0.17391304347826086, 0.2608695652173913, 0.11594202898550725]
 mean: 0.24408922989485643, std: 0.04435491469784655
F1 Score: [0.10465116279069768, 0.10465116279069768, 0.10465116279069768, 0.10465116279069768, 0.16639610389610388, 0.14030131826741996, 0.10465116279069768, 0.15521064301552107, 0.10465116279069768, 0.18452380952380953, 0.18037909836065574, 0.15743262114229856, 0.09439586645468999, 0.10344827586206896, 0.0654305200341006]
 mean: 0.1250283488867236, std: 0.03459894584719093
Accuracy Intime: [0.2857142857142857, 0.2857142857142857, 0.25, 0.23076923076923078, 0.4230769230769231, 0.35714285714285715, 0.2857142857142857, 0.2857142857142857, 0.46153846153846156, 0.3076923076923077, 0.21428571428571427, 0.4642857142857143, 0.35714285714285715, 0.23076923076923078, 0.34615384615384615]
 mean: 0.319047619047619, std: 0.07821306288079564
F1 (Intime): [0.18306636155606407, 0.15136476426799006, 0.14646464646464646, 0.09375, 0.2744360902255639, 0.24926686217008798, 0.1111111111111111, 0.18990384615384615, 0.2917771883289125, 0.22895622895622894, 0.08823529411764706, 0.31481481481481477, 0.2402745995423341, 0.09375, 0.2922008547008547]
 mean: 0.19662484416067344, std: 0.07700860902824536
--------------------------------------------------
**************************************************
accuracy_cross_list: [0.24980107985223074, 0.24958795112247792, 0.25255754475703324, 0.2859903381642512, 0.28039215686274505, 0.2815998863313441, 0.27156862745098037, 0.27843137254901956, 0.2598039215686274, 0.2663256606990622, 0.26376811594202887, 0.25579710144927537, 0.2751491901108269, 0.2833333333333333, 0.26862745098039215, 0.25882352941176473, 0.25930662119920433, 0.23999715828360327, 0.2588235294117647, 0.2721653878942882, 0.26176470588235295, 0.26535947712418295, 0.256308610400682, 0.2735294117647059, 0.2595197499289571, 0.2693520886615516, 0.25930662119920433, 0.24705882352941178, 0.24408922989485643]
f1_score_list: [0.11748392422903203, 0.10994494633203919, 0.1335873481868936, 0.14988105504214924, 0.13345220088681162, 0.15757021887980394, 0.13072681193231117, 0.15579738688746966, 0.12432439175887054, 0.12152022866209136, 0.11957313592896125, 0.13103544350074775, 0.14637533903388586, 0.1384811634812136, 0.12917722892302072, 0.13182148360117582, 0.12922352534125822, 0.13901835323821043, 0.12654071860516583, 0.16228161805266078, 0.14253149389394826, 0.11268942246573807, 0.133823579661261, 0.163009325722325, 0.11736708473678609, 0.13355754601471875, 0.12922352534125822, 0.11148686569214945, 0.1250283488867236]
accuracy_intime_list: [0.3091575091575091, 0.3051282051282051, 0.2919413919413919, 0.27380952380952384, 0.31978021978021975, 0.3384615384615384, 0.3208791208791209, 0.3120879120879121, 0.30366300366300364, 0.2924908424908425, 0.27087912087912086, 0.29633699633699634, 0.3406593406593407, 0.2620879120879121, 0.280952380952381, 0.30824175824175826, 0.2619047619047619, 0.2882783882783883, 0.302014652014652, 0.28919413919413917, 0.3461538461538461, 0.25989010989010985, 0.297985347985348, 0.3038461538461538, 0.28095238095238095, 0.28369963369963364, 0.2619047619047619, 0.2756410256410256, 0.319047619047619]
f1_score_intime_list: [0.19472292268874108, 0.17669091574959778, 0.17276650908230645, 0.15780421603368835, 0.19715147539825645, 0.22104035584387108, 0.19621990647885787, 0.1908112894742993, 0.18211413208104107, 0.17658256081447238, 0.14149484704275975, 0.18294849748539121, 0.22575218900507546, 0.1408814784681925, 0.17165315362381353, 0.19232167004825956, 0.14663565655124636, 0.16904861295817222, 0.1755681563785778, 0.17146147313346163, 0.24194166857630986, 0.12959301788925998, 0.1776643341372943, 0.19430739725627927, 0.154407621796728, 0.16004317310945662, 0.14663565655124636, 0.14799573248102663, 0.19662484416067344]
**************************************************
ACC: 26.37±1.19
F1: 13.30±1.43
Intime: 29.65±2.34
F1 (Intime): 17.70±2.60
