1e-04
Subject Number: 1
Accuracy Cross: [0.5, 0.5, 0.5, 0.5, 0.5357142857142857, 0.5, 0.4642857142857143, 0.5, 0.5, 0.5, 0.5, 0.5, 0.5, 0.5, 0.5]
 mean: 0.5, std: 0.013041013273932521
F1 Score: [0.3333333333333333, 0.3333333333333333, 0.3333333333333333, 0.3333333333333333, 0.4822190611664296, 0.3333333333333333, 0.3170731707317073, 0.3333333333333333, 0.3333333333333333, 0.3333333333333333, 0.35337243401759527, 0.3333333333333333, 0.3333333333333333, 0.3333333333333333, 0.3333333333333333]
 mean: 0.3435109777277154, std: 0.03766444098012399
Accuracy Intime: [0.5294117647058824, 0.47058823529411764, 0.47058823529411764, 0.5294117647058824, 0.6875, 0.5294117647058824, 0.5294117647058824, 0.5294117647058824, 0.47058823529411764, 0.5, 0.5294117647058824, 0.6470588235294118, 0.5882352941176471, 0.5294117647058824, 0.53125]
 mean: 0.5381127450980391, std: 0.05910802323058044
F1 (Intime): [0.34615384615384615, 0.32, 0.32, 0.34615384615384615, 0.6666666666666667, 0.34615384615384615, 0.34615384615384615, 0.34615384615384615, 0.32, 0.3333333333333333, 0.34615384615384615, 0.6136363636363636, 0.4711111111111111, 0.34615384615384615, 0.3992490613266583]
 mean: 0.39113823061007036, std: 0.10474454610878582
--------------------------------------------------
Subject Number: 2
Accuracy Cross: [0.5833333333333334, 0.5, 0.6071428571428571, 0.6904761904761905, 0.8809523809523809, 0.6428571428571429, 0.8571428571428571, 0.6309523809523809, 0.7976190476190477, 0.75, 0.75, 0.7738095238095238, 0.8095238095238095, 0.8214285714285714, 0.7261904761904762]
 mean: 0.7214285714285714, std: 0.10592785519600022
F1 Score: [0.4957983193277311, 0.3333333333333333, 0.5689628362618566, 0.6788235294117647, 0.8803418803418803, 0.5982142857142857, 0.8564102564102565, 0.5810136765888978, 0.7926528241614637, 0.7393231860499483, 0.7491110795050491, 0.7711827956989248, 0.8094157685762904, 0.8214032600992204, 0.723010752688172]
 mean: 0.6932665189446049, std: 0.14593082801021676
Accuracy Intime: [0.8235294117647058, 0.8235294117647058, 0.5588235294117647, 0.7647058823529411, 0.84375, 0.8529411764705882, 0.9411764705882353, 0.8235294117647058, 0.9411764705882353, 0.625, 0.9411764705882353, 0.9705882352941176, 0.9411764705882353, 0.8529411764705882, 0.78125]
 mean: 0.8323529411764706, std: 0.11334068497595606
F1 (Intime): [0.8210526315789474, 0.8178571428571428, 0.5072463768115942, 0.7638888888888888, 0.8435972629521017, 0.85178727114211, 0.9403508771929825, 0.8178571428571428, 0.9409722222222222, 0.625, 0.9409722222222222, 0.9705627705627706, 0.9403508771929825, 0.8528138528138528, 0.7793103448275862]
 mean: 0.827574658941503, std: 0.12202294213348656
--------------------------------------------------
Subject Number: 3
Accuracy Cross: [0.5, 0.5, 0.5, 0.5, 0.5119047619047619, 0.5, 0.5, 0.5, 0.5, 0.5, 0.5595238095238095, 0.5, 0.5, 0.5, 0.5]
 mean: 0.5047619047619047, std: 0.014932450573195859
F1 Score: [0.3333333333333333, 0.3333333333333333, 0.3333333333333333, 0.3333333333333333, 0.37777777777777777, 0.3333333333333333, 0.3333333333333333, 0.3333333333333333, 0.3333333333333333, 0.3333333333333333, 0.5087719298245614, 0.3333333333333333, 0.3333333333333333, 0.3333333333333333, 0.3333333333333333]
 mean: 0.3479922027290448, std: 0.04437024002743232
Accuracy Intime: [0.5294117647058824, 0.47058823529411764, 0.47058823529411764, 0.5294117647058824, 0.53125, 0.5294117647058824, 0.5588235294117647, 0.5294117647058824, 0.5294117647058824, 0.5, 0.47058823529411764, 0.5588235294117647, 0.6176470588235294, 0.47058823529411764, 0.5]
 mean: 0.5197303921568627, std: 0.03973575189743221
F1 (Intime): [0.34615384615384615, 0.32, 0.32, 0.34615384615384615, 0.3992490613266583, 0.34615384615384615, 0.411764705882353, 0.34615384615384615, 0.5018315018315018, 0.3333333333333333, 0.32, 0.4522019334049409, 0.6146469049694856, 0.32, 0.3333333333333333]
 mean: 0.3807317439131327, std: 0.0815779787599525
--------------------------------------------------
Subject Number: 4
Accuracy Cross: [0.5, 0.6785714285714286, 0.7738095238095238, 0.5595238095238095, 0.5, 0.6785714285714286, 0.7738095238095238, 0.8571428571428571, 0.8571428571428571, 0.5119047619047619, 0.5119047619047619, 0.6190476190476191, 0.5357142857142857, 0.5, 0.6428571428571429]
 mean: 0.6333333333333333, std: 0.12697420596165127
F1 Score: [0.3333333333333333, 0.6415362731152205, 0.7735206470838655, 0.4534904167399332, 0.3333333333333333, 0.6679841897233202, 0.761613144137416, 0.8564102564102565, 0.8570618264322178, 0.3592558139534884, 0.4910595537165657, 0.5909920876445527, 0.5276135544340302, 0.4269005847953216, 0.6377228292121909]
 mean: 0.5807885229376697, std: 0.17494504819740053
Accuracy Intime: [0.5294117647058824, 0.6764705882352942, 0.7941176470588235, 0.7647058823529411, 0.5, 0.5294117647058824, 0.7352941176470589, 0.7058823529411765, 0.7058823529411765, 0.5, 0.8235294117647058, 0.6764705882352942, 0.7647058823529411, 0.6176470588235294, 0.8125]
 mean: 0.6757352941176471, std: 0.1106709249677529
F1 (Intime): [0.34615384615384615, 0.652093023255814, 0.7850045167118338, 0.7638888888888888, 0.3333333333333333, 0.34615384615384615, 0.7235772357723578, 0.7017543859649122, 0.6964285714285714, 0.3333333333333333, 0.8229166666666667, 0.652093023255814, 0.7424242424242424, 0.5888372093023255, 0.8095238095238095]
 mean: 0.619834395477973, std: 0.17900383904073747
--------------------------------------------------
Subject Number: 5
Accuracy Cross: [0.5119047619047619, 0.47619047619047616, 0.4880952380952381, 0.4880952380952381, 0.4166666666666667, 0.5, 0.5, 0.5, 0.5, 0.6547619047619048, 0.5, 0.5119047619047619, 0.5714285714285714, 0.5, 0.5119047619047619]
 mean: 0.5087301587301588, std: 0.049078174075366035
F1 Score: [0.5062365591397849, 0.4509803921568627, 0.38055222088835533, 0.328, 0.4165839829907867, 0.3333333333333333, 0.3333333333333333, 0.3333333333333333, 0.3333333333333333, 0.654320987654321, 0.3333333333333333, 0.44585679806918743, 0.475, 0.3713471133285816, 0.5118355776045358]
 mean: 0.41382535323327213, std: 0.09121869795598064
Accuracy Intime: [0.6176470588235294, 0.6764705882352942, 0.47058823529411764, 0.5294117647058824, 0.40625, 0.47058823529411764, 0.5294117647058824, 0.47058823529411764, 0.5294117647058824, 0.5, 0.47058823529411764, 0.47058823529411764, 0.5294117647058824, 0.6764705882352942, 0.5625]
 mean: 0.527328431372549, std: 0.0754553729842191
F1 (Intime): [0.5888372093023255, 0.6621499548328816, 0.32, 0.34615384615384615, 0.4009852216748768, 0.32, 0.34615384615384615, 0.32, 0.34615384615384615, 0.3333333333333333, 0.32, 0.32, 0.34615384615384615, 0.6739319965126417, 0.45893719806763283]
 mean: 0.4068526865559384, std: 0.12389056488482518
--------------------------------------------------
Subject Number: 6
Accuracy Cross: [0.5833333333333334, 0.5, 0.5119047619047619, 0.6547619047619048, 0.7142857142857143, 0.6309523809523809, 0.6309523809523809, 0.5238095238095238, 0.5833333333333334, 0.5952380952380952, 0.6666666666666666, 0.5952380952380952, 0.7142857142857143, 0.6071428571428571, 0.5833333333333334]
 mean: 0.6063492063492063, std: 0.06291403550033782
F1 Score: [0.5072900955253896, 0.3333333333333333, 0.40936374549819926, 0.6523476523476524, 0.7083333333333333, 0.6187966622749231, 0.6187966622749231, 0.4012829650748396, 0.5495633522292017, 0.5894192064404831, 0.6313479623824452, 0.5800000000000001, 0.7128205128205127, 0.5903650066499188, 0.5555555555555556]
 mean: 0.563907736382714, std: 0.10646290016538089
Accuracy Intime: [0.5294117647058824, 0.5588235294117647, 0.7941176470588235, 0.7058823529411765, 0.78125, 0.5588235294117647, 0.7941176470588235, 0.7058823529411765, 0.7941176470588235, 0.75, 0.4411764705882353, 0.7352941176470589, 0.8235294117647058, 0.7647058823529411, 0.71875]
 mean: 0.6970588235294118, std: 0.113316831478931
F1 (Intime): [0.34615384615384615, 0.5072463768115942, 0.7925021795989537, 0.6964285714285714, 0.7793103448275862, 0.5255813953488373, 0.7895667550839964, 0.6964285714285714, 0.7850045167118338, 0.746031746031746, 0.43679163034001744, 0.7350649350649351, 0.8210526315789474, 0.7571428571428571, 0.718475073313783]
 mean: 0.6755187620577385, std: 0.14254840143500708
--------------------------------------------------
Subject Number: 7
Accuracy Cross: [0.36904761904761907, 0.40476190476190477, 0.5, 0.5, 0.4880952380952381, 0.30952380952380953, 0.5119047619047619, 0.5595238095238095, 0.6071428571428571, 0.44047619047619047, 0.47619047619047616, 0.40476190476190477, 0.5476190476190477, 0.5, 0.5119047619047619]
 mean: 0.47539682539682543, std: 0.07497375034044154
F1 Score: [0.3668041530365524, 0.40442427680090753, 0.3333333333333333, 0.3333333333333333, 0.39467068878833583, 0.28979591836734697, 0.4910595537165657, 0.4900738310090238, 0.561877667140825, 0.3760075865339023, 0.3735593220338983, 0.39236111111111116, 0.49968652037617556, 0.3333333333333333, 0.3592558139534884]
 mean: 0.3999717628578755, std: 0.07401274958422674
Accuracy Intime: [0.6176470588235294, 0.5882352941176471, 0.4411764705882353, 0.5294117647058824, 0.9375, 0.6176470588235294, 0.7058823529411765, 0.47058823529411764, 0.5588235294117647, 0.53125, 0.5, 0.6764705882352942, 0.5294117647058824, 0.5294117647058824, 0.5625]
 mean: 0.5863970588235294, std: 0.11653309931214445
F1 (Intime): [0.5521783181357649, 0.5296442687747036, 0.30612244897959184, 0.34615384615384615, 0.9372549019607843, 0.5252416756176155, 0.7017543859649122, 0.32, 0.4522019334049409, 0.5076923076923077, 0.4415458937198068, 0.6693191865605659, 0.34615384615384615, 0.34615384615384615, 0.45893719806763283]
 mean: 0.49602360382267763, std: 0.16593337604541872
--------------------------------------------------
Subject Number: 8
Accuracy Cross: [0.6071428571428571, 0.5, 0.5119047619047619, 0.5, 0.5714285714285714, 0.6190476190476191, 0.5, 0.5833333333333334, 0.4880952380952381, 0.6428571428571429, 0.6785714285714286, 0.7738095238095238, 0.6428571428571429, 0.6785714285714286, 0.7380952380952381]
 mean: 0.6023809523809524, std: 0.08832017614757816
F1 Score: [0.5809523809523809, 0.3333333333333333, 0.3592558139534884, 0.3333333333333333, 0.475, 0.6135710178263369, 0.3333333333333333, 0.5731087556265427, 0.328, 0.641025641025641, 0.6525203002910984, 0.7711827956989248, 0.5906432748538011, 0.6415362731152205, 0.7223557692307692]
 mean: 0.5299434681716135, std: 0.15035075307930953
Accuracy Intime: [0.7058823529411765, 0.5588235294117647, 0.47058823529411764, 0.5588235294117647, 0.71875, 0.7058823529411765, 0.7058823529411765, 0.7941176470588235, 0.6176470588235294, 0.75, 0.7941176470588235, 0.7058823529411765, 0.6176470588235294, 0.6764705882352942, 0.78125]
 mean: 0.6774509803921568, std: 0.09175689566855298
F1 (Intime): [0.7017543859649122, 0.411764705882353, 0.3952569169960475, 0.48328267477203646, 0.718475073313783, 0.6886446886446886, 0.7017543859649122, 0.7925021795989537, 0.5729468599033817, 0.7333333333333334, 0.7895667550839964, 0.678030303030303, 0.5888372093023255, 0.652093023255814, 0.7810361681329423]
 mean: 0.6459519108786522, std: 0.12519506367434485
--------------------------------------------------
Subject Number: 9
Accuracy Cross: [0.5, 0.5, 0.5, 0.5, 0.5833333333333334, 0.5, 0.5119047619047619, 0.40476190476190477, 0.5714285714285714, 0.4523809523809524, 0.5, 0.5119047619047619, 0.5238095238095238, 0.5357142857142857, 0.5119047619047619]
 mean: 0.5071428571428571, std: 0.04073215054081378
F1 Score: [0.3333333333333333, 0.3333333333333333, 0.3333333333333333, 0.3333333333333333, 0.4957983193277311, 0.3333333333333333, 0.3592558139534884, 0.40442427680090753, 0.5456730769230769, 0.44957264957264953, 0.3333333333333333, 0.3592558139534884, 0.41666666666666663, 0.408130081300813, 0.40936374549819926]
 mean: 0.38987602959980144, std: 0.06416435317552352
Accuracy Intime: [0.5294117647058824, 0.47058823529411764, 0.47058823529411764, 0.5294117647058824, 0.53125, 0.47058823529411764, 0.5294117647058824, 0.6176470588235294, 0.7352941176470589, 0.84375, 0.5, 0.47058823529411764, 0.5, 0.6176470588235294, 0.53125]
 mean: 0.5564950980392157, std: 0.10371180967271836
F1 (Intime): [0.34615384615384615, 0.32, 0.32, 0.34615384615384615, 0.3992490613266583, 0.32, 0.34615384615384615, 0.5888372093023255, 0.7294429708222812, 0.8435972629521017, 0.4415458937198068, 0.32, 0.414387031408308, 0.5521783181357649, 0.4684385382059801]
 mean: 0.4504091882889843, std: 0.15640296483158866
--------------------------------------------------
Subject Number: 10
Accuracy Cross: [0.4642857142857143, 0.5, 0.5, 0.5, 0.6071428571428571, 0.5714285714285714, 0.42857142857142855, 0.4523809523809524, 0.5, 0.7023809523809523, 0.5238095238095238, 0.5357142857142857, 0.5238095238095238, 0.5238095238095238, 0.4642857142857143]
 mean: 0.5198412698412699, std: 0.06559032860760121
F1 Score: [0.3517406962785114, 0.3333333333333333, 0.3333333333333333, 0.3333333333333333, 0.6057459820793628, 0.49867374005305043, 0.3450292397660819, 0.34508474576271186, 0.3333333333333333, 0.6825396825396826, 0.5169637722829212, 0.4728881737731295, 0.4642857142857143, 0.4887401095556908, 0.44664031620553357]
 mean: 0.4367777003943816, std: 0.10674823856116372
Accuracy Intime: [0.5294117647058824, 0.5294117647058824, 0.47058823529411764, 0.5588235294117647, 0.59375, 0.5588235294117647, 0.6176470588235294, 0.47058823529411764, 0.6764705882352942, 0.75, 0.7941176470588235, 0.8529411764705882, 0.8823529411764706, 0.7647058823529411, 0.59375]
 mean: 0.6428921568627451, std: 0.13076813055797298
F1 (Intime): [0.34615384615384615, 0.43333333333333335, 0.32, 0.5490716180371353, 0.539313399778516, 0.411764705882353, 0.5521783181357649, 0.32, 0.6621499548328816, 0.746031746031746, 0.7850045167118338, 0.8528138528138528, 0.8819444444444444, 0.7638888888888888, 0.5901477832512315]
 mean: 0.5835864272197219, std: 0.1859658170587807
--------------------------------------------------
Subject Number: 11
Accuracy Cross: [0.5, 0.5, 0.5, 0.5, 0.8571428571428571, 0.4880952380952381, 0.4880952380952381, 0.4642857142857143, 0.40476190476190477, 0.44047619047619047, 0.5, 0.5119047619047619, 0.5, 0.4880952380952381, 0.5714285714285714]
 mean: 0.5142857142857143, std: 0.09799578870122226
F1 Score: [0.3333333333333333, 0.3333333333333333, 0.3333333333333333, 0.3333333333333333, 0.8568181818181818, 0.39467068878833583, 0.36486724107613855, 0.42857142857142855, 0.39931350114416475, 0.36476267095736126, 0.3333333333333333, 0.3592558139534884, 0.3333333333333333, 0.36486724107613855, 0.5591836734693878]
 mean: 0.40615402939030837, std: 0.1332507554856961
Accuracy Intime: [0.5294117647058824, 0.5, 0.5294117647058824, 0.5, 0.5, 0.8529411764705882, 0.8529411764705882, 0.5, 0.7647058823529411, 0.65625, 0.47058823529411764, 0.5588235294117647, 0.47058823529411764, 0.6764705882352942, 0.59375]
 mean: 0.5970588235294118, std: 0.1288832372375494
F1 (Intime): [0.34615384615384615, 0.37916219119226635, 0.34615384615384615, 0.3333333333333333, 0.3333333333333333, 0.85178727114211, 0.8496905393457117, 0.4415458937198068, 0.7614035087719297, 0.6559139784946236, 0.32, 0.5255813953488373, 0.32, 0.6386473429951691, 0.5901477832512315]
 mean: 0.512856950882403, std: 0.19147059153077564
--------------------------------------------------
Subject Number: 12
Accuracy Cross: [0.5, 0.4880952380952381, 0.44047619047619047, 0.5, 0.5119047619047619, 0.42857142857142855, 0.5, 0.5, 0.4523809523809524, 0.4642857142857143, 0.5, 0.5, 0.47619047619047616, 0.4880952380952381, 0.39285714285714285]
 mean: 0.4761904761904762, std: 0.03281916369545291
F1 Score: [0.3333333333333333, 0.328, 0.35225594749794914, 0.3333333333333333, 0.3592558139534884, 0.3450292397660819, 0.3333333333333333, 0.3333333333333333, 0.4409722222222222, 0.4414068272498892, 0.3333333333333333, 0.3333333333333333, 0.3225806451612903, 0.42911332385016593, 0.28205128205128205]
 mean: 0.3533776867834913, std: 0.044984385127968936
Accuracy Intime: [0.6176470588235294, 0.5294117647058824, 0.5588235294117647, 0.5294117647058824, 0.78125, 0.6470588235294118, 0.5294117647058824, 0.5294117647058824, 0.5294117647058824, 0.71875, 0.5294117647058824, 0.5294117647058824, 0.5588235294117647, 0.5588235294117647, 0.5625]
 mean: 0.5806372549019607, std: 0.0753777093553942
F1 (Intime): [0.6091954022988506, 0.48484848484848486, 0.5392953929539295, 0.48484848484848486, 0.7810361681329423, 0.6458333333333333, 0.4624505928853755, 0.34615384615384615, 0.48484848484848486, 0.7117117117117118, 0.34615384615384615, 0.43333333333333335, 0.5255813953488373, 0.411764705882353, 0.45893719806763283]
 mean: 0.5150661587200964, std: 0.12086904177004049
--------------------------------------------------
Subject Number: 13
Accuracy Cross: [0.5238095238095238, 0.5, 0.5, 0.5, 0.6428571428571429, 0.6190476190476191, 0.5238095238095238, 0.4880952380952381, 0.7261904761904762, 0.6428571428571429, 0.6904761904761905, 0.6309523809523809, 0.5238095238095238, 0.7380952380952381, 0.6785714285714286]
 mean: 0.5952380952380952, std: 0.08715716770344346
F1 Score: [0.4012829650748396, 0.3333333333333333, 0.3333333333333333, 0.3333333333333333, 0.6213942307692308, 0.5786833855799374, 0.3841642228739003, 0.328, 0.7242757242757243, 0.616555082166768, 0.6876430205949657, 0.6296401649836438, 0.4012829650748396, 0.7375, 0.6781609195402298]
 mean: 0.5192388453956053, std: 0.15604480764560713
Accuracy Intime: [0.6470588235294118, 0.7058823529411765, 0.47058823529411764, 0.7647058823529411, 0.875, 0.6764705882352942, 0.7647058823529411, 0.5588235294117647, 0.8823529411764706, 0.84375, 0.7941176470588235, 0.6470588235294118, 0.7352941176470589, 0.8529411764705882, 0.59375]
 mean: 0.7208333333333334, std: 0.11830557632934716
F1 (Intime): [0.6263736263736264, 0.678030303030303, 0.32, 0.7638888888888888, 0.873015873015873, 0.6386473429951691, 0.7647058823529411, 0.5255813953488373, 0.8823529411764706, 0.8423645320197044, 0.793939393939394, 0.6470588235294118, 0.7350649350649351, 0.8528138528138528, 0.5835835835835836]
 mean: 0.7018280916088661, std: 0.14740523551108842
--------------------------------------------------
Subject Number: 14
Accuracy Cross: [0.5, 0.5, 0.5, 0.5238095238095238, 0.5833333333333334, 0.6071428571428571, 0.7261904761904762, 0.7261904761904762, 0.5, 0.5, 0.5, 0.5833333333333334, 0.5, 0.5, 0.5119047619047619]
 mean: 0.5507936507936507, std: 0.07733107875880502
F1 Score: [0.3333333333333333, 0.3333333333333333, 0.3333333333333333, 0.4012829650748396, 0.5555555555555556, 0.6002883922134102, 0.723010752688172, 0.7242757242757243, 0.3333333333333333, 0.3333333333333333, 0.3333333333333333, 0.5696091348265262, 0.3333333333333333, 0.3333333333333333, 0.3592558139534884]
 mean: 0.43999633368362545, std: 0.14509597073948696
Accuracy Intime: [0.5294117647058824, 0.47058823529411764, 0.47058823529411764, 0.8235294117647058, 0.6875, 0.6470588235294118, 0.5294117647058824, 0.6176470588235294, 0.47058823529411764, 0.5, 0.5882352941176471, 0.5882352941176471, 0.47058823529411764, 0.7352941176470589, 0.65625]
 mean: 0.5856617647058824, std: 0.1051234890626757
F1 (Intime): [0.34615384615384615, 0.4535714285714286, 0.32, 0.8229166666666667, 0.6536796536796536, 0.6263736263736264, 0.34615384615384615, 0.5888372093023255, 0.32, 0.3333333333333333, 0.4711111111111111, 0.575, 0.32, 0.7350649350649351, 0.6101882613510521]
 mean: 0.5014922611841217, std: 0.16330926954321975
--------------------------------------------------
**************************************************
accuracy_cross_list: [0.5, 0.7214285714285714, 0.5047619047619047, 0.6333333333333333, 0.5087301587301588, 0.6063492063492063, 0.47539682539682543, 0.6023809523809524, 0.5071428571428571, 0.5198412698412699, 0.5142857142857143, 0.4761904761904762, 0.5952380952380952, 0.5507936507936507]
f1_score_list: [0.3435109777277154, 0.6932665189446049, 0.3479922027290448, 0.5807885229376697, 0.41382535323327213, 0.563907736382714, 0.3999717628578755, 0.5299434681716135, 0.38987602959980144, 0.4367777003943816, 0.40615402939030837, 0.3533776867834913, 0.5192388453956053, 0.43999633368362545]
accuracy_intime_list: [0.5381127450980391, 0.8323529411764706, 0.5197303921568627, 0.6757352941176471, 0.527328431372549, 0.6970588235294118, 0.5863970588235294, 0.6774509803921568, 0.5564950980392157, 0.6428921568627451, 0.5970588235294118, 0.5806372549019607, 0.7208333333333334, 0.5856617647058824]
f1_score_intime_list: [0.39113823061007036, 0.827574658941503, 0.3807317439131327, 0.619834395477973, 0.4068526865559384, 0.6755187620577385, 0.49602360382267763, 0.6459519108786522, 0.4504091882889843, 0.5835864272197219, 0.512856950882403, 0.5150661587200964, 0.7018280916088661, 0.5014922611841217]
**************************************************
ACC: 55.11±6.84
F1: 45.85±10.01
Intime: 62.41±8.52
F1 (Intime): 55.06±12.63
