1e-04
Subject Number: 1
Accuracy Cross: [0.17142857142857143, 0.17142857142857143, 0.2, 0.2, 0.21904761904761905, 0.20476190476190476, 0.19523809523809524, 0.09523809523809523, 0.20952380952380953, 0.20952380952380953, 0.21428571428571427, 0.20476190476190476, 0.21904761904761905, 0.19523809523809524, 0.2]
 mean: 0.19396825396825398, std: 0.029736391180562528
F1 Score: [0.1087895239717657, 0.0797682279092226, 0.10759046778464254, 0.11105263157894738, 0.10606918238993712, 0.12150978465002746, 0.0957245337159254, 0.06568467852257183, 0.11234196549265044, 0.08524765729585007, 0.11562770562770561, 0.08314814814814815, 0.14461576176345667, 0.0653386454183267, 0.11262887946825773]
 mean: 0.10100918624916236, std: 0.02096987708472669
Accuracy Intime: [0.38095238095238093, 0.23809523809523808, 0.25, 0.2261904761904762, 0.2619047619047619, 0.25, 0.20238095238095238, 0.20238095238095238, 0.21428571428571427, 0.23809523809523808, 0.2619047619047619, 0.2261904761904762, 0.2261904761904762, 0.19047619047619047, 0.20238095238095238]
 mean: 0.23809523809523814, std: 0.043902592653775656
F1 (Intime): [0.30225418196654424, 0.15764614789005033, 0.1617730963353083, 0.1282051282051282, 0.16632967032967033, 0.19319136745607332, 0.1164021164021164, 0.11724137931034481, 0.07058823529411765, 0.1322232500770891, 0.19142300194931772, 0.1113821138211382, 0.12336265884652982, 0.064, 0.11278937381404175]
 mean: 0.1432541147798313, std: 0.0558716032071411
--------------------------------------------------
Subject Number: 2
Accuracy Cross: [0.3761904761904762, 0.4, 0.3523809523809524, 0.3380952380952381, 0.38095238095238093, 0.319047619047619, 0.3619047619047619, 0.3619047619047619, 0.3238095238095238, 0.3380952380952381, 0.2571428571428571, 0.2714285714285714, 0.2714285714285714, 0.28095238095238095, 0.3047619047619048]
 mean: 0.3292063492063492, std: 0.0429405420162817
F1 Score: [0.2841291081327223, 0.31024293835060224, 0.20882524839275277, 0.2613271307485111, 0.30137673816919097, 0.26343182558886885, 0.31197134058794307, 0.24839489788394897, 0.203486634150426, 0.24465766072963685, 0.19351105892851922, 0.2117766921054592, 0.19247903075489284, 0.18967883210484685, 0.236693013958701]
 mean: 0.24413214337246816, std: 0.04221582543037406
Accuracy Intime: [0.42857142857142855, 0.39285714285714285, 0.36904761904761907, 0.38095238095238093, 0.4166666666666667, 0.34523809523809523, 0.39285714285714285, 0.36904761904761907, 0.38095238095238093, 0.27380952380952384, 0.39285714285714285, 0.44047619047619047, 0.40476190476190477, 0.36904761904761907, 0.36904761904761907]
 mean: 0.3817460317460318, std: 0.0377631023916518
F1 (Intime): [0.35782506947491594, 0.3054463615903976, 0.2962110442864953, 0.27610837438423647, 0.33411479008079203, 0.28119590873328093, 0.28935965994789525, 0.29269024894502815, 0.33232323232323235, 0.17135549872122763, 0.33015873015873015, 0.362843653985462, 0.3654351531145198, 0.2834285714285715, 0.3061327713382508]
 mean: 0.30564193790086913, std: 0.04634091991110581
--------------------------------------------------
Subject Number: 3
Accuracy Cross: [0.21904761904761905, 0.19523809523809524, 0.2714285714285714, 0.2, 0.24761904761904763, 0.2523809523809524, 0.19523809523809524, 0.20952380952380953, 0.19047619047619047, 0.21904761904761905, 0.23333333333333334, 0.20952380952380953, 0.19523809523809524, 0.20476190476190476, 0.19523809523809524]
 mean: 0.2158730158730159, std: 0.023883483014354317
F1 Score: [0.12578415736310472, 0.10044130626654899, 0.16604767184035477, 0.1707110198963459, 0.15502702702702703, 0.21757226997248172, 0.06748971193415639, 0.10941674812642554, 0.11650948876247624, 0.15184629524504636, 0.18510917195139082, 0.16232412434835813, 0.14773103384008301, 0.16277050045015842, 0.13648572810836962]
 mean: 0.1450177503421552, std: 0.03583598221473854
Accuracy Intime: [0.21428571428571427, 0.2261904761904762, 0.2261904761904762, 0.2619047619047619, 0.27380952380952384, 0.25, 0.2976190476190476, 0.2261904761904762, 0.21428571428571427, 0.23809523809523808, 0.23809523809523808, 0.2976190476190476, 0.30952380952380953, 0.32142857142857145, 0.2976190476190476]
 mean: 0.25952380952380955, std: 0.0358989932631703
F1 (Intime): [0.14006777705674525, 0.16208575361783567, 0.13522267206477734, 0.18287319577642158, 0.23418572038290347, 0.20598290598290597, 0.2288811188811189, 0.1603174603174603, 0.12413793103448276, 0.16987028657616893, 0.14986983588002264, 0.22382283286805088, 0.19930555555555557, 0.23257034211143623, 0.2328787878787879]
 mean: 0.1854714783989782, std: 0.03816773644489462
--------------------------------------------------
Subject Number: 4
Accuracy Cross: [0.2571428571428571, 0.2, 0.2523809523809524, 0.23809523809523808, 0.23809523809523808, 0.21428571428571427, 0.2523809523809524, 0.3619047619047619, 0.3047619047619048, 0.21428571428571427, 0.29523809523809524, 0.21428571428571427, 0.21428571428571427, 0.18571428571428572, 0.2]
 mean: 0.24285714285714288, std: 0.04574073309035651
F1 Score: [0.1510189633375474, 0.06720000000000001, 0.15306605574646812, 0.1836481926856508, 0.13149425287356323, 0.12323715693173823, 0.223841740337365, 0.2441058201058201, 0.24439804081346206, 0.13648203730831088, 0.24485169051738515, 0.15546114875175487, 0.14269005847953214, 0.10528442377805194, 0.15221035568156296]
 mean: 0.16393266248988086, std: 0.05204620413472713
Accuracy Intime: [0.20238095238095238, 0.2619047619047619, 0.2619047619047619, 0.2619047619047619, 0.2976190476190476, 0.19047619047619047, 0.27380952380952384, 0.30952380952380953, 0.21428571428571427, 0.25, 0.34523809523809523, 0.27380952380952384, 0.2976190476190476, 0.2857142857142857, 0.2976190476190476]
 mean: 0.26825396825396824, std: 0.04028119854110959
F1 (Intime): [0.10842105263157895, 0.166118769883351, 0.15531268973891926, 0.16699999999999998, 0.2134948808972578, 0.064, 0.19447434085921295, 0.19666839512574538, 0.15913559661175214, 0.1494743548900924, 0.28169934640522876, 0.2283038392058509, 0.20819344338525925, 0.20897546897546895, 0.24820814479638012]
 mean: 0.18329868822707318, std: 0.052489161876515165
--------------------------------------------------
Subject Number: 5
Accuracy Cross: [0.20476190476190476, 0.1619047619047619, 0.18571428571428572, 0.1523809523809524, 0.19523809523809524, 0.24761904761904763, 0.22380952380952382, 0.2571428571428571, 0.22857142857142856, 0.18571428571428572, 0.3047619047619048, 0.22857142857142856, 0.20476190476190476, 0.3238095238095238, 0.22857142857142856]
 mean: 0.22222222222222224, std: 0.0459276326701124
F1 Score: [0.12300882311142229, 0.10281077572216812, 0.10079838399384378, 0.0811828154858801, 0.12537835897172017, 0.138548557185313, 0.1817079285433716, 0.1794610778443114, 0.16582155454644473, 0.12893772893772892, 0.2306822815738478, 0.1830678850046388, 0.1293066893424036, 0.26902824584244367, 0.15192535963423248]
 mean: 0.15277776438265137, std: 0.04865087819578248
Accuracy Intime: [0.2976190476190476, 0.25, 0.19047619047619047, 0.25, 0.25, 0.2261904761904762, 0.2619047619047619, 0.2261904761904762, 0.20238095238095238, 0.23809523809523808, 0.2857142857142857, 0.19047619047619047, 0.23809523809523808, 0.25, 0.27380952380952384]
 mean: 0.2420634920634921, std: 0.030635331850188546
F1 (Intime): [0.17674706246134816, 0.2040590763878435, 0.064, 0.1787130870654898, 0.18718176233704184, 0.15784144171240946, 0.1931899641577061, 0.14945697577276523, 0.14817182817182817, 0.1380952380952381, 0.23327011221748065, 0.10578703703703703, 0.13604130808950085, 0.19110749676214572, 0.21156565656565657]
 mean: 0.16501520312223275, std: 0.04202760189373438
--------------------------------------------------
Subject Number: 6
Accuracy Cross: [0.2904761904761905, 0.2, 0.2761904761904762, 0.23333333333333334, 0.24285714285714285, 0.2571428571428571, 0.22857142857142856, 0.2523809523809524, 0.23809523809523808, 0.2714285714285714, 0.24285714285714285, 0.2523809523809524, 0.20476190476190476, 0.2857142857142857, 0.2571428571428571]
 mean: 0.24888888888888888, std: 0.025404760665069914
F1 Score: [0.24946607044578975, 0.1672231331557013, 0.2178514478774865, 0.1767531360370235, 0.19669344227396007, 0.18137878519840323, 0.18251113429897364, 0.15678313118949597, 0.14841150853144852, 0.16195652173913042, 0.18506846414455108, 0.1904234271489617, 0.0839068100358423, 0.2066737856878013, 0.18210076035685524]
 mean: 0.1791467705414283, std: 0.03526526204650862
Accuracy Intime: [0.2857142857142857, 0.21428571428571427, 0.2857142857142857, 0.3333333333333333, 0.36904761904761907, 0.20238095238095238, 0.21428571428571427, 0.2857142857142857, 0.30952380952380953, 0.19047619047619047, 0.30952380952380953, 0.36904761904761907, 0.2261904761904762, 0.39285714285714285, 0.27380952380952384]
 mean: 0.2841269841269841, std: 0.06252235679755914
F1 (Intime): [0.19327180350539638, 0.12562435853575096, 0.16195652173913042, 0.20312201338005736, 0.27852484622295937, 0.08597938144329897, 0.07058823529411765, 0.22066666666666665, 0.18161764705882352, 0.06464646464646465, 0.23959899749373434, 0.2752536824877251, 0.12451127819548873, 0.2782857142857143, 0.15868852459016394]
 mean: 0.17748907570303282, std: 0.0708038732539983
--------------------------------------------------
Subject Number: 7
Accuracy Cross: [0.14285714285714285, 0.11904761904761904, 0.1761904761904762, 0.1380952380952381, 0.14761904761904762, 0.18571428571428572, 0.22857142857142856, 0.19047619047619047, 0.19047619047619047, 0.1619047619047619, 0.17142857142857143, 0.21904761904761905, 0.1761904761904762, 0.22857142857142856, 0.21904761904761905]
 mean: 0.1796825396825397, std: 0.03301282037169693
F1 Score: [0.07454545454545454, 0.06537695555846436, 0.08428616057482037, 0.09480349108256085, 0.09297499209123872, 0.13364543057538586, 0.17769915217868143, 0.10877016280573053, 0.12420638666037438, 0.155632955404384, 0.09134575569358179, 0.1594115207026389, 0.1150208986415883, 0.1833982008103788, 0.1446895015316068]
 mean: 0.12038713459045931, std: 0.03618947074592893
Accuracy Intime: [0.21428571428571427, 0.25, 0.27380952380952384, 0.2857142857142857, 0.34523809523809523, 0.2261904761904762, 0.2857142857142857, 0.2857142857142857, 0.27380952380952384, 0.19047619047619047, 0.2619047619047619, 0.2261904761904762, 0.21428571428571427, 0.32142857142857145, 0.2619047619047619]
 mean: 0.2611111111111111, std: 0.04065475706306572
F1 (Intime): [0.11595472800292077, 0.1476966690290574, 0.1883116883116883, 0.20104866266053967, 0.2844374550043387, 0.11157894736842104, 0.23234220135628583, 0.21099210213134265, 0.17561381606325427, 0.06736842105263158, 0.16965034965034964, 0.1321627158326017, 0.12569259962049334, 0.30097399527186763, 0.18777943368107303]
 mean: 0.17677358566912435, std: 0.061932908929582656
--------------------------------------------------
Subject Number: 8
Accuracy Cross: [0.23333333333333334, 0.20952380952380953, 0.20952380952380953, 0.20952380952380953, 0.20476190476190476, 0.24285714285714285, 0.20476190476190476, 0.2571428571428571, 0.22380952380952382, 0.2857142857142857, 0.22857142857142856, 0.28095238095238095, 0.2714285714285714, 0.29523809523809524, 0.2714285714285714]
 mean: 0.24190476190476187, std: 0.031356338348865385
F1 Score: [0.14448443577245887, 0.14777875088008519, 0.09548546691403834, 0.09142857142857144, 0.0813768115942029, 0.15131491410010564, 0.14607295498079118, 0.1968882959845344, 0.17089418477416451, 0.21429623550701765, 0.1327336331834083, 0.24190370605004752, 0.15321160042964554, 0.22229797773806256, 0.18213559181301114]
 mean: 0.15815354207667637, std: 0.046152214025589014
Accuracy Intime: [0.27380952380952384, 0.20238095238095238, 0.25, 0.3333333333333333, 0.2976190476190476, 0.2619047619047619, 0.2857142857142857, 0.27380952380952384, 0.30952380952380953, 0.2857142857142857, 0.32142857142857145, 0.3333333333333333, 0.2976190476190476, 0.35714285714285715, 0.2857142857142857]
 mean: 0.29126984126984123, std: 0.03685138655950444
F1 (Intime): [0.21404761904761904, 0.10430065865943432, 0.17605734767025089, 0.26166666666666666, 0.17118489186719463, 0.1944709748083242, 0.1961096374889478, 0.2125737409195066, 0.23623289723359636, 0.19676535802791184, 0.19499524865378523, 0.24371679706365307, 0.19492301290054098, 0.29036866359447006, 0.18823529411764706]
 mean: 0.20504325391463657, std: 0.04161289648939319
--------------------------------------------------
Subject Number: 9
Accuracy Cross: [0.19047619047619047, 0.2, 0.18095238095238095, 0.2, 0.21428571428571427, 0.18571428571428572, 0.24761904761904763, 0.18095238095238095, 0.20952380952380953, 0.20476190476190476, 0.18571428571428572, 0.17142857142857143, 0.22857142857142856, 0.19523809523809524, 0.22380952380952382]
 mean: 0.2012698412698413, std: 0.02001259366663427
F1 Score: [0.10756634669678147, 0.06666666666666667, 0.09838667019307061, 0.06666666666666667, 0.09210300429184551, 0.12380002049293388, 0.19968024967922424, 0.13713869562758074, 0.14024087761055137, 0.16806524139242712, 0.12020682914525334, 0.06792452830188679, 0.2003780533081549, 0.10906661576636763, 0.1512474144859054]
 mean: 0.12327585868835443, std: 0.04208993612290094
Accuracy Intime: [0.27380952380952384, 0.21428571428571427, 0.2261904761904762, 0.23809523809523808, 0.19047619047619047, 0.23809523809523808, 0.2619047619047619, 0.25, 0.30952380952380953, 0.2619047619047619, 0.21428571428571427, 0.23809523809523808, 0.20238095238095238, 0.20238095238095238, 0.19047619047619047]
 mean: 0.23412698412698418, std: 0.03243304244714691
F1 (Intime): [0.16069142125480154, 0.07058823529411765, 0.12639712684333676, 0.1729086229086229, 0.064, 0.1534640522875817, 0.1756060606060606, 0.15058823529411763, 0.18089985486211901, 0.17972727272727274, 0.07058823529411765, 0.12870340872889455, 0.08632967032967034, 0.1322884012539185, 0.064]
 mean: 0.12778537317897543, std: 0.043608870192523276
--------------------------------------------------
Subject Number: 10
Accuracy Cross: [0.24761904761904763, 0.18095238095238095, 0.24761904761904763, 0.21904761904761905, 0.23333333333333334, 0.2857142857142857, 0.20476190476190476, 0.18095238095238095, 0.2714285714285714, 0.20476190476190476, 0.23809523809523808, 0.19523809523809524, 0.22857142857142856, 0.22857142857142856, 0.23809523809523808]
 mean: 0.226984126984127, std: 0.029285606744758882
F1 Score: [0.15090218423551754, 0.11903184747332715, 0.15414194192360237, 0.16234288587229764, 0.16004576659038902, 0.20546651055755177, 0.07656078860898138, 0.0754655870445344, 0.1677880530684269, 0.07677220509946762, 0.16684003152088261, 0.11169636658180977, 0.12197802197802196, 0.12798201657846672, 0.16445456190074173]
 mean: 0.13609791793560125, std: 0.03765183423485297
Accuracy Intime: [0.19047619047619047, 0.30952380952380953, 0.27380952380952384, 0.25, 0.2857142857142857, 0.2619047619047619, 0.39285714285714285, 0.21428571428571427, 0.2619047619047619, 0.19047619047619047, 0.36904761904761907, 0.3333333333333333, 0.2976190476190476, 0.23809523809523808, 0.19047619047619047]
 mean: 0.2706349206349206, std: 0.06061954429818511
F1 (Intime): [0.064, 0.193158953722334, 0.15980392156862747, 0.14482758620689656, 0.23057839721254356, 0.17081000373273608, 0.31518648553489176, 0.07058823529411765, 0.17568627450980392, 0.07111111111111111, 0.2669191919191919, 0.23838742054198728, 0.20122271935516922, 0.1591791652133473, 0.11411992263056092]
 mean: 0.17170529257022127, std: 0.07080234785041757
--------------------------------------------------
Subject Number: 11
Accuracy Cross: [0.26666666666666666, 0.2761904761904762, 0.3238095238095238, 0.22380952380952382, 0.23809523809523808, 0.21428571428571427, 0.2, 0.18571428571428572, 0.21428571428571427, 0.18571428571428572, 0.2, 0.21904761904761905, 0.24761904761904763, 0.20476190476190476, 0.19047619047619047]
 mean: 0.22603174603174606, std: 0.03740916604533719
F1 Score: [0.16651283820174403, 0.20402544198164635, 0.25687652760219126, 0.12853991645937954, 0.164895727224686, 0.1594182783694898, 0.16664653784219002, 0.11206653743559156, 0.18220927462943623, 0.14022032942318813, 0.13577650403293234, 0.17117421460628315, 0.18139578687092128, 0.12470328556954695, 0.130182305045693]
 mean: 0.1616429003529946, std: 0.03546822882003472
Accuracy Intime: [0.25, 0.2857142857142857, 0.27380952380952384, 0.27380952380952384, 0.2857142857142857, 0.30952380952380953, 0.35714285714285715, 0.30952380952380953, 0.34523809523809523, 0.27380952380952384, 0.36904761904761907, 0.3333333333333333, 0.23809523809523808, 0.2857142857142857, 0.23809523809523808]
 mean: 0.29523809523809524, std: 0.039888355152790676
F1 (Intime): [0.14849624060150374, 0.21088262175218694, 0.16460843373493977, 0.15734265734265734, 0.21993620414673046, 0.2441528111357333, 0.2992586933763405, 0.20450216450216452, 0.2623824451410658, 0.1737006666273376, 0.2916219119226638, 0.2621079726342884, 0.20116550116550114, 0.18259416966917785, 0.13426573426573427]
 mean: 0.21046788186786836, std: 0.05025244760569123
--------------------------------------------------
Subject Number: 12
Accuracy Cross: [0.2, 0.2, 0.20952380952380953, 0.24285714285714285, 0.20952380952380953, 0.2523809523809524, 0.2714285714285714, 0.19047619047619047, 0.24285714285714285, 0.19523809523809524, 0.20476190476190476, 0.19047619047619047, 0.18571428571428572, 0.24285714285714285, 0.21904761904761905]
 mean: 0.2171428571428572, std: 0.025720163937179796
F1 Score: [0.1345054945054945, 0.12875301336839798, 0.10292768959435628, 0.13873814972213142, 0.11563944530046225, 0.21231856378915204, 0.23215988623930475, 0.12616783111712118, 0.19493774279575993, 0.16593311910916267, 0.1143886743886744, 0.12362808931895583, 0.12540622168529145, 0.23539155164959752, 0.13185354691075513]
 mean: 0.15218326796630782, std: 0.04305646696212404
Accuracy Intime: [0.21428571428571427, 0.32142857142857145, 0.25, 0.21428571428571427, 0.2261904761904762, 0.25, 0.25, 0.2619047619047619, 0.2261904761904762, 0.34523809523809523, 0.2976190476190476, 0.25, 0.20238095238095238, 0.21428571428571427, 0.19047619047619047]
 mean: 0.24761904761904763, std: 0.04263611434464538
F1 (Intime): [0.19326298906850123, 0.2441905147133178, 0.17796015462384776, 0.07058823529411765, 0.11294749694749695, 0.21933440256097475, 0.16727262846118313, 0.1966279334700387, 0.1420393559928444, 0.31356521739130433, 0.22047930283224398, 0.16148148148148148, 0.1510692081710733, 0.12716673144189664, 0.064]
 mean: 0.17079904349668815, std: 0.06315578626512122
--------------------------------------------------
Subject Number: 13
Accuracy Cross: [0.2857142857142857, 0.2714285714285714, 0.26666666666666666, 0.2523809523809524, 0.22380952380952382, 0.2857142857142857, 0.2857142857142857, 0.2523809523809524, 0.2523809523809524, 0.23809523809523808, 0.2571428571428571, 0.2904761904761905, 0.2857142857142857, 0.3, 0.26666666666666666]
 mean: 0.26761904761904753, std: 0.020807580454824046
F1 Score: [0.2579356353417303, 0.22983823744693313, 0.18658153440762137, 0.22241387783183447, 0.18052207035335172, 0.25912592583234545, 0.257412223061078, 0.18513061124251942, 0.14527017238881645, 0.14961506241099104, 0.18115353115353114, 0.20129306140023343, 0.16682673837879372, 0.22851586442791838, 0.18864481849726414]
 mean: 0.2026852909449975, std: 0.03664885430686452
Accuracy Intime: [0.30952380952380953, 0.36904761904761907, 0.2976190476190476, 0.2857142857142857, 0.32142857142857145, 0.30952380952380953, 0.3333333333333333, 0.2857142857142857, 0.25, 0.27380952380952384, 0.2857142857142857, 0.32142857142857145, 0.27380952380952384, 0.27380952380952384, 0.19047619047619047]
 mean: 0.2920634920634921, std: 0.03933178315353609
F1 (Intime): [0.17754629629629629, 0.31059100805760875, 0.17681159420289855, 0.1647342995169082, 0.2559276018099547, 0.24731928448909582, 0.2712453586085597, 0.22012091073082737, 0.14628912071535022, 0.16458552145330066, 0.19368686868686869, 0.24230769230769228, 0.20693260105024808, 0.24300374245654685, 0.08188405797101449]
 mean: 0.20686573055687804, std: 0.05566219555514851
--------------------------------------------------
Subject Number: 14
Accuracy Cross: [0.19047619047619047, 0.21428571428571427, 0.21904761904761905, 0.21428571428571427, 0.20476190476190476, 0.24285714285714285, 0.20952380952380953, 0.21904761904761905, 0.22380952380952382, 0.22857142857142856, 0.15714285714285714, 0.20476190476190476, 0.1619047619047619, 0.19047619047619047, 0.2]
 mean: 0.20539682539682544, std: 0.02239389471561701
F1 Score: [0.13479020979020978, 0.1472088525032612, 0.1673555048709068, 0.15288447086151533, 0.10872206622424481, 0.17854263565891473, 0.14445472837022133, 0.10578564158772412, 0.17580947844724934, 0.17457095947061257, 0.1125996986390306, 0.15881042025865766, 0.1165950261673165, 0.13726551226551226, 0.1830853553542629]
 mean: 0.146565370697976, std: 0.025813289380234493
Accuracy Intime: [0.2619047619047619, 0.21428571428571427, 0.23809523809523808, 0.23809523809523808, 0.21428571428571427, 0.25, 0.21428571428571427, 0.19047619047619047, 0.23809523809523808, 0.19047619047619047, 0.2261904761904762, 0.21428571428571427, 0.2619047619047619, 0.27380952380952384, 0.2261904761904762]
 mean: 0.23015873015873017, std: 0.024072620457306515
F1 (Intime): [0.196646294881589, 0.15014786967418547, 0.14016374269005846, 0.16698859217008039, 0.07058823529411765, 0.2254501886215441, 0.072, 0.064, 0.14178717093066368, 0.064, 0.12344715447154471, 0.16596736596736594, 0.17385388938183968, 0.1823989218328841, 0.12837573385518591]
 mean: 0.13772101065140394, std: 0.049185625652614154
--------------------------------------------------
**************************************************
accuracy_cross_list: [0.19396825396825398, 0.3292063492063492, 0.2158730158730159, 0.24285714285714288, 0.22222222222222224, 0.24888888888888888, 0.1796825396825397, 0.24190476190476187, 0.2012698412698413, 0.226984126984127, 0.22603174603174606, 0.2171428571428572, 0.26761904761904753, 0.20539682539682544]
f1_score_list: [0.10100918624916236, 0.24413214337246816, 0.1450177503421552, 0.16393266248988086, 0.15277776438265137, 0.1791467705414283, 0.12038713459045931, 0.15815354207667637, 0.12327585868835443, 0.13609791793560125, 0.1616429003529946, 0.15218326796630782, 0.2026852909449975, 0.146565370697976]
accuracy_intime_list: [0.23809523809523814, 0.3817460317460318, 0.25952380952380955, 0.26825396825396824, 0.2420634920634921, 0.2841269841269841, 0.2611111111111111, 0.29126984126984123, 0.23412698412698418, 0.2706349206349206, 0.29523809523809524, 0.24761904761904763, 0.2920634920634921, 0.23015873015873017]
f1_score_intime_list: [0.1432541147798313, 0.30564193790086913, 0.1854714783989782, 0.18329868822707318, 0.16501520312223275, 0.17748907570303282, 0.17677358566912435, 0.20504325391463657, 0.12778537317897543, 0.17170529257022127, 0.21046788186786836, 0.17079904349668815, 0.20686573055687804, 0.13772101065140394]
**************************************************
ACC: 22.99±3.55
F1: 15.62±3.44
Intime: 27.11±3.74
F1 (Intime): 18.34±4.16
