1e-06
Subject Number: 1
Accuracy Cross: [0.23529411764705882, 0.2647058823529412, 0.23529411764705882, 0.29411764705882354, 0.2647058823529412, 0.11764705882352941, 0.29411764705882354, 0.35294117647058826, 0.3235294117647059, 0.14705882352941177, 0.2647058823529412, 0.17647058823529413, 0.29411764705882354, 0.29411764705882354, 0.35294117647058826]
 mean: 0.26078431372549016, std: 0.06695439638809363
F1 Score: [0.12916666666666665, 0.10465116279069768, 0.09523809523809523, 0.24031486340484642, 0.10465116279069768, 0.08187134502923976, 0.184375, 0.298444976076555, 0.20764617691154424, 0.09703703703703703, 0.10465116279069768, 0.11658653846153846, 0.2103386809269162, 0.18371212121212122, 0.28561872909699]
 mean: 0.16295358122890954, std: 0.07000746417917492
Accuracy Intime: [0.42857142857142855, 0.2857142857142857, 0.2857142857142857, 0.46153846153846156, 0.15384615384615385, 0.35714285714285715, 0.2857142857142857, 0.35714285714285715, 0.38461538461538464, 0.3076923076923077, 0.2857142857142857, 0.42857142857142855, 0.35714285714285715, 0.5384615384615384, 0.3076923076923077]
 mean: 0.3483516483516483, std: 0.08951829386556615
F1 (Intime): [0.29166666666666663, 0.1111111111111111, 0.20714285714285713, 0.34285714285714286, 0.06666666666666667, 0.28733766233766234, 0.1111111111111111, 0.20476190476190476, 0.23333333333333334, 0.20202020202020202, 0.1111111111111111, 0.3028846153846154, 0.23214285714285715, 0.4205128205128205, 0.26388888888888884]
 mean: 0.2259032634032634, std: 0.09429407684390045
--------------------------------------------------
Subject Number: 2
Accuracy Cross: [0.29411764705882354, 0.2647058823529412, 0.2647058823529412, 0.2647058823529412, 0.2647058823529412, 0.2647058823529412, 0.29411764705882354, 0.29411764705882354, 0.2647058823529412, 0.17647058823529413, 0.3235294117647059, 0.2647058823529412, 0.2647058823529412, 0.20588235294117646, 0.29411764705882354]
 mean: 0.26666666666666666, std: 0.03474518656209677
F1 Score: [0.15714285714285714, 0.10465116279069768, 0.10465116279069768, 0.10465116279069768, 0.14102564102564102, 0.10465116279069768, 0.15384615384615385, 0.18803418803418803, 0.10465116279069768, 0.11688311688311688, 0.2753246753246753, 0.10465116279069768, 0.10465116279069768, 0.13951612903225807, 0.15714285714285714]
 mean: 0.13743158386444207, std: 0.045153832638022806
Accuracy Intime: [0.35714285714285715, 0.2857142857142857, 0.2857142857142857, 0.3076923076923077, 0.15384615384615385, 0.2857142857142857, 0.35714285714285715, 0.42857142857142855, 0.35714285714285715, 0.3076923076923077, 0.5, 0.2857142857142857, 0.2857142857142857, 0.23076923076923078, 0.3076923076923077]
 mean: 0.31575091575091574, std: 0.07744113012147531
F1 (Intime): [0.21764705882352942, 0.1111111111111111, 0.1111111111111111, 0.11764705882352941, 0.1388888888888889, 0.1111111111111111, 0.2833333333333333, 0.3571428571428571, 0.21764705882352942, 0.2589285714285714, 0.3205128205128205, 0.1111111111111111, 0.1111111111111111, 0.17045454545454547, 0.11764705882352941]
 mean: 0.18369365384071265, std: 0.08324514416034355
--------------------------------------------------
Subject Number: 3
Accuracy Cross: [0.20588235294117646, 0.20588235294117646, 0.38235294117647056, 0.29411764705882354, 0.29411764705882354, 0.2647058823529412, 0.2647058823529412, 0.2647058823529412, 0.2647058823529412, 0.3235294117647059, 0.23529411764705882, 0.23529411764705882, 0.29411764705882354, 0.23529411764705882, 0.29411764705882354]
 mean: 0.2705882352941177, std: 0.044540457614119795
F1 Score: [0.11722488038277512, 0.15293040293040294, 0.28423659673659674, 0.1625, 0.19901315789473684, 0.10465116279069768, 0.10465116279069768, 0.10465116279069768, 0.10465116279069768, 0.20066518847006654, 0.1863744241239704, 0.16323529411764706, 0.15521064301552107, 0.1515151515151515, 0.17320261437908496]
 mean: 0.15764753364858292, std: 0.047358657583070736
Accuracy Intime: [0.5, 0.42857142857142855, 0.21428571428571427, 0.5, 0.5384615384615384, 0.2857142857142857, 0.2857142857142857, 0.2857142857142857, 0.3076923076923077, 0.23076923076923078, 0.35714285714285715, 0.35714285714285715, 0.35714285714285715, 0.46153846153846156, 0.23076923076923078]
 mean: 0.356043956043956, std: 0.10320703769469702
F1 (Intime): [0.37777777777777777, 0.46590909090909094, 0.15277777777777776, 0.4125, 0.45952380952380945, 0.1111111111111111, 0.1111111111111111, 0.1111111111111111, 0.11764705882352941, 0.09375, 0.21666666666666667, 0.2701465201465202, 0.20833333333333331, 0.3, 0.14835164835164835]
 mean: 0.23711446777623246, std: 0.1306647631585919
--------------------------------------------------
Subject Number: 4
Accuracy Cross: [0.2647058823529412, 0.2647058823529412, 0.23529411764705882, 0.2647058823529412, 0.35294117647058826, 0.23529411764705882, 0.47058823529411764, 0.2647058823529412, 0.2647058823529412, 0.2647058823529412, 0.29411764705882354, 0.35294117647058826, 0.3235294117647059, 0.23529411764705882, 0.2647058823529412]
 mean: 0.2901960784313725, std: 0.06062597974015806
F1 Score: [0.10465116279069768, 0.10465116279069768, 0.18944576294848528, 0.2208668730650155, 0.2806818181818182, 0.1111111111111111, 0.3970588235294118, 0.10465116279069768, 0.1125, 0.10465116279069768, 0.24086687306501547, 0.288034188034188, 0.22712418300653597, 0.19254173818068343, 0.14301552106430154]
 mean: 0.18812343622329047, std: 0.08530515713455389
Accuracy Intime: [0.2857142857142857, 0.2857142857142857, 0.5714285714285714, 0.07142857142857142, 0.46153846153846156, 0.2857142857142857, 0.42857142857142855, 0.2857142857142857, 0.35714285714285715, 0.15384615384615385, 0.5714285714285714, 0.2857142857142857, 0.35714285714285715, 0.5, 0.23076923076923078]
 mean: 0.3421245421245421, std: 0.13887760423235498
F1 (Intime): [0.1111111111111111, 0.11764705882352941, 0.44365079365079363, 0.05, 0.38095238095238093, 0.11764705882352941, 0.3417207792207792, 0.1111111111111111, 0.25, 0.07692307692307693, 0.4595238095238095, 0.19375, 0.21764705882352942, 0.375, 0.09375]
 mean: 0.22269561593091008, std: 0.13750138212887872
--------------------------------------------------
Subject Number: 5
Accuracy Cross: [0.2647058823529412, 0.2647058823529412, 0.3235294117647059, 0.3235294117647059, 0.38235294117647056, 0.2647058823529412, 0.29411764705882354, 0.2647058823529412, 0.23529411764705882, 0.23529411764705882, 0.20588235294117646, 0.2647058823529412, 0.35294117647058826, 0.35294117647058826, 0.2647058823529412]
 mean: 0.28627450980392155, std: 0.04858632036613282
F1 Score: [0.18333333333333335, 0.16985645933014354, 0.2411764705882353, 0.23627450980392156, 0.2546153846153846, 0.10465116279069768, 0.18500797448165868, 0.10465116279069768, 0.17908653846153846, 0.1575757575757576, 0.12878787878787878, 0.10465116279069768, 0.2895622895622895, 0.22556390977443608, 0.10465116279069768]
 mean: 0.17796301049849123, std: 0.05914377720694827
Accuracy Intime: [0.42857142857142855, 0.35714285714285715, 0.35714285714285715, 0.38461538461538464, 0.46153846153846156, 0.2857142857142857, 0.42857142857142855, 0.2857142857142857, 0.5384615384615384, 0.3076923076923077, 0.5714285714285714, 0.2857142857142857, 0.35714285714285715, 0.23076923076923078, 0.23076923076923078]
 mean: 0.3673992673992673, std: 0.09958790156203892
F1 (Intime): [0.33333333333333337, 0.22727272727272727, 0.21764705882352942, 0.25, 0.32386363636363635, 0.1111111111111111, 0.26785714285714285, 0.1111111111111111, 0.4458874458874459, 0.19642857142857142, 0.47619047619047616, 0.1111111111111111, 0.2986111111111111, 0.11538461538461539, 0.09375]
 mean: 0.23863729679906154, std: 0.1176204151338713
--------------------------------------------------
Subject Number: 6
Accuracy Cross: [0.2647058823529412, 0.2647058823529412, 0.47058823529411764, 0.35294117647058826, 0.29411764705882354, 0.2647058823529412, 0.2647058823529412, 0.2647058823529412, 0.2647058823529412, 0.29411764705882354, 0.3235294117647059, 0.5294117647058824, 0.2647058823529412, 0.2647058823529412, 0.2647058823529412]
 mean: 0.30980392156862746, std: 0.07955083441215997
F1 Score: [0.10465116279069768, 0.14756097560975612, 0.32057416267942584, 0.23076923076923078, 0.184375, 0.10465116279069768, 0.10465116279069768, 0.10465116279069768, 0.16200657894736842, 0.15416666666666667, 0.212406015037594, 0.43922077922077923, 0.10465116279069768, 0.17307692307692307, 0.10465116279069768]
 mean: 0.176804220583462, std: 0.09187170219122753
Accuracy Intime: [0.2857142857142857, 0.2857142857142857, 0.5714285714285714, 0.2857142857142857, 0.3076923076923077, 0.2857142857142857, 0.2857142857142857, 0.2857142857142857, 0.3076923076923077, 0.23076923076923078, 0.35714285714285715, 0.35714285714285715, 0.2857142857142857, 0.23076923076923078, 0.23076923076923078]
 mean: 0.3062271062271062, std: 0.07981146187605212
F1 (Intime): [0.1111111111111111, 0.1111111111111111, 0.39285714285714285, 0.11764705882352941, 0.20714285714285713, 0.1111111111111111, 0.1111111111111111, 0.1111111111111111, 0.14285714285714285, 0.1, 0.2264957264957265, 0.225, 0.1111111111111111, 0.14583333333333331, 0.09375]
 mean: 0.15454999521175994, std: 0.07714237408022637
--------------------------------------------------
Subject Number: 7
Accuracy Cross: [0.23529411764705882, 0.2647058823529412, 0.2647058823529412, 0.2647058823529412, 0.2647058823529412, 0.3235294117647059, 0.2647058823529412, 0.35294117647058826, 0.29411764705882354, 0.38235294117647056, 0.29411764705882354, 0.2647058823529412, 0.29411764705882354, 0.23529411764705882, 0.4117647058823529]
 mean: 0.2941176470588235, std: 0.05037346109280442
F1 Score: [0.09523809523809523, 0.10465116279069768, 0.14166666666666666, 0.10465116279069768, 0.10465116279069768, 0.19230769230769232, 0.17708333333333331, 0.2676194797338173, 0.1945945945945946, 0.25, 0.22654428904428908, 0.10465116279069768, 0.184375, 0.09523809523809523, 0.26836581709145424]
 mean: 0.16744251429405524, std: 0.06278387720903984
Accuracy Intime: [0.35714285714285715, 0.2857142857142857, 0.35714285714285715, 0.3076923076923077, 0.23076923076923078, 0.2857142857142857, 0.35714285714285715, 0.2857142857142857, 0.38461538461538464, 0.38461538461538464, 0.35714285714285715, 0.2857142857142857, 0.35714285714285715, 0.23076923076923078, 0.38461538461538464]
 mean: 0.32344322344322346, std: 0.051654845927401126
F1 (Intime): [0.20833333333333331, 0.11764705882352941, 0.20833333333333331, 0.11764705882352941, 0.09375, 0.1111111111111111, 0.20476190476190476, 0.19871794871794873, 0.25, 0.28205128205128205, 0.225, 0.1111111111111111, 0.23333333333333334, 0.1, 0.32539682539682535]
 mean: 0.1858129533864828, std: 0.07047106129503725
--------------------------------------------------
Subject Number: 8
Accuracy Cross: [0.23529411764705882, 0.2647058823529412, 0.29411764705882354, 0.2647058823529412, 0.2647058823529412, 0.29411764705882354, 0.2647058823529412, 0.29411764705882354, 0.29411764705882354, 0.29411764705882354, 0.2647058823529412, 0.2647058823529412, 0.2647058823529412, 0.23529411764705882, 0.2647058823529412]
 mean: 0.27058823529411763, std: 0.01921168425712297
F1 Score: [0.16820276497695852, 0.10714285714285714, 0.26408668730650153, 0.17824074074074076, 0.16666666666666669, 0.15521064301552107, 0.10465116279069768, 0.19490254872563717, 0.15416666666666667, 0.15384615384615385, 0.10465116279069768, 0.10465116279069768, 0.10465116279069768, 0.15625, 0.10465116279069768]
 mean: 0.1481314362027461, std: 0.04366843497466228
Accuracy Intime: [0.2857142857142857, 0.35714285714285715, 0.42857142857142855, 0.46153846153846156, 0.3076923076923077, 0.2857142857142857, 0.35714285714285715, 0.42857142857142855, 0.3076923076923077, 0.38461538461538464, 0.2857142857142857, 0.2857142857142857, 0.2857142857142857, 0.23076923076923078, 0.3076923076923077]
 mean: 0.3333333333333333, std: 0.06437930842659434
F1 (Intime): [0.18803418803418803, 0.21764705882352942, 0.40705128205128205, 0.3125, 0.225, 0.1111111111111111, 0.21764705882352942, 0.27884615384615385, 0.20833333333333331, 0.32371794871794873, 0.1111111111111111, 0.1111111111111111, 0.1111111111111111, 0.17424242424242425, 0.2153846153846154]
 mean: 0.21418990051342995, std: 0.08485068096501638
--------------------------------------------------
Subject Number: 9
Accuracy Cross: [0.3235294117647059, 0.38235294117647056, 0.2647058823529412, 0.2647058823529412, 0.2647058823529412, 0.35294117647058826, 0.23529411764705882, 0.2647058823529412, 0.2647058823529412, 0.2647058823529412, 0.2647058823529412, 0.14705882352941177, 0.2647058823529412, 0.29411764705882354, 0.14705882352941177]
 mean: 0.26666666666666666, std: 0.060244280375440065
F1 Score: [0.21407407407407408, 0.2692307692307693, 0.16666666666666669, 0.21071428571428572, 0.10975609756097561, 0.3583401892225422, 0.09523809523809523, 0.22472741957194775, 0.10714285714285714, 0.10465116279069768, 0.10465116279069768, 0.15007770007770008, 0.10465116279069768, 0.15714285714285714, 0.06944444444444445]
 mean: 0.16310059629728724, std: 0.07653576531007007
Accuracy Intime: [0.35714285714285715, 0.2857142857142857, 0.2857142857142857, 0.38461538461538464, 0.38461538461538464, 0.5, 0.2857142857142857, 0.14285714285714285, 0.38461538461538464, 0.23076923076923078, 0.2857142857142857, 0.42857142857142855, 0.2857142857142857, 0.23076923076923078, 0.38461538461538464]
 mean: 0.3238095238095238, std: 0.08764764868194103
F1 (Intime): [0.22727272727272727, 0.1111111111111111, 0.1111111111111111, 0.2583333333333333, 0.2738095238095238, 0.5472222222222223, 0.1111111111111111, 0.13333333333333333, 0.28205128205128205, 0.09375, 0.1111111111111111, 0.3630952380952381, 0.1111111111111111, 0.1, 0.28205128205128205]
 mean: 0.2077649665149665, std: 0.12504874743121316
--------------------------------------------------
Subject Number: 10
Accuracy Cross: [0.29411764705882354, 0.2647058823529412, 0.2647058823529412, 0.29411764705882354, 0.2647058823529412, 0.2647058823529412, 0.23529411764705882, 0.2647058823529412, 0.23529411764705882, 0.2647058823529412, 0.17647058823529413, 0.29411764705882354, 0.23529411764705882, 0.2647058823529412, 0.2647058823529412]
 mean: 0.2588235294117647, std: 0.02881752638568445
F1 Score: [0.18888888888888888, 0.10465116279069768, 0.10465116279069768, 0.19617224880382775, 0.10465116279069768, 0.10714285714285714, 0.15259259259259259, 0.10714285714285714, 0.09523809523809523, 0.10465116279069768, 0.13464912280701755, 0.17477477477477477, 0.14354066985645933, 0.21064814814814814, 0.10465116279069768]
 mean: 0.1356030712899338, std: 0.038354618086352196
Accuracy Intime: [0.35714285714285715, 0.2857142857142857, 0.2857142857142857, 0.46153846153846156, 0.23076923076923078, 0.42857142857142855, 0.2857142857142857, 0.2857142857142857, 0.3076923076923077, 0.23076923076923078, 0.5, 0.2857142857142857, 0.35714285714285715, 0.3076923076923077, 0.23076923076923078]
 mean: 0.3227106227106227, std: 0.0803893703051296
F1 (Intime): [0.2909090909090909, 0.1111111111111111, 0.1111111111111111, 0.36217948717948717, 0.09375, 0.26666666666666666, 0.13333333333333333, 0.1111111111111111, 0.11764705882352941, 0.09375, 0.4042207792207792, 0.1111111111111111, 0.21764705882352942, 0.2111111111111111, 0.09375]
 mean: 0.18196060203413147, std: 0.10098494092647342
--------------------------------------------------
Subject Number: 11
Accuracy Cross: [0.3235294117647059, 0.23529411764705882, 0.2647058823529412, 0.38235294117647056, 0.29411764705882354, 0.2647058823529412, 0.35294117647058826, 0.2647058823529412, 0.23529411764705882, 0.3235294117647059, 0.2647058823529412, 0.23529411764705882, 0.2647058823529412, 0.23529411764705882, 0.2647058823529412]
 mean: 0.2803921568627451, std: 0.0441067524674588
F1 Score: [0.18984962406015038, 0.09523809523809523, 0.10714285714285714, 0.2692307692307693, 0.18503118503118504, 0.23026315789473684, 0.225, 0.10465116279069768, 0.2058333333333333, 0.20098039215686275, 0.10465116279069768, 0.153125, 0.21713471713471713, 0.1515151515151515, 0.10465116279069768]
 mean: 0.1696198514073301, std: 0.05450681537540237
Accuracy Intime: [0.42857142857142855, 0.35714285714285715, 0.2857142857142857, 0.42857142857142855, 0.5384615384615384, 0.42857142857142855, 0.35714285714285715, 0.2857142857142857, 0.6428571428571429, 0.23076923076923078, 0.35714285714285715, 0.35714285714285715, 0.42857142857142855, 0.35714285714285715, 0.23076923076923078]
 mean: 0.3809523809523809, std: 0.10600583244313395
F1 (Intime): [0.29166666666666663, 0.2738095238095238, 0.1111111111111111, 0.29166666666666663, 0.525, 0.275, 0.225, 0.1111111111111111, 0.5208333333333333, 0.09375, 0.21764705882352942, 0.22727272727272727, 0.3142857142857143, 0.225, 0.09375]
 mean: 0.25312692753869226, std: 0.12854244737476467
--------------------------------------------------
Subject Number: 12
Accuracy Cross: [0.14705882352941177, 0.3235294117647059, 0.4117647058823529, 0.29411764705882354, 0.2647058823529412, 0.20588235294117646, 0.29411764705882354, 0.2647058823529412, 0.2647058823529412, 0.29411764705882354, 0.17647058823529413, 0.2647058823529412, 0.35294117647058826, 0.2647058823529412, 0.17647058823529413]
 mean: 0.2666666666666666, std: 0.06746921778072648
F1 Score: [0.08333333333333333, 0.32460317460317456, 0.274294670846395, 0.15795454545454546, 0.10465116279069768, 0.16527777777777777, 0.1943573667711599, 0.1846590909090909, 0.10465116279069768, 0.19201228878648233, 0.12077294685990338, 0.10465116279069768, 0.22162162162162163, 0.1616161616161616, 0.08823529411764706]
 mean: 0.1655127840712924, std: 0.06738148607198438
Accuracy Intime: [0.2857142857142857, 0.2857142857142857, 0.35714285714285715, 0.23076923076923078, 0.23076923076923078, 0.35714285714285715, 0.21428571428571427, 0.35714285714285715, 0.3076923076923077, 0.38461538461538464, 0.2857142857142857, 0.2857142857142857, 0.35714285714285715, 0.46153846153846156, 0.46153846153846156]
 mean: 0.32417582417582413, std: 0.07368921925557795
F1 (Intime): [0.1111111111111111, 0.20779220779220778, 0.23333333333333334, 0.09375, 0.09375, 0.3, 0.13942307692307693, 0.21764705882352942, 0.11764705882352941, 0.26136363636363635, 0.225, 0.1111111111111111, 0.21764705882352942, 0.303030303030303, 0.38809523809523805]
 mean: 0.20138007961537374, std: 0.08601698288033312
--------------------------------------------------
Subject Number: 13
Accuracy Cross: [0.17647058823529413, 0.23529411764705882, 0.23529411764705882, 0.23529411764705882, 0.14705882352941177, 0.29411764705882354, 0.2647058823529412, 0.4117647058823529, 0.2647058823529412, 0.3235294117647059, 0.17647058823529413, 0.2647058823529412, 0.2647058823529412, 0.23529411764705882, 0.2647058823529412]
 mean: 0.2529411764705882, std: 0.06150740055434558
F1 Score: [0.14, 0.15407407407407409, 0.20298828913716516, 0.1515151515151515, 0.09545454545454546, 0.15384615384615385, 0.10465116279069768, 0.3557692307692308, 0.10975609756097561, 0.25416597921135126, 0.13457556935817805, 0.10465116279069768, 0.10465116279069768, 0.13305613305613306, 0.17307692307692307]
 mean: 0.15814877569546498, std: 0.06681258179679236
Accuracy Intime: [0.42857142857142855, 0.21428571428571427, 0.2857142857142857, 0.38461538461538464, 0.3076923076923077, 0.35714285714285715, 0.2857142857142857, 0.35714285714285715, 0.38461538461538464, 0.5384615384615384, 0.2857142857142857, 0.2857142857142857, 0.2857142857142857, 0.3076923076923077, 0.38461538461538464]
 mean: 0.3395604395604395, std: 0.07590111295489768
F1 (Intime): [0.29166666666666663, 0.1380952380952381, 0.21978021978021978, 0.25, 0.20714285714285713, 0.225, 0.125, 0.2361111111111111, 0.25, 0.4986111111111111, 0.2222222222222222, 0.1111111111111111, 0.1111111111111111, 0.20714285714285713, 0.24747474747474746]
 mean: 0.22269795019795022, std: 0.09138675216028948
--------------------------------------------------
Subject Number: 14
Accuracy Cross: [0.23529411764705882, 0.20588235294117646, 0.2647058823529412, 0.29411764705882354, 0.35294117647058826, 0.2647058823529412, 0.2647058823529412, 0.2647058823529412, 0.3235294117647059, 0.3235294117647059, 0.29411764705882354, 0.2647058823529412, 0.20588235294117646, 0.20588235294117646, 0.29411764705882354]
 mean: 0.2705882352941177, std: 0.043226289578526686
F1 Score: [0.13056680161943318, 0.13484848484848483, 0.10465116279069768, 0.1653846153846154, 0.29480676328502414, 0.10465116279069768, 0.16819852941176472, 0.10465116279069768, 0.19230769230769232, 0.20814132104454686, 0.15521064301552107, 0.10465116279069768, 0.11466165413533834, 0.16228070175438597, 0.15521064301552107]
 mean: 0.15334816673234122, std: 0.04954881362285869
Accuracy Intime: [0.2857142857142857, 0.2857142857142857, 0.2857142857142857, 0.46153846153846156, 0.46153846153846156, 0.2857142857142857, 0.42857142857142855, 0.2857142857142857, 0.3076923076923077, 0.3076923076923077, 0.35714285714285715, 0.2857142857142857, 0.2857142857142857, 0.38461538461538464, 0.3076923076923077]
 mean: 0.3344322344322344, std: 0.06479065544500896
F1 (Intime): [0.17142857142857143, 0.18181818181818182, 0.1111111111111111, 0.382051282051282, 0.37619047619047613, 0.1111111111111111, 0.30952380952380953, 0.1111111111111111, 0.19047619047619047, 0.19871794871794873, 0.21764705882352942, 0.1111111111111111, 0.125, 0.34285714285714286, 0.225]
 mean: 0.21101034042210515, std: 0.09457856556837353
--------------------------------------------------
Subject Number: 15
Accuracy Cross: [0.17647058823529413, 0.2647058823529412, 0.23529411764705882, 0.2647058823529412, 0.2647058823529412, 0.2647058823529412, 0.2647058823529412, 0.2647058823529412, 0.23529411764705882, 0.2647058823529412, 0.2647058823529412, 0.2647058823529412, 0.2647058823529412, 0.29411764705882354, 0.17647058823529413]
 mean: 0.2509803921568627, std: 0.03197942437313743
F1 Score: [0.15178571428571427, 0.10465116279069768, 0.16120689655172415, 0.10465116279069768, 0.10465116279069768, 0.10465116279069768, 0.10465116279069768, 0.10465116279069768, 0.10526315789473684, 0.159375, 0.10465116279069768, 0.10465116279069768, 0.10465116279069768, 0.22424242424242424, 0.08571428571428572]
 mean: 0.1219631962536776, std: 0.035195044587246815
Accuracy Intime: [0.5, 0.2857142857142857, 0.2857142857142857, 0.23076923076923078, 0.23076923076923078, 0.2857142857142857, 0.2857142857142857, 0.2857142857142857, 0.5384615384615384, 0.23076923076923078, 0.2857142857142857, 0.2857142857142857, 0.2857142857142857, 0.3076923076923077, 0.3076923076923077]
 mean: 0.3087912087912087, std: 0.08634593969478326
F1 (Intime): [0.41666666666666663, 0.1111111111111111, 0.11764705882352941, 0.09375, 0.09375, 0.1111111111111111, 0.1111111111111111, 0.1111111111111111, 0.4392857142857143, 0.1, 0.1111111111111111, 0.1111111111111111, 0.1111111111111111, 0.20555555555555555, 0.2125]
 mean: 0.16379551820728291, std: 0.10936072362316553
--------------------------------------------------
Subject Number: 16
Accuracy Cross: [0.2647058823529412, 0.2647058823529412, 0.2647058823529412, 0.29411764705882354, 0.2647058823529412, 0.2647058823529412, 0.2647058823529412, 0.29411764705882354, 0.14705882352941177, 0.38235294117647056, 0.23529411764705882, 0.3235294117647059, 0.2647058823529412, 0.38235294117647056, 0.38235294117647056]
 mean: 0.2862745098039216, std: 0.06024428037544006
F1 Score: [0.10465116279069768, 0.10465116279069768, 0.17307692307692307, 0.15521064301552107, 0.10465116279069768, 0.17624223602484473, 0.10465116279069768, 0.15714285714285714, 0.09083191850594227, 0.3240960491414212, 0.1437908496732026, 0.21405228758169934, 0.10465116279069768, 0.28432601880877745, 0.25112443778110943]
 mean: 0.1662100023137191, std: 0.07017201228753445
Accuracy Intime: [0.42857142857142855, 0.2857142857142857, 0.42857142857142855, 0.46153846153846156, 0.23076923076923078, 0.2857142857142857, 0.2857142857142857, 0.2857142857142857, 0.46153846153846156, 0.3076923076923077, 0.2857142857142857, 0.42857142857142855, 0.2857142857142857, 0.38461538461538464, 0.3076923076923077]
 mean: 0.3435897435897436, std: 0.07597179097836432
F1 (Intime): [0.26495726495726496, 0.1111111111111111, 0.33333333333333337, 0.303030303030303, 0.09375, 0.18333333333333335, 0.1111111111111111, 0.1111111111111111, 0.30952380952380953, 0.23376623376623376, 0.17142857142857143, 0.2761904761904762, 0.1111111111111111, 0.26136363636363635, 0.19871794871794873]
 mean: 0.20492262367262365, std: 0.08121774875581346
--------------------------------------------------
Subject Number: 17
Accuracy Cross: [0.2647058823529412, 0.2647058823529412, 0.2647058823529412, 0.23529411764705882, 0.2647058823529412, 0.23529411764705882, 0.2647058823529412, 0.2647058823529412, 0.2647058823529412, 0.29411764705882354, 0.23529411764705882, 0.23529411764705882, 0.17647058823529413, 0.29411764705882354, 0.35294117647058826]
 mean: 0.26078431372549016, std: 0.036996004439437666
F1 Score: [0.10465116279069768, 0.10465116279069768, 0.10465116279069768, 0.1351981351981352, 0.14097744360902253, 0.1284722222222222, 0.15849673202614378, 0.10714285714285714, 0.10714285714285714, 0.15416666666666667, 0.13974358974358975, 0.15073529411764708, 0.14913347522043174, 0.2574110671936759, 0.26894726894726895]
 mean: 0.1474347398401741, std: 0.04925436713534712
Accuracy Intime: [0.2857142857142857, 0.35714285714285715, 0.35714285714285715, 0.6153846153846154, 0.3076923076923077, 0.42857142857142855, 0.2857142857142857, 0.35714285714285715, 0.3076923076923077, 0.3076923076923077, 0.2857142857142857, 0.2857142857142857, 0.42857142857142855, 0.35714285714285715, 0.23076923076923078]
 mean: 0.34652014652014645, std: 0.0890373647591657
F1 (Intime): [0.1111111111111111, 0.21764705882352942, 0.225, 0.5059523809523809, 0.18681318681318682, 0.26785714285714285, 0.17142857142857143, 0.20833333333333331, 0.17857142857142855, 0.20779220779220778, 0.1111111111111111, 0.1111111111111111, 0.2727272727272727, 0.23333333333333334, 0.18831168831168832]
 mean: 0.21314006255182724, std: 0.09251241506248754
--------------------------------------------------
Subject Number: 18
Accuracy Cross: [0.2647058823529412, 0.2647058823529412, 0.17647058823529413, 0.2647058823529412, 0.2647058823529412, 0.23529411764705882, 0.3235294117647059, 0.20588235294117646, 0.2647058823529412, 0.14705882352941177, 0.20588235294117646, 0.29411764705882354, 0.2647058823529412, 0.38235294117647056, 0.20588235294117646]
 mean: 0.25098039215686274, std: 0.05669345997961161
F1 Score: [0.10465116279069768, 0.10975609756097561, 0.12384259259259259, 0.14097744360902253, 0.10465116279069768, 0.14774774774774774, 0.20066518847006654, 0.13333333333333333, 0.10714285714285714, 0.13541666666666666, 0.1904040404040404, 0.24231549383679202, 0.10975609756097561, 0.25297619047619047, 0.0875]
 mean: 0.14607573833217707, std: 0.04996732213158895
Accuracy Intime: [0.2857142857142857, 0.2857142857142857, 0.2857142857142857, 0.38461538461538464, 0.23076923076923078, 0.42857142857142855, 0.2857142857142857, 0.2857142857142857, 0.3076923076923077, 0.23076923076923078, 0.07142857142857142, 0.2857142857142857, 0.14285714285714285, 0.3076923076923077, 0.38461538461538464]
 mean: 0.2802197802197802, std: 0.08673664729965326
F1 (Intime): [0.18181818181818182, 0.11764705882352941, 0.23809523809523808, 0.25, 0.1, 0.26666666666666666, 0.1111111111111111, 0.16964285714285715, 0.11764705882352941, 0.09375, 0.07142857142857142, 0.19886363636363635, 0.06666666666666667, 0.20833333333333331, 0.3047619047619048]
 mean: 0.1664288190023484, std: 0.07341705375395877
--------------------------------------------------
Subject Number: 19
Accuracy Cross: [0.2647058823529412, 0.2647058823529412, 0.35294117647058826, 0.20588235294117646, 0.2647058823529412, 0.3235294117647059, 0.2647058823529412, 0.23529411764705882, 0.29411764705882354, 0.2647058823529412, 0.2647058823529412, 0.29411764705882354, 0.3235294117647059, 0.2647058823529412, 0.3235294117647059]
 mean: 0.2803921568627451, std: 0.03699600443943767
F1 Score: [0.10465116279069768, 0.10714285714285714, 0.2376395534290271, 0.08974358974358974, 0.10465116279069768, 0.2664437012263099, 0.10465116279069768, 0.0975609756097561, 0.15714285714285714, 0.10465116279069768, 0.15098039215686274, 0.19090909090909092, 0.22045454545454546, 0.1125, 0.20252100840336135]
 mean: 0.15010954815873656, std: 0.056884221923840295
Accuracy Intime: [0.2857142857142857, 0.2857142857142857, 0.2857142857142857, 0.3076923076923077, 0.23076923076923078, 0.5, 0.2857142857142857, 0.2857142857142857, 0.38461538461538464, 0.23076923076923078, 0.21428571428571427, 0.35714285714285715, 0.5, 0.3076923076923077, 0.23076923076923078]
 mean: 0.3128205128205128, std: 0.08595501713502565
F1 (Intime): [0.1111111111111111, 0.11764705882352941, 0.16964285714285715, 0.11764705882352941, 0.09375, 0.35, 0.1111111111111111, 0.1111111111111111, 0.25, 0.09375, 0.08823529411764706, 0.2264957264957265, 0.507051282051282, 0.13333333333333333, 0.10714285714285714]
 mean: 0.17253525341760637, std: 0.1140156335278439
--------------------------------------------------
Subject Number: 20
Accuracy Cross: [0.29411764705882354, 0.29411764705882354, 0.4117647058823529, 0.2647058823529412, 0.2647058823529412, 0.29411764705882354, 0.2647058823529412, 0.4411764705882353, 0.23529411764705882, 0.20588235294117646, 0.35294117647058826, 0.29411764705882354, 0.29411764705882354, 0.29411764705882354, 0.23529411764705882]
 mean: 0.296078431372549, std: 0.061194064840498955
F1 Score: [0.19615384615384618, 0.15384615384615385, 0.2958881578947368, 0.10465116279069768, 0.10465116279069768, 0.18803418803418803, 0.10465116279069768, 0.33395989974937346, 0.2010717330410425, 0.11948529411764706, 0.22427035330261136, 0.20202020202020202, 0.16964285714285715, 0.30952380952380953, 0.15142428785607198]
 mean: 0.19061828473697554, std: 0.07198861794935693
Accuracy Intime: [0.2857142857142857, 0.42857142857142855, 0.2857142857142857, 0.3076923076923077, 0.38461538461538464, 0.21428571428571427, 0.2857142857142857, 0.42857142857142855, 0.5384615384615384, 0.3076923076923077, 0.5, 0.42857142857142855, 0.2857142857142857, 0.46153846153846156, 0.3076923076923077]
 mean: 0.3633699633699633, std: 0.09230914586912989
F1 (Intime): [0.19871794871794873, 0.31666666666666665, 0.18333333333333335, 0.11764705882352941, 0.23333333333333334, 0.08823529411764706, 0.1111111111111111, 0.40705128205128205, 0.43181818181818177, 0.2153846153846154, 0.3205128205128205, 0.303030303030303, 0.1111111111111111, 0.39285714285714285, 0.19642857142857142]
 mean: 0.24181591828650648, std: 0.11046589488017007
--------------------------------------------------
Subject Number: 21
Accuracy Cross: [0.23529411764705882, 0.23529411764705882, 0.23529411764705882, 0.29411764705882354, 0.3235294117647059, 0.2647058823529412, 0.20588235294117646, 0.2647058823529412, 0.3235294117647059, 0.2647058823529412, 0.20588235294117646, 0.2647058823529412, 0.2647058823529412, 0.2647058823529412, 0.23529411764705882]
 mean: 0.25882352941176473, std: 0.03429971702850177
F1 Score: [0.130718954248366, 0.1367127496159754, 0.15592203898050974, 0.19805194805194803, 0.20810810810810812, 0.18452380952380953, 0.13484848484848483, 0.20410839160839161, 0.2, 0.15849673202614378, 0.13418290854572712, 0.10465116279069768, 0.10465116279069768, 0.10465116279069768, 0.09523809523809523]
 mean: 0.15032438061117684, std: 0.03882208643580295
Accuracy Intime: [0.42857142857142855, 0.42857142857142855, 0.42857142857142855, 0.3076923076923077, 0.46153846153846156, 0.35714285714285715, 0.21428571428571427, 0.2857142857142857, 0.38461538461538464, 0.38461538461538464, 0.35714285714285715, 0.2857142857142857, 0.2857142857142857, 0.3076923076923077, 0.23076923076923078]
 mean: 0.34322344322344317, std: 0.0736582585452078
F1 (Intime): [0.26785714285714285, 0.275, 0.26785714285714285, 0.20202020202020202, 0.2967032967032967, 0.2701465201465202, 0.13392857142857142, 0.17094017094017094, 0.25, 0.26136363636363635, 0.2264957264957265, 0.1111111111111111, 0.125, 0.11764705882352941, 0.1]
 mean: 0.2050713719831367, std: 0.0689009979520524
--------------------------------------------------
Subject Number: 22
Accuracy Cross: [0.29411764705882354, 0.2647058823529412, 0.20588235294117646, 0.29411764705882354, 0.29411764705882354, 0.23529411764705882, 0.2647058823529412, 0.2647058823529412, 0.35294117647058826, 0.2647058823529412, 0.2647058823529412, 0.23529411764705882, 0.17647058823529413, 0.29411764705882354, 0.2647058823529412]
 mean: 0.2647058823529412, std: 0.04018412065082196
F1 Score: [0.19047619047619047, 0.14102564102564102, 0.1439655172413793, 0.24987648221343872, 0.1625, 0.1836789297658863, 0.10714285714285714, 0.10465116279069768, 0.27011494252873564, 0.1758832565284178, 0.10465116279069768, 0.0975609756097561, 0.103125, 0.1893939393939394, 0.10465116279069768]
 mean: 0.15524648135322233, std: 0.05304780998435725
Accuracy Intime: [0.35714285714285715, 0.35714285714285715, 0.2857142857142857, 0.23076923076923078, 0.23076923076923078, 0.42857142857142855, 0.35714285714285715, 0.2857142857142857, 0.46153846153846156, 0.23076923076923078, 0.2857142857142857, 0.35714285714285715, 0.35714285714285715, 0.38461538461538464, 0.23076923076923078]
 mean: 0.32271062271062273, std: 0.07218441082832999
F1 (Intime): [0.20476190476190476, 0.21764705882352942, 0.17708333333333331, 0.16233766233766234, 0.09375, 0.3472222222222222, 0.21764705882352942, 0.1111111111111111, 0.3365800865800866, 0.1, 0.1111111111111111, 0.21764705882352942, 0.23333333333333334, 0.24747474747474746, 0.09375]
 mean: 0.19143044591574002, std: 0.07910881024873691
--------------------------------------------------
Subject Number: 23
Accuracy Cross: [0.20588235294117646, 0.2647058823529412, 0.3235294117647059, 0.2647058823529412, 0.17647058823529413, 0.4117647058823529, 0.3235294117647059, 0.3235294117647059, 0.2647058823529412, 0.3235294117647059, 0.3235294117647059, 0.35294117647058826, 0.3235294117647059, 0.3235294117647059, 0.3235294117647059]
 mean: 0.30196078431372547, std: 0.05628509840944049
F1 Score: [0.0875, 0.14102564102564102, 0.21969696969696967, 0.10975609756097561, 0.11981566820276497, 0.2692307692307692, 0.19107142857142856, 0.2702380952380952, 0.1125, 0.19117647058823528, 0.20252100840336135, 0.21875, 0.20595238095238091, 0.20975609756097563, 0.2096296296296296]
 mean: 0.18390801711074847, std: 0.05497440582916382
Accuracy Intime: [0.35714285714285715, 0.35714285714285715, 0.35714285714285715, 0.23076923076923078, 0.3076923076923077, 0.5714285714285714, 0.5714285714285714, 0.42857142857142855, 0.35714285714285715, 0.46153846153846156, 0.2857142857142857, 0.42857142857142855, 0.5714285714285714, 0.3076923076923077, 0.3076923076923077]
 mean: 0.3934065934065934, std: 0.10568511473729772
F1 (Intime): [0.20833333333333331, 0.21764705882352942, 0.20833333333333331, 0.1, 0.19642857142857142, 0.44134615384615383, 0.4583333333333333, 0.35876623376623373, 0.21764705882352942, 0.32386363636363635, 0.17708333333333331, 0.275, 0.490530303030303, 0.1778846153846154, 0.19642857142857142]
 mean: 0.26984170241523187, std: 0.11378324446976744
--------------------------------------------------
Subject Number: 24
Accuracy Cross: [0.2647058823529412, 0.23529411764705882, 0.29411764705882354, 0.29411764705882354, 0.20588235294117646, 0.2647058823529412, 0.2647058823529412, 0.3235294117647059, 0.2647058823529412, 0.29411764705882354, 0.20588235294117646, 0.23529411764705882, 0.14705882352941177, 0.17647058823529413, 0.11764705882352941]
 mean: 0.23921568627450981, std: 0.056693459979611616
F1 Score: [0.10465116279069768, 0.21642125989952077, 0.24387959866220738, 0.15714285714285714, 0.16333333333333333, 0.10465116279069768, 0.10465116279069768, 0.2588235294117647, 0.17424242424242425, 0.19021739130434784, 0.14144736842105263, 0.10526315789473684, 0.09523809523809523, 0.08571428571428572, 0.09423076923076923]
 mean: 0.14932717059116593, std: 0.055365858787173705
Accuracy Intime: [0.35714285714285715, 0.35714285714285715, 0.2857142857142857, 0.3076923076923077, 0.23076923076923078, 0.35714285714285715, 0.35714285714285715, 0.42857142857142855, 0.3076923076923077, 0.23076923076923078, 0.2857142857142857, 0.35714285714285715, 0.2857142857142857, 0.23076923076923078, 0.15384615384615385]
 mean: 0.30219780219780223, std: 0.06794847111513869
F1 (Intime): [0.21764705882352942, 0.3261904761904762, 0.17094017094017094, 0.11764705882352941, 0.17424242424242425, 0.2409090909090909, 0.23214285714285715, 0.33279220779220775, 0.2111111111111111, 0.1625, 0.11764705882352941, 0.21764705882352942, 0.18181818181818182, 0.15476190476190477, 0.10795454545454546]
 mean: 0.19773008037713918, std: 0.06545285811948706
--------------------------------------------------
Subject Number: 25
Accuracy Cross: [0.35294117647058826, 0.2647058823529412, 0.2647058823529412, 0.2647058823529412, 0.14705882352941177, 0.23529411764705882, 0.2647058823529412, 0.2647058823529412, 0.2647058823529412, 0.2647058823529412, 0.29411764705882354, 0.29411764705882354, 0.29411764705882354, 0.23529411764705882, 0.2647058823529412]
 mean: 0.2647058823529411, std: 0.04159451654038515
F1 Score: [0.23076923076923078, 0.10465116279069768, 0.10465116279069768, 0.10465116279069768, 0.10096153846153846, 0.15555555555555556, 0.10465116279069768, 0.1957720588235294, 0.14553571428571427, 0.20193979933110368, 0.15714285714285714, 0.19040479760119938, 0.17477477477477477, 0.1282051282051282, 0.10465116279069768]
 mean: 0.14695448459360802, std: 0.042180476697128766
Accuracy Intime: [0.5, 0.2857142857142857, 0.2857142857142857, 0.46153846153846156, 0.46153846153846156, 0.42857142857142855, 0.2857142857142857, 0.2857142857142857, 0.5384615384615384, 0.46153846153846156, 0.2857142857142857, 0.35714285714285715, 0.35714285714285715, 0.3076923076923077, 0.23076923076923078]
 mean: 0.3688644688644688, std: 0.09414418253341705
F1 (Intime): [0.33035714285714285, 0.1111111111111111, 0.1111111111111111, 0.35416666666666663, 0.375, 0.3308080808080808, 0.1111111111111111, 0.14285714285714285, 0.41666666666666663, 0.37777777777777777, 0.1111111111111111, 0.22727272727272727, 0.21764705882352942, 0.18681318681318682, 0.09375]
 mean: 0.233170726332491, std: 0.11487078117561711
--------------------------------------------------
Subject Number: 26
Accuracy Cross: [0.14705882352941177, 0.3235294117647059, 0.2647058823529412, 0.38235294117647056, 0.2647058823529412, 0.17647058823529413, 0.29411764705882354, 0.2647058823529412, 0.2647058823529412, 0.2647058823529412, 0.23529411764705882, 0.14705882352941177, 0.2647058823529412, 0.23529411764705882, 0.2647058823529412]
 mean: 0.2529411764705882, std: 0.05960268295517908
F1 Score: [0.09808612440191387, 0.21658615136876005, 0.10465116279069768, 0.24621848739495797, 0.10714285714285714, 0.10084033613445378, 0.15521064301552107, 0.10465116279069768, 0.10465116279069768, 0.10465116279069768, 0.16666666666666666, 0.09791666666666667, 0.10465116279069768, 0.10810810810810811, 0.11842105263157894]
 mean: 0.1292301938323315, std: 0.04488633479192116
Accuracy Intime: [0.35714285714285715, 0.2857142857142857, 0.2857142857142857, 0.3076923076923077, 0.23076923076923078, 0.5, 0.2857142857142857, 0.2857142857142857, 0.3076923076923077, 0.23076923076923078, 0.5, 0.21428571428571427, 0.2857142857142857, 0.38461538461538464, 0.38461538461538464]
 mean: 0.3230769230769231, std: 0.08472235282372037
F1 (Intime): [0.23214285714285715, 0.18181818181818182, 0.1111111111111111, 0.2, 0.1, 0.31666666666666665, 0.1111111111111111, 0.1111111111111111, 0.18333333333333335, 0.09375, 0.4666666666666667, 0.13636363636363635, 0.1111111111111111, 0.25, 0.30714285714285716]
 mean: 0.1941552429052429, std: 0.10223323118583678
--------------------------------------------------
Subject Number: 27
Accuracy Cross: [0.2647058823529412, 0.2647058823529412, 0.2647058823529412, 0.4411764705882353, 0.11764705882352941, 0.2647058823529412, 0.2647058823529412, 0.2647058823529412, 0.29411764705882354, 0.23529411764705882, 0.23529411764705882, 0.2647058823529412, 0.23529411764705882, 0.2647058823529412, 0.2647058823529412]
 mean: 0.2627450980392157, std: 0.06119406484049896
F1 Score: [0.10465116279069768, 0.10465116279069768, 0.14166666666666666, 0.36514336917562723, 0.09774436090225563, 0.10465116279069768, 0.10465116279069768, 0.10465116279069768, 0.15521064301552107, 0.14583333333333331, 0.14375, 0.16985645933014354, 0.16323529411764706, 0.18045343137254902, 0.10465116279069768]
 mean: 0.1460533689771953, std: 0.06469037394377408
Accuracy Intime: [0.42857142857142855, 0.2857142857142857, 0.2857142857142857, 0.46153846153846156, 0.07692307692307693, 0.42857142857142855, 0.2857142857142857, 0.35714285714285715, 0.3076923076923077, 0.38461538461538464, 0.42857142857142855, 0.35714285714285715, 0.5, 0.35714285714285715, 0.23076923076923078]
 mean: 0.34505494505494494, std: 0.10244367602952864
F1 (Intime): [0.2761904761904762, 0.125, 0.17142857142857143, 0.34285714285714286, 0.05, 0.29166666666666663, 0.1111111111111111, 0.20833333333333331, 0.19047619047619047, 0.26785714285714285, 0.26785714285714285, 0.225, 0.41666666666666663, 0.21764705882352942, 0.09375]
 mean: 0.21705610021786492, std: 0.09509086502899083
--------------------------------------------------
Subject Number: 28
Accuracy Cross: [0.23529411764705882, 0.29411764705882354, 0.17647058823529413, 0.2647058823529412, 0.29411764705882354, 0.35294117647058826, 0.2647058823529412, 0.2647058823529412, 0.38235294117647056, 0.29411764705882354, 0.2647058823529412, 0.3235294117647059, 0.2647058823529412, 0.3235294117647059, 0.29411764705882354]
 mean: 0.28627450980392155, std: 0.04738449401409636
F1 Score: [0.13056680161943318, 0.19372469635627532, 0.1453980801806889, 0.10465116279069768, 0.17763157894736842, 0.24095394736842105, 0.15849673202614378, 0.19090909090909092, 0.3240802675585284, 0.184375, 0.10465116279069768, 0.18790849673202614, 0.11538461538461539, 0.2048611111111111, 0.19407407407407407]
 mean: 0.17717778785661145, std: 0.05489336648530269
Accuracy Intime: [0.2857142857142857, 0.2857142857142857, 0.2857142857142857, 0.3076923076923077, 0.3076923076923077, 0.42857142857142855, 0.42857142857142855, 0.35714285714285715, 0.3076923076923077, 0.5384615384615384, 0.2857142857142857, 0.2857142857142857, 0.2857142857142857, 0.38461538461538464, 0.38461538461538464]
 mean: 0.34395604395604396, std: 0.07299769866223654
F1 (Intime): [0.11764705882352941, 0.1111111111111111, 0.225, 0.11764705882352941, 0.21978021978021978, 0.375, 0.29166666666666663, 0.23333333333333334, 0.19444444444444442, 0.44166666666666665, 0.1111111111111111, 0.175, 0.125, 0.3159090909090909, 0.2582417582417582]
 mean: 0.22083723466076405, std: 0.09849515570802839
--------------------------------------------------
Subject Number: 29
Accuracy Cross: [0.38235294117647056, 0.2647058823529412, 0.2647058823529412, 0.2647058823529412, 0.23529411764705882, 0.29411764705882354, 0.23529411764705882, 0.2647058823529412, 0.23529411764705882, 0.29411764705882354, 0.17647058823529413, 0.17647058823529413, 0.20588235294117646, 0.2647058823529412, 0.29411764705882354]
 mean: 0.25686274509803914, std: 0.049759127609605956
F1 Score: [0.2416267942583732, 0.10465116279069768, 0.10465116279069768, 0.16353383458646614, 0.18712121212121213, 0.15714285714285714, 0.09523809523809523, 0.10465116279069768, 0.1488095238095238, 0.19238437001594896, 0.10444078947368421, 0.10130718954248366, 0.2053113553113553, 0.10465116279069768, 0.2222222222222222]
 mean: 0.14918285965900088, std: 0.04881423044124869
Accuracy Intime: [0.2857142857142857, 0.35714285714285715, 0.2857142857142857, 0.23076923076923078, 0.3076923076923077, 0.35714285714285715, 0.2857142857142857, 0.2857142857142857, 0.3076923076923077, 0.46153846153846156, 0.5, 0.5, 0.5, 0.23076923076923078, 0.38461538461538464]
 mean: 0.35201465201465204, std: 0.09299557634428526
F1 (Intime): [0.18333333333333335, 0.21764705882352942, 0.1111111111111111, 0.09375, 0.20833333333333331, 0.21764705882352942, 0.17708333333333331, 0.1111111111111111, 0.125, 0.3, 0.3857142857142857, 0.3476190476190476, 0.4696969696969696, 0.09375, 0.26785714285714285]
 mean: 0.22064358571711515, std: 0.11037230610053854
--------------------------------------------------
**************************************************
accuracy_cross_list: [0.26078431372549016, 0.26666666666666666, 0.2705882352941177, 0.2901960784313725, 0.28627450980392155, 0.30980392156862746, 0.2941176470588235, 0.27058823529411763, 0.26666666666666666, 0.2588235294117647, 0.2803921568627451, 0.2666666666666666, 0.2529411764705882, 0.2705882352941177, 0.2509803921568627, 0.2862745098039216, 0.26078431372549016, 0.25098039215686274, 0.2803921568627451, 0.296078431372549, 0.25882352941176473, 0.2647058823529412, 0.30196078431372547, 0.23921568627450981, 0.2647058823529411, 0.2529411764705882, 0.2627450980392157, 0.28627450980392155, 0.25686274509803914]
f1_score_list: [0.16295358122890954, 0.13743158386444207, 0.15764753364858292, 0.18812343622329047, 0.17796301049849123, 0.176804220583462, 0.16744251429405524, 0.1481314362027461, 0.16310059629728724, 0.1356030712899338, 0.1696198514073301, 0.1655127840712924, 0.15814877569546498, 0.15334816673234122, 0.1219631962536776, 0.1662100023137191, 0.1474347398401741, 0.14607573833217707, 0.15010954815873656, 0.19061828473697554, 0.15032438061117684, 0.15524648135322233, 0.18390801711074847, 0.14932717059116593, 0.14695448459360802, 0.1292301938323315, 0.1460533689771953, 0.17717778785661145, 0.14918285965900088]
accuracy_intime_list: [0.3483516483516483, 0.31575091575091574, 0.356043956043956, 0.3421245421245421, 0.3673992673992673, 0.3062271062271062, 0.32344322344322346, 0.3333333333333333, 0.3238095238095238, 0.3227106227106227, 0.3809523809523809, 0.32417582417582413, 0.3395604395604395, 0.3344322344322344, 0.3087912087912087, 0.3435897435897436, 0.34652014652014645, 0.2802197802197802, 0.3128205128205128, 0.3633699633699633, 0.34322344322344317, 0.32271062271062273, 0.3934065934065934, 0.30219780219780223, 0.3688644688644688, 0.3230769230769231, 0.34505494505494494, 0.34395604395604396, 0.35201465201465204]
f1_score_intime_list: [0.2259032634032634, 0.18369365384071265, 0.23711446777623246, 0.22269561593091008, 0.23863729679906154, 0.15454999521175994, 0.1858129533864828, 0.21418990051342995, 0.2077649665149665, 0.18196060203413147, 0.25312692753869226, 0.20138007961537374, 0.22269795019795022, 0.21101034042210515, 0.16379551820728291, 0.20492262367262365, 0.21314006255182724, 0.1664288190023484, 0.17253525341760637, 0.24181591828650648, 0.2050713719831367, 0.19143044591574002, 0.26984170241523187, 0.19773008037713918, 0.233170726332491, 0.1941552429052429, 0.21705610021786492, 0.22083723466076405, 0.22064358571711515]
**************************************************
ACC: 27.10±1.69
F1: 15.76±1.67
Intime: 33.68±2.43
F1 (Intime): 20.87±2.68
