1e-06
Subject Number: 1
Accuracy Cross: [0.25, 0.4375, 0.625, 0.75, 0.5625, 0.375, 0.625, 0.5625, 0.5625, 0.5, 0.5625, 0.5625, 0.5625, 0.5625, 0.5625]
 mean: 0.5375, std: 0.11133657679906157
F1 Score: [0.23809523809523808, 0.30434782608695654, 0.5636363636363637, 0.7090909090909091, 0.36, 0.2727272727272727, 0.5636363636363637, 0.36, 0.36, 0.4181818181818182, 0.36, 0.36, 0.36, 0.5607843137254902, 0.45893719806763283]
 mean: 0.4166291535498698, std: 0.12536867834562607
Accuracy Intime: [0.5714285714285714, 0.5714285714285714, 0.8333333333333334, 0.6666666666666666, 0.6666666666666666, 0.5714285714285714, 0.5714285714285714, 0.6666666666666666, 0.6666666666666666, 0.6666666666666666, 0.5714285714285714, 0.5714285714285714, 0.6666666666666666, 0.5, 0.6666666666666666]
 mean: 0.6285714285714284, std: 0.07668490367734071
F1 (Intime): [0.5333333333333333, 0.36363636363636365, 0.7777777777777777, 0.625, 0.4, 0.36363636363636365, 0.36363636363636365, 0.4, 0.4, 0.4, 0.36363636363636365, 0.36363636363636365, 0.4, 0.3333333333333333, 0.4]
 mean: 0.4325084175084175, std: 0.11728111064712518
--------------------------------------------------
Subject Number: 2
Accuracy Cross: [0.5625, 0.5, 0.5625, 0.5625, 0.5625, 0.5, 0.5625, 0.5, 0.5625, 0.5625, 0.5625, 0.5625, 0.5625, 0.5625, 0.5625]
 mean: 0.55, std: 0.024999999999999994
F1 Score: [0.36, 0.4920634920634921, 0.36, 0.45893719806763283, 0.36, 0.4181818181818182, 0.36, 0.4181818181818182, 0.36, 0.36, 0.36, 0.36, 0.36, 0.36, 0.36]
 mean: 0.3831576217663175, std: 0.04159763722719925
Accuracy Intime: [0.5714285714285714, 0.5714285714285714, 0.6666666666666666, 0.6666666666666666, 0.6666666666666666, 0.5714285714285714, 0.5714285714285714, 0.7142857142857143, 0.6666666666666666, 0.6666666666666666, 0.5714285714285714, 0.5714285714285714, 0.6666666666666666, 0.6666666666666666, 0.6666666666666666]
 mean: 0.6317460317460316, std: 0.050594849049235655
F1 (Intime): [0.36363636363636365, 0.5714285714285714, 0.4, 0.4, 0.4, 0.5333333333333333, 0.36363636363636365, 0.65, 0.4, 0.4, 0.36363636363636365, 0.36363636363636365, 0.4, 0.4, 0.4]
 mean: 0.4272871572871574, std: 0.0831809091823177
--------------------------------------------------
Subject Number: 3
Accuracy Cross: [0.5625, 0.5625, 0.4375, 0.625, 0.5625, 0.5, 0.5625, 0.5625, 0.5625, 0.5, 0.5625, 0.5625, 0.5, 0.5625, 0.5625]
 mean: 0.5458333333333333, std: 0.04249182927993988
F1 Score: [0.36, 0.36, 0.41700404858299595, 0.5636363636363637, 0.36, 0.4181818181818182, 0.36, 0.36, 0.36, 0.3333333333333333, 0.36, 0.36, 0.3333333333333333, 0.36, 0.36]
 mean: 0.37769925980452307, std: 0.054666028070236496
Accuracy Intime: [0.5714285714285714, 0.5714285714285714, 0.8571428571428571, 1.0, 0.6666666666666666, 0.5714285714285714, 0.5714285714285714, 0.6666666666666666, 0.6666666666666666, 0.6666666666666666, 0.5714285714285714, 0.5714285714285714, 0.6666666666666666, 0.6666666666666666, 0.6666666666666666]
 mean: 0.6634920634920634, std: 0.11594909439841063
F1 (Intime): [0.36363636363636365, 0.36363636363636365, 0.8571428571428571, 1.0, 0.4, 0.36363636363636365, 0.36363636363636365, 0.4, 0.4, 0.4, 0.36363636363636365, 0.36363636363636365, 0.4, 0.4, 0.4]
 mean: 0.455930735930736, std: 0.18796981456392578
--------------------------------------------------
Subject Number: 4
Accuracy Cross: [0.5625, 0.5625, 0.5625, 0.5625, 0.6875, 0.5625, 0.5625, 0.5625, 0.5625, 0.5625, 0.5625, 0.75, 0.5625, 0.5625, 0.5625]
 mean: 0.5833333333333334, std: 0.05432668671002207
F1 Score: [0.36, 0.36, 0.36, 0.5465587044534412, 0.6135265700483092, 0.36, 0.36, 0.36, 0.36, 0.36, 0.36, 0.75, 0.36, 0.36, 0.36]
 mean: 0.41533901830011677, std: 0.11697400501293637
Accuracy Intime: [0.5714285714285714, 0.5714285714285714, 0.5714285714285714, 0.6666666666666666, 0.6666666666666666, 0.5714285714285714, 0.5714285714285714, 0.5714285714285714, 0.6666666666666666, 0.6666666666666666, 0.5714285714285714, 0.8571428571428571, 0.5714285714285714, 0.6666666666666666, 0.6666666666666666]
 mean: 0.6285714285714284, std: 0.07619047619047618
F1 (Intime): [0.36363636363636365, 0.36363636363636365, 0.36363636363636365, 0.625, 0.4, 0.36363636363636365, 0.36363636363636365, 0.36363636363636365, 0.4, 0.4, 0.36363636363636365, 0.8571428571428571, 0.36363636363636365, 0.4, 0.4]
 mean: 0.42608225108225106, std: 0.13165076197036488
--------------------------------------------------
Subject Number: 5
Accuracy Cross: [0.5625, 0.5, 0.5, 0.5625, 0.5625, 0.5625, 0.5625, 0.6875, 0.5625, 0.4375, 0.5625, 0.5625, 0.5625, 0.5, 0.5625]
 mean: 0.55, std: 0.05204164998665332
F1 Score: [0.36, 0.3333333333333333, 0.3333333333333333, 0.36, 0.36, 0.36, 0.36, 0.6135265700483092, 0.36, 0.30434782608695654, 0.36, 0.36, 0.36, 0.4181818181818182, 0.36]
 mean: 0.3735148587322501, std: 0.06803943036827108
Accuracy Intime: [0.5714285714285714, 0.5714285714285714, 0.6666666666666666, 0.6666666666666666, 0.6666666666666666, 0.5714285714285714, 0.5714285714285714, 0.6666666666666666, 0.6666666666666666, 0.8333333333333334, 0.5714285714285714, 0.5714285714285714, 0.6666666666666666, 0.6666666666666666, 0.6666666666666666]
 mean: 0.6396825396825395, std: 0.06893349444637609
F1 (Intime): [0.36363636363636365, 0.36363636363636365, 0.4, 0.4, 0.4, 0.36363636363636365, 0.36363636363636365, 0.4, 0.4, 0.7777777777777777, 0.36363636363636365, 0.36363636363636365, 0.4, 0.625, 0.4]
 mean: 0.4256397306397306, std: 0.1129643002224058
--------------------------------------------------
Subject Number: 6
Accuracy Cross: [0.5, 0.5625, 0.5625, 0.625, 0.5, 0.5625, 0.5625, 0.4375, 0.5625, 0.5625, 0.5625, 0.5625, 0.5625, 0.5625, 0.5625]
 mean: 0.55, std: 0.04082482904638631
F1 Score: [0.4920634920634921, 0.5607843137254902, 0.36, 0.5, 0.4181818181818182, 0.36, 0.36, 0.37662337662337664, 0.36, 0.36, 0.36, 0.36, 0.36, 0.36, 0.36]
 mean: 0.3965102000396119, std: 0.06378173541463514
Accuracy Intime: [0.8571428571428571, 0.8571428571428571, 0.5714285714285714, 0.8333333333333334, 0.5, 0.5714285714285714, 0.5714285714285714, 0.5, 0.6666666666666666, 0.6666666666666666, 0.5714285714285714, 0.5714285714285714, 0.6666666666666666, 0.6666666666666666, 0.6666666666666666]
 mean: 0.649206349206349, std: 0.1145059606150567
F1 (Intime): [0.8444444444444444, 0.8444444444444444, 0.36363636363636365, 0.7777777777777777, 0.3333333333333333, 0.36363636363636365, 0.36363636363636365, 0.3333333333333333, 0.4, 0.4, 0.36363636363636365, 0.36363636363636365, 0.4, 0.4, 0.4]
 mean: 0.46343434343434353, std: 0.1812768597128725
--------------------------------------------------
Subject Number: 7
Accuracy Cross: [0.5625, 0.5625, 0.5625, 0.5625, 0.5625, 0.5625, 0.5625, 0.5625, 0.5625, 0.5, 0.5625, 0.5, 0.5, 0.5625, 0.5625]
 mean: 0.55, std: 0.024999999999999998
F1 Score: [0.36, 0.36, 0.36, 0.36, 0.36, 0.36, 0.36, 0.36, 0.36, 0.3333333333333333, 0.36, 0.5, 0.3333333333333333, 0.36, 0.36]
 mean: 0.3657777777777778, std: 0.03698781914944566
Accuracy Intime: [0.5714285714285714, 0.5714285714285714, 0.6666666666666666, 0.6666666666666666, 0.6666666666666666, 0.5714285714285714, 0.5714285714285714, 0.6666666666666666, 0.6666666666666666, 0.6666666666666666, 0.5714285714285714, 0.5714285714285714, 0.6666666666666666, 0.6666666666666666, 0.6666666666666666]
 mean: 0.6285714285714284, std: 0.046656947481584346
F1 (Intime): [0.36363636363636365, 0.36363636363636365, 0.4, 0.4, 0.4, 0.36363636363636365, 0.36363636363636365, 0.4, 0.4, 0.4, 0.36363636363636365, 0.5333333333333333, 0.4, 0.4, 0.4]
 mean: 0.3967676767676768, std: 0.04019339027214833
--------------------------------------------------
Subject Number: 8
Accuracy Cross: [0.5625, 0.625, 0.5625, 0.75, 0.5625, 0.5625, 0.5, 0.5625, 0.5625, 0.5, 0.4375, 0.5625, 0.5625, 0.5625, 0.6875]
 mean: 0.5708333333333333, std: 0.07168604389202188
F1 Score: [0.36, 0.5636363636363637, 0.36, 0.7333333333333334, 0.36, 0.36, 0.3333333333333333, 0.36, 0.36, 0.3333333333333333, 0.37662337662337664, 0.36, 0.36, 0.36, 0.6135265700483092]
 mean: 0.41291908735387006, std: 0.11685129577668832
Accuracy Intime: [0.5714285714285714, 0.5714285714285714, 0.6666666666666666, 0.6666666666666666, 0.6666666666666666, 0.5714285714285714, 0.5714285714285714, 0.6666666666666666, 0.6666666666666666, 0.6666666666666666, 0.7142857142857143, 0.5714285714285714, 0.6666666666666666, 0.6666666666666666, 0.8333333333333334]
 mean: 0.6492063492063492, std: 0.06871384387909005
F1 (Intime): [0.36363636363636365, 0.36363636363636365, 0.4, 0.4, 0.4, 0.36363636363636365, 0.36363636363636365, 0.4, 0.4, 0.4, 0.65, 0.36363636363636365, 0.4, 0.4, 0.8285714285714285]
 mean: 0.4331168831168831, std: 0.12552134491127515
--------------------------------------------------
Subject Number: 9
Accuracy Cross: [0.5625, 0.5, 0.5625, 0.5625, 0.5625, 0.5, 0.5, 0.5625, 0.5, 0.5625, 0.5, 0.4375, 0.5625, 0.5625, 0.625]
 mean: 0.5375, std: 0.04448782605013046
F1 Score: [0.36, 0.4181818181818182, 0.36, 0.36, 0.36, 0.4920634920634921, 0.4920634920634921, 0.36, 0.4666666666666667, 0.36, 0.3333333333333333, 0.30434782608695654, 0.36, 0.36, 0.6190476190476191]
 mean: 0.4003802831628918, std: 0.08004160130773548
Accuracy Intime: [0.5714285714285714, 0.5714285714285714, 0.6666666666666666, 0.6666666666666666, 0.6666666666666666, 0.5714285714285714, 0.7142857142857143, 0.6666666666666666, 1.0, 0.6666666666666666, 0.5714285714285714, 0.5714285714285714, 0.6666666666666666, 0.6666666666666666, 0.6666666666666666]
 mean: 0.6603174603174602, std: 0.10267277224632529
F1 (Intime): [0.36363636363636365, 0.5333333333333333, 0.4, 0.4, 0.4, 0.5714285714285714, 0.7083333333333333, 0.4, 1.0, 0.4, 0.36363636363636365, 0.36363636363636365, 0.4, 0.4, 0.625]
 mean: 0.48860028860028865, std: 0.17108998653188462
--------------------------------------------------
Subject Number: 10
Accuracy Cross: [0.375, 0.5, 0.5625, 0.5625, 0.5625, 0.5625, 0.5625, 0.5625, 0.5625, 0.3125, 0.5625, 0.5625, 0.625, 0.5625, 0.5625]
 mean: 0.5333333333333333, std: 0.07861650943380502
F1 Score: [0.3333333333333333, 0.4181818181818182, 0.36, 0.36, 0.36, 0.36, 0.36, 0.36, 0.36, 0.23809523809523808, 0.36, 0.36, 0.5, 0.36, 0.36]
 mean: 0.36330735930735936, std: 0.05059178238231338
Accuracy Intime: [0.7142857142857143, 0.5714285714285714, 0.6666666666666666, 0.6666666666666666, 0.6666666666666666, 0.5714285714285714, 0.5714285714285714, 0.6666666666666666, 0.6666666666666666, 0.8333333333333334, 0.5714285714285714, 0.5714285714285714, 0.6666666666666666, 0.6666666666666666, 0.6666666666666666]
 mean: 0.649206349206349, std: 0.06871384387909005
F1 (Intime): [0.7083333333333333, 0.36363636363636365, 0.4, 0.4, 0.4, 0.36363636363636365, 0.36363636363636365, 0.4, 0.4, 0.7777777777777777, 0.36363636363636365, 0.36363636363636365, 0.4, 0.4, 0.4]
 mean: 0.4336195286195287, std: 0.1231375852467758
--------------------------------------------------
Subject Number: 11
Accuracy Cross: [0.25, 0.5625, 0.5625, 0.5625, 0.6875, 0.5, 0.5625, 0.625, 0.4375, 0.5625, 0.5625, 0.625, 0.5625, 0.5625, 0.5625]
 mean: 0.5458333333333333, std: 0.09537935951882995
F1 Score: [0.23809523809523808, 0.36, 0.36, 0.36, 0.6135265700483092, 0.3333333333333333, 0.36, 0.6, 0.43529411764705883, 0.36, 0.36, 0.5, 0.36, 0.36, 0.36]
 mean: 0.3973499506082627, std: 0.09722534847877286
Accuracy Intime: [0.5714285714285714, 0.5714285714285714, 0.5714285714285714, 0.6666666666666666, 0.6666666666666666, 0.8571428571428571, 0.5714285714285714, 0.7142857142857143, 0.6666666666666666, 0.6666666666666666, 0.5714285714285714, 0.8571428571428571, 0.5714285714285714, 0.8333333333333334, 0.6666666666666666]
 mean: 0.6682539682539682, std: 0.10230401932902869
F1 (Intime): [0.5714285714285714, 0.36363636363636365, 0.36363636363636365, 0.4, 0.625, 0.8571428571428571, 0.36363636363636365, 0.7083333333333333, 0.6666666666666666, 0.4, 0.36363636363636365, 0.8444444444444444, 0.36363636363636365, 0.7777777777777777, 0.4]
 mean: 0.5379316979316979, std: 0.1855898860225047
--------------------------------------------------
Subject Number: 12
Accuracy Cross: [0.5, 0.5, 0.5625, 0.5625, 0.6875, 0.5625, 0.5625, 0.625, 0.5625, 0.625, 0.5625, 0.5, 0.5625, 0.5, 0.5625]
 mean: 0.5625, std: 0.05103103630798288
F1 Score: [0.3333333333333333, 0.3333333333333333, 0.36, 0.36, 0.6135265700483092, 0.36, 0.36, 0.5, 0.36, 0.5, 0.36, 0.3333333333333333, 0.36, 0.3333333333333333, 0.36]
 mean: 0.38845732689210954, std: 0.07923504037871082
Accuracy Intime: [0.5714285714285714, 0.5714285714285714, 0.6666666666666666, 0.6666666666666666, 0.6666666666666666, 0.5714285714285714, 0.5714285714285714, 0.8333333333333334, 0.6666666666666666, 0.6666666666666666, 0.5714285714285714, 0.42857142857142855, 0.6666666666666666, 0.6666666666666666, 0.6666666666666666]
 mean: 0.63015873015873, std: 0.08556718712345115
F1 (Intime): [0.36363636363636365, 0.36363636363636365, 0.4, 0.4, 0.4, 0.36363636363636365, 0.36363636363636365, 0.7777777777777777, 0.4, 0.4, 0.36363636363636365, 0.3, 0.4, 0.4, 0.4]
 mean: 0.4063973063973065, std: 0.10286357848903065
--------------------------------------------------
Subject Number: 13
Accuracy Cross: [0.4375, 0.5625, 0.5, 0.4375, 0.5, 0.5625, 0.4375, 0.4375, 0.5625, 0.4375, 0.375, 0.75, 0.1875, 0.5625, 0.5625]
 mean: 0.4875, std: 0.11902380714238082
F1 Score: [0.30434782608695654, 0.36, 0.3333333333333333, 0.37662337662337664, 0.3333333333333333, 0.36, 0.43529411764705883, 0.30434782608695654, 0.36, 0.30434782608695654, 0.2727272727272727, 0.746031746031746, 0.15789473684210525, 0.36, 0.36]
 mean: 0.35788542631993975, std: 0.11946429322797977
Accuracy Intime: [0.5714285714285714, 0.5714285714285714, 0.5, 0.6666666666666666, 0.8333333333333334, 0.5714285714285714, 0.7142857142857143, 0.6666666666666666, 0.6666666666666666, 0.6666666666666666, 0.42857142857142855, 0.7142857142857143, 0.6666666666666666, 0.6666666666666666, 0.6666666666666666]
 mean: 0.638095238095238, std: 0.09371802805793976
F1 (Intime): [0.36363636363636365, 0.36363636363636365, 0.4857142857142857, 0.4, 0.7777777777777777, 0.36363636363636365, 0.7083333333333333, 0.6666666666666666, 0.4, 0.4, 0.3, 0.7083333333333333, 0.4, 0.4, 0.4]
 mean: 0.47584896584896597, std: 0.15032940408796114
--------------------------------------------------
Subject Number: 14
Accuracy Cross: [0.5625, 0.5625, 0.5625, 0.5625, 0.5625, 0.625, 0.5, 0.5625, 0.625, 0.5625, 0.5, 0.5625, 0.5625, 0.5625, 0.5625]
 mean: 0.5625, std: 0.03227486121839514
F1 Score: [0.36, 0.36, 0.36, 0.36, 0.36, 0.5, 0.3333333333333333, 0.36, 0.5, 0.36, 0.3333333333333333, 0.36, 0.36, 0.36, 0.45893719806763283]
 mean: 0.38170692431562003, std: 0.05375433807922572
Accuracy Intime: [0.5714285714285714, 0.5714285714285714, 0.6666666666666666, 0.6666666666666666, 0.6666666666666666, 0.7142857142857143, 0.7142857142857143, 0.8333333333333334, 0.6666666666666666, 0.6666666666666666, 0.5714285714285714, 0.5714285714285714, 0.6666666666666666, 0.6666666666666666, 0.6666666666666666]
 mean: 0.6587301587301586, std: 0.06715617714700375
F1 (Intime): [0.36363636363636365, 0.36363636363636365, 0.4, 0.4, 0.4, 0.65, 0.65, 0.7777777777777777, 0.4, 0.4, 0.36363636363636365, 0.36363636363636365, 0.4, 0.4, 0.4]
 mean: 0.4488215488215489, std: 0.12576490001613855
--------------------------------------------------
Subject Number: 15
Accuracy Cross: [0.375, 0.5625, 0.5, 0.5625, 0.6875, 0.5625, 0.625, 0.5625, 0.5625, 0.5625, 0.5625, 0.5625, 0.5625, 0.5625, 0.5625]
 mean: 0.5583333333333333, std: 0.06236095644623237
F1 Score: [0.375, 0.36, 0.4181818181818182, 0.36, 0.6135265700483092, 0.36, 0.5, 0.36, 0.36, 0.45893719806763283, 0.36, 0.36, 0.36, 0.36, 0.36]
 mean: 0.3977097057531841, std: 0.07115433284019587
Accuracy Intime: [0.8571428571428571, 0.5714285714285714, 0.8333333333333334, 0.8333333333333334, 0.6666666666666666, 0.5714285714285714, 0.7142857142857143, 0.6666666666666666, 0.6666666666666666, 0.6666666666666666, 0.5714285714285714, 0.5714285714285714, 0.6666666666666666, 0.6666666666666666, 0.6666666666666666]
 mean: 0.6793650793650792, std: 0.09236404143476926
F1 (Intime): [0.8571428571428571, 0.36363636363636365, 0.7777777777777777, 0.7777777777777777, 0.625, 0.36363636363636365, 0.65, 0.4, 0.4, 0.4, 0.36363636363636365, 0.36363636363636365, 0.4, 0.4, 0.4]
 mean: 0.5028162578162579, std: 0.17402264291952085
--------------------------------------------------
Subject Number: 16
Accuracy Cross: [0.5625, 0.5625, 0.5625, 0.6875, 0.5625, 0.4375, 0.5, 0.75, 0.5625, 0.375, 0.5625, 0.5625, 0.4375, 0.4375, 0.5625]
 mean: 0.5416666666666666, std: 0.09316949906249124
F1 Score: [0.36, 0.5151515151515151, 0.36, 0.6135265700483092, 0.36, 0.37662337662337664, 0.3333333333333333, 0.7333333333333334, 0.36, 0.3333333333333333, 0.36, 0.36, 0.30434782608695654, 0.37662337662337664, 0.36]
 mean: 0.4070848443022357, std: 0.11533800000917808
Accuracy Intime: [0.5714285714285714, 0.8571428571428571, 0.6666666666666666, 0.6666666666666666, 0.6666666666666666, 0.5714285714285714, 0.5714285714285714, 0.6666666666666666, 0.6666666666666666, 0.6666666666666666, 0.5714285714285714, 0.5714285714285714, 0.5, 0.6666666666666666, 0.6666666666666666]
 mean: 0.6365079365079365, std: 0.07990293935652835
F1 (Intime): [0.36363636363636365, 0.8444444444444444, 0.4, 0.4, 0.4, 0.36363636363636365, 0.36363636363636365, 0.4, 0.4, 0.4, 0.36363636363636365, 0.36363636363636365, 0.4857142857142857, 0.625, 0.4]
 mean: 0.4382227032227032, std: 0.12654373357228776
--------------------------------------------------
Subject Number: 17
Accuracy Cross: [0.5625, 0.5625, 0.625, 0.3125, 0.5625, 0.5625, 0.5625, 0.5625, 0.5625, 0.5625, 0.5625, 0.625, 0.4375, 0.5, 0.5]
 mean: 0.5375, std: 0.075
F1 Score: [0.36, 0.36, 0.5, 0.30980392156862746, 0.36, 0.36, 0.36, 0.36, 0.36, 0.36, 0.36, 0.625, 0.37662337662337664, 0.3333333333333333, 0.4666666666666667]
 mean: 0.39009515321280025, std: 0.0779419006378517
Accuracy Intime: [0.5714285714285714, 0.5714285714285714, 0.6666666666666666, 0.5, 0.6666666666666666, 0.7142857142857143, 0.5714285714285714, 0.6666666666666666, 0.6666666666666666, 0.6666666666666666, 0.5714285714285714, 0.5714285714285714, 0.5714285714285714, 0.6666666666666666, 0.6666666666666666]
 mean: 0.6206349206349205, std: 0.059263983182839576
F1 (Intime): [0.36363636363636365, 0.36363636363636365, 0.4, 0.3333333333333333, 0.4, 0.65, 0.36363636363636365, 0.4, 0.4, 0.4, 0.36363636363636365, 0.5333333333333333, 0.5714285714285714, 0.4, 0.4]
 mean: 0.42284271284271285, std: 0.08624476431350894
--------------------------------------------------
Subject Number: 18
Accuracy Cross: [0.5625, 0.5625, 0.5625, 0.5625, 0.5625, 0.5625, 0.5625, 0.4375, 0.5625, 0.5, 0.5625, 0.5625, 0.375, 0.5625, 0.5625]
 mean: 0.5375, std: 0.054962108159470495
F1 Score: [0.36, 0.36, 0.36, 0.36, 0.36, 0.36, 0.36, 0.41700404858299595, 0.36, 0.3333333333333333, 0.36, 0.36, 0.36507936507936506, 0.36, 0.36]
 mean: 0.36236111646637964, std: 0.01613019849238484
Accuracy Intime: [0.7142857142857143, 0.5714285714285714, 0.6666666666666666, 0.6666666666666666, 0.6666666666666666, 0.5714285714285714, 0.5714285714285714, 0.6666666666666666, 0.6666666666666666, 0.6666666666666666, 0.5714285714285714, 0.5714285714285714, 1.0, 0.6666666666666666, 0.6666666666666666]
 mean: 0.6603174603174602, std: 0.10267277224632529
F1 (Intime): [0.65, 0.36363636363636365, 0.4, 0.4, 0.4, 0.36363636363636365, 0.36363636363636365, 0.6666666666666666, 0.4, 0.4, 0.36363636363636365, 0.36363636363636365, 1.0, 0.4, 0.4]
 mean: 0.46232323232323236, std: 0.17165078930798447
--------------------------------------------------
Subject Number: 19
Accuracy Cross: [0.5625, 0.5625, 0.5625, 0.5625, 0.5, 0.5625, 0.5625, 0.5, 0.5625, 0.625, 0.625, 0.5625, 0.625, 0.5625, 0.5625]
 mean: 0.5666666666666667, std: 0.03584302194601094
F1 Score: [0.36, 0.36, 0.36, 0.36, 0.4181818181818182, 0.36, 0.36, 0.4181818181818182, 0.36, 0.5, 0.5, 0.36, 0.5, 0.36, 0.36]
 mean: 0.39575757575757575, std: 0.05561245937917315
Accuracy Intime: [0.5714285714285714, 0.5714285714285714, 0.6666666666666666, 0.6666666666666666, 0.6666666666666666, 0.5714285714285714, 0.5714285714285714, 0.8333333333333334, 0.6666666666666666, 0.6666666666666666, 0.5714285714285714, 0.7142857142857143, 0.8333333333333334, 0.6666666666666666, 0.6666666666666666]
 mean: 0.6603174603174602, std: 0.08269216684210227
F1 (Intime): [0.36363636363636365, 0.36363636363636365, 0.4, 0.625, 0.4, 0.36363636363636365, 0.36363636363636365, 0.7777777777777777, 0.4, 0.4, 0.36363636363636365, 0.65, 0.7777777777777777, 0.4, 0.4]
 mean: 0.469915824915825, std: 0.14873809877509786
--------------------------------------------------
Subject Number: 20
Accuracy Cross: [0.5625, 0.5625, 0.4375, 0.5625, 0.5625, 0.5, 0.5, 0.375, 0.5, 0.5625, 0.5625, 0.5625, 0.5625, 0.5625, 0.5625]
 mean: 0.5291666666666667, std: 0.05527707983925667
F1 Score: [0.36, 0.36, 0.43529411764705883, 0.36, 0.36, 0.3333333333333333, 0.4920634920634921, 0.2727272727272727, 0.3333333333333333, 0.36, 0.36, 0.36, 0.36, 0.36, 0.36]
 mean: 0.3644501032736328, std: 0.04608084920289938
Accuracy Intime: [0.5714285714285714, 0.5714285714285714, 0.6666666666666666, 0.8333333333333334, 0.6666666666666666, 0.5714285714285714, 0.7142857142857143, 0.8333333333333334, 0.6666666666666666, 0.6666666666666666, 0.7142857142857143, 0.5714285714285714, 0.6666666666666666, 0.6666666666666666, 0.6666666666666666]
 mean: 0.6698412698412698, std: 0.08009190991455789
F1 (Intime): [0.36363636363636365, 0.36363636363636365, 0.4, 0.7777777777777777, 0.4, 0.36363636363636365, 0.65, 0.8285714285714285, 0.4, 0.4, 0.65, 0.36363636363636365, 0.4, 0.4, 0.4]
 mean: 0.4773929773929775, std: 0.15638279545665493
--------------------------------------------------
Subject Number: 21
Accuracy Cross: [0.5625, 0.5625, 0.4375, 0.5625, 0.5625, 0.5625, 0.5625, 0.5625, 0.5, 0.4375, 0.4375, 0.5625, 0.625, 0.5625, 0.375]
 mean: 0.525, std: 0.06770032003863301
F1 Score: [0.36, 0.36, 0.30434782608695654, 0.36, 0.36, 0.36, 0.36, 0.45893719806763283, 0.3333333333333333, 0.41700404858299595, 0.30434782608695654, 0.36, 0.5, 0.36, 0.3333333333333333]
 mean: 0.36875357103274725, std: 0.051058924635277225
Accuracy Intime: [0.5714285714285714, 0.5714285714285714, 0.8333333333333334, 0.6666666666666666, 0.6666666666666666, 0.7142857142857143, 0.5714285714285714, 0.6666666666666666, 0.6666666666666666, 0.8333333333333334, 0.5714285714285714, 0.5714285714285714, 0.6666666666666666, 0.6666666666666666, 0.6666666666666666]
 mean: 0.6603174603174602, std: 0.08269216684210229
F1 (Intime): [0.36363636363636365, 0.36363636363636365, 0.7777777777777777, 0.4, 0.4, 0.65, 0.36363636363636365, 0.4, 0.4, 0.8285714285714285, 0.36363636363636365, 0.36363636363636365, 0.4, 0.4, 0.4]
 mean: 0.4583020683020683, std: 0.15155067832113
--------------------------------------------------
Subject Number: 22
Accuracy Cross: [0.5625, 0.5625, 0.5625, 0.5625, 0.5625, 0.5625, 0.5625, 0.5625, 0.5625, 0.5625, 0.5625, 0.75, 0.5625, 0.625, 0.5625]
 mean: 0.5791666666666667, std: 0.04823265376162594
F1 Score: [0.36, 0.36, 0.36, 0.36, 0.36, 0.36, 0.36, 0.36, 0.45893719806763283, 0.36, 0.36, 0.7090909090909091, 0.5465587044534412, 0.5, 0.36]
 mean: 0.41163912077413223, std: 0.09867731933389647
Accuracy Intime: [0.5714285714285714, 0.5714285714285714, 0.6666666666666666, 0.6666666666666666, 0.6666666666666666, 0.5714285714285714, 0.5714285714285714, 0.6666666666666666, 0.6666666666666666, 0.6666666666666666, 0.5714285714285714, 0.7142857142857143, 0.6666666666666666, 0.6666666666666666, 0.6666666666666666]
 mean: 0.638095238095238, std: 0.04856209060564558
F1 (Intime): [0.36363636363636365, 0.36363636363636365, 0.4, 0.4, 0.4, 0.36363636363636365, 0.36363636363636365, 0.4, 0.4, 0.4, 0.36363636363636365, 0.65, 0.625, 0.4, 0.4]
 mean: 0.4195454545454546, std: 0.08718034883585002
--------------------------------------------------
Subject Number: 23
Accuracy Cross: [0.5625, 0.5625, 0.625, 0.5625, 0.5625, 0.375, 0.375, 0.4375, 0.5625, 0.5625, 0.5625, 0.5625, 0.5625, 0.5625, 0.5625]
 mean: 0.5333333333333333, std: 0.07168604389202188
F1 Score: [0.36, 0.36, 0.5636363636363637, 0.36, 0.36, 0.36507936507936506, 0.2727272727272727, 0.43529411764705883, 0.36, 0.36, 0.36, 0.36, 0.36, 0.36, 0.36]
 mean: 0.3731158079393374, std: 0.05899092323061012
Accuracy Intime: [0.5714285714285714, 0.5714285714285714, 0.6666666666666666, 0.6666666666666666, 0.6666666666666666, 0.7142857142857143, 0.5714285714285714, 0.5714285714285714, 0.6666666666666666, 0.8333333333333334, 0.5714285714285714, 0.5714285714285714, 0.6666666666666666, 0.6666666666666666, 0.6666666666666666]
 mean: 0.6428571428571427, std: 0.07116352943320603
F1 (Intime): [0.36363636363636365, 0.36363636363636365, 0.4, 0.4, 0.4, 0.7083333333333333, 0.5714285714285714, 0.5714285714285714, 0.4, 0.7777777777777777, 0.36363636363636365, 0.36363636363636365, 0.4, 0.4, 0.4]
 mean: 0.4589009139009139, std: 0.1290505057084618
--------------------------------------------------
Subject Number: 24
Accuracy Cross: [0.5625, 0.4375, 0.5, 0.5, 0.5625, 0.5625, 0.5625, 0.4375, 0.5625, 0.5625, 0.5625, 0.5625, 0.5625, 0.5625, 0.5625]
 mean: 0.5375, std: 0.04448782605013046
F1 Score: [0.36, 0.37662337662337664, 0.5, 0.3333333333333333, 0.36, 0.36, 0.36, 0.43529411764705883, 0.36, 0.36, 0.5151515151515151, 0.36, 0.36, 0.36, 0.36]
 mean: 0.38402682285035233, std: 0.05270630659500536
Accuracy Intime: [0.5714285714285714, 0.7142857142857143, 0.8333333333333334, 0.6666666666666666, 0.6666666666666666, 0.5714285714285714, 0.5714285714285714, 0.3333333333333333, 0.6666666666666666, 0.6666666666666666, 0.5714285714285714, 0.5714285714285714, 0.6666666666666666, 0.6666666666666666, 0.6666666666666666]
 mean: 0.6269841269841269, std: 0.10420728610901495
F1 (Intime): [0.36363636363636365, 0.65, 0.7777777777777777, 0.625, 0.4, 0.36363636363636365, 0.36363636363636365, 0.3333333333333333, 0.4, 0.4, 0.36363636363636365, 0.36363636363636365, 0.4, 0.4, 0.4]
 mean: 0.4402861952861954, std: 0.12716194428510766
--------------------------------------------------
Subject Number: 25
Accuracy Cross: [0.5625, 0.5625, 0.5625, 0.5625, 0.5625, 0.5, 0.5625, 0.5625, 0.375, 0.625, 0.625, 0.5625, 0.5625, 0.625, 0.5625]
 mean: 0.5583333333333333, std: 0.058034951154933845
F1 Score: [0.36, 0.36, 0.36, 0.36, 0.36, 0.4181818181818182, 0.36, 0.36, 0.375, 0.5, 0.5, 0.36, 0.36, 0.5, 0.36]
 mean: 0.3928787878787879, std: 0.055494686581249814
Accuracy Intime: [0.7142857142857143, 0.5714285714285714, 0.6666666666666666, 0.6666666666666666, 0.6666666666666666, 0.5714285714285714, 0.5714285714285714, 0.6666666666666666, 0.8333333333333334, 0.6666666666666666, 0.5714285714285714, 0.5714285714285714, 0.6666666666666666, 0.6666666666666666, 0.6666666666666666]
 mean: 0.649206349206349, std: 0.06871384387909005
F1 (Intime): [0.65, 0.36363636363636365, 0.4, 0.4, 0.4, 0.36363636363636365, 0.36363636363636365, 0.4, 0.8285714285714285, 0.4, 0.36363636363636365, 0.36363636363636365, 0.4, 0.4, 0.4]
 mean: 0.4331168831168831, std: 0.12552134491127515
--------------------------------------------------
Subject Number: 26
Accuracy Cross: [0.5625, 0.5625, 0.5, 0.5625, 0.5625, 0.5625, 0.5625, 0.5625, 0.5625, 0.5, 0.5, 0.4375, 0.5625, 0.5625, 0.5625]
 mean: 0.5416666666666666, std: 0.037267799624996496
F1 Score: [0.36, 0.36, 0.4181818181818182, 0.36, 0.36, 0.36, 0.36, 0.36, 0.36, 0.3333333333333333, 0.4181818181818182, 0.37662337662337664, 0.36, 0.36, 0.36]
 mean: 0.36708802308802313, std: 0.0216087862159706
Accuracy Intime: [0.5714285714285714, 0.5714285714285714, 0.6666666666666666, 0.6666666666666666, 0.6666666666666666, 0.5714285714285714, 0.5714285714285714, 0.6666666666666666, 0.6666666666666666, 0.6666666666666666, 0.5714285714285714, 0.5714285714285714, 0.6666666666666666, 0.6666666666666666, 0.6666666666666666]
 mean: 0.6285714285714284, std: 0.046656947481584346
F1 (Intime): [0.36363636363636365, 0.36363636363636365, 0.4, 0.4, 0.4, 0.36363636363636365, 0.36363636363636365, 0.4, 0.4, 0.4, 0.5333333333333333, 0.5333333333333333, 0.4, 0.4, 0.4]
 mean: 0.40808080808080816, std: 0.05155276899470409
--------------------------------------------------
Subject Number: 27
Accuracy Cross: [0.5, 0.5625, 0.5625, 0.5625, 0.4375, 0.5625, 0.5625, 0.5625, 0.5625, 0.4375, 0.5625, 0.375, 0.5625, 0.4375, 0.4375]
 mean: 0.5125, std: 0.06535161308899218
F1 Score: [0.4920634920634921, 0.36, 0.36, 0.36, 0.43529411764705883, 0.36, 0.36, 0.36, 0.36, 0.43529411764705883, 0.5607843137254902, 0.3333333333333333, 0.36, 0.37662337662337664, 0.30434782608695654]
 mean: 0.3878493718084511, std: 0.06405430740112097
Accuracy Intime: [0.8571428571428571, 0.5714285714285714, 0.6666666666666666, 0.6666666666666666, 0.8333333333333334, 0.5714285714285714, 0.5714285714285714, 0.6666666666666666, 0.6666666666666666, 0.3333333333333333, 0.42857142857142855, 0.5714285714285714, 0.5714285714285714, 0.6666666666666666, 0.6666666666666666]
 mean: 0.6206349206349205, std: 0.1279132674152748
F1 (Intime): [0.8444444444444444, 0.36363636363636365, 0.4, 0.4, 0.8285714285714285, 0.36363636363636365, 0.36363636363636365, 0.4, 0.4, 0.25, 0.3, 0.36363636363636365, 0.36363636363636365, 0.625, 0.4]
 mean: 0.44441317941317937, std: 0.1715328824160567
--------------------------------------------------
Subject Number: 28
Accuracy Cross: [0.5625, 0.5, 0.5625, 0.5625, 0.5, 0.5625, 0.5625, 0.5625, 0.25, 0.5625, 0.5625, 0.5625, 0.5625, 0.5625, 0.5625]
 mean: 0.5333333333333333, std: 0.07861650943380502
F1 Score: [0.36, 0.4181818181818182, 0.36, 0.36, 0.3333333333333333, 0.36, 0.36, 0.36, 0.23809523809523808, 0.36, 0.36, 0.36, 0.36, 0.36, 0.36]
 mean: 0.353974025974026, std: 0.03503552540749104
Accuracy Intime: [0.5714285714285714, 0.5714285714285714, 0.6666666666666666, 0.8333333333333334, 0.6666666666666666, 0.5714285714285714, 0.5714285714285714, 0.6666666666666666, 0.6666666666666666, 0.6666666666666666, 0.5714285714285714, 0.5714285714285714, 0.6666666666666666, 0.6666666666666666, 0.6666666666666666]
 mean: 0.6396825396825395, std: 0.06893349444637609
F1 (Intime): [0.36363636363636365, 0.5333333333333333, 0.4, 0.7777777777777777, 0.4, 0.36363636363636365, 0.36363636363636365, 0.4, 0.4, 0.4, 0.36363636363636365, 0.36363636363636365, 0.4, 0.4, 0.4]
 mean: 0.421952861952862, std: 0.10323968074004829
--------------------------------------------------
Subject Number: 29
Accuracy Cross: [0.5625, 0.5625, 0.5625, 0.5625, 0.5625, 0.5625, 0.5625, 0.5625, 0.5625, 0.5625, 0.5, 0.5625, 0.5625, 0.5625, 0.5625]
 mean: 0.5583333333333333, std: 0.015590239111558088
F1 Score: [0.36, 0.36, 0.36, 0.36, 0.36, 0.36, 0.36, 0.36, 0.36, 0.36, 0.3333333333333333, 0.36, 0.36, 0.36, 0.36]
 mean: 0.3582222222222223, std: 0.006651835354264786
Accuracy Intime: [0.5714285714285714, 0.5714285714285714, 0.6666666666666666, 0.6666666666666666, 0.6666666666666666, 0.5714285714285714, 0.5714285714285714, 0.6666666666666666, 0.6666666666666666, 0.8333333333333334, 0.5714285714285714, 0.5714285714285714, 0.6666666666666666, 0.6666666666666666, 0.6666666666666666]
 mean: 0.6396825396825395, std: 0.06893349444637609
F1 (Intime): [0.36363636363636365, 0.36363636363636365, 0.4, 0.4, 0.4, 0.36363636363636365, 0.36363636363636365, 0.4, 0.4, 0.7777777777777777, 0.36363636363636365, 0.36363636363636365, 0.4, 0.4, 0.4]
 mean: 0.41063973063973064, std: 0.09965001276432307
--------------------------------------------------
**************************************************
accuracy_cross_list: [0.5375, 0.55, 0.5458333333333333, 0.5833333333333334, 0.55, 0.55, 0.55, 0.5708333333333333, 0.5375, 0.5333333333333333, 0.5458333333333333, 0.5625, 0.4875, 0.5625, 0.5583333333333333, 0.5416666666666666, 0.5375, 0.5375, 0.5666666666666667, 0.5291666666666667, 0.525, 0.5791666666666667, 0.5333333333333333, 0.5375, 0.5583333333333333, 0.5416666666666666, 0.5125, 0.5333333333333333, 0.5583333333333333]
f1_score_list: [0.4166291535498698, 0.3831576217663175, 0.37769925980452307, 0.41533901830011677, 0.3735148587322501, 0.3965102000396119, 0.3657777777777778, 0.41291908735387006, 0.4003802831628918, 0.36330735930735936, 0.3973499506082627, 0.38845732689210954, 0.35788542631993975, 0.38170692431562003, 0.3977097057531841, 0.4070848443022357, 0.39009515321280025, 0.36236111646637964, 0.39575757575757575, 0.3644501032736328, 0.36875357103274725, 0.41163912077413223, 0.3731158079393374, 0.38402682285035233, 0.3928787878787879, 0.36708802308802313, 0.3878493718084511, 0.353974025974026, 0.3582222222222223]
accuracy_intime_list: [0.6285714285714284, 0.6317460317460316, 0.6634920634920634, 0.6285714285714284, 0.6396825396825395, 0.649206349206349, 0.6285714285714284, 0.6492063492063492, 0.6603174603174602, 0.649206349206349, 0.6682539682539682, 0.63015873015873, 0.638095238095238, 0.6587301587301586, 0.6793650793650792, 0.6365079365079365, 0.6206349206349205, 0.6603174603174602, 0.6603174603174602, 0.6698412698412698, 0.6603174603174602, 0.638095238095238, 0.6428571428571427, 0.6269841269841269, 0.649206349206349, 0.6285714285714284, 0.6206349206349205, 0.6396825396825395, 0.6396825396825395]
f1_score_intime_list: [0.4325084175084175, 0.4272871572871574, 0.455930735930736, 0.42608225108225106, 0.4256397306397306, 0.46343434343434353, 0.3967676767676768, 0.4331168831168831, 0.48860028860028865, 0.4336195286195287, 0.5379316979316979, 0.4063973063973065, 0.47584896584896597, 0.4488215488215489, 0.5028162578162579, 0.4382227032227032, 0.42284271284271285, 0.46232323232323236, 0.469915824915825, 0.4773929773929775, 0.4583020683020683, 0.4195454545454546, 0.4589009139009139, 0.4402861952861954, 0.4331168831168831, 0.40808080808080816, 0.44441317941317937, 0.421952861952862, 0.41063973063973064]
**************************************************
ACC: 54.54±1.92
F1: 38.43±1.85
Intime: 64.47±1.57
F1 (Intime): 44.55±3.07
