1e-06
Subject Number: 1
Accuracy Cross: [0.14285714285714285, 0.2, 0.18095238095238095, 0.17142857142857143, 0.21904761904761905, 0.21904761904761905, 0.2, 0.29523809523809524, 0.19047619047619047, 0.24761904761904763, 0.2, 0.21904761904761905, 0.2, 0.2, 0.21904761904761905]
 mean: 0.20698412698412702, std: 0.03325917677132392
F1 Score: [0.10558279630148501, 0.06666666666666667, 0.07478991596638655, 0.0804040404040404, 0.10837606837606839, 0.1091759205143191, 0.06666666666666667, 0.1678048780487805, 0.064, 0.13348385640099344, 0.06666666666666667, 0.10252454417952314, 0.06666666666666667, 0.06666666666666667, 0.15144927536231884]
 mean: 0.09539497525914992, std: 0.03277255637536813
Accuracy Intime: [0.30952380952380953, 0.19047619047619047, 0.19047619047619047, 0.19047619047619047, 0.23809523809523808, 0.21428571428571427, 0.19047619047619047, 0.23809523809523808, 0.23809523809523808, 0.23809523809523808, 0.19047619047619047, 0.30952380952380953, 0.19047619047619047, 0.19047619047619047, 0.21428571428571427]
 mean: 0.22222222222222227, std: 0.03952349078726582
F1 (Intime): [0.22828282828282828, 0.064, 0.09299145299145299, 0.06530612244897958, 0.14666666666666667, 0.10666666666666666, 0.064, 0.13667861409796894, 0.07692307692307693, 0.1277519379844961, 0.064, 0.20444444444444443, 0.064, 0.064, 0.171]
 mean: 0.11178078736710537, std: 0.05349602104105545
--------------------------------------------------
Subject Number: 2
Accuracy Cross: [0.2, 0.24761904761904763, 0.20952380952380953, 0.34285714285714286, 0.20952380952380953, 0.21904761904761905, 0.37142857142857144, 0.3619047619047619, 0.3047619047619048, 0.3238095238095238, 0.2, 0.19047619047619047, 0.3619047619047619, 0.23809523809523808, 0.2761904761904762]
 mean: 0.27047619047619054, std: 0.06541223427651824
F1 Score: [0.17445290341842065, 0.19372248803827752, 0.08513323983169704, 0.24223081882656353, 0.08538181818181818, 0.10706521739130434, 0.27734502923976606, 0.25045586940323783, 0.17164179104477612, 0.22727745965642895, 0.09915057915057915, 0.06451612903225806, 0.2771809750533155, 0.12698412698412698, 0.2036794425087108]
 mean: 0.17241452585075204, std: 0.07114972084050995
Accuracy Intime: [0.3333333333333333, 0.2619047619047619, 0.19047619047619047, 0.30952380952380953, 0.19047619047619047, 0.2619047619047619, 0.40476190476190477, 0.35714285714285715, 0.2857142857142857, 0.21428571428571427, 0.23809523809523808, 0.23809523809523808, 0.38095238095238093, 0.23809523809523808, 0.3333333333333333]
 mean: 0.28253968253968254, std: 0.06556151247004248
F1 (Intime): [0.2634920634920635, 0.18095238095238092, 0.064, 0.2197150997150997, 0.064, 0.1544186046511628, 0.306951871657754, 0.2580424073677447, 0.16568627450980392, 0.10975056689342404, 0.136231884057971, 0.07692307692307693, 0.3025664319781967, 0.12784958871915392, 0.27182417582417584]
 mean: 0.18016029511613388, std: 0.08253354018016042
--------------------------------------------------
Subject Number: 3
Accuracy Cross: [0.14285714285714285, 0.2, 0.2, 0.2, 0.2, 0.2, 0.2, 0.2, 0.22857142857142856, 0.2, 0.20952380952380953, 0.20952380952380953, 0.19047619047619047, 0.2, 0.2]
 mean: 0.19873015873015878, std: 0.01698931829874242
F1 Score: [0.08154188287620459, 0.06666666666666667, 0.06666666666666667, 0.08170731707317072, 0.06666666666666667, 0.12058823529411766, 0.08148148148148147, 0.06720000000000001, 0.12704576976421636, 0.06666666666666667, 0.1617588806542295, 0.11904761904761904, 0.08760869565217391, 0.06774193548387096, 0.06720000000000001]
 mean: 0.08863923226625006, std: 0.0285246396786567
Accuracy Intime: [0.23809523809523808, 0.21428571428571427, 0.19047619047619047, 0.19047619047619047, 0.19047619047619047, 0.23809523809523808, 0.19047619047619047, 0.19047619047619047, 0.23809523809523808, 0.19047619047619047, 0.30952380952380953, 0.2857142857142857, 0.21428571428571427, 0.19047619047619047, 0.19047619047619047]
 mean: 0.21746031746031746, std: 0.03674868858028643
F1 (Intime): [0.13942307692307693, 0.07058823529411765, 0.064, 0.06530612244897958, 0.064, 0.1444848484848485, 0.06808510638297872, 0.06808510638297872, 0.12014652014652014, 0.064, 0.24839124839124835, 0.16, 0.10666666666666666, 0.064, 0.064]
 mean: 0.10074512874142767, std: 0.0517564036073901
--------------------------------------------------
Subject Number: 4
Accuracy Cross: [0.2, 0.2, 0.2, 0.20952380952380953, 0.2, 0.22857142857142856, 0.22857142857142856, 0.2, 0.21904761904761905, 0.2, 0.2, 0.1619047619047619, 0.1523809523809524, 0.2, 0.2]
 mean: 0.20000000000000004, std: 0.019672296361688463
F1 Score: [0.0817094017094017, 0.06666666666666667, 0.06666666666666667, 0.09428571428571428, 0.06666666666666667, 0.11256575102279369, 0.1377319587628866, 0.06666666666666667, 0.10085245901639343, 0.06720000000000001, 0.1037862950058072, 0.08761904761904762, 0.08296557811120918, 0.06666666666666667, 0.06666666666666667]
 mean: 0.08458108036888357, std: 0.020950227545141618
Accuracy Intime: [0.23809523809523808, 0.19047619047619047, 0.19047619047619047, 0.19047619047619047, 0.19047619047619047, 0.19047619047619047, 0.2619047619047619, 0.19047619047619047, 0.19047619047619047, 0.19047619047619047, 0.23809523809523808, 0.2619047619047619, 0.30952380952380953, 0.23809523809523808, 0.19047619047619047]
 mean: 0.21746031746031746, std: 0.03674868858028644
F1 (Intime): [0.12147742818057457, 0.064, 0.064, 0.09034369885433716, 0.064, 0.06956521739130435, 0.1779220779220779, 0.064, 0.06530612244897958, 0.064, 0.15948051948051947, 0.1688888888888889, 0.17344300822561692, 0.07692307692307693, 0.064]
 mean: 0.09915666922102505, std: 0.045263435115354425
--------------------------------------------------
Subject Number: 5
Accuracy Cross: [0.2, 0.2, 0.20952380952380953, 0.2, 0.2, 0.21904761904761905, 0.2, 0.20952380952380953, 0.2, 0.2, 0.2, 0.21904761904761905, 0.2, 0.2, 0.20952380952380953]
 mean: 0.20444444444444448, std: 0.006838304516996192
F1 Score: [0.06720000000000001, 0.06666666666666667, 0.08487394957983194, 0.06666666666666667, 0.06666666666666667, 0.11008403361344539, 0.06666666666666667, 0.11057915057915058, 0.06666666666666667, 0.06666666666666667, 0.11428571428571428, 0.14333333333333334, 0.06666666666666667, 0.06666666666666667, 0.11879924953095684]
 mean: 0.0854992509503844, std: 0.025414336897972754
Accuracy Intime: [0.19047619047619047, 0.19047619047619047, 0.2619047619047619, 0.19047619047619047, 0.19047619047619047, 0.2619047619047619, 0.23809523809523808, 0.21428571428571427, 0.23809523809523808, 0.19047619047619047, 0.2857142857142857, 0.2857142857142857, 0.19047619047619047, 0.19047619047619047, 0.2619047619047619]
 mean: 0.22539682539682537, std: 0.03674868858028643
F1 (Intime): [0.06530612244897958, 0.064, 0.11666666666666667, 0.09166666666666667, 0.064, 0.11799628942486087, 0.07692307692307693, 0.10975056689342404, 0.07692307692307693, 0.064, 0.17619047619047618, 0.16333333333333333, 0.064, 0.064, 0.15272727272727274]
 mean: 0.09783223654652229, std: 0.038332486825664105
--------------------------------------------------
Subject Number: 6
Accuracy Cross: [0.2, 0.19047619047619047, 0.2, 0.21904761904761905, 0.23809523809523808, 0.19047619047619047, 0.2, 0.2, 0.2571428571428571, 0.2, 0.23809523809523808, 0.18095238095238095, 0.2, 0.22857142857142856, 0.24761904761904763]
 mean: 0.21269841269841272, std: 0.02271561119999786
F1 Score: [0.06666666666666667, 0.08707616707616708, 0.06666666666666667, 0.11111111111111112, 0.1289500509683996, 0.064, 0.06666666666666667, 0.06666666666666667, 0.13850467289719626, 0.06666666666666667, 0.1331174089068826, 0.12343021802731588, 0.06666666666666667, 0.12346104175634953, 0.14380480365993137]
 mean: 0.09689703162689023, std: 0.031138890156683523
Accuracy Intime: [0.19047619047619047, 0.21428571428571427, 0.23809523809523808, 0.23809523809523808, 0.2619047619047619, 0.19047619047619047, 0.19047619047619047, 0.19047619047619047, 0.2619047619047619, 0.19047619047619047, 0.21428571428571427, 0.2619047619047619, 0.19047619047619047, 0.38095238095238093, 0.19047619047619047]
 mean: 0.22698412698412695, std: 0.04984228085113518
F1 (Intime): [0.064, 0.10119047619047619, 0.07692307692307693, 0.1408080808080808, 0.15789473684210525, 0.064, 0.064, 0.064, 0.14444444444444443, 0.064, 0.1098901098901099, 0.19558823529411767, 0.064, 0.21428571428571427, 0.10303030303030303]
 mean: 0.10853701184722857, std: 0.049338621737827736
--------------------------------------------------
Subject Number: 7
Accuracy Cross: [0.2, 0.2761904761904762, 0.17142857142857143, 0.19047619047619047, 0.2, 0.20952380952380953, 0.2, 0.1523809523809524, 0.2, 0.21904761904761905, 0.12380952380952381, 0.2, 0.17142857142857143, 0.1619047619047619, 0.2]
 mean: 0.19174603174603175, std: 0.03314991106592156
F1 Score: [0.06666666666666667, 0.15862459852635555, 0.09873134328358209, 0.07957957957957958, 0.10781078107810779, 0.08480610298792117, 0.06774193548387096, 0.1329864964853866, 0.06666666666666667, 0.12018597442851608, 0.07214445120714141, 0.11157985363753767, 0.09305499799277399, 0.08164165931156223, 0.09763399323998069]
 mean: 0.09599034003837661, std: 0.025775208514916163
Accuracy Intime: [0.19047619047619047, 0.23809523809523808, 0.2857142857142857, 0.3333333333333333, 0.2619047619047619, 0.2619047619047619, 0.19047619047619047, 0.2619047619047619, 0.23809523809523808, 0.23809523809523808, 0.23809523809523808, 0.21428571428571427, 0.23809523809523808, 0.23809523809523808, 0.3333333333333333]
 mean: 0.25079365079365085, std: 0.0406547570630657
F1 (Intime): [0.064, 0.13259176863181313, 0.17058823529411765, 0.2, 0.15119047619047618, 0.12287581699346406, 0.06808510638297872, 0.2023544197737746, 0.07692307692307693, 0.13942307692307693, 0.13714285714285715, 0.11535150645624104, 0.12784958871915392, 0.11200000000000002, 0.21916329284750335]
 mean: 0.1359692814852356, std: 0.04574881684272745
--------------------------------------------------
Subject Number: 8
Accuracy Cross: [0.22857142857142856, 0.23809523809523808, 0.21904761904761905, 0.18095238095238095, 0.2, 0.2, 0.2, 0.18095238095238095, 0.22857142857142856, 0.24761904761904763, 0.26666666666666666, 0.19047619047619047, 0.37142857142857144, 0.23809523809523808, 0.3047619047619048]
 mean: 0.233015873015873, std: 0.049287183987492954
F1 Score: [0.15387448931752729, 0.1291208791208791, 0.10518351214003388, 0.06229508196721312, 0.06666666666666667, 0.09296296296296296, 0.09108695652173912, 0.08591473286562332, 0.11404255319148937, 0.14286919831223627, 0.19873655506741403, 0.0781998831092928, 0.2712745098039216, 0.12419395785732419, 0.1995820271682341]
 mean: 0.1277335977381705, std: 0.056092897109762146
Accuracy Intime: [0.2857142857142857, 0.19047619047619047, 0.23809523809523808, 0.2619047619047619, 0.19047619047619047, 0.2619047619047619, 0.2619047619047619, 0.2619047619047619, 0.23809523809523808, 0.23809523809523808, 0.35714285714285715, 0.23809523809523808, 0.21428571428571427, 0.23809523809523808, 0.2619047619047619]
 mean: 0.24920634920634924, std: 0.038750970208678424
F1 (Intime): [0.16228287841191066, 0.1105, 0.15826923076923077, 0.11587561374795419, 0.064, 0.1634188034188034, 0.1634188034188034, 0.17414141414141415, 0.1261904761904762, 0.154006968641115, 0.2643939393939394, 0.14666666666666667, 0.1311355311355311, 0.1261904761904762, 0.16911010558069378]
 mean: 0.14864006051380102, std: 0.041811608739279096
--------------------------------------------------
Subject Number: 9
Accuracy Cross: [0.2, 0.23809523809523808, 0.2761904761904762, 0.19047619047619047, 0.2, 0.2761904761904762, 0.2, 0.21904761904761905, 0.2, 0.2, 0.18095238095238095, 0.2, 0.2, 0.18095238095238095, 0.2]
 mean: 0.2107936507936508, std: 0.02885922076790733
F1 Score: [0.06666666666666667, 0.13577777777777778, 0.16476635514018692, 0.064, 0.06666666666666667, 0.158082497212932, 0.06666666666666667, 0.09971014492753623, 0.06666666666666667, 0.1057057057057057, 0.11696230598669624, 0.11451973194341028, 0.06720000000000001, 0.06608695652173913, 0.06666666666666667]
 mean: 0.09507632056995452, std: 0.03473071545819852
Accuracy Intime: [0.19047619047619047, 0.2857142857142857, 0.23809523809523808, 0.19047619047619047, 0.19047619047619047, 0.19047619047619047, 0.23809523809523808, 0.2619047619047619, 0.23809523809523808, 0.23809523809523808, 0.2857142857142857, 0.23809523809523808, 0.21428571428571427, 0.21428571428571427, 0.19047619047619047]
 mean: 0.226984126984127, std: 0.032374727070430376
F1 (Intime): [0.064, 0.16071428571428573, 0.14222222222222222, 0.064, 0.064, 0.10865384615384617, 0.07692307692307693, 0.13333333333333336, 0.07692307692307693, 0.12987012987012986, 0.1736842105263158, 0.1292929292929293, 0.10975056689342404, 0.1, 0.064]
 mean: 0.10649117852350937, std: 0.036098693681099824
--------------------------------------------------
Subject Number: 10
Accuracy Cross: [0.2, 0.2, 0.20952380952380953, 0.26666666666666666, 0.20952380952380953, 0.20952380952380953, 0.20952380952380953, 0.18095238095238095, 0.19047619047619047, 0.20952380952380953, 0.2, 0.2857142857142857, 0.2, 0.21904761904761905, 0.2]
 mean: 0.21269841269841275, std: 0.02663641519162289
F1 Score: [0.11273756419387489, 0.06666666666666667, 0.08538181818181818, 0.18025447457026403, 0.08542148760330578, 0.1346147186147186, 0.08513323983169704, 0.10370644922164567, 0.07875036840554081, 0.09944903581267217, 0.07179487179487179, 0.2033458773580354, 0.06774193548387096, 0.1471468396199579, 0.06720000000000001]
 mean: 0.105956356490596, std: 0.04107564012434501
Accuracy Intime: [0.21428571428571427, 0.19047619047619047, 0.21428571428571427, 0.21428571428571427, 0.19047619047619047, 0.35714285714285715, 0.2619047619047619, 0.21428571428571427, 0.2619047619047619, 0.23809523809523808, 0.23809523809523808, 0.35714285714285715, 0.21428571428571427, 0.3333333333333333, 0.19047619047619047]
 mean: 0.24603174603174605, std: 0.05611958580845616
F1 (Intime): [0.10666666666666666, 0.064, 0.1323017408123791, 0.10444874274661509, 0.064, 0.22058823529411767, 0.12000000000000002, 0.12377538829151731, 0.14772727272727273, 0.16999999999999998, 0.0784313725490196, 0.28114630467571644, 0.10808510638297872, 0.28740740740740744, 0.06956521739130435]
 mean: 0.13854289699633301, std: 0.06999684250083084
--------------------------------------------------
Subject Number: 11
Accuracy Cross: [0.20952380952380953, 0.22857142857142856, 0.20952380952380953, 0.20952380952380953, 0.3238095238095238, 0.2, 0.19047619047619047, 0.18095238095238095, 0.26666666666666666, 0.20952380952380953, 0.20952380952380953, 0.20952380952380953, 0.21904761904761905, 0.22857142857142856, 0.19047619047619047]
 mean: 0.2190476190476191, std: 0.0340734167999968
F1 Score: [0.111479974298565, 0.1211781206171108, 0.08538181818181818, 0.09176470588235294, 0.24087774294670847, 0.06666666666666667, 0.07997043606799706, 0.12651193200392283, 0.18834740765202623, 0.08513323983169704, 0.08538181818181818, 0.1382420698210172, 0.18551089588377723, 0.11241379310344828, 0.0786803610333022]
 mean: 0.11983606547814855, std: 0.04805875693074739
Accuracy Intime: [0.23809523809523808, 0.21428571428571427, 0.19047619047619047, 0.21428571428571427, 0.30952380952380953, 0.19047619047619047, 0.19047619047619047, 0.30952380952380953, 0.2857142857142857, 0.19047619047619047, 0.19047619047619047, 0.2857142857142857, 0.2619047619047619, 0.19047619047619047, 0.23809523809523808]
 mean: 0.23333333333333334, std: 0.04450109767897203
F1 (Intime): [0.13595706618962433, 0.10808510638297872, 0.064, 0.10592885375494072, 0.23342744212309433, 0.064, 0.06666666666666667, 0.2535282651072125, 0.1744186046511628, 0.064, 0.064, 0.16875522138680032, 0.19774436090225564, 0.09833333333333334, 0.15594405594405597]
 mean: 0.1303192650961417, std: 0.062303220558037505
--------------------------------------------------
Subject Number: 12
Accuracy Cross: [0.2, 0.2761904761904762, 0.2, 0.2, 0.2, 0.2, 0.22857142857142856, 0.2, 0.2, 0.20952380952380953, 0.2, 0.18095238095238095, 0.2761904761904762, 0.2, 0.2761904761904762]
 mean: 0.2165079365079365, std: 0.031195221578509836
F1 Score: [0.06666666666666667, 0.15835843373493977, 0.06666666666666667, 0.06666666666666667, 0.06666666666666667, 0.06666666666666667, 0.11829268292682929, 0.06666666666666667, 0.06666666666666667, 0.11809376210771019, 0.10074866310160428, 0.10181818181818181, 0.17297979797979796, 0.06666666666666667, 0.16499999999999998]
 mean: 0.09790832366682646, std: 0.03868323728201539
Accuracy Intime: [0.19047619047619047, 0.3333333333333333, 0.19047619047619047, 0.19047619047619047, 0.38095238095238093, 0.19047619047619047, 0.23809523809523808, 0.19047619047619047, 0.19047619047619047, 0.30952380952380953, 0.2857142857142857, 0.23809523809523808, 0.3333333333333333, 0.19047619047619047, 0.2619047619047619]
 mean: 0.24761904761904757, std: 0.06376923627492276
F1 (Intime): [0.06530612244897958, 0.2223529411764706, 0.06956521739130435, 0.064, 0.2742857142857143, 0.064, 0.0784313725490196, 0.064, 0.064, 0.18172458172458172, 0.18783444816053513, 0.12272727272727273, 0.19633699633699633, 0.064, 0.1544186046511628]
 mean: 0.12486555143013582, std: 0.06942573604679268
--------------------------------------------------
Subject Number: 13
Accuracy Cross: [0.24761904761904763, 0.21904761904761905, 0.2, 0.22857142857142856, 0.22857142857142856, 0.26666666666666666, 0.21904761904761905, 0.21904761904761905, 0.2, 0.2761904761904762, 0.2761904761904762, 0.3047619047619048, 0.2, 0.23809523809523808, 0.2]
 mean: 0.23492063492063497, std: 0.03180946044412787
F1 Score: [0.151921568627451, 0.1091759205143191, 0.06666666666666667, 0.13681159420289854, 0.13877551020408163, 0.16893939393939394, 0.1391664747870136, 0.09962962962962962, 0.06666666666666667, 0.17551020408163265, 0.15844444444444444, 0.17777777777777776, 0.06666666666666667, 0.1207142857142857, 0.06666666666666667]
 mean: 0.12290223137263966, std: 0.04008178322370196
Accuracy Intime: [0.2857142857142857, 0.30952380952380953, 0.19047619047619047, 0.30952380952380953, 0.2619047619047619, 0.2619047619047619, 0.3333333333333333, 0.21428571428571427, 0.23809523809523808, 0.2619047619047619, 0.23809523809523808, 0.2619047619047619, 0.19047619047619047, 0.21428571428571427, 0.19047619047619047]
 mean: 0.25079365079365085, std: 0.044217105641854354
F1 (Intime): [0.1976923076923077, 0.2, 0.064, 0.18181818181818182, 0.16680161943319838, 0.16, 0.21567567567567564, 0.12753623188405797, 0.07692307692307693, 0.15888888888888889, 0.12126909518213866, 0.16363636363636364, 0.064, 0.10444874274661509, 0.064]
 mean: 0.13777934559203364, std: 0.05127740115499845
--------------------------------------------------
Subject Number: 14
Accuracy Cross: [0.20952380952380953, 0.2, 0.22857142857142856, 0.2, 0.2, 0.3047619047619048, 0.2, 0.20952380952380953, 0.19047619047619047, 0.20952380952380953, 0.2, 0.24761904761904763, 0.2, 0.2, 0.2]
 mean: 0.21333333333333337, std: 0.027994168488950612
F1 Score: [0.10578609000584453, 0.06666666666666667, 0.13021978021978023, 0.06666666666666667, 0.06666666666666667, 0.25232934212352676, 0.06666666666666667, 0.11220166264414053, 0.06451612903225806, 0.08487394957983194, 0.06666666666666667, 0.1402649538338017, 0.11104364326375711, 0.06666666666666667, 0.06666666666666667]
 mean: 0.0978601478246405, std: 0.04846995449340514
Accuracy Intime: [0.3333333333333333, 0.21428571428571427, 0.2857142857142857, 0.19047619047619047, 0.19047619047619047, 0.2857142857142857, 0.19047619047619047, 0.19047619047619047, 0.21428571428571427, 0.19047619047619047, 0.19047619047619047, 0.2857142857142857, 0.23809523809523808, 0.19047619047619047, 0.19047619047619047]
 mean: 0.22539682539682543, std: 0.0467109173636894
F1 (Intime): [0.19682539682539685, 0.10975056689342404, 0.1692126909518214, 0.064, 0.064, 0.2446778711484594, 0.064, 0.09034369885433716, 0.072, 0.06530612244897958, 0.064, 0.1616161616161616, 0.13725490196078433, 0.064, 0.064]
 mean: 0.10873249404662429, std: 0.057207141520165615
--------------------------------------------------
**************************************************
accuracy_cross_list: [0.20698412698412702, 0.27047619047619054, 0.19873015873015878, 0.20000000000000004, 0.20444444444444448, 0.21269841269841272, 0.19174603174603175, 0.233015873015873, 0.2107936507936508, 0.21269841269841275, 0.2190476190476191, 0.2165079365079365, 0.23492063492063497, 0.21333333333333337]
f1_score_list: [0.09539497525914992, 0.17241452585075204, 0.08863923226625006, 0.08458108036888357, 0.0854992509503844, 0.09689703162689023, 0.09599034003837661, 0.1277335977381705, 0.09507632056995452, 0.105956356490596, 0.11983606547814855, 0.09790832366682646, 0.12290223137263966, 0.0978601478246405]
accuracy_intime_list: [0.22222222222222227, 0.28253968253968254, 0.21746031746031746, 0.21746031746031746, 0.22539682539682537, 0.22698412698412695, 0.25079365079365085, 0.24920634920634924, 0.226984126984127, 0.24603174603174605, 0.23333333333333334, 0.24761904761904757, 0.25079365079365085, 0.22539682539682543]
f1_score_intime_list: [0.11178078736710537, 0.18016029511613388, 0.10074512874142767, 0.09915666922102505, 0.09783223654652229, 0.10853701184722857, 0.1359692814852356, 0.14864006051380102, 0.10649117852350937, 0.13854289699633301, 0.1303192650961417, 0.12486555143013582, 0.13777934559203364, 0.10873249404662429]
**************************************************
ACC: 21.61±1.90
F1: 10.62±2.25
Intime: 23.73±1.74
F1 (Intime): 12.35±2.25
