1e-06
Subject Number: 1
Accuracy Cross: [0.5, 0.5238095238095238, 0.5, 0.5, 0.4523809523809524, 0.5, 0.5952380952380952, 0.6428571428571429, 0.5, 0.5, 0.42857142857142855, 0.5476190476190477, 0.5714285714285714, 0.5714285714285714, 0.5714285714285714]
 mean: 0.526984126984127, std: 0.05420117802845674
F1 Score: [0.3333333333333333, 0.3841642228739003, 0.3713471133285816, 0.3333333333333333, 0.4120511259890444, 0.3333333333333333, 0.583673469387755, 0.5906432748538011, 0.3333333333333333, 0.3333333333333333, 0.41666666666666663, 0.4589830508474576, 0.475, 0.475, 0.475]
 mean: 0.4206130393742582, std: 0.0847656889694236
Accuracy Intime: [0.47058823529411764, 0.47058823529411764, 0.5882352941176471, 0.5294117647058824, 0.6875, 0.47058823529411764, 0.6470588235294118, 0.5882352941176471, 0.5294117647058824, 0.5, 0.6470588235294118, 0.6470588235294118, 0.6470588235294118, 0.5294117647058824, 0.6875]
 mean: 0.5759803921568628, std: 0.07788180622006632
F1 (Intime): [0.32, 0.32, 0.4711111111111111, 0.34615384615384615, 0.6761133603238867, 0.32, 0.6136363636363636, 0.4711111111111111, 0.34615384615384615, 0.3333333333333333, 0.6357142857142857, 0.6136363636363636, 0.575, 0.34615384615384615, 0.6761133603238867]
 mean: 0.47094872184345876, std: 0.140687555549914
--------------------------------------------------
Subject Number: 2
Accuracy Cross: [0.7380952380952381, 0.5, 0.8571428571428571, 0.7857142857142857, 0.7619047619047619, 0.5, 0.9285714285714286, 0.6190476190476191, 0.7619047619047619, 0.7142857142857143, 0.7380952380952381, 0.6666666666666666, 0.8095238095238095, 0.8571428571428571, 0.7857142857142857]
 mean: 0.7349206349206351, std: 0.11788853731826755
F1 Score: [0.7306122448979592, 0.3333333333333333, 0.8568181818181818, 0.7795918367346939, 0.7597254004576659, 0.3333333333333333, 0.9285309132161089, 0.5851851851851853, 0.7569444444444444, 0.6971153846153846, 0.7379466817923993, 0.6666666666666666, 0.8090909090909091, 0.8541666666666667, 0.7795918367346939]
 mean: 0.7072435345991751, std: 0.16668269519566056
Accuracy Intime: [0.8823529411764706, 0.47058823529411764, 0.8235294117647058, 0.8823529411764706, 0.875, 0.47058823529411764, 0.8823529411764706, 0.6470588235294118, 0.8235294117647058, 0.6875, 0.8235294117647058, 0.9411764705882353, 0.9411764705882353, 0.8823529411764706, 0.5625]
 mean: 0.7730392156862745, std: 0.1576599686207564
F1 (Intime): [0.8819444444444444, 0.32, 0.8210526315789474, 0.8785714285714286, 0.873015873015873, 0.32, 0.8819444444444444, 0.575, 0.8210526315789474, 0.6862745098039216, 0.8210526315789474, 0.9403508771929825, 0.9403508771929825, 0.8819444444444444, 0.5465587044534412]
 mean: 0.7459408998867203, std: 0.2028350763889421
--------------------------------------------------
Subject Number: 3
Accuracy Cross: [0.5238095238095238, 0.5476190476190477, 0.5952380952380952, 0.5, 0.5, 0.5714285714285714, 0.5, 0.5, 0.5714285714285714, 0.5, 0.5476190476190477, 0.5, 0.5476190476190477, 0.4523809523809524, 0.47619047619047616]
 mean: 0.5222222222222223, std: 0.03835887610664944
F1 Score: [0.4951923076923077, 0.5411155836687751, 0.5757575757575757, 0.3333333333333333, 0.3333333333333333, 0.5178571428571429, 0.3333333333333333, 0.3333333333333333, 0.49867374005305043, 0.3333333333333333, 0.43121881682109764, 0.3333333333333333, 0.49968652037617556, 0.42602495543672014, 0.4564705882352942]
 mean: 0.4294664820598759, std: 0.08637651209832686
Accuracy Intime: [0.5882352941176471, 0.47058823529411764, 0.6470588235294118, 0.5294117647058824, 0.5, 0.5882352941176471, 0.5294117647058824, 0.5294117647058824, 0.5882352941176471, 0.5, 0.47058823529411764, 0.5294117647058824, 0.7058823529411765, 0.5882352941176471, 0.6875]
 mean: 0.5634803921568629, std: 0.07073700961326608
F1 (Intime): [0.5641025641025641, 0.43956043956043955, 0.6458333333333333, 0.34615384615384615, 0.3333333333333333, 0.5824561403508772, 0.34615384615384615, 0.34615384615384615, 0.5296442687747036, 0.3333333333333333, 0.32, 0.34615384615384615, 0.7017543859649122, 0.5882352941176471, 0.6536796536796536]
 mean: 0.4717698754110788, std: 0.1365017670575977
--------------------------------------------------
Subject Number: 4
Accuracy Cross: [0.5476190476190477, 0.5, 0.7380952380952381, 0.5, 0.5, 0.47619047619047616, 0.5, 0.5714285714285714, 0.5476190476190477, 0.5, 0.5952380952380952, 0.5, 0.7142857142857143, 0.5238095238095238, 0.42857142857142855]
 mean: 0.5428571428571428, std: 0.08164965809277261
F1 Score: [0.4589830508474576, 0.3333333333333333, 0.7343300747556067, 0.3333333333333333, 0.3333333333333333, 0.4296296296296296, 0.40203389830508474, 0.5333333333333333, 0.4589830508474576, 0.3333333333333333, 0.5894192064404831, 0.3333333333333333, 0.703529411764706, 0.4642857142857143, 0.41666666666666663]
 mean: 0.45719071356952035, std: 0.12727271396227624
Accuracy Intime: [0.5294117647058824, 0.47058823529411764, 0.7647058823529411, 0.5882352941176471, 0.5, 0.6470588235294118, 0.5882352941176471, 0.6470588235294118, 0.6470588235294118, 0.5, 0.7647058823529411, 0.47058823529411764, 0.7647058823529411, 0.6470588235294118, 0.8125]
 mean: 0.6227941176470588, std: 0.11146276293087545
F1 (Intime): [0.43333333333333335, 0.32, 0.7424242424242424, 0.4711111111111111, 0.3333333333333333, 0.6458333333333333, 0.5296442687747036, 0.6357142857142857, 0.6136363636363636, 0.3333333333333333, 0.7571428571428571, 0.32, 0.7424242424242424, 0.575, 0.8117647058823529]
 mean: 0.5509796940295661, std: 0.16864401789255812
--------------------------------------------------
Subject Number: 5
Accuracy Cross: [0.47619047619047616, 0.35714285714285715, 0.5, 0.5, 0.5, 0.5, 0.6190476190476191, 0.47619047619047616, 0.5714285714285714, 0.5, 0.5, 0.5, 0.47619047619047616, 0.5, 0.47619047619047616]
 mean: 0.49682539682539684, std: 0.052788219518463145
F1 Score: [0.35833333333333334, 0.2631578947368421, 0.3333333333333333, 0.3333333333333333, 0.3333333333333333, 0.3333333333333333, 0.5961538461538461, 0.3225806451612903, 0.5704545454545455, 0.4269005847953216, 0.3333333333333333, 0.3333333333333333, 0.3225806451612903, 0.3333333333333333, 0.44471153846153844]
 mean: 0.3758804244394227, std: 0.09131923298152621
Accuracy Intime: [0.5294117647058824, 0.5294117647058824, 0.5294117647058824, 0.5294117647058824, 0.5625, 0.5294117647058824, 0.5294117647058824, 0.5294117647058824, 0.6470588235294118, 0.625, 0.47058823529411764, 0.47058823529411764, 0.5294117647058824, 0.5294117647058824, 0.75]
 mean: 0.5526960784313725, std: 0.06905069069479813
F1 (Intime): [0.48484848484848486, 0.48484848484848486, 0.34615384615384615, 0.34615384615384615, 0.45893719806763283, 0.34615384615384615, 0.43333333333333335, 0.34615384615384615, 0.6458333333333333, 0.6190476190476191, 0.32, 0.32, 0.34615384615384615, 0.34615384615384615, 0.7333333333333334]
 mean: 0.4384736575823532, std: 0.1281934341210815
--------------------------------------------------
Subject Number: 6
Accuracy Cross: [0.5, 0.42857142857142855, 0.5, 0.4523809523809524, 0.5, 0.40476190476190477, 0.5952380952380952, 0.47619047619047616, 0.5476190476190477, 0.5238095238095238, 0.5, 0.5, 0.5, 0.4523809523809524, 0.5714285714285714]
 mean: 0.49682539682539684, std: 0.049078174075366056
F1 Score: [0.3333333333333333, 0.3, 0.3333333333333333, 0.43673469387755104, 0.3333333333333333, 0.4017094017094017, 0.595008508224617, 0.35833333333333334, 0.4589830508474576, 0.3841642228739003, 0.3333333333333333, 0.3333333333333333, 0.4928119608970673, 0.34508474576271186, 0.5714285714285714]
 mean: 0.4007283437080852, std: 0.08872366335743642
Accuracy Intime: [0.47058823529411764, 0.47058823529411764, 0.5294117647058824, 0.5882352941176471, 0.6875, 0.7058823529411765, 0.7058823529411765, 0.47058823529411764, 0.6470588235294118, 0.625, 0.5294117647058824, 0.5294117647058824, 0.5882352941176471, 0.5294117647058824, 0.75]
 mean: 0.5884803921568628, std: 0.09087619223148838
F1 (Intime): [0.32, 0.32, 0.34615384615384615, 0.5296442687747036, 0.6536796536796536, 0.7017543859649122, 0.6886446886446886, 0.32, 0.575, 0.5636363636363637, 0.34615384615384615, 0.34615384615384615, 0.5882352941176471, 0.34615384615384615, 0.746031746031746]
 mean: 0.49274945236433987, std: 0.15702771368865548
--------------------------------------------------
Subject Number: 7
Accuracy Cross: [0.5, 0.5, 0.5476190476190477, 0.5714285714285714, 0.5476190476190477, 0.5, 0.6190476190476191, 0.5952380952380952, 0.47619047619047616, 0.5238095238095238, 0.5, 0.5, 0.5714285714285714, 0.5, 0.5238095238095238]
 mean: 0.5317460317460317, std: 0.04046840883803798
F1 Score: [0.3333333333333333, 0.3333333333333333, 0.43121881682109764, 0.5456730769230769, 0.5258467023172906, 0.3333333333333333, 0.5961538461538461, 0.583673469387755, 0.4296296296296296, 0.3841642228739003, 0.3333333333333333, 0.3333333333333333, 0.49867374005305043, 0.3333333333333333, 0.4642857142857143]
 mean: 0.4306212812296906, std: 0.09586257441319197
Accuracy Intime: [0.47058823529411764, 0.47058823529411764, 0.5294117647058824, 0.7647058823529411, 0.625, 0.47058823529411764, 0.7058823529411765, 0.7058823529411765, 0.5294117647058824, 0.5625, 0.5294117647058824, 0.47058823529411764, 0.6470588235294118, 0.5294117647058824, 0.5625]
 mean: 0.5715686274509805, std: 0.0930940302174632
F1 (Intime): [0.32, 0.32, 0.34615384615384615, 0.7638888888888888, 0.625, 0.32, 0.6640316205533596, 0.6886446886446886, 0.48484848484848486, 0.45893719806763283, 0.34615384615384615, 0.32, 0.575, 0.34615384615384615, 0.5465587044534412]
 mean: 0.47502474159453567, std: 0.15247151340977302
--------------------------------------------------
Subject Number: 8
Accuracy Cross: [0.5714285714285714, 0.5, 0.7857142857142857, 0.5, 0.6666666666666666, 0.5476190476190477, 0.42857142857142855, 0.6904761904761905, 0.6428571428571429, 0.5, 0.6190476190476191, 0.8571428571428571, 0.7619047619047619, 0.8809523809523809, 0.7619047619047619]
 mean: 0.6476190476190476, std: 0.13558194605754045
F1 Score: [0.49867374005305043, 0.3333333333333333, 0.7826336975273145, 0.3333333333333333, 0.625, 0.4589830508474576, 0.42727272727272725, 0.6676810712111991, 0.6326530612244898, 0.3333333333333333, 0.5543766578249337, 0.8571428571428571, 0.7597254004576659, 0.8792409430707303, 0.7475961538461539]
 mean: 0.5927319573652385, std: 0.18359952004361038
Accuracy Intime: [0.7647058823529411, 0.47058823529411764, 0.8235294117647058, 0.5294117647058824, 0.6875, 0.8235294117647058, 0.5294117647058824, 0.6470588235294118, 0.6470588235294118, 0.5, 0.7647058823529411, 0.8823529411764706, 0.7058823529411765, 0.9411764705882353, 0.9375]
 mean: 0.7102941176470589, std: 0.15094258821340933
F1 (Intime): [0.7424242424242424, 0.32, 0.8235294117647058, 0.34615384615384615, 0.6536796536796536, 0.8131868131868132, 0.48484848484848486, 0.6357142857142857, 0.6458333333333333, 0.3333333333333333, 0.7571428571428571, 0.8819444444444444, 0.6886446886446886, 0.9403508771929825, 0.9372549019607843]
 mean: 0.6669360782549636, std: 0.2038925665414731
--------------------------------------------------
Subject Number: 9
Accuracy Cross: [0.6428571428571429, 0.5, 0.5, 0.47619047619047616, 0.5, 0.5, 0.5952380952380952, 0.5, 0.5238095238095238, 0.5, 0.6190476190476191, 0.5, 0.5238095238095238, 0.5, 0.47619047619047616]
 mean: 0.5238095238095238, std: 0.04994327848429294
F1 Score: [0.625668449197861, 0.3333333333333333, 0.3333333333333333, 0.35833333333333334, 0.3333333333333333, 0.3333333333333333, 0.5360623781676412, 0.3333333333333333, 0.3841642228739003, 0.3333333333333333, 0.5961538461538461, 0.3333333333333333, 0.4951923076923077, 0.3333333333333333, 0.38726790450928383]
 mean: 0.40330060723965594, std: 0.10149491322488938
Accuracy Intime: [0.6470588235294118, 0.47058823529411764, 0.5294117647058824, 0.5294117647058824, 0.5, 0.47058823529411764, 0.6470588235294118, 0.5294117647058824, 0.5294117647058824, 0.5, 0.7058823529411765, 0.47058823529411764, 0.5294117647058824, 0.5294117647058824, 0.5625]
 mean: 0.5433823529411765, std: 0.06787313034166033
F1 (Intime): [0.6136363636363636, 0.32, 0.34615384615384615, 0.34615384615384615, 0.3333333333333333, 0.32, 0.6357142857142857, 0.34615384615384615, 0.34615384615384615, 0.3333333333333333, 0.7058823529411765, 0.32, 0.5142857142857142, 0.34615384615384615, 0.45893719806763283]
 mean: 0.4190594541387381, std: 0.12869538723467952
--------------------------------------------------
Subject Number: 10
Accuracy Cross: [0.5238095238095238, 0.6904761904761905, 0.5714285714285714, 0.5952380952380952, 0.5238095238095238, 0.47619047619047616, 0.47619047619047616, 0.4523809523809524, 0.5476190476190477, 0.6666666666666666, 0.5952380952380952, 0.6428571428571429, 0.5952380952380952, 0.5, 0.7142857142857143]
 mean: 0.5714285714285714, std: 0.0787275985246809
F1 Score: [0.3841642228739003, 0.6888888888888889, 0.5333333333333333, 0.5523510971786834, 0.3841642228739003, 0.4296296296296296, 0.3225806451612903, 0.43673469387755104, 0.48148148148148145, 0.6541176470588235, 0.583673469387755, 0.6326530612244898, 0.5159322033898305, 0.3333333333333333, 0.703529411764706]
 mean: 0.5091044894305065, std: 0.12212137624166614
Accuracy Intime: [0.47058823529411764, 0.7058823529411765, 0.7058823529411765, 0.7058823529411765, 0.5625, 0.7058823529411765, 0.47058823529411764, 0.5882352941176471, 0.7058823529411765, 0.6875, 0.7058823529411765, 0.5294117647058824, 0.7058823529411765, 0.5294117647058824, 0.5625]
 mean: 0.6227941176470588, std: 0.09119623441709082
F1 (Intime): [0.32, 0.6886446886446886, 0.6640316205533596, 0.6886446886446886, 0.45893719806763283, 0.6886446886446886, 0.32, 0.5641025641025641, 0.6640316205533596, 0.6761133603238867, 0.7017543859649122, 0.5277777777777778, 0.6886446886446886, 0.34615384615384615, 0.45893719806763283]
 mean: 0.5637612217429151, std: 0.14227205309726476
--------------------------------------------------
Subject Number: 11
Accuracy Cross: [0.47619047619047616, 0.5, 0.5952380952380952, 0.5952380952380952, 0.6190476190476191, 0.5476190476190477, 0.5, 0.5238095238095238, 0.5238095238095238, 0.47619047619047616, 0.5476190476190477, 0.6904761904761905, 0.6428571428571429, 0.5714285714285714, 0.5238095238095238]
 mean: 0.5555555555555556, std: 0.06065070849061207
F1 Score: [0.475, 0.3333333333333333, 0.583673469387755, 0.5360623781676412, 0.6181818181818182, 0.5473624503686898, 0.3333333333333333, 0.41666666666666663, 0.41666666666666663, 0.4652777777777778, 0.5258467023172906, 0.6576802507836991, 0.6326530612244898, 0.5178571428571429, 0.3841642228739003]
 mean: 0.49625061826268024, std: 0.10081033367502001
Accuracy Intime: [0.5294117647058824, 0.5294117647058824, 0.7058823529411765, 0.8235294117647058, 0.625, 0.8235294117647058, 0.47058823529411764, 0.7058823529411765, 0.6470588235294118, 0.75, 0.47058823529411764, 0.7058823529411765, 0.7647058823529411, 0.8235294117647058, 0.5625]
 mean: 0.6625, std: 0.12172912002496795
F1 (Intime): [0.5277777777777778, 0.34615384615384615, 0.6886446886446886, 0.8131868131868132, 0.6190476190476191, 0.8131868131868132, 0.32, 0.6640316205533596, 0.575, 0.75, 0.3952569169960475, 0.6886446886446886, 0.7638888888888888, 0.8131868131868132, 0.45893719806763283]
 mean: 0.6157962456223326, std: 0.16585909369484717
--------------------------------------------------
Subject Number: 12
Accuracy Cross: [0.5, 0.7142857142857143, 0.4523809523809524, 0.5, 0.5238095238095238, 0.5, 0.47619047619047616, 0.5476190476190477, 0.4523809523809524, 0.5952380952380952, 0.5, 0.5, 0.5952380952380952, 0.47619047619047616, 0.5]
 mean: 0.5222222222222223, std: 0.06590647457786253
F1 Score: [0.3333333333333333, 0.7083333333333333, 0.3114754098360656, 0.3333333333333333, 0.4814814814814815, 0.3333333333333333, 0.47139588100686497, 0.48148148148148145, 0.3114754098360656, 0.583673469387755, 0.3333333333333333, 0.3333333333333333, 0.595008508224617, 0.4107142857142857, 0.3333333333333333]
 mean: 0.42366928402013, std: 0.12090235321034501
Accuracy Intime: [0.47058823529411764, 0.6470588235294118, 0.5882352941176471, 0.7058823529411765, 0.625, 0.47058823529411764, 0.47058823529411764, 0.5294117647058824, 0.5294117647058824, 0.8125, 0.5294117647058824, 0.5882352941176471, 0.6470588235294118, 0.5294117647058824, 0.5625]
 mean: 0.5803921568627451, std: 0.09219922368093127
F1 (Intime): [0.32, 0.6458333333333333, 0.5641025641025641, 0.7017543859649122, 0.625, 0.32, 0.4631578947368421, 0.48484848484848486, 0.34615384615384615, 0.8117647058823529, 0.34615384615384615, 0.5296442687747036, 0.6136363636363636, 0.43333333333333335, 0.45893719806763283]
 mean: 0.5109546816658811, std: 0.1439329194141939
--------------------------------------------------
Subject Number: 13
Accuracy Cross: [0.5714285714285714, 0.5952380952380952, 0.5, 0.6428571428571429, 0.5476190476190477, 0.8095238095238095, 0.7857142857142857, 0.6190476190476191, 0.7619047619047619, 0.6904761904761905, 0.6666666666666666, 0.5, 0.7380952380952381, 0.5, 0.7619047619047619]
 mean: 0.646031746031746, std: 0.10536143984302279
F1 Score: [0.475, 0.5159322033898305, 0.3333333333333333, 0.625668449197861, 0.43121881682109764, 0.8095238095238095, 0.7754010695187166, 0.5543766578249337, 0.7619047619047619, 0.6860264519838988, 0.6659090909090909, 0.3333333333333333, 0.7343300747556067, 0.3333333333333333, 0.7619047619047619]
 mean: 0.5864797431822912, std: 0.16760915001166435
Accuracy Intime: [0.7058823529411765, 0.7647058823529411, 0.5294117647058824, 0.5882352941176471, 0.6875, 0.7058823529411765, 0.7058823529411765, 0.5294117647058824, 0.7647058823529411, 0.6875, 0.8823529411764706, 0.47058823529411764, 0.8235294117647058, 0.5294117647058824, 0.5625]
 mean: 0.6625, std: 0.11762561079002092
F1 (Intime): [0.6886446886446886, 0.7571428571428571, 0.34615384615384615, 0.5824561403508772, 0.6536796536796536, 0.7017543859649122, 0.6886446886446886, 0.48484848484848486, 0.7638888888888888, 0.6862745098039216, 0.8785714285714286, 0.32, 0.8210526315789474, 0.34615384615384615, 0.45893719806763283]
 mean: 0.6118802165663116, std: 0.17378900697352892
--------------------------------------------------
Subject Number: 14
Accuracy Cross: [0.5714285714285714, 0.5, 0.5, 0.5, 0.6190476190476191, 0.5, 0.7380952380952381, 0.7380952380952381, 0.5, 0.7142857142857143, 0.4523809523809524, 0.5, 0.4523809523809524, 0.5, 0.5714285714285714]
 mean: 0.5571428571428572, std: 0.09634279939995886
F1 Score: [0.475, 0.3333333333333333, 0.3333333333333333, 0.3713471133285816, 0.6190476190476191, 0.3333333333333333, 0.7367521367521368, 0.7343300747556067, 0.3333333333333333, 0.6888888888888889, 0.42602495543672014, 0.3333333333333333, 0.3114754098360656, 0.3333333333333333, 0.5333333333333333]
 mean: 0.4597466354252634, std: 0.15545131651329347
Accuracy Intime: [0.5294117647058824, 0.5294117647058824, 0.5294117647058824, 0.7647058823529411, 0.8125, 0.47058823529411764, 0.8235294117647058, 0.7058823529411765, 0.5294117647058824, 0.625, 0.5294117647058824, 0.5294117647058824, 0.5882352941176471, 0.5294117647058824, 0.6875]
 mean: 0.6122549019607842, std: 0.11291706833519385
F1 (Intime): [0.43333333333333335, 0.34615384615384615, 0.34615384615384615, 0.7571428571428571, 0.8117647058823529, 0.32, 0.8235294117647058, 0.7058823529411765, 0.34615384615384615, 0.6, 0.5142857142857142, 0.34615384615384615, 0.4711111111111111, 0.34615384615384615, 0.6862745098039216]
 mean: 0.5236062151356268, std: 0.1831109291649494
--------------------------------------------------
**************************************************
accuracy_cross_list: [0.526984126984127, 0.7349206349206351, 0.5222222222222223, 0.5428571428571428, 0.49682539682539684, 0.49682539682539684, 0.5317460317460317, 0.6476190476190476, 0.5238095238095238, 0.5714285714285714, 0.5555555555555556, 0.5222222222222223, 0.646031746031746, 0.5571428571428572]
f1_score_list: [0.4206130393742582, 0.7072435345991751, 0.4294664820598759, 0.45719071356952035, 0.3758804244394227, 0.4007283437080852, 0.4306212812296906, 0.5927319573652385, 0.40330060723965594, 0.5091044894305065, 0.49625061826268024, 0.42366928402013, 0.5864797431822912, 0.4597466354252634]
accuracy_intime_list: [0.5759803921568628, 0.7730392156862745, 0.5634803921568629, 0.6227941176470588, 0.5526960784313725, 0.5884803921568628, 0.5715686274509805, 0.7102941176470589, 0.5433823529411765, 0.6227941176470588, 0.6625, 0.5803921568627451, 0.6625, 0.6122549019607842]
f1_score_intime_list: [0.47094872184345876, 0.7459408998867203, 0.4717698754110788, 0.5509796940295661, 0.4384736575823532, 0.49274945236433987, 0.47502474159453567, 0.6669360782549636, 0.4190594541387381, 0.5637612217429151, 0.6157962456223326, 0.5109546816658811, 0.6118802165663116, 0.5236062151356268]
**************************************************
ACC: 56.26±6.55
F1: 47.81±8.96
Intime: 61.73±6.30
F1 (Intime): 53.98±8.95
