1e-05
Subject Number: 1
Accuracy Cross: [0.17647058823529413, 0.2647058823529412, 0.2647058823529412, 0.3235294117647059, 0.29411764705882354, 0.14705882352941177, 0.2647058823529412, 0.2647058823529412, 0.29411764705882354, 0.23529411764705882, 0.2647058823529412, 0.2647058823529412, 0.29411764705882354, 0.2647058823529412, 0.2647058823529412]
 mean: 0.2588235294117647, std: 0.04322628957852667
F1 Score: [0.07692307692307693, 0.10465116279069768, 0.10465116279069768, 0.19871794871794873, 0.17477477477477477, 0.09070464767616192, 0.10714285714285714, 0.10465116279069768, 0.1597560975609756, 0.1515151515151515, 0.10465116279069768, 0.1586921850079745, 0.2125, 0.10714285714285714, 0.22216386554621848]
 mean: 0.13857587421138584, std: 0.045513504195809795
Accuracy Intime: [0.35714285714285715, 0.2857142857142857, 0.2857142857142857, 0.38461538461538464, 0.23076923076923078, 0.35714285714285715, 0.2857142857142857, 0.2857142857142857, 0.3076923076923077, 0.3076923076923077, 0.2857142857142857, 0.5, 0.35714285714285715, 0.3076923076923077, 0.3076923076923077]
 mean: 0.323076923076923, std: 0.06056264523205973
F1 (Intime): [0.24285714285714285, 0.1111111111111111, 0.1111111111111111, 0.21666666666666667, 0.15555555555555556, 0.2264957264957265, 0.1111111111111111, 0.1111111111111111, 0.11764705882352941, 0.20714285714285713, 0.1111111111111111, 0.3476190476190476, 0.28733766233766234, 0.11764705882352941, 0.26388888888888884]
 mean: 0.1825608813844108, std: 0.07609303492407916
--------------------------------------------------
Subject Number: 2
Accuracy Cross: [0.23529411764705882, 0.2647058823529412, 0.2647058823529412, 0.2647058823529412, 0.2647058823529412, 0.2647058823529412, 0.35294117647058826, 0.17647058823529413, 0.2647058823529412, 0.20588235294117646, 0.29411764705882354, 0.29411764705882354, 0.17647058823529413, 0.2647058823529412, 0.29411764705882354]
 mean: 0.2588235294117646, std: 0.0445404576141198
F1 Score: [0.14583333333333331, 0.10465116279069768, 0.10465116279069768, 0.10465116279069768, 0.10465116279069768, 0.1437246963562753, 0.3231452455590387, 0.07894736842105263, 0.26978021978021977, 0.13010752688172042, 0.19345238095238096, 0.26814516129032256, 0.11323763955342903, 0.10465116279069768, 0.19090909090909092]
 mean: 0.15870256513269015, std: 0.07203956486657964
Accuracy Intime: [0.2857142857142857, 0.2857142857142857, 0.2857142857142857, 0.3076923076923077, 0.23076923076923078, 0.35714285714285715, 0.5714285714285714, 0.35714285714285715, 0.5, 0.38461538461538464, 0.35714285714285715, 0.5714285714285714, 0.42857142857142855, 0.3076923076923077, 0.3076923076923077]
 mean: 0.3692307692307692, std: 0.10149627273164494
F1 (Intime): [0.18333333333333335, 0.1111111111111111, 0.1111111111111111, 0.11764705882352941, 0.09375, 0.25, 0.5928571428571429, 0.20476190476190476, 0.4455128205128205, 0.3047619047619048, 0.20833333333333331, 0.5261904761904761, 0.29166666666666663, 0.11764705882352941, 0.22619047619047616]
 mean: 0.2523249598984893, std: 0.15133499353151394
--------------------------------------------------
Subject Number: 3
Accuracy Cross: [0.2647058823529412, 0.20588235294117646, 0.3235294117647059, 0.35294117647058826, 0.2647058823529412, 0.2647058823529412, 0.2647058823529412, 0.2647058823529412, 0.2647058823529412, 0.29411764705882354, 0.29411764705882354, 0.29411764705882354, 0.14705882352941177, 0.17647058823529413, 0.2647058823529412]
 mean: 0.26274509803921564, std: 0.050904921512734
F1 Score: [0.10465116279069768, 0.13194444444444445, 0.20833333333333331, 0.23388305847076463, 0.10714285714285714, 0.10465116279069768, 0.10465116279069768, 0.10714285714285714, 0.10465116279069768, 0.15714285714285714, 0.1893939393939394, 0.18823529411764706, 0.11488185017596783, 0.11635944700460829, 0.14166666666666666]
 mean: 0.14098208374658225, std: 0.04238246490766648
Accuracy Intime: [0.35714285714285715, 0.5, 0.14285714285714285, 0.42857142857142855, 0.38461538461538464, 0.2857142857142857, 0.2857142857142857, 0.35714285714285715, 0.3076923076923077, 0.23076923076923078, 0.2857142857142857, 0.42857142857142855, 0.42857142857142855, 0.46153846153846156, 0.38461538461538464]
 mean: 0.35128205128205126, std: 0.09210396729149672
F1 (Intime): [0.21764705882352942, 0.4666666666666667, 0.07692307692307693, 0.26666666666666666, 0.26785714285714285, 0.1111111111111111, 0.1111111111111111, 0.21764705882352942, 0.125, 0.09375, 0.1111111111111111, 0.2727272727272727, 0.31666666666666665, 0.3371794871794872, 0.30714285714285716]
 mean: 0.21994715252068192, std: 0.10947709574886394
--------------------------------------------------
Subject Number: 4
Accuracy Cross: [0.2647058823529412, 0.2647058823529412, 0.3235294117647059, 0.38235294117647056, 0.2647058823529412, 0.2647058823529412, 0.38235294117647056, 0.2647058823529412, 0.2647058823529412, 0.35294117647058826, 0.29411764705882354, 0.4117647058823529, 0.2647058823529412, 0.2647058823529412, 0.2647058823529412]
 mean: 0.30196078431372547, std: 0.05202548690753568
F1 Score: [0.10465116279069768, 0.10975609756097561, 0.20833333333333331, 0.3240960491414212, 0.10465116279069768, 0.10465116279069768, 0.24807987711213517, 0.10465116279069768, 0.14097744360902253, 0.24705882352941178, 0.21068376068376068, 0.39395206243032327, 0.178125, 0.17307692307692307, 0.2010989010989011]
 mean: 0.1902561948492666, std: 0.08386525020999751
Accuracy Intime: [0.2857142857142857, 0.35714285714285715, 0.35714285714285715, 0.14285714285714285, 0.38461538461538464, 0.2857142857142857, 0.5, 0.35714285714285715, 0.42857142857142855, 0.3076923076923077, 0.42857142857142855, 0.5, 0.35714285714285715, 0.42857142857142855, 0.3076923076923077]
 mean: 0.3619047619047619, std: 0.08852503049134867
F1 (Intime): [0.1111111111111111, 0.20833333333333331, 0.225, 0.07692307692307693, 0.3153846153846154, 0.1111111111111111, 0.3181818181818182, 0.21764705882352942, 0.2761904761904762, 0.19871794871794873, 0.29464285714285715, 0.41414141414141414, 0.24285714285714285, 0.2761904761904762, 0.2153846153846154]
 mean: 0.23345447036623507, std: 0.08600296381954836
--------------------------------------------------
Subject Number: 5
Accuracy Cross: [0.20588235294117646, 0.2647058823529412, 0.2647058823529412, 0.4117647058823529, 0.5, 0.23529411764705882, 0.2647058823529412, 0.2647058823529412, 0.2647058823529412, 0.4117647058823529, 0.35294117647058826, 0.2647058823529412, 0.2647058823529412, 0.47058823529411764, 0.47058823529411764]
 mean: 0.3274509803921568, std: 0.09537558044717889
F1 Score: [0.13555555555555554, 0.10465116279069768, 0.10465116279069768, 0.2907563025210084, 0.36942586399108135, 0.09523809523809523, 0.10465116279069768, 0.10465116279069768, 0.10465116279069768, 0.2902711323763955, 0.23214285714285715, 0.10465116279069768, 0.10465116279069768, 0.4136492125454301, 0.4274725274725275]
 mean: 0.19913797909185568, std: 0.12172931978418915
Accuracy Intime: [0.42857142857142855, 0.2857142857142857, 0.2857142857142857, 0.46153846153846156, 0.46153846153846156, 0.35714285714285715, 0.2857142857142857, 0.2857142857142857, 0.3076923076923077, 0.46153846153846156, 0.42857142857142855, 0.2857142857142857, 0.2857142857142857, 0.6153846153846154, 0.46153846153846156]
 mean: 0.3798534798534798, std: 0.09859265428394369
F1 (Intime): [0.29166666666666663, 0.1111111111111111, 0.1111111111111111, 0.3, 0.32386363636363635, 0.21764705882352942, 0.1111111111111111, 0.1111111111111111, 0.11764705882352941, 0.3653846153846154, 0.28205128205128205, 0.1111111111111111, 0.1111111111111111, 0.5541666666666667, 0.4444444444444444]
 mean: 0.2375692063927358, std: 0.13816553604498047
--------------------------------------------------
Subject Number: 6
Accuracy Cross: [0.2647058823529412, 0.38235294117647056, 0.35294117647058826, 0.3235294117647059, 0.3235294117647059, 0.2647058823529412, 0.2647058823529412, 0.2647058823529412, 0.2647058823529412, 0.29411764705882354, 0.2647058823529412, 0.2647058823529412, 0.2647058823529412, 0.2647058823529412, 0.35294117647058826]
 mean: 0.2941176470588235, std: 0.04018412065082195
F1 Score: [0.10465116279069768, 0.2403993855606759, 0.23076923076923078, 0.20764617691154424, 0.20015948963317384, 0.10465116279069768, 0.10465116279069768, 0.10465116279069768, 0.11538461538461539, 0.15416666666666667, 0.10714285714285714, 0.10465116279069768, 0.10465116279069768, 0.10465116279069768, 0.22938530734632684]
 mean: 0.14784079126333166, std: 0.05429230016569692
Accuracy Intime: [0.2857142857142857, 0.35714285714285715, 0.5, 0.5, 0.38461538461538464, 0.2857142857142857, 0.2857142857142857, 0.2857142857142857, 0.38461538461538464, 0.3076923076923077, 0.2857142857142857, 0.2857142857142857, 0.2857142857142857, 0.3076923076923077, 0.38461538461538464]
 mean: 0.3417582417582417, std: 0.0730913808717182
F1 (Intime): [0.1111111111111111, 0.23214285714285715, 0.3476190476190476, 0.3205128205128205, 0.26785714285714285, 0.1111111111111111, 0.1111111111111111, 0.1111111111111111, 0.25757575757575757, 0.19886363636363635, 0.1111111111111111, 0.1111111111111111, 0.1111111111111111, 0.11764705882352941, 0.28205128205128205]
 mean: 0.18680315871492342, std: 0.08620883554722127
--------------------------------------------------
Subject Number: 7
Accuracy Cross: [0.23529411764705882, 0.2647058823529412, 0.38235294117647056, 0.2647058823529412, 0.2647058823529412, 0.29411764705882354, 0.2647058823529412, 0.2647058823529412, 0.3235294117647059, 0.4117647058823529, 0.23529411764705882, 0.29411764705882354, 0.2647058823529412, 0.2647058823529412, 0.4411764705882353]
 mean: 0.2980392156862745, std: 0.06156987634551992
F1 Score: [0.1282051282051282, 0.10465116279069768, 0.3119298245614035, 0.10465116279069768, 0.10465116279069768, 0.15714285714285714, 0.10465116279069768, 0.10714285714285714, 0.24981962481962483, 0.28431372549019607, 0.1986161986161986, 0.15714285714285714, 0.10465116279069768, 0.1597222222222222, 0.4017482517482518]
 mean: 0.17860262406967234, std: 0.08962342202820103
Accuracy Intime: [0.2857142857142857, 0.2857142857142857, 0.5, 0.3076923076923077, 0.23076923076923078, 0.35714285714285715, 0.2857142857142857, 0.35714285714285715, 0.3076923076923077, 0.46153846153846156, 0.35714285714285715, 0.5, 0.2857142857142857, 0.38461538461538464, 0.46153846153846156]
 mean: 0.357875457875458, std: 0.08351809008158512
F1 (Intime): [0.17142857142857143, 0.1111111111111111, 0.45238095238095233, 0.11764705882352941, 0.09375, 0.21764705882352942, 0.1111111111111111, 0.21764705882352942, 0.19444444444444442, 0.3392857142857143, 0.2833333333333333, 0.33035714285714285, 0.1111111111111111, 0.2582417582417582, 0.41666666666666663]
 mean: 0.228410872896167, std: 0.11210345431975706
--------------------------------------------------
Subject Number: 8
Accuracy Cross: [0.23529411764705882, 0.2647058823529412, 0.2647058823529412, 0.2647058823529412, 0.38235294117647056, 0.2647058823529412, 0.2647058823529412, 0.29411764705882354, 0.2647058823529412, 0.2647058823529412, 0.2647058823529412, 0.2647058823529412, 0.2647058823529412, 0.2647058823529412, 0.3235294117647059]
 mean: 0.2764705882352941, std: 0.03362044744996518
F1 Score: [0.1497326203208556, 0.10465116279069768, 0.10465116279069768, 0.14097744360902253, 0.2416267942583732, 0.15849673202614378, 0.10465116279069768, 0.18433179723502302, 0.10465116279069768, 0.10714285714285714, 0.10465116279069768, 0.10465116279069768, 0.10465116279069768, 0.16602316602316602, 0.20066518847006654]
 mean: 0.1387703159080261, std: 0.04234169280654453
Accuracy Intime: [0.2857142857142857, 0.2857142857142857, 0.2857142857142857, 0.38461538461538464, 0.3076923076923077, 0.2857142857142857, 0.35714285714285715, 0.42857142857142855, 0.23076923076923078, 0.38461538461538464, 0.2857142857142857, 0.2857142857142857, 0.2857142857142857, 0.23076923076923078, 0.3076923076923077]
 mean: 0.30879120879120875, std: 0.054214929158435204
F1 (Intime): [0.17094017094017094, 0.1111111111111111, 0.1111111111111111, 0.25, 0.20555555555555555, 0.18333333333333335, 0.21764705882352942, 0.3403846153846154, 0.1, 0.30714285714285716, 0.1111111111111111, 0.1111111111111111, 0.1111111111111111, 0.18333333333333335, 0.19642857142857142]
 mean: 0.18068807009983484, std: 0.07273440844200617
--------------------------------------------------
Subject Number: 9
Accuracy Cross: [0.20588235294117646, 0.2647058823529412, 0.29411764705882354, 0.3235294117647059, 0.29411764705882354, 0.3235294117647059, 0.2647058823529412, 0.2647058823529412, 0.3235294117647059, 0.29411764705882354, 0.35294117647058826, 0.29411764705882354, 0.2647058823529412, 0.2647058823529412, 0.2647058823529412]
 mean: 0.28627450980392155, std: 0.03474518656209677
F1 Score: [0.08536585365853659, 0.10465116279069768, 0.15384615384615385, 0.20814132104454686, 0.15384615384615385, 0.2611166007905138, 0.10465116279069768, 0.16544117647058823, 0.209375, 0.15384615384615385, 0.3094017094017094, 0.18627450980392157, 0.10465116279069768, 0.10975609756097561, 0.14166666666666666]
 mean: 0.16346872568720092, std: 0.06086887436403672
Accuracy Intime: [0.35714285714285715, 0.2857142857142857, 0.2857142857142857, 0.46153846153846156, 0.38461538461538464, 0.2857142857142857, 0.2857142857142857, 0.35714285714285715, 0.46153846153846156, 0.3076923076923077, 0.35714285714285715, 0.5, 0.2857142857142857, 0.3076923076923077, 0.38461538461538464]
 mean: 0.35384615384615387, std: 0.07021510815827245
F1 (Intime): [0.20833333333333331, 0.1111111111111111, 0.1111111111111111, 0.3611111111111111, 0.30714285714285716, 0.2222222222222222, 0.1111111111111111, 0.24358974358974358, 0.3125, 0.19642857142857142, 0.275, 0.3205128205128205, 0.1111111111111111, 0.19047619047619047, 0.30714285714285716]
 mean: 0.2259269434269434, std: 0.08398777746218872
--------------------------------------------------
Subject Number: 10
Accuracy Cross: [0.35294117647058826, 0.2647058823529412, 0.2647058823529412, 0.20588235294117646, 0.2647058823529412, 0.23529411764705882, 0.2647058823529412, 0.2647058823529412, 0.2647058823529412, 0.2647058823529412, 0.23529411764705882, 0.2647058823529412, 0.2647058823529412, 0.23529411764705882, 0.2647058823529412]
 mean: 0.2607843137254902, std: 0.030122140187720036
F1 Score: [0.25459770114942526, 0.10465116279069768, 0.10465116279069768, 0.10294117647058823, 0.10465116279069768, 0.15692307692307694, 0.10465116279069768, 0.10465116279069768, 0.10465116279069768, 0.10465116279069768, 0.18525641025641026, 0.10465116279069768, 0.10465116279069768, 0.15476190476190477, 0.10465116279069768]
 mean: 0.1267327931645588, std: 0.0423584370237614
Accuracy Intime: [0.42857142857142855, 0.2857142857142857, 0.2857142857142857, 0.38461538461538464, 0.23076923076923078, 0.5, 0.2857142857142857, 0.2857142857142857, 0.3076923076923077, 0.23076923076923078, 0.5, 0.2857142857142857, 0.2857142857142857, 0.3076923076923077, 0.23076923076923078]
 mean: 0.3223443223443223, std: 0.08638011949483877
F1 (Intime): [0.3666666666666667, 0.1111111111111111, 0.1111111111111111, 0.25, 0.09375, 0.3958333333333333, 0.1111111111111111, 0.1111111111111111, 0.11764705882352941, 0.09375, 0.4042207792207792, 0.1111111111111111, 0.1111111111111111, 0.20833333333333331, 0.09375]
 mean: 0.17937452253628725, std: 0.11316050263554556
--------------------------------------------------
Subject Number: 11
Accuracy Cross: [0.29411764705882354, 0.2647058823529412, 0.4117647058823529, 0.4411764705882353, 0.20588235294117646, 0.3235294117647059, 0.23529411764705882, 0.2647058823529412, 0.29411764705882354, 0.29411764705882354, 0.2647058823529412, 0.2647058823529412, 0.2647058823529412, 0.2647058823529412, 0.38235294117647056]
 mean: 0.2980392156862745, std: 0.0634155357992009
F1 Score: [0.15416666666666667, 0.19166666666666665, 0.3277777777777778, 0.3, 0.11458333333333333, 0.20098039215686275, 0.1517857142857143, 0.17316341829085458, 0.19623655913978494, 0.22629222629222628, 0.10465116279069768, 0.20098039215686275, 0.2226190476190476, 0.10714285714285714, 0.25]
 mean: 0.19480308095462354, std: 0.06317480738316027
Accuracy Intime: [0.2857142857142857, 0.2857142857142857, 0.42857142857142855, 0.42857142857142855, 0.38461538461538464, 0.42857142857142855, 0.42857142857142855, 0.35714285714285715, 0.5, 0.3076923076923077, 0.2857142857142857, 0.35714285714285715, 0.35714285714285715, 0.35714285714285715, 0.3076923076923077]
 mean: 0.36666666666666653, std: 0.06345988665267532
F1 (Intime): [0.17142857142857143, 0.2261904761904762, 0.2761904761904762, 0.26495726495726496, 0.35714285714285715, 0.36868686868686873, 0.275, 0.20535714285714285, 0.38636363636363635, 0.2, 0.1111111111111111, 0.29886363636363633, 0.2833333333333333, 0.21764705882352942, 0.19871794871794873]
 mean: 0.2560660254777902, std: 0.07431586435303543
--------------------------------------------------
Subject Number: 12
Accuracy Cross: [0.14705882352941177, 0.29411764705882354, 0.3235294117647059, 0.2647058823529412, 0.3235294117647059, 0.2647058823529412, 0.23529411764705882, 0.20588235294117646, 0.2647058823529412, 0.2647058823529412, 0.3235294117647059, 0.23529411764705882, 0.2647058823529412, 0.23529411764705882, 0.23529411764705882]
 mean: 0.25882352941176473, std: 0.04581694684528598
F1 Score: [0.07575757575757576, 0.17320261437908496, 0.20340909090909093, 0.21818181818181817, 0.20810810810810812, 0.14102564102564102, 0.15615384615384614, 0.12179487179487179, 0.10465116279069768, 0.10465116279069768, 0.23333333333333334, 0.12781954887218044, 0.14097744360902253, 0.14646464646464646, 0.10810810810810811]
 mean: 0.15090926481858158, std: 0.04562745223832767
Accuracy Intime: [0.35714285714285715, 0.35714285714285715, 0.42857142857142855, 0.3076923076923077, 0.23076923076923078, 0.2857142857142857, 0.35714285714285715, 0.35714285714285715, 0.3076923076923077, 0.23076923076923078, 0.14285714285714285, 0.35714285714285715, 0.42857142857142855, 0.5384615384615384, 0.46153846153846156]
 mean: 0.3432234432234432, std: 0.09623736125429738
F1 (Intime): [0.21764705882352942, 0.2264957264957265, 0.39166666666666666, 0.18681318681318682, 0.15476190476190477, 0.13333333333333333, 0.24747474747474746, 0.21764705882352942, 0.11764705882352941, 0.09375, 0.1111111111111111, 0.21764705882352942, 0.26785714285714285, 0.35, 0.3819444444444444]
 mean: 0.22105309995015876, std: 0.09195043792196576
--------------------------------------------------
Subject Number: 13
Accuracy Cross: [0.20588235294117646, 0.20588235294117646, 0.20588235294117646, 0.2647058823529412, 0.23529411764705882, 0.23529411764705882, 0.2647058823529412, 0.29411764705882354, 0.2647058823529412, 0.23529411764705882, 0.29411764705882354, 0.2647058823529412, 0.2647058823529412, 0.23529411764705882, 0.2647058823529412]
 mean: 0.24901960784313723, std: 0.02814254920472025
F1 Score: [0.15720081135902636, 0.13392857142857142, 0.09210526315789473, 0.11538461538461539, 0.1443932411674347, 0.1282051282051282, 0.10465116279069768, 0.18333333333333335, 0.10465116279069768, 0.15746753246753248, 0.18627450980392157, 0.10465116279069768, 0.10465116279069768, 0.14444444444444443, 0.10465116279069768]
 mean: 0.13106621764702606, std: 0.029195276978130697
Accuracy Intime: [0.42857142857142855, 0.2857142857142857, 0.42857142857142855, 0.38461538461538464, 0.3076923076923077, 0.35714285714285715, 0.2857142857142857, 0.42857142857142855, 0.38461538461538464, 0.6923076923076923, 0.21428571428571427, 0.2857142857142857, 0.35714285714285715, 0.38461538461538464, 0.23076923076923078]
 mean: 0.3637362637362637, std: 0.11056932947784849
F1 (Intime): [0.29166666666666663, 0.1111111111111111, 0.3095238095238095, 0.24747474747474746, 0.225, 0.23214285714285715, 0.1111111111111111, 0.35, 0.25, 0.625, 0.09375, 0.1111111111111111, 0.21764705882352942, 0.2875, 0.09375]
 mean: 0.23711923153099626, std: 0.13254362670218736
--------------------------------------------------
Subject Number: 14
Accuracy Cross: [0.29411764705882354, 0.2647058823529412, 0.2647058823529412, 0.23529411764705882, 0.2647058823529412, 0.23529411764705882, 0.2647058823529412, 0.2647058823529412, 0.38235294117647056, 0.2647058823529412, 0.17647058823529413, 0.2647058823529412, 0.2647058823529412, 0.35294117647058826, 0.35294117647058826]
 mean: 0.2764705882352941, std: 0.05014396804919381
F1 Score: [0.24485645933014352, 0.10465116279069768, 0.10465116279069768, 0.18426501035196685, 0.175, 0.09523809523809523, 0.14166666666666666, 0.10465116279069768, 0.30506493506493504, 0.16818181818181818, 0.10207336523125997, 0.10465116279069768, 0.10465116279069768, 0.2517482517482518, 0.2375]
 mean: 0.16192336105110836, std: 0.06668176573431533
Accuracy Intime: [0.42857142857142855, 0.2857142857142857, 0.2857142857142857, 0.5384615384615384, 0.3076923076923077, 0.2857142857142857, 0.42857142857142855, 0.2857142857142857, 0.3076923076923077, 0.38461538461538464, 0.35714285714285715, 0.2857142857142857, 0.2857142857142857, 0.3076923076923077, 0.3076923076923077]
 mean: 0.33882783882783873, std: 0.07266239716072298
F1 (Intime): [0.35876623376623373, 0.1111111111111111, 0.1111111111111111, 0.41666666666666663, 0.22619047619047616, 0.11764705882352941, 0.2761904761904762, 0.1111111111111111, 0.27146464646464646, 0.26111111111111107, 0.20476190476190476, 0.1111111111111111, 0.1111111111111111, 0.2, 0.225]
 mean: 0.20755694196870672, std: 0.09436210385093957
--------------------------------------------------
Subject Number: 15
Accuracy Cross: [0.3235294117647059, 0.20588235294117646, 0.2647058823529412, 0.2647058823529412, 0.38235294117647056, 0.2647058823529412, 0.2647058823529412, 0.29411764705882354, 0.20588235294117646, 0.14705882352941177, 0.2647058823529412, 0.2647058823529412, 0.2647058823529412, 0.29411764705882354, 0.23529411764705882]
 mean: 0.2627450980392157, std: 0.05202548690753569
F1 Score: [0.2623188405797101, 0.08536585365853659, 0.14423076923076922, 0.10465116279069768, 0.3039772727272727, 0.10975609756097561, 0.10465116279069768, 0.15416666666666667, 0.11601307189542484, 0.09555555555555556, 0.10465116279069768, 0.10465116279069768, 0.10465116279069768, 0.24484126984126983, 0.17787114845938373]
 mean: 0.14782349067527017, std: 0.06647045240318399
Accuracy Intime: [0.35714285714285715, 0.2857142857142857, 0.2857142857142857, 0.3076923076923077, 0.38461538461538464, 0.2857142857142857, 0.2857142857142857, 0.35714285714285715, 0.38461538461538464, 0.38461538461538464, 0.2857142857142857, 0.2857142857142857, 0.2857142857142857, 0.3076923076923077, 0.23076923076923078]
 mean: 0.3142857142857142, std: 0.04567164819159488
F1 (Intime): [0.2708333333333333, 0.1111111111111111, 0.11764705882352941, 0.125, 0.28205128205128205, 0.1111111111111111, 0.1111111111111111, 0.20476190476190476, 0.25, 0.26666666666666666, 0.1111111111111111, 0.1111111111111111, 0.1111111111111111, 0.2111111111111111, 0.23055555555555554]
 mean: 0.17501957193133666, std: 0.06842420647432983
--------------------------------------------------
Subject Number: 16
Accuracy Cross: [0.2647058823529412, 0.2647058823529412, 0.2647058823529412, 0.2647058823529412, 0.2647058823529412, 0.2647058823529412, 0.2647058823529412, 0.29411764705882354, 0.17647058823529413, 0.2647058823529412, 0.2647058823529412, 0.2647058823529412, 0.2647058823529412, 0.2647058823529412, 0.2647058823529412]
 mean: 0.2607843137254902, std: 0.023692247007048178
F1 Score: [0.10465116279069768, 0.10465116279069768, 0.10714285714285714, 0.17316341829085458, 0.10465116279069768, 0.17424242424242425, 0.10465116279069768, 0.19617224880382775, 0.11407407407407408, 0.10465116279069768, 0.10465116279069768, 0.10465116279069768, 0.10465116279069768, 0.14144144144144144, 0.10465116279069768]
 mean: 0.12320646194078386, std: 0.030764719525179687
Accuracy Intime: [0.35714285714285715, 0.2857142857142857, 0.21428571428571427, 0.38461538461538464, 0.23076923076923078, 0.42857142857142855, 0.2857142857142857, 0.35714285714285715, 0.38461538461538464, 0.23076923076923078, 0.2857142857142857, 0.2857142857142857, 0.35714285714285715, 0.38461538461538464, 0.23076923076923078]
 mean: 0.31355311355311355, std: 0.06712797766420693
F1 (Intime): [0.21764705882352942, 0.1111111111111111, 0.1, 0.2582417582417582, 0.09375, 0.2761904761904762, 0.1111111111111111, 0.21764705882352942, 0.24747474747474746, 0.09375, 0.11764705882352941, 0.1111111111111111, 0.21764705882352942, 0.24747474747474746, 0.09375]
 mean: 0.16763688653394535, std: 0.0698958185883516
--------------------------------------------------
Subject Number: 17
Accuracy Cross: [0.2647058823529412, 0.2647058823529412, 0.2647058823529412, 0.14705882352941177, 0.2647058823529412, 0.35294117647058826, 0.2647058823529412, 0.2647058823529412, 0.2647058823529412, 0.3235294117647059, 0.2647058823529412, 0.20588235294117646, 0.20588235294117646, 0.2647058823529412, 0.23529411764705882]
 mean: 0.25686274509803925, std: 0.046151381552705185
F1 Score: [0.19507575757575757, 0.10465116279069768, 0.10465116279069768, 0.07352941176470588, 0.159375, 0.24358974358974358, 0.17261904761904762, 0.10465116279069768, 0.10465116279069768, 0.21582181259600614, 0.10465116279069768, 0.14855072463768115, 0.11948529411764706, 0.22875, 0.14354066985645933]
 mean: 0.14823955171403577, std: 0.05097925622160586
Accuracy Intime: [0.42857142857142855, 0.2857142857142857, 0.2857142857142857, 0.5384615384615384, 0.38461538461538464, 0.5714285714285714, 0.42857142857142855, 0.35714285714285715, 0.3076923076923077, 0.3076923076923077, 0.2857142857142857, 0.42857142857142855, 0.42857142857142855, 0.35714285714285715, 0.38461538461538464]
 mean: 0.38534798534798537, std: 0.08523550575268275
F1 (Intime): [0.275, 0.1111111111111111, 0.1111111111111111, 0.42083333333333334, 0.27840909090909094, 0.48214285714285715, 0.275, 0.20476190476190476, 0.11764705882352941, 0.19642857142857142, 0.1111111111111111, 0.35, 0.3403846153846154, 0.21764705882352942, 0.30714285714285716]
 mean: 0.25324871207224153, std: 0.1118804572289585
--------------------------------------------------
Subject Number: 18
Accuracy Cross: [0.23529411764705882, 0.2647058823529412, 0.2647058823529412, 0.2647058823529412, 0.2647058823529412, 0.2647058823529412, 0.2647058823529412, 0.17647058823529413, 0.2647058823529412, 0.14705882352941177, 0.3235294117647059, 0.2647058823529412, 0.2647058823529412, 0.2647058823529412, 0.2647058823529412]
 mean: 0.2529411764705882, std: 0.039896058724266284
F1 Score: [0.15476190476190477, 0.10465116279069768, 0.1125, 0.10465116279069768, 0.10465116279069768, 0.10714285714285714, 0.10465116279069768, 0.11213517665130568, 0.10465116279069768, 0.12698412698412698, 0.3066906396425847, 0.10465116279069768, 0.10975609756097561, 0.10465116279069768, 0.10465116279069768]
 mean: 0.12447867367128909, std: 0.05038698823447167
Accuracy Intime: [0.2857142857142857, 0.2857142857142857, 0.2857142857142857, 0.3076923076923077, 0.23076923076923078, 0.2857142857142857, 0.2857142857142857, 0.21428571428571427, 0.3076923076923077, 0.23076923076923078, 0.0, 0.42857142857142855, 0.14285714285714285, 0.5384615384615384, 0.23076923076923078]
 mean: 0.2706959706959707, std: 0.11491210887122524
F1 (Intime): [0.19642857142857142, 0.1111111111111111, 0.125, 0.11764705882352941, 0.09375, 0.1111111111111111, 0.1111111111111111, 0.14166666666666666, 0.11764705882352941, 0.09375, 0.0, 0.325, 0.06666666666666667, 0.528030303030303, 0.1]
 mean: 0.14926131058484002, std: 0.12145693718482059
--------------------------------------------------
Subject Number: 19
Accuracy Cross: [0.2647058823529412, 0.2647058823529412, 0.2647058823529412, 0.20588235294117646, 0.4117647058823529, 0.4117647058823529, 0.3235294117647059, 0.2647058823529412, 0.2647058823529412, 0.2647058823529412, 0.2647058823529412, 0.2647058823529412, 0.38235294117647056, 0.35294117647058826, 0.2647058823529412]
 mean: 0.29803921568627445, std: 0.06062597974015805
F1 Score: [0.14166666666666666, 0.10714285714285714, 0.10465116279069768, 0.08974358974358974, 0.26836581709145424, 0.30705329153605015, 0.212406015037594, 0.10465116279069768, 0.10465116279069768, 0.10465116279069768, 0.10714285714285714, 0.10465116279069768, 0.3182136490960021, 0.2801470588235294, 0.10465116279069768]
 mean: 0.16398591860165246, std: 0.08349992600920401
Accuracy Intime: [0.2857142857142857, 0.2857142857142857, 0.2857142857142857, 0.3076923076923077, 0.38461538461538464, 0.35714285714285715, 0.35714285714285715, 0.2857142857142857, 0.3076923076923077, 0.23076923076923078, 0.2857142857142857, 0.35714285714285715, 0.7142857142857143, 0.5384615384615384, 0.23076923076923078]
 mean: 0.34761904761904755, std: 0.12169995475226424
F1 (Intime): [0.17708333333333331, 0.1111111111111111, 0.1111111111111111, 0.125, 0.30714285714285716, 0.21666666666666667, 0.20833333333333331, 0.1111111111111111, 0.11764705882352941, 0.09375, 0.17142857142857143, 0.21764705882352942, 0.6984126984126983, 0.41666666666666663, 0.09375]
 mean: 0.21179077186430123, std: 0.15608606522814095
--------------------------------------------------
Subject Number: 20
Accuracy Cross: [0.3235294117647059, 0.2647058823529412, 0.29411764705882354, 0.23529411764705882, 0.38235294117647056, 0.35294117647058826, 0.2647058823529412, 0.35294117647058826, 0.3235294117647059, 0.2647058823529412, 0.4117647058823529, 0.2647058823529412, 0.2647058823529412, 0.38235294117647056, 0.2647058823529412]
 mean: 0.30980392156862746, std: 0.05355490307352023
F1 Score: [0.21764705882352942, 0.10465116279069768, 0.15416666666666667, 0.18112116641528409, 0.31998556998557, 0.2809436274509804, 0.10465116279069768, 0.2815656565656566, 0.22799422799422797, 0.10465116279069768, 0.26962962962962966, 0.10465116279069768, 0.11538461538461539, 0.3511385199240987, 0.16820276497695852]
 mean: 0.19909227699866722, std: 0.08301356236890176
Accuracy Intime: [0.2857142857142857, 0.42857142857142855, 0.35714285714285715, 0.6153846153846154, 0.46153846153846156, 0.21428571428571427, 0.2857142857142857, 0.42857142857142855, 0.5384615384615384, 0.23076923076923078, 0.42857142857142855, 0.35714285714285715, 0.35714285714285715, 0.15384615384615385, 0.3076923076923077]
 mean: 0.3633699633699633, std: 0.11987371870281868
F1 (Intime): [0.11764705882352941, 0.29166666666666663, 0.21764705882352942, 0.4708333333333333, 0.3246753246753247, 0.13333333333333333, 0.1111111111111111, 0.2761904761904762, 0.3666666666666667, 0.09375, 0.2727272727272727, 0.21764705882352942, 0.20833333333333331, 0.2121212121212121, 0.21666666666666667]
 mean: 0.23540110488639898, std: 0.09963419421203468
--------------------------------------------------
Subject Number: 21
Accuracy Cross: [0.20588235294117646, 0.17647058823529413, 0.23529411764705882, 0.35294117647058826, 0.2647058823529412, 0.3235294117647059, 0.20588235294117646, 0.23529411764705882, 0.2647058823529412, 0.29411764705882354, 0.29411764705882354, 0.2647058823529412, 0.2647058823529412, 0.2647058823529412, 0.2647058823529412]
 mean: 0.26078431372549016, std: 0.0441067524674588
F1 Score: [0.08536585365853659, 0.10794602698650675, 0.15587044534412955, 0.25396825396825395, 0.10465116279069768, 0.2115987460815047, 0.13484848484848483, 0.1597542242703533, 0.10714285714285714, 0.173109243697479, 0.18627450980392157, 0.10465116279069768, 0.10465116279069768, 0.10465116279069768, 0.17624223602484473]
 mean: 0.14471503553264417, std: 0.04696911081227904
Accuracy Intime: [0.2857142857142857, 0.35714285714285715, 0.5, 0.38461538461538464, 0.23076923076923078, 0.2857142857142857, 0.21428571428571427, 0.2857142857142857, 0.3076923076923077, 0.46153846153846156, 0.42857142857142855, 0.35714285714285715, 0.5, 0.23076923076923078, 0.46153846153846156]
 mean: 0.3527472527472527, std: 0.0960140270716606
F1 (Intime): [0.1111111111111111, 0.22727272727272727, 0.3181818181818182, 0.3170995670995671, 0.09375, 0.2316849816849817, 0.09375, 0.11764705882352941, 0.11764705882352941, 0.31666666666666665, 0.33611111111111114, 0.21764705882352942, 0.3205128205128205, 0.09375, 0.31666666666666665]
 mean: 0.21529990978520389, std: 0.09723899532640781
--------------------------------------------------
Subject Number: 22
Accuracy Cross: [0.29411764705882354, 0.2647058823529412, 0.3235294117647059, 0.3235294117647059, 0.2647058823529412, 0.2647058823529412, 0.29411764705882354, 0.2647058823529412, 0.29411764705882354, 0.2647058823529412, 0.2647058823529412, 0.23529411764705882, 0.2647058823529412, 0.38235294117647056, 0.2647058823529412]
 mean: 0.28431372549019607, std: 0.03507557611764376
F1 Score: [0.15384615384615385, 0.10714285714285714, 0.20764617691154424, 0.209375, 0.10465116279069768, 0.10465116279069768, 0.21127450980392157, 0.10465116279069768, 0.17477477477477477, 0.10465116279069768, 0.10465116279069768, 0.1437908496732026, 0.10465116279069768, 0.25112443778110943, 0.10465116279069768]
 mean: 0.14610219329789648, std: 0.05000052413680414
Accuracy Intime: [0.2857142857142857, 0.35714285714285715, 0.5, 0.38461538461538464, 0.23076923076923078, 0.2857142857142857, 0.5, 0.2857142857142857, 0.38461538461538464, 0.23076923076923078, 0.35714285714285715, 0.2857142857142857, 0.2857142857142857, 0.38461538461538464, 0.23076923076923078]
 mean: 0.3326007326007326, std: 0.08464313009424794
F1 (Intime): [0.1111111111111111, 0.21764705882352942, 0.31666666666666665, 0.23333333333333334, 0.09375, 0.1111111111111111, 0.38636363636363635, 0.1111111111111111, 0.25, 0.09375, 0.21764705882352942, 0.17142857142857143, 0.1111111111111111, 0.25, 0.09375]
 mean: 0.18458538465891408, std: 0.08861932120467285
--------------------------------------------------
Subject Number: 23
Accuracy Cross: [0.14705882352941177, 0.2647058823529412, 0.5, 0.2647058823529412, 0.20588235294117646, 0.4117647058823529, 0.3235294117647059, 0.29411764705882354, 0.2647058823529412, 0.35294117647058826, 0.3235294117647059, 0.3235294117647059, 0.38235294117647056, 0.4117647058823529, 0.4411764705882353]
 mean: 0.32745098039215687, std: 0.0897688089588988
F1 Score: [0.09520239880059969, 0.14144144144144144, 0.4111111111111111, 0.10465116279069768, 0.15974025974025974, 0.271889400921659, 0.24166666666666664, 0.15521064301552107, 0.1125, 0.28144736842105267, 0.20252100840336135, 0.18984962406015038, 0.28396029258098227, 0.32976827094474154, 0.3729270729270729]
 mean: 0.22359244812168783, std: 0.09607123641263067
Accuracy Intime: [0.35714285714285715, 0.35714285714285715, 0.5714285714285714, 0.3076923076923077, 0.5384615384615384, 0.42857142857142855, 0.5, 0.2857142857142857, 0.35714285714285715, 0.6153846153846154, 0.2857142857142857, 0.5, 0.6428571428571429, 0.38461538461538464, 0.38461538461538464]
 mean: 0.43443223443223455, std: 0.11477190655917459
F1 (Intime): [0.20833333333333331, 0.21764705882352942, 0.3666666666666667, 0.11764705882352941, 0.5166666666666666, 0.31666666666666665, 0.40277777777777773, 0.11764705882352941, 0.21764705882352942, 0.6166666666666667, 0.18803418803418803, 0.3476190476190476, 0.6423160173160173, 0.31691919191919193, 0.33279220779220775]
 mean: 0.3284031110501699, std: 0.1575276499799278
--------------------------------------------------
Subject Number: 24
Accuracy Cross: [0.17647058823529413, 0.20588235294117646, 0.17647058823529413, 0.2647058823529412, 0.23529411764705882, 0.2647058823529412, 0.2647058823529412, 0.38235294117647056, 0.20588235294117646, 0.2647058823529412, 0.29411764705882354, 0.2647058823529412, 0.14705882352941177, 0.2647058823529412, 0.2647058823529412]
 mean: 0.24509803921568624, std: 0.0554593553871802
F1 Score: [0.13844155844155845, 0.1797979797979798, 0.14095238095238094, 0.10465116279069768, 0.17855750487329433, 0.10465116279069768, 0.10465116279069768, 0.2434640522875817, 0.0945945945945946, 0.10465116279069768, 0.23961598746081506, 0.10465116279069768, 0.09555555555555556, 0.10714285714285714, 0.10465116279069768]
 mean: 0.13640196319005357, std: 0.04907250164055668
Accuracy Intime: [0.42857142857142855, 0.42857142857142855, 0.35714285714285715, 0.3076923076923077, 0.23076923076923078, 0.35714285714285715, 0.2857142857142857, 0.35714285714285715, 0.3076923076923077, 0.23076923076923078, 0.35714285714285715, 0.2857142857142857, 0.2857142857142857, 0.3076923076923077, 0.23076923076923078]
 mean: 0.3172161172161172, std: 0.061560261270463636
F1 (Intime): [0.31666666666666665, 0.3744588744588744, 0.2875, 0.11764705882352941, 0.17424242424242425, 0.23333333333333334, 0.17708333333333331, 0.26785714285714285, 0.2602564102564103, 0.10714285714285714, 0.20535714285714285, 0.1111111111111111, 0.17094017094017094, 0.125, 0.09375]
 mean: 0.2014897684015331, std: 0.08298516280940625
--------------------------------------------------
Subject Number: 25
Accuracy Cross: [0.23529411764705882, 0.2647058823529412, 0.2647058823529412, 0.2647058823529412, 0.20588235294117646, 0.17647058823529413, 0.2647058823529412, 0.3235294117647059, 0.29411764705882354, 0.2647058823529412, 0.29411764705882354, 0.2647058823529412, 0.2647058823529412, 0.3235294117647059, 0.2647058823529412]
 mean: 0.2647058823529412, std: 0.03720326659021623
F1 Score: [0.1625, 0.10714285714285714, 0.10465116279069768, 0.10465116279069768, 0.08536585365853659, 0.11694152923538231, 0.10465116279069768, 0.2820998445998446, 0.19607843137254902, 0.10465116279069768, 0.15714285714285714, 0.10465116279069768, 0.14097744360902253, 0.212143928035982, 0.10465116279069768]
 mean: 0.13921998143608116, std: 0.052553005480239584
Accuracy Intime: [0.42857142857142855, 0.5, 0.2857142857142857, 0.38461538461538464, 0.46153846153846156, 0.42857142857142855, 0.35714285714285715, 0.42857142857142855, 0.5384615384615384, 0.38461538461538464, 0.35714285714285715, 0.2857142857142857, 0.35714285714285715, 0.5384615384615384, 0.23076923076923078]
 mean: 0.3978021978021978, std: 0.08765530262942724
F1 (Intime): [0.2727272727272727, 0.3205128205128205, 0.1111111111111111, 0.31691919191919193, 0.41538461538461546, 0.26785714285714285, 0.21764705882352942, 0.4, 0.41666666666666663, 0.28205128205128205, 0.20833333333333331, 0.1111111111111111, 0.21764705882352942, 0.39285714285714285, 0.09375]
 mean: 0.2696383872119166, std: 0.10658010810544126
--------------------------------------------------
Subject Number: 26
Accuracy Cross: [0.2647058823529412, 0.2647058823529412, 0.2647058823529412, 0.2647058823529412, 0.38235294117647056, 0.23529411764705882, 0.2647058823529412, 0.2647058823529412, 0.29411764705882354, 0.2647058823529412, 0.2647058823529412, 0.29411764705882354, 0.2647058823529412, 0.2647058823529412, 0.29411764705882354]
 mean: 0.2764705882352941, std: 0.031858974135827285
F1 Score: [0.10465116279069768, 0.20525451559934316, 0.10465116279069768, 0.10465116279069768, 0.240625, 0.15407407407407409, 0.10465116279069768, 0.10465116279069768, 0.20202020202020202, 0.10465116279069768, 0.22311212814645306, 0.15384615384615385, 0.10465116279069768, 0.10465116279069768, 0.15798319327731092]
 mean: 0.1449416379526079, std: 0.04863530272286121
Accuracy Intime: [0.2857142857142857, 0.42857142857142855, 0.2857142857142857, 0.3076923076923077, 0.3076923076923077, 0.42857142857142855, 0.2857142857142857, 0.2857142857142857, 0.3076923076923077, 0.23076923076923078, 0.5, 0.2857142857142857, 0.2857142857142857, 0.3076923076923077, 0.38461538461538464]
 mean: 0.3278388278388278, std: 0.07063995959159937
F1 (Intime): [0.1111111111111111, 0.3333333333333333, 0.1111111111111111, 0.11764705882352941, 0.225, 0.275, 0.1111111111111111, 0.1111111111111111, 0.13333333333333333, 0.09375, 0.4, 0.2, 0.1111111111111111, 0.11764705882352941, 0.26785714285714285]
 mean: 0.18127489884842826, std: 0.09387105412647878
--------------------------------------------------
Subject Number: 27
Accuracy Cross: [0.2647058823529412, 0.2647058823529412, 0.2647058823529412, 0.2647058823529412, 0.35294117647058826, 0.3235294117647059, 0.3235294117647059, 0.2647058823529412, 0.17647058823529413, 0.2647058823529412, 0.2647058823529412, 0.20588235294117646, 0.2647058823529412, 0.2647058823529412, 0.2647058823529412]
 mean: 0.26862745098039215, std: 0.041409239376358584
F1 Score: [0.10465116279069768, 0.10465116279069768, 0.10465116279069768, 0.12162162162162163, 0.2622053872053872, 0.20810810810810812, 0.1882882882882883, 0.10465116279069768, 0.11555555555555555, 0.10465116279069768, 0.10465116279069768, 0.14251207729468598, 0.16985645933014354, 0.1468253968253968, 0.10465116279069768]
 mean: 0.1391687355842714, std: 0.04656225028083025
Accuracy Intime: [0.42857142857142855, 0.2857142857142857, 0.35714285714285715, 0.5384615384615384, 0.15384615384615385, 0.5, 0.42857142857142855, 0.35714285714285715, 0.38461538461538464, 0.3076923076923077, 0.2857142857142857, 0.5, 0.42857142857142855, 0.35714285714285715, 0.23076923076923078]
 mean: 0.36959706959706956, std: 0.10242926772831719
F1 (Intime): [0.2761904761904762, 0.125, 0.21764705882352942, 0.4345238095238095, 0.1111111111111111, 0.3205128205128205, 0.29166666666666663, 0.21764705882352942, 0.3159090909090909, 0.20714285714285713, 0.1111111111111111, 0.3857142857142857, 0.28205128205128205, 0.21764705882352942, 0.09375]
 mean: 0.24050831249360663, std: 0.0991556376358422
--------------------------------------------------
Subject Number: 28
Accuracy Cross: [0.2647058823529412, 0.2647058823529412, 0.23529411764705882, 0.14705882352941177, 0.2647058823529412, 0.3235294117647059, 0.29411764705882354, 0.2647058823529412, 0.35294117647058826, 0.3235294117647059, 0.3235294117647059, 0.2647058823529412, 0.2647058823529412, 0.29411764705882354, 0.20588235294117646]
 mean: 0.2725490196078431, std: 0.04975912760960597
F1 Score: [0.10465116279069768, 0.16985645933014354, 0.15207373271889402, 0.09615384615384616, 0.10465116279069768, 0.26339285714285715, 0.15714285714285714, 0.10465116279069768, 0.3325757575757576, 0.24583333333333335, 0.18739495798319328, 0.10465116279069768, 0.11538461538461539, 0.24731182795698922, 0.08536585365853659]
 mean: 0.16473938330292096, std: 0.07300044859716458
Accuracy Intime: [0.2857142857142857, 0.35714285714285715, 0.42857142857142855, 0.5384615384615384, 0.23076923076923078, 0.5714285714285714, 0.35714285714285715, 0.2857142857142857, 0.5384615384615384, 0.6153846153846154, 0.2857142857142857, 0.2857142857142857, 0.2857142857142857, 0.3076923076923077, 0.3076923076923077]
 mean: 0.37875457875457863, std: 0.12188173387739139
F1 (Intime): [0.1111111111111111, 0.21764705882352942, 0.33611111111111114, 0.3484848484848485, 0.09375, 0.5595238095238095, 0.20833333333333331, 0.1111111111111111, 0.5178571428571428, 0.5333333333333333, 0.18333333333333335, 0.1111111111111111, 0.1111111111111111, 0.2611111111111111, 0.20714285714285713]
 mean: 0.2607381588999236, std: 0.15789806829691527
--------------------------------------------------
Subject Number: 29
Accuracy Cross: [0.29411764705882354, 0.2647058823529412, 0.2647058823529412, 0.2647058823529412, 0.3235294117647059, 0.3235294117647059, 0.2647058823529412, 0.2647058823529412, 0.17647058823529413, 0.2647058823529412, 0.23529411764705882, 0.17647058823529413, 0.23529411764705882, 0.2647058823529412, 0.29411764705882354]
 mean: 0.26078431372549016, std: 0.04140923937635858
F1 Score: [0.19111111111111112, 0.14301552106430154, 0.10465116279069768, 0.10465116279069768, 0.2142857142857143, 0.21405228758169934, 0.10465116279069768, 0.10465116279069768, 0.10150375939849623, 0.1686656671664168, 0.13056680161943318, 0.11005692599620492, 0.19846491228070173, 0.1715686274509804, 0.18627450980392157]
 mean: 0.14987803259478477, std: 0.042429065768737936
Accuracy Intime: [0.2857142857142857, 0.21428571428571427, 0.2857142857142857, 0.3076923076923077, 0.38461538461538464, 0.2857142857142857, 0.2857142857142857, 0.2857142857142857, 0.38461538461538464, 0.46153846153846156, 0.42857142857142855, 0.5, 0.42857142857142855, 0.38461538461538464, 0.38461538461538464]
 mean: 0.35384615384615387, std: 0.07862584247624968
F1 (Intime): [0.18181818181818182, 0.08823529411764706, 0.1111111111111111, 0.11764705882352941, 0.26785714285714285, 0.18181818181818182, 0.1111111111111111, 0.1111111111111111, 0.25757575757575757, 0.31666666666666665, 0.3095238095238095, 0.31666666666666665, 0.43333333333333335, 0.2708333333333333, 0.28205128205128205]
 mean: 0.223824002794591, std: 0.09948398052160043
--------------------------------------------------
**************************************************
accuracy_cross_list: [0.2588235294117647, 0.2588235294117646, 0.26274509803921564, 0.30196078431372547, 0.3274509803921568, 0.2941176470588235, 0.2980392156862745, 0.2764705882352941, 0.28627450980392155, 0.2607843137254902, 0.2980392156862745, 0.25882352941176473, 0.24901960784313723, 0.2764705882352941, 0.2627450980392157, 0.2607843137254902, 0.25686274509803925, 0.2529411764705882, 0.29803921568627445, 0.30980392156862746, 0.26078431372549016, 0.28431372549019607, 0.32745098039215687, 0.24509803921568624, 0.2647058823529412, 0.2764705882352941, 0.26862745098039215, 0.2725490196078431, 0.26078431372549016]
f1_score_list: [0.13857587421138584, 0.15870256513269015, 0.14098208374658225, 0.1902561948492666, 0.19913797909185568, 0.14784079126333166, 0.17860262406967234, 0.1387703159080261, 0.16346872568720092, 0.1267327931645588, 0.19480308095462354, 0.15090926481858158, 0.13106621764702606, 0.16192336105110836, 0.14782349067527017, 0.12320646194078386, 0.14823955171403577, 0.12447867367128909, 0.16398591860165246, 0.19909227699866722, 0.14471503553264417, 0.14610219329789648, 0.22359244812168783, 0.13640196319005357, 0.13921998143608116, 0.1449416379526079, 0.1391687355842714, 0.16473938330292096, 0.14987803259478477]
accuracy_intime_list: [0.323076923076923, 0.3692307692307692, 0.35128205128205126, 0.3619047619047619, 0.3798534798534798, 0.3417582417582417, 0.357875457875458, 0.30879120879120875, 0.35384615384615387, 0.3223443223443223, 0.36666666666666653, 0.3432234432234432, 0.3637362637362637, 0.33882783882783873, 0.3142857142857142, 0.31355311355311355, 0.38534798534798537, 0.2706959706959707, 0.34761904761904755, 0.3633699633699633, 0.3527472527472527, 0.3326007326007326, 0.43443223443223455, 0.3172161172161172, 0.3978021978021978, 0.3278388278388278, 0.36959706959706956, 0.37875457875457863, 0.35384615384615387]
f1_score_intime_list: [0.1825608813844108, 0.2523249598984893, 0.21994715252068192, 0.23345447036623507, 0.2375692063927358, 0.18680315871492342, 0.228410872896167, 0.18068807009983484, 0.2259269434269434, 0.17937452253628725, 0.2560660254777902, 0.22105309995015876, 0.23711923153099626, 0.20755694196870672, 0.17501957193133666, 0.16763688653394535, 0.25324871207224153, 0.14926131058484002, 0.21179077186430123, 0.23540110488639898, 0.21529990978520389, 0.18458538465891408, 0.3284031110501699, 0.2014897684015331, 0.2696383872119166, 0.18127489884842826, 0.24050831249360663, 0.2607381588999236, 0.223824002794591]
**************************************************
ACC: 27.62±2.20
F1: 15.58±2.47
Intime: 34.97±3.12
F1 (Intime): 21.89±3.70
