1e-05
Subject Number: 1
Accuracy Cross: [0.5625, 0.5625, 0.5625, 0.5625, 0.5625, 0.4375, 0.5, 0.5625, 0.5625, 0.5625, 0.5625, 0.5625, 0.5625, 0.5, 0.5625]
 mean: 0.5458333333333333, std: 0.035843021946010946
F1 Score: [0.36, 0.36, 0.45893719806763283, 0.36, 0.36, 0.30434782608695654, 0.3333333333333333, 0.36, 0.36, 0.36, 0.36, 0.36, 0.36, 0.4666666666666667, 0.36]
 mean: 0.368219001610306, std: 0.0399677726003984
Accuracy Intime: [0.5714285714285714, 0.5714285714285714, 1.0, 0.6666666666666666, 0.6666666666666666, 0.5714285714285714, 0.5714285714285714, 0.6666666666666666, 0.6666666666666666, 0.6666666666666666, 0.5714285714285714, 0.5714285714285714, 0.6666666666666666, 0.5, 0.6666666666666666]
 mean: 0.6396825396825396, std: 0.11026891703465656
F1 (Intime): [0.36363636363636365, 0.36363636363636365, 1.0, 0.4, 0.4, 0.36363636363636365, 0.36363636363636365, 0.4, 0.4, 0.4, 0.36363636363636365, 0.36363636363636365, 0.4, 0.3333333333333333, 0.4]
 mean: 0.421010101010101, std: 0.1561531221963761
--------------------------------------------------
Subject Number: 2
Accuracy Cross: [0.5625, 0.5625, 0.5625, 0.5625, 0.5625, 0.5625, 0.8125, 0.5625, 0.5625, 0.5625, 0.5625, 0.5625, 0.5625, 0.5625, 0.5625]
 mean: 0.5791666666666667, std: 0.06236095644623236
F1 Score: [0.36, 0.36, 0.36, 0.36, 0.36, 0.36, 0.8056680161943319, 0.36, 0.36, 0.36, 0.36, 0.36, 0.36, 0.36, 0.36]
 mean: 0.3897112010796222, std: 0.11116913498949403
Accuracy Intime: [0.5714285714285714, 0.5714285714285714, 0.6666666666666666, 0.6666666666666666, 0.6666666666666666, 0.5714285714285714, 1.0, 0.5714285714285714, 0.6666666666666666, 0.6666666666666666, 0.5714285714285714, 0.5714285714285714, 0.6666666666666666, 0.6666666666666666, 0.6666666666666666]
 mean: 0.6507936507936507, std: 0.10384398243680079
F1 (Intime): [0.36363636363636365, 0.36363636363636365, 0.4, 0.4, 0.4, 0.36363636363636365, 1.0, 0.36363636363636365, 0.4, 0.4, 0.36363636363636365, 0.36363636363636365, 0.4, 0.4, 0.4]
 mean: 0.42545454545454553, std: 0.15453475898818747
--------------------------------------------------
Subject Number: 3
Accuracy Cross: [0.5625, 0.5625, 0.625, 0.5625, 0.5625, 0.375, 0.5625, 0.5625, 0.5625, 0.5625, 0.5625, 0.5625, 0.75, 0.5625, 0.5625]
 mean: 0.5666666666666667, std: 0.07021791477646966
F1 Score: [0.36, 0.36, 0.6190476190476191, 0.36, 0.5607843137254902, 0.3333333333333333, 0.36, 0.36, 0.36, 0.36, 0.36, 0.36, 0.7333333333333334, 0.36, 0.36]
 mean: 0.4137665732959851, std: 0.11666082815908614
Accuracy Intime: [0.5714285714285714, 0.7142857142857143, 0.7142857142857143, 0.6666666666666666, 0.6666666666666666, 0.7142857142857143, 0.5714285714285714, 0.6666666666666666, 0.6666666666666666, 0.6666666666666666, 0.5714285714285714, 0.5714285714285714, 0.8333333333333334, 0.6666666666666666, 0.6666666666666666]
 mean: 0.6619047619047618, std: 0.06856701925858788
F1 (Intime): [0.36363636363636365, 0.65, 0.7083333333333333, 0.4, 0.4, 0.65, 0.36363636363636365, 0.4, 0.4, 0.4, 0.36363636363636365, 0.36363636363636365, 0.8285714285714285, 0.4, 0.4]
 mean: 0.4727633477633478, std: 0.14823733186225352
--------------------------------------------------
Subject Number: 4
Accuracy Cross: [0.5625, 0.5625, 0.875, 0.5625, 0.5625, 0.5625, 0.5625, 0.5625, 0.5625, 0.5625, 0.5625, 0.5625, 0.5625, 0.5625, 0.5625]
 mean: 0.5833333333333334, std: 0.07795119555779043
F1 Score: [0.36, 0.36, 0.8666666666666667, 0.36, 0.36, 0.36, 0.36, 0.36, 0.36, 0.36, 0.36, 0.36, 0.36, 0.36, 0.36]
 mean: 0.3937777777777779, std: 0.1263848717310309
Accuracy Intime: [0.5714285714285714, 0.5714285714285714, 1.0, 0.6666666666666666, 0.6666666666666666, 0.5714285714285714, 0.5714285714285714, 0.5714285714285714, 0.6666666666666666, 0.6666666666666666, 0.5714285714285714, 0.5714285714285714, 0.5714285714285714, 0.6666666666666666, 0.6666666666666666]
 mean: 0.6380952380952379, std: 0.10690449676496976
F1 (Intime): [0.36363636363636365, 0.36363636363636365, 1.0, 0.4, 0.4, 0.36363636363636365, 0.36363636363636365, 0.36363636363636365, 0.4, 0.4, 0.36363636363636365, 0.36363636363636365, 0.36363636363636365, 0.4, 0.4]
 mean: 0.42060606060606065, std: 0.15582241310568568
--------------------------------------------------
Subject Number: 5
Accuracy Cross: [0.5625, 0.5625, 0.5625, 0.5625, 0.5625, 0.5625, 0.5625, 0.5625, 0.5625, 0.5625, 0.5625, 0.5625, 0.5625, 0.5625, 0.5625]
 mean: 0.5625, std: 0.0
F1 Score: [0.36, 0.36, 0.36, 0.36, 0.36, 0.36, 0.36, 0.36, 0.36, 0.36, 0.36, 0.36, 0.36, 0.36, 0.36]
 mean: 0.36000000000000004, std: 5.551115123125783e-17
Accuracy Intime: [0.5714285714285714, 0.5714285714285714, 0.6666666666666666, 0.6666666666666666, 0.6666666666666666, 0.5714285714285714, 0.5714285714285714, 0.6666666666666666, 0.6666666666666666, 0.6666666666666666, 0.5714285714285714, 0.5714285714285714, 0.6666666666666666, 0.6666666666666666, 0.6666666666666666]
 mean: 0.6285714285714284, std: 0.046656947481584346
F1 (Intime): [0.36363636363636365, 0.36363636363636365, 0.4, 0.4, 0.4, 0.36363636363636365, 0.36363636363636365, 0.4, 0.4, 0.4, 0.36363636363636365, 0.36363636363636365, 0.4, 0.4, 0.4]
 mean: 0.3854545454545455, std: 0.01781447085660494
--------------------------------------------------
Subject Number: 6
Accuracy Cross: [0.5625, 0.5, 0.5625, 0.5625, 0.4375, 0.5625, 0.625, 0.5625, 0.5625, 0.5625, 0.5625, 0.5625, 0.5625, 0.5625, 0.5625]
 mean: 0.5541666666666667, std: 0.03864007706456544
F1 Score: [0.36, 0.4920634920634921, 0.36, 0.36, 0.41700404858299595, 0.36, 0.5, 0.36, 0.36, 0.36, 0.36, 0.36, 0.36, 0.36, 0.36]
 mean: 0.3819378360430993, std: 0.046954728364704705
Accuracy Intime: [0.5714285714285714, 0.8571428571428571, 0.5714285714285714, 0.8333333333333334, 0.3333333333333333, 0.5714285714285714, 0.5714285714285714, 0.6666666666666666, 0.6666666666666666, 0.6666666666666666, 0.5714285714285714, 0.5714285714285714, 0.6666666666666666, 0.6666666666666666, 0.6666666666666666]
 mean: 0.63015873015873, std: 0.1182086842026087
F1 (Intime): [0.36363636363636365, 0.8444444444444444, 0.36363636363636365, 0.7777777777777777, 0.25, 0.36363636363636365, 0.36363636363636365, 0.4, 0.4, 0.4, 0.36363636363636365, 0.36363636363636365, 0.4, 0.4, 0.4]
 mean: 0.4302693602693603, std: 0.15425893497860937
--------------------------------------------------
Subject Number: 7
Accuracy Cross: [0.5625, 0.5625, 0.5625, 0.5625, 0.5625, 0.5625, 0.5625, 0.5625, 0.5625, 0.5625, 0.5625, 0.5625, 0.5625, 0.5625, 0.5625]
 mean: 0.5625, std: 0.0
F1 Score: [0.36, 0.36, 0.36, 0.36, 0.36, 0.36, 0.36, 0.36, 0.36, 0.36, 0.36, 0.36, 0.36, 0.36, 0.36]
 mean: 0.36000000000000004, std: 5.551115123125783e-17
Accuracy Intime: [0.5714285714285714, 0.5714285714285714, 0.6666666666666666, 0.6666666666666666, 0.6666666666666666, 0.5714285714285714, 0.5714285714285714, 0.6666666666666666, 0.6666666666666666, 0.6666666666666666, 0.5714285714285714, 0.5714285714285714, 0.6666666666666666, 0.6666666666666666, 0.6666666666666666]
 mean: 0.6285714285714284, std: 0.046656947481584346
F1 (Intime): [0.36363636363636365, 0.36363636363636365, 0.4, 0.4, 0.4, 0.36363636363636365, 0.36363636363636365, 0.4, 0.4, 0.4, 0.36363636363636365, 0.36363636363636365, 0.4, 0.4, 0.4]
 mean: 0.3854545454545455, std: 0.01781447085660494
--------------------------------------------------
Subject Number: 8
Accuracy Cross: [0.5625, 0.5625, 0.5625, 0.5625, 0.5625, 0.5625, 0.5625, 0.5625, 0.5625, 0.5625, 0.5625, 0.5625, 0.5625, 0.5625, 0.5625]
 mean: 0.5625, std: 0.0
F1 Score: [0.36, 0.36, 0.36, 0.36, 0.36, 0.36, 0.36, 0.36, 0.36, 0.36, 0.36, 0.36, 0.36, 0.36, 0.36]
 mean: 0.36000000000000004, std: 5.551115123125783e-17
Accuracy Intime: [0.5714285714285714, 0.5714285714285714, 0.6666666666666666, 0.6666666666666666, 0.6666666666666666, 0.5714285714285714, 0.5714285714285714, 0.6666666666666666, 0.6666666666666666, 0.6666666666666666, 0.5714285714285714, 0.5714285714285714, 0.6666666666666666, 0.6666666666666666, 0.6666666666666666]
 mean: 0.6285714285714284, std: 0.046656947481584346
F1 (Intime): [0.36363636363636365, 0.36363636363636365, 0.4, 0.4, 0.4, 0.36363636363636365, 0.36363636363636365, 0.4, 0.4, 0.4, 0.36363636363636365, 0.36363636363636365, 0.4, 0.4, 0.4]
 mean: 0.3854545454545455, std: 0.01781447085660494
--------------------------------------------------
Subject Number: 9
Accuracy Cross: [0.5625, 0.5625, 0.5625, 0.5625, 0.5625, 0.5625, 0.5625, 0.5625, 0.5625, 0.5625, 0.5625, 0.5625, 0.5625, 0.5625, 0.6875]
 mean: 0.5708333333333333, std: 0.031180478223116176
F1 Score: [0.36, 0.36, 0.36, 0.36, 0.36, 0.36, 0.5465587044534412, 0.36, 0.36, 0.36, 0.36, 0.36, 0.36, 0.36, 0.6536796536796536]
 mean: 0.39201589054220637, std: 0.08393514579109664
Accuracy Intime: [0.5714285714285714, 0.5714285714285714, 0.6666666666666666, 0.6666666666666666, 0.6666666666666666, 0.5714285714285714, 0.2857142857142857, 0.6666666666666666, 0.6666666666666666, 0.6666666666666666, 0.5714285714285714, 0.5714285714285714, 0.6666666666666666, 0.6666666666666666, 0.8333333333333334]
 mean: 0.6206349206349207, std: 0.11149593224657744
F1 (Intime): [0.36363636363636365, 0.36363636363636365, 0.4, 0.4, 0.4, 0.36363636363636365, 0.2857142857142857, 0.4, 0.4, 0.4, 0.36363636363636365, 0.36363636363636365, 0.4, 0.4, 0.7777777777777777]
 mean: 0.40544492544492544, std: 0.10390512849836746
--------------------------------------------------
Subject Number: 10
Accuracy Cross: [0.5625, 0.5625, 0.5625, 0.5625, 0.5625, 0.5625, 0.5625, 0.5625, 0.5625, 0.5625, 0.5625, 0.5625, 0.5625, 0.5625, 0.5625]
 mean: 0.5625, std: 0.0
F1 Score: [0.36, 0.36, 0.36, 0.36, 0.36, 0.36, 0.36, 0.36, 0.36, 0.36, 0.36, 0.36, 0.36, 0.36, 0.36]
 mean: 0.36000000000000004, std: 5.551115123125783e-17
Accuracy Intime: [0.5714285714285714, 0.5714285714285714, 0.6666666666666666, 0.6666666666666666, 0.6666666666666666, 0.5714285714285714, 0.5714285714285714, 0.6666666666666666, 0.6666666666666666, 0.6666666666666666, 0.5714285714285714, 0.5714285714285714, 0.6666666666666666, 0.6666666666666666, 0.6666666666666666]
 mean: 0.6285714285714284, std: 0.046656947481584346
F1 (Intime): [0.36363636363636365, 0.36363636363636365, 0.4, 0.4, 0.4, 0.36363636363636365, 0.36363636363636365, 0.4, 0.4, 0.4, 0.36363636363636365, 0.36363636363636365, 0.4, 0.4, 0.4]
 mean: 0.3854545454545455, std: 0.01781447085660494
--------------------------------------------------
Subject Number: 11
Accuracy Cross: [0.4375, 0.5625, 0.5, 0.5625, 0.75, 0.5625, 0.5625, 0.6875, 0.5, 0.5625, 0.5625, 0.5625, 0.5625, 0.5625, 0.5625]
 mean: 0.5666666666666667, std: 0.07021791477646966
F1 Score: [0.30434782608695654, 0.36, 0.3333333333333333, 0.36, 0.7090909090909091, 0.36, 0.36, 0.6536796536796536, 0.4181818181818182, 0.36, 0.36, 0.36, 0.36, 0.36, 0.36]
 mean: 0.4012422360248448, std: 0.11248459771591979
Accuracy Intime: [0.5714285714285714, 0.5714285714285714, 0.7142857142857143, 0.6666666666666666, 0.6666666666666666, 0.7142857142857143, 0.5714285714285714, 0.7142857142857143, 0.6666666666666666, 0.6666666666666666, 0.7142857142857143, 0.8571428571428571, 0.5714285714285714, 0.8333333333333334, 0.6666666666666666]
 mean: 0.6777777777777777, std: 0.084679229640312
F1 (Intime): [0.5714285714285714, 0.36363636363636365, 0.65, 0.4, 0.625, 0.65, 0.36363636363636365, 0.7083333333333333, 0.4, 0.4, 0.65, 0.8444444444444444, 0.36363636363636365, 0.7777777777777777, 0.4]
 mean: 0.5445262145262145, std: 0.16196268191496702
--------------------------------------------------
Subject Number: 12
Accuracy Cross: [0.5625, 0.5625, 0.5625, 0.5625, 0.5625, 0.5625, 0.5625, 0.5625, 0.5625, 0.5625, 0.5625, 0.5625, 0.5625, 0.5625, 0.5625]
 mean: 0.5625, std: 0.0
F1 Score: [0.36, 0.36, 0.36, 0.36, 0.36, 0.36, 0.36, 0.36, 0.36, 0.36, 0.36, 0.5607843137254902, 0.36, 0.36, 0.36]
 mean: 0.37338562091503275, std: 0.0500844073732878
Accuracy Intime: [0.5714285714285714, 0.5714285714285714, 0.6666666666666666, 0.6666666666666666, 0.6666666666666666, 0.5714285714285714, 0.5714285714285714, 0.6666666666666666, 0.6666666666666666, 0.6666666666666666, 0.5714285714285714, 0.5714285714285714, 0.6666666666666666, 0.6666666666666666, 0.6666666666666666]
 mean: 0.6285714285714284, std: 0.046656947481584346
F1 (Intime): [0.36363636363636365, 0.36363636363636365, 0.4, 0.4, 0.4, 0.36363636363636365, 0.36363636363636365, 0.4, 0.4, 0.4, 0.36363636363636365, 0.5333333333333333, 0.4, 0.4, 0.4]
 mean: 0.3967676767676768, std: 0.04019339027214833
--------------------------------------------------
Subject Number: 13
Accuracy Cross: [0.5625, 0.5625, 0.5625, 0.5625, 0.5625, 0.5625, 0.5, 0.4375, 0.5, 0.5625, 0.5625, 0.5625, 0.4375, 0.5625, 0.5625]
 mean: 0.5375, std: 0.04448782605013046
F1 Score: [0.36, 0.36, 0.36, 0.36, 0.36, 0.36, 0.4666666666666667, 0.30434782608695654, 0.4181818181818182, 0.36, 0.36, 0.36, 0.37662337662337664, 0.36, 0.36]
 mean: 0.36838797917058785, std: 0.03374515267692725
Accuracy Intime: [0.5714285714285714, 0.5714285714285714, 0.6666666666666666, 0.6666666666666666, 0.6666666666666666, 0.5714285714285714, 0.42857142857142855, 0.6666666666666666, 0.8333333333333334, 0.6666666666666666, 0.5714285714285714, 0.5714285714285714, 0.6666666666666666, 0.6666666666666666, 0.6666666666666666]
 mean: 0.63015873015873, std: 0.08556718712345115
F1 (Intime): [0.36363636363636365, 0.36363636363636365, 0.4, 0.4, 0.4, 0.36363636363636365, 0.41666666666666663, 0.6666666666666666, 0.7777777777777777, 0.4, 0.36363636363636365, 0.36363636363636365, 0.625, 0.4, 0.4]
 mean: 0.44695286195286194, std: 0.12603516436192747
--------------------------------------------------
Subject Number: 14
Accuracy Cross: [0.5625, 0.5625, 0.5625, 0.5625, 0.5625, 0.5625, 0.5625, 0.5, 0.5625, 0.5625, 0.5625, 0.5625, 0.5625, 0.5625, 0.5625]
 mean: 0.5583333333333333, std: 0.015590239111558086
F1 Score: [0.36, 0.36, 0.36, 0.36, 0.36, 0.36, 0.36, 0.4181818181818182, 0.36, 0.36, 0.36, 0.36, 0.36, 0.36, 0.36]
 mean: 0.3638787878787879, std: 0.014513095318395909
Accuracy Intime: [0.5714285714285714, 0.5714285714285714, 0.6666666666666666, 0.6666666666666666, 0.6666666666666666, 0.5714285714285714, 0.5714285714285714, 0.8333333333333334, 0.6666666666666666, 0.6666666666666666, 0.5714285714285714, 0.5714285714285714, 0.6666666666666666, 0.6666666666666666, 0.6666666666666666]
 mean: 0.6396825396825395, std: 0.06893349444637609
F1 (Intime): [0.36363636363636365, 0.36363636363636365, 0.4, 0.4, 0.4, 0.36363636363636365, 0.36363636363636365, 0.7777777777777777, 0.4, 0.4, 0.36363636363636365, 0.36363636363636365, 0.4, 0.4, 0.4]
 mean: 0.4106397306397307, std: 0.0996500127643231
--------------------------------------------------
Subject Number: 15
Accuracy Cross: [0.5625, 0.5625, 0.5625, 0.5625, 0.5625, 0.5625, 0.625, 0.5625, 0.5625, 0.5625, 0.5625, 0.5625, 0.5625, 0.5625, 0.5625]
 mean: 0.5666666666666667, std: 0.015590239111558086
F1 Score: [0.36, 0.36, 0.36, 0.36, 0.36, 0.36, 0.5636363636363637, 0.36, 0.36, 0.36, 0.36, 0.36, 0.36, 0.36, 0.36]
 mean: 0.3735757575757576, std: 0.050795833614385645
Accuracy Intime: [0.5714285714285714, 0.5714285714285714, 0.6666666666666666, 0.6666666666666666, 0.6666666666666666, 0.5714285714285714, 0.5714285714285714, 0.6666666666666666, 0.6666666666666666, 0.6666666666666666, 0.5714285714285714, 0.5714285714285714, 0.6666666666666666, 0.6666666666666666, 0.6666666666666666]
 mean: 0.6285714285714284, std: 0.046656947481584346
F1 (Intime): [0.36363636363636365, 0.36363636363636365, 0.4, 0.4, 0.4, 0.36363636363636365, 0.5333333333333333, 0.4, 0.4, 0.4, 0.36363636363636365, 0.36363636363636365, 0.4, 0.4, 0.4]
 mean: 0.3967676767676768, std: 0.04019339027214833
--------------------------------------------------
Subject Number: 16
Accuracy Cross: [0.5625, 0.5625, 0.5, 0.6875, 0.5625, 0.5625, 0.5625, 0.75, 0.5625, 0.5625, 0.5625, 0.5625, 0.4375, 0.5625, 0.5625]
 mean: 0.5708333333333333, std: 0.06795627679291703
F1 Score: [0.36, 0.36, 0.4920634920634921, 0.6135265700483092, 0.36, 0.36, 0.36, 0.7090909090909091, 0.36, 0.36, 0.36, 0.36, 0.43529411764705883, 0.45893719806763283, 0.36]
 mean: 0.4205941524611602, std: 0.10455108929539665
Accuracy Intime: [0.5714285714285714, 0.5714285714285714, 0.5, 0.8333333333333334, 0.6666666666666666, 0.5714285714285714, 0.7142857142857143, 0.6666666666666666, 0.6666666666666666, 0.6666666666666666, 0.5714285714285714, 0.5714285714285714, 0.3333333333333333, 0.5, 0.6666666666666666]
 mean: 0.6047619047619047, std: 0.11092955688670571
F1 (Intime): [0.36363636363636365, 0.36363636363636365, 0.4857142857142857, 0.7777777777777777, 0.4, 0.36363636363636365, 0.65, 0.4, 0.4, 0.4, 0.36363636363636365, 0.36363636363636365, 0.3333333333333333, 0.3333333333333333, 0.4]
 mean: 0.4265560365560365, std: 0.1204118214383637
--------------------------------------------------
Subject Number: 17
Accuracy Cross: [0.5625, 0.5625, 0.5625, 0.5625, 0.5625, 0.5625, 0.5625, 0.5625, 0.5625, 0.5625, 0.5625, 0.5625, 0.5625, 0.5625, 0.5625]
 mean: 0.5625, std: 0.0
F1 Score: [0.36, 0.36, 0.36, 0.5465587044534412, 0.36, 0.36, 0.36, 0.36, 0.36, 0.36, 0.36, 0.36, 0.36, 0.36, 0.36]
 mean: 0.37243724696356284, std: 0.04653591697234635
Accuracy Intime: [0.5714285714285714, 0.5714285714285714, 0.6666666666666666, 0.5, 0.6666666666666666, 0.5714285714285714, 0.5714285714285714, 0.6666666666666666, 0.6666666666666666, 0.6666666666666666, 0.5714285714285714, 0.5714285714285714, 0.5714285714285714, 0.6666666666666666, 0.6666666666666666]
 mean: 0.611111111111111, std: 0.054756153367175674
F1 (Intime): [0.36363636363636365, 0.36363636363636365, 0.4, 0.3333333333333333, 0.4, 0.36363636363636365, 0.36363636363636365, 0.4, 0.4, 0.4, 0.36363636363636365, 0.36363636363636365, 0.36363636363636365, 0.4, 0.4]
 mean: 0.3785858585858586, std: 0.021326292073368325
--------------------------------------------------
Subject Number: 18
Accuracy Cross: [0.5625, 0.5625, 0.5625, 0.5625, 0.5625, 0.5625, 0.5625, 0.5625, 0.5625, 0.5625, 0.5625, 0.5625, 0.5625, 0.5625, 0.5625]
 mean: 0.5625, std: 0.0
F1 Score: [0.36, 0.36, 0.36, 0.36, 0.36, 0.36, 0.36, 0.36, 0.36, 0.36, 0.36, 0.36, 0.36, 0.36, 0.36]
 mean: 0.36000000000000004, std: 5.551115123125783e-17
Accuracy Intime: [0.5714285714285714, 0.5714285714285714, 0.6666666666666666, 0.6666666666666666, 0.6666666666666666, 0.5714285714285714, 0.5714285714285714, 0.6666666666666666, 0.6666666666666666, 0.6666666666666666, 0.5714285714285714, 0.5714285714285714, 0.6666666666666666, 0.6666666666666666, 0.6666666666666666]
 mean: 0.6285714285714284, std: 0.046656947481584346
F1 (Intime): [0.36363636363636365, 0.36363636363636365, 0.4, 0.4, 0.4, 0.36363636363636365, 0.36363636363636365, 0.4, 0.4, 0.4, 0.36363636363636365, 0.36363636363636365, 0.4, 0.4, 0.4]
 mean: 0.3854545454545455, std: 0.01781447085660494
--------------------------------------------------
Subject Number: 19
Accuracy Cross: [0.5625, 0.5625, 0.5625, 0.5625, 0.5625, 0.5625, 0.5625, 0.625, 0.625, 0.625, 0.5625, 0.5625, 0.625, 0.5625, 0.5625]
 mean: 0.5791666666666667, std: 0.027638539919628332
F1 Score: [0.36, 0.36, 0.36, 0.36, 0.36, 0.36, 0.36, 0.5636363636363637, 0.5, 0.5, 0.36, 0.36, 0.5, 0.36, 0.36]
 mean: 0.4015757575757577, std: 0.07039868101277132
Accuracy Intime: [0.5714285714285714, 0.5714285714285714, 0.6666666666666666, 0.6666666666666666, 0.6666666666666666, 0.5714285714285714, 0.5714285714285714, 0.8333333333333334, 0.6666666666666666, 0.6666666666666666, 0.5714285714285714, 0.7142857142857143, 0.8333333333333334, 0.6666666666666666, 0.6666666666666666]
 mean: 0.6603174603174602, std: 0.08269216684210227
F1 (Intime): [0.36363636363636365, 0.36363636363636365, 0.4, 0.4, 0.4, 0.36363636363636365, 0.36363636363636365, 0.7777777777777777, 0.4, 0.4, 0.36363636363636365, 0.65, 0.7777777777777777, 0.4, 0.4]
 mean: 0.454915824915825, std: 0.14359838708949874
--------------------------------------------------
Subject Number: 20
Accuracy Cross: [0.5625, 0.5625, 0.5625, 0.5625, 0.5625, 0.5625, 0.5625, 0.5625, 0.5625, 0.5625, 0.5625, 0.5625, 0.5625, 0.5625, 0.5625]
 mean: 0.5625, std: 0.0
F1 Score: [0.36, 0.36, 0.36, 0.36, 0.36, 0.36, 0.36, 0.36, 0.36, 0.36, 0.36, 0.36, 0.36, 0.36, 0.36]
 mean: 0.36000000000000004, std: 5.551115123125783e-17
Accuracy Intime: [0.5714285714285714, 0.5714285714285714, 0.6666666666666666, 0.6666666666666666, 0.6666666666666666, 0.5714285714285714, 0.5714285714285714, 0.6666666666666666, 0.6666666666666666, 0.6666666666666666, 0.7142857142857143, 0.5714285714285714, 0.6666666666666666, 0.6666666666666666, 0.6666666666666666]
 mean: 0.638095238095238, std: 0.04856209060564558
F1 (Intime): [0.36363636363636365, 0.36363636363636365, 0.4, 0.4, 0.4, 0.36363636363636365, 0.36363636363636365, 0.4, 0.4, 0.4, 0.65, 0.36363636363636365, 0.4, 0.4, 0.4]
 mean: 0.4045454545454546, std: 0.06772574738977881
--------------------------------------------------
Subject Number: 21
Accuracy Cross: [0.5625, 0.5625, 0.5625, 0.5625, 0.5625, 0.5625, 0.5, 0.5625, 0.5625, 0.5625, 0.625, 0.5625, 0.5625, 0.5625, 0.5625]
 mean: 0.5625, std: 0.02282177322938192
F1 Score: [0.36, 0.36, 0.36, 0.36, 0.36, 0.36, 0.3333333333333333, 0.36, 0.36, 0.36, 0.5636363636363637, 0.36, 0.36, 0.36, 0.36]
 mean: 0.37179797979797985, std: 0.051698481471218846
Accuracy Intime: [0.5714285714285714, 0.5714285714285714, 0.8333333333333334, 0.6666666666666666, 0.6666666666666666, 0.8571428571428571, 0.5714285714285714, 0.6666666666666666, 0.6666666666666666, 0.6666666666666666, 0.5714285714285714, 0.5714285714285714, 0.6666666666666666, 0.6666666666666666, 0.6666666666666666]
 mean: 0.6587301587301586, std: 0.08503552530780237
F1 (Intime): [0.36363636363636365, 0.36363636363636365, 0.7777777777777777, 0.4, 0.4, 0.8444444444444444, 0.36363636363636365, 0.4, 0.4, 0.4, 0.36363636363636365, 0.36363636363636365, 0.4, 0.4, 0.4]
 mean: 0.44269360269360275, std: 0.14594915282700174
--------------------------------------------------
Subject Number: 22
Accuracy Cross: [0.5625, 0.5625, 0.5625, 0.5625, 0.5625, 0.5625, 0.5625, 0.5625, 0.5625, 0.5625, 0.5625, 0.5625, 0.75, 0.625, 0.5625]
 mean: 0.5791666666666667, std: 0.04823265376162594
F1 Score: [0.36, 0.36, 0.36, 0.36, 0.36, 0.36, 0.36, 0.36, 0.36, 0.36, 0.36, 0.36, 0.7090909090909091, 0.5, 0.36]
 mean: 0.39260606060606057, std: 0.09147572901639936
Accuracy Intime: [0.5714285714285714, 0.5714285714285714, 0.6666666666666666, 0.6666666666666666, 0.6666666666666666, 0.5714285714285714, 0.5714285714285714, 0.6666666666666666, 0.6666666666666666, 0.6666666666666666, 0.5714285714285714, 0.5714285714285714, 0.6666666666666666, 0.6666666666666666, 0.6666666666666666]
 mean: 0.6285714285714284, std: 0.046656947481584346
F1 (Intime): [0.36363636363636365, 0.36363636363636365, 0.4, 0.4, 0.4, 0.36363636363636365, 0.36363636363636365, 0.4, 0.4, 0.4, 0.36363636363636365, 0.36363636363636365, 0.4, 0.4, 0.4]
 mean: 0.3854545454545455, std: 0.01781447085660494
--------------------------------------------------
Subject Number: 23
Accuracy Cross: [0.5625, 0.5625, 0.5625, 0.5625, 0.5625, 0.5625, 0.5625, 0.3125, 0.5625, 0.5625, 0.5625, 0.5625, 0.5625, 0.5625, 0.5625]
 mean: 0.5458333333333333, std: 0.06236095644623236
F1 Score: [0.36, 0.36, 0.36, 0.36, 0.36, 0.36, 0.36, 0.23809523809523808, 0.36, 0.36, 0.36, 0.36, 0.36, 0.36, 0.36]
 mean: 0.3518730158730159, std: 0.030408390190924724
Accuracy Intime: [0.5714285714285714, 0.5714285714285714, 0.6666666666666666, 0.6666666666666666, 0.6666666666666666, 0.5714285714285714, 0.5714285714285714, 0.8571428571428571, 0.6666666666666666, 0.6666666666666666, 0.5714285714285714, 0.5714285714285714, 0.6666666666666666, 0.6666666666666666, 0.6666666666666666]
 mean: 0.6412698412698411, std: 0.07349737716057285
F1 (Intime): [0.36363636363636365, 0.36363636363636365, 0.4, 0.4, 0.4, 0.36363636363636365, 0.36363636363636365, 0.8571428571428571, 0.4, 0.4, 0.36363636363636365, 0.36363636363636365, 0.4, 0.4, 0.4]
 mean: 0.415930735930736, std: 0.1191935823006235
--------------------------------------------------
Subject Number: 24
Accuracy Cross: [0.5625, 0.5625, 0.4375, 0.5625, 0.5625, 0.5625, 0.5625, 0.4375, 0.5625, 0.5625, 0.625, 0.5625, 0.5625, 0.5625, 0.5625]
 mean: 0.55, std: 0.046770717334674264
F1 Score: [0.36, 0.36, 0.43529411764705883, 0.36, 0.36, 0.36, 0.36, 0.43529411764705883, 0.36, 0.36, 0.5636363636363637, 0.36, 0.36, 0.36, 0.36]
 mean: 0.38361497326203214, std: 0.05443110168953179
Accuracy Intime: [0.5714285714285714, 0.5714285714285714, 0.6666666666666666, 0.6666666666666666, 0.6666666666666666, 0.5714285714285714, 0.5714285714285714, 0.3333333333333333, 0.6666666666666666, 0.6666666666666666, 0.5714285714285714, 0.5714285714285714, 0.6666666666666666, 0.6666666666666666, 0.6666666666666666]
 mean: 0.6063492063492063, std: 0.08600772815329566
F1 (Intime): [0.36363636363636365, 0.36363636363636365, 0.4, 0.4, 0.4, 0.36363636363636365, 0.36363636363636365, 0.3333333333333333, 0.4, 0.4, 0.36363636363636365, 0.36363636363636365, 0.4, 0.4, 0.4]
 mean: 0.3810101010101011, std: 0.021554712999352153
--------------------------------------------------
Subject Number: 25
Accuracy Cross: [0.5625, 0.5625, 0.5625, 0.5625, 0.5625, 0.5, 0.5625, 0.5625, 0.5625, 0.5625, 0.5625, 0.5625, 0.5625, 0.5625, 0.5625]
 mean: 0.5583333333333333, std: 0.015590239111558086
F1 Score: [0.36, 0.36, 0.36, 0.36, 0.36, 0.3333333333333333, 0.36, 0.36, 0.36, 0.36, 0.36, 0.36, 0.36, 0.36, 0.36]
 mean: 0.3582222222222223, std: 0.006651835354264785
Accuracy Intime: [0.5714285714285714, 0.5714285714285714, 0.6666666666666666, 0.6666666666666666, 0.6666666666666666, 0.42857142857142855, 0.5714285714285714, 0.6666666666666666, 0.6666666666666666, 0.6666666666666666, 0.5714285714285714, 0.5714285714285714, 0.6666666666666666, 0.6666666666666666, 0.6666666666666666]
 mean: 0.619047619047619, std: 0.06734350297014738
F1 (Intime): [0.36363636363636365, 0.36363636363636365, 0.4, 0.4, 0.4, 0.3, 0.36363636363636365, 0.4, 0.4, 0.4, 0.36363636363636365, 0.36363636363636365, 0.4, 0.4, 0.4]
 mean: 0.3812121212121212, std: 0.027467319257271916
--------------------------------------------------
Subject Number: 26
Accuracy Cross: [0.5625, 0.5625, 0.5625, 0.5625, 0.5625, 0.5625, 0.5625, 0.5625, 0.5625, 0.5625, 0.5625, 0.5625, 0.5, 0.5625, 0.5625]
 mean: 0.5583333333333333, std: 0.015590239111558088
F1 Score: [0.36, 0.36, 0.36, 0.36, 0.36, 0.36, 0.36, 0.36, 0.36, 0.36, 0.36, 0.36, 0.3333333333333333, 0.36, 0.36]
 mean: 0.3582222222222222, std: 0.006651835354264785
Accuracy Intime: [0.5714285714285714, 0.5714285714285714, 0.6666666666666666, 0.6666666666666666, 0.6666666666666666, 0.5714285714285714, 0.5714285714285714, 0.6666666666666666, 0.6666666666666666, 0.6666666666666666, 0.5714285714285714, 0.5714285714285714, 0.8333333333333334, 0.6666666666666666, 0.6666666666666666]
 mean: 0.6396825396825396, std: 0.06893349444637609
F1 (Intime): [0.36363636363636365, 0.36363636363636365, 0.4, 0.4, 0.4, 0.36363636363636365, 0.36363636363636365, 0.4, 0.4, 0.4, 0.36363636363636365, 0.36363636363636365, 0.7777777777777777, 0.4, 0.4]
 mean: 0.41063973063973064, std: 0.09965001276432309
--------------------------------------------------
Subject Number: 27
Accuracy Cross: [0.5625, 0.5625, 0.5625, 0.5625, 0.5625, 0.5625, 0.5625, 0.5625, 0.5625, 0.5625, 0.4375, 0.5625, 0.5625, 0.5625, 0.5625]
 mean: 0.5541666666666667, std: 0.031180478223116176
F1 Score: [0.36, 0.36, 0.36, 0.36, 0.36, 0.36, 0.36, 0.36, 0.36, 0.36, 0.37662337662337664, 0.36, 0.36, 0.36, 0.36]
 mean: 0.36110822510822516, std: 0.004146598662398835
Accuracy Intime: [0.5714285714285714, 0.5714285714285714, 0.6666666666666666, 0.6666666666666666, 0.6666666666666666, 0.5714285714285714, 0.5714285714285714, 0.6666666666666666, 0.6666666666666666, 0.5, 0.5714285714285714, 0.5714285714285714, 0.5714285714285714, 0.6666666666666666, 0.6666666666666666]
 mean: 0.611111111111111, std: 0.054756153367175674
F1 (Intime): [0.36363636363636365, 0.36363636363636365, 0.4, 0.4, 0.4, 0.36363636363636365, 0.36363636363636365, 0.4, 0.4, 0.3333333333333333, 0.36363636363636365, 0.36363636363636365, 0.36363636363636365, 0.4, 0.4]
 mean: 0.3785858585858586, std: 0.02132629207336833
--------------------------------------------------
Subject Number: 28
Accuracy Cross: [0.5625, 0.5625, 0.5625, 0.5625, 0.5625, 0.5625, 0.5625, 0.5625, 0.5, 0.5625, 0.5625, 0.5625, 0.5, 0.5625, 0.5625]
 mean: 0.5541666666666667, std: 0.02124591463996994
F1 Score: [0.36, 0.36, 0.36, 0.36, 0.36, 0.36, 0.36, 0.36, 0.3333333333333333, 0.36, 0.36, 0.36, 0.3333333333333333, 0.36, 0.36]
 mean: 0.35644444444444445, std: 0.009064923579720508
Accuracy Intime: [0.5714285714285714, 0.5714285714285714, 0.6666666666666666, 0.6666666666666666, 0.6666666666666666, 0.5714285714285714, 0.5714285714285714, 0.6666666666666666, 0.6666666666666666, 0.6666666666666666, 0.5714285714285714, 0.5714285714285714, 1.0, 0.6666666666666666, 0.6666666666666666]
 mean: 0.6507936507936507, std: 0.1038439824368008
F1 (Intime): [0.36363636363636365, 0.36363636363636365, 0.4, 0.4, 0.4, 0.36363636363636365, 0.36363636363636365, 0.4, 0.4, 0.4, 0.36363636363636365, 0.36363636363636365, 1.0, 0.4, 0.4]
 mean: 0.4254545454545455, std: 0.15453475898818747
--------------------------------------------------
Subject Number: 29
Accuracy Cross: [0.5625, 0.5625, 0.5625, 0.5625, 0.5625, 0.5625, 0.5625, 0.5625, 0.5625, 0.5625, 0.5625, 0.5625, 0.5625, 0.5625, 0.5625]
 mean: 0.5625, std: 0.0
F1 Score: [0.36, 0.36, 0.36, 0.36, 0.36, 0.36, 0.36, 0.36, 0.36, 0.36, 0.36, 0.36, 0.36, 0.36, 0.36]
 mean: 0.36000000000000004, std: 5.551115123125783e-17
Accuracy Intime: [0.5714285714285714, 0.5714285714285714, 0.6666666666666666, 0.6666666666666666, 0.6666666666666666, 0.5714285714285714, 0.5714285714285714, 0.6666666666666666, 0.6666666666666666, 0.8333333333333334, 0.5714285714285714, 0.5714285714285714, 0.6666666666666666, 0.6666666666666666, 0.6666666666666666]
 mean: 0.6396825396825395, std: 0.06893349444637609
F1 (Intime): [0.36363636363636365, 0.36363636363636365, 0.4, 0.4, 0.4, 0.36363636363636365, 0.36363636363636365, 0.4, 0.4, 0.7777777777777777, 0.36363636363636365, 0.36363636363636365, 0.4, 0.4, 0.4]
 mean: 0.41063973063973064, std: 0.09965001276432307
--------------------------------------------------
**************************************************
accuracy_cross_list: [0.5458333333333333, 0.5791666666666667, 0.5666666666666667, 0.5833333333333334, 0.5625, 0.5541666666666667, 0.5625, 0.5625, 0.5708333333333333, 0.5625, 0.5666666666666667, 0.5625, 0.5375, 0.5583333333333333, 0.5666666666666667, 0.5708333333333333, 0.5625, 0.5625, 0.5791666666666667, 0.5625, 0.5625, 0.5791666666666667, 0.5458333333333333, 0.55, 0.5583333333333333, 0.5583333333333333, 0.5541666666666667, 0.5541666666666667, 0.5625]
f1_score_list: [0.368219001610306, 0.3897112010796222, 0.4137665732959851, 0.3937777777777779, 0.36000000000000004, 0.3819378360430993, 0.36000000000000004, 0.36000000000000004, 0.39201589054220637, 0.36000000000000004, 0.4012422360248448, 0.37338562091503275, 0.36838797917058785, 0.3638787878787879, 0.3735757575757576, 0.4205941524611602, 0.37243724696356284, 0.36000000000000004, 0.4015757575757577, 0.36000000000000004, 0.37179797979797985, 0.39260606060606057, 0.3518730158730159, 0.38361497326203214, 0.3582222222222223, 0.3582222222222222, 0.36110822510822516, 0.35644444444444445, 0.36000000000000004]
accuracy_intime_list: [0.6396825396825396, 0.6507936507936507, 0.6619047619047618, 0.6380952380952379, 0.6285714285714284, 0.63015873015873, 0.6285714285714284, 0.6285714285714284, 0.6206349206349207, 0.6285714285714284, 0.6777777777777777, 0.6285714285714284, 0.63015873015873, 0.6396825396825395, 0.6285714285714284, 0.6047619047619047, 0.611111111111111, 0.6285714285714284, 0.6603174603174602, 0.638095238095238, 0.6587301587301586, 0.6285714285714284, 0.6412698412698411, 0.6063492063492063, 0.619047619047619, 0.6396825396825396, 0.611111111111111, 0.6507936507936507, 0.6396825396825395]
f1_score_intime_list: [0.421010101010101, 0.42545454545454553, 0.4727633477633478, 0.42060606060606065, 0.3854545454545455, 0.4302693602693603, 0.3854545454545455, 0.3854545454545455, 0.40544492544492544, 0.3854545454545455, 0.5445262145262145, 0.3967676767676768, 0.44695286195286194, 0.4106397306397307, 0.3967676767676768, 0.4265560365560365, 0.3785858585858586, 0.3854545454545455, 0.454915824915825, 0.4045454545454546, 0.44269360269360275, 0.3854545454545455, 0.415930735930736, 0.3810101010101011, 0.3812121212121212, 0.41063973063973064, 0.3785858585858586, 0.4254545454545455, 0.41063973063973064]
**************************************************
ACC: 56.22±1.03
F1: 37.48±1.83
Intime: 63.44±1.67
F1 (Intime): 41.36±3.48
