1e-05
Subject Number: 1
Accuracy Cross: [0.2, 0.18095238095238095, 0.21904761904761905, 0.1619047619047619, 0.2, 0.11428571428571428, 0.2, 0.2, 0.09523809523809523, 0.2, 0.24761904761904763, 0.22857142857142856, 0.2, 0.23809523809523808, 0.20952380952380953]
 mean: 0.19301587301587303, std: 0.04032620827479472
F1 Score: [0.11455782312925171, 0.13261131676361712, 0.122979797979798, 0.11351845085860432, 0.1162962962962963, 0.08263433141919604, 0.06666666666666667, 0.06666666666666667, 0.05714285714285714, 0.10444444444444442, 0.17837235228539577, 0.1772678208162079, 0.06666666666666667, 0.13288266537904395, 0.12025518341307814]
 mean: 0.11019755599518606, std: 0.03632027561003092
Accuracy Intime: [0.42857142857142855, 0.38095238095238093, 0.2857142857142857, 0.2619047619047619, 0.23809523809523808, 0.23809523809523808, 0.19047619047619047, 0.19047619047619047, 0.30952380952380953, 0.19047619047619047, 0.2857142857142857, 0.35714285714285715, 0.19047619047619047, 0.23809523809523808, 0.23809523809523808]
 mean: 0.26825396825396824, std: 0.07141093256636184
F1 (Intime): [0.32157420578473206, 0.3499248120300752, 0.1607843137254902, 0.23884220354808594, 0.14666666666666667, 0.18666666666666668, 0.064, 0.064, 0.23500000000000001, 0.064, 0.2173160173160173, 0.28625525946704067, 0.064, 0.12415654520917678, 0.13667861409796894]
 mean: 0.17732435363412805, std: 0.09249303164384554
--------------------------------------------------
Subject Number: 2
Accuracy Cross: [0.4, 0.3904761904761905, 0.3619047619047619, 0.47619047619047616, 0.3619047619047619, 0.3619047619047619, 0.3904761904761905, 0.4095238095238095, 0.4, 0.4095238095238095, 0.3904761904761905, 0.3523809523809524, 0.4095238095238095, 0.3523809523809524, 0.3333333333333333]
 mean: 0.3866666666666666, std: 0.03368072942190436
F1 Score: [0.2785714285714286, 0.32657875457875457, 0.2777722608407812, 0.4516190055456873, 0.2307525482541748, 0.2681012282759644, 0.26450437183617115, 0.29558328381857796, 0.3459765355417529, 0.2773127793157104, 0.2615358649789029, 0.21997394702561873, 0.3526791572501276, 0.2854577495305503, 0.21400921658986177]
 mean: 0.29002854213027096, std: 0.058390606470011874
Accuracy Intime: [0.4523809523809524, 0.42857142857142855, 0.40476190476190477, 0.42857142857142855, 0.42857142857142855, 0.47619047619047616, 0.47619047619047616, 0.40476190476190477, 0.47619047619047616, 0.35714285714285715, 0.42857142857142855, 0.47619047619047616, 0.40476190476190477, 0.4523809523809524, 0.3333333333333333]
 mean: 0.4285714285714286, std: 0.04169500170337681
F1 (Intime): [0.34606060606060607, 0.2876781609195402, 0.307018907018907, 0.3852631578947368, 0.3296969696969697, 0.407485380116959, 0.36387686387686385, 0.3178497044750914, 0.43440285204991086, 0.28456876456876457, 0.2784615384615384, 0.3384126984126984, 0.3416666666666667, 0.35458937198067636, 0.2750937950937951]
 mean: 0.33680836248624835, std: 0.04595769633032273
--------------------------------------------------
Subject Number: 3
Accuracy Cross: [0.19047619047619047, 0.18095238095238095, 0.2, 0.20952380952380953, 0.19047619047619047, 0.2, 0.2, 0.2, 0.2571428571428571, 0.2, 0.2761904761904762, 0.2, 0.26666666666666666, 0.19047619047619047, 0.2571428571428571]
 mean: 0.2146031746031746, std: 0.030883521287657922
F1 Score: [0.15409473990119152, 0.12651985695463958, 0.06666666666666667, 0.10152334152334153, 0.1535881261595547, 0.06666666666666667, 0.06666666666666667, 0.06666666666666667, 0.2262836578626052, 0.1317256877179388, 0.23681131685256931, 0.06666666666666667, 0.16476175116033187, 0.10443761734084314, 0.19546078431372546]
 mean: 0.1285693475413383, std: 0.057046150282105273
Accuracy Intime: [0.2857142857142857, 0.3333333333333333, 0.19047619047619047, 0.21428571428571427, 0.2857142857142857, 0.19047619047619047, 0.19047619047619047, 0.19047619047619047, 0.42857142857142855, 0.21428571428571427, 0.42857142857142855, 0.19047619047619047, 0.2857142857142857, 0.21428571428571427, 0.30952380952380953]
 mean: 0.26349206349206344, std: 0.080374532705855
F1 (Intime): [0.25882251082251084, 0.282029082029082, 0.064, 0.11844961240310078, 0.259857789269554, 0.064, 0.064, 0.064, 0.3778295778295778, 0.16591478696741854, 0.3852272727272727, 0.064, 0.19047619047619047, 0.15428571428571428, 0.2637932116192986]
 mean: 0.185112383228648, std: 0.11043007969145155
--------------------------------------------------
Subject Number: 4
Accuracy Cross: [0.23809523809523808, 0.2, 0.2, 0.2, 0.2, 0.2, 0.2571428571428571, 0.2857142857142857, 0.2, 0.18095238095238095, 0.2857142857142857, 0.2761904761904762, 0.19047619047619047, 0.23809523809523808, 0.2761904761904762]
 mean: 0.22857142857142854, std: 0.037130645123081764
F1 Score: [0.1766635944700461, 0.06666666666666667, 0.06666666666666667, 0.06666666666666667, 0.06666666666666667, 0.06666666666666667, 0.21797056223019712, 0.17240461401952084, 0.06666666666666667, 0.1104201680672269, 0.18145914264294963, 0.2047887387693213, 0.14864368713992776, 0.19920856817408542, 0.19301206784083497]
 mean: 0.13363807622360732, std: 0.0596183960115594
Accuracy Intime: [0.2619047619047619, 0.19047619047619047, 0.19047619047619047, 0.19047619047619047, 0.19047619047619047, 0.19047619047619047, 0.30952380952380953, 0.35714285714285715, 0.19047619047619047, 0.21428571428571427, 0.38095238095238093, 0.40476190476190477, 0.2857142857142857, 0.35714285714285715, 0.40476190476190477]
 mean: 0.27460317460317457, std: 0.08423174070743873
F1 (Intime): [0.19879336349924587, 0.064, 0.064, 0.064, 0.064, 0.064, 0.2554805194805195, 0.2680744092508799, 0.064, 0.1288888888888889, 0.30606060606060603, 0.28141414141414145, 0.19393939393939394, 0.27185354691075514, 0.29124579124579125]
 mean: 0.17198337737934813, std: 0.09776675110876885
--------------------------------------------------
Subject Number: 5
Accuracy Cross: [0.17142857142857143, 0.2, 0.2, 0.2, 0.2, 0.22857142857142856, 0.2, 0.2, 0.2, 0.2, 0.24761904761904763, 0.23809523809523808, 0.24761904761904763, 0.18095238095238095, 0.20952380952380953]
 mean: 0.20825396825396825, std: 0.021680471211382696
F1 Score: [0.12841269841269842, 0.06666666666666667, 0.06774193548387096, 0.06720000000000001, 0.06666666666666667, 0.12858695652173913, 0.06666666666666667, 0.06666666666666667, 0.06666666666666667, 0.06666666666666667, 0.1537943537943538, 0.2191788308676354, 0.16182456140350876, 0.09977011494252874, 0.16125754527162978]
 mean: 0.10585113311319767, std: 0.048004368444510684
Accuracy Intime: [0.35714285714285715, 0.19047619047619047, 0.19047619047619047, 0.21428571428571427, 0.19047619047619047, 0.2619047619047619, 0.19047619047619047, 0.19047619047619047, 0.19047619047619047, 0.19047619047619047, 0.3333333333333333, 0.35714285714285715, 0.21428571428571427, 0.23809523809523808, 0.2857142857142857]
 mean: 0.2396825396825397, std: 0.06176214748680547
F1 (Intime): [0.31967611336032387, 0.064, 0.064, 0.10166975881261595, 0.064, 0.1634188034188034, 0.064, 0.064, 0.064, 0.064, 0.218974358974359, 0.2836747245415976, 0.1034965034965035, 0.12415654520917678, 0.2597150997150997]
 mean: 0.13485212716856532, std: 0.08836675309903794
--------------------------------------------------
Subject Number: 6
Accuracy Cross: [0.20952380952380953, 0.20952380952380953, 0.2, 0.2, 0.20952380952380953, 0.18095238095238095, 0.2, 0.2, 0.20952380952380953, 0.2, 0.19047619047619047, 0.24761904761904763, 0.23809523809523808, 0.20952380952380953, 0.18095238095238095]
 mean: 0.2057142857142857, std: 0.017318325964426486
F1 Score: [0.10930930930930931, 0.08513323983169704, 0.06666666666666667, 0.06666666666666667, 0.14246425522833975, 0.13324867724867726, 0.06666666666666667, 0.06666666666666667, 0.10759581881533102, 0.06666666666666667, 0.09373219373219374, 0.19262074146082805, 0.13685009487666036, 0.13253358621779676, 0.07478991596638655]
 mean: 0.10277407773470354, std: 0.03686370385100281
Accuracy Intime: [0.2857142857142857, 0.21428571428571427, 0.19047619047619047, 0.21428571428571427, 0.30952380952380953, 0.3333333333333333, 0.19047619047619047, 0.19047619047619047, 0.2857142857142857, 0.19047619047619047, 0.23809523809523808, 0.23809523809523808, 0.23809523809523808, 0.38095238095238093, 0.2619047619047619]
 mean: 0.25079365079365074, std: 0.05625411157672809
F1 (Intime): [0.1616161616161616, 0.10975056689342404, 0.064, 0.10166975881261595, 0.23741935483870966, 0.23034482758620686, 0.064, 0.064, 0.16484848484848486, 0.064, 0.12415654520917678, 0.18969696969696967, 0.14105534105534107, 0.27662337662337666, 0.1634188034188034]
 mean: 0.14377334603995137, std: 0.06630655708842191
--------------------------------------------------
Subject Number: 7
Accuracy Cross: [0.2, 0.2, 0.21904761904761905, 0.24761904761904763, 0.23809523809523808, 0.2571428571428571, 0.1523809523809524, 0.20952380952380953, 0.2, 0.24761904761904763, 0.2857142857142857, 0.2, 0.26666666666666666, 0.20952380952380953, 0.20952380952380953]
 mean: 0.2228571428571429, std: 0.03277076292206715
F1 Score: [0.06666666666666667, 0.06666666666666667, 0.13298681994334166, 0.22891640866873061, 0.1521756180733163, 0.22887700534759362, 0.14787775778509918, 0.09432587194169703, 0.06720000000000001, 0.16952380952380955, 0.27794330916282134, 0.06666666666666667, 0.23082964278716683, 0.08538181818181818, 0.08513323983169704]
 mean: 0.14007808674980607, std: 0.07010824494015447
Accuracy Intime: [0.19047619047619047, 0.19047619047619047, 0.2857142857142857, 0.3333333333333333, 0.2857142857142857, 0.30952380952380953, 0.30952380952380953, 0.21428571428571427, 0.23809523809523808, 0.2619047619047619, 0.35714285714285715, 0.19047619047619047, 0.2857142857142857, 0.19047619047619047, 0.2857142857142857]
 mean: 0.2619047619047619, std: 0.054294067861863714
F1 (Intime): [0.064, 0.064, 0.20421052631578945, 0.3169377990430622, 0.22524939800481594, 0.27475422427035323, 0.2733333333333333, 0.0993939393939394, 0.07692307692307693, 0.1596816976127321, 0.32679407548972766, 0.064, 0.2527075652395346, 0.06530612244897958, 0.1941880341880342]
 mean: 0.17743198615089192, std: 0.09559291155916734
--------------------------------------------------
Subject Number: 8
Accuracy Cross: [0.38095238095238093, 0.2761904761904762, 0.3142857142857143, 0.3619047619047619, 0.3047619047619048, 0.3523809523809524, 0.3238095238095238, 0.3047619047619048, 0.3047619047619048, 0.26666666666666666, 0.4, 0.41904761904761906, 0.3333333333333333, 0.38095238095238093, 0.3142857142857143]
 mean: 0.3358730158730158, std: 0.04350017303609051
F1 Score: [0.3038640113579678, 0.18245702730030333, 0.21120084216858412, 0.262645700779575, 0.18989704102573096, 0.24092031082433155, 0.23506220095693778, 0.208110599078341, 0.24196248788127378, 0.15999999999999998, 0.3282022041297053, 0.3406871023713129, 0.25259287925696594, 0.3257084773708815, 0.25854447439353095]
 mean: 0.24945702392636276, std: 0.053611415820707775
Accuracy Intime: [0.40476190476190477, 0.40476190476190477, 0.40476190476190477, 0.42857142857142855, 0.42857142857142855, 0.4523809523809524, 0.40476190476190477, 0.3333333333333333, 0.35714285714285715, 0.2619047619047619, 0.4523809523809524, 0.40476190476190477, 0.2857142857142857, 0.4523809523809524, 0.40476190476190477]
 mean: 0.3920634920634921, std: 0.05625411157672809
F1 (Intime): [0.34285714285714286, 0.2888410991636798, 0.34593837535014005, 0.34420289855072467, 0.3310689310689311, 0.3529684108994454, 0.2880808080808081, 0.26030584482596864, 0.2533333333333333, 0.16198830409356724, 0.37134920634920626, 0.3382305051270568, 0.22632502632502632, 0.3788129744651484, 0.3086015433841521]
 mean: 0.3061936269249554, std: 0.0579824428764726
--------------------------------------------------
Subject Number: 9
Accuracy Cross: [0.2571428571428571, 0.2, 0.2, 0.19047619047619047, 0.22857142857142856, 0.21904761904761905, 0.17142857142857143, 0.2, 0.2, 0.26666666666666666, 0.29523809523809524, 0.2, 0.2, 0.2, 0.24761904761904763]
 mean: 0.21841269841269845, std: 0.03270919840607304
F1 Score: [0.1978292902066487, 0.06666666666666667, 0.06666666666666667, 0.14006572295247727, 0.20267979439013617, 0.18767942952930847, 0.11704761904761904, 0.06666666666666667, 0.06666666666666667, 0.23535087719298248, 0.23036218707186448, 0.06666666666666667, 0.06666666666666667, 0.06666666666666667, 0.19589474604423462]
 mean: 0.13157175554012918, std: 0.0668497717200142
Accuracy Intime: [0.2857142857142857, 0.21428571428571427, 0.21428571428571427, 0.2857142857142857, 0.2857142857142857, 0.30952380952380953, 0.2619047619047619, 0.19047619047619047, 0.19047619047619047, 0.42857142857142855, 0.38095238095238093, 0.19047619047619047, 0.19047619047619047, 0.19047619047619047, 0.2619047619047619]
 mean: 0.25873015873015875, std: 0.0710926846874879
F1 (Intime): [0.18535569693464432, 0.10289855072463767, 0.10975056689342404, 0.21861471861471862, 0.25223465904580455, 0.2646464646464647, 0.220979020979021, 0.064, 0.064, 0.41884220354808593, 0.32296069943128763, 0.064, 0.064, 0.064, 0.16784313725490194]
 mean: 0.17227504787153272, std: 0.10660755827773152
--------------------------------------------------
Subject Number: 10
Accuracy Cross: [0.23809523809523808, 0.26666666666666666, 0.23809523809523808, 0.2571428571428571, 0.20952380952380953, 0.23809523809523808, 0.2, 0.22857142857142856, 0.24761904761904763, 0.20952380952380953, 0.2857142857142857, 0.26666666666666666, 0.2, 0.23809523809523808, 0.19047619047619047]
 mean: 0.2342857142857143, std: 0.02711638921150809
F1 Score: [0.17663139502285158, 0.16400784570120955, 0.14912197752063375, 0.19345157384987893, 0.12462349397590362, 0.19931403015318544, 0.06720000000000001, 0.13310144927536233, 0.23151838545878872, 0.09920094702574726, 0.19861323929668423, 0.1951740890688259, 0.06774193548387096, 0.19561779683730904, 0.160828535669587]
 mean: 0.15707644628932255, std: 0.048204237337110316
Accuracy Intime: [0.35714285714285715, 0.3333333333333333, 0.3333333333333333, 0.35714285714285715, 0.2619047619047619, 0.38095238095238093, 0.30952380952380953, 0.21428571428571427, 0.35714285714285715, 0.30952380952380953, 0.40476190476190477, 0.40476190476190477, 0.21428571428571427, 0.2857142857142857, 0.42857142857142855]
 mean: 0.33015873015873015, std: 0.06321367540234882
F1 (Intime): [0.29583333333333334, 0.261965811965812, 0.27931905259491463, 0.3066205533596838, 0.17111111111111113, 0.2616383616383616, 0.20050505050505052, 0.12460606060606061, 0.2858615136876006, 0.2791783380018674, 0.30974358974358973, 0.29870882740447957, 0.10666666666666666, 0.20900389932647995, 0.3028045977011494]
 mean: 0.24623778450974404, std: 0.06517774341479421
--------------------------------------------------
Subject Number: 11
Accuracy Cross: [0.29523809523809524, 0.2, 0.3523809523809524, 0.3333333333333333, 0.3238095238095238, 0.3142857142857143, 0.29523809523809524, 0.2, 0.26666666666666666, 0.23809523809523808, 0.3333333333333333, 0.29523809523809524, 0.2857142857142857, 0.3238095238095238, 0.21904761904761905]
 mean: 0.2850793650793651, std: 0.048120115102213125
F1 Score: [0.2799887955182073, 0.09243697478991596, 0.28306951871657754, 0.2534772108697475, 0.19720481927710842, 0.21197996222386464, 0.2095919213456527, 0.1440843402037432, 0.20877916973716532, 0.2333899481133524, 0.19468349588831516, 0.24703467597926151, 0.2237622315250385, 0.2894481862223798, 0.13042691365910783]
 mean: 0.21329054427129587, std: 0.054946770143817054
Accuracy Intime: [0.3333333333333333, 0.21428571428571427, 0.35714285714285715, 0.2857142857142857, 0.30952380952380953, 0.4523809523809524, 0.40476190476190477, 0.2857142857142857, 0.40476190476190477, 0.23809523809523808, 0.3333333333333333, 0.3333333333333333, 0.40476190476190477, 0.35714285714285715, 0.30952380952380953]
 mean: 0.33492063492063484, std: 0.06297407753929324
F1 (Intime): [0.32230158730158726, 0.09813664596273292, 0.29340360122968817, 0.2191360591360591, 0.20592885375494072, 0.32, 0.35206481382631705, 0.2082051282051282, 0.3139588100686499, 0.22777183600713014, 0.2317588843904633, 0.2513888888888889, 0.4018253968253968, 0.31787878787878787, 0.24188933873144397]
 mean: 0.26704324214714764, std: 0.07230464574800108
--------------------------------------------------
Subject Number: 12
Accuracy Cross: [0.2, 0.22857142857142856, 0.18095238095238095, 0.20952380952380953, 0.2, 0.23809523809523808, 0.1523809523809524, 0.2, 0.21904761904761905, 0.22857142857142856, 0.22857142857142856, 0.17142857142857143, 0.26666666666666666, 0.19047619047619047, 0.24761904761904763]
 mean: 0.2107936507936508, std: 0.02927528097371048
F1 Score: [0.09090909090909091, 0.1360695316272332, 0.061290322580645165, 0.10578609000584453, 0.08148148148148147, 0.16264550264550265, 0.12542109944849672, 0.06666666666666667, 0.11035051546391753, 0.1465852155507328, 0.16277915632754342, 0.1392892976588629, 0.15510662177328843, 0.12579558652729386, 0.14407407407407408]
 mean: 0.12095001684937828, std: 0.032417717853754996
Accuracy Intime: [0.21428571428571427, 0.2857142857142857, 0.21428571428571427, 0.30952380952380953, 0.30952380952380953, 0.2857142857142857, 0.3333333333333333, 0.19047619047619047, 0.2619047619047619, 0.30952380952380953, 0.3333333333333333, 0.21428571428571427, 0.23809523809523808, 0.2619047619047619, 0.2619047619047619]
 mean: 0.2682539682539683, std: 0.04472699302731863
F1 (Intime): [0.09, 0.16853625170998632, 0.1303030303030303, 0.18434782608695652, 0.18434782608695652, 0.19139745916515424, 0.32634920634920633, 0.064, 0.14956521739130435, 0.21309941520467834, 0.2809057609057609, 0.18365228267667294, 0.12444444444444444, 0.1859165154264973, 0.1544186046511628]
 mean: 0.17541892269345408, std: 0.0639902093908862
--------------------------------------------------
Subject Number: 13
Accuracy Cross: [0.24761904761904763, 0.2571428571428571, 0.24761904761904763, 0.22857142857142856, 0.17142857142857143, 0.26666666666666666, 0.3142857142857143, 0.3142857142857143, 0.2, 0.2761904761904762, 0.3142857142857143, 0.3047619047619048, 0.29523809523809524, 0.3047619047619048, 0.3047619047619048]
 mean: 0.26984126984126977, std: 0.04296869667476478
F1 Score: [0.13999999999999999, 0.14167764602547211, 0.13406862745098042, 0.12057842046718577, 0.13064033971577932, 0.17063829787234042, 0.1906549853984147, 0.1819277108433735, 0.06666666666666667, 0.1738556701030928, 0.20642701525054466, 0.2108448540706605, 0.167670011148272, 0.2382309698278405, 0.19316239316239314]
 mean: 0.16446957386686775, std: 0.041617849251975536
Accuracy Intime: [0.2857142857142857, 0.3333333333333333, 0.2857142857142857, 0.30952380952380953, 0.38095238095238093, 0.2619047619047619, 0.38095238095238093, 0.2619047619047619, 0.19047619047619047, 0.2619047619047619, 0.3333333333333333, 0.38095238095238093, 0.2619047619047619, 0.3333333333333333, 0.23809523809523808]
 mean: 0.3, std: 0.05484810331165395
F1 (Intime): [0.1589225589225589, 0.2218637992831541, 0.17575757575757572, 0.18181818181818182, 0.3117496443812233, 0.16, 0.25479738562091503, 0.15172413793103448, 0.064, 0.15368421052631578, 0.23832308042834355, 0.28383838383838383, 0.1548076923076923, 0.30226931352251046, 0.17023809523809522]
 mean: 0.19891960397173233, std: 0.06583477077039665
--------------------------------------------------
Subject Number: 14
Accuracy Cross: [0.20952380952380953, 0.23809523809523808, 0.26666666666666666, 0.19047619047619047, 0.3047619047619048, 0.24761904761904763, 0.2571428571428571, 0.3238095238095238, 0.3333333333333333, 0.20952380952380953, 0.21904761904761905, 0.26666666666666666, 0.24761904761904763, 0.38095238095238093, 0.3904761904761905]
 mean: 0.27238095238095245, std: 0.059608194153821396
F1 Score: [0.12346131177906879, 0.15229885057471265, 0.1623529411764706, 0.10760401721664277, 0.19593698175787727, 0.15081561345712288, 0.15735735735735737, 0.2031177156177156, 0.19532258064516128, 0.14325784868759653, 0.17258986175115207, 0.15482594936708863, 0.1765079365079365, 0.30907324811995013, 0.2687268540440315]
 mean: 0.17821660453732563, std: 0.05062256608837197
Accuracy Intime: [0.3333333333333333, 0.3333333333333333, 0.3333333333333333, 0.38095238095238093, 0.38095238095238093, 0.2857142857142857, 0.2619047619047619, 0.30952380952380953, 0.35714285714285715, 0.21428571428571427, 0.2619047619047619, 0.38095238095238093, 0.35714285714285715, 0.5, 0.40476190476190477]
 mean: 0.3396825396825397, std: 0.06704353041886628
F1 (Intime): [0.23684157921039478, 0.21813703537841472, 0.1960591133004926, 0.2628501228501229, 0.2709309309309309, 0.1913821138211382, 0.1634188034188034, 0.20564102564102563, 0.26681456474559917, 0.11377091377091378, 0.22321367521367522, 0.2836781609195402, 0.27310370788631655, 0.4525974025974026, 0.2815954415954416]
 mean: 0.2426689727520141, std: 0.07305967457944118
--------------------------------------------------
**************************************************
accuracy_cross_list: [0.19301587301587303, 0.3866666666666666, 0.2146031746031746, 0.22857142857142854, 0.20825396825396825, 0.2057142857142857, 0.2228571428571429, 0.3358730158730158, 0.21841269841269845, 0.2342857142857143, 0.2850793650793651, 0.2107936507936508, 0.26984126984126977, 0.27238095238095245]
f1_score_list: [0.11019755599518606, 0.29002854213027096, 0.1285693475413383, 0.13363807622360732, 0.10585113311319767, 0.10277407773470354, 0.14007808674980607, 0.24945702392636276, 0.13157175554012918, 0.15707644628932255, 0.21329054427129587, 0.12095001684937828, 0.16446957386686775, 0.17821660453732563]
accuracy_intime_list: [0.26825396825396824, 0.4285714285714286, 0.26349206349206344, 0.27460317460317457, 0.2396825396825397, 0.25079365079365074, 0.2619047619047619, 0.3920634920634921, 0.25873015873015875, 0.33015873015873015, 0.33492063492063484, 0.2682539682539683, 0.3, 0.3396825396825397]
f1_score_intime_list: [0.17732435363412805, 0.33680836248624835, 0.185112383228648, 0.17198337737934813, 0.13485212716856532, 0.14377334603995137, 0.17743198615089192, 0.3061936269249554, 0.17227504787153272, 0.24623778450974404, 0.26704324214714764, 0.17541892269345408, 0.19891960397173233, 0.2426689727520141]
**************************************************
ACC: 24.90±5.37
F1: 15.90±5.42
Intime: 30.08±5.47
F1 (Intime): 20.97±5.85
