1e-05
Subject Number: 1
Accuracy Cross: [0.5476190476190477, 0.5476190476190477, 0.5476190476190477, 0.5, 0.5476190476190477, 0.5, 0.5, 0.5, 0.7619047619047619, 0.5, 0.5476190476190477, 0.5, 0.5714285714285714, 0.5714285714285714, 0.5476190476190477]
 mean: 0.546031746031746, std: 0.06357137903016122
F1 Score: [0.49968652037617556, 0.48148148148148145, 0.49968652037617556, 0.40203389830508474, 0.5143031040779062, 0.3333333333333333, 0.3333333333333333, 0.40203389830508474, 0.7529411764705882, 0.3333333333333333, 0.48148148148148145, 0.3333333333333333, 0.475, 0.475, 0.43121881682109764]
 mean: 0.4498800154018939, std: 0.10439551993173564
Accuracy Intime: [0.8235294117647058, 0.6470588235294118, 0.6470588235294118, 0.5882352941176471, 0.625, 0.47058823529411764, 0.5294117647058824, 0.5882352941176471, 0.5294117647058824, 0.5, 0.7058823529411765, 0.5294117647058824, 0.6470588235294118, 0.5294117647058824, 0.625]
 mean: 0.5990196078431373, std: 0.08794341702612794
F1 (Intime): [0.8235294117647058, 0.575, 0.575, 0.5296442687747036, 0.5636363636363637, 0.32, 0.34615384615384615, 0.5296442687747036, 0.34615384615384615, 0.3333333333333333, 0.7017543859649122, 0.34615384615384615, 0.575, 0.34615384615384615, 0.5636363636363637]
 mean: 0.49831958536669796, std: 0.14762967825377266
--------------------------------------------------
Subject Number: 2
Accuracy Cross: [0.8571428571428571, 0.7142857142857143, 0.8571428571428571, 0.8333333333333334, 0.9047619047619048, 0.7380952380952381, 0.9761904761904762, 0.7380952380952381, 0.7619047619047619, 0.8809523809523809, 0.8571428571428571, 0.8333333333333334, 0.8333333333333334, 0.8333333333333334, 0.8809523809523809]
 mean: 0.8333333333333335, std: 0.06790237979748392
F1 Score: [0.8568181818181818, 0.7142857142857143, 0.8568181818181818, 0.8324786324786324, 0.9047619047619048, 0.71880706025563, 0.9761769710720363, 0.7254901960784313, 0.7529411764705882, 0.8803418803418803, 0.8571428571428571, 0.8285714285714285, 0.8332387975042541, 0.8285714285714285, 0.8803418803418803]
 mean: 0.8297857527675354, std: 0.07157042091704494
Accuracy Intime: [0.8823529411764706, 0.7647058823529411, 0.8235294117647058, 0.8823529411764706, 1.0, 0.7647058823529411, 0.9411764705882353, 1.0, 0.8823529411764706, 0.8125, 1.0, 1.0, 0.9411764705882353, 0.9411764705882353, 0.875]
 mean: 0.9007352941176471, std: 0.08031216129948913
F1 (Intime): [0.8819444444444444, 0.7571428571428571, 0.8235294117647058, 0.8819444444444444, 1.0, 0.7571428571428571, 0.9411764705882353, 1.0, 0.8819444444444444, 0.8117647058823529, 1.0, 1.0, 0.9403508771929825, 0.9403508771929825, 0.873015873015873]
 mean: 0.899353817550412, std: 0.08209803973553587
--------------------------------------------------
Subject Number: 3
Accuracy Cross: [0.5952380952380952, 0.5, 0.5, 0.5, 0.5476190476190477, 0.5, 0.5, 0.5, 0.5476190476190477, 0.5, 0.5238095238095238, 0.40476190476190477, 0.5, 0.5476190476190477, 0.5]
 mean: 0.5111111111111111, std: 0.03971427302602161
F1 Score: [0.5894192064404831, 0.3333333333333333, 0.3713471133285816, 0.3333333333333333, 0.5411155836687751, 0.3333333333333333, 0.3333333333333333, 0.4269005847953216, 0.49968652037617556, 0.3333333333333333, 0.41666666666666663, 0.288135593220339, 0.40203389830508474, 0.5473624503686898, 0.3333333333333333]
 mean: 0.4055111744780078, std: 0.09237517641013404
Accuracy Intime: [0.6470588235294118, 0.47058823529411764, 0.5294117647058824, 0.5294117647058824, 0.625, 0.47058823529411764, 0.47058823529411764, 0.5882352941176471, 0.6470588235294118, 0.5, 0.5294117647058824, 0.5294117647058824, 0.6470588235294118, 0.5882352941176471, 0.5]
 mean: 0.5514705882352942, std: 0.06449385940387956
F1 (Intime): [0.6458333333333333, 0.32, 0.34615384615384615, 0.34615384615384615, 0.6190476190476191, 0.32, 0.32, 0.4711111111111111, 0.6357142857142857, 0.3333333333333333, 0.43333333333333335, 0.34615384615384615, 0.6136363636363636, 0.5824561403508772, 0.3333333333333333]
 mean: 0.44441735944367516, std: 0.1307081579636635
--------------------------------------------------
Subject Number: 4
Accuracy Cross: [0.5714285714285714, 0.7857142857142857, 0.7142857142857143, 0.5714285714285714, 0.5, 0.5, 0.5952380952380952, 0.5714285714285714, 0.6904761904761905, 0.6904761904761905, 0.5952380952380952, 0.5, 0.6666666666666666, 0.5714285714285714, 0.47619047619047616]
 mean: 0.6, std: 0.08832017614757813
F1 Score: [0.5704545454545455, 0.7846153846153847, 0.6971153846153846, 0.475, 0.3333333333333333, 0.3333333333333333, 0.5757575757575757, 0.5178571428571429, 0.6860264519838988, 0.6816326530612244, 0.583673469387755, 0.3333333333333333, 0.6659090909090909, 0.5552941176470588, 0.38726790450928383]
 mean: 0.5453735813865563, std: 0.14185638983609655
Accuracy Intime: [0.5882352941176471, 0.8823529411764706, 0.7647058823529411, 0.7647058823529411, 0.5, 0.47058823529411764, 0.6470588235294118, 0.6470588235294118, 0.9411764705882353, 0.625, 0.5294117647058824, 0.47058823529411764, 0.9411764705882353, 0.7647058823529411, 0.625]
 mean: 0.6774509803921568, std: 0.1545369862622848
F1 (Intime): [0.5824561403508772, 0.8819444444444444, 0.7424242424242424, 0.7638888888888888, 0.3333333333333333, 0.32, 0.6136363636363636, 0.6136363636363636, 0.9403508771929825, 0.5636363636363637, 0.5142857142857142, 0.32, 0.9403508771929825, 0.7571428571428571, 0.6]
 mean: 0.6324724310776942, std: 0.2007405272684342
--------------------------------------------------
Subject Number: 5
Accuracy Cross: [0.47619047619047616, 0.38095238095238093, 0.5238095238095238, 0.5, 0.6428571428571429, 0.5, 0.5952380952380952, 0.5476190476190477, 0.5, 0.6428571428571429, 0.5238095238095238, 0.5, 0.5, 0.47619047619047616, 0.5238095238095238]
 mean: 0.5222222222222223, std: 0.06416312041716744
F1 Score: [0.38726790450928383, 0.37528604118993136, 0.41666666666666663, 0.3333333333333333, 0.6377228292121909, 0.3333333333333333, 0.5159322033898305, 0.4589830508474576, 0.4928119608970673, 0.625668449197861, 0.4951923076923077, 0.3333333333333333, 0.4857142857142857, 0.3225806451612903, 0.4814814814814815]
 mean: 0.44635385506397696, std: 0.09803639804766552
Accuracy Intime: [0.5294117647058824, 0.5882352941176471, 0.5294117647058824, 0.5294117647058824, 0.8125, 0.5294117647058824, 0.47058823529411764, 0.5294117647058824, 0.7647058823529411, 0.6875, 0.47058823529411764, 0.47058823529411764, 0.6470588235294118, 0.5294117647058824, 0.6875]
 mean: 0.5850490196078433, std: 0.1054309094280325
F1 (Intime): [0.43333333333333335, 0.5641025641025641, 0.43333333333333335, 0.34615384615384615, 0.8056680161943319, 0.34615384615384615, 0.32, 0.43333333333333335, 0.7571428571428571, 0.6761133603238867, 0.4631578947368421, 0.32, 0.6136363636363636, 0.34615384615384615, 0.6536796536796536]
 mean: 0.5007974832185358, std: 0.15951972712479154
--------------------------------------------------
Subject Number: 6
Accuracy Cross: [0.5, 0.47619047619047616, 0.5, 0.5238095238095238, 0.5, 0.4523809523809524, 0.5238095238095238, 0.47619047619047616, 0.5238095238095238, 0.5476190476190477, 0.5, 0.5238095238095238, 0.5952380952380952, 0.6666666666666666, 0.6428571428571429]
 mean: 0.5301587301587302, std: 0.058622810516252025
F1 Score: [0.3333333333333333, 0.4564705882352942, 0.3333333333333333, 0.41666666666666663, 0.3333333333333333, 0.45207033465683494, 0.4951923076923077, 0.4296296296296296, 0.41666666666666663, 0.48148148148148145, 0.49971639251276234, 0.4814814814814815, 0.583673469387755, 0.6541176470588235, 0.6377228292121909]
 mean: 0.46699263297879295, std: 0.09676573818144524
Accuracy Intime: [0.47058823529411764, 0.5882352941176471, 0.5294117647058824, 0.5882352941176471, 0.5625, 0.5882352941176471, 0.5882352941176471, 0.7058823529411765, 0.6470588235294118, 0.625, 0.47058823529411764, 0.47058823529411764, 0.8235294117647058, 0.7058823529411765, 0.75]
 mean: 0.6075980392156863, std: 0.10133966641564847
F1 (Intime): [0.32, 0.5641025641025641, 0.34615384615384615, 0.4711111111111111, 0.45893719806763283, 0.5641025641025641, 0.5296442687747036, 0.7017543859649122, 0.575, 0.6, 0.4631578947368421, 0.3952569169960475, 0.8210526315789474, 0.6886446886446886, 0.746031746031746]
 mean: 0.5496633210843738, std: 0.14107710802414333
--------------------------------------------------
Subject Number: 7
Accuracy Cross: [0.5238095238095238, 0.42857142857142855, 0.5714285714285714, 0.5714285714285714, 0.5, 0.47619047619047616, 0.5, 0.6428571428571429, 0.47619047619047616, 0.5714285714285714, 0.47619047619047616, 0.5, 0.7142857142857143, 0.5238095238095238, 0.47619047619047616]
 mean: 0.5301587301587302, std: 0.07141093256636186
F1 Score: [0.3841642228739003, 0.3942307692307692, 0.5333333333333333, 0.5552941176470588, 0.3713471133285816, 0.4564705882352942, 0.3333333333333333, 0.6050156739811913, 0.4652777777777778, 0.5456730769230769, 0.3225806451612903, 0.4269005847953216, 0.6971153846153846, 0.41666666666666663, 0.475]
 mean: 0.46549355252686525, std: 0.10155535852560578
Accuracy Intime: [0.5294117647058824, 0.5882352941176471, 0.5882352941176471, 0.7647058823529411, 0.625, 0.47058823529411764, 0.5294117647058824, 0.7647058823529411, 0.5882352941176471, 0.6875, 0.5294117647058824, 0.5882352941176471, 0.5882352941176471, 0.5882352941176471, 0.75]
 mean: 0.6120098039215686, std: 0.08771154468555713
F1 (Intime): [0.34615384615384615, 0.5296442687747036, 0.4711111111111111, 0.7638888888888888, 0.5636363636363637, 0.43956043956043955, 0.34615384615384615, 0.7571428571428571, 0.5882352941176471, 0.6862745098039216, 0.34615384615384615, 0.5296442687747036, 0.5296442687747036, 0.5296442687747036, 0.746031746031746]
 mean: 0.5448613215902218, std: 0.13943819304890734
--------------------------------------------------
Subject Number: 8
Accuracy Cross: [0.7142857142857143, 0.6190476190476191, 0.8095238095238095, 0.7619047619047619, 0.7380952380952381, 0.7857142857142857, 0.6666666666666666, 0.7619047619047619, 0.6190476190476191, 0.5, 0.8571428571428571, 0.8571428571428571, 0.7142857142857143, 0.9761904761904762, 0.9047619047619048]
 mean: 0.7523809523809523, std: 0.11818736805705576
F1 Score: [0.7136363636363636, 0.5714285714285714, 0.8055555555555556, 0.7569444444444444, 0.7379466817923993, 0.7754010695187166, 0.6636155606407322, 0.7613636363636364, 0.5543766578249337, 0.3333333333333333, 0.8568181818181818, 0.8568181818181818, 0.6971153846153846, 0.9761769710720363, 0.9038901601830663]
 mean: 0.7309613836030358, std: 0.15310658991774995
Accuracy Intime: [0.7647058823529411, 0.9411764705882353, 0.8823529411764706, 0.8235294117647058, 0.8125, 1.0, 0.7058823529411765, 0.8235294117647058, 0.7647058823529411, 0.5, 0.9411764705882353, 0.8823529411764706, 0.6470588235294118, 0.8823529411764706, 0.9375]
 mean: 0.8205882352941177, std: 0.1261638436938016
F1 (Intime): [0.7638888888888888, 0.9411764705882353, 0.8819444444444444, 0.8210526315789474, 0.8056680161943319, 1.0, 0.7017543859649122, 0.8210526315789474, 0.7571428571428571, 0.3333333333333333, 0.9403508771929825, 0.8819444444444444, 0.6136363636363636, 0.8819444444444444, 0.9372549019607843]
 mean: 0.8054763127595944, std: 0.1600798929798676
--------------------------------------------------
Subject Number: 9
Accuracy Cross: [0.6666666666666666, 0.5, 0.5, 0.5476190476190477, 0.5, 0.5, 0.6428571428571429, 0.5714285714285714, 0.42857142857142855, 0.5476190476190477, 0.5714285714285714, 0.5476190476190477, 0.5714285714285714, 0.5952380952380952, 0.5]
 mean: 0.546031746031746, std: 0.05926398318283958
F1 Score: [0.6541176470588235, 0.3333333333333333, 0.3333333333333333, 0.43121881682109764, 0.3333333333333333, 0.3333333333333333, 0.6426545660805445, 0.5625, 0.42857142857142855, 0.49968652037617556, 0.5333333333333333, 0.5411155836687751, 0.49867374005305043, 0.583673469387755, 0.3333333333333333]
 mean: 0.4694807848011766, std: 0.11330312641283426
Accuracy Intime: [0.5294117647058824, 0.47058823529411764, 0.5294117647058824, 0.5294117647058824, 0.5, 0.47058823529411764, 0.5882352941176471, 0.5294117647058824, 0.7058823529411765, 0.8125, 0.7647058823529411, 0.47058823529411764, 0.5294117647058824, 0.5294117647058824, 0.5]
 mean: 0.5639705882352941, std: 0.10465829773548978
F1 (Intime): [0.43333333333333335, 0.32, 0.34615384615384615, 0.43333333333333335, 0.3333333333333333, 0.32, 0.5641025641025641, 0.5142857142857142, 0.7058823529411765, 0.8056680161943319, 0.7424242424242424, 0.43956043956043955, 0.43333333333333335, 0.43333333333333335, 0.3333333333333333]
 mean: 0.47720514504415434, std: 0.15417826148428798
--------------------------------------------------
Subject Number: 10
Accuracy Cross: [0.5238095238095238, 0.6666666666666666, 0.6190476190476191, 0.5714285714285714, 0.5, 0.47619047619047616, 0.5, 0.4523809523809524, 0.6190476190476191, 0.5952380952380952, 0.5952380952380952, 0.5, 0.5714285714285714, 0.5, 0.5476190476190477]
 mean: 0.5492063492063491, std: 0.05989829290194668
F1 Score: [0.41666666666666663, 0.6370370370370371, 0.5714285714285714, 0.475, 0.3333333333333333, 0.44471153846153844, 0.4269005847953216, 0.39435736677115985, 0.5851851851851853, 0.5654290931223371, 0.5360623781676412, 0.3333333333333333, 0.475, 0.3333333333333333, 0.48148148148148145]
 mean: 0.46728399354112937, std: 0.09384225381702822
Accuracy Intime: [0.5294117647058824, 0.6470588235294118, 0.7058823529411765, 0.7058823529411765, 0.5, 0.8823529411764706, 0.5294117647058824, 0.5882352941176471, 0.7058823529411765, 0.75, 0.6470588235294118, 0.5882352941176471, 0.6470588235294118, 0.47058823529411764, 0.75]
 mean: 0.6431372549019607, std: 0.10772721041903681
F1 (Intime): [0.43333333333333335, 0.6136363636363636, 0.7017543859649122, 0.6886446886446886, 0.3333333333333333, 0.8785714285714286, 0.5277777777777778, 0.5641025641025641, 0.6886446886446886, 0.746031746031746, 0.575, 0.5296442687747036, 0.6136363636363636, 0.32, 0.746031746031746]
 mean: 0.59734284589891, std: 0.14965667066700034
--------------------------------------------------
Subject Number: 11
Accuracy Cross: [0.5714285714285714, 0.47619047619047616, 0.7857142857142857, 0.7380952380952381, 0.5952380952380952, 0.6428571428571429, 0.7142857142857143, 0.5714285714285714, 0.5952380952380952, 0.5476190476190477, 0.5714285714285714, 0.7142857142857143, 0.6666666666666666, 0.7142857142857143, 0.5476190476190477]
 mean: 0.63015873015873, std: 0.0851243662082027
F1 Score: [0.5456730769230769, 0.3225806451612903, 0.7795918367346939, 0.7306122448979592, 0.5894192064404831, 0.625668449197861, 0.6888888888888889, 0.5625, 0.5894192064404831, 0.5346938775510204, 0.49867374005305043, 0.6888888888888889, 0.6370370370370371, 0.7136363636363636, 0.48148148148148145]
 mean: 0.5992509962221717, std: 0.11259730136581254
Accuracy Intime: [0.7058823529411765, 0.5882352941176471, 0.6470588235294118, 0.8235294117647058, 0.8125, 0.8235294117647058, 0.6470588235294118, 0.8235294117647058, 0.8235294117647058, 0.8125, 0.5882352941176471, 0.7647058823529411, 0.7647058823529411, 0.7058823529411765, 0.5625]
 mean: 0.7262254901960784, std: 0.09450619348729832
F1 (Intime): [0.7017543859649122, 0.4711111111111111, 0.6136363636363636, 0.8131868131868132, 0.8056680161943319, 0.8235294117647058, 0.6357142857142857, 0.8131868131868132, 0.8235294117647058, 0.8056680161943319, 0.4711111111111111, 0.7571428571428571, 0.7424242424242424, 0.7017543859649122, 0.5151515151515151]
 mean: 0.6996379160342008, std: 0.124922069424913
--------------------------------------------------
Subject Number: 12
Accuracy Cross: [0.5, 0.5238095238095238, 0.6666666666666666, 0.47619047619047616, 0.5238095238095238, 0.5, 0.5952380952380952, 0.5952380952380952, 0.6190476190476191, 0.5, 0.5, 0.5238095238095238, 0.6428571428571429, 0.5476190476190477, 0.4523809523809524]
 mean: 0.5444444444444444, std: 0.06200642852261781
F1 Score: [0.3333333333333333, 0.5238095238095238, 0.6636155606407322, 0.3225806451612903, 0.44297082228116713, 0.3713471133285816, 0.5654290931223371, 0.5654290931223371, 0.5714285714285714, 0.3333333333333333, 0.3333333333333333, 0.44297082228116713, 0.6377228292121909, 0.49968652037617556, 0.43673469387755104]
 mean: 0.4695816859094417, std: 0.11194021204396556
Accuracy Intime: [0.47058823529411764, 0.47058823529411764, 0.7647058823529411, 0.8235294117647058, 0.75, 0.5294117647058824, 0.47058823529411764, 0.5882352941176471, 0.7058823529411765, 0.5, 0.5294117647058824, 0.5294117647058824, 0.5882352941176471, 0.5882352941176471, 0.75]
 mean: 0.6039215686274509, std: 0.11794895904431967
F1 (Intime): [0.32, 0.47058823529411764, 0.7424242424242424, 0.8235294117647058, 0.75, 0.43333333333333335, 0.4631578947368421, 0.5641025641025641, 0.7017543859649122, 0.3333333333333333, 0.34615384615384615, 0.34615384615384615, 0.5641025641025641, 0.5296442687747036, 0.746031746031746]
 mean: 0.5422873114780503, std: 0.16805414768162635
--------------------------------------------------
Subject Number: 13
Accuracy Cross: [0.5714285714285714, 0.6428571428571429, 0.5952380952380952, 0.5476190476190477, 0.7142857142857143, 0.5, 0.7857142857142857, 0.7380952380952381, 0.7857142857142857, 0.8333333333333334, 0.7142857142857143, 0.5, 0.7380952380952381, 0.6904761904761905, 0.7380952380952381]
 mean: 0.673015873015873, std: 0.10340633317398305
F1 Score: [0.475, 0.6050156739811913, 0.5654290931223371, 0.4589830508474576, 0.7116704805491991, 0.3333333333333333, 0.7795918367346939, 0.7306122448979592, 0.7754010695187166, 0.8309373202990225, 0.7136363636363636, 0.40203389830508474, 0.7343300747556067, 0.690300623936472, 0.7379466817923993]
 mean: 0.636281449713989, std: 0.14861798111327626
Accuracy Intime: [0.8235294117647058, 0.8235294117647058, 0.7647058823529411, 0.7058823529411765, 0.8125, 0.5294117647058824, 0.7647058823529411, 0.5882352941176471, 0.7647058823529411, 0.875, 0.8823529411764706, 0.47058823529411764, 0.8235294117647058, 0.5294117647058824, 0.5625]
 mean: 0.7147058823529412, std: 0.13512750824046027
F1 (Intime): [0.8210526315789474, 0.8235294117647058, 0.7571428571428571, 0.6886446886446886, 0.8056680161943319, 0.34615384615384615, 0.7571428571428571, 0.5882352941176471, 0.7424242424242424, 0.875, 0.8785714285714286, 0.32, 0.8210526315789474, 0.34615384615384615, 0.45893719806763283]
 mean: 0.6686472633023985, std: 0.19619323211116635
--------------------------------------------------
Subject Number: 14
Accuracy Cross: [0.6190476190476191, 0.5, 0.7619047619047619, 0.7142857142857143, 0.6904761904761905, 0.7619047619047619, 0.7142857142857143, 0.8095238095238095, 0.7857142857142857, 0.8095238095238095, 0.5, 0.7142857142857143, 0.6904761904761905, 0.5952380952380952, 0.7857142857142857]
 mean: 0.6968253968253967, std: 0.0981563481507321
F1 Score: [0.6111111111111112, 0.3333333333333333, 0.7569444444444444, 0.7116704805491991, 0.6888888888888889, 0.7475961538461539, 0.7116704805491991, 0.8077803203661327, 0.7795918367346939, 0.8055555555555556, 0.4857142857142857, 0.7116704805491991, 0.690300623936472, 0.5894192064404831, 0.7795918367346939]
 mean: 0.6807226025835897, std: 0.12556017942582545
Accuracy Intime: [0.7058823529411765, 0.5882352941176471, 0.8823529411764706, 0.9411764705882353, 0.9375, 0.6470588235294118, 0.7647058823529411, 0.7647058823529411, 0.8823529411764706, 0.75, 0.47058823529411764, 0.7058823529411765, 0.9411764705882353, 0.9411764705882353, 0.875]
 mean: 0.7865196078431372, std: 0.14014679306464797
F1 (Intime): [0.6886446886446886, 0.4711111111111111, 0.8819444444444444, 0.9411764705882353, 0.9372549019607843, 0.6136363636363636, 0.7638888888888888, 0.7571428571428571, 0.8819444444444444, 0.7333333333333334, 0.43956043956043955, 0.7058823529411765, 0.9411764705882353, 0.9411764705882353, 0.873015873015873]
 mean: 0.7713926073926074, std: 0.16057728459188317
--------------------------------------------------
**************************************************
accuracy_cross_list: [0.546031746031746, 0.8333333333333335, 0.5111111111111111, 0.6, 0.5222222222222223, 0.5301587301587302, 0.5301587301587302, 0.7523809523809523, 0.546031746031746, 0.5492063492063491, 0.63015873015873, 0.5444444444444444, 0.673015873015873, 0.6968253968253967]
f1_score_list: [0.4498800154018939, 0.8297857527675354, 0.4055111744780078, 0.5453735813865563, 0.44635385506397696, 0.46699263297879295, 0.46549355252686525, 0.7309613836030358, 0.4694807848011766, 0.46728399354112937, 0.5992509962221717, 0.4695816859094417, 0.636281449713989, 0.6807226025835897]
accuracy_intime_list: [0.5990196078431373, 0.9007352941176471, 0.5514705882352942, 0.6774509803921568, 0.5850490196078433, 0.6075980392156863, 0.6120098039215686, 0.8205882352941177, 0.5639705882352941, 0.6431372549019607, 0.7262254901960784, 0.6039215686274509, 0.7147058823529412, 0.7865196078431372]
f1_score_intime_list: [0.49831958536669796, 0.899353817550412, 0.44441735944367516, 0.6324724310776942, 0.5007974832185358, 0.5496633210843738, 0.5448613215902218, 0.8054763127595944, 0.47720514504415434, 0.59734284589891, 0.6996379160342008, 0.5422873114780503, 0.6686472633023985, 0.7713926073926074]
**************************************************
ACC: 60.46±9.57
F1: 54.74±12.35
Intime: 67.09±10.16
F1 (Intime): 61.66±13.13
