1e-05
Subject Number: 1
Accuracy Cross: [0.29411764705882354, 0.23529411764705882, 0.5294117647058824, 0.29411764705882354, 0.29411764705882354, 0.29411764705882354, 0.23529411764705882, 0.35294117647058826, 0.29411764705882354, 0.23529411764705882, 0.29411764705882354, 0.47058823529411764, 0.29411764705882354, 0.4117647058823529, 0.29411764705882354]
 mean: 0.32156862745098036, std: 0.08281847875271715
F1 Score: [0.11363636363636363, 0.09523809523809523, 0.47619047619047616, 0.11363636363636363, 0.11363636363636363, 0.11363636363636363, 0.09523809523809523, 0.30526315789473685, 0.11363636363636363, 0.1111111111111111, 0.11363636363636363, 0.44886363636363635, 0.1388888888888889, 0.29289215686274506, 0.11363636363636363]
 mean: 0.18394267754948868, std: 0.12645227543604937
Accuracy Intime: [0.2857142857142857, 0.2857142857142857, 0.5714285714285714, 0.3333333333333333, 0.3333333333333333, 0.2857142857142857, 0.2857142857142857, 0.42857142857142855, 0.3333333333333333, 0.5, 0.2857142857142857, 0.5714285714285714, 0.42857142857142855, 0.5, 0.3333333333333333]
 mean: 0.38412698412698415, std: 0.10318681246441275
F1 (Intime): [0.1111111111111111, 0.1111111111111111, 0.4916666666666667, 0.125, 0.125, 0.1111111111111111, 0.1111111111111111, 0.375, 0.125, 0.39285714285714285, 0.1111111111111111, 0.5416666666666666, 0.26785714285714285, 0.3666666666666667, 0.125]
 mean: 0.23275132275132276, std: 0.15229866237783682
--------------------------------------------------
Subject Number: 2
Accuracy Cross: [0.29411764705882354, 0.35294117647058826, 0.23529411764705882, 0.29411764705882354, 0.29411764705882354, 0.5294117647058824, 0.29411764705882354, 0.5294117647058824, 0.35294117647058826, 0.29411764705882354, 0.29411764705882354, 0.23529411764705882, 0.23529411764705882, 0.4117647058823529, 0.29411764705882354]
 mean: 0.3294117647058823, std: 0.09062133339836348
F1 Score: [0.11363636363636363, 0.28075396825396826, 0.09523809523809523, 0.11363636363636363, 0.11363636363636363, 0.41944444444444445, 0.11363636363636363, 0.4000999000999001, 0.27564102564102566, 0.11363636363636363, 0.11363636363636363, 0.15384615384615385, 0.09523809523809523, 0.24705882352941178, 0.11363636363636363]
 mean: 0.18418500344970934, std: 0.10807172254113698
Accuracy Intime: [0.2857142857142857, 0.5714285714285714, 0.2857142857142857, 0.3333333333333333, 0.3333333333333333, 0.8571428571428571, 0.2857142857142857, 0.5714285714285714, 0.5714285714285714, 0.3333333333333333, 0.2857142857142857, 0.5714285714285714, 0.2857142857142857, 0.5, 0.3333333333333333]
 mean: 0.4269841269841269, std: 0.16506410185848464
F1 (Intime): [0.1111111111111111, 0.45, 0.1111111111111111, 0.125, 0.125, 0.7, 0.1111111111111111, 0.4916666666666667, 0.5166666666666666, 0.125, 0.1111111111111111, 0.4583333333333333, 0.1111111111111111, 0.3666666666666667, 0.125]
 mean: 0.2692592592592593, std: 0.19704730549684388
--------------------------------------------------
Subject Number: 3
Accuracy Cross: [0.47058823529411764, 0.29411764705882354, 0.29411764705882354, 0.29411764705882354, 0.29411764705882354, 0.29411764705882354, 0.23529411764705882, 0.23529411764705882, 0.5294117647058824, 0.29411764705882354, 0.29411764705882354, 0.5294117647058824, 0.35294117647058826, 0.29411764705882354, 0.4117647058823529]
 mean: 0.34117647058823525, std: 0.09411764705882353
F1 Score: [0.29705882352941176, 0.11363636363636363, 0.11904761904761904, 0.11363636363636363, 0.11363636363636363, 0.11363636363636363, 0.09523809523809523, 0.09523809523809523, 0.3380681818181818, 0.11363636363636363, 0.11363636363636363, 0.369281045751634, 0.27772227772227775, 0.11363636363636363, 0.29166666666666663]
 mean: 0.17858502336443513, std: 0.098460810321009
Accuracy Intime: [0.42857142857142855, 0.2857142857142857, 0.2857142857142857, 0.2857142857142857, 0.3333333333333333, 0.2857142857142857, 0.2857142857142857, 0.2857142857142857, 0.5, 0.3333333333333333, 0.2857142857142857, 0.42857142857142855, 0.5714285714285714, 0.5, 0.6666666666666666]
 mean: 0.38412698412698415, std: 0.12073930321102612
F1 (Intime): [0.26785714285714285, 0.1111111111111111, 0.1111111111111111, 0.1111111111111111, 0.125, 0.1111111111111111, 0.1111111111111111, 0.1111111111111111, 0.3333333333333333, 0.125, 0.1111111111111111, 0.29166666666666663, 0.45833333333333326, 0.30952380952380953, 0.5416666666666666]
 mean: 0.2153439153439153, std: 0.13887162906108894
--------------------------------------------------
Subject Number: 4
Accuracy Cross: [0.47058823529411764, 0.47058823529411764, 0.29411764705882354, 0.5294117647058824, 0.35294117647058826, 0.29411764705882354, 0.29411764705882354, 0.29411764705882354, 0.7058823529411765, 0.5882352941176471, 0.4117647058823529, 0.29411764705882354, 0.29411764705882354, 0.6470588235294118, 0.29411764705882354]
 mean: 0.41568627450980394, std: 0.13997308468686076
F1 Score: [0.381578947368421, 0.42857142857142855, 0.11363636363636363, 0.45833333333333326, 0.3447802197802198, 0.11363636363636363, 0.11363636363636363, 0.11363636363636363, 0.7133838383838385, 0.40625, 0.34469696969696967, 0.11363636363636363, 0.11363636363636363, 0.6286713286713287, 0.11363636363636363]
 mean: 0.300114707417339, std: 0.19758171448764186
Accuracy Intime: [0.42857142857142855, 0.7142857142857143, 0.2857142857142857, 0.8571428571428571, 0.6666666666666666, 0.2857142857142857, 0.2857142857142857, 0.2857142857142857, 0.7142857142857143, 0.6666666666666666, 0.7142857142857143, 0.2857142857142857, 0.2857142857142857, 0.8571428571428571, 0.3333333333333333]
 mean: 0.5111111111111111, std: 0.22434361579752068
F1 (Intime): [0.375, 0.6666666666666666, 0.1111111111111111, 0.8666666666666667, 0.5333333333333333, 0.1111111111111111, 0.1111111111111111, 0.1111111111111111, 0.6166666666666667, 0.6666666666666666, 0.75, 0.1111111111111111, 0.1111111111111111, 0.8666666666666667, 0.125]
 mean: 0.40888888888888886, std: 0.29897664965183657
--------------------------------------------------
Subject Number: 5
Accuracy Cross: [0.29411764705882354, 0.4117647058823529, 0.47058823529411764, 0.29411764705882354, 0.29411764705882354, 0.29411764705882354, 0.23529411764705882, 0.6470588235294118, 0.29411764705882354, 0.5882352941176471, 0.29411764705882354, 0.29411764705882354, 0.47058823529411764, 0.29411764705882354, 0.47058823529411764]
 mean: 0.37647058823529417, std: 0.1211250604822
F1 Score: [0.11363636363636363, 0.3611111111111111, 0.4303921568627451, 0.11363636363636363, 0.11363636363636363, 0.11363636363636363, 0.09523809523809523, 0.6083333333333334, 0.11363636363636363, 0.3708791208791209, 0.11363636363636363, 0.11363636363636363, 0.40955882352941175, 0.11363636363636363, 0.33333333333333337]
 mean: 0.2345291255585374, std: 0.16112652790629128
Accuracy Intime: [0.5714285714285714, 0.7142857142857143, 0.8571428571428571, 0.5, 0.3333333333333333, 0.2857142857142857, 0.2857142857142857, 1.0, 0.3333333333333333, 0.5, 0.2857142857142857, 0.42857142857142855, 0.8571428571428571, 0.3333333333333333, 0.6666666666666666]
 mean: 0.5301587301587302, std: 0.2304267733107475
F1 (Intime): [0.39285714285714285, 0.6666666666666666, 0.8666666666666667, 0.39285714285714285, 0.125, 0.1111111111111111, 0.1111111111111111, 1.0, 0.125, 0.35, 0.1111111111111111, 0.26785714285714285, 0.8666666666666667, 0.125, 0.5333333333333333]
 mean: 0.40301587301587294, std: 0.30349268612541563
--------------------------------------------------
Subject Number: 6
Accuracy Cross: [0.29411764705882354, 0.29411764705882354, 0.29411764705882354, 0.29411764705882354, 0.4117647058823529, 0.29411764705882354, 0.47058823529411764, 0.4117647058823529, 0.29411764705882354, 0.35294117647058826, 0.29411764705882354, 0.23529411764705882, 0.35294117647058826, 0.47058823529411764, 0.47058823529411764]
 mean: 0.34901960784313724, std: 0.07583952786593613
F1 Score: [0.24931318681318682, 0.11363636363636363, 0.11363636363636363, 0.11904761904761904, 0.256578947368421, 0.11363636363636363, 0.40384615384615385, 0.4034090909090909, 0.11363636363636363, 0.20238095238095238, 0.11363636363636363, 0.09523809523809523, 0.2757352941176471, 0.29705882352941176, 0.3055555555555556]
 mean: 0.21175636913253015, std: 0.10570838014634255
Accuracy Intime: [0.7142857142857143, 0.2857142857142857, 0.2857142857142857, 0.5714285714285714, 0.5, 0.2857142857142857, 0.7142857142857143, 0.5714285714285714, 0.3333333333333333, 0.5, 0.2857142857142857, 0.2857142857142857, 0.7142857142857143, 0.5, 0.5]
 mean: 0.46984126984126984, std: 0.16159322657300845
F1 (Intime): [0.7, 0.1111111111111111, 0.1111111111111111, 0.39285714285714285, 0.39285714285714285, 0.1111111111111111, 0.65, 0.5, 0.125, 0.3333333333333333, 0.1111111111111111, 0.1111111111111111, 0.6166666666666667, 0.3333333333333333, 0.3333333333333333]
 mean: 0.32886243386243386, std: 0.2065398217409481
--------------------------------------------------
Subject Number: 7
Accuracy Cross: [0.29411764705882354, 0.5882352941176471, 0.11764705882352941, 0.29411764705882354, 0.29411764705882354, 0.4117647058823529, 0.23529411764705882, 0.35294117647058826, 0.29411764705882354, 0.47058823529411764, 0.29411764705882354, 0.5294117647058824, 0.5882352941176471, 0.4117647058823529, 0.29411764705882354]
 mean: 0.3647058823529411, std: 0.12923338865320846
F1 Score: [0.11363636363636363, 0.6243131868131868, 0.0787878787878788, 0.11363636363636363, 0.11363636363636363, 0.32857142857142857, 0.19166666666666665, 0.2361111111111111, 0.25, 0.3616383616383616, 0.11363636363636363, 0.4142857142857143, 0.47152847152847155, 0.2738095238095238, 0.11363636363636363]
 mean: 0.25325961075961073, std: 0.15515661081173182
Accuracy Intime: [0.2857142857142857, 0.5714285714285714, 0.42857142857142855, 0.3333333333333333, 0.3333333333333333, 0.7142857142857143, 0.7142857142857143, 0.7142857142857143, 0.5, 0.5, 0.2857142857142857, 0.7142857142857143, 0.5714285714285714, 0.5, 0.3333333333333333]
 mean: 0.49999999999999994, std: 0.15793451382644763
F1 (Intime): [0.1111111111111111, 0.4916666666666667, 0.29166666666666663, 0.125, 0.125, 0.5833333333333333, 0.5666666666666667, 0.5833333333333333, 0.43333333333333335, 0.41666666666666663, 0.1111111111111111, 0.5833333333333333, 0.475, 0.325, 0.125]
 mean: 0.35648148148148145, std: 0.18739789172152796
--------------------------------------------------
Subject Number: 8
Accuracy Cross: [0.29411764705882354, 0.23529411764705882, 0.23529411764705882, 0.5294117647058824, 0.29411764705882354, 0.29411764705882354, 0.7058823529411765, 0.23529411764705882, 0.29411764705882354, 0.29411764705882354, 0.29411764705882354, 0.23529411764705882, 0.23529411764705882, 0.47058823529411764, 0.29411764705882354]
 mean: 0.3294117647058823, std: 0.13029998216342079
F1 Score: [0.11363636363636363, 0.09523809523809523, 0.09523809523809523, 0.5125, 0.11363636363636363, 0.11363636363636363, 0.6507936507936508, 0.09523809523809523, 0.11363636363636363, 0.11363636363636363, 0.11363636363636363, 0.09523809523809523, 0.1111111111111111, 0.5178571428571428, 0.11363636363636363]
 mean: 0.1979112554112554, std: 0.183639336958569
Accuracy Intime: [0.2857142857142857, 0.2857142857142857, 0.2857142857142857, 0.6666666666666666, 0.3333333333333333, 0.2857142857142857, 0.8571428571428571, 0.2857142857142857, 0.3333333333333333, 0.3333333333333333, 0.2857142857142857, 0.2857142857142857, 0.42857142857142855, 0.6666666666666666, 0.3333333333333333]
 mean: 0.39682539682539686, std: 0.17532319074900413
F1 (Intime): [0.1111111111111111, 0.1111111111111111, 0.1111111111111111, 0.6666666666666666, 0.125, 0.1111111111111111, 0.8666666666666667, 0.1111111111111111, 0.125, 0.125, 0.1111111111111111, 0.1111111111111111, 0.29166666666666663, 0.575, 0.125]
 mean: 0.2451851851851852, std: 0.2392255738240955
--------------------------------------------------
Subject Number: 9
Accuracy Cross: [0.29411764705882354, 0.23529411764705882, 0.23529411764705882, 0.4117647058823529, 0.4117647058823529, 0.29411764705882354, 0.47058823529411764, 0.23529411764705882, 0.6470588235294118, 0.47058823529411764, 0.29411764705882354, 0.23529411764705882, 0.17647058823529413, 0.29411764705882354, 0.29411764705882354]
 mean: 0.33333333333333326, std: 0.12087086280331326
F1 Score: [0.11363636363636363, 0.09523809523809523, 0.09523809523809523, 0.35625, 0.2582417582417582, 0.11363636363636363, 0.3663461538461539, 0.09523809523809523, 0.5119047619047619, 0.29705882352941176, 0.11363636363636363, 0.09523809523809523, 0.08823529411764706, 0.13157894736842105, 0.13157894736842105]
 mean: 0.19087041054920315, std: 0.12885714380811905
Accuracy Intime: [0.42857142857142855, 0.2857142857142857, 0.2857142857142857, 0.5, 0.5, 0.2857142857142857, 0.8571428571428571, 0.2857142857142857, 0.5, 0.5, 0.2857142857142857, 0.2857142857142857, 0.5714285714285714, 0.5, 0.5]
 mean: 0.4380952380952381, std: 0.15400915836948792
F1 (Intime): [0.29166666666666663, 0.1111111111111111, 0.1111111111111111, 0.3333333333333333, 0.39285714285714285, 0.1111111111111111, 0.7, 0.1111111111111111, 0.3666666666666667, 0.325, 0.1111111111111111, 0.1111111111111111, 0.39285714285714285, 0.3333333333333333, 0.39285714285714285]
 mean: 0.2796825396825397, std: 0.16352584795024241
--------------------------------------------------
Subject Number: 10
Accuracy Cross: [0.29411764705882354, 0.23529411764705882, 0.17647058823529413, 0.29411764705882354, 0.29411764705882354, 0.29411764705882354, 0.23529411764705882, 0.23529411764705882, 0.29411764705882354, 0.29411764705882354, 0.29411764705882354, 0.23529411764705882, 0.23529411764705882, 0.29411764705882354, 0.29411764705882354]
 mean: 0.2666666666666666, std: 0.03636713135488511
F1 Score: [0.11363636363636363, 0.09523809523809523, 0.11437908496732026, 0.11363636363636363, 0.11363636363636363, 0.11363636363636363, 0.09523809523809523, 0.09523809523809523, 0.11363636363636363, 0.11363636363636363, 0.11363636363636363, 0.09523809523809523, 0.09523809523809523, 0.11363636363636363, 0.11363636363636363]
 mean: 0.10755312225900461, std: 0.008709939343152253
Accuracy Intime: [0.2857142857142857, 0.2857142857142857, 0.5714285714285714, 0.3333333333333333, 0.3333333333333333, 0.2857142857142857, 0.2857142857142857, 0.2857142857142857, 0.3333333333333333, 0.3333333333333333, 0.2857142857142857, 0.2857142857142857, 0.2857142857142857, 0.3333333333333333, 0.5]
 mean: 0.3349206349206349, std: 0.08269216684210226
F1 (Intime): [0.1111111111111111, 0.1111111111111111, 0.5595238095238095, 0.125, 0.125, 0.1111111111111111, 0.1111111111111111, 0.1111111111111111, 0.125, 0.125, 0.1111111111111111, 0.1111111111111111, 0.1111111111111111, 0.125, 0.39285714285714285]
 mean: 0.16441798941798944, std: 0.1261731433527933
--------------------------------------------------
Subject Number: 11
Accuracy Cross: [0.29411764705882354, 0.29411764705882354, 0.35294117647058826, 0.29411764705882354, 0.29411764705882354, 0.29411764705882354, 0.29411764705882354, 0.29411764705882354, 0.35294117647058826, 0.35294117647058826, 0.29411764705882354, 0.29411764705882354, 0.4117647058823529, 0.4117647058823529, 0.29411764705882354]
 mean: 0.3215686274509804, std: 0.04223658672262356
F1 Score: [0.11363636363636363, 0.11363636363636363, 0.33035714285714285, 0.11363636363636363, 0.11363636363636363, 0.11363636363636363, 0.11363636363636363, 0.11363636363636363, 0.20238095238095238, 0.19407894736842105, 0.11363636363636363, 0.11363636363636363, 0.3205128205128205, 0.35225885225885223, 0.11363636363636363]
 mean: 0.16906349011612168, std: 0.08754830007643276
Accuracy Intime: [0.2857142857142857, 0.2857142857142857, 0.5714285714285714, 0.2857142857142857, 0.5, 0.2857142857142857, 0.2857142857142857, 0.2857142857142857, 0.5714285714285714, 0.5, 0.2857142857142857, 0.2857142857142857, 0.5714285714285714, 0.5714285714285714, 0.3333333333333333]
 mean: 0.39365079365079353, std: 0.1280313957465129
F1 (Intime): [0.1111111111111111, 0.1111111111111111, 0.55, 0.1111111111111111, 0.3333333333333333, 0.1111111111111111, 0.1111111111111111, 0.1111111111111111, 0.39285714285714285, 0.3333333333333333, 0.1111111111111111, 0.1111111111111111, 0.3666666666666667, 0.4916666666666667, 0.125]
 mean: 0.2321164021164021, std: 0.15523306834101028
--------------------------------------------------
Subject Number: 12
Accuracy Cross: [0.29411764705882354, 0.23529411764705882, 0.23529411764705882, 0.47058823529411764, 0.29411764705882354, 0.4117647058823529, 0.23529411764705882, 0.47058823529411764, 0.29411764705882354, 0.47058823529411764, 0.29411764705882354, 0.4117647058823529, 0.23529411764705882, 0.47058823529411764, 0.29411764705882354]
 mean: 0.34117647058823525, std: 0.09411764705882353
F1 Score: [0.11363636363636363, 0.09523809523809523, 0.09523809523809523, 0.3176470588235294, 0.11363636363636363, 0.39444444444444443, 0.09523809523809523, 0.4464285714285714, 0.11363636363636363, 0.4149122807017544, 0.11363636363636363, 0.3611111111111111, 0.1, 0.2967032967032967, 0.11363636363636363]
 mean: 0.2123428578072541, std: 0.13461190778670915
Accuracy Intime: [0.2857142857142857, 0.2857142857142857, 0.2857142857142857, 0.5, 0.3333333333333333, 0.7142857142857143, 0.2857142857142857, 0.8571428571428571, 0.3333333333333333, 0.6666666666666666, 0.2857142857142857, 0.42857142857142855, 0.42857142857142855, 0.5, 0.3333333333333333]
 mean: 0.434920634920635, std: 0.17528007318699235
F1 (Intime): [0.1111111111111111, 0.1111111111111111, 0.1111111111111111, 0.39285714285714285, 0.125, 0.75, 0.1111111111111111, 0.8666666666666667, 0.125, 0.5833333333333333, 0.1111111111111111, 0.375, 0.375, 0.39285714285714285, 0.125]
 mean: 0.31108465608465613, std: 0.24505928596549056
--------------------------------------------------
Subject Number: 13
Accuracy Cross: [0.29411764705882354, 0.23529411764705882, 0.23529411764705882, 0.29411764705882354, 0.47058823529411764, 0.29411764705882354, 0.17647058823529413, 0.23529411764705882, 0.29411764705882354, 0.29411764705882354, 0.29411764705882354, 0.17647058823529413, 0.17647058823529413, 0.29411764705882354, 0.35294117647058826]
 mean: 0.27450980392156854, std: 0.07336583111321454
F1 Score: [0.11363636363636363, 0.1938061938061938, 0.11764705882352941, 0.11363636363636363, 0.45940170940170943, 0.11363636363636363, 0.11212121212121212, 0.09523809523809523, 0.11363636363636363, 0.11363636363636363, 0.11363636363636363, 0.08333333333333333, 0.1701388888888889, 0.11363636363636363, 0.38636363636363635]
 mean: 0.16090031156207624, std: 0.10687079935872386
Accuracy Intime: [0.2857142857142857, 0.5714285714285714, 0.5714285714285714, 0.3333333333333333, 0.6666666666666666, 0.2857142857142857, 0.42857142857142855, 0.2857142857142857, 0.3333333333333333, 0.3333333333333333, 0.2857142857142857, 0.42857142857142855, 0.5714285714285714, 0.3333333333333333, 0.6666666666666666]
 mean: 0.4253968253968254, std: 0.13961037096695886
F1 (Intime): [0.1111111111111111, 0.47619047619047616, 0.47619047619047616, 0.125, 0.7083333333333333, 0.1111111111111111, 0.26785714285714285, 0.1111111111111111, 0.125, 0.125, 0.1111111111111111, 0.26785714285714285, 0.3666666666666667, 0.125, 0.6666666666666666]
 mean: 0.2782804232804233, std: 0.20460000709035797
--------------------------------------------------
Subject Number: 14
Accuracy Cross: [0.47058823529411764, 0.23529411764705882, 0.23529411764705882, 0.6470588235294118, 0.29411764705882354, 0.29411764705882354, 0.23529411764705882, 0.4117647058823529, 0.47058823529411764, 0.29411764705882354, 0.29411764705882354, 0.23529411764705882, 0.47058823529411764, 0.29411764705882354, 0.29411764705882354]
 mean: 0.3450980392156862, std: 0.11738532978114326
F1 Score: [0.4114219114219114, 0.09523809523809523, 0.09523809523809523, 0.6530303030303031, 0.11363636363636363, 0.11363636363636363, 0.09523809523809523, 0.2694805194805195, 0.29261363636363635, 0.11363636363636363, 0.11363636363636363, 0.09523809523809523, 0.4107142857142857, 0.11363636363636363, 0.11363636363636363]
 mean: 0.20666874791874795, std: 0.16242459346127322
Accuracy Intime: [0.5714285714285714, 0.2857142857142857, 0.2857142857142857, 0.6666666666666666, 0.3333333333333333, 0.2857142857142857, 0.2857142857142857, 0.7142857142857143, 0.5, 0.3333333333333333, 0.2857142857142857, 0.2857142857142857, 0.7142857142857143, 0.3333333333333333, 0.3333333333333333]
 mean: 0.41428571428571426, std: 0.16353058569129558
F1 (Intime): [0.6, 0.1111111111111111, 0.1111111111111111, 0.6166666666666667, 0.125, 0.1111111111111111, 0.1111111111111111, 0.575, 0.39285714285714285, 0.125, 0.1111111111111111, 0.1111111111111111, 0.7, 0.125, 0.125]
 mean: 0.2700793650793651, std: 0.22474735963159978
--------------------------------------------------
Subject Number: 15
Accuracy Cross: [0.29411764705882354, 0.23529411764705882, 0.47058823529411764, 0.5882352941176471, 0.4117647058823529, 0.4117647058823529, 0.23529411764705882, 0.23529411764705882, 0.5294117647058824, 0.5294117647058824, 0.7058823529411765, 0.29411764705882354, 0.23529411764705882, 0.4117647058823529, 0.5882352941176471]
 mean: 0.4117647058823529, std: 0.14881306636086492
F1 Score: [0.11363636363636363, 0.09523809523809523, 0.4047619047619047, 0.5423076923076924, 0.3333333333333333, 0.25, 0.09523809523809523, 0.09523809523809523, 0.408008658008658, 0.47916666666666663, 0.6058441558441559, 0.18333333333333335, 0.09523809523809523, 0.256578947368421, 0.47115384615384615]
 mean: 0.29527181882445036, std: 0.17464294162822067
Accuracy Intime: [0.2857142857142857, 0.2857142857142857, 0.8571428571428571, 0.6666666666666666, 0.6666666666666666, 0.5714285714285714, 0.2857142857142857, 0.2857142857142857, 0.6666666666666666, 0.6666666666666666, 0.42857142857142855, 0.5714285714285714, 0.2857142857142857, 0.5, 0.6666666666666666]
 mean: 0.5126984126984128, std: 0.18419538959210996
F1 (Intime): [0.1111111111111111, 0.1111111111111111, 0.8666666666666667, 0.6666666666666666, 0.6666666666666666, 0.3666666666666667, 0.1111111111111111, 0.1111111111111111, 0.5333333333333333, 0.5333333333333333, 0.375, 0.39285714285714285, 0.1111111111111111, 0.3333333333333333, 0.6166666666666667]
 mean: 0.3937830687830688, std: 0.24019933015097575
--------------------------------------------------
Subject Number: 16
Accuracy Cross: [0.29411764705882354, 0.23529411764705882, 0.23529411764705882, 0.29411764705882354, 0.29411764705882354, 0.29411764705882354, 0.23529411764705882, 0.23529411764705882, 0.29411764705882354, 0.29411764705882354, 0.29411764705882354, 0.5294117647058824, 0.23529411764705882, 0.29411764705882354, 0.29411764705882354]
 mean: 0.2901960784313725, std: 0.06949037312419352
F1 Score: [0.11363636363636363, 0.09523809523809523, 0.09523809523809523, 0.11363636363636363, 0.11363636363636363, 0.11363636363636363, 0.09523809523809523, 0.09523809523809523, 0.11363636363636363, 0.11363636363636363, 0.11363636363636363, 0.45714285714285713, 0.09523809523809523, 0.11363636363636363, 0.11363636363636363]
 mean: 0.13040404040404038, std: 0.08773895665310097
Accuracy Intime: [0.2857142857142857, 0.2857142857142857, 0.2857142857142857, 0.3333333333333333, 0.3333333333333333, 0.2857142857142857, 0.2857142857142857, 0.2857142857142857, 0.3333333333333333, 0.3333333333333333, 0.2857142857142857, 0.5714285714285714, 0.2857142857142857, 0.3333333333333333, 0.3333333333333333]
 mean: 0.32380952380952377, std: 0.06998542122237651
F1 (Intime): [0.1111111111111111, 0.1111111111111111, 0.1111111111111111, 0.125, 0.125, 0.1111111111111111, 0.1111111111111111, 0.1111111111111111, 0.125, 0.125, 0.1111111111111111, 0.45, 0.1111111111111111, 0.125, 0.125]
 mean: 0.13925925925925925, std: 0.08331398952444968
--------------------------------------------------
Subject Number: 17
Accuracy Cross: [0.29411764705882354, 0.23529411764705882, 0.35294117647058826, 0.29411764705882354, 0.29411764705882354, 0.29411764705882354, 0.23529411764705882, 0.4117647058823529, 0.4117647058823529, 0.23529411764705882, 0.29411764705882354, 0.29411764705882354, 0.4117647058823529, 0.23529411764705882, 0.4117647058823529]
 mean: 0.3137254901960784, std: 0.06678190731735843
F1 Score: [0.11363636363636363, 0.09523809523809523, 0.3111111111111111, 0.2264957264957265, 0.11363636363636363, 0.11363636363636363, 0.11764705882352941, 0.3571428571428571, 0.45555555555555555, 0.10526315789473684, 0.11363636363636363, 0.11363636363636363, 0.38907563025210085, 0.1111111111111111, 0.35119047619047616]
 mean: 0.20586750653314123, std: 0.12465117126682895
Accuracy Intime: [0.2857142857142857, 0.2857142857142857, 0.5714285714285714, 0.6666666666666666, 0.3333333333333333, 0.2857142857142857, 0.42857142857142855, 0.7142857142857143, 0.6666666666666666, 0.5, 0.2857142857142857, 0.2857142857142857, 0.5714285714285714, 0.42857142857142855, 0.8333333333333334]
 mean: 0.47619047619047616, std: 0.1792315839783526
F1 (Intime): [0.1111111111111111, 0.1111111111111111, 0.625, 0.5333333333333333, 0.125, 0.1111111111111111, 0.29166666666666663, 0.6666666666666666, 0.575, 0.3333333333333333, 0.1111111111111111, 0.1111111111111111, 0.5595238095238095, 0.26666666666666666, 0.8666666666666667]
 mean: 0.35989417989417993, std: 0.2471308215401803
--------------------------------------------------
Subject Number: 18
Accuracy Cross: [0.29411764705882354, 0.23529411764705882, 0.35294117647058826, 0.6470588235294118, 0.29411764705882354, 0.29411764705882354, 0.35294117647058826, 0.4117647058823529, 0.29411764705882354, 0.29411764705882354, 0.29411764705882354, 0.35294117647058826, 0.29411764705882354, 0.29411764705882354, 0.47058823529411764]
 mean: 0.3450980392156862, std: 0.09811761571134749
F1 Score: [0.11363636363636363, 0.09523809523809523, 0.30526315789473685, 0.59375, 0.11363636363636363, 0.11363636363636363, 0.3176470588235294, 0.4196969696969697, 0.11363636363636363, 0.11363636363636363, 0.11363636363636363, 0.3769230769230769, 0.2361111111111111, 0.11363636363636363, 0.4103174603174603]
 mean: 0.2366934316973017, std: 0.15232769216548736
Accuracy Intime: [0.2857142857142857, 0.2857142857142857, 0.42857142857142855, 0.6666666666666666, 0.3333333333333333, 0.2857142857142857, 0.7142857142857143, 0.7142857142857143, 0.3333333333333333, 0.3333333333333333, 0.2857142857142857, 0.5714285714285714, 0.5714285714285714, 0.3333333333333333, 0.6666666666666666]
 mean: 0.4539682539682539, std: 0.16846348141487746
F1 (Intime): [0.1111111111111111, 0.1111111111111111, 0.375, 0.6166666666666667, 0.125, 0.1111111111111111, 0.65, 0.6666666666666666, 0.125, 0.125, 0.1111111111111111, 0.6416666666666666, 0.6416666666666666, 0.125, 0.5333333333333333]
 mean: 0.33796296296296297, std: 0.24418055340501563
--------------------------------------------------
Subject Number: 19
Accuracy Cross: [0.29411764705882354, 0.11764705882352941, 0.058823529411764705, 0.17647058823529413, 0.17647058823529413, 0.29411764705882354, 0.23529411764705882, 0.35294117647058826, 0.29411764705882354, 0.29411764705882354, 0.29411764705882354, 0.23529411764705882, 0.17647058823529413, 0.29411764705882354, 0.29411764705882354]
 mean: 0.23921568627450976, std: 0.07882255389114425
F1 Score: [0.11363636363636363, 0.08116883116883117, 0.03125, 0.15, 0.14583333333333331, 0.11363636363636363, 0.09523809523809523, 0.20300751879699247, 0.11363636363636363, 0.11363636363636363, 0.11363636363636363, 0.09523809523809523, 0.12424242424242424, 0.11363636363636363, 0.11363636363636363]
 mean: 0.11476218956482112, std: 0.035551169395791594
Accuracy Intime: [0.2857142857142857, 0.7142857142857143, 0.5714285714285714, 0.6666666666666666, 0.8333333333333334, 0.2857142857142857, 0.2857142857142857, 0.42857142857142855, 0.3333333333333333, 0.3333333333333333, 0.2857142857142857, 0.2857142857142857, 0.42857142857142855, 0.3333333333333333, 0.3333333333333333]
 mean: 0.4269841269841269, std: 0.17528007318699237
F1 (Intime): [0.1111111111111111, 0.6166666666666667, 0.39285714285714285, 0.6666666666666666, 0.8333333333333333, 0.1111111111111111, 0.1111111111111111, 0.2833333333333333, 0.125, 0.125, 0.1111111111111111, 0.1111111111111111, 0.29166666666666663, 0.125, 0.125]
 mean: 0.276005291005291, std: 0.23386537561893223
--------------------------------------------------
Subject Number: 20
Accuracy Cross: [0.5882352941176471, 0.23529411764705882, 0.7058823529411765, 0.5294117647058824, 0.6470588235294118, 0.29411764705882354, 0.4117647058823529, 0.4117647058823529, 0.5882352941176471, 0.47058823529411764, 0.47058823529411764, 0.23529411764705882, 0.47058823529411764, 0.29411764705882354, 0.6470588235294118]
 mean: 0.4666666666666667, std: 0.14798401775775066
F1 Score: [0.5173160173160173, 0.09523809523809523, 0.6923076923076923, 0.48174603174603176, 0.5565934065934066, 0.11363636363636363, 0.40384615384615385, 0.3958333333333333, 0.5133928571428571, 0.381578947368421, 0.4613095238095238, 0.09523809523809523, 0.48257575757575755, 0.11363636363636363, 0.5784722222222223]
 mean: 0.39218139073402225, std: 0.1888422732122576
Accuracy Intime: [0.42857142857142855, 0.2857142857142857, 0.7142857142857143, 0.5, 0.6666666666666666, 0.2857142857142857, 0.8571428571428571, 0.8571428571428571, 0.6666666666666666, 0.5, 0.5714285714285714, 0.2857142857142857, 0.7142857142857143, 0.3333333333333333, 0.8333333333333334]
 mean: 0.5666666666666667, std: 0.2037442411393021
F1 (Intime): [0.375, 0.1111111111111111, 0.7083333333333333, 0.41666666666666663, 0.6666666666666666, 0.1111111111111111, 0.8666666666666667, 0.8666666666666667, 0.5833333333333333, 0.3333333333333333, 0.5833333333333333, 0.1111111111111111, 0.5833333333333333, 0.125, 0.8666666666666667]
 mean: 0.4872222222222221, std: 0.2753874935521551
--------------------------------------------------
Subject Number: 21
Accuracy Cross: [0.4117647058823529, 0.29411764705882354, 0.23529411764705882, 0.5294117647058824, 0.5882352941176471, 0.29411764705882354, 0.4117647058823529, 0.23529411764705882, 0.29411764705882354, 0.5882352941176471, 0.29411764705882354, 0.35294117647058826, 0.4117647058823529, 0.47058823529411764, 0.29411764705882354]
 mean: 0.38039215686274513, std: 0.11540344289852676
F1 Score: [0.31646825396825395, 0.18907563025210083, 0.09523809523809523, 0.3333333333333333, 0.4461538461538462, 0.11904761904761904, 0.28321678321678323, 0.09523809523809523, 0.11363636363636363, 0.375, 0.11363636363636363, 0.19444444444444445, 0.2792207792207792, 0.303030303030303, 0.11363636363636363]
 mean: 0.22469175160351632, std: 0.11202974535360519
Accuracy Intime: [0.8571428571428571, 0.5714285714285714, 0.2857142857142857, 0.5, 0.5, 0.2857142857142857, 0.7142857142857143, 0.2857142857142857, 0.3333333333333333, 0.5, 0.2857142857142857, 0.7142857142857143, 0.7142857142857143, 0.6666666666666666, 0.3333333333333333]
 mean: 0.5031746031746032, std: 0.18925534680366832
F1 (Intime): [0.7, 0.3666666666666667, 0.1111111111111111, 0.3333333333333333, 0.3333333333333333, 0.1111111111111111, 0.5666666666666667, 0.1111111111111111, 0.125, 0.39285714285714285, 0.1111111111111111, 0.575, 0.6666666666666666, 0.5833333333333333, 0.125]
 mean: 0.34748677248677245, std: 0.21708502097014898
--------------------------------------------------
Subject Number: 22
Accuracy Cross: [0.29411764705882354, 0.5294117647058824, 0.23529411764705882, 0.29411764705882354, 0.29411764705882354, 0.29411764705882354, 0.23529411764705882, 0.23529411764705882, 0.29411764705882354, 0.47058823529411764, 0.29411764705882354, 0.23529411764705882, 0.47058823529411764, 0.47058823529411764, 0.29411764705882354]
 mean: 0.32941176470588235, std: 0.09796075291605331
F1 Score: [0.11363636363636363, 0.34523809523809523, 0.15384615384615385, 0.11363636363636363, 0.11363636363636363, 0.11363636363636363, 0.09523809523809523, 0.09523809523809523, 0.11363636363636363, 0.40705128205128205, 0.11363636363636363, 0.09523809523809523, 0.49886363636363634, 0.29395604395604397, 0.11363636363636363]
 mean: 0.1853416028416028, std: 0.128102722146333
Accuracy Intime: [0.2857142857142857, 0.5714285714285714, 0.42857142857142855, 0.3333333333333333, 0.3333333333333333, 0.2857142857142857, 0.2857142857142857, 0.2857142857142857, 0.3333333333333333, 0.6666666666666666, 0.2857142857142857, 0.2857142857142857, 0.42857142857142855, 0.5, 0.3333333333333333]
 mean: 0.37619047619047613, std: 0.11540457605900656
F1 (Intime): [0.1111111111111111, 0.5595238095238095, 0.29166666666666663, 0.125, 0.125, 0.1111111111111111, 0.1111111111111111, 0.1111111111111111, 0.125, 0.6166666666666667, 0.1111111111111111, 0.1111111111111111, 0.475, 0.325, 0.125]
 mean: 0.228968253968254, std: 0.17508879077794973
--------------------------------------------------
Subject Number: 23
Accuracy Cross: [0.29411764705882354, 0.23529411764705882, 0.47058823529411764, 0.5294117647058824, 0.47058823529411764, 0.47058823529411764, 0.29411764705882354, 0.29411764705882354, 0.29411764705882354, 0.29411764705882354, 0.29411764705882354, 0.4117647058823529, 0.4117647058823529, 0.5294117647058824, 0.4117647058823529]
 mean: 0.38039215686274513, std: 0.09573769110379375
F1 Score: [0.11363636363636363, 0.09523809523809523, 0.4583333333333333, 0.5476190476190477, 0.4738095238095238, 0.30952380952380953, 0.11363636363636363, 0.11363636363636363, 0.11363636363636363, 0.11363636363636363, 0.11363636363636363, 0.40476190476190477, 0.40476190476190477, 0.5184873949579831, 0.3315789473684211]
 mean: 0.281728809546147, std: 0.16983864835755746
Accuracy Intime: [0.2857142857142857, 0.2857142857142857, 0.7142857142857143, 0.6666666666666666, 0.5, 0.42857142857142855, 0.2857142857142857, 0.2857142857142857, 0.2857142857142857, 0.3333333333333333, 0.2857142857142857, 0.5714285714285714, 0.7142857142857143, 0.6666666666666666, 0.5]
 mean: 0.45396825396825397, std: 0.16913515879330138
F1 (Intime): [0.1111111111111111, 0.1111111111111111, 0.65, 0.5416666666666666, 0.39285714285714285, 0.26785714285714285, 0.1111111111111111, 0.1111111111111111, 0.1111111111111111, 0.125, 0.1111111111111111, 0.625, 0.7416666666666667, 0.6666666666666666, 0.39285714285714285]
 mean: 0.3380158730158731, std: 0.23907330855448863
--------------------------------------------------
Subject Number: 24
Accuracy Cross: [0.29411764705882354, 0.4117647058823529, 0.17647058823529413, 0.29411764705882354, 0.4117647058823529, 0.5294117647058824, 0.23529411764705882, 0.17647058823529413, 0.29411764705882354, 0.35294117647058826, 0.29411764705882354, 0.23529411764705882, 0.5294117647058824, 0.29411764705882354, 0.29411764705882354]
 mean: 0.32156862745098036, std: 0.10493402478635022
F1 Score: [0.11363636363636363, 0.2692307692307693, 0.10714285714285714, 0.11363636363636363, 0.3055555555555556, 0.3351648351648352, 0.09523809523809523, 0.1213235294117647, 0.11363636363636363, 0.19444444444444445, 0.11363636363636363, 0.09523809523809523, 0.5227272727272727, 0.11363636363636363, 0.11363636363636363]
 mean: 0.1818589090647914, std: 0.11971251450453718
Accuracy Intime: [0.2857142857142857, 0.5714285714285714, 0.5714285714285714, 0.3333333333333333, 0.6666666666666666, 0.42857142857142855, 0.2857142857142857, 0.5714285714285714, 0.3333333333333333, 0.5, 0.2857142857142857, 0.2857142857142857, 0.8571428571428571, 0.3333333333333333, 0.3333333333333333]
 mean: 0.4428571428571428, std: 0.1676388877147103
F1 (Intime): [0.1111111111111111, 0.47619047619047616, 0.3666666666666667, 0.125, 0.6666666666666666, 0.26666666666666666, 0.1111111111111111, 0.45, 0.125, 0.3333333333333333, 0.1111111111111111, 0.1111111111111111, 0.8666666666666667, 0.125, 0.125]
 mean: 0.2913756613756614, std: 0.2280154479057002
--------------------------------------------------
Subject Number: 25
Accuracy Cross: [0.5294117647058824, 0.5294117647058824, 0.5294117647058824, 0.5294117647058824, 0.4117647058823529, 0.35294117647058826, 0.5294117647058824, 0.7058823529411765, 0.35294117647058826, 0.5294117647058824, 0.4117647058823529, 0.17647058823529413, 0.29411764705882354, 0.29411764705882354, 0.35294117647058826]
 mean: 0.4352941176470588, std: 0.13029998216342079
F1 Score: [0.4613095238095238, 0.4583333333333333, 0.4666666666666667, 0.5292207792207793, 0.26785714285714285, 0.20238095238095238, 0.43452380952380953, 0.5858585858585859, 0.19642857142857142, 0.45833333333333326, 0.31646825396825395, 0.14835164835164835, 0.23263888888888887, 0.11363636363636363, 0.19407894736842105]
 mean: 0.33773912004175166, std: 0.14831814130563534
Accuracy Intime: [0.5714285714285714, 0.8571428571428571, 0.5714285714285714, 0.8333333333333334, 0.5, 0.42857142857142855, 0.7142857142857143, 0.7142857142857143, 0.5, 0.6666666666666666, 0.7142857142857143, 0.8571428571428571, 0.5714285714285714, 0.3333333333333333, 0.5]
 mean: 0.6222222222222222, std: 0.15402551708835815
F1 (Intime): [0.4583333333333333, 0.8666666666666667, 0.6, 0.8666666666666667, 0.39285714285714285, 0.29166666666666663, 0.575, 0.5666666666666667, 0.35, 0.6166666666666667, 0.5833333333333333, 0.7, 0.41666666666666663, 0.125, 0.325]
 mean: 0.5156349206349206, std: 0.2005259838375155
--------------------------------------------------
Subject Number: 26
Accuracy Cross: [0.29411764705882354, 0.6470588235294118, 0.23529411764705882, 0.29411764705882354, 0.6470588235294118, 0.29411764705882354, 0.23529411764705882, 0.23529411764705882, 0.29411764705882354, 0.6470588235294118, 0.29411764705882354, 0.23529411764705882, 0.23529411764705882, 0.29411764705882354, 0.47058823529411764]
 mean: 0.35686274509803917, std: 0.15558301509707745
F1 Score: [0.11363636363636363, 0.5357142857142857, 0.09523809523809523, 0.11363636363636363, 0.5666666666666667, 0.11363636363636363, 0.09523809523809523, 0.09523809523809523, 0.11363636363636363, 0.5784722222222223, 0.11363636363636363, 0.09523809523809523, 0.16964285714285715, 0.11363636363636363, 0.4147727272727273]
 mean: 0.22186928811928813, std: 0.18599586662144663
Accuracy Intime: [0.2857142857142857, 0.5714285714285714, 0.2857142857142857, 0.3333333333333333, 0.5, 0.2857142857142857, 0.2857142857142857, 0.2857142857142857, 0.3333333333333333, 0.5, 0.2857142857142857, 0.2857142857142857, 0.7142857142857143, 0.3333333333333333, 0.5]
 mean: 0.38571428571428573, std: 0.13162166629605004
F1 (Intime): [0.1111111111111111, 0.45833333333333326, 0.1111111111111111, 0.125, 0.39285714285714285, 0.1111111111111111, 0.1111111111111111, 0.1111111111111111, 0.125, 0.39285714285714285, 0.1111111111111111, 0.1111111111111111, 0.75, 0.125, 0.39285714285714285]
 mean: 0.23597883597883598, std: 0.18860615687433627
--------------------------------------------------
Subject Number: 27
Accuracy Cross: [0.29411764705882354, 0.23529411764705882, 0.23529411764705882, 0.29411764705882354, 0.5882352941176471, 0.29411764705882354, 0.17647058823529413, 0.35294117647058826, 0.23529411764705882, 0.47058823529411764, 0.29411764705882354, 0.29411764705882354, 0.29411764705882354, 0.6470588235294118, 0.29411764705882354]
 mean: 0.3333333333333333, std: 0.12827786065722452
F1 Score: [0.11363636363636363, 0.09523809523809523, 0.16666666666666666, 0.11363636363636363, 0.3708791208791209, 0.11363636363636363, 0.11904761904761904, 0.2603174603174603, 0.21666666666666667, 0.42380952380952375, 0.11363636363636363, 0.11363636363636363, 0.11363636363636363, 0.48461538461538467, 0.11363636363636363]
 mean: 0.19551300551300554, std: 0.1251027499426045
Accuracy Intime: [0.2857142857142857, 0.2857142857142857, 0.7142857142857143, 0.3333333333333333, 0.5, 0.2857142857142857, 0.42857142857142855, 0.5714285714285714, 0.8333333333333334, 0.6666666666666666, 0.2857142857142857, 0.2857142857142857, 0.2857142857142857, 0.5714285714285714, 0.3333333333333333]
 mean: 0.4444444444444444, std: 0.17979299986849676
F1 (Intime): [0.1111111111111111, 0.1111111111111111, 0.65, 0.125, 0.3333333333333333, 0.1111111111111111, 0.26785714285714285, 0.45, 0.7, 0.5, 0.1111111111111111, 0.1111111111111111, 0.1111111111111111, 0.4583333333333333, 0.125]
 mean: 0.2850793650793651, std: 0.20723552023376893
--------------------------------------------------
Subject Number: 28
Accuracy Cross: [0.29411764705882354, 0.23529411764705882, 0.4117647058823529, 0.29411764705882354, 0.4117647058823529, 0.29411764705882354, 0.23529411764705882, 0.29411764705882354, 0.35294117647058826, 0.29411764705882354, 0.29411764705882354, 0.23529411764705882, 0.23529411764705882, 0.29411764705882354, 0.29411764705882354]
 mean: 0.2980392156862745, std: 0.05462113049876125
F1 Score: [0.11363636363636363, 0.1575757575757576, 0.25, 0.11363636363636363, 0.2676470588235294, 0.11363636363636363, 0.09523809523809523, 0.19583333333333333, 0.256578947368421, 0.125, 0.11363636363636363, 0.09523809523809523, 0.09523809523809523, 0.11363636363636363, 0.11363636363636363]
 mean: 0.1480111709755673, std: 0.06047266067843043
Accuracy Intime: [0.2857142857142857, 0.42857142857142855, 0.5714285714285714, 0.3333333333333333, 0.5, 0.2857142857142857, 0.42857142857142855, 0.5714285714285714, 0.6666666666666666, 0.5, 0.2857142857142857, 0.2857142857142857, 0.2857142857142857, 0.3333333333333333, 0.3333333333333333]
 mean: 0.4063492063492063, std: 0.12370773186284896
F1 (Intime): [0.1111111111111111, 0.26666666666666666, 0.5833333333333333, 0.125, 0.39285714285714285, 0.1111111111111111, 0.29166666666666663, 0.5416666666666666, 0.5416666666666666, 0.3333333333333333, 0.1111111111111111, 0.1111111111111111, 0.1111111111111111, 0.125, 0.125]
 mean: 0.2587830687830688, std: 0.1737402235952416
--------------------------------------------------
Subject Number: 29
Accuracy Cross: [0.29411764705882354, 0.23529411764705882, 0.23529411764705882, 0.29411764705882354, 0.4117647058823529, 0.29411764705882354, 0.47058823529411764, 0.5294117647058824, 0.29411764705882354, 0.29411764705882354, 0.29411764705882354, 0.23529411764705882, 0.35294117647058826, 0.47058823529411764, 0.47058823529411764]
 mean: 0.3450980392156862, std: 0.09573769110379374
F1 Score: [0.11363636363636363, 0.09523809523809523, 0.09523809523809523, 0.11363636363636363, 0.325, 0.11363636363636363, 0.4284090909090909, 0.5277777777777778, 0.11363636363636363, 0.11363636363636363, 0.11363636363636363, 0.09523809523809523, 0.3382352941176471, 0.46825396825396826, 0.381578947368421]
 mean: 0.22911916973062485, std: 0.15582734720683414
Accuracy Intime: [0.2857142857142857, 0.2857142857142857, 0.2857142857142857, 0.3333333333333333, 0.5, 0.2857142857142857, 0.7142857142857143, 0.7142857142857143, 0.3333333333333333, 0.3333333333333333, 0.2857142857142857, 0.2857142857142857, 0.7142857142857143, 0.5, 0.5]
 mean: 0.42380952380952386, std: 0.1652319197418807
F1 (Intime): [0.1111111111111111, 0.1111111111111111, 0.1111111111111111, 0.125, 0.39285714285714285, 0.1111111111111111, 0.75, 0.7416666666666667, 0.125, 0.125, 0.1111111111111111, 0.1111111111111111, 0.65, 0.5166666666666666, 0.39285714285714285]
 mean: 0.2990476190476191, std: 0.24361092688683866
--------------------------------------------------
**************************************************
accuracy_cross_list: [0.32156862745098036, 0.3294117647058823, 0.34117647058823525, 0.41568627450980394, 0.37647058823529417, 0.34901960784313724, 0.3647058823529411, 0.3294117647058823, 0.33333333333333326, 0.2666666666666666, 0.3215686274509804, 0.34117647058823525, 0.27450980392156854, 0.3450980392156862, 0.4117647058823529, 0.2901960784313725, 0.3137254901960784, 0.3450980392156862, 0.23921568627450976, 0.4666666666666667, 0.38039215686274513, 0.32941176470588235, 0.38039215686274513, 0.32156862745098036, 0.4352941176470588, 0.35686274509803917, 0.3333333333333333, 0.2980392156862745, 0.3450980392156862]
f1_score_list: [0.18394267754948868, 0.18418500344970934, 0.17858502336443513, 0.300114707417339, 0.2345291255585374, 0.21175636913253015, 0.25325961075961073, 0.1979112554112554, 0.19087041054920315, 0.10755312225900461, 0.16906349011612168, 0.2123428578072541, 0.16090031156207624, 0.20666874791874795, 0.29527181882445036, 0.13040404040404038, 0.20586750653314123, 0.2366934316973017, 0.11476218956482112, 0.39218139073402225, 0.22469175160351632, 0.1853416028416028, 0.281728809546147, 0.1818589090647914, 0.33773912004175166, 0.22186928811928813, 0.19551300551300554, 0.1480111709755673, 0.22911916973062485]
accuracy_intime_list: [0.38412698412698415, 0.4269841269841269, 0.38412698412698415, 0.5111111111111111, 0.5301587301587302, 0.46984126984126984, 0.49999999999999994, 0.39682539682539686, 0.4380952380952381, 0.3349206349206349, 0.39365079365079353, 0.434920634920635, 0.4253968253968254, 0.41428571428571426, 0.5126984126984128, 0.32380952380952377, 0.47619047619047616, 0.4539682539682539, 0.4269841269841269, 0.5666666666666667, 0.5031746031746032, 0.37619047619047613, 0.45396825396825397, 0.4428571428571428, 0.6222222222222222, 0.38571428571428573, 0.4444444444444444, 0.4063492063492063, 0.42380952380952386]
f1_score_intime_list: [0.23275132275132276, 0.2692592592592593, 0.2153439153439153, 0.40888888888888886, 0.40301587301587294, 0.32886243386243386, 0.35648148148148145, 0.2451851851851852, 0.2796825396825397, 0.16441798941798944, 0.2321164021164021, 0.31108465608465613, 0.2782804232804233, 0.2700793650793651, 0.3937830687830688, 0.13925925925925925, 0.35989417989417993, 0.33796296296296297, 0.276005291005291, 0.4872222222222221, 0.34748677248677245, 0.228968253968254, 0.3380158730158731, 0.2913756613756614, 0.5156349206349206, 0.23597883597883598, 0.2850793650793651, 0.2587830687830688, 0.2990476190476191]
**************************************************
ACC: 34.33±4.83
F1: 21.29±6.22
Intime: 44.36±6.49
F1 (Intime): 30.31±8.37
