1e-05
Subject Number: 1
Accuracy Cross: [0.25, 0.25, 0.19230769230769232, 0.25, 0.23076923076923078, 0.19230769230769232, 0.21153846153846154, 0.25, 0.15384615384615385, 0.19230769230769232, 0.21153846153846154, 0.3269230769230769, 0.25, 0.21153846153846154, 0.19230769230769232]
 mean: 0.22435897435897442, std: 0.03951547437800626
F1 Score: [0.13133333333333336, 0.20398351648351648, 0.10136452241715399, 0.1549090909090909, 0.1161793372319688, 0.06451612903225806, 0.12736486486486487, 0.19582714582714583, 0.10231292517006803, 0.06451612903225806, 0.10112994350282485, 0.25901298701298703, 0.1454212454212454, 0.06984126984126984, 0.06451612903225806]
 mean: 0.12681523794081623, std: 0.055534087914388845
Accuracy Intime: [0.38095238095238093, 0.47619047619047616, 0.2857142857142857, 0.3333333333333333, 0.3333333333333333, 0.19047619047619047, 0.2857142857142857, 0.38095238095238093, 0.23809523809523808, 0.19047619047619047, 0.38095238095238093, 0.42857142857142855, 0.2857142857142857, 0.19047619047619047, 0.19047619047619047]
 mean: 0.30476190476190473, std: 0.09001553573814491
F1 (Intime): [0.23333333333333334, 0.41350649350649354, 0.18701298701298702, 0.2742857142857143, 0.19428571428571428, 0.064, 0.2139194139194139, 0.27714285714285714, 0.13333333333333333, 0.064, 0.30857142857142855, 0.24, 0.17619047619047618, 0.064, 0.064]
 mean: 0.19383878343878344, std: 0.10012467941350899
--------------------------------------------------
Subject Number: 2
Accuracy Cross: [0.4230769230769231, 0.3076923076923077, 0.36538461538461536, 0.3076923076923077, 0.3269230769230769, 0.34615384615384615, 0.34615384615384615, 0.4230769230769231, 0.36538461538461536, 0.2692307692307692, 0.3269230769230769, 0.3269230769230769, 0.28846153846153844, 0.21153846153846154, 0.28846153846153844]
 mean: 0.3282051282051282, std: 0.05323215254365819
F1 Score: [0.3288235666772253, 0.19912854030501087, 0.24231100510170278, 0.20518954729481048, 0.2546969696969697, 0.24389275074478647, 0.287085020242915, 0.343001443001443, 0.25142857142857145, 0.17809523809523808, 0.21904761904761902, 0.19103068450039337, 0.17333333333333334, 0.15238095238095237, 0.1709090909090909]
 mean: 0.22935695551733745, std: 0.05527534052115971
Accuracy Intime: [0.47619047619047616, 0.47619047619047616, 0.38095238095238093, 0.38095238095238093, 0.42857142857142855, 0.42857142857142855, 0.5238095238095238, 0.47619047619047616, 0.47619047619047616, 0.47619047619047616, 0.42857142857142855, 0.42857142857142855, 0.38095238095238093, 0.38095238095238093, 0.42857142857142855]
 mean: 0.4380952380952382, std: 0.04329581491106621
F1 (Intime): [0.40888888888888886, 0.3230769230769231, 0.2442105263157895, 0.26987522281639925, 0.30666666666666664, 0.30833333333333335, 0.4455544455544455, 0.384029304029304, 0.3973626373626373, 0.4175438596491228, 0.34119658119658125, 0.24796380090497738, 0.28205128205128205, 0.3198412698412698, 0.33856209150326794]
 mean: 0.33567712221272583, std: 0.0608721006487859
--------------------------------------------------
Subject Number: 3
Accuracy Cross: [0.19230769230769232, 0.23076923076923078, 0.2692307692307692, 0.23076923076923078, 0.28846153846153844, 0.2692307692307692, 0.23076923076923078, 0.19230769230769232, 0.19230769230769232, 0.25, 0.23076923076923078, 0.28846153846153844, 0.19230769230769232, 0.2692307692307692, 0.25]
 mean: 0.23846153846153847, std: 0.03352999187338978
F1 Score: [0.06557377049180327, 0.10534550195567145, 0.17243107769423557, 0.1029003783102144, 0.2108225108225108, 0.14617676266137042, 0.20637306884577797, 0.08928571428571429, 0.06451612903225806, 0.19360780658955104, 0.17676691729323307, 0.20709750020094847, 0.13053922821364683, 0.22681497960697072, 0.16248313090418354]
 mean: 0.15071563179387265, std: 0.05293682846456534
Accuracy Intime: [0.38095238095238093, 0.2857142857142857, 0.2857142857142857, 0.23809523809523808, 0.23809523809523808, 0.3333333333333333, 0.47619047619047616, 0.2857142857142857, 0.23809523809523808, 0.23809523809523808, 0.42857142857142855, 0.42857142857142855, 0.2857142857142857, 0.42857142857142855, 0.47619047619047616]
 mean: 0.3365079365079365, std: 0.08774777753070001
F1 (Intime): [0.2972222222222222, 0.24000000000000005, 0.19603174603174603, 0.12444444444444444, 0.20857142857142857, 0.25087719298245614, 0.3589743589743589, 0.1440993788819876, 0.14666666666666667, 0.19076923076923077, 0.36, 0.30745098039215685, 0.17777777777777776, 0.3633333333333333, 0.42444444444444446]
 mean: 0.25271088036615025, std: 0.09084123828335863
--------------------------------------------------
Subject Number: 4
Accuracy Cross: [0.36538461538461536, 0.3269230769230769, 0.34615384615384615, 0.40384615384615385, 0.38461538461538464, 0.28846153846153844, 0.36538461538461536, 0.25, 0.36538461538461536, 0.36538461538461536, 0.3269230769230769, 0.3269230769230769, 0.28846153846153844, 0.3076923076923077, 0.34615384615384615]
 mean: 0.33717948717948715, std: 0.03964006367625719
F1 Score: [0.2589303891629473, 0.2, 0.2611096428301744, 0.2586538461538462, 0.29448621553884713, 0.19642857142857145, 0.2569230769230769, 0.16118598382749325, 0.3034841628959276, 0.23384615384615387, 0.20249554367201425, 0.24092753623188404, 0.1644518272425249, 0.20588235294117646, 0.20317460317460317]
 mean: 0.22946532705794942, std: 0.04175780389989245
Accuracy Intime: [0.42857142857142855, 0.5238095238095238, 0.42857142857142855, 0.2857142857142857, 0.42857142857142855, 0.42857142857142855, 0.47619047619047616, 0.38095238095238093, 0.38095238095238093, 0.38095238095238093, 0.47619047619047616, 0.38095238095238093, 0.42857142857142855, 0.38095238095238093, 0.38095238095238093]
 mean: 0.4126984126984128, std: 0.05406154401881399
F1 (Intime): [0.31434343434343437, 0.4164102564102564, 0.3743434343434343, 0.1682051282051282, 0.3488344988344988, 0.30564102564102563, 0.32976827094474154, 0.284593837535014, 0.28888888888888886, 0.28888888888888886, 0.325, 0.21719457013574664, 0.31555555555555553, 0.2733333333333333, 0.23434343434343435]
 mean: 0.2990229704935587, std: 0.05953836334122596
--------------------------------------------------
Subject Number: 5
Accuracy Cross: [0.19230769230769232, 0.2692307692307692, 0.3076923076923077, 0.36538461538461536, 0.23076923076923078, 0.36538461538461536, 0.2692307692307692, 0.3076923076923077, 0.2692307692307692, 0.3269230769230769, 0.23076923076923078, 0.2692307692307692, 0.3269230769230769, 0.2692307692307692, 0.23076923076923078]
 mean: 0.28205128205128205, std: 0.048987110703955894
F1 Score: [0.12007504690431521, 0.21300993124522538, 0.21818181818181817, 0.3137037037037037, 0.1783232785521115, 0.26607466607466607, 0.19653679653679654, 0.17537537537537537, 0.19887955182072828, 0.2600466200466201, 0.19503105590062111, 0.1551839464882943, 0.278030949609897, 0.21194161875276424, 0.12444444444444444]
 mean: 0.20698925357582543, std: 0.052989196534740504
Accuracy Intime: [0.2857142857142857, 0.47619047619047616, 0.2857142857142857, 0.38095238095238093, 0.42857142857142855, 0.47619047619047616, 0.38095238095238093, 0.2857142857142857, 0.2857142857142857, 0.3333333333333333, 0.3333333333333333, 0.3333333333333333, 0.3333333333333333, 0.3333333333333333, 0.38095238095238093]
 mean: 0.35555555555555546, std: 0.06237105620440793
F1 (Intime): [0.16421052631578947, 0.4066666666666666, 0.21986013986013986, 0.3238095238095238, 0.3323076923076923, 0.37290552584670233, 0.2832085561497326, 0.17058823529411765, 0.21661998132586366, 0.29126984126984123, 0.29047619047619044, 0.21411764705882352, 0.2496732026143791, 0.35064935064935066, 0.31278195488721805]
 mean: 0.2799430023021354, std: 0.07019800976188616
--------------------------------------------------
Subject Number: 6
Accuracy Cross: [0.2692307692307692, 0.2692307692307692, 0.19230769230769232, 0.21153846153846154, 0.28846153846153844, 0.19230769230769232, 0.25, 0.21153846153846154, 0.2692307692307692, 0.21153846153846154, 0.15384615384615385, 0.3076923076923077, 0.17307692307692307, 0.28846153846153844, 0.19230769230769232]
 mean: 0.23205128205128203, std: 0.04629607714171227
F1 Score: [0.19352226720647772, 0.18039408866995074, 0.10598290598290598, 0.12421052631578947, 0.18306878306878308, 0.06451612903225806, 0.19808612440191387, 0.15490022172949, 0.1544186046511628, 0.07096774193548387, 0.075, 0.1880701754385965, 0.13968253968253969, 0.16456456456456456, 0.06451612903225806]
 mean: 0.1374600534474783, std: 0.04814228148617546
Accuracy Intime: [0.42857142857142855, 0.38095238095238093, 0.3333333333333333, 0.2857142857142857, 0.2857142857142857, 0.3333333333333333, 0.42857142857142855, 0.2857142857142857, 0.2857142857142857, 0.23809523809523808, 0.23809523809523808, 0.38095238095238093, 0.23809523809523808, 0.2857142857142857, 0.19047619047619047]
 mean: 0.3079365079365079, std: 0.06926166421990929
F1 (Intime): [0.32564102564102565, 0.27555555555555555, 0.27222222222222225, 0.17230769230769233, 0.18666666666666668, 0.2530994152046784, 0.3112605042016807, 0.21388888888888888, 0.16, 0.07692307692307693, 0.13653846153846155, 0.23957219251336898, 0.13333333333333336, 0.1616161616161616, 0.064]
 mean: 0.19884167977418754, std: 0.07736547096983132
--------------------------------------------------
Subject Number: 7
Accuracy Cross: [0.19230769230769232, 0.23076923076923078, 0.28846153846153844, 0.3076923076923077, 0.23076923076923078, 0.3269230769230769, 0.3076923076923077, 0.25, 0.25, 0.19230769230769232, 0.2692307692307692, 0.3076923076923077, 0.3076923076923077, 0.2692307692307692, 0.25]
 mean: 0.2653846153846154, std: 0.04106568558473581
F1 Score: [0.06451612903225806, 0.18197890818858561, 0.16591251885369532, 0.2597239475500345, 0.11533333333333333, 0.23551459293394778, 0.2333333333333333, 0.1717829457364341, 0.15677655677655677, 0.06451612903225806, 0.18019713261648745, 0.23408029878618114, 0.2448648648648649, 0.20589473684210527, 0.14226086956521738]
 mean: 0.1771124198296862, std: 0.059468841317834115
Accuracy Intime: [0.19047619047619047, 0.2857142857142857, 0.2857142857142857, 0.38095238095238093, 0.2857142857142857, 0.2857142857142857, 0.38095238095238093, 0.2857142857142857, 0.2857142857142857, 0.19047619047619047, 0.3333333333333333, 0.3333333333333333, 0.2857142857142857, 0.2857142857142857, 0.3333333333333333]
 mean: 0.2952380952380952, std: 0.052740468970908415
F1 (Intime): [0.064, 0.2834188034188034, 0.18701298701298702, 0.28317460317460313, 0.1688888888888889, 0.20666666666666664, 0.28909090909090907, 0.23296703296703294, 0.13999999999999999, 0.064, 0.2230769230769231, 0.25555555555555554, 0.24666666666666667, 0.18, 0.25725490196078427]
 mean: 0.20545159589865472, std: 0.07009650592726997
--------------------------------------------------
Subject Number: 8
Accuracy Cross: [0.38461538461538464, 0.36538461538461536, 0.36538461538461536, 0.38461538461538464, 0.38461538461538464, 0.17307692307692307, 0.36538461538461536, 0.40384615384615385, 0.3076923076923077, 0.40384615384615385, 0.36538461538461536, 0.40384615384615385, 0.40384615384615385, 0.3076923076923077, 0.40384615384615385]
 mean: 0.36153846153846153, std: 0.05883484054145522
F1 Score: [0.2574358974358974, 0.23891891891891892, 0.22471544715447153, 0.24333333333333335, 0.2458265139116203, 0.09192546583850932, 0.2219354838709678, 0.2784313725490196, 0.26666666666666666, 0.3041540020263424, 0.20696969696969697, 0.24474739374498794, 0.29818181818181816, 0.19116202945990182, 0.3475618251480321]
 mean: 0.24413105768067894, std: 0.056176768475297637
Accuracy Intime: [0.47619047619047616, 0.47619047619047616, 0.38095238095238093, 0.42857142857142855, 0.38095238095238093, 0.23809523809523808, 0.47619047619047616, 0.38095238095238093, 0.3333333333333333, 0.42857142857142855, 0.5238095238095238, 0.47619047619047616, 0.42857142857142855, 0.3333333333333333, 0.47619047619047616]
 mean: 0.4158730158730159, std: 0.07266998820482284
F1 (Intime): [0.3718954248366013, 0.4126984126984127, 0.23957219251336898, 0.2909090909090909, 0.2761904761904762, 0.12444444444444444, 0.36421052631578943, 0.24888888888888888, 0.23653679653679652, 0.346031746031746, 0.4359358288770053, 0.3555555555555555, 0.3062388591800357, 0.18642533936651584, 0.43272727272727274]
 mean: 0.30855072367146674, std: 0.08827813418287953
--------------------------------------------------
Subject Number: 9
Accuracy Cross: [0.3269230769230769, 0.40384615384615385, 0.4423076923076923, 0.36538461538461536, 0.36538461538461536, 0.3269230769230769, 0.28846153846153844, 0.3269230769230769, 0.3076923076923077, 0.36538461538461536, 0.36538461538461536, 0.28846153846153844, 0.4230769230769231, 0.4230769230769231, 0.3269230769230769]
 mean: 0.3564102564102564, std: 0.047557017925619
F1 Score: [0.19121447028423771, 0.26307369525308155, 0.3863294600136705, 0.23858939153056805, 0.22165196471531678, 0.2225636766334441, 0.17138211382113822, 0.23166820844896702, 0.22713968957871397, 0.2507515473032714, 0.24206773618538327, 0.19517543859649122, 0.3562143170838823, 0.3631601250066211, 0.26509803921568625]
 mean: 0.25507199157803156, std: 0.06214840010321842
Accuracy Intime: [0.38095238095238093, 0.42857142857142855, 0.42857142857142855, 0.38095238095238093, 0.38095238095238093, 0.38095238095238093, 0.42857142857142855, 0.42857142857142855, 0.47619047619047616, 0.42857142857142855, 0.38095238095238093, 0.42857142857142855, 0.5238095238095238, 0.42857142857142855, 0.38095238095238093]
 mean: 0.4190476190476191, std: 0.03965078094221206
F1 (Intime): [0.21904761904761902, 0.3242105263157895, 0.34198830409356723, 0.30666666666666664, 0.26666666666666666, 0.273202614379085, 0.33240641711229946, 0.3062388591800357, 0.37333333333333335, 0.3333333333333333, 0.2577777777777778, 0.27999999999999997, 0.4123076923076924, 0.37333333333333335, 0.23434343434343435]
 mean: 0.3089904385260422, std: 0.05267888585292498
--------------------------------------------------
Subject Number: 10
Accuracy Cross: [0.3076923076923077, 0.17307692307692307, 0.3269230769230769, 0.23076923076923078, 0.3076923076923077, 0.28846153846153844, 0.2692307692307692, 0.3076923076923077, 0.17307692307692307, 0.2692307692307692, 0.19230769230769232, 0.25, 0.19230769230769232, 0.3269230769230769, 0.2692307692307692]
 mean: 0.258974358974359, std: 0.05295352930272662
F1 Score: [0.2055060728744939, 0.08771929824561403, 0.19967266775777415, 0.13212121212121214, 0.23323013415892674, 0.24393939393939396, 0.20183737830796655, 0.17366771159874608, 0.09592476489028212, 0.17656565656565656, 0.1319047619047619, 0.17232795668917786, 0.11541501976284585, 0.21619047619047618, 0.1664835164835165]
 mean: 0.17016706809938958, std: 0.046868725515575096
Accuracy Intime: [0.38095238095238093, 0.38095238095238093, 0.2857142857142857, 0.23809523809523808, 0.23809523809523808, 0.42857142857142855, 0.3333333333333333, 0.19047619047619047, 0.23809523809523808, 0.3333333333333333, 0.42857142857142855, 0.42857142857142855, 0.3333333333333333, 0.38095238095238093, 0.42857142857142855]
 mean: 0.3365079365079365, std: 0.07866356630707216
F1 (Intime): [0.21730769230769234, 0.2756132756132756, 0.17619047619047618, 0.08, 0.1431578947368421, 0.24952380952380954, 0.24666666666666667, 0.10444444444444442, 0.14705882352941177, 0.20421052631578948, 0.33428571428571424, 0.43047619047619046, 0.2567521367521367, 0.2577777777777778, 0.3252380952380952]
 mean: 0.2299135682572215, std: 0.08972916637636613
--------------------------------------------------
Subject Number: 11
Accuracy Cross: [0.25, 0.3269230769230769, 0.28846153846153844, 0.23076923076923078, 0.36538461538461536, 0.2692307692307692, 0.38461538461538464, 0.34615384615384615, 0.2692307692307692, 0.3076923076923077, 0.25, 0.3269230769230769, 0.34615384615384615, 0.34615384615384615, 0.23076923076923078]
 mean: 0.30256410256410254, std: 0.048886348628045175
F1 Score: [0.18293650793650792, 0.1861654135338346, 0.20955132256026002, 0.20394880481837002, 0.28895787139689577, 0.1698529411764706, 0.27883940620782727, 0.20285714285714285, 0.1824074074074074, 0.18902325581395346, 0.1477124183006536, 0.2691293020704785, 0.3167253998373543, 0.2277922077922078, 0.16724581724581725]
 mean: 0.21487634793034538, std: 0.04880495796301228
Accuracy Intime: [0.47619047619047616, 0.42857142857142855, 0.2857142857142857, 0.5238095238095238, 0.3333333333333333, 0.42857142857142855, 0.42857142857142855, 0.2857142857142857, 0.38095238095238093, 0.38095238095238093, 0.42857142857142855, 0.5238095238095238, 0.5238095238095238, 0.3333333333333333, 0.2857142857142857]
 mean: 0.40317460317460313, std: 0.08314794192830982
F1 (Intime): [0.37745098039215685, 0.30095238095238097, 0.17272727272727273, 0.4999999999999999, 0.26153846153846155, 0.30745098039215685, 0.24761904761904763, 0.26153846153846155, 0.28833333333333333, 0.2733333333333333, 0.2964102564102564, 0.49523809523809514, 0.4064102564102564, 0.2855555555555555, 0.16684491978609625]
 mean: 0.30942688901512433, std: 0.0948201309359658
--------------------------------------------------
Subject Number: 12
Accuracy Cross: [0.23076923076923078, 0.34615384615384615, 0.21153846153846154, 0.3269230769230769, 0.21153846153846154, 0.2692307692307692, 0.34615384615384615, 0.17307692307692307, 0.3269230769230769, 0.25, 0.21153846153846154, 0.23076923076923078, 0.25, 0.28846153846153844, 0.23076923076923078]
 mean: 0.2602564102564103, std: 0.05295352930272662
F1 Score: [0.1880271008190919, 0.30297452625038834, 0.16923076923076924, 0.22359420289855075, 0.07333333333333333, 0.203527950310559, 0.3185003232062056, 0.06315789473684211, 0.23149650349650353, 0.1606837606837607, 0.1, 0.11836734693877551, 0.18700938700938702, 0.19517543859649122, 0.15]
 mean: 0.1790052358340439, std: 0.07134775475544204
Accuracy Intime: [0.42857142857142855, 0.2857142857142857, 0.42857142857142855, 0.38095238095238093, 0.3333333333333333, 0.42857142857142855, 0.38095238095238093, 0.2857142857142857, 0.42857142857142855, 0.2857142857142857, 0.2857142857142857, 0.38095238095238093, 0.3333333333333333, 0.3333333333333333, 0.2857142857142857]
 mean: 0.35238095238095224, std: 0.05714285714285714
F1 (Intime): [0.3380952380952381, 0.20947712418300654, 0.3784215784215784, 0.3202486402486403, 0.2095238095238095, 0.34500000000000003, 0.29000000000000004, 0.15, 0.3537878787878788, 0.16730769230769232, 0.22487394957983192, 0.32047619047619047, 0.26701298701298704, 0.2, 0.2193939393939394]
 mean: 0.2662412685353862, std: 0.0712136755045178
--------------------------------------------------
Subject Number: 13
Accuracy Cross: [0.2692307692307692, 0.3076923076923077, 0.2692307692307692, 0.25, 0.28846153846153844, 0.3076923076923077, 0.2692307692307692, 0.2692307692307692, 0.4230769230769231, 0.23076923076923078, 0.36538461538461536, 0.4230769230769231, 0.3269230769230769, 0.3269230769230769, 0.3076923076923077]
 mean: 0.30897435897435893, std: 0.05549964313311119
F1 Score: [0.17058823529411765, 0.18428805237315876, 0.16149732620320856, 0.1510971786833856, 0.1977118119975263, 0.20090702947845807, 0.2147186147186147, 0.1651282051282051, 0.2976379941897183, 0.14581105169340464, 0.26368848542761586, 0.3179047619047619, 0.22554112554112554, 0.2332121212121212, 0.1670807453416149]
 mean: 0.20645418261246914, std: 0.05103345153243214
Accuracy Intime: [0.38095238095238093, 0.2857142857142857, 0.3333333333333333, 0.3333333333333333, 0.3333333333333333, 0.47619047619047616, 0.38095238095238093, 0.3333333333333333, 0.38095238095238093, 0.3333333333333333, 0.38095238095238093, 0.38095238095238093, 0.3333333333333333, 0.3333333333333333, 0.2857142857142857]
 mean: 0.3523809523809523, std: 0.04534240272090698
F1 (Intime): [0.23434343434343435, 0.16428571428571428, 0.23777777777777778, 0.2, 0.2704761904761905, 0.36450216450216455, 0.23957219251336898, 0.23461538461538461, 0.24, 0.19797979797979798, 0.2333333333333333, 0.2777777777777778, 0.27380952380952384, 0.22999999999999998, 0.16730769230769232]
 mean: 0.237718732248144, std: 0.04726862764894748
--------------------------------------------------
Subject Number: 14
Accuracy Cross: [0.40384615384615385, 0.2692307692307692, 0.3076923076923077, 0.34615384615384615, 0.3076923076923077, 0.36538461538461536, 0.34615384615384615, 0.3269230769230769, 0.28846153846153844, 0.46153846153846156, 0.3269230769230769, 0.3076923076923077, 0.2692307692307692, 0.2692307692307692, 0.28846153846153844]
 mean: 0.32564102564102565, std: 0.05182405879848139
F1 Score: [0.3193137254901961, 0.17563218390804597, 0.18, 0.21666666666666665, 0.23124092888243833, 0.2136900078678206, 0.2055829228243021, 0.21025641025641026, 0.19, 0.39179487179487177, 0.23524213503004593, 0.18754578754578755, 0.15360710321864596, 0.15843137254901962, 0.16785714285714284]
 mean: 0.21579075059275954, std: 0.06124415316736676
Accuracy Intime: [0.47619047619047616, 0.38095238095238093, 0.3333333333333333, 0.42857142857142855, 0.38095238095238093, 0.42857142857142855, 0.42857142857142855, 0.3333333333333333, 0.38095238095238093, 0.3333333333333333, 0.5238095238095238, 0.42857142857142855, 0.42857142857142855, 0.38095238095238093, 0.38095238095238093]
 mean: 0.4031746031746033, std: 0.051776210889841565
F1 (Intime): [0.3347899159663866, 0.24000000000000005, 0.19238095238095237, 0.3, 0.2638095238095238, 0.3030769230769231, 0.29764705882352943, 0.19411764705882353, 0.3294505494505494, 0.2777310924369748, 0.4666666666666666, 0.24285714285714288, 0.30666666666666664, 0.284593837535014, 0.2666666666666667]
 mean: 0.286696976226388, std: 0.06328385600571652
--------------------------------------------------
**************************************************
accuracy_cross_list: [0.22435897435897442, 0.3282051282051282, 0.23846153846153847, 0.33717948717948715, 0.28205128205128205, 0.23205128205128203, 0.2653846153846154, 0.36153846153846153, 0.3564102564102564, 0.258974358974359, 0.30256410256410254, 0.2602564102564103, 0.30897435897435893, 0.32564102564102565]
f1_score_list: [0.12681523794081623, 0.22935695551733745, 0.15071563179387265, 0.22946532705794942, 0.20698925357582543, 0.1374600534474783, 0.1771124198296862, 0.24413105768067894, 0.25507199157803156, 0.17016706809938958, 0.21487634793034538, 0.1790052358340439, 0.20645418261246914, 0.21579075059275954]
accuracy_intime_list: [0.30476190476190473, 0.4380952380952382, 0.3365079365079365, 0.4126984126984128, 0.35555555555555546, 0.3079365079365079, 0.2952380952380952, 0.4158730158730159, 0.4190476190476191, 0.3365079365079365, 0.40317460317460313, 0.35238095238095224, 0.3523809523809523, 0.4031746031746033]
f1_score_intime_list: [0.19383878343878344, 0.33567712221272583, 0.25271088036615025, 0.2990229704935587, 0.2799430023021354, 0.19884167977418754, 0.20545159589865472, 0.30855072367146674, 0.3089904385260422, 0.2299135682572215, 0.30942688901512433, 0.2662412685353862, 0.237718732248144, 0.286696976226388]
**************************************************
ACC: 29.16±4.46
F1: 19.60±3.84
Intime: 36.67±4.61
F1 (Intime): 26.52±4.45
