1e-05
Subject Number: 1
Accuracy Cross: [0.5714285714285714, 0.6190476190476191, 0.5238095238095238, 0.6666666666666666, 0.47619047619047616, 0.8095238095238095, 0.38095238095238093, 0.5238095238095238, 0.5238095238095238, 0.47619047619047616, 0.6666666666666666, 0.6666666666666666, 0.5238095238095238, 0.5238095238095238, 0.47619047619047616]
 mean: 0.5619047619047619, std: 0.10316239243982173
F1 Score: [0.5333333333333333, 0.6111111111111112, 0.34375, 0.6370370370370371, 0.47139588100686497, 0.8055555555555556, 0.35764705882352943, 0.34375, 0.34375, 0.3225806451612903, 0.6666666666666666, 0.6636155606407322, 0.34375, 0.34375, 0.3225806451612903]
 mean: 0.47401823296649404, std: 0.15835199320727492
Accuracy Intime: [0.875, 1.0, 0.5, 0.875, 0.875, 1.0, 0.75, 0.5, 0.5, 0.5, 1.0, 0.75, 0.5, 0.5, 0.5]
 mean: 0.7083333333333334, std: 0.20749832663314555
F1 (Intime): [0.873015873015873, 1.0, 0.3333333333333333, 0.873015873015873, 0.873015873015873, 1.0, 0.7333333333333334, 0.3333333333333333, 0.3333333333333333, 0.3333333333333333, 1.0, 0.6666666666666667, 0.3333333333333333, 0.3333333333333333, 0.3333333333333333]
 mean: 0.6234920634920635, std: 0.2846442042327147
--------------------------------------------------
Subject Number: 2
Accuracy Cross: [0.9523809523809523, 1.0, 0.7142857142857143, 1.0, 0.9523809523809523, 0.9047619047619048, 0.8095238095238095, 0.7619047619047619, 0.7619047619047619, 0.7619047619047619, 0.7142857142857143, 0.8095238095238095, 0.7142857142857143, 0.7142857142857143, 0.7619047619047619]
 mean: 0.8222222222222222, std: 0.10500212957803955
F1 Score: [0.9523809523809523, 1.0, 0.6785714285714286, 1.0, 0.9519450800915332, 0.9045454545454545, 0.8090909090909091, 0.7529411764705882, 0.7529411764705882, 0.7529411764705882, 0.6971153846153846, 0.8055555555555556, 0.7083333333333333, 0.7083333333333333, 0.7619047619047619]
 mean: 0.8157733148556275, std: 0.11070956127342155
Accuracy Intime: [0.75, 1.0, 1.0, 1.0, 1.0, 0.875, 1.0, 1.0, 1.0, 1.0, 1.0, 1.0, 0.875, 1.0, 0.875]
 mean: 0.9583333333333334, std: 0.07453559924999298
F1 (Intime): [0.75, 1.0, 1.0, 1.0, 1.0, 0.873015873015873, 1.0, 1.0, 1.0, 1.0, 1.0, 1.0, 0.873015873015873, 1.0, 0.873015873015873]
 mean: 0.957936507936508, std: 0.07498215123131229
--------------------------------------------------
Subject Number: 3
Accuracy Cross: [0.5714285714285714, 0.42857142857142855, 0.5238095238095238, 0.5238095238095238, 0.47619047619047616, 0.42857142857142855, 0.42857142857142855, 0.5238095238095238, 0.5238095238095238, 0.47619047619047616, 0.5238095238095238, 0.47619047619047616, 0.6190476190476191, 0.5238095238095238, 0.47619047619047616]
 mean: 0.5015873015873016, std: 0.05177621088984157
F1 Score: [0.49867374005305043, 0.41666666666666663, 0.4951923076923077, 0.34375, 0.3225806451612903, 0.3, 0.3571428571428571, 0.34375, 0.34375, 0.3225806451612903, 0.5138888888888888, 0.3225806451612903, 0.5714285714285714, 0.34375, 0.3225806451612903]
 mean: 0.38788770750116686, std: 0.08473554570025285
Accuracy Intime: [1.0, 0.875, 1.0, 0.5, 0.5, 0.375, 0.625, 0.5, 0.5, 0.5, 0.875, 0.625, 0.75, 0.5, 0.5]
 mean: 0.6416666666666667, std: 0.198256287556172
F1 (Intime): [1.0, 0.873015873015873, 1.0, 0.3333333333333333, 0.3333333333333333, 0.2727272727272727, 0.6190476190476191, 0.3333333333333333, 0.3333333333333333, 0.3333333333333333, 0.873015873015873, 0.38461538461538464, 0.7333333333333334, 0.3333333333333333, 0.3333333333333333]
 mean: 0.5392725792725792, std: 0.26872220815332787
--------------------------------------------------
Subject Number: 4
Accuracy Cross: [0.7142857142857143, 0.7619047619047619, 0.7142857142857143, 0.9523809523809523, 0.8095238095238095, 0.8571428571428571, 0.8095238095238095, 0.7142857142857143, 0.9047619047619048, 0.47619047619047616, 0.7142857142857143, 0.6666666666666666, 0.6666666666666666, 0.6190476190476191, 0.5714285714285714]
 mean: 0.73015873015873, std: 0.12130141698122412
F1 Score: [0.6971153846153846, 0.7407407407407407, 0.7083333333333333, 0.9519450800915332, 0.7980769230769231, 0.8558352402745995, 0.8055555555555556, 0.6971153846153846, 0.9045454545454545, 0.3225806451612903, 0.7083333333333333, 0.6370370370370371, 0.6636155606407322, 0.6181818181818182, 0.5675057208237986]
 mean: 0.7117678141351279, std: 0.14653360118912112
Accuracy Intime: [1.0, 1.0, 0.875, 0.875, 0.875, 0.875, 0.875, 0.875, 1.0, 0.75, 0.875, 0.75, 0.875, 1.0, 1.0]
 mean: 0.9, std: 0.0816496580927726
F1 (Intime): [1.0, 1.0, 0.873015873015873, 0.873015873015873, 0.873015873015873, 0.873015873015873, 0.8545454545454545, 0.873015873015873, 1.0, 0.7333333333333334, 0.873015873015873, 0.7333333333333334, 0.873015873015873, 1.0, 1.0]
 mean: 0.8954882154882157, std: 0.08656917466376879
--------------------------------------------------
Subject Number: 5
Accuracy Cross: [0.6190476190476191, 0.6190476190476191, 0.5238095238095238, 0.5238095238095238, 0.5714285714285714, 0.7142857142857143, 0.6666666666666666, 0.6190476190476191, 0.5714285714285714, 0.47619047619047616, 0.6190476190476191, 0.6190476190476191, 0.5714285714285714, 0.6666666666666666, 0.6666666666666666]
 mean: 0.603174603174603, std: 0.06188440853846961
F1 Score: [0.6111111111111112, 0.5714285714285714, 0.34375, 0.34375, 0.5552941176470588, 0.6785714285714286, 0.6636155606407322, 0.6111111111111112, 0.49867374005305043, 0.3225806451612903, 0.5961538461538461, 0.5961538461538461, 0.49867374005305043, 0.6541176470588235, 0.6370370370370371]
 mean: 0.5454681601453971, std: 0.11599716507615335
Accuracy Intime: [0.625, 1.0, 0.5, 0.5, 0.875, 0.875, 0.875, 1.0, 1.0, 0.5, 0.875, 0.875, 0.75, 1.0, 0.875]
 mean: 0.8083333333333333, std: 0.1818118685772619
F1 (Intime): [0.6190476190476191, 1.0, 0.3333333333333333, 0.3333333333333333, 0.873015873015873, 0.873015873015873, 0.873015873015873, 1.0, 1.0, 0.3333333333333333, 0.8545454545454545, 0.873015873015873, 0.7333333333333334, 1.0, 0.873015873015873]
 mean: 0.7714670514670516, std: 0.24054679376277646
--------------------------------------------------
Subject Number: 6
Accuracy Cross: [0.6666666666666666, 0.6666666666666666, 0.5238095238095238, 0.5238095238095238, 0.7619047619047619, 0.6190476190476191, 0.6190476190476191, 0.5238095238095238, 0.5238095238095238, 0.47619047619047616, 0.6190476190476191, 0.5714285714285714, 0.7619047619047619, 0.5238095238095238, 0.5238095238095238]
 mean: 0.5936507936507937, std: 0.08670793830950896
F1 Score: [0.6370370370370371, 0.6370370370370371, 0.34375, 0.34375, 0.7597254004576659, 0.5961538461538461, 0.5961538461538461, 0.4642857142857143, 0.34375, 0.3225806451612903, 0.5961538461538461, 0.5675057208237986, 0.7529411764705882, 0.34375, 0.5227272727272727]
 mean: 0.5218201028307962, std: 0.14721247534530071
Accuracy Intime: [1.0, 0.625, 0.5, 0.5, 0.875, 0.75, 0.875, 0.625, 0.5, 0.5, 0.5, 0.875, 0.625, 0.5, 0.875]
 mean: 0.675, std: 0.1755942292142123
F1 (Intime): [1.0, 0.5636363636363637, 0.3333333333333333, 0.3333333333333333, 0.873015873015873, 0.75, 0.8545454545454545, 0.6190476190476191, 0.3333333333333333, 0.3333333333333333, 0.4666666666666667, 0.873015873015873, 0.6190476190476191, 0.3333333333333333, 0.873015873015873]
 mean: 0.6105772005772006, std: 0.23729159313252005
--------------------------------------------------
Subject Number: 7
Accuracy Cross: [0.7619047619047619, 0.6190476190476191, 0.5238095238095238, 0.7142857142857143, 0.47619047619047616, 0.7142857142857143, 0.6666666666666666, 0.5238095238095238, 0.5238095238095238, 0.47619047619047616, 0.5714285714285714, 0.5714285714285714, 0.5238095238095238, 0.7619047619047619, 0.7142857142857143]
 mean: 0.6095238095238094, std: 0.10018878627339363
F1 Score: [0.7597254004576659, 0.5961538461538461, 0.34375, 0.7136363636363636, 0.3225806451612903, 0.7083333333333333, 0.6370370370370371, 0.34375, 0.34375, 0.3225806451612903, 0.4457478005865103, 0.5333333333333333, 0.34375, 0.7597254004576659, 0.7083333333333333]
 mean: 0.5254791425767779, std: 0.17326539315118972
Accuracy Intime: [0.875, 0.75, 0.5, 1.0, 0.5, 0.5, 0.625, 0.5, 0.5, 0.5, 0.625, 0.75, 0.5, 1.0, 1.0]
 mean: 0.675, std: 0.19790570145063194
F1 (Intime): [0.873015873015873, 0.7333333333333334, 0.3333333333333333, 1.0, 0.3333333333333333, 0.4666666666666667, 0.5636363636363637, 0.3333333333333333, 0.3333333333333333, 0.3333333333333333, 0.38461538461538464, 0.6666666666666667, 0.3333333333333333, 1.0, 1.0]
 mean: 0.5791956191956192, std: 0.2661359109264095
--------------------------------------------------
Subject Number: 8
Accuracy Cross: [0.9047619047619048, 0.8571428571428571, 0.9047619047619048, 0.9047619047619048, 0.5714285714285714, 0.6190476190476191, 0.7619047619047619, 0.9047619047619048, 0.8571428571428571, 0.9047619047619048, 0.8571428571428571, 0.9047619047619048, 0.7619047619047619, 0.8095238095238095, 0.9523809523809523]
 mean: 0.8317460317460319, std: 0.10699872727842996
F1 Score: [0.9027777777777777, 0.851764705882353, 0.9027777777777777, 0.9027777777777777, 0.5552941176470588, 0.5961538461538461, 0.7407407407407407, 0.9027777777777777, 0.8558352402745995, 0.9027777777777777, 0.8571428571428571, 0.9045454545454545, 0.7619047619047619, 0.8055555555555556, 0.9523809523809523]
 mean: 0.8263471414078044, std: 0.11315003203857824
Accuracy Intime: [0.875, 1.0, 1.0, 1.0, 0.875, 0.75, 1.0, 1.0, 1.0, 1.0, 1.0, 1.0, 1.0, 1.0, 1.0]
 mean: 0.9666666666666667, std: 0.07168604389202188
F1 (Intime): [0.873015873015873, 1.0, 1.0, 1.0, 0.873015873015873, 0.7333333333333334, 1.0, 1.0, 1.0, 1.0, 1.0, 1.0, 1.0, 1.0, 1.0]
 mean: 0.9652910052910053, std: 0.07540571747434785
--------------------------------------------------
Subject Number: 9
Accuracy Cross: [0.7142857142857143, 0.6666666666666666, 0.8095238095238095, 0.9523809523809523, 0.8571428571428571, 0.5714285714285714, 0.7619047619047619, 0.8571428571428571, 0.9047619047619048, 0.8571428571428571, 0.5714285714285714, 1.0, 0.8571428571428571, 0.7619047619047619, 0.8571428571428571]
 mean: 0.8, std: 0.12196427118919712
F1 Score: [0.6785714285714286, 0.6100795755968169, 0.8055555555555556, 0.9523809523809523, 0.851764705882353, 0.5552941176470588, 0.7529411764705882, 0.851764705882353, 0.9027777777777777, 0.8571428571428571, 0.49867374005305043, 1.0, 0.8571428571428571, 0.7529411764705882, 0.8558352402745995]
 mean: 0.7855243911232557, std: 0.13942752301647926
Accuracy Intime: [0.875, 0.875, 0.75, 0.875, 1.0, 0.875, 0.875, 1.0, 1.0, 1.0, 0.875, 1.0, 1.0, 1.0, 1.0]
 mean: 0.9333333333333333, std: 0.07728015412913088
F1 (Intime): [0.8545454545454545, 0.873015873015873, 0.7333333333333334, 0.873015873015873, 1.0, 0.8545454545454545, 0.8545454545454545, 1.0, 1.0, 1.0, 0.873015873015873, 1.0, 1.0, 1.0, 1.0]
 mean: 0.9277344877344879, std: 0.08351547843128063
--------------------------------------------------
Subject Number: 10
Accuracy Cross: [0.6190476190476191, 0.42857142857142855, 0.5238095238095238, 0.6666666666666666, 0.8095238095238095, 0.6190476190476191, 0.7619047619047619, 0.6190476190476191, 0.6666666666666666, 0.7142857142857143, 0.47619047619047616, 0.5714285714285714, 0.8571428571428571, 0.8571428571428571, 0.47619047619047616]
 mean: 0.6444444444444445, std: 0.13227089940317244
F1 Score: [0.5961538461538461, 0.42727272727272725, 0.4642857142857143, 0.6370370370370371, 0.8090909090909091, 0.5961538461538461, 0.7407407407407407, 0.6111111111111112, 0.6100795755968169, 0.6971153846153846, 0.3225806451612903, 0.49867374005305043, 0.8558352402745995, 0.851764705882353, 0.3225806451612903]
 mean: 0.6026983912393811, std: 0.16648438331814616
Accuracy Intime: [1.0, 1.0, 1.0, 1.0, 0.75, 0.875, 0.75, 0.75, 0.75, 0.625, 1.0, 1.0, 0.625, 0.75, 0.5]
 mean: 0.825, std: 0.16329931618554522
F1 (Intime): [1.0, 1.0, 1.0, 1.0, 0.7333333333333334, 0.8545454545454545, 0.6666666666666667, 0.75, 0.7333333333333334, 0.6190476190476191, 1.0, 1.0, 0.5636363636363637, 0.7333333333333334, 0.3333333333333333]
 mean: 0.7991486291486293, std: 0.19714034861538576
--------------------------------------------------
Subject Number: 11
Accuracy Cross: [0.5238095238095238, 0.7142857142857143, 0.6190476190476191, 0.42857142857142855, 0.5714285714285714, 0.6666666666666666, 0.8095238095238095, 0.9047619047619048, 0.5238095238095238, 0.7142857142857143, 0.8571428571428571, 0.7142857142857143, 0.6190476190476191, 0.8095238095238095, 0.7619047619047619]
 mean: 0.6825396825396824, std: 0.13089224208310035
F1 Score: [0.34375, 0.6971153846153846, 0.6111111111111112, 0.3571428571428571, 0.5333333333333333, 0.6370370370370371, 0.8055555555555556, 0.9045454545454545, 0.34375, 0.6971153846153846, 0.8571428571428571, 0.7083333333333333, 0.6181818181818182, 0.8090909090909091, 0.7529411764705882]
 mean: 0.6450764141450416, std: 0.1760553094893694
Accuracy Intime: [0.875, 0.75, 0.875, 0.75, 0.75, 1.0, 1.0, 0.75, 0.5, 0.625, 0.75, 0.75, 1.0, 0.75, 0.625]
 mean: 0.7833333333333333, std: 0.14043582955293932
F1 (Intime): [0.8545454545454545, 0.6666666666666667, 0.873015873015873, 0.7333333333333334, 0.75, 1.0, 1.0, 0.7333333333333334, 0.3333333333333333, 0.5636363636363637, 0.75, 0.7333333333333334, 1.0, 0.75, 0.6190476190476191]
 mean: 0.7573496873496873, std: 0.17243766186510512
--------------------------------------------------
Subject Number: 12
Accuracy Cross: [0.5238095238095238, 0.5238095238095238, 0.6666666666666666, 0.6666666666666666, 0.6666666666666666, 0.5238095238095238, 0.7142857142857143, 0.5238095238095238, 0.8571428571428571, 0.47619047619047616, 0.5714285714285714, 0.5238095238095238, 0.5238095238095238, 0.9047619047619048, 0.47619047619047616]
 mean: 0.6095238095238095, std: 0.12918723777381463
F1 Score: [0.34375, 0.34375, 0.6100795755968169, 0.6100795755968169, 0.6636155606407322, 0.41666666666666663, 0.6971153846153846, 0.5227272727272727, 0.8571428571428571, 0.3225806451612903, 0.5333333333333333, 0.34375, 0.34375, 0.9027777777777777, 0.3225806451612903]
 mean: 0.5222466196280159, std: 0.18998252889737166
Accuracy Intime: [0.875, 0.625, 0.75, 0.875, 0.75, 0.875, 0.75, 0.875, 0.875, 0.5, 0.625, 0.625, 0.5, 0.75, 0.5]
 mean: 0.7166666666666667, std: 0.14043582955293932
F1 (Intime): [0.8545454545454545, 0.38461538461538464, 0.7333333333333334, 0.873015873015873, 0.7333333333333334, 0.873015873015873, 0.7333333333333334, 0.873015873015873, 0.873015873015873, 0.3333333333333333, 0.38461538461538464, 0.38461538461538464, 0.3333333333333333, 0.75, 0.3333333333333333]
 mean: 0.6300303400303401, std: 0.22770668275495187
--------------------------------------------------
Subject Number: 13
Accuracy Cross: [0.7142857142857143, 0.6666666666666666, 0.7142857142857143, 0.7619047619047619, 0.47619047619047616, 0.6666666666666666, 0.7142857142857143, 0.7619047619047619, 0.6666666666666666, 0.7142857142857143, 0.6190476190476191, 0.7619047619047619, 0.8571428571428571, 0.6666666666666666, 0.8571428571428571]
 mean: 0.7079365079365079, std: 0.09012742581954532
F1 Score: [0.6971153846153846, 0.6370370370370371, 0.6971153846153846, 0.7597254004576659, 0.3225806451612903, 0.6541176470588235, 0.6971153846153846, 0.7407407407407407, 0.6370370370370371, 0.6971153846153846, 0.5333333333333333, 0.7407407407407407, 0.851764705882353, 0.6636155606407322, 0.851764705882353]
 mean: 0.6787279394955763, std: 0.12322835205719107
Accuracy Intime: [1.0, 0.625, 0.75, 0.75, 0.75, 1.0, 1.0, 0.75, 1.0, 0.875, 1.0, 0.875, 1.0, 0.875, 1.0]
 mean: 0.8833333333333333, std: 0.12472191289246473
F1 (Intime): [1.0, 0.6190476190476191, 0.75, 0.7333333333333334, 0.7333333333333334, 1.0, 1.0, 0.7333333333333334, 1.0, 0.873015873015873, 1.0, 0.8545454545454545, 1.0, 0.873015873015873, 1.0]
 mean: 0.8779749879749882, std: 0.12936085402116734
--------------------------------------------------
Subject Number: 14
Accuracy Cross: [0.8571428571428571, 0.5714285714285714, 0.7142857142857143, 0.9047619047619048, 0.5714285714285714, 0.9523809523809523, 0.8571428571428571, 0.9047619047619048, 0.8095238095238095, 0.7619047619047619, 0.6666666666666666, 0.6666666666666666, 0.7142857142857143, 0.6666666666666666, 0.6666666666666666]
 mean: 0.7523809523809522, std: 0.11818736805705579
F1 Score: [0.8558352402745995, 0.49867374005305043, 0.6971153846153846, 0.9045454545454545, 0.49867374005305043, 0.9523809523809523, 0.8558352402745995, 0.9045454545454545, 0.8090909090909091, 0.7529411764705882, 0.6100795755968169, 0.6100795755968169, 0.6971153846153846, 0.6100795755968169, 0.6100795755968169]
 mean: 0.7244713986204463, std: 0.1449339685174954
Accuracy Intime: [0.875, 0.875, 1.0, 1.0, 1.0, 0.875, 1.0, 1.0, 1.0, 0.75, 0.75, 0.875, 1.0, 1.0, 0.875]
 mean: 0.925, std: 0.08897565210026093
F1 (Intime): [0.873015873015873, 0.873015873015873, 1.0, 1.0, 1.0, 0.873015873015873, 1.0, 1.0, 1.0, 0.75, 0.75, 0.8545454545454545, 1.0, 1.0, 0.873015873015873]
 mean: 0.9231072631072631, std: 0.09017372271130766
--------------------------------------------------
**************************************************
accuracy_cross_list: [0.5619047619047619, 0.8222222222222222, 0.5015873015873016, 0.73015873015873, 0.603174603174603, 0.5936507936507937, 0.6095238095238094, 0.8317460317460319, 0.8, 0.6444444444444445, 0.6825396825396824, 0.6095238095238095, 0.7079365079365079, 0.7523809523809522]
f1_score_list: [0.47401823296649404, 0.8157733148556275, 0.38788770750116686, 0.7117678141351279, 0.5454681601453971, 0.5218201028307962, 0.5254791425767779, 0.8263471414078044, 0.7855243911232557, 0.6026983912393811, 0.6450764141450416, 0.5222466196280159, 0.6787279394955763, 0.7244713986204463]
accuracy_intime_list: [0.7083333333333334, 0.9583333333333334, 0.6416666666666667, 0.9, 0.8083333333333333, 0.675, 0.675, 0.9666666666666667, 0.9333333333333333, 0.825, 0.7833333333333333, 0.7166666666666667, 0.8833333333333333, 0.925]
f1_score_intime_list: [0.6234920634920635, 0.957936507936508, 0.5392725792725792, 0.8954882154882157, 0.7714670514670516, 0.6105772005772006, 0.5791956191956192, 0.9652910052910053, 0.9277344877344879, 0.7991486291486293, 0.7573496873496873, 0.6300303400303401, 0.8779749879749882, 0.9231072631072631]
**************************************************
ACC: 67.51±9.86
F1: 62.62±13.10
Intime: 81.43±11.12
F1 (Intime): 77.56±14.78
