1e-03
Subject Number: 1
Accuracy Cross: [0.625, 0.625, 0.625, 0.625, 0.625, 0.875, 0.625, 0.875, 0.625, 0.625, 0.625, 0.625, 0.625, 0.625, 0.625]
 mean: 0.6583333333333333, std: 0.08498365855987973
F1 Score: [0.38461538461538464, 0.38461538461538464, 0.38461538461538464, 0.38461538461538464, 0.38461538461538464, 0.8545454545454545, 0.38461538461538464, 0.8545454545454545, 0.38461538461538464, 0.38461538461538464, 0.38461538461538464, 0.38461538461538464, 0.38461538461538464, 0.38461538461538464, 0.38461538461538464]
 mean: 0.44727272727272743, std: 0.1597455064398299
Accuracy Intime: [0.6666666666666666, 0.6666666666666666, 0.6666666666666666, 0.6666666666666666, 0.6666666666666666, 1.0, 0.6666666666666666, 1.0, 0.6666666666666666, 0.6666666666666666, 0.6666666666666666, 0.6666666666666666, 0.6666666666666666, 0.6666666666666666, 0.6666666666666666]
 mean: 0.7111111111111109, std: 0.11331154474650633
F1 (Intime): [0.4, 0.4, 0.4, 0.4, 0.4, 1.0, 0.4, 1.0, 0.4, 0.4, 0.4, 0.4, 0.4, 0.4, 0.4]
 mean: 0.4800000000000002, std: 0.20396078054371142
--------------------------------------------------
Subject Number: 2
Accuracy Cross: [0.625, 0.5, 0.625, 0.625, 0.625, 0.625, 0.625, 0.625, 0.625, 0.625, 0.625, 0.625, 0.625, 0.625, 0.625]
 mean: 0.6166666666666667, std: 0.031180478223116172
F1 Score: [0.38461538461538464, 0.4666666666666667, 0.38461538461538464, 0.38461538461538464, 0.38461538461538464, 0.38461538461538464, 0.38461538461538464, 0.38461538461538464, 0.38461538461538464, 0.38461538461538464, 0.38461538461538464, 0.38461538461538464, 0.38461538461538464, 0.38461538461538464, 0.38461538461538464]
 mean: 0.39008547008547023, std: 0.020467185705430106
Accuracy Intime: [0.6666666666666666, 1.0, 0.6666666666666666, 0.6666666666666666, 0.6666666666666666, 0.6666666666666666, 0.6666666666666666, 0.6666666666666666, 0.6666666666666666, 0.6666666666666666, 0.6666666666666666, 0.6666666666666666, 0.6666666666666666, 0.6666666666666666, 0.6666666666666666]
 mean: 0.6888888888888888, std: 0.08314794192830983
F1 (Intime): [0.4, 1.0, 0.4, 0.4, 0.4, 0.4, 0.4, 0.4, 0.4, 0.4, 0.4, 0.4, 0.4, 0.4, 0.4]
 mean: 0.44000000000000017, std: 0.1496662954709576
--------------------------------------------------
Subject Number: 3
Accuracy Cross: [0.625, 0.625, 0.625, 0.625, 0.625, 0.625, 0.625, 0.625, 0.625, 0.625, 0.625, 0.625, 0.625, 0.625, 0.625]
 mean: 0.625, std: 0.0
F1 Score: [0.38461538461538464, 0.38461538461538464, 0.38461538461538464, 0.38461538461538464, 0.38461538461538464, 0.38461538461538464, 0.38461538461538464, 0.38461538461538464, 0.38461538461538464, 0.38461538461538464, 0.38461538461538464, 0.38461538461538464, 0.38461538461538464, 0.38461538461538464, 0.38461538461538464]
 mean: 0.38461538461538475, std: 1.1102230246251565e-16
Accuracy Intime: [0.6666666666666666, 0.6666666666666666, 0.6666666666666666, 0.6666666666666666, 0.6666666666666666, 0.6666666666666666, 0.6666666666666666, 0.6666666666666666, 0.6666666666666666, 0.6666666666666666, 0.6666666666666666, 0.6666666666666666, 0.6666666666666666, 0.6666666666666666, 0.6666666666666666]
 mean: 0.6666666666666665, std: 1.1102230246251565e-16
F1 (Intime): [0.4, 0.4, 0.4, 0.4, 0.4, 0.4, 0.4, 0.4, 0.4, 0.4, 0.4, 0.4, 0.4, 0.4, 0.4]
 mean: 0.40000000000000013, std: 1.1102230246251565e-16
--------------------------------------------------
Subject Number: 4
Accuracy Cross: [0.625, 0.625, 1.0, 0.625, 0.625, 0.625, 0.625, 0.875, 0.625, 0.625, 0.625, 0.625, 0.75, 0.625, 0.625]
 mean: 0.675, std: 0.10992421631894099
F1 Score: [0.38461538461538464, 0.38461538461538464, 1.0, 0.38461538461538464, 0.38461538461538464, 0.38461538461538464, 0.38461538461538464, 0.8545454545454545, 0.38461538461538464, 0.38461538461538464, 0.38461538461538464, 0.38461538461538464, 0.6666666666666667, 0.38461538461538464, 0.38461538461538464]
 mean: 0.47577311577311593, std: 0.19225667598914828
Accuracy Intime: [0.6666666666666666, 0.6666666666666666, 1.0, 0.6666666666666666, 0.6666666666666666, 0.6666666666666666, 0.6666666666666666, 0.6666666666666666, 0.6666666666666666, 0.6666666666666666, 0.6666666666666666, 0.6666666666666666, 1.0, 0.6666666666666666, 0.6666666666666666]
 mean: 0.711111111111111, std: 0.11331154474650634
F1 (Intime): [0.4, 0.4, 1.0, 0.4, 0.4, 0.4, 0.4, 0.4, 0.4, 0.4, 0.4, 0.4, 1.0, 0.4, 0.4]
 mean: 0.48000000000000015, std: 0.20396078054371136
--------------------------------------------------
Subject Number: 5
Accuracy Cross: [0.625, 0.625, 0.625, 0.625, 0.625, 0.625, 0.75, 0.625, 0.625, 0.625, 0.625, 0.875, 0.625, 0.625, 0.625]
 mean: 0.65, std: 0.067700320038633
F1 Score: [0.38461538461538464, 0.38461538461538464, 0.38461538461538464, 0.38461538461538464, 0.38461538461538464, 0.38461538461538464, 0.6666666666666667, 0.38461538461538464, 0.38461538461538464, 0.38461538461538464, 0.38461538461538464, 0.8545454545454545, 0.38461538461538464, 0.38461538461538464, 0.38461538461538464]
 mean: 0.4347474747474749, std: 0.1323351299834558
Accuracy Intime: [0.6666666666666666, 1.0, 0.6666666666666666, 0.6666666666666666, 0.6666666666666666, 0.6666666666666666, 1.0, 0.6666666666666666, 0.6666666666666666, 0.6666666666666666, 0.6666666666666666, 1.0, 0.6666666666666666, 0.6666666666666666, 0.6666666666666666]
 mean: 0.7333333333333332, std: 0.13333333333333333
F1 (Intime): [0.4, 1.0, 0.4, 0.4, 0.4, 0.4, 1.0, 0.4, 0.4, 0.4, 0.4, 1.0, 0.4, 0.4, 0.4]
 mean: 0.5200000000000001, std: 0.24000000000000002
--------------------------------------------------
Subject Number: 6
Accuracy Cross: [0.625, 0.625, 0.625, 0.625, 0.625, 0.625, 0.625, 0.625, 0.625, 0.625, 0.625, 0.625, 0.625, 0.625, 0.625]
 mean: 0.625, std: 0.0
F1 Score: [0.38461538461538464, 0.38461538461538464, 0.38461538461538464, 0.38461538461538464, 0.38461538461538464, 0.38461538461538464, 0.38461538461538464, 0.38461538461538464, 0.38461538461538464, 0.38461538461538464, 0.38461538461538464, 0.38461538461538464, 0.38461538461538464, 0.38461538461538464, 0.38461538461538464]
 mean: 0.38461538461538475, std: 1.1102230246251565e-16
Accuracy Intime: [0.6666666666666666, 0.6666666666666666, 0.6666666666666666, 0.6666666666666666, 0.6666666666666666, 0.6666666666666666, 0.6666666666666666, 0.6666666666666666, 0.6666666666666666, 0.6666666666666666, 0.6666666666666666, 0.6666666666666666, 0.6666666666666666, 0.6666666666666666, 0.6666666666666666]
 mean: 0.6666666666666665, std: 1.1102230246251565e-16
F1 (Intime): [0.4, 0.4, 0.4, 0.4, 0.4, 0.4, 0.4, 0.4, 0.4, 0.4, 0.4, 0.4, 0.4, 0.4, 0.4]
 mean: 0.40000000000000013, std: 1.1102230246251565e-16
--------------------------------------------------
Subject Number: 7
Accuracy Cross: [0.625, 0.625, 0.625, 0.625, 0.625, 0.625, 0.625, 0.625, 0.625, 0.625, 0.625, 0.625, 0.625, 0.625, 0.625]
 mean: 0.625, std: 0.0
F1 Score: [0.38461538461538464, 0.38461538461538464, 0.38461538461538464, 0.38461538461538464, 0.38461538461538464, 0.38461538461538464, 0.38461538461538464, 0.38461538461538464, 0.38461538461538464, 0.38461538461538464, 0.38461538461538464, 0.38461538461538464, 0.38461538461538464, 0.38461538461538464, 0.38461538461538464]
 mean: 0.38461538461538475, std: 1.1102230246251565e-16
Accuracy Intime: [0.6666666666666666, 0.6666666666666666, 0.6666666666666666, 0.6666666666666666, 0.6666666666666666, 0.6666666666666666, 0.6666666666666666, 0.6666666666666666, 0.6666666666666666, 0.6666666666666666, 0.6666666666666666, 0.6666666666666666, 0.6666666666666666, 0.6666666666666666, 0.6666666666666666]
 mean: 0.6666666666666665, std: 1.1102230246251565e-16
F1 (Intime): [0.4, 0.4, 0.4, 0.4, 0.4, 0.4, 0.4, 0.4, 0.4, 0.4, 0.4, 0.4, 0.4, 0.4, 0.4]
 mean: 0.40000000000000013, std: 1.1102230246251565e-16
--------------------------------------------------
Subject Number: 8
Accuracy Cross: [0.625, 0.625, 0.625, 0.625, 0.625, 0.625, 0.625, 0.625, 0.625, 0.625, 0.625, 0.625, 0.625, 0.625, 0.625]
 mean: 0.625, std: 0.0
F1 Score: [0.38461538461538464, 0.38461538461538464, 0.38461538461538464, 0.38461538461538464, 0.38461538461538464, 0.38461538461538464, 0.38461538461538464, 0.38461538461538464, 0.38461538461538464, 0.38461538461538464, 0.38461538461538464, 0.38461538461538464, 0.38461538461538464, 0.38461538461538464, 0.38461538461538464]
 mean: 0.38461538461538475, std: 1.1102230246251565e-16
Accuracy Intime: [0.6666666666666666, 0.6666666666666666, 0.6666666666666666, 0.6666666666666666, 0.6666666666666666, 0.6666666666666666, 0.6666666666666666, 0.6666666666666666, 0.6666666666666666, 0.6666666666666666, 0.6666666666666666, 0.6666666666666666, 0.6666666666666666, 0.6666666666666666, 0.6666666666666666]
 mean: 0.6666666666666665, std: 1.1102230246251565e-16
F1 (Intime): [0.4, 0.4, 0.4, 0.4, 0.4, 0.4, 0.4, 0.4, 0.4, 0.4, 0.4, 0.4, 0.4, 0.4, 0.4]
 mean: 0.40000000000000013, std: 1.1102230246251565e-16
--------------------------------------------------
Subject Number: 9
Accuracy Cross: [0.625, 0.625, 0.625, 0.625, 0.75, 0.625, 0.625, 0.625, 0.625, 0.625, 0.75, 0.625, 0.625, 0.625, 0.625]
 mean: 0.6416666666666667, std: 0.04249182927993988
F1 Score: [0.38461538461538464, 0.38461538461538464, 0.38461538461538464, 0.38461538461538464, 0.7333333333333334, 0.38461538461538464, 0.38461538461538464, 0.38461538461538464, 0.38461538461538464, 0.38461538461538464, 0.6666666666666667, 0.38461538461538464, 0.38461538461538464, 0.38461538461538464, 0.38461538461538464]
 mean: 0.4266666666666668, std: 0.10789886580574073
Accuracy Intime: [0.6666666666666666, 0.6666666666666666, 0.6666666666666666, 0.6666666666666666, 1.0, 0.6666666666666666, 0.6666666666666666, 0.6666666666666666, 0.6666666666666666, 0.6666666666666666, 1.0, 0.6666666666666666, 0.6666666666666666, 0.6666666666666666, 0.6666666666666666]
 mean: 0.7111111111111109, std: 0.11331154474650634
F1 (Intime): [0.4, 0.4, 0.4, 0.4, 1.0, 0.4, 0.4, 0.4, 0.4, 0.4, 1.0, 0.4, 0.4, 0.4, 0.4]
 mean: 0.48000000000000015, std: 0.20396078054371142
--------------------------------------------------
Subject Number: 10
Accuracy Cross: [0.625, 0.625, 0.625, 0.625, 0.625, 0.625, 0.625, 0.625, 0.625, 0.625, 0.625, 0.625, 0.625, 0.625, 0.625]
 mean: 0.625, std: 0.0
F1 Score: [0.38461538461538464, 0.38461538461538464, 0.38461538461538464, 0.38461538461538464, 0.38461538461538464, 0.38461538461538464, 0.38461538461538464, 0.38461538461538464, 0.38461538461538464, 0.38461538461538464, 0.38461538461538464, 0.38461538461538464, 0.38461538461538464, 0.38461538461538464, 0.38461538461538464]
 mean: 0.38461538461538475, std: 1.1102230246251565e-16
Accuracy Intime: [0.6666666666666666, 0.6666666666666666, 0.6666666666666666, 0.6666666666666666, 0.6666666666666666, 0.6666666666666666, 0.6666666666666666, 0.6666666666666666, 0.6666666666666666, 0.6666666666666666, 0.6666666666666666, 0.6666666666666666, 0.6666666666666666, 0.6666666666666666, 0.6666666666666666]
 mean: 0.6666666666666665, std: 1.1102230246251565e-16
F1 (Intime): [0.4, 0.4, 0.4, 0.4, 0.4, 0.4, 0.4, 0.4, 0.4, 0.4, 0.4, 0.4, 0.4, 0.4, 0.4]
 mean: 0.40000000000000013, std: 1.1102230246251565e-16
--------------------------------------------------
Subject Number: 11
Accuracy Cross: [0.625, 0.625, 0.625, 0.625, 0.625, 0.625, 0.625, 0.625, 0.625, 0.625, 0.5, 0.625, 0.625, 0.625, 0.5]
 mean: 0.6083333333333333, std: 0.04249182927993988
F1 Score: [0.38461538461538464, 0.38461538461538464, 0.38461538461538464, 0.38461538461538464, 0.38461538461538464, 0.38461538461538464, 0.38461538461538464, 0.38461538461538464, 0.38461538461538464, 0.38461538461538464, 0.3333333333333333, 0.38461538461538464, 0.38461538461538464, 0.38461538461538464, 0.5]
 mean: 0.388888888888889, std: 0.032320804104596645
Accuracy Intime: [0.6666666666666666, 0.6666666666666666, 0.6666666666666666, 0.6666666666666666, 0.6666666666666666, 0.6666666666666666, 0.6666666666666666, 0.6666666666666666, 0.6666666666666666, 0.6666666666666666, 1.0, 0.6666666666666666, 0.6666666666666666, 0.6666666666666666, 1.0]
 mean: 0.711111111111111, std: 0.11331154474650634
F1 (Intime): [0.4, 0.4, 0.4, 0.4, 0.4, 0.4, 0.4, 0.4, 0.4, 0.4, 1.0, 0.4, 0.4, 0.4, 1.0]
 mean: 0.4800000000000001, std: 0.2039607805437114
--------------------------------------------------
Subject Number: 12
Accuracy Cross: [0.625, 0.625, 0.625, 0.625, 0.625, 0.625, 0.625, 0.625, 0.625, 0.625, 0.625, 0.625, 0.625, 0.625, 0.625]
 mean: 0.625, std: 0.0
F1 Score: [0.38461538461538464, 0.38461538461538464, 0.38461538461538464, 0.38461538461538464, 0.38461538461538464, 0.38461538461538464, 0.38461538461538464, 0.38461538461538464, 0.38461538461538464, 0.38461538461538464, 0.38461538461538464, 0.38461538461538464, 0.38461538461538464, 0.38461538461538464, 0.38461538461538464]
 mean: 0.38461538461538475, std: 1.1102230246251565e-16
Accuracy Intime: [0.6666666666666666, 0.6666666666666666, 0.6666666666666666, 0.6666666666666666, 0.6666666666666666, 0.6666666666666666, 0.6666666666666666, 0.6666666666666666, 0.6666666666666666, 0.6666666666666666, 0.6666666666666666, 0.6666666666666666, 0.6666666666666666, 0.6666666666666666, 0.6666666666666666]
 mean: 0.6666666666666665, std: 1.1102230246251565e-16
F1 (Intime): [0.4, 0.4, 0.4, 0.4, 0.4, 0.4, 0.4, 0.4, 0.4, 0.4, 0.4, 0.4, 0.4, 0.4, 0.4]
 mean: 0.40000000000000013, std: 1.1102230246251565e-16
--------------------------------------------------
Subject Number: 13
Accuracy Cross: [0.625, 0.625, 0.625, 0.625, 0.625, 0.625, 0.625, 0.625, 0.625, 0.625, 0.625, 0.625, 0.625, 0.625, 0.625]
 mean: 0.625, std: 0.0
F1 Score: [0.38461538461538464, 0.38461538461538464, 0.38461538461538464, 0.38461538461538464, 0.38461538461538464, 0.38461538461538464, 0.38461538461538464, 0.38461538461538464, 0.38461538461538464, 0.38461538461538464, 0.38461538461538464, 0.38461538461538464, 0.38461538461538464, 0.38461538461538464, 0.38461538461538464]
 mean: 0.38461538461538475, std: 1.1102230246251565e-16
Accuracy Intime: [0.6666666666666666, 0.6666666666666666, 0.6666666666666666, 0.6666666666666666, 0.6666666666666666, 0.6666666666666666, 0.6666666666666666, 0.6666666666666666, 0.6666666666666666, 0.6666666666666666, 0.6666666666666666, 0.6666666666666666, 0.6666666666666666, 0.6666666666666666, 0.6666666666666666]
 mean: 0.6666666666666665, std: 1.1102230246251565e-16
F1 (Intime): [0.4, 0.4, 0.4, 0.4, 0.4, 0.4, 0.4, 0.4, 0.4, 0.4, 0.4, 0.4, 0.4, 0.4, 0.4]
 mean: 0.40000000000000013, std: 1.1102230246251565e-16
--------------------------------------------------
Subject Number: 14
Accuracy Cross: [0.625, 0.625, 0.625, 0.625, 0.625, 0.625, 0.625, 0.625, 0.625, 0.625, 0.625, 0.625, 0.625, 0.625, 0.625]
 mean: 0.625, std: 0.0
F1 Score: [0.38461538461538464, 0.38461538461538464, 0.38461538461538464, 0.38461538461538464, 0.38461538461538464, 0.38461538461538464, 0.38461538461538464, 0.38461538461538464, 0.38461538461538464, 0.38461538461538464, 0.38461538461538464, 0.38461538461538464, 0.38461538461538464, 0.38461538461538464, 0.38461538461538464]
 mean: 0.38461538461538475, std: 1.1102230246251565e-16
Accuracy Intime: [0.6666666666666666, 0.6666666666666666, 0.6666666666666666, 0.6666666666666666, 0.6666666666666666, 0.6666666666666666, 0.6666666666666666, 0.6666666666666666, 0.6666666666666666, 0.6666666666666666, 0.6666666666666666, 0.6666666666666666, 0.6666666666666666, 0.6666666666666666, 0.6666666666666666]
 mean: 0.6666666666666665, std: 1.1102230246251565e-16
F1 (Intime): [0.4, 0.4, 0.4, 0.4, 0.4, 0.4, 0.4, 0.4, 0.4, 0.4, 0.4, 0.4, 0.4, 0.4, 0.4]
 mean: 0.40000000000000013, std: 1.1102230246251565e-16
--------------------------------------------------
Subject Number: 15
Accuracy Cross: [0.625, 0.625, 0.625, 0.625, 0.625, 0.625, 0.625, 0.625, 0.625, 0.625, 0.625, 0.625, 0.625, 0.625, 0.625]
 mean: 0.625, std: 0.0
F1 Score: [0.38461538461538464, 0.38461538461538464, 0.38461538461538464, 0.38461538461538464, 0.38461538461538464, 0.38461538461538464, 0.38461538461538464, 0.38461538461538464, 0.38461538461538464, 0.38461538461538464, 0.38461538461538464, 0.38461538461538464, 0.38461538461538464, 0.38461538461538464, 0.38461538461538464]
 mean: 0.38461538461538475, std: 1.1102230246251565e-16
Accuracy Intime: [0.6666666666666666, 0.6666666666666666, 0.6666666666666666, 0.6666666666666666, 0.6666666666666666, 0.6666666666666666, 0.6666666666666666, 0.6666666666666666, 0.6666666666666666, 0.6666666666666666, 0.6666666666666666, 0.6666666666666666, 0.6666666666666666, 0.6666666666666666, 0.6666666666666666]
 mean: 0.6666666666666665, std: 1.1102230246251565e-16
F1 (Intime): [0.4, 0.4, 0.4, 0.4, 0.4, 0.4, 0.4, 0.4, 0.4, 0.4, 0.4, 0.4, 0.4, 0.4, 0.4]
 mean: 0.40000000000000013, std: 1.1102230246251565e-16
--------------------------------------------------
Subject Number: 16
Accuracy Cross: [0.625, 0.625, 0.625, 0.625, 0.625, 0.625, 0.625, 0.625, 0.625, 0.625, 0.625, 0.625, 0.625, 0.625, 0.625]
 mean: 0.625, std: 0.0
F1 Score: [0.38461538461538464, 0.38461538461538464, 0.38461538461538464, 0.38461538461538464, 0.38461538461538464, 0.38461538461538464, 0.38461538461538464, 0.38461538461538464, 0.38461538461538464, 0.38461538461538464, 0.38461538461538464, 0.38461538461538464, 0.38461538461538464, 0.38461538461538464, 0.38461538461538464]
 mean: 0.38461538461538475, std: 1.1102230246251565e-16
Accuracy Intime: [0.6666666666666666, 0.6666666666666666, 0.6666666666666666, 0.6666666666666666, 0.6666666666666666, 0.6666666666666666, 0.6666666666666666, 0.6666666666666666, 0.6666666666666666, 0.6666666666666666, 0.6666666666666666, 0.6666666666666666, 0.6666666666666666, 0.6666666666666666, 0.6666666666666666]
 mean: 0.6666666666666665, std: 1.1102230246251565e-16
F1 (Intime): [0.4, 0.4, 0.4, 0.4, 0.4, 0.4, 0.4, 0.4, 0.4, 0.4, 0.4, 0.4, 0.4, 0.4, 0.4]
 mean: 0.40000000000000013, std: 1.1102230246251565e-16
--------------------------------------------------
Subject Number: 17
Accuracy Cross: [0.625, 0.625, 0.625, 0.625, 0.625, 0.625, 0.625, 0.625, 0.625, 0.625, 0.625, 0.625, 0.625, 0.625, 0.625]
 mean: 0.625, std: 0.0
F1 Score: [0.38461538461538464, 0.38461538461538464, 0.38461538461538464, 0.38461538461538464, 0.38461538461538464, 0.38461538461538464, 0.38461538461538464, 0.38461538461538464, 0.38461538461538464, 0.38461538461538464, 0.38461538461538464, 0.38461538461538464, 0.38461538461538464, 0.38461538461538464, 0.38461538461538464]
 mean: 0.38461538461538475, std: 1.1102230246251565e-16
Accuracy Intime: [0.6666666666666666, 0.6666666666666666, 0.6666666666666666, 0.6666666666666666, 0.6666666666666666, 0.6666666666666666, 0.6666666666666666, 0.6666666666666666, 0.6666666666666666, 0.6666666666666666, 0.6666666666666666, 0.6666666666666666, 0.6666666666666666, 0.6666666666666666, 0.6666666666666666]
 mean: 0.6666666666666665, std: 1.1102230246251565e-16
F1 (Intime): [0.4, 0.4, 0.4, 0.4, 0.4, 0.4, 0.4, 0.4, 0.4, 0.4, 0.4, 0.4, 0.4, 0.4, 0.4]
 mean: 0.40000000000000013, std: 1.1102230246251565e-16
--------------------------------------------------
Subject Number: 18
Accuracy Cross: [0.625, 0.625, 0.875, 0.625, 1.0, 0.625, 0.625, 0.875, 0.625, 0.625, 0.875, 0.875, 0.875, 0.625, 1.0]
 mean: 0.7583333333333333, std: 0.14766704288891128
F1 Score: [0.38461538461538464, 0.38461538461538464, 0.8545454545454545, 0.38461538461538464, 1.0, 0.38461538461538464, 0.38461538461538464, 0.8545454545454545, 0.38461538461538464, 0.38461538461538464, 0.8545454545454545, 0.8545454545454545, 0.8545454545454545, 0.38461538461538464, 1.0]
 mean: 0.6233100233100234, std: 0.25909339946604615
Accuracy Intime: [0.6666666666666666, 0.6666666666666666, 1.0, 0.6666666666666666, 1.0, 0.6666666666666666, 0.6666666666666666, 1.0, 0.6666666666666666, 0.6666666666666666, 1.0, 1.0, 1.0, 0.6666666666666666, 1.0]
 mean: 0.8222222222222223, std: 0.16629588385661964
F1 (Intime): [0.4, 0.4, 1.0, 0.4, 1.0, 0.4, 0.4, 1.0, 0.4, 0.4, 1.0, 1.0, 1.0, 0.4, 1.0]
 mean: 0.68, std: 0.29933259094191533
--------------------------------------------------
Subject Number: 19
Accuracy Cross: [0.625, 0.625, 0.625, 0.625, 0.625, 0.625, 0.75, 0.625, 0.625, 0.625, 0.625, 0.625, 0.625, 0.625, 0.625]
 mean: 0.6333333333333333, std: 0.031180478223116172
F1 Score: [0.38461538461538464, 0.38461538461538464, 0.38461538461538464, 0.38461538461538464, 0.38461538461538464, 0.38461538461538464, 0.7333333333333334, 0.38461538461538464, 0.38461538461538464, 0.38461538461538464, 0.38461538461538464, 0.38461538461538464, 0.38461538461538464, 0.38461538461538464, 0.38461538461538464]
 mean: 0.407863247863248, std: 0.08698553924807799
Accuracy Intime: [0.6666666666666666, 0.6666666666666666, 0.6666666666666666, 0.6666666666666666, 0.6666666666666666, 0.6666666666666666, 1.0, 0.6666666666666666, 0.6666666666666666, 0.6666666666666666, 0.6666666666666666, 0.6666666666666666, 0.6666666666666666, 0.6666666666666666, 0.6666666666666666]
 mean: 0.6888888888888888, std: 0.08314794192830983
F1 (Intime): [0.4, 0.4, 0.4, 0.4, 0.4, 0.4, 1.0, 0.4, 0.4, 0.4, 0.4, 0.4, 0.4, 0.4, 0.4]
 mean: 0.44000000000000017, std: 0.1496662954709576
--------------------------------------------------
Subject Number: 20
Accuracy Cross: [0.625, 0.625, 0.625, 0.625, 0.625, 0.625, 0.625, 0.625, 0.625, 0.625, 0.625, 0.625, 0.75, 0.625, 0.625]
 mean: 0.6333333333333333, std: 0.031180478223116176
F1 Score: [0.38461538461538464, 0.38461538461538464, 0.38461538461538464, 0.38461538461538464, 0.38461538461538464, 0.38461538461538464, 0.38461538461538464, 0.38461538461538464, 0.38461538461538464, 0.38461538461538464, 0.38461538461538464, 0.38461538461538464, 0.6666666666666667, 0.38461538461538464, 0.38461538461538464]
 mean: 0.40341880341880354, std: 0.07035595086241601
Accuracy Intime: [0.6666666666666666, 0.6666666666666666, 0.6666666666666666, 0.6666666666666666, 0.6666666666666666, 0.6666666666666666, 0.6666666666666666, 0.6666666666666666, 0.6666666666666666, 0.6666666666666666, 0.6666666666666666, 0.6666666666666666, 0.6666666666666666, 0.6666666666666666, 0.6666666666666666]
 mean: 0.6666666666666665, std: 1.1102230246251565e-16
F1 (Intime): [0.4, 0.4, 0.4, 0.4, 0.4, 0.4, 0.4, 0.4, 0.4, 0.4, 0.4, 0.4, 0.4, 0.4, 0.4]
 mean: 0.40000000000000013, std: 1.1102230246251565e-16
--------------------------------------------------
Subject Number: 21
Accuracy Cross: [0.625, 0.625, 0.625, 0.625, 0.625, 0.625, 0.625, 0.625, 0.625, 0.625, 0.625, 0.625, 0.625, 0.625, 0.625]
 mean: 0.625, std: 0.0
F1 Score: [0.38461538461538464, 0.38461538461538464, 0.38461538461538464, 0.38461538461538464, 0.38461538461538464, 0.38461538461538464, 0.38461538461538464, 0.38461538461538464, 0.38461538461538464, 0.38461538461538464, 0.38461538461538464, 0.38461538461538464, 0.38461538461538464, 0.38461538461538464, 0.38461538461538464]
 mean: 0.38461538461538475, std: 1.1102230246251565e-16
Accuracy Intime: [0.6666666666666666, 0.6666666666666666, 0.6666666666666666, 0.6666666666666666, 0.6666666666666666, 0.6666666666666666, 0.6666666666666666, 0.6666666666666666, 0.6666666666666666, 0.6666666666666666, 0.6666666666666666, 0.6666666666666666, 0.6666666666666666, 0.6666666666666666, 0.6666666666666666]
 mean: 0.6666666666666665, std: 1.1102230246251565e-16
F1 (Intime): [0.4, 0.4, 0.4, 0.4, 0.4, 0.4, 0.4, 0.4, 0.4, 0.4, 0.4, 0.4, 0.4, 0.4, 0.4]
 mean: 0.40000000000000013, std: 1.1102230246251565e-16
--------------------------------------------------
Subject Number: 22
Accuracy Cross: [0.625, 0.625, 0.625, 0.625, 0.625, 0.625, 0.625, 0.625, 0.625, 0.625, 0.625, 0.625, 0.625, 0.625, 0.625]
 mean: 0.625, std: 0.0
F1 Score: [0.38461538461538464, 0.38461538461538464, 0.38461538461538464, 0.38461538461538464, 0.38461538461538464, 0.38461538461538464, 0.38461538461538464, 0.38461538461538464, 0.38461538461538464, 0.38461538461538464, 0.38461538461538464, 0.38461538461538464, 0.6190476190476191, 0.38461538461538464, 0.38461538461538464]
 mean: 0.4002442002442004, std: 0.058477673444086026
Accuracy Intime: [0.6666666666666666, 0.6666666666666666, 0.6666666666666666, 0.6666666666666666, 0.6666666666666666, 0.6666666666666666, 0.6666666666666666, 0.6666666666666666, 0.6666666666666666, 0.6666666666666666, 0.6666666666666666, 0.6666666666666666, 1.0, 0.6666666666666666, 0.6666666666666666]
 mean: 0.6888888888888888, std: 0.08314794192830982
F1 (Intime): [0.4, 0.4, 0.4, 0.4, 0.4, 0.4, 0.4, 0.4, 0.4, 0.4, 0.4, 0.4, 1.0, 0.4, 0.4]
 mean: 0.4400000000000001, std: 0.14966629547095764
--------------------------------------------------
Subject Number: 23
Accuracy Cross: [0.625, 0.625, 0.625, 0.625, 0.625, 0.625, 0.625, 0.625, 0.625, 0.625, 0.625, 0.625, 0.625, 0.625, 0.625]
 mean: 0.625, std: 0.0
F1 Score: [0.38461538461538464, 0.38461538461538464, 0.38461538461538464, 0.38461538461538464, 0.38461538461538464, 0.38461538461538464, 0.38461538461538464, 0.38461538461538464, 0.38461538461538464, 0.38461538461538464, 0.38461538461538464, 0.38461538461538464, 0.38461538461538464, 0.38461538461538464, 0.38461538461538464]
 mean: 0.38461538461538475, std: 1.1102230246251565e-16
Accuracy Intime: [0.6666666666666666, 0.6666666666666666, 0.6666666666666666, 0.6666666666666666, 0.6666666666666666, 0.6666666666666666, 0.6666666666666666, 0.6666666666666666, 0.6666666666666666, 0.6666666666666666, 0.6666666666666666, 0.6666666666666666, 0.6666666666666666, 0.6666666666666666, 0.6666666666666666]
 mean: 0.6666666666666665, std: 1.1102230246251565e-16
F1 (Intime): [0.4, 0.4, 0.4, 0.4, 0.4, 0.4, 0.4, 0.4, 0.4, 0.4, 0.4, 0.4, 0.4, 0.4, 0.4]
 mean: 0.40000000000000013, std: 1.1102230246251565e-16
--------------------------------------------------
Subject Number: 24
Accuracy Cross: [0.625, 0.625, 0.625, 0.625, 0.625, 0.625, 0.625, 0.625, 0.625, 0.625, 0.625, 0.625, 0.625, 0.625, 0.625]
 mean: 0.625, std: 0.0
F1 Score: [0.38461538461538464, 0.38461538461538464, 0.38461538461538464, 0.38461538461538464, 0.38461538461538464, 0.38461538461538464, 0.38461538461538464, 0.38461538461538464, 0.38461538461538464, 0.38461538461538464, 0.38461538461538464, 0.38461538461538464, 0.38461538461538464, 0.38461538461538464, 0.38461538461538464]
 mean: 0.38461538461538475, std: 1.1102230246251565e-16
Accuracy Intime: [0.6666666666666666, 0.6666666666666666, 0.6666666666666666, 0.6666666666666666, 0.6666666666666666, 0.6666666666666666, 0.6666666666666666, 0.6666666666666666, 0.6666666666666666, 0.6666666666666666, 0.6666666666666666, 0.6666666666666666, 0.6666666666666666, 0.6666666666666666, 0.6666666666666666]
 mean: 0.6666666666666665, std: 1.1102230246251565e-16
F1 (Intime): [0.4, 0.4, 0.4, 0.4, 0.4, 0.4, 0.4, 0.4, 0.4, 0.4, 0.4, 0.4, 0.4, 0.4, 0.4]
 mean: 0.40000000000000013, std: 1.1102230246251565e-16
--------------------------------------------------
Subject Number: 25
Accuracy Cross: [0.625, 0.625, 0.625, 0.625, 0.75, 0.625, 0.625, 0.625, 0.625, 0.625, 0.625, 0.625, 0.625, 0.625, 0.625]
 mean: 0.6333333333333333, std: 0.031180478223116172
F1 Score: [0.38461538461538464, 0.38461538461538464, 0.38461538461538464, 0.38461538461538464, 0.75, 0.38461538461538464, 0.38461538461538464, 0.38461538461538464, 0.38461538461538464, 0.38461538461538464, 0.38461538461538464, 0.38461538461538464, 0.38461538461538464, 0.38461538461538464, 0.38461538461538464]
 mean: 0.40897435897435913, std: 0.09114293634449344
Accuracy Intime: [0.6666666666666666, 0.6666666666666666, 0.6666666666666666, 0.6666666666666666, 1.0, 0.6666666666666666, 0.6666666666666666, 0.6666666666666666, 0.6666666666666666, 0.6666666666666666, 0.6666666666666666, 0.6666666666666666, 0.6666666666666666, 0.6666666666666666, 0.6666666666666666]
 mean: 0.6888888888888888, std: 0.08314794192830983
F1 (Intime): [0.4, 0.4, 0.4, 0.4, 1.0, 0.4, 0.4, 0.4, 0.4, 0.4, 0.4, 0.4, 0.4, 0.4, 0.4]
 mean: 0.44000000000000017, std: 0.1496662954709576
--------------------------------------------------
Subject Number: 26
Accuracy Cross: [0.625, 0.625, 0.625, 0.625, 0.625, 0.625, 1.0, 0.625, 0.625, 0.625, 0.625, 0.625, 0.625, 0.625, 0.625]
 mean: 0.65, std: 0.09354143466934857
F1 Score: [0.38461538461538464, 0.38461538461538464, 0.38461538461538464, 0.38461538461538464, 0.38461538461538464, 0.38461538461538464, 1.0, 0.38461538461538464, 0.38461538461538464, 0.38461538461538464, 0.38461538461538464, 0.38461538461538464, 0.38461538461538464, 0.38461538461538464, 0.38461538461538464]
 mean: 0.42564102564102585, std: 0.1535038927907258
Accuracy Intime: [0.6666666666666666, 0.6666666666666666, 0.6666666666666666, 0.6666666666666666, 0.6666666666666666, 0.6666666666666666, 1.0, 0.6666666666666666, 0.6666666666666666, 0.6666666666666666, 0.6666666666666666, 0.6666666666666666, 0.6666666666666666, 0.6666666666666666, 0.6666666666666666]
 mean: 0.6888888888888888, std: 0.08314794192830983
F1 (Intime): [0.4, 0.4, 0.4, 0.4, 0.4, 0.4, 1.0, 0.4, 0.4, 0.4, 0.4, 0.4, 0.4, 0.4, 0.4]
 mean: 0.44000000000000017, std: 0.1496662954709576
--------------------------------------------------
Subject Number: 27
Accuracy Cross: [0.625, 0.625, 0.625, 0.625, 0.625, 0.625, 0.625, 0.625, 0.625, 0.625, 0.625, 0.625, 0.625, 0.625, 0.625]
 mean: 0.625, std: 0.0
F1 Score: [0.38461538461538464, 0.38461538461538464, 0.38461538461538464, 0.38461538461538464, 0.38461538461538464, 0.38461538461538464, 0.38461538461538464, 0.38461538461538464, 0.38461538461538464, 0.38461538461538464, 0.38461538461538464, 0.38461538461538464, 0.38461538461538464, 0.38461538461538464, 0.38461538461538464]
 mean: 0.38461538461538475, std: 1.1102230246251565e-16
Accuracy Intime: [0.6666666666666666, 0.6666666666666666, 0.6666666666666666, 0.6666666666666666, 0.6666666666666666, 0.6666666666666666, 0.6666666666666666, 0.6666666666666666, 0.6666666666666666, 0.6666666666666666, 0.6666666666666666, 0.6666666666666666, 0.6666666666666666, 0.6666666666666666, 0.6666666666666666]
 mean: 0.6666666666666665, std: 1.1102230246251565e-16
F1 (Intime): [0.4, 0.4, 0.4, 0.4, 0.4, 0.4, 0.4, 0.4, 0.4, 0.4, 0.4, 0.4, 0.4, 0.4, 0.4]
 mean: 0.40000000000000013, std: 1.1102230246251565e-16
--------------------------------------------------
Subject Number: 28
Accuracy Cross: [0.625, 0.625, 0.625, 0.625, 0.625, 0.625, 0.625, 0.625, 0.625, 0.625, 0.625, 0.625, 0.625, 0.625, 0.625]
 mean: 0.625, std: 0.0
F1 Score: [0.38461538461538464, 0.38461538461538464, 0.38461538461538464, 0.38461538461538464, 0.38461538461538464, 0.38461538461538464, 0.38461538461538464, 0.38461538461538464, 0.38461538461538464, 0.38461538461538464, 0.38461538461538464, 0.38461538461538464, 0.38461538461538464, 0.38461538461538464, 0.38461538461538464]
 mean: 0.38461538461538475, std: 1.1102230246251565e-16
Accuracy Intime: [0.6666666666666666, 0.6666666666666666, 0.6666666666666666, 0.6666666666666666, 0.6666666666666666, 0.6666666666666666, 0.6666666666666666, 0.6666666666666666, 0.6666666666666666, 0.6666666666666666, 0.6666666666666666, 0.6666666666666666, 0.6666666666666666, 0.6666666666666666, 0.6666666666666666]
 mean: 0.6666666666666665, std: 1.1102230246251565e-16
F1 (Intime): [0.4, 0.4, 0.4, 0.4, 0.4, 0.4, 0.4, 0.4, 0.4, 0.4, 0.4, 0.4, 0.4, 0.4, 0.4]
 mean: 0.40000000000000013, std: 1.1102230246251565e-16
--------------------------------------------------
Subject Number: 29
Accuracy Cross: [0.625, 0.625, 0.625, 1.0, 1.0, 0.625, 0.625, 0.625, 0.625, 0.625, 1.0, 0.625, 0.625, 1.0, 0.625]
 mean: 0.725, std: 0.16583123951777
F1 Score: [0.38461538461538464, 0.38461538461538464, 0.38461538461538464, 1.0, 1.0, 0.38461538461538464, 0.38461538461538464, 0.38461538461538464, 0.38461538461538464, 0.38461538461538464, 1.0, 0.38461538461538464, 0.38461538461538464, 1.0, 0.38461538461538464]
 mean: 0.5487179487179488, std: 0.2721333161317251
Accuracy Intime: [0.6666666666666666, 0.6666666666666666, 0.6666666666666666, 1.0, 1.0, 0.6666666666666666, 0.6666666666666666, 0.6666666666666666, 0.6666666666666666, 0.6666666666666666, 1.0, 0.6666666666666666, 0.6666666666666666, 1.0, 0.6666666666666666]
 mean: 0.7555555555555554, std: 0.14740554623801777
F1 (Intime): [0.4, 0.4, 0.4, 1.0, 1.0, 0.4, 0.4, 0.4, 0.4, 0.4, 1.0, 0.4, 0.4, 1.0, 0.4]
 mean: 0.5600000000000002, std: 0.265329983228432
--------------------------------------------------
**************************************************
accuracy_cross_list: [0.6583333333333333, 0.6166666666666667, 0.625, 0.675, 0.65, 0.625, 0.625, 0.625, 0.6416666666666667, 0.625, 0.6083333333333333, 0.625, 0.625, 0.625, 0.625, 0.625, 0.625, 0.7583333333333333, 0.6333333333333333, 0.6333333333333333, 0.625, 0.625, 0.625, 0.625, 0.6333333333333333, 0.65, 0.625, 0.625, 0.725]
f1_score_list: [0.44727272727272743, 0.39008547008547023, 0.38461538461538475, 0.47577311577311593, 0.4347474747474749, 0.38461538461538475, 0.38461538461538475, 0.38461538461538475, 0.4266666666666668, 0.38461538461538475, 0.388888888888889, 0.38461538461538475, 0.38461538461538475, 0.38461538461538475, 0.38461538461538475, 0.38461538461538475, 0.38461538461538475, 0.6233100233100234, 0.407863247863248, 0.40341880341880354, 0.38461538461538475, 0.4002442002442004, 0.38461538461538475, 0.38461538461538475, 0.40897435897435913, 0.42564102564102585, 0.38461538461538475, 0.38461538461538475, 0.5487179487179488]
accuracy_intime_list: [0.7111111111111109, 0.6888888888888888, 0.6666666666666665, 0.711111111111111, 0.7333333333333332, 0.6666666666666665, 0.6666666666666665, 0.6666666666666665, 0.7111111111111109, 0.6666666666666665, 0.711111111111111, 0.6666666666666665, 0.6666666666666665, 0.6666666666666665, 0.6666666666666665, 0.6666666666666665, 0.6666666666666665, 0.8222222222222223, 0.6888888888888888, 0.6666666666666665, 0.6666666666666665, 0.6888888888888888, 0.6666666666666665, 0.6666666666666665, 0.6888888888888888, 0.6888888888888888, 0.6666666666666665, 0.6666666666666665, 0.7555555555555554]
f1_score_intime_list: [0.4800000000000002, 0.44000000000000017, 0.40000000000000013, 0.48000000000000015, 0.5200000000000001, 0.40000000000000013, 0.40000000000000013, 0.40000000000000013, 0.48000000000000015, 0.40000000000000013, 0.4800000000000001, 0.40000000000000013, 0.40000000000000013, 0.40000000000000013, 0.40000000000000013, 0.40000000000000013, 0.40000000000000013, 0.68, 0.44000000000000017, 0.40000000000000013, 0.40000000000000013, 0.4400000000000001, 0.40000000000000013, 0.40000000000000013, 0.44000000000000017, 0.44000000000000017, 0.40000000000000013, 0.40000000000000013, 0.5600000000000002]
**************************************************
ACC: 63.82±3.13
F1: 41.16±5.34
Intime: 68.74±3.45
F1 (Intime): 43.72±6.21
