1e-03
Subject Number: 1
Accuracy Cross: [0.4117647058823529, 0.47058823529411764, 0.23529411764705882, 0.23529411764705882, 0.29411764705882354, 0.35294117647058826, 0.35294117647058826, 0.4117647058823529, 0.23529411764705882, 0.35294117647058826, 0.29411764705882354, 0.29411764705882354, 0.23529411764705882, 0.29411764705882354, 0.23529411764705882]
 mean: 0.31372549019607837, std: 0.07336583111321451
F1 Score: [0.3315789473684211, 0.381578947368421, 0.09523809523809523, 0.09523809523809523, 0.11363636363636363, 0.24404761904761904, 0.30526315789473685, 0.3611111111111111, 0.09523809523809523, 0.24404761904761904, 0.11363636363636363, 0.11363636363636363, 0.09523809523809523, 0.125, 0.09523809523809523]
 mean: 0.18731513126249974, std: 0.10697793218547832
Accuracy Intime: [0.42857142857142855, 0.42857142857142855, 0.2857142857142857, 0.3333333333333333, 0.3333333333333333, 0.42857142857142855, 0.42857142857142855, 0.42857142857142855, 0.3333333333333333, 0.5, 0.2857142857142857, 0.2857142857142857, 0.2857142857142857, 0.3333333333333333, 0.3333333333333333]
 mean: 0.3634920634920634, std: 0.06760488710808525
F1 (Intime): [0.375, 0.375, 0.1111111111111111, 0.125, 0.125, 0.375, 0.375, 0.375, 0.125, 0.39285714285714285, 0.1111111111111111, 0.1111111111111111, 0.1111111111111111, 0.14285714285714285, 0.125]
 mean: 0.22367724867724867, std: 0.12630121149358525
--------------------------------------------------
Subject Number: 2
Accuracy Cross: [0.23529411764705882, 0.23529411764705882, 0.23529411764705882, 0.23529411764705882, 0.23529411764705882, 0.29411764705882354, 0.23529411764705882, 0.5294117647058824, 0.29411764705882354, 0.29411764705882354, 0.4117647058823529, 0.29411764705882354, 0.23529411764705882, 0.23529411764705882, 0.23529411764705882]
 mean: 0.28235294117647053, std: 0.08094026447274626
F1 Score: [0.09523809523809523, 0.10526315789473684, 0.09523809523809523, 0.09523809523809523, 0.09523809523809523, 0.11363636363636363, 0.09523809523809523, 0.34523809523809523, 0.11363636363636363, 0.11363636363636363, 0.25816993464052285, 0.17669172932330826, 0.09523809523809523, 0.09523809523809523, 0.09523809523809523]
 mean: 0.1325451179940344, std: 0.07114317035129353
Accuracy Intime: [0.2857142857142857, 0.42857142857142855, 0.2857142857142857, 0.3333333333333333, 0.3333333333333333, 0.2857142857142857, 0.2857142857142857, 0.42857142857142855, 0.2857142857142857, 0.3333333333333333, 0.42857142857142855, 0.5714285714285714, 0.2857142857142857, 0.3333333333333333, 0.3333333333333333]
 mean: 0.34920634920634913, std: 0.07904698157453162
F1 (Intime): [0.1111111111111111, 0.26785714285714285, 0.1111111111111111, 0.125, 0.125, 0.1111111111111111, 0.1111111111111111, 0.26785714285714285, 0.1111111111111111, 0.125, 0.29166666666666663, 0.47619047619047616, 0.1111111111111111, 0.125, 0.125]
 mean: 0.173015873015873, std: 0.10279539592820428
--------------------------------------------------
Subject Number: 3
Accuracy Cross: [0.29411764705882354, 0.23529411764705882, 0.29411764705882354, 0.29411764705882354, 0.29411764705882354, 0.35294117647058826, 0.29411764705882354, 0.4117647058823529, 0.23529411764705882, 0.23529411764705882, 0.29411764705882354, 0.23529411764705882, 0.23529411764705882, 0.23529411764705882, 0.23529411764705882]
 mean: 0.2784313725490196, std: 0.05022058225437529
F1 Score: [0.11363636363636363, 0.09523809523809523, 0.11363636363636363, 0.11363636363636363, 0.11904761904761904, 0.20625, 0.11363636363636363, 0.3142857142857143, 0.125, 0.09523809523809523, 0.11363636363636363, 0.09523809523809523, 0.09523809523809523, 0.09523809523809523, 0.09523809523809523]
 mean: 0.1269462481962482, std: 0.05678588072657924
Accuracy Intime: [0.2857142857142857, 0.2857142857142857, 0.2857142857142857, 0.2857142857142857, 0.3333333333333333, 0.42857142857142855, 0.2857142857142857, 0.42857142857142855, 0.5, 0.3333333333333333, 0.2857142857142857, 0.2857142857142857, 0.2857142857142857, 0.3333333333333333, 0.3333333333333333]
 mean: 0.3317460317460317, std: 0.06533052580081486
F1 (Intime): [0.1111111111111111, 0.1111111111111111, 0.1111111111111111, 0.1111111111111111, 0.125, 0.29166666666666663, 0.1111111111111111, 0.26785714285714285, 0.3333333333333333, 0.125, 0.1111111111111111, 0.1111111111111111, 0.1111111111111111, 0.125, 0.125]
 mean: 0.15211640211640212, std: 0.07398307902997307
--------------------------------------------------
Subject Number: 4
Accuracy Cross: [0.23529411764705882, 0.47058823529411764, 0.35294117647058826, 0.29411764705882354, 0.29411764705882354, 0.29411764705882354, 0.29411764705882354, 0.29411764705882354, 0.23529411764705882, 0.23529411764705882, 0.5294117647058824, 0.29411764705882354, 0.47058823529411764, 0.47058823529411764, 0.23529411764705882]
 mean: 0.3333333333333333, std: 0.09764627135677438
F1 Score: [0.09523809523809523, 0.381578947368421, 0.22424242424242424, 0.11363636363636363, 0.11363636363636363, 0.1388888888888889, 0.11363636363636363, 0.11363636363636363, 0.09523809523809523, 0.09523809523809523, 0.4038461538461538, 0.2361111111111111, 0.4403846153846154, 0.43205128205128207, 0.16346153846153846]
 mean: 0.21072164677427838, std: 0.1301674918712427
Accuracy Intime: [0.2857142857142857, 0.42857142857142855, 0.42857142857142855, 0.2857142857142857, 0.3333333333333333, 0.42857142857142855, 0.2857142857142857, 0.2857142857142857, 0.2857142857142857, 0.3333333333333333, 0.42857142857142855, 0.42857142857142855, 0.7142857142857143, 0.42857142857142855, 0.5]
 mean: 0.3920634920634921, std: 0.11163143474614122
F1 (Intime): [0.1111111111111111, 0.375, 0.30000000000000004, 0.1111111111111111, 0.125, 0.3333333333333333, 0.1111111111111111, 0.1111111111111111, 0.1111111111111111, 0.125, 0.26785714285714285, 0.375, 0.65, 0.39285714285714285, 0.39285714285714285]
 mean: 0.2594973544973545, std: 0.15666892260928275
--------------------------------------------------
Subject Number: 5
Accuracy Cross: [0.29411764705882354, 0.29411764705882354, 0.23529411764705882, 0.4117647058823529, 0.23529411764705882, 0.29411764705882354, 0.23529411764705882, 0.47058823529411764, 0.23529411764705882, 0.23529411764705882, 0.23529411764705882, 0.23529411764705882, 0.23529411764705882, 0.29411764705882354, 0.29411764705882354]
 mean: 0.2823529411764706, std: 0.06859943405700353
F1 Score: [0.11363636363636363, 0.13157894736842105, 0.09523809523809523, 0.325, 0.09523809523809523, 0.11363636363636363, 0.09523809523809523, 0.29261363636363635, 0.09523809523809523, 0.09523809523809523, 0.1715686274509804, 0.09523809523809523, 0.09523809523809523, 0.18333333333333335, 0.11363636363636363]
 mean: 0.14077802013947524, std: 0.07144351298321874
Accuracy Intime: [0.42857142857142855, 0.2857142857142857, 0.2857142857142857, 0.5, 0.3333333333333333, 0.2857142857142857, 0.2857142857142857, 0.5714285714285714, 0.3333333333333333, 0.3333333333333333, 0.5714285714285714, 0.2857142857142857, 0.2857142857142857, 0.5, 0.3333333333333333]
 mean: 0.37460317460317455, std: 0.10521786297889874
F1 (Intime): [0.26785714285714285, 0.1111111111111111, 0.1111111111111111, 0.325, 0.125, 0.1111111111111111, 0.1111111111111111, 0.3666666666666667, 0.125, 0.125, 0.5, 0.1111111111111111, 0.1111111111111111, 0.30952380952380953, 0.125]
 mean: 0.19571428571428573, std: 0.12100543559979608
--------------------------------------------------
Subject Number: 6
Accuracy Cross: [0.29411764705882354, 0.29411764705882354, 0.29411764705882354, 0.29411764705882354, 0.29411764705882354, 0.29411764705882354, 0.23529411764705882, 0.23529411764705882, 0.23529411764705882, 0.23529411764705882, 0.23529411764705882, 0.6470588235294118, 0.47058823529411764, 0.23529411764705882, 0.29411764705882354]
 mean: 0.30588235294117644, std: 0.10782531046954917
F1 Score: [0.11363636363636363, 0.11363636363636363, 0.11363636363636363, 0.11363636363636363, 0.11363636363636363, 0.11363636363636363, 0.09523809523809523, 0.1111111111111111, 0.09523809523809523, 0.09523809523809523, 0.09523809523809523, 0.48461538461538467, 0.319078947368421, 0.09523809523809523, 0.1388888888888889]
 mean: 0.14744686599949755, std: 0.10488768167221017
Accuracy Intime: [0.2857142857142857, 0.2857142857142857, 0.2857142857142857, 0.2857142857142857, 0.3333333333333333, 0.2857142857142857, 0.2857142857142857, 0.42857142857142855, 0.3333333333333333, 0.3333333333333333, 0.2857142857142857, 0.42857142857142855, 0.5714285714285714, 0.3333333333333333, 0.3333333333333333]
 mean: 0.33968253968253964, std: 0.07750194041735685
F1 (Intime): [0.1111111111111111, 0.1111111111111111, 0.1111111111111111, 0.1111111111111111, 0.125, 0.1111111111111111, 0.1111111111111111, 0.26666666666666666, 0.125, 0.125, 0.1111111111111111, 0.26785714285714285, 0.3666666666666667, 0.125, 0.20833333333333331]
 mean: 0.15915343915343916, std: 0.0773210956483128
--------------------------------------------------
Subject Number: 7
Accuracy Cross: [0.23529411764705882, 0.23529411764705882, 0.23529411764705882, 0.23529411764705882, 0.23529411764705882, 0.29411764705882354, 0.29411764705882354, 0.23529411764705882, 0.23529411764705882, 0.17647058823529413, 0.29411764705882354, 0.4117647058823529, 0.35294117647058826, 0.23529411764705882, 0.29411764705882354]
 mean: 0.26666666666666666, std: 0.05628509840944048
F1 Score: [0.09523809523809523, 0.09523809523809523, 0.09523809523809523, 0.09523809523809523, 0.09523809523809523, 0.11363636363636363, 0.11363636363636363, 0.09523809523809523, 0.09523809523809523, 0.075, 0.11363636363636363, 0.275, 0.2435064935064935, 0.09523809523809523, 0.11363636363636363]
 mean: 0.12066378066378065, std: 0.05559642899641482
Accuracy Intime: [0.2857142857142857, 0.2857142857142857, 0.2857142857142857, 0.3333333333333333, 0.3333333333333333, 0.2857142857142857, 0.2857142857142857, 0.42857142857142855, 0.3333333333333333, 0.3333333333333333, 0.2857142857142857, 0.5714285714285714, 0.42857142857142855, 0.3333333333333333, 0.3333333333333333]
 mean: 0.3428571428571428, std: 0.07619047619047618
F1 (Intime): [0.1111111111111111, 0.1111111111111111, 0.1111111111111111, 0.125, 0.125, 0.1111111111111111, 0.1111111111111111, 0.29166666666666663, 0.125, 0.125, 0.1111111111111111, 0.39285714285714285, 0.30000000000000004, 0.125, 0.125]
 mean: 0.16007936507936507, std: 0.0867368458227553
--------------------------------------------------
Subject Number: 8
Accuracy Cross: [0.29411764705882354, 0.23529411764705882, 0.23529411764705882, 0.23529411764705882, 0.29411764705882354, 0.23529411764705882, 0.23529411764705882, 0.29411764705882354, 0.29411764705882354, 0.23529411764705882, 0.29411764705882354, 0.23529411764705882, 0.23529411764705882, 0.23529411764705882, 0.29411764705882354]
 mean: 0.2588235294117647, std: 0.028817526385684453
F1 Score: [0.11363636363636363, 0.09523809523809523, 0.09523809523809523, 0.09523809523809523, 0.11363636363636363, 0.09523809523809523, 0.09523809523809523, 0.11363636363636363, 0.11363636363636363, 0.09523809523809523, 0.11363636363636363, 0.09523809523809523, 0.09523809523809523, 0.09523809523809523, 0.11363636363636363]
 mean: 0.1025974025974026, std: 0.009013273945306067
Accuracy Intime: [0.2857142857142857, 0.2857142857142857, 0.2857142857142857, 0.3333333333333333, 0.3333333333333333, 0.2857142857142857, 0.2857142857142857, 0.2857142857142857, 0.3333333333333333, 0.3333333333333333, 0.2857142857142857, 0.2857142857142857, 0.2857142857142857, 0.3333333333333333, 0.3333333333333333]
 mean: 0.30476190476190473, std: 0.023328473740792173
F1 (Intime): [0.1111111111111111, 0.1111111111111111, 0.1111111111111111, 0.125, 0.125, 0.1111111111111111, 0.1111111111111111, 0.1111111111111111, 0.125, 0.125, 0.1111111111111111, 0.1111111111111111, 0.1111111111111111, 0.125, 0.125]
 mean: 0.11666666666666667, std: 0.006804138174397721
--------------------------------------------------
Subject Number: 9
Accuracy Cross: [0.29411764705882354, 0.23529411764705882, 0.23529411764705882, 0.35294117647058826, 0.47058823529411764, 0.29411764705882354, 0.23529411764705882, 0.23529411764705882, 0.23529411764705882, 0.29411764705882354, 0.35294117647058826, 0.23529411764705882, 0.23529411764705882, 0.23529411764705882, 0.23529411764705882]
 mean: 0.2784313725490196, std: 0.06608744920138321
F1 Score: [0.11363636363636363, 0.09523809523809523, 0.09523809523809523, 0.26050420168067223, 0.4149122807017544, 0.11363636363636363, 0.09523809523809523, 0.09523809523809523, 0.09523809523809523, 0.14705882352941177, 0.1970588235294118, 0.09523809523809523, 0.09523809523809523, 0.09523809523809523, 0.09523809523809523]
 mean: 0.1402633142571223, std: 0.0867276413935791
Accuracy Intime: [0.2857142857142857, 0.2857142857142857, 0.2857142857142857, 0.5, 0.3333333333333333, 0.2857142857142857, 0.2857142857142857, 0.2857142857142857, 0.3333333333333333, 0.3333333333333333, 0.5714285714285714, 0.2857142857142857, 0.2857142857142857, 0.3333333333333333, 0.3333333333333333]
 mean: 0.33492063492063484, std: 0.08269216684210226
F1 (Intime): [0.1111111111111111, 0.1111111111111111, 0.1111111111111111, 0.39285714285714285, 0.125, 0.1111111111111111, 0.1111111111111111, 0.1111111111111111, 0.125, 0.125, 0.39285714285714285, 0.1111111111111111, 0.1111111111111111, 0.125, 0.125]
 mean: 0.1533068783068783, std: 0.09416967574313953
--------------------------------------------------
Subject Number: 10
Accuracy Cross: [0.29411764705882354, 0.23529411764705882, 0.23529411764705882, 0.29411764705882354, 0.29411764705882354, 0.29411764705882354, 0.23529411764705882, 0.23529411764705882, 0.23529411764705882, 0.23529411764705882, 0.29411764705882354, 0.29411764705882354, 0.23529411764705882, 0.23529411764705882, 0.23529411764705882]
 mean: 0.25882352941176473, std: 0.028817526385684456
F1 Score: [0.11363636363636363, 0.09523809523809523, 0.09523809523809523, 0.11363636363636363, 0.11363636363636363, 0.11363636363636363, 0.09523809523809523, 0.09523809523809523, 0.09523809523809523, 0.1, 0.11363636363636363, 0.11363636363636363, 0.09523809523809523, 0.09523809523809523, 0.09523809523809523]
 mean: 0.1029148629148629, std: 0.008830485029501706
Accuracy Intime: [0.2857142857142857, 0.2857142857142857, 0.2857142857142857, 0.3333333333333333, 0.3333333333333333, 0.2857142857142857, 0.2857142857142857, 0.42857142857142855, 0.3333333333333333, 0.3333333333333333, 0.2857142857142857, 0.2857142857142857, 0.2857142857142857, 0.3333333333333333, 0.3333333333333333]
 mean: 0.3142857142857142, std: 0.038095238095238085
F1 (Intime): [0.1111111111111111, 0.1111111111111111, 0.1111111111111111, 0.125, 0.125, 0.1111111111111111, 0.1111111111111111, 0.29166666666666663, 0.16666666666666666, 0.14285714285714285, 0.1111111111111111, 0.1111111111111111, 0.1111111111111111, 0.125, 0.125]
 mean: 0.13267195767195766, std: 0.04508739091930088
--------------------------------------------------
Subject Number: 11
Accuracy Cross: [0.29411764705882354, 0.29411764705882354, 0.29411764705882354, 0.23529411764705882, 0.47058823529411764, 0.29411764705882354, 0.29411764705882354, 0.29411764705882354, 0.4117647058823529, 0.29411764705882354, 0.23529411764705882, 0.29411764705882354, 0.23529411764705882, 0.29411764705882354, 0.23529411764705882]
 mean: 0.2980392156862745, std: 0.062499519413761674
F1 Score: [0.11363636363636363, 0.11363636363636363, 0.11363636363636363, 0.09523809523809523, 0.381578947368421, 0.11363636363636363, 0.11363636363636363, 0.11363636363636363, 0.31587301587301586, 0.18907563025210083, 0.09523809523809523, 0.11363636363636363, 0.09523809523809523, 0.11363636363636363, 0.09523809523809523]
 mean: 0.14510472556912188, std: 0.08361981133346826
Accuracy Intime: [0.2857142857142857, 0.2857142857142857, 0.2857142857142857, 0.2857142857142857, 0.5, 0.2857142857142857, 0.2857142857142857, 0.2857142857142857, 0.2857142857142857, 0.3333333333333333, 0.2857142857142857, 0.2857142857142857, 0.2857142857142857, 0.2857142857142857, 0.3333333333333333]
 mean: 0.3063492063492063, std: 0.05420117802845673
F1 (Intime): [0.1111111111111111, 0.1111111111111111, 0.1111111111111111, 0.1111111111111111, 0.39285714285714285, 0.1111111111111111, 0.1111111111111111, 0.1111111111111111, 0.225, 0.14285714285714285, 0.1111111111111111, 0.1111111111111111, 0.1111111111111111, 0.1111111111111111, 0.125]
 mean: 0.14052910052910053, std: 0.07328981087082319
--------------------------------------------------
Subject Number: 12
Accuracy Cross: [0.23529411764705882, 0.29411764705882354, 0.5294117647058824, 0.23529411764705882, 0.23529411764705882, 0.47058823529411764, 0.35294117647058826, 0.4117647058823529, 0.23529411764705882, 0.29411764705882354, 0.23529411764705882, 0.35294117647058826, 0.23529411764705882, 0.23529411764705882, 0.23529411764705882]
 mean: 0.30588235294117644, std: 0.09411764705882353
F1 Score: [0.09523809523809523, 0.11363636363636363, 0.4666666666666667, 0.09523809523809523, 0.09523809523809523, 0.381578947368421, 0.30526315789473685, 0.325, 0.09523809523809523, 0.11363636363636363, 0.09523809523809523, 0.3111111111111111, 0.09523809523809523, 0.09523809523809523, 0.09523809523809523]
 mean: 0.18525315814789503, std: 0.12717148668322578
Accuracy Intime: [0.2857142857142857, 0.2857142857142857, 0.42857142857142855, 0.3333333333333333, 0.3333333333333333, 0.42857142857142855, 0.42857142857142855, 0.42857142857142855, 0.3333333333333333, 0.3333333333333333, 0.2857142857142857, 0.42857142857142855, 0.2857142857142857, 0.3333333333333333, 0.3333333333333333]
 mean: 0.35238095238095235, std: 0.05714285714285714
F1 (Intime): [0.1111111111111111, 0.1111111111111111, 0.29166666666666663, 0.125, 0.125, 0.30952380952380953, 0.375, 0.375, 0.125, 0.125, 0.1111111111111111, 0.375, 0.1111111111111111, 0.125, 0.125]
 mean: 0.19470899470899472, std: 0.10869169236795384
--------------------------------------------------
Subject Number: 13
Accuracy Cross: [0.23529411764705882, 0.29411764705882354, 0.23529411764705882, 0.23529411764705882, 0.29411764705882354, 0.23529411764705882, 0.29411764705882354, 0.23529411764705882, 0.23529411764705882, 0.23529411764705882, 0.29411764705882354, 0.17647058823529413, 0.29411764705882354, 0.23529411764705882, 0.23529411764705882]
 mean: 0.2509803921568627, std: 0.03373460889036325
F1 Score: [0.09523809523809523, 0.11363636363636363, 0.09523809523809523, 0.09523809523809523, 0.11363636363636363, 0.09523809523809523, 0.11363636363636363, 0.09523809523809523, 0.09523809523809523, 0.09523809523809523, 0.11363636363636363, 0.08333333333333333, 0.11363636363636363, 0.09523809523809523, 0.09523809523809523]
 mean: 0.10057720057720057, std: 0.009683711647062235
Accuracy Intime: [0.2857142857142857, 0.2857142857142857, 0.2857142857142857, 0.3333333333333333, 0.3333333333333333, 0.2857142857142857, 0.2857142857142857, 0.2857142857142857, 0.3333333333333333, 0.3333333333333333, 0.2857142857142857, 0.42857142857142855, 0.2857142857142857, 0.3333333333333333, 0.3333333333333333]
 mean: 0.3142857142857142, std: 0.03809523809523809
F1 (Intime): [0.1111111111111111, 0.1111111111111111, 0.1111111111111111, 0.125, 0.125, 0.1111111111111111, 0.1111111111111111, 0.1111111111111111, 0.125, 0.125, 0.1111111111111111, 0.3333333333333333, 0.1111111111111111, 0.125, 0.125]
 mean: 0.13148148148148148, std: 0.05435429674607101
--------------------------------------------------
Subject Number: 14
Accuracy Cross: [0.29411764705882354, 0.29411764705882354, 0.23529411764705882, 0.23529411764705882, 0.29411764705882354, 0.47058823529411764, 0.23529411764705882, 0.23529411764705882, 0.23529411764705882, 0.29411764705882354, 0.23529411764705882, 0.23529411764705882, 0.23529411764705882, 0.23529411764705882, 0.29411764705882354]
 mean: 0.27058823529411763, std: 0.05998846486579747
F1 Score: [0.11363636363636363, 0.11363636363636363, 0.09523809523809523, 0.09523809523809523, 0.11363636363636363, 0.3035714285714286, 0.09523809523809523, 0.09523809523809523, 0.09523809523809523, 0.11363636363636363, 0.09523809523809523, 0.09523809523809523, 0.09523809523809523, 0.09523809523809523, 0.11363636363636363]
 mean: 0.11525974025974027, std: 0.05104394520897979
Accuracy Intime: [0.2857142857142857, 0.2857142857142857, 0.2857142857142857, 0.3333333333333333, 0.3333333333333333, 0.2857142857142857, 0.2857142857142857, 0.2857142857142857, 0.3333333333333333, 0.3333333333333333, 0.2857142857142857, 0.2857142857142857, 0.2857142857142857, 0.3333333333333333, 0.3333333333333333]
 mean: 0.30476190476190473, std: 0.023328473740792173
F1 (Intime): [0.1111111111111111, 0.1111111111111111, 0.1111111111111111, 0.125, 0.125, 0.18333333333333335, 0.1111111111111111, 0.1111111111111111, 0.125, 0.125, 0.1111111111111111, 0.1111111111111111, 0.1111111111111111, 0.125, 0.125]
 mean: 0.1214814814814815, std: 0.017814391309357396
--------------------------------------------------
Subject Number: 15
Accuracy Cross: [0.29411764705882354, 0.23529411764705882, 0.23529411764705882, 0.29411764705882354, 0.29411764705882354, 0.4117647058823529, 0.29411764705882354, 0.23529411764705882, 0.23529411764705882, 0.23529411764705882, 0.4117647058823529, 0.23529411764705882, 0.47058823529411764, 0.23529411764705882, 0.5882352941176471]
 mean: 0.31372549019607837, std: 0.10449343211352335
F1 Score: [0.11363636363636363, 0.09523809523809523, 0.09523809523809523, 0.11904761904761904, 0.11363636363636363, 0.3611111111111111, 0.11363636363636363, 0.09523809523809523, 0.09523809523809523, 0.09523809523809523, 0.3611111111111111, 0.09523809523809523, 0.45, 0.09523809523809523, 0.49702380952380953]
 mean: 0.18639129389129394, std: 0.14273833596404303
Accuracy Intime: [0.2857142857142857, 0.2857142857142857, 0.2857142857142857, 0.3333333333333333, 0.3333333333333333, 0.42857142857142855, 0.2857142857142857, 0.2857142857142857, 0.3333333333333333, 0.3333333333333333, 0.42857142857142855, 0.2857142857142857, 0.7142857142857143, 0.3333333333333333, 0.6666666666666666]
 mean: 0.37460317460317455, std: 0.13227089940317244
F1 (Intime): [0.1111111111111111, 0.1111111111111111, 0.1111111111111111, 0.125, 0.125, 0.375, 0.1111111111111111, 0.1111111111111111, 0.125, 0.125, 0.375, 0.1111111111111111, 0.75, 0.125, 0.625]
 mean: 0.2277777777777778, std: 0.20138409955990952
--------------------------------------------------
Subject Number: 16
Accuracy Cross: [0.29411764705882354, 0.23529411764705882, 0.23529411764705882, 0.29411764705882354, 0.5294117647058824, 0.29411764705882354, 0.23529411764705882, 0.23529411764705882, 0.23529411764705882, 0.29411764705882354, 0.23529411764705882, 0.23529411764705882, 0.23529411764705882, 0.23529411764705882, 0.23529411764705882]
 mean: 0.27058823529411763, std: 0.07378387342049716
F1 Score: [0.11363636363636363, 0.09523809523809523, 0.09523809523809523, 0.11363636363636363, 0.35119047619047616, 0.11363636363636363, 0.09523809523809523, 0.09523809523809523, 0.09523809523809523, 0.1736111111111111, 0.09523809523809523, 0.09523809523809523, 0.09523809523809523, 0.09523809523809523, 0.09523809523809523]
 mean: 0.12120610870610875, std: 0.06457779490416447
Accuracy Intime: [0.2857142857142857, 0.2857142857142857, 0.2857142857142857, 0.3333333333333333, 0.3333333333333333, 0.2857142857142857, 0.2857142857142857, 0.2857142857142857, 0.3333333333333333, 0.3333333333333333, 0.2857142857142857, 0.2857142857142857, 0.2857142857142857, 0.3333333333333333, 0.3333333333333333]
 mean: 0.30476190476190473, std: 0.023328473740792173
F1 (Intime): [0.1111111111111111, 0.1111111111111111, 0.1111111111111111, 0.125, 0.2, 0.1111111111111111, 0.1111111111111111, 0.1111111111111111, 0.125, 0.14285714285714285, 0.1111111111111111, 0.1111111111111111, 0.1111111111111111, 0.125, 0.125]
 mean: 0.12285714285714286, std: 0.02252570548079255
--------------------------------------------------
Subject Number: 17
Accuracy Cross: [0.4117647058823529, 0.23529411764705882, 0.23529411764705882, 0.23529411764705882, 0.23529411764705882, 0.23529411764705882, 0.23529411764705882, 0.47058823529411764, 0.4117647058823529, 0.29411764705882354, 0.29411764705882354, 0.29411764705882354, 0.29411764705882354, 0.23529411764705882, 0.29411764705882354]
 mean: 0.29411764705882343, std: 0.07440653318043244
F1 Score: [0.3605042016806722, 0.09523809523809523, 0.09523809523809523, 0.09523809523809523, 0.09523809523809523, 0.09523809523809523, 0.09523809523809523, 0.33986928104575165, 0.40555555555555556, 0.11363636363636363, 0.11363636363636363, 0.11363636363636363, 0.11363636363636363, 0.09523809523809523, 0.11363636363636363]
 mean: 0.15605183487536428, std: 0.1073080512496534
Accuracy Intime: [0.7142857142857143, 0.2857142857142857, 0.2857142857142857, 0.3333333333333333, 0.3333333333333333, 0.2857142857142857, 0.2857142857142857, 0.5714285714285714, 0.5, 0.3333333333333333, 0.2857142857142857, 0.2857142857142857, 0.2857142857142857, 0.2857142857142857, 0.3333333333333333]
 mean: 0.36031746031746026, std: 0.12564772969627494
F1 (Intime): [0.65, 0.1111111111111111, 0.1111111111111111, 0.125, 0.125, 0.1111111111111111, 0.1111111111111111, 0.3666666666666667, 0.3333333333333333, 0.125, 0.1111111111111111, 0.1111111111111111, 0.1111111111111111, 0.1111111111111111, 0.125]
 mean: 0.1825925925925926, std: 0.14814861111038774
--------------------------------------------------
Subject Number: 18
Accuracy Cross: [0.29411764705882354, 0.4117647058823529, 0.47058823529411764, 0.23529411764705882, 0.35294117647058826, 0.29411764705882354, 0.23529411764705882, 0.35294117647058826, 0.4117647058823529, 0.29411764705882354, 0.29411764705882354, 0.35294117647058826, 0.47058823529411764, 0.29411764705882354, 0.23529411764705882]
 mean: 0.33333333333333326, std: 0.07644544584163893
F1 Score: [0.11363636363636363, 0.3611111111111111, 0.381578947368421, 0.09523809523809523, 0.19407894736842105, 0.11363636363636363, 0.09523809523809523, 0.30526315789473685, 0.325, 0.11363636363636363, 0.11363636363636363, 0.3025210084033613, 0.31666666666666665, 0.11363636363636363, 0.09523809523809523]
 mean: 0.20267439618058816, std: 0.10951439368840675
Accuracy Intime: [0.2857142857142857, 0.5714285714285714, 0.42857142857142855, 0.3333333333333333, 0.3333333333333333, 0.2857142857142857, 0.2857142857142857, 0.42857142857142855, 0.5, 0.3333333333333333, 0.2857142857142857, 0.42857142857142855, 0.42857142857142855, 0.3333333333333333, 0.3333333333333333]
 mean: 0.3730158730158731, std: 0.0841419573377687
F1 (Intime): [0.1111111111111111, 0.5595238095238095, 0.375, 0.125, 0.125, 0.1111111111111111, 0.1111111111111111, 0.375, 0.39285714285714285, 0.125, 0.1111111111111111, 0.30952380952380953, 0.30952380952380953, 0.125, 0.125]
 mean: 0.22605820105820104, std: 0.1417125417894758
--------------------------------------------------
Subject Number: 19
Accuracy Cross: [0.23529411764705882, 0.0, 0.29411764705882354, 0.29411764705882354, 0.29411764705882354, 0.29411764705882354, 0.23529411764705882, 0.29411764705882354, 0.23529411764705882, 0.47058823529411764, 0.23529411764705882, 0.29411764705882354, 0.23529411764705882, 0.23529411764705882, 0.35294117647058826]
 mean: 0.26666666666666666, std: 0.09329707649702211
F1 Score: [0.1588235294117647, 0.0, 0.11904761904761904, 0.18333333333333335, 0.18333333333333335, 0.11363636363636363, 0.1, 0.11363636363636363, 0.09523809523809523, 0.4375, 0.09523809523809523, 0.23214285714285715, 0.09523809523809523, 0.09523809523809523, 0.21904761904761905]
 mean: 0.14943022663610903, std: 0.09559101170519783
Accuracy Intime: [0.5714285714285714, 0.7142857142857143, 0.5714285714285714, 0.3333333333333333, 0.5, 0.2857142857142857, 0.42857142857142855, 0.2857142857142857, 0.3333333333333333, 0.5, 0.2857142857142857, 0.42857142857142855, 0.2857142857142857, 0.3333333333333333, 0.3333333333333333]
 mean: 0.4126984126984127, std: 0.12826732603705981
F1 (Intime): [0.3666666666666667, 0.5833333333333333, 0.3666666666666667, 0.125, 0.29166666666666663, 0.1111111111111111, 0.26785714285714285, 0.1111111111111111, 0.125, 0.475, 0.1111111111111111, 0.375, 0.1111111111111111, 0.125, 0.125]
 mean: 0.2447089947089947, std: 0.15185056135727293
--------------------------------------------------
Subject Number: 20
Accuracy Cross: [0.47058823529411764, 0.23529411764705882, 0.17647058823529413, 0.29411764705882354, 0.47058823529411764, 0.29411764705882354, 0.23529411764705882, 0.35294117647058826, 0.23529411764705882, 0.4117647058823529, 0.4117647058823529, 0.29411764705882354, 0.23529411764705882, 0.23529411764705882, 0.4117647058823529]
 mean: 0.3176470588235294, std: 0.0931320948002974
F1 Score: [0.31666666666666665, 0.09523809523809523, 0.075, 0.11363636363636363, 0.35384615384615387, 0.11363636363636363, 0.09523809523809523, 0.24404761904761904, 0.09523809523809523, 0.3611111111111111, 0.29375, 0.11904761904761904, 0.09523809523809523, 0.09523809523809523, 0.325]
 mean: 0.18612882487882493, std: 0.10914075921897808
Accuracy Intime: [0.2857142857142857, 0.2857142857142857, 0.2857142857142857, 0.3333333333333333, 0.5, 0.2857142857142857, 0.2857142857142857, 0.42857142857142855, 0.3333333333333333, 0.5, 0.5714285714285714, 0.42857142857142855, 0.2857142857142857, 0.3333333333333333, 0.5]
 mean: 0.37619047619047624, std: 0.09805362039035237
F1 (Intime): [0.23809523809523808, 0.1111111111111111, 0.23809523809523808, 0.125, 0.3333333333333333, 0.1111111111111111, 0.1111111111111111, 0.375, 0.125, 0.39285714285714285, 0.39285714285714285, 0.375, 0.1111111111111111, 0.125, 0.39285714285714285]
 mean: 0.23716931216931217, std: 0.12145464901940778
--------------------------------------------------
Subject Number: 21
Accuracy Cross: [0.23529411764705882, 0.23529411764705882, 0.23529411764705882, 0.23529411764705882, 0.47058823529411764, 0.5294117647058824, 0.29411764705882354, 0.35294117647058826, 0.29411764705882354, 0.29411764705882354, 0.29411764705882354, 0.23529411764705882, 0.23529411764705882, 0.23529411764705882, 0.29411764705882354]
 mean: 0.29803921568627445, std: 0.08716121870938379
F1 Score: [0.09523809523809523, 0.09523809523809523, 0.09523809523809523, 0.09523809523809523, 0.3928571428571428, 0.4071969696969697, 0.11363636363636363, 0.24404761904761904, 0.11363636363636363, 0.11363636363636363, 0.11363636363636363, 0.09523809523809523, 0.09523809523809523, 0.09523809523809523, 0.11363636363636363]
 mean: 0.15193001443001444, std: 0.10376980521361086
Accuracy Intime: [0.2857142857142857, 0.2857142857142857, 0.2857142857142857, 0.3333333333333333, 0.5, 0.5714285714285714, 0.2857142857142857, 0.2857142857142857, 0.3333333333333333, 0.3333333333333333, 0.2857142857142857, 0.2857142857142857, 0.2857142857142857, 0.3333333333333333, 0.3333333333333333]
 mean: 0.33492063492063484, std: 0.08269216684210226
F1 (Intime): [0.125, 0.1111111111111111, 0.1111111111111111, 0.125, 0.325, 0.45833333333333326, 0.1111111111111111, 0.1111111111111111, 0.125, 0.125, 0.1111111111111111, 0.1111111111111111, 0.1111111111111111, 0.125, 0.125]
 mean: 0.15407407407407409, std: 0.09653389491231054
--------------------------------------------------
Subject Number: 22
Accuracy Cross: [0.23529411764705882, 0.29411764705882354, 0.23529411764705882, 0.29411764705882354, 0.23529411764705882, 0.29411764705882354, 0.23529411764705882, 0.47058823529411764, 0.23529411764705882, 0.29411764705882354, 0.47058823529411764, 0.23529411764705882, 0.23529411764705882, 0.23529411764705882, 0.23529411764705882]
 mean: 0.2823529411764706, std: 0.07803823036130353
F1 Score: [0.09523809523809523, 0.11363636363636363, 0.09523809523809523, 0.11363636363636363, 0.09523809523809523, 0.11363636363636363, 0.09523809523809523, 0.4476190476190476, 0.09523809523809523, 0.20714285714285713, 0.29166666666666663, 0.09523809523809523, 0.09523809523809523, 0.09523809523809523, 0.14930555555555555]
 mean: 0.14656986531986535, std: 0.09650344201832614
Accuracy Intime: [0.2857142857142857, 0.2857142857142857, 0.2857142857142857, 0.3333333333333333, 0.3333333333333333, 0.2857142857142857, 0.2857142857142857, 0.7142857142857143, 0.3333333333333333, 0.3333333333333333, 0.42857142857142855, 0.2857142857142857, 0.2857142857142857, 0.3333333333333333, 0.3333333333333333]
 mean: 0.3428571428571428, std: 0.10605265453009564
F1 (Intime): [0.1111111111111111, 0.1111111111111111, 0.1111111111111111, 0.125, 0.125, 0.1111111111111111, 0.1111111111111111, 0.6666666666666666, 0.125, 0.25, 0.29166666666666663, 0.1111111111111111, 0.1111111111111111, 0.125, 0.225]
 mean: 0.18074074074074076, std: 0.14178632080767023
--------------------------------------------------
Subject Number: 23
Accuracy Cross: [0.29411764705882354, 0.23529411764705882, 0.23529411764705882, 0.23529411764705882, 0.4117647058823529, 0.29411764705882354, 0.29411764705882354, 0.29411764705882354, 0.23529411764705882, 0.23529411764705882, 0.23529411764705882, 0.23529411764705882, 0.4117647058823529, 0.17647058823529413, 0.29411764705882354]
 mean: 0.2745098039215686, std: 0.06323339410430234
F1 Score: [0.11363636363636363, 0.09523809523809523, 0.09523809523809523, 0.09523809523809523, 0.3315789473684211, 0.11363636363636363, 0.11363636363636363, 0.11363636363636363, 0.09523809523809523, 0.09523809523809523, 0.09523809523809523, 0.09523809523809523, 0.3319327731092437, 0.13125, 0.11363636363636363]
 mean: 0.13530734702174332, std: 0.07779782924373004
Accuracy Intime: [0.2857142857142857, 0.2857142857142857, 0.2857142857142857, 0.3333333333333333, 0.3333333333333333, 0.7142857142857143, 0.2857142857142857, 0.2857142857142857, 0.2857142857142857, 0.3333333333333333, 0.2857142857142857, 0.2857142857142857, 0.5714285714285714, 0.3333333333333333, 0.3333333333333333]
 mean: 0.34920634920634913, std: 0.1200487009599304
F1 (Intime): [0.1111111111111111, 0.1111111111111111, 0.1111111111111111, 0.125, 0.125, 0.5833333333333333, 0.1111111111111111, 0.125, 0.1111111111111111, 0.125, 0.1111111111111111, 0.1111111111111111, 0.5, 0.125, 0.125]
 mean: 0.17407407407407408, std: 0.1451254128660229
--------------------------------------------------
Subject Number: 24
Accuracy Cross: [0.29411764705882354, 0.23529411764705882, 0.29411764705882354, 0.23529411764705882, 0.29411764705882354, 0.23529411764705882, 0.23529411764705882, 0.23529411764705882, 0.23529411764705882, 0.35294117647058826, 0.29411764705882354, 0.23529411764705882, 0.23529411764705882, 0.23529411764705882, 0.29411764705882354]
 mean: 0.2627450980392157, std: 0.036367131354885125
F1 Score: [0.11363636363636363, 0.09523809523809523, 0.251984126984127, 0.09523809523809523, 0.20833333333333331, 0.09523809523809523, 0.09523809523809523, 0.09523809523809523, 0.09523809523809523, 0.2121212121212121, 0.19805194805194803, 0.09523809523809523, 0.09523809523809523, 0.09523809523809523, 0.11363636363636363]
 mean: 0.13032708032708032, std: 0.05403742044927245
Accuracy Intime: [0.2857142857142857, 0.2857142857142857, 0.42857142857142855, 0.3333333333333333, 0.5, 0.2857142857142857, 0.2857142857142857, 0.2857142857142857, 0.3333333333333333, 0.3333333333333333, 0.2857142857142857, 0.2857142857142857, 0.2857142857142857, 0.3333333333333333, 0.3333333333333333]
 mean: 0.32539682539682535, std: 0.0600243504799652
F1 (Intime): [0.1111111111111111, 0.1111111111111111, 0.37499999999999994, 0.125, 0.325, 0.1111111111111111, 0.1111111111111111, 0.1111111111111111, 0.125, 0.16666666666666666, 0.23809523809523808, 0.1111111111111111, 0.1111111111111111, 0.125, 0.125]
 mean: 0.15883597883597883, std: 0.08213965776897819
--------------------------------------------------
Subject Number: 25
Accuracy Cross: [0.23529411764705882, 0.23529411764705882, 0.29411764705882354, 0.4117647058823529, 0.35294117647058826, 0.47058823529411764, 0.23529411764705882, 0.23529411764705882, 0.47058823529411764, 0.29411764705882354, 0.29411764705882354, 0.29411764705882354, 0.29411764705882354, 0.23529411764705882, 0.23529411764705882]
 mean: 0.30588235294117644, std: 0.08094026447274624
F1 Score: [0.09523809523809523, 0.125, 0.11363636363636363, 0.2673611111111111, 0.22424242424242424, 0.3068181818181818, 0.09523809523809523, 0.09523809523809523, 0.3694805194805195, 0.1388888888888889, 0.11363636363636363, 0.11363636363636363, 0.17320261437908496, 0.09523809523809523, 0.09523809523809523]
 mean: 0.16147288713465183, std: 0.08576047759872717
Accuracy Intime: [0.2857142857142857, 0.42857142857142855, 0.2857142857142857, 0.5, 0.3333333333333333, 0.5714285714285714, 0.2857142857142857, 0.2857142857142857, 0.5, 0.3333333333333333, 0.2857142857142857, 0.2857142857142857, 0.5714285714285714, 0.3333333333333333, 0.3333333333333333]
 mean: 0.37460317460317455, std: 0.10521786297889874
F1 (Intime): [0.1111111111111111, 0.26666666666666666, 0.1111111111111111, 0.3333333333333333, 0.14285714285714285, 0.39285714285714285, 0.1111111111111111, 0.1111111111111111, 0.39285714285714285, 0.25, 0.1111111111111111, 0.1111111111111111, 0.3666666666666667, 0.125, 0.125]
 mean: 0.20412698412698413, std: 0.1121174945201481
--------------------------------------------------
Subject Number: 26
Accuracy Cross: [0.23529411764705882, 0.35294117647058826, 0.29411764705882354, 0.23529411764705882, 0.29411764705882354, 0.4117647058823529, 0.29411764705882354, 0.29411764705882354, 0.23529411764705882, 0.47058823529411764, 0.23529411764705882, 0.23529411764705882, 0.29411764705882354, 0.23529411764705882, 0.29411764705882354]
 mean: 0.2941176470588235, std: 0.06792356108113244
F1 Score: [0.09523809523809523, 0.21031746031746032, 0.11363636363636363, 0.09523809523809523, 0.11363636363636363, 0.3611111111111111, 0.11363636363636363, 0.11363636363636363, 0.09523809523809523, 0.31666666666666665, 0.09523809523809523, 0.09523809523809523, 0.11363636363636363, 0.09523809523809523, 0.11363636363636363]
 mean: 0.14275613275613275, std: 0.08210718702534499
Accuracy Intime: [0.2857142857142857, 0.42857142857142855, 0.2857142857142857, 0.3333333333333333, 0.3333333333333333, 0.42857142857142855, 0.2857142857142857, 0.2857142857142857, 0.3333333333333333, 0.5, 0.2857142857142857, 0.2857142857142857, 0.2857142857142857, 0.3333333333333333, 0.3333333333333333]
 mean: 0.33492063492063484, std: 0.06416312041716742
F1 (Intime): [0.1111111111111111, 0.29166666666666663, 0.1111111111111111, 0.125, 0.125, 0.375, 0.1111111111111111, 0.1111111111111111, 0.125, 0.39285714285714285, 0.1111111111111111, 0.1111111111111111, 0.1111111111111111, 0.125, 0.125]
 mean: 0.16415343915343916, std: 0.09674042878969613
--------------------------------------------------
Subject Number: 27
Accuracy Cross: [0.23529411764705882, 0.29411764705882354, 0.29411764705882354, 0.23529411764705882, 0.23529411764705882, 0.23529411764705882, 0.23529411764705882, 0.23529411764705882, 0.23529411764705882, 0.29411764705882354, 0.23529411764705882, 0.29411764705882354, 0.4117647058823529, 0.4117647058823529, 0.29411764705882354]
 mean: 0.27843137254901956, std: 0.05869266489057162
F1 Score: [0.09523809523809523, 0.11363636363636363, 0.125, 0.15625, 0.09523809523809523, 0.09523809523809523, 0.16346153846153846, 0.09523809523809523, 0.09523809523809523, 0.11363636363636363, 0.09523809523809523, 0.11363636363636363, 0.3205128205128205, 0.2902097902097902, 0.11363636363636363]
 mean: 0.138760545010545, std: 0.06878287383645297
Accuracy Intime: [0.2857142857142857, 0.2857142857142857, 0.42857142857142855, 0.3333333333333333, 0.3333333333333333, 0.2857142857142857, 0.42857142857142855, 0.2857142857142857, 0.3333333333333333, 0.3333333333333333, 0.2857142857142857, 0.2857142857142857, 0.5714285714285714, 0.42857142857142855, 0.3333333333333333]
 mean: 0.3492063492063492, std: 0.07904698157453163
F1 (Intime): [0.1111111111111111, 0.1111111111111111, 0.375, 0.225, 0.125, 0.1111111111111111, 0.375, 0.1111111111111111, 0.125, 0.125, 0.1111111111111111, 0.1111111111111111, 0.4666666666666667, 0.30000000000000004, 0.125]
 mean: 0.1938888888888889, std: 0.11897712198383165
--------------------------------------------------
Subject Number: 28
Accuracy Cross: [0.29411764705882354, 0.23529411764705882, 0.23529411764705882, 0.23529411764705882, 0.29411764705882354, 0.4117647058823529, 0.29411764705882354, 0.23529411764705882, 0.35294117647058826, 0.23529411764705882, 0.29411764705882354, 0.23529411764705882, 0.23529411764705882, 0.29411764705882354, 0.23529411764705882]
 mean: 0.2745098039215686, std: 0.051130999256491366
F1 Score: [0.11363636363636363, 0.09523809523809523, 0.09523809523809523, 0.09523809523809523, 0.11363636363636363, 0.26969696969696966, 0.11363636363636363, 0.09523809523809523, 0.256578947368421, 0.09523809523809523, 0.11363636363636363, 0.09523809523809523, 0.09523809523809523, 0.11363636363636363, 0.09523809523809523]
 mean: 0.12375749981013137, std: 0.05535275017962426
Accuracy Intime: [0.2857142857142857, 0.2857142857142857, 0.2857142857142857, 0.3333333333333333, 0.3333333333333333, 0.2857142857142857, 0.2857142857142857, 0.2857142857142857, 0.5, 0.3333333333333333, 0.2857142857142857, 0.2857142857142857, 0.2857142857142857, 0.3333333333333333, 0.3333333333333333]
 mean: 0.3158730158730158, std: 0.05392154841734295
F1 (Intime): [0.1111111111111111, 0.1111111111111111, 0.1111111111111111, 0.125, 0.125, 0.1111111111111111, 0.1111111111111111, 0.1111111111111111, 0.30000000000000004, 0.125, 0.1111111111111111, 0.1111111111111111, 0.1111111111111111, 0.125, 0.125]
 mean: 0.12833333333333335, std: 0.04632813719864309
--------------------------------------------------
Subject Number: 29
Accuracy Cross: [0.4117647058823529, 0.4117647058823529, 0.47058823529411764, 0.29411764705882354, 0.29411764705882354, 0.47058823529411764, 0.29411764705882354, 0.47058823529411764, 0.23529411764705882, 0.23529411764705882, 0.23529411764705882, 0.47058823529411764, 0.47058823529411764, 0.23529411764705882, 0.23529411764705882]
 mean: 0.34901960784313724, std: 0.10180984302546799
F1 Score: [0.3611111111111111, 0.3611111111111111, 0.381578947368421, 0.11363636363636363, 0.11363636363636363, 0.35317460317460314, 0.11363636363636363, 0.381578947368421, 0.09523809523809523, 0.09523809523809523, 0.09523809523809523, 0.381578947368421, 0.45098039215686275, 0.09523809523809523, 0.09523809523809523]
 mean: 0.2325475751172346, std: 0.14110069353679727
Accuracy Intime: [0.42857142857142855, 0.42857142857142855, 0.42857142857142855, 0.3333333333333333, 0.3333333333333333, 0.2857142857142857, 0.2857142857142857, 0.42857142857142855, 0.3333333333333333, 0.3333333333333333, 0.2857142857142857, 0.42857142857142855, 0.5714285714285714, 0.3333333333333333, 0.3333333333333333]
 mean: 0.3714285714285714, std: 0.0761904761904762
F1 (Intime): [0.375, 0.375, 0.375, 0.125, 0.125, 0.1111111111111111, 0.1111111111111111, 0.375, 0.125, 0.125, 0.1111111111111111, 0.375, 0.5, 0.125, 0.125]
 mean: 0.23055555555555557, std: 0.1382206144958303
--------------------------------------------------
**************************************************
accuracy_cross_list: [0.31372549019607837, 0.28235294117647053, 0.2784313725490196, 0.3333333333333333, 0.2823529411764706, 0.30588235294117644, 0.26666666666666666, 0.2588235294117647, 0.2784313725490196, 0.25882352941176473, 0.2980392156862745, 0.30588235294117644, 0.2509803921568627, 0.27058823529411763, 0.31372549019607837, 0.27058823529411763, 0.29411764705882343, 0.33333333333333326, 0.26666666666666666, 0.3176470588235294, 0.29803921568627445, 0.2823529411764706, 0.2745098039215686, 0.2627450980392157, 0.30588235294117644, 0.2941176470588235, 0.27843137254901956, 0.2745098039215686, 0.34901960784313724]
f1_score_list: [0.18731513126249974, 0.1325451179940344, 0.1269462481962482, 0.21072164677427838, 0.14077802013947524, 0.14744686599949755, 0.12066378066378065, 0.1025974025974026, 0.1402633142571223, 0.1029148629148629, 0.14510472556912188, 0.18525315814789503, 0.10057720057720057, 0.11525974025974027, 0.18639129389129394, 0.12120610870610875, 0.15605183487536428, 0.20267439618058816, 0.14943022663610903, 0.18612882487882493, 0.15193001443001444, 0.14656986531986535, 0.13530734702174332, 0.13032708032708032, 0.16147288713465183, 0.14275613275613275, 0.138760545010545, 0.12375749981013137, 0.2325475751172346]
accuracy_intime_list: [0.3634920634920634, 0.34920634920634913, 0.3317460317460317, 0.3920634920634921, 0.37460317460317455, 0.33968253968253964, 0.3428571428571428, 0.30476190476190473, 0.33492063492063484, 0.3142857142857142, 0.3063492063492063, 0.35238095238095235, 0.3142857142857142, 0.30476190476190473, 0.37460317460317455, 0.30476190476190473, 0.36031746031746026, 0.3730158730158731, 0.4126984126984127, 0.37619047619047624, 0.33492063492063484, 0.3428571428571428, 0.34920634920634913, 0.32539682539682535, 0.37460317460317455, 0.33492063492063484, 0.3492063492063492, 0.3158730158730158, 0.3714285714285714]
f1_score_intime_list: [0.22367724867724867, 0.173015873015873, 0.15211640211640212, 0.2594973544973545, 0.19571428571428573, 0.15915343915343916, 0.16007936507936507, 0.11666666666666667, 0.1533068783068783, 0.13267195767195766, 0.14052910052910053, 0.19470899470899472, 0.13148148148148148, 0.1214814814814815, 0.2277777777777778, 0.12285714285714286, 0.1825925925925926, 0.22605820105820104, 0.2447089947089947, 0.23716931216931217, 0.15407407407407409, 0.18074074074074076, 0.17407407407407408, 0.15883597883597883, 0.20412698412698413, 0.16415343915343916, 0.1938888888888889, 0.12833333333333335, 0.23055555555555557]
**************************************************
ACC: 28.97±2.43
F1: 14.91±3.27
Intime: 34.57±2.79
F1 (Intime): 17.74±4.03
