1e-03
Subject Number: 1
Accuracy Cross: [0.5238095238095238, 0.5238095238095238, 0.47619047619047616, 0.47619047619047616, 0.47619047619047616, 0.5238095238095238, 0.5238095238095238, 0.5238095238095238, 0.47619047619047616, 0.5238095238095238, 0.5238095238095238, 0.5238095238095238, 0.47619047619047616, 0.47619047619047616, 0.5238095238095238]
 mean: 0.5047619047619047, std: 0.023328473740792194
F1 Score: [0.34375, 0.34375, 0.3225806451612903, 0.3225806451612903, 0.3225806451612903, 0.34375, 0.34375, 0.34375, 0.3225806451612903, 0.34375, 0.34375, 0.34375, 0.3225806451612903, 0.3225806451612903, 0.34375]
 mean: 0.3352822580645161, std: 0.010370823507751361
Accuracy Intime: [0.625, 0.625, 0.5, 0.5, 0.5, 0.625, 0.625, 0.5, 0.5, 0.5, 0.625, 0.625, 0.5, 0.5, 0.5]
 mean: 0.55, std: 0.06123724356957944
F1 (Intime): [0.38461538461538464, 0.38461538461538464, 0.3333333333333333, 0.3333333333333333, 0.3333333333333333, 0.38461538461538464, 0.38461538461538464, 0.3333333333333333, 0.3333333333333333, 0.3333333333333333, 0.38461538461538464, 0.38461538461538464, 0.3333333333333333, 0.3333333333333333, 0.3333333333333333]
 mean: 0.3538461538461538, std: 0.025122971720853128
--------------------------------------------------
Subject Number: 2
Accuracy Cross: [0.5238095238095238, 0.5238095238095238, 0.47619047619047616, 0.47619047619047616, 0.7619047619047619, 0.5238095238095238, 0.5238095238095238, 0.5238095238095238, 0.47619047619047616, 0.47619047619047616, 0.5238095238095238, 0.5238095238095238, 0.47619047619047616, 0.47619047619047616, 0.5238095238095238]
 mean: 0.5206349206349207, std: 0.06838304516996195
F1 Score: [0.34375, 0.34375, 0.3225806451612903, 0.3225806451612903, 0.7407407407407407, 0.34375, 0.34375, 0.34375, 0.3225806451612903, 0.3225806451612903, 0.34375, 0.34375, 0.3225806451612903, 0.3225806451612903, 0.34375]
 mean: 0.3617483074472322, std: 0.10179437170922197
Accuracy Intime: [0.625, 0.625, 0.5, 0.5, 0.875, 0.625, 0.625, 0.5, 0.5, 0.5, 0.625, 0.625, 0.5, 0.5, 0.5]
 mean: 0.575, std: 0.1
F1 (Intime): [0.38461538461538464, 0.38461538461538464, 0.3333333333333333, 0.3333333333333333, 0.873015873015873, 0.38461538461538464, 0.38461538461538464, 0.3333333333333333, 0.3333333333333333, 0.3333333333333333, 0.38461538461538464, 0.38461538461538464, 0.3333333333333333, 0.3333333333333333, 0.3333333333333333]
 mean: 0.38982498982498986, std: 0.13144497645854097
--------------------------------------------------
Subject Number: 3
Accuracy Cross: [0.6190476190476191, 0.5238095238095238, 0.5238095238095238, 0.47619047619047616, 0.5238095238095238, 0.5238095238095238, 0.5238095238095238, 0.47619047619047616, 0.47619047619047616, 0.47619047619047616, 0.5238095238095238, 0.5238095238095238, 0.47619047619047616, 0.47619047619047616, 0.47619047619047616]
 mean: 0.5079365079365079, std: 0.037562411321267426
F1 Score: [0.5714285714285714, 0.34375, 0.34375, 0.3225806451612903, 0.34375, 0.34375, 0.34375, 0.3225806451612903, 0.3225806451612903, 0.3225806451612903, 0.34375, 0.34375, 0.3225806451612903, 0.3225806451612903, 0.3225806451612903]
 mean: 0.3490495391705069, std: 0.060306575786542235
Accuracy Intime: [0.875, 0.625, 0.5, 0.5, 0.5, 0.625, 0.625, 0.5, 0.5, 0.5, 0.625, 0.625, 0.5, 0.5, 0.5]
 mean: 0.5666666666666667, std: 0.10069204977995477
F1 (Intime): [0.8545454545454545, 0.38461538461538464, 0.3333333333333333, 0.3333333333333333, 0.3333333333333333, 0.38461538461538464, 0.38461538461538464, 0.3333333333333333, 0.3333333333333333, 0.3333333333333333, 0.38461538461538464, 0.38461538461538464, 0.3333333333333333, 0.3333333333333333, 0.3333333333333333]
 mean: 0.3851748251748252, std: 0.12767098732592344
--------------------------------------------------
Subject Number: 4
Accuracy Cross: [0.5238095238095238, 0.5238095238095238, 0.47619047619047616, 0.5238095238095238, 0.6666666666666666, 0.5238095238095238, 0.5238095238095238, 0.5238095238095238, 0.47619047619047616, 0.47619047619047616, 0.7619047619047619, 0.5238095238095238, 0.47619047619047616, 0.6666666666666666, 0.47619047619047616]
 mean: 0.5428571428571428, std: 0.08302664654363187
F1 Score: [0.34375, 0.34375, 0.3225806451612903, 0.34375, 0.6100795755968169, 0.34375, 0.34375, 0.34375, 0.3225806451612903, 0.3225806451612903, 0.7597254004576659, 0.34375, 0.3225806451612903, 0.6541176470588235, 0.3225806451612903]
 mean: 0.40287172326131715, std: 0.13906954818002534
Accuracy Intime: [0.625, 0.625, 0.5, 0.5, 0.75, 0.625, 0.625, 0.5, 0.5, 0.5, 1.0, 0.625, 0.5, 1.0, 0.5]
 mean: 0.625, std: 0.16457014715109583
F1 (Intime): [0.38461538461538464, 0.38461538461538464, 0.3333333333333333, 0.3333333333333333, 0.7333333333333334, 0.38461538461538464, 0.38461538461538464, 0.3333333333333333, 0.3333333333333333, 0.3333333333333333, 1.0, 0.38461538461538464, 0.3333333333333333, 1.0, 0.3333333333333333]
 mean: 0.465982905982906, std: 0.2306656304329783
--------------------------------------------------
Subject Number: 5
Accuracy Cross: [0.5238095238095238, 0.5238095238095238, 0.5238095238095238, 0.5238095238095238, 0.5238095238095238, 0.5238095238095238, 0.5238095238095238, 0.5238095238095238, 0.5238095238095238, 0.47619047619047616, 0.5238095238095238, 0.5238095238095238, 0.5238095238095238, 0.47619047619047616, 0.5238095238095238]
 mean: 0.5174603174603175, std: 0.016187363535215205
F1 Score: [0.34375, 0.34375, 0.34375, 0.34375, 0.34375, 0.34375, 0.34375, 0.34375, 0.34375, 0.3225806451612903, 0.34375, 0.34375, 0.34375, 0.3225806451612903, 0.34375]
 mean: 0.34092741935483867, std: 0.007196196894183368
Accuracy Intime: [0.625, 0.625, 0.5, 0.5, 0.5, 0.625, 0.625, 0.5, 0.5, 0.5, 0.625, 0.625, 0.5, 0.5, 0.5]
 mean: 0.55, std: 0.06123724356957944
F1 (Intime): [0.38461538461538464, 0.38461538461538464, 0.3333333333333333, 0.3333333333333333, 0.3333333333333333, 0.38461538461538464, 0.38461538461538464, 0.3333333333333333, 0.3333333333333333, 0.3333333333333333, 0.38461538461538464, 0.38461538461538464, 0.3333333333333333, 0.3333333333333333, 0.3333333333333333]
 mean: 0.3538461538461538, std: 0.025122971720853128
--------------------------------------------------
Subject Number: 6
Accuracy Cross: [0.5238095238095238, 0.5238095238095238, 0.5714285714285714, 0.47619047619047616, 0.47619047619047616, 0.5238095238095238, 0.5238095238095238, 0.47619047619047616, 0.7142857142857143, 0.5238095238095238, 0.5238095238095238, 0.5238095238095238, 0.47619047619047616, 0.47619047619047616, 0.5238095238095238]
 mean: 0.5238095238095238, std: 0.057669530554237944
F1 Score: [0.34375, 0.34375, 0.4457478005865103, 0.3225806451612903, 0.3225806451612903, 0.34375, 0.34375, 0.3225806451612903, 0.7083333333333333, 0.34375, 0.34375, 0.34375, 0.3225806451612903, 0.3225806451612903, 0.34375]
 mean: 0.3677989573150863, std: 0.09553009332882954
Accuracy Intime: [0.625, 0.625, 0.5, 0.5, 0.5, 0.625, 0.625, 0.5, 1.0, 0.5, 0.625, 0.625, 0.5, 0.5, 0.5]
 mean: 0.5833333333333334, std: 0.12638125740085918
F1 (Intime): [0.38461538461538464, 0.38461538461538464, 0.3333333333333333, 0.3333333333333333, 0.3333333333333333, 0.38461538461538464, 0.38461538461538464, 0.3333333333333333, 1.0, 0.3333333333333333, 0.38461538461538464, 0.38461538461538464, 0.3333333333333333, 0.3333333333333333, 0.3333333333333333]
 mean: 0.3982905982905983, std: 0.1626718256871155
--------------------------------------------------
Subject Number: 7
Accuracy Cross: [0.5238095238095238, 0.5238095238095238, 0.47619047619047616, 0.5238095238095238, 0.47619047619047616, 0.5238095238095238, 0.5238095238095238, 0.47619047619047616, 0.47619047619047616, 0.5238095238095238, 0.5238095238095238, 0.5238095238095238, 0.47619047619047616, 0.47619047619047616, 0.5238095238095238]
 mean: 0.5047619047619047, std: 0.023328473740792194
F1 Score: [0.34375, 0.34375, 0.3225806451612903, 0.34375, 0.3225806451612903, 0.34375, 0.34375, 0.3225806451612903, 0.3225806451612903, 0.34375, 0.34375, 0.34375, 0.3225806451612903, 0.3225806451612903, 0.34375]
 mean: 0.3352822580645161, std: 0.010370823507751361
Accuracy Intime: [0.625, 0.625, 0.5, 0.5, 0.5, 0.625, 0.625, 0.5, 0.5, 0.5, 0.625, 0.625, 0.5, 0.5, 0.5]
 mean: 0.55, std: 0.06123724356957944
F1 (Intime): [0.38461538461538464, 0.38461538461538464, 0.3333333333333333, 0.3333333333333333, 0.3333333333333333, 0.38461538461538464, 0.38461538461538464, 0.3333333333333333, 0.3333333333333333, 0.3333333333333333, 0.38461538461538464, 0.38461538461538464, 0.3333333333333333, 0.3333333333333333, 0.3333333333333333]
 mean: 0.3538461538461538, std: 0.025122971720853128
--------------------------------------------------
Subject Number: 8
Accuracy Cross: [0.5238095238095238, 0.5238095238095238, 0.47619047619047616, 1.0, 0.5238095238095238, 0.5238095238095238, 0.5238095238095238, 0.5238095238095238, 0.9523809523809523, 0.47619047619047616, 0.5238095238095238, 0.5238095238095238, 0.5238095238095238, 0.47619047619047616, 0.5238095238095238]
 mean: 0.5746031746031746, std: 0.1588570921040864
F1 Score: [0.34375, 0.34375, 0.3225806451612903, 1.0, 0.34375, 0.34375, 0.34375, 0.34375, 0.9519450800915332, 0.3225806451612903, 0.34375, 0.34375, 0.34375, 0.3225806451612903, 0.34375]
 mean: 0.4238124677050269, std: 0.21691161974025747
Accuracy Intime: [0.625, 0.625, 0.5, 1.0, 0.5, 0.625, 0.625, 0.5, 1.0, 0.5, 0.625, 0.625, 0.5, 0.5, 0.5]
 mean: 0.6166666666666667, std: 0.16115899671511433
F1 (Intime): [0.38461538461538464, 0.38461538461538464, 0.3333333333333333, 1.0, 0.3333333333333333, 0.38461538461538464, 0.38461538461538464, 0.3333333333333333, 1.0, 0.3333333333333333, 0.38461538461538464, 0.38461538461538464, 0.3333333333333333, 0.3333333333333333, 0.3333333333333333]
 mean: 0.4427350427350427, std: 0.21986919919061235
--------------------------------------------------
Subject Number: 9
Accuracy Cross: [0.5238095238095238, 0.5238095238095238, 0.47619047619047616, 0.5238095238095238, 0.5238095238095238, 0.5238095238095238, 0.8095238095238095, 0.47619047619047616, 0.5238095238095238, 0.47619047619047616, 0.5238095238095238, 0.47619047619047616, 0.47619047619047616, 0.5714285714285714, 0.47619047619047616]
 mean: 0.526984126984127, std: 0.08056239708221918
F1 Score: [0.34375, 0.34375, 0.3225806451612903, 0.34375, 0.34375, 0.34375, 0.8055555555555556, 0.3225806451612903, 0.34375, 0.3225806451612903, 0.34375, 0.3225806451612903, 0.3225806451612903, 0.49867374005305043, 0.3225806451612903]
 mean: 0.37639754443842316, std: 0.1221929221932382
Accuracy Intime: [0.625, 0.625, 0.5, 0.5, 0.5, 0.625, 1.0, 0.5, 0.5, 0.5, 0.625, 0.875, 0.5, 1.0, 0.5]
 mean: 0.625, std: 0.1767766952966369
F1 (Intime): [0.38461538461538464, 0.38461538461538464, 0.3333333333333333, 0.3333333333333333, 0.3333333333333333, 0.38461538461538464, 1.0, 0.3333333333333333, 0.3333333333333333, 0.3333333333333333, 0.38461538461538464, 0.873015873015873, 0.3333333333333333, 1.0, 0.3333333333333333]
 mean: 0.47187627187627185, std: 0.24532337031765208
--------------------------------------------------
Subject Number: 10
Accuracy Cross: [0.6666666666666666, 0.5238095238095238, 0.42857142857142855, 0.5238095238095238, 0.5238095238095238, 0.5238095238095238, 0.9523809523809523, 0.47619047619047616, 0.47619047619047616, 0.5238095238095238, 0.5238095238095238, 0.5238095238095238, 0.47619047619047616, 0.47619047619047616, 0.47619047619047616]
 mean: 0.5396825396825397, std: 0.12130141698122412
F1 Score: [0.6666666666666666, 0.34375, 0.42727272727272725, 0.34375, 0.34375, 0.34375, 0.9519450800915332, 0.3225806451612903, 0.3225806451612903, 0.34375, 0.34375, 0.34375, 0.3225806451612903, 0.3225806451612903, 0.3225806451612903]
 mean: 0.40433584665582517, std: 0.16898392640053483
Accuracy Intime: [0.75, 0.625, 1.0, 0.5, 0.5, 0.625, 0.875, 0.5, 0.5, 0.5, 0.625, 0.625, 0.5, 0.5, 0.5]
 mean: 0.6083333333333333, std: 0.1504622507105649
F1 (Intime): [0.75, 0.38461538461538464, 1.0, 0.3333333333333333, 0.3333333333333333, 0.38461538461538464, 0.8545454545454545, 0.3333333333333333, 0.3333333333333333, 0.3333333333333333, 0.38461538461538464, 0.38461538461538464, 0.3333333333333333, 0.3333333333333333, 0.3333333333333333]
 mean: 0.45397824397824393, std: 0.2132149320945099
--------------------------------------------------
Subject Number: 11
Accuracy Cross: [0.5238095238095238, 0.5238095238095238, 0.47619047619047616, 0.47619047619047616, 0.47619047619047616, 0.5238095238095238, 0.5238095238095238, 0.5238095238095238, 0.5238095238095238, 0.8571428571428571, 0.5238095238095238, 0.5238095238095238, 0.5238095238095238, 0.47619047619047616, 0.47619047619047616]
 mean: 0.5301587301587302, std: 0.09012742581954532
F1 Score: [0.34375, 0.34375, 0.3225806451612903, 0.3225806451612903, 0.3225806451612903, 0.34375, 0.34375, 0.34375, 0.34375, 0.8558352402745995, 0.34375, 0.34375, 0.34375, 0.3225806451612903, 0.3225806451612903]
 mean: 0.37083256440540335, std: 0.12999231305656447
Accuracy Intime: [0.625, 0.625, 0.5, 0.5, 0.5, 0.625, 0.625, 0.5, 0.5, 0.875, 0.625, 0.625, 0.5, 0.5, 0.5]
 mean: 0.575, std: 0.1
F1 (Intime): [0.38461538461538464, 0.38461538461538464, 0.3333333333333333, 0.3333333333333333, 0.3333333333333333, 0.38461538461538464, 0.38461538461538464, 0.3333333333333333, 0.3333333333333333, 0.873015873015873, 0.38461538461538464, 0.38461538461538464, 0.3333333333333333, 0.3333333333333333, 0.3333333333333333]
 mean: 0.3898249898249898, std: 0.13144497645854097
--------------------------------------------------
Subject Number: 12
Accuracy Cross: [0.5238095238095238, 0.5238095238095238, 0.47619047619047616, 0.47619047619047616, 0.5238095238095238, 0.5238095238095238, 0.5238095238095238, 0.47619047619047616, 0.47619047619047616, 0.5714285714285714, 0.5238095238095238, 0.5238095238095238, 0.47619047619047616, 0.47619047619047616, 0.47619047619047616]
 mean: 0.5047619047619047, std: 0.029095718698132336
F1 Score: [0.34375, 0.34375, 0.3225806451612903, 0.3225806451612903, 0.34375, 0.34375, 0.34375, 0.3225806451612903, 0.3225806451612903, 0.5714285714285714, 0.34375, 0.34375, 0.3225806451612903, 0.3225806451612903, 0.3225806451612903]
 mean: 0.3490495391705069, std: 0.060306575786542235
Accuracy Intime: [0.625, 0.625, 0.5, 0.5, 0.5, 0.625, 0.625, 0.5, 0.5, 0.75, 0.625, 0.625, 0.5, 0.5, 0.5]
 mean: 0.5666666666666667, std: 0.07728015412913088
F1 (Intime): [0.38461538461538464, 0.38461538461538464, 0.3333333333333333, 0.3333333333333333, 0.3333333333333333, 0.38461538461538464, 0.38461538461538464, 0.3333333333333333, 0.3333333333333333, 0.75, 0.38461538461538464, 0.38461538461538464, 0.3333333333333333, 0.3333333333333333, 0.3333333333333333]
 mean: 0.38162393162393166, std: 0.10145950770769646
--------------------------------------------------
Subject Number: 13
Accuracy Cross: [0.5238095238095238, 0.5238095238095238, 0.5238095238095238, 0.6190476190476191, 0.5238095238095238, 0.5238095238095238, 0.5238095238095238, 0.47619047619047616, 0.5238095238095238, 0.5238095238095238, 0.5238095238095238, 0.5238095238095238, 0.5238095238095238, 0.47619047619047616, 0.5238095238095238]
 mean: 0.5238095238095238, std: 0.03011693009684172
F1 Score: [0.34375, 0.34375, 0.34375, 0.5714285714285714, 0.34375, 0.34375, 0.34375, 0.3225806451612903, 0.34375, 0.34375, 0.34375, 0.34375, 0.34375, 0.3225806451612903, 0.34375]
 mean: 0.3561059907834101, std: 0.05799066443991006
Accuracy Intime: [0.625, 0.625, 0.5, 0.625, 0.5, 0.625, 0.625, 0.5, 0.5, 0.5, 0.625, 0.625, 0.5, 0.5, 0.5]
 mean: 0.5583333333333333, std: 0.06236095644623237
F1 (Intime): [0.38461538461538464, 0.38461538461538464, 0.3333333333333333, 0.5636363636363637, 0.3333333333333333, 0.38461538461538464, 0.38461538461538464, 0.3333333333333333, 0.3333333333333333, 0.3333333333333333, 0.38461538461538464, 0.38461538461538464, 0.3333333333333333, 0.3333333333333333, 0.3333333333333333]
 mean: 0.3691996891996892, std: 0.05745876563353756
--------------------------------------------------
Subject Number: 14
Accuracy Cross: [0.5238095238095238, 0.5238095238095238, 0.42857142857142855, 0.47619047619047616, 0.47619047619047616, 0.5238095238095238, 0.5238095238095238, 0.5238095238095238, 0.8571428571428571, 0.5238095238095238, 0.5238095238095238, 0.5238095238095238, 0.47619047619047616, 0.5238095238095238, 0.5238095238095238]
 mean: 0.5301587301587302, std: 0.09178941139556165
F1 Score: [0.34375, 0.34375, 0.3, 0.3225806451612903, 0.3225806451612903, 0.34375, 0.34375, 0.34375, 0.8571428571428571, 0.34375, 0.34375, 0.34375, 0.3225806451612903, 0.34375, 0.34375]
 mean: 0.37082565284178187, std: 0.13059717923600986
Accuracy Intime: [0.625, 0.625, 0.5, 0.5, 0.5, 0.625, 0.625, 0.5, 0.75, 0.5, 0.625, 0.625, 0.5, 0.5, 0.5]
 mean: 0.5666666666666667, std: 0.07728015412913088
F1 (Intime): [0.38461538461538464, 0.38461538461538464, 0.3333333333333333, 0.3333333333333333, 0.3333333333333333, 0.38461538461538464, 0.38461538461538464, 0.3333333333333333, 0.7333333333333334, 0.3333333333333333, 0.38461538461538464, 0.38461538461538464, 0.3333333333333333, 0.3333333333333333, 0.3333333333333333]
 mean: 0.38051282051282054, std: 0.09743049917569573
--------------------------------------------------
**************************************************
accuracy_cross_list: [0.5047619047619047, 0.5206349206349207, 0.5079365079365079, 0.5428571428571428, 0.5174603174603175, 0.5238095238095238, 0.5047619047619047, 0.5746031746031746, 0.526984126984127, 0.5396825396825397, 0.5301587301587302, 0.5047619047619047, 0.5238095238095238, 0.5301587301587302]
f1_score_list: [0.3352822580645161, 0.3617483074472322, 0.3490495391705069, 0.40287172326131715, 0.34092741935483867, 0.3677989573150863, 0.3352822580645161, 0.4238124677050269, 0.37639754443842316, 0.40433584665582517, 0.37083256440540335, 0.3490495391705069, 0.3561059907834101, 0.37082565284178187]
accuracy_intime_list: [0.55, 0.575, 0.5666666666666667, 0.625, 0.55, 0.5833333333333334, 0.55, 0.6166666666666667, 0.625, 0.6083333333333333, 0.575, 0.5666666666666667, 0.5583333333333333, 0.5666666666666667]
f1_score_intime_list: [0.3538461538461538, 0.38982498982498986, 0.3851748251748252, 0.465982905982906, 0.3538461538461538, 0.3982905982905983, 0.3538461538461538, 0.4427350427350427, 0.47187627187627185, 0.45397824397824393, 0.3898249898249898, 0.38162393162393166, 0.3691996891996892, 0.38051282051282054]
**************************************************
ACC: 52.52±1.82
F1: 36.75±2.61
Intime: 57.98±2.67
F1 (Intime): 39.93±4.03
