1e-04
Subject Number: 1
Accuracy Cross: [0.20588235294117646, 0.23529411764705882, 0.29411764705882354, 0.29411764705882354, 0.29411764705882354, 0.2647058823529412, 0.20588235294117646, 0.23529411764705882, 0.2647058823529412, 0.20588235294117646, 0.2647058823529412, 0.35294117647058826, 0.5294117647058824, 0.35294117647058826, 0.5]
 mean: 0.3, std: 0.09557692240748189
F1 Score: [0.11538461538461539, 0.2058333333333333, 0.1722560975609756, 0.28852580168369646, 0.19144144144144143, 0.19267676767676767, 0.16574074074074074, 0.1534090909090909, 0.20476190476190476, 0.15, 0.17986425339366516, 0.2975708502024291, 0.5317460317460317, 0.26370851370851367, 0.4886970390402885]
 mean: 0.2401077654388996, std: 0.11691892001089647
Accuracy Intime: [0.5, 0.5, 0.5, 0.5384615384615384, 0.46153846153846156, 0.5714285714285714, 0.42857142857142855, 0.35714285714285715, 0.46153846153846156, 0.46153846153846156, 0.42857142857142855, 0.5, 0.6428571428571429, 0.46153846153846156, 0.6153846153846154]
 mean: 0.49523809523809526, std: 0.07141072379634482
F1 (Intime): [0.325, 0.3916666666666666, 0.45064935064935063, 0.525, 0.3761904761904762, 0.5261904761904761, 0.3832417582417582, 0.3118131868131868, 0.42499999999999993, 0.4653846153846154, 0.34285714285714286, 0.4042207792207792, 0.5930555555555556, 0.35833333333333334, 0.6071428571428572]
 mean: 0.4323830798830798, std: 0.09048075911595069
--------------------------------------------------
Subject Number: 2
Accuracy Cross: [0.4117647058823529, 0.2647058823529412, 0.4117647058823529, 0.23529411764705882, 0.35294117647058826, 0.23529411764705882, 0.38235294117647056, 0.2647058823529412, 0.2647058823529412, 0.4117647058823529, 0.3235294117647059, 0.29411764705882354, 0.20588235294117646, 0.29411764705882354, 0.38235294117647056]
 mean: 0.31568627450980385, std: 0.0691576160335231
F1 Score: [0.31392931392931395, 0.10465116279069768, 0.3820954106280193, 0.1734006734006734, 0.2980769230769231, 0.19358766233766234, 0.3729421593198683, 0.20555555555555555, 0.1921182266009852, 0.3964094728800611, 0.28656231094978823, 0.2606060606060606, 0.18240595611285265, 0.18333333333333335, 0.40170613700025465]
 mean: 0.2631586905681366, std: 0.09193473418851324
Accuracy Intime: [0.5, 0.35714285714285715, 0.42857142857142855, 0.38461538461538464, 0.46153846153846156, 0.35714285714285715, 0.7142857142857143, 0.42857142857142855, 0.42857142857142855, 0.46153846153846156, 0.7142857142857143, 0.5714285714285714, 0.42857142857142855, 0.3076923076923077, 0.5384615384615384]
 mean: 0.47216117216117215, std: 0.11583666319007838
F1 (Intime): [0.4371794871794872, 0.20476190476190476, 0.3371794871794872, 0.35714285714285715, 0.3958333333333333, 0.303030303030303, 0.6961038961038961, 0.35119047619047616, 0.3611111111111111, 0.3968253968253968, 0.6031746031746031, 0.4916666666666667, 0.2761904761904762, 0.11764705882352941, 0.4821428571428571]
 mean: 0.3874119943237589, std: 0.1403309025026653
--------------------------------------------------
Subject Number: 3
Accuracy Cross: [0.20588235294117646, 0.23529411764705882, 0.5, 0.38235294117647056, 0.23529411764705882, 0.2647058823529412, 0.14705882352941177, 0.29411764705882354, 0.14705882352941177, 0.2647058823529412, 0.08823529411764706, 0.2647058823529412, 0.14705882352941177, 0.23529411764705882, 0.2647058823529412]
 mean: 0.24509803921568626, std: 0.09764627135677435
F1 Score: [0.19187062937062938, 0.1938061938061938, 0.4926739926739927, 0.3134065407772304, 0.16818181818181818, 0.22472741957194775, 0.0956043956043956, 0.27400793650793653, 0.09808612440191387, 0.10465116279069768, 0.05, 0.2679563492063492, 0.1152580971659919, 0.18609022556390975, 0.17559523809523808]
 mean: 0.196794408247883, std: 0.10678172424100257
Accuracy Intime: [0.5714285714285714, 0.5, 0.5, 0.5714285714285714, 0.3076923076923077, 0.42857142857142855, 0.35714285714285715, 0.5, 0.3076923076923077, 0.23076923076923078, 0.5, 0.5714285714285714, 0.5, 0.5384615384615384, 0.38461538461538464]
 mean: 0.4512820512820513, std: 0.1053430434886069
F1 (Intime): [0.47619047619047616, 0.4928571428571429, 0.40681818181818186, 0.5654761904761905, 0.2658730158730158, 0.37896825396825395, 0.23333333333333334, 0.5416666666666666, 0.2, 0.09375, 0.4928571428571429, 0.5773809523809523, 0.4, 0.4357142857142857, 0.26666666666666666]
 mean: 0.3885034872534873, std: 0.141204852122244
--------------------------------------------------
Subject Number: 4
Accuracy Cross: [0.4117647058823529, 0.29411764705882354, 0.35294117647058826, 0.4117647058823529, 0.6176470588235294, 0.2647058823529412, 0.35294117647058826, 0.5882352941176471, 0.4411764705882353, 0.2647058823529412, 0.38235294117647056, 0.47058823529411764, 0.35294117647058826, 0.38235294117647056, 0.3235294117647059]
 mean: 0.3941176470588235, std: 0.10005765350723979
F1 Score: [0.36462148962148966, 0.1764705882352941, 0.2825757575757576, 0.3922197083961789, 0.642948717948718, 0.10465116279069768, 0.225, 0.5707070707070707, 0.3881118881118881, 0.19452214452214453, 0.32925518925518926, 0.4741360089186176, 0.29777777777777775, 0.31776556776556775, 0.2927725531173807]
 mean: 0.33690237498291814, std: 0.13974747458559195
Accuracy Intime: [0.5714285714285714, 0.42857142857142855, 0.5, 0.35714285714285715, 0.7692307692307693, 0.2857142857142857, 0.5, 0.5, 0.7142857142857143, 0.46153846153846156, 0.42857142857142855, 0.5714285714285714, 0.7857142857142857, 0.7142857142857143, 0.3076923076923077]
 mean: 0.5263736263736264, std: 0.15507359643587484
F1 (Intime): [0.5095238095238095, 0.27884615384615385, 0.38636363636363635, 0.3047619047619048, 0.7818181818181817, 0.1111111111111111, 0.3181818181818182, 0.5128968253968254, 0.7166666666666667, 0.4742063492063492, 0.369047619047619, 0.5708874458874459, 0.7793650793650793, 0.7, 0.2361111111111111]
 mean: 0.46998584748584743, std: 0.20130637750230135
--------------------------------------------------
Subject Number: 5
Accuracy Cross: [0.29411764705882354, 0.2647058823529412, 0.23529411764705882, 0.5, 0.5588235294117647, 0.6764705882352942, 0.38235294117647056, 0.6176470588235294, 0.5882352941176471, 0.5, 0.5, 0.35294117647058826, 0.4117647058823529, 0.4411764705882353, 0.5]
 mean: 0.4549019607843137, std: 0.12655795735768569
F1 Score: [0.2570701357466063, 0.18801313628899835, 0.22424242424242424, 0.42121212121212126, 0.5027511961722488, 0.6811355311355312, 0.3585769980506822, 0.5584962406015037, 0.5463900134952767, 0.3912835249042146, 0.47927018633540375, 0.29229323308270677, 0.35128205128205126, 0.3775917065390749, 0.4400527009222661]
 mean: 0.40464408000074065, std: 0.13081456963711638
Accuracy Intime: [0.5714285714285714, 0.6428571428571429, 0.5, 0.5384615384615384, 0.6923076923076923, 0.5, 0.5, 0.7857142857142857, 0.6923076923076923, 0.5384615384615384, 0.7142857142857143, 0.5714285714285714, 0.6428571428571429, 0.6153846153846154, 0.5384615384615384]
 mean: 0.6029304029304029, std: 0.08616549471474957
F1 (Intime): [0.4666666666666667, 0.529040404040404, 0.31666666666666665, 0.4484848484848485, 0.6160714285714286, 0.4458874458874459, 0.5303571428571429, 0.75, 0.6833333333333333, 0.5, 0.702651515151515, 0.5583333333333333, 0.6079365079365079, 0.5125, 0.4375]
 mean: 0.5403619528619529, std: 0.11177348699803259
--------------------------------------------------
Subject Number: 6
Accuracy Cross: [0.23529411764705882, 0.35294117647058826, 0.4411764705882353, 0.35294117647058826, 0.2647058823529412, 0.2647058823529412, 0.29411764705882354, 0.35294117647058826, 0.2647058823529412, 0.2647058823529412, 0.47058823529411764, 0.4411764705882353, 0.23529411764705882, 0.35294117647058826, 0.3235294117647059]
 mean: 0.3274509803921568, std: 0.07430311890782909
F1 Score: [0.22443181818181818, 0.31547049441786285, 0.29166666666666663, 0.27045454545454545, 0.24878382487078138, 0.11842105263157894, 0.16013071895424835, 0.2755923202614379, 0.22705882352941176, 0.10465116279069768, 0.3878474466709761, 0.3671328671328672, 0.20657894736842106, 0.3459289248762933, 0.2785714285714286]
 mean: 0.25484806949193567, std: 0.08126774496762913
Accuracy Intime: [0.5714285714285714, 0.7142857142857143, 0.5, 0.7142857142857143, 0.46153846153846156, 0.5714285714285714, 0.5, 0.5714285714285714, 0.5384615384615384, 0.23076923076923078, 0.5714285714285714, 0.5714285714285714, 0.5, 0.6923076923076923, 0.46153846153846156]
 mean: 0.5446886446886446, std: 0.1158436129033961
F1 (Intime): [0.5633699633699634, 0.6707070707070707, 0.33760683760683763, 0.6707070707070707, 0.4042207792207792, 0.38181818181818183, 0.3205128205128205, 0.39285714285714285, 0.503030303030303, 0.09375, 0.4633699633699634, 0.3666666666666667, 0.3333333333333333, 0.7142857142857143, 0.42500000000000004]
 mean: 0.4427490564990565, std: 0.1570199159116272
--------------------------------------------------
Subject Number: 7
Accuracy Cross: [0.4411764705882353, 0.5, 0.3235294117647059, 0.38235294117647056, 0.35294117647058826, 0.5588235294117647, 0.2647058823529412, 0.2647058823529412, 0.35294117647058826, 0.5294117647058824, 0.38235294117647056, 0.29411764705882354, 0.3235294117647059, 0.4117647058823529, 0.5294117647058824]
 mean: 0.3941176470588236, std: 0.09472841042495028
F1 Score: [0.43003565062388593, 0.47422905088808975, 0.24867724867724866, 0.309469696969697, 0.27539682539682536, 0.5410678137651822, 0.10465116279069768, 0.10714285714285714, 0.3109217171717172, 0.4581232492997199, 0.3331876456876457, 0.15714285714285714, 0.24957264957264957, 0.3852564102564103, 0.5291101055806938]
 mean: 0.3275989960644118, std: 0.13700901654150485
Accuracy Intime: [0.5714285714285714, 0.7142857142857143, 0.5, 0.46153846153846156, 0.38461538461538464, 0.6428571428571429, 0.42857142857142855, 0.35714285714285715, 0.5384615384615384, 0.6153846153846154, 0.42857142857142855, 0.42857142857142855, 0.5, 0.6923076923076923, 0.6153846153846154]
 mean: 0.5252747252747253, std: 0.1087634552233725
F1 (Intime): [0.5625, 0.7208333333333333, 0.4666666666666667, 0.41666666666666663, 0.3833333333333333, 0.6428571428571428, 0.2761904761904762, 0.21764705882352942, 0.4696969696969696, 0.5208333333333333, 0.3678571428571429, 0.2857142857142857, 0.38003663003663, 0.7261904761904762, 0.5791666666666666]
 mean: 0.46774601215777684, std: 0.15176970220996752
--------------------------------------------------
Subject Number: 8
Accuracy Cross: [0.29411764705882354, 0.2647058823529412, 0.2647058823529412, 0.3235294117647059, 0.3235294117647059, 0.23529411764705882, 0.3235294117647059, 0.29411764705882354, 0.20588235294117646, 0.29411764705882354, 0.2647058823529412, 0.3235294117647059, 0.23529411764705882, 0.23529411764705882, 0.2647058823529412]
 mean: 0.27647058823529413, std: 0.036891936710248596
F1 Score: [0.27584010192705843, 0.10465116279069768, 0.2424089068825911, 0.23960005838563714, 0.2960748928490864, 0.13295454545454544, 0.24479166666666666, 0.19090909090909092, 0.12662337662337664, 0.21323529411764708, 0.10465116279069768, 0.27011494252873564, 0.15073529411764708, 0.15476190476190477, 0.10975609756097561]
 mean: 0.19047389989109054, std: 0.06575068331343109
Accuracy Intime: [0.42857142857142855, 0.2857142857142857, 0.5, 0.3076923076923077, 0.5384615384615384, 0.42857142857142855, 0.5714285714285714, 0.5, 0.5384615384615384, 0.6153846153846154, 0.21428571428571427, 0.5714285714285714, 0.5, 0.23076923076923078, 0.46153846153846156]
 mean: 0.4461538461538461, std: 0.12428113139822874
F1 (Intime): [0.30952380952380953, 0.1111111111111111, 0.5059523809523809, 0.11764705882352941, 0.5208333333333333, 0.26785714285714285, 0.5173160173160173, 0.41414141414141414, 0.5285714285714285, 0.5446428571428571, 0.08823529411764706, 0.4496753246753247, 0.47564935064935066, 0.19090909090909092, 0.4083333333333333]
 mean: 0.36335992983051807, std: 0.16229770426661796
--------------------------------------------------
Subject Number: 9
Accuracy Cross: [0.29411764705882354, 0.14705882352941177, 0.17647058823529413, 0.29411764705882354, 0.20588235294117646, 0.29411764705882354, 0.2647058823529412, 0.2647058823529412, 0.4411764705882353, 0.4117647058823529, 0.38235294117647056, 0.29411764705882354, 0.5882352941176471, 0.3235294117647059, 0.35294117647058826]
 mean: 0.3156862745098038, std: 0.10710980614704049
F1 Score: [0.17953667953667954, 0.11063218390804597, 0.14813311688311687, 0.21953781512605042, 0.12826420890937018, 0.2538543328017012, 0.10465116279069768, 0.20089285714285715, 0.3693528693528694, 0.2692307692307692, 0.32884615384615384, 0.173109243697479, 0.5962301587301587, 0.22, 0.27884615384615385]
 mean: 0.23874118038680686, std: 0.12124778248324444
Accuracy Intime: [0.5, 0.5, 0.5, 0.46153846153846156, 0.38461538461538464, 0.35714285714285715, 0.35714285714285715, 0.5, 0.5384615384615384, 0.46153846153846156, 0.5, 0.5, 0.5714285714285714, 0.6153846153846154, 0.3076923076923077]
 mean: 0.4703296703296704, std: 0.08195965580042194
F1 (Intime): [0.38181818181818183, 0.46785714285714286, 0.43452380952380953, 0.3611111111111111, 0.28205128205128205, 0.35555555555555557, 0.20833333333333331, 0.44146825396825395, 0.47916666666666663, 0.4027777777777778, 0.4303571428571428, 0.3205128205128205, 0.5305555555555556, 0.4693181818181818, 0.21969696969696967]
 mean: 0.3856735856735857, std: 0.09193383283123811
--------------------------------------------------
Subject Number: 10
Accuracy Cross: [0.20588235294117646, 0.2647058823529412, 0.2647058823529412, 0.2647058823529412, 0.2647058823529412, 0.2647058823529412, 0.11764705882352941, 0.2647058823529412, 0.2647058823529412, 0.20588235294117646, 0.3235294117647059, 0.23529411764705882, 0.2647058823529412, 0.2647058823529412, 0.29411764705882354]
 mean: 0.25098039215686274, std: 0.045395438834471474
F1 Score: [0.179093567251462, 0.10465116279069768, 0.10465116279069768, 0.10465116279069768, 0.20476190476190476, 0.20740740740740737, 0.09954811270600744, 0.19375, 0.10465116279069768, 0.13368055555555555, 0.24789562289562286, 0.0975609756097561, 0.10465116279069768, 0.2121212121212121, 0.2560633558818677]
 mean: 0.15700923520961896, std: 0.05706967742306235
Accuracy Intime: [0.5, 0.2857142857142857, 0.35714285714285715, 0.38461538461538464, 0.5384615384615384, 0.42857142857142855, 0.35714285714285715, 0.5, 0.3076923076923077, 0.46153846153846156, 0.35714285714285715, 0.2857142857142857, 0.2857142857142857, 0.46153846153846156, 0.3076923076923077]
 mean: 0.3879120879120878, std: 0.08459397474249553
F1 (Intime): [0.48636363636363633, 0.1111111111111111, 0.21764705882352942, 0.21428571428571427, 0.45064935064935063, 0.3028846153846154, 0.3111111111111111, 0.48205128205128206, 0.11764705882352941, 0.45, 0.2708333333333333, 0.1111111111111111, 0.1111111111111111, 0.4027777777777778, 0.29166666666666663]
 mean: 0.28875006257359204, std: 0.1359423041596035
--------------------------------------------------
Subject Number: 11
Accuracy Cross: [0.5, 0.2647058823529412, 0.38235294117647056, 0.38235294117647056, 0.3235294117647059, 0.29411764705882354, 0.38235294117647056, 0.2647058823529412, 0.35294117647058826, 0.2647058823529412, 0.38235294117647056, 0.4117647058823529, 0.2647058823529412, 0.29411764705882354, 0.4117647058823529]
 mean: 0.34509803921568627, std: 0.0683186329026837
F1 Score: [0.3638461538461539, 0.10465116279069768, 0.3530214424951267, 0.37806372549019607, 0.29094474153297684, 0.210385101010101, 0.3459249084249084, 0.20882352941176474, 0.32936083524318815, 0.22346491228070176, 0.30230414746543777, 0.42719780219780223, 0.23928571428571427, 0.24731182795698925, 0.3455387205387206]
 mean: 0.29134164833136533, std: 0.08164704423971235
Accuracy Intime: [0.42857142857142855, 0.2857142857142857, 0.7857142857142857, 0.5, 0.5384615384615384, 0.42857142857142855, 0.6428571428571429, 0.5, 0.7142857142857143, 0.6153846153846154, 0.7142857142857143, 0.35714285714285715, 0.35714285714285715, 0.6428571428571429, 0.6153846153846154]
 mean: 0.5417582417582417, std: 0.1444933071923083
F1 (Intime): [0.4095238095238095, 0.1111111111111111, 0.8095238095238095, 0.4652777777777778, 0.46785714285714286, 0.275, 0.6166666666666667, 0.408008658008658, 0.6984126984126984, 0.6178571428571429, 0.6934523809523809, 0.2911255411255411, 0.30952380952380953, 0.6583333333333333, 0.6011904761904762]
 mean: 0.4955242905242905, std: 0.18899078220998727
--------------------------------------------------
Subject Number: 12
Accuracy Cross: [0.2647058823529412, 0.29411764705882354, 0.17647058823529413, 0.17647058823529413, 0.35294117647058826, 0.23529411764705882, 0.14705882352941177, 0.23529411764705882, 0.20588235294117646, 0.2647058823529412, 0.35294117647058826, 0.11764705882352941, 0.2647058823529412, 0.23529411764705882, 0.11764705882352941]
 mean: 0.22941176470588237, std: 0.07140055472954167
F1 Score: [0.10465116279069768, 0.27793040293040294, 0.11309523809523808, 0.13637820512820514, 0.3170995670995671, 0.16798245614035087, 0.10725806451612903, 0.2392857142857143, 0.2065018315018315, 0.10465116279069768, 0.24107142857142855, 0.09808612440191387, 0.23846153846153845, 0.1864801864801865, 0.08333333333333333]
 mean: 0.17481776110181568, std: 0.07239455250292107
Accuracy Intime: [0.2857142857142857, 0.42857142857142855, 0.42857142857142855, 0.3076923076923077, 0.38461538461538464, 0.5, 0.35714285714285715, 0.5714285714285714, 0.46153846153846156, 0.23076923076923078, 0.6428571428571429, 0.5, 0.5714285714285714, 0.5384615384615384, 0.46153846153846156]
 mean: 0.4446886446886447, std: 0.11209270022572532
F1 (Intime): [0.1111111111111111, 0.3, 0.37777777777777777, 0.3214285714285714, 0.3833333333333333, 0.38636363636363635, 0.21634615384615385, 0.4595238095238095, 0.3863636363636363, 0.09375, 0.6428571428571428, 0.3333333333333333, 0.43181818181818177, 0.46136363636363636, 0.4630952380952381]
 mean: 0.35789770414770405, std: 0.135997189935724
--------------------------------------------------
Subject Number: 13
Accuracy Cross: [0.20588235294117646, 0.23529411764705882, 0.20588235294117646, 0.2647058823529412, 0.23529411764705882, 0.20588235294117646, 0.3235294117647059, 0.3235294117647059, 0.29411764705882354, 0.23529411764705882, 0.3235294117647059, 0.2647058823529412, 0.29411764705882354, 0.38235294117647056, 0.20588235294117646]
 mean: 0.26666666666666666, std: 0.05312242032997674
F1 Score: [0.17455108359133126, 0.14545454545454545, 0.08974358974358974, 0.23810160427807486, 0.1893814997263273, 0.08536585365853659, 0.2234927234927235, 0.22792792792792793, 0.1722560975609756, 0.1625, 0.31279761904761905, 0.10465116279069768, 0.1597560975609756, 0.34240196078431373, 0.1579861111111111]
 mean: 0.18575785844858334, std: 0.07138059272256084
Accuracy Intime: [0.42857142857142855, 0.42857142857142855, 0.5714285714285714, 0.6923076923076923, 0.5384615384615384, 0.5714285714285714, 0.6428571428571429, 0.5, 0.46153846153846156, 0.6153846153846154, 0.5, 0.42857142857142855, 0.35714285714285715, 0.7692307692307693, 0.5384615384615384]
 mean: 0.5362637362637362, std: 0.1076474452418326
F1 (Intime): [0.325, 0.3833333333333333, 0.4916666666666667, 0.6567460317460316, 0.5178571428571428, 0.5333333333333333, 0.6428571428571428, 0.4, 0.38095238095238093, 0.5476190476190476, 0.4875541125541125, 0.2761904761904762, 0.21764705882352942, 0.7684523809523809, 0.4792207792207792]
 mean: 0.47389532580709043, std: 0.14361948993451706
--------------------------------------------------
Subject Number: 14
Accuracy Cross: [0.3235294117647059, 0.35294117647058826, 0.29411764705882354, 0.23529411764705882, 0.47058823529411764, 0.35294117647058826, 0.47058823529411764, 0.5588235294117647, 0.4411764705882353, 0.3235294117647059, 0.35294117647058826, 0.2647058823529412, 0.3235294117647059, 0.4117647058823529, 0.38235294117647056]
 mean: 0.3705882352941176, std: 0.08374179021201028
F1 Score: [0.24935064935064932, 0.23214285714285715, 0.2417184265010352, 0.20475589225589225, 0.4667979079743786, 0.24886363636363634, 0.3076923076923077, 0.5376373626373626, 0.375, 0.2113970588235294, 0.24837662337662336, 0.10465116279069768, 0.2610766045548654, 0.3474548440065681, 0.29909090909090913]
 mean: 0.28906708283742083, std: 0.10420550194966116
Accuracy Intime: [0.42857142857142855, 0.5, 0.5, 0.38461538461538464, 0.6923076923076923, 0.5, 0.5714285714285714, 0.7142857142857143, 0.6153846153846154, 0.46153846153846156, 0.42857142857142855, 0.2857142857142857, 0.35714285714285715, 0.46153846153846156, 0.38461538461538464]
 mean: 0.48571428571428577, std: 0.1167251623039069
F1 (Intime): [0.3415750915750915, 0.3181818181818182, 0.4375, 0.2582417582417582, 0.6970238095238095, 0.4455128205128205, 0.38181818181818183, 0.7541666666666667, 0.5913419913419913, 0.31666666666666665, 0.2967032967032967, 0.1111111111111111, 0.30753968253968256, 0.3666666666666667, 0.29166666666666663]
 mean: 0.3943810818810818, std: 0.1645750589644714
--------------------------------------------------
Subject Number: 15
Accuracy Cross: [0.29411764705882354, 0.23529411764705882, 0.29411764705882354, 0.2647058823529412, 0.35294117647058826, 0.2647058823529412, 0.2647058823529412, 0.2647058823529412, 0.20588235294117646, 0.2647058823529412, 0.2647058823529412, 0.2647058823529412, 0.14705882352941177, 0.23529411764705882, 0.23529411764705882]
 mean: 0.25686274509803925, std: 0.04358060935469191
F1 Score: [0.2742063492063492, 0.2192857142857143, 0.18627450980392157, 0.10465116279069768, 0.33721450962830274, 0.10465116279069768, 0.10714285714285714, 0.10975609756097561, 0.17082590612002377, 0.17316341829085458, 0.10465116279069768, 0.10465116279069768, 0.11071428571428571, 0.1885878489326765, 0.1534090909090909]
 mean: 0.16327901591718952, std: 0.0681393201591138
Accuracy Intime: [0.35714285714285715, 0.5714285714285714, 0.2857142857142857, 0.3076923076923077, 0.46153846153846156, 0.2857142857142857, 0.42857142857142855, 0.2857142857142857, 0.5384615384615384, 0.38461538461538464, 0.35714285714285715, 0.35714285714285715, 0.7142857142857143, 0.38461538461538464, 0.23076923076923078]
 mean: 0.39670329670329674, std: 0.12492722189997636
F1 (Intime): [0.23214285714285715, 0.5696969696969697, 0.11764705882352941, 0.11764705882352941, 0.41666666666666663, 0.1111111111111111, 0.2761904761904762, 0.11764705882352941, 0.4523809523809524, 0.26785714285714285, 0.21764705882352942, 0.21764705882352942, 0.6791666666666667, 0.3333333333333333, 0.23055555555555554]
 mean: 0.2904891350479586, std: 0.16595524220051222
--------------------------------------------------
Subject Number: 16
Accuracy Cross: [0.2647058823529412, 0.23529411764705882, 0.29411764705882354, 0.38235294117647056, 0.2647058823529412, 0.29411764705882354, 0.29411764705882354, 0.3235294117647059, 0.2647058823529412, 0.29411764705882354, 0.2647058823529412, 0.2647058823529412, 0.47058823529411764, 0.4117647058823529, 0.47058823529411764]
 mean: 0.3196078431372549, std: 0.07430311890782909
F1 Score: [0.17592592592592593, 0.16416666666666668, 0.26031746031746034, 0.3273809523809524, 0.10465116279069768, 0.24642857142857144, 0.22315963606286188, 0.24080882352941177, 0.1706896551724138, 0.2794871794871795, 0.10465116279069768, 0.10714285714285714, 0.4442857142857143, 0.36828580901856767, 0.4213534943758068]
 mean: 0.24258233809171906, std: 0.10641483351426854
Accuracy Intime: [0.42857142857142855, 0.5, 0.42857142857142855, 0.46153846153846156, 0.23076923076923078, 0.42857142857142855, 0.42857142857142855, 0.35714285714285715, 0.46153846153846156, 0.6153846153846154, 0.2857142857142857, 0.35714285714285715, 0.5, 0.6153846153846154, 0.6153846153846154]
 mean: 0.4476190476190476, std: 0.10996090515646566
F1 (Intime): [0.3686868686868687, 0.4375, 0.431547619047619, 0.43452380952380953, 0.09375, 0.46031746031746024, 0.375, 0.20833333333333331, 0.4027777777777778, 0.5892857142857143, 0.1111111111111111, 0.20833333333333331, 0.5659090909090909, 0.5875, 0.6059523809523809]
 mean: 0.3920352332852333, std: 0.16320516198230015
--------------------------------------------------
Subject Number: 17
Accuracy Cross: [0.29411764705882354, 0.2647058823529412, 0.29411764705882354, 0.23529411764705882, 0.20588235294117646, 0.29411764705882354, 0.38235294117647056, 0.23529411764705882, 0.29411764705882354, 0.4117647058823529, 0.23529411764705882, 0.2647058823529412, 0.2647058823529412, 0.17647058823529413, 0.3235294117647059]
 mean: 0.27843137254901956, std: 0.059667153155697795
F1 Score: [0.2570954106280193, 0.10465116279069768, 0.2306020066889632, 0.13056680161943318, 0.1753623188405797, 0.15521064301552107, 0.3117405582922824, 0.1578099838969404, 0.15521064301552107, 0.26836581709145424, 0.1578099838969404, 0.22186147186147187, 0.23852813852813853, 0.13457556935817805, 0.2424845269672856]
 mean: 0.1961250024327618, std: 0.05846375376249375
Accuracy Intime: [0.5714285714285714, 0.2857142857142857, 0.5, 0.38461538461538464, 0.38461538461538464, 0.35714285714285715, 0.5, 0.5714285714285714, 0.38461538461538464, 0.3076923076923077, 0.5, 0.5, 0.5714285714285714, 0.5714285714285714, 0.6153846153846154]
 mean: 0.46703296703296704, std: 0.10349524991622946
F1 (Intime): [0.47619047619047616, 0.1111111111111111, 0.3205128205128205, 0.30753968253968256, 0.26111111111111107, 0.2264957264957265, 0.41666666666666663, 0.4666666666666667, 0.25, 0.20202020202020202, 0.4028846153846154, 0.3833333333333333, 0.5887445887445887, 0.5705128205128205, 0.5267857142857143]
 mean: 0.36737170237170236, std: 0.13784816540505263
--------------------------------------------------
Subject Number: 18
Accuracy Cross: [0.2647058823529412, 0.2647058823529412, 0.20588235294117646, 0.23529411764705882, 0.2647058823529412, 0.29411764705882354, 0.35294117647058826, 0.2647058823529412, 0.23529411764705882, 0.23529411764705882, 0.3235294117647059, 0.2647058823529412, 0.29411764705882354, 0.2647058823529412, 0.3235294117647059]
 mean: 0.2725490196078431, std: 0.03791976393296808
F1 Score: [0.15311653116531165, 0.10465116279069768, 0.140625, 0.14774774774774774, 0.10465116279069768, 0.22986425339366515, 0.30965909090909094, 0.18974358974358974, 0.13626126126126126, 0.16950757575757575, 0.20066518847006654, 0.1125, 0.1597560975609756, 0.10465116279069768, 0.209375]
 mean: 0.1648516549587585, std: 0.054513369224045406
Accuracy Intime: [0.35714285714285715, 0.35714285714285715, 0.42857142857142855, 0.38461538461538464, 0.23076923076923078, 0.6428571428571429, 0.42857142857142855, 0.5, 0.46153846153846156, 0.6153846153846154, 0.2857142857142857, 0.42857142857142855, 0.14285714285714285, 0.5384615384615384, 0.46153846153846156]
 mean: 0.41758241758241765, std: 0.12952745590146858
F1 (Intime): [0.3409090909090909, 0.33214285714285713, 0.42142857142857143, 0.23333333333333334, 0.09375, 0.6347985347985348, 0.375, 0.4863636363636363, 0.428030303030303, 0.6277777777777778, 0.24835164835164836, 0.32619047619047614, 0.06666666666666667, 0.5030303030303029, 0.4630952380952381]
 mean: 0.3720578958078958, std: 0.16092354478205917
--------------------------------------------------
Subject Number: 19
Accuracy Cross: [0.3235294117647059, 0.2647058823529412, 0.2647058823529412, 0.2647058823529412, 0.2647058823529412, 0.4411764705882353, 0.5, 0.5294117647058824, 0.38235294117647056, 0.38235294117647056, 0.4117647058823529, 0.5294117647058824, 0.5588235294117647, 0.2647058823529412, 0.4117647058823529]
 mean: 0.3862745098039216, std: 0.10515362884542684
F1 Score: [0.28321678321678323, 0.18500948766603414, 0.2094988344988345, 0.18434343434343436, 0.17151767151767153, 0.4358796296296297, 0.4368386243386243, 0.4874922871246401, 0.3028846153846154, 0.36515151515151517, 0.37364532019704433, 0.4473611111111111, 0.5393368886015946, 0.10465116279069768, 0.3747474747474747]
 mean: 0.32677165602131364, std: 0.1279562927650622
Accuracy Intime: [0.42857142857142855, 0.7142857142857143, 0.5714285714285714, 0.6153846153846154, 0.6153846153846154, 0.42857142857142855, 0.5, 0.7142857142857143, 0.5384615384615384, 0.5384615384615384, 0.42857142857142855, 0.5714285714285714, 0.7857142857142857, 0.38461538461538464, 0.38461538461538464]
 mean: 0.5479853479853479, std: 0.12128580715788358
F1 (Intime): [0.2761904761904762, 0.6222222222222222, 0.5538461538461539, 0.5916666666666667, 0.6, 0.3214285714285714, 0.5041666666666667, 0.6934523809523809, 0.47884615384615387, 0.47564935064935066, 0.3415750915750916, 0.5238636363636364, 0.7809523809523808, 0.25, 0.29166666666666663]
 mean: 0.48703509453509447, std: 0.15592394537927745
--------------------------------------------------
Subject Number: 20
Accuracy Cross: [0.2647058823529412, 0.2647058823529412, 0.29411764705882354, 0.20588235294117646, 0.3235294117647059, 0.3235294117647059, 0.3235294117647059, 0.29411764705882354, 0.29411764705882354, 0.29411764705882354, 0.3235294117647059, 0.29411764705882354, 0.29411764705882354, 0.5, 0.2647058823529412]
 mean: 0.3039215686274509, std: 0.06043543140165663
F1 Score: [0.20394736842105263, 0.1588235294117647, 0.27878787878787875, 0.16515837104072398, 0.2825757575757576, 0.2725752508361204, 0.283068783068783, 0.2729500891265597, 0.2833333333333333, 0.20833333333333331, 0.20814132104454686, 0.1600877192982456, 0.2464285714285714, 0.4824754901960784, 0.25595238095238093]
 mean: 0.25084261185700873, std: 0.07677581632228282
Accuracy Intime: [0.2857142857142857, 0.42857142857142855, 0.6428571428571429, 0.5384615384615384, 0.6153846153846154, 0.42857142857142855, 0.35714285714285715, 0.5, 0.5384615384615384, 0.46153846153846156, 0.35714285714285715, 0.5, 0.42857142857142855, 0.5384615384615384, 0.5384615384615384]
 mean: 0.47728937728937726, std: 0.09501664871830641
F1 (Intime): [0.2111111111111111, 0.26785714285714285, 0.6333333333333333, 0.38888888888888884, 0.6011904761904762, 0.3375, 0.29642857142857143, 0.45833333333333326, 0.4821428571428571, 0.4, 0.2264957264957265, 0.4, 0.4534798534798534, 0.5363636363636364, 0.5416666666666666]
 mean: 0.4156527731527732, std: 0.1267340910111191
--------------------------------------------------
Subject Number: 21
Accuracy Cross: [0.2647058823529412, 0.2647058823529412, 0.3235294117647059, 0.5, 0.20588235294117646, 0.23529411764705882, 0.20588235294117646, 0.29411764705882354, 0.29411764705882354, 0.3235294117647059, 0.23529411764705882, 0.29411764705882354, 0.29411764705882354, 0.23529411764705882, 0.23529411764705882]
 mean: 0.28039215686274505, std: 0.06949037312419354
F1 Score: [0.19202898550724637, 0.2324110671936759, 0.2663170163170163, 0.4615705931495405, 0.1825657894736842, 0.1988888888888889, 0.13484848484848483, 0.24305555555555558, 0.24253542510121456, 0.20705128205128207, 0.1515151515151515, 0.2659090909090909, 0.1945945945945946, 0.20952380952380953, 0.2033126293995859]
 mean: 0.22574189093525474, std: 0.07260845481397508
Accuracy Intime: [0.5714285714285714, 0.7857142857142857, 0.5, 0.46153846153846156, 0.3076923076923077, 0.6428571428571429, 0.21428571428571427, 0.5, 0.38461538461538464, 0.5384615384615384, 0.42857142857142855, 0.5714285714285714, 0.5, 0.46153846153846156, 0.5384615384615384]
 mean: 0.4937728937728938, std: 0.1302845493036323
F1 (Intime): [0.4318181818181818, 0.7809523809523811, 0.3857142857142857, 0.41666666666666663, 0.2986111111111111, 0.5359848484848485, 0.09375, 0.3825396825396825, 0.3005952380952381, 0.5253968253968254, 0.33611111111111114, 0.5902777777777778, 0.31666666666666665, 0.34285714285714286, 0.4583333333333333]
 mean: 0.41308501683501675, std: 0.1519696988132505
--------------------------------------------------
Subject Number: 22
Accuracy Cross: [0.29411764705882354, 0.2647058823529412, 0.2647058823529412, 0.20588235294117646, 0.2647058823529412, 0.29411764705882354, 0.4117647058823529, 0.35294117647058826, 0.3235294117647059, 0.29411764705882354, 0.29411764705882354, 0.3235294117647059, 0.38235294117647056, 0.47058823529411764, 0.2647058823529412]
 mean: 0.31372549019607837, std: 0.0650318586344196
F1 Score: [0.23964803312629399, 0.10465116279069768, 0.17407407407407408, 0.17115384615384616, 0.2638888888888889, 0.19375, 0.37026315789473685, 0.2649350649350649, 0.24027777777777776, 0.22142857142857142, 0.20256410256410257, 0.30216165413533835, 0.31926406926406925, 0.4184149184149184, 0.10465116279069768]
 mean: 0.23940843228260522, std: 0.08553543847344111
Accuracy Intime: [0.5, 0.2857142857142857, 0.35714285714285715, 0.5384615384615384, 0.5384615384615384, 0.5, 0.42857142857142855, 0.5714285714285714, 0.5384615384615384, 0.38461538461538464, 0.5, 0.42857142857142855, 0.6428571428571429, 0.6153846153846154, 0.23076923076923078]
 mean: 0.47069597069597074, std: 0.11334614246714873
F1 (Intime): [0.5464285714285715, 0.1111111111111111, 0.24285714285714285, 0.47916666666666663, 0.5511904761904762, 0.4583333333333333, 0.3086080586080586, 0.5205128205128204, 0.4666666666666667, 0.33636363636363636, 0.4666666666666667, 0.44027777777777777, 0.5222222222222223, 0.5333333333333333, 0.09375]
 mean: 0.4051658989158989, std: 0.1473458763818578
--------------------------------------------------
Subject Number: 23
Accuracy Cross: [0.23529411764705882, 0.4117647058823529, 0.5882352941176471, 0.5, 0.23529411764705882, 0.38235294117647056, 0.38235294117647056, 0.2647058823529412, 0.4117647058823529, 0.47058823529411764, 0.4411764705882353, 0.38235294117647056, 0.4117647058823529, 0.4117647058823529, 0.47058823529411764]
 mean: 0.4, std: 0.09350289425542245
F1 Score: [0.19240196078431374, 0.35060160427807485, 0.49750000000000005, 0.421474358974359, 0.16545454545454547, 0.3445616883116883, 0.3817460317460318, 0.2153846153846154, 0.34394736842105267, 0.3918181818181818, 0.2915360501567398, 0.2919191919191919, 0.33495670995671, 0.3319298245614035, 0.3776604520706154]
 mean: 0.32885950558916827, std: 0.08489561569400167
Accuracy Intime: [0.5714285714285714, 0.5, 0.7142857142857143, 0.6153846153846154, 0.6153846153846154, 0.5, 0.5, 0.7142857142857143, 0.5714285714285714, 0.7692307692307693, 0.5714285714285714, 0.5714285714285714, 0.7142857142857143, 0.5384615384615384, 0.5384615384615384]
 mean: 0.6003663003663003, std: 0.08529687664661033
F1 (Intime): [0.48750000000000004, 0.3181818181818182, 0.6707070707070707, 0.5359848484848485, 0.5416666666666666, 0.5095238095238095, 0.525, 0.6888888888888889, 0.5607142857142857, 0.7708333333333333, 0.5928571428571429, 0.47564935064935066, 0.6791666666666667, 0.4833333333333333, 0.492063492063492]
 mean: 0.5554713804713803, std: 0.10780179732615497
--------------------------------------------------
Subject Number: 24
Accuracy Cross: [0.23529411764705882, 0.3235294117647059, 0.3235294117647059, 0.35294117647058826, 0.29411764705882354, 0.29411764705882354, 0.2647058823529412, 0.2647058823529412, 0.17647058823529413, 0.2647058823529412, 0.20588235294117646, 0.2647058823529412, 0.17647058823529413, 0.23529411764705882, 0.38235294117647056]
 mean: 0.27058823529411763, std: 0.058033916027249964
F1 Score: [0.20875139353400224, 0.26917293233082706, 0.23026315789473684, 0.2784615384615385, 0.23842592592592593, 0.16805555555555557, 0.10465116279069768, 0.10465116279069768, 0.08108108108108109, 0.10465116279069768, 0.21352438411261943, 0.10465116279069768, 0.10207336523125997, 0.17857142857142855, 0.3579441391941392]
 mean: 0.1829953035370603, std: 0.07990767123550993
Accuracy Intime: [0.42857142857142855, 0.5, 0.42857142857142855, 0.38461538461538464, 0.38461538461538464, 0.5714285714285714, 0.2857142857142857, 0.5, 0.46153846153846156, 0.15384615384615385, 0.42857142857142855, 0.2857142857142857, 0.35714285714285715, 0.46153846153846156, 0.3076923076923077]
 mean: 0.395970695970696, std: 0.10221289948486537
F1 (Intime): [0.26785714285714285, 0.4455128205128205, 0.3611111111111111, 0.37976190476190474, 0.32386363636363635, 0.5317460317460317, 0.17708333333333331, 0.3476190476190476, 0.3976190476190476, 0.07692307692307693, 0.39999999999999997, 0.1111111111111111, 0.225, 0.3068181818181818, 0.31726190476190474]
 mean: 0.31128589003589, std: 0.1191598775389548
--------------------------------------------------
Subject Number: 25
Accuracy Cross: [0.38235294117647056, 0.4117647058823529, 0.4117647058823529, 0.35294117647058826, 0.20588235294117646, 0.20588235294117646, 0.47058823529411764, 0.4117647058823529, 0.3235294117647059, 0.38235294117647056, 0.23529411764705882, 0.3235294117647059, 0.3235294117647059, 0.29411764705882354, 0.20588235294117646]
 mean: 0.3294117647058823, std: 0.08263257845374695
F1 Score: [0.38125, 0.3468253968253968, 0.265625, 0.32826797385620915, 0.08536585365853659, 0.11696428571428572, 0.4152097902097902, 0.39014423076923077, 0.24623655913978493, 0.377518315018315, 0.22493961352657005, 0.2522893772893773, 0.2337121212121212, 0.2361111111111111, 0.13194444444444445]
 mean: 0.2688269381850115, std: 0.10023178960791157
Accuracy Intime: [0.42857142857142855, 0.6428571428571429, 0.5714285714285714, 0.6153846153846154, 0.6153846153846154, 0.42857142857142855, 0.42857142857142855, 0.5, 0.5384615384615384, 0.46153846153846156, 0.5714285714285714, 0.42857142857142855, 0.5, 0.6923076923076923, 0.46153846153846156]
 mean: 0.5256410256410257, std: 0.08532518678659731
F1 (Intime): [0.2777777777777778, 0.4818181818181818, 0.4363636363636364, 0.65, 0.6083333333333333, 0.2761904761904762, 0.403030303030303, 0.4666666666666667, 0.4375, 0.475, 0.5595238095238094, 0.2967032967032967, 0.34134615384615385, 0.6150793650793651, 0.31666666666666665]
 mean: 0.44279997779997776, std: 0.12136874619466632
--------------------------------------------------
Subject Number: 26
Accuracy Cross: [0.3235294117647059, 0.3235294117647059, 0.3235294117647059, 0.2647058823529412, 0.20588235294117646, 0.4117647058823529, 0.2647058823529412, 0.4117647058823529, 0.4117647058823529, 0.38235294117647056, 0.20588235294117646, 0.38235294117647056, 0.29411764705882354, 0.38235294117647056, 0.2647058823529412]
 mean: 0.32352941176470584, std: 0.06960093862470136
F1 Score: [0.2270220588235294, 0.2834733893557423, 0.30869565217391304, 0.2795378151260504, 0.2142524994187398, 0.3527379053694843, 0.10465116279069768, 0.35084838533114393, 0.3370614035087719, 0.3093137254901961, 0.1371473354231975, 0.3214285714285714, 0.2127450980392157, 0.3138755980861244, 0.125]
 mean: 0.2585193733576918, std: 0.08084373924529943
Accuracy Intime: [0.5, 0.42857142857142855, 0.5714285714285714, 0.7692307692307693, 0.38461538461538464, 0.6428571428571429, 0.2857142857142857, 0.5, 0.38461538461538464, 0.5384615384615384, 0.35714285714285715, 0.35714285714285715, 0.7142857142857143, 0.6153846153846154, 0.38461538461538464]
 mean: 0.4956043956043956, std: 0.13909095848008998
F1 (Intime): [0.43571428571428567, 0.4305555555555555, 0.6111111111111112, 0.7555555555555555, 0.33611111111111114, 0.5541666666666667, 0.1111111111111111, 0.42386363636363633, 0.2583333333333333, 0.37222222222222223, 0.22727272727272727, 0.2984126984126984, 0.654040404040404, 0.5875, 0.28205128205128205]
 mean: 0.42253478003478, std: 0.17360019071643223
--------------------------------------------------
Subject Number: 27
Accuracy Cross: [0.2647058823529412, 0.2647058823529412, 0.2647058823529412, 0.4117647058823529, 0.3235294117647059, 0.35294117647058826, 0.2647058823529412, 0.2647058823529412, 0.4117647058823529, 0.29411764705882354, 0.29411764705882354, 0.2647058823529412, 0.2647058823529412, 0.14705882352941177, 0.20588235294117646]
 mean: 0.28627450980392155, std: 0.06660897157436482
F1 Score: [0.10465116279069768, 0.10465116279069768, 0.10465116279069768, 0.3723776223776224, 0.22249589490968802, 0.29877450980392156, 0.16820276497695852, 0.10465116279069768, 0.3861782661782662, 0.25874125874125875, 0.22592592592592592, 0.1758832565284178, 0.16985645933014354, 0.10512820512820513, 0.19696969696969696]
 mean: 0.1999425674688597, std: 0.09188335284366636
Accuracy Intime: [0.42857142857142855, 0.42857142857142855, 0.35714285714285715, 0.46153846153846156, 0.5384615384615384, 0.5714285714285714, 0.35714285714285715, 0.5, 0.5384615384615384, 0.46153846153846156, 0.42857142857142855, 0.42857142857142855, 0.35714285714285715, 0.5714285714285714, 0.46153846153846156]
 mean: 0.4593406593406594, std: 0.0704440461904505
F1 (Intime): [0.2761904761904762, 0.29166666666666663, 0.24285714285714285, 0.4380952380952381, 0.5464285714285715, 0.4625, 0.2264957264957265, 0.3857142857142857, 0.4375, 0.39285714285714285, 0.3403846153846154, 0.2727272727272727, 0.23214285714285715, 0.5809523809523809, 0.4797619047619048]
 mean: 0.37375161875161866, std: 0.11166083167607713
--------------------------------------------------
Subject Number: 28
Accuracy Cross: [0.2647058823529412, 0.20588235294117646, 0.2647058823529412, 0.23529411764705882, 0.2647058823529412, 0.29411764705882354, 0.3235294117647059, 0.2647058823529412, 0.38235294117647056, 0.4117647058823529, 0.14705882352941177, 0.11764705882352941, 0.29411764705882354, 0.20588235294117646, 0.17647058823529413]
 mean: 0.2568627450980392, std: 0.07779150754853871
F1 Score: [0.20004391743522176, 0.17045454545454547, 0.17316341829085458, 0.1445378151260504, 0.2555916305916306, 0.2534090909090909, 0.225, 0.10714285714285714, 0.33636363636363636, 0.40192307692307694, 0.09215686274509804, 0.08258928571428571, 0.2530241935483871, 0.13620689655172413, 0.07692307692307693]
 mean: 0.19390202024796907, std: 0.0916930616898006
Accuracy Intime: [0.42857142857142855, 0.6428571428571429, 0.5714285714285714, 0.6153846153846154, 0.46153846153846156, 0.5714285714285714, 0.5, 0.35714285714285715, 0.46153846153846156, 0.6153846153846154, 0.7142857142857143, 0.6428571428571429, 0.7142857142857143, 0.6153846153846154, 0.5384615384615384]
 mean: 0.5633699633699634, std: 0.10083311668328354
F1 (Intime): [0.2761904761904762, 0.5555555555555555, 0.36363636363636365, 0.4693181818181818, 0.39285714285714285, 0.5553571428571429, 0.4928571428571429, 0.21764705882352942, 0.46111111111111114, 0.575, 0.7023809523809523, 0.5, 0.7026515151515151, 0.5333333333333333, 0.5166666666666666]
 mean: 0.4876375095492743, std: 0.13045847369615587
--------------------------------------------------
Subject Number: 29
Accuracy Cross: [0.3235294117647059, 0.3235294117647059, 0.3235294117647059, 0.2647058823529412, 0.38235294117647056, 0.2647058823529412, 0.2647058823529412, 0.2647058823529412, 0.47058823529411764, 0.3235294117647059, 0.17647058823529413, 0.17647058823529413, 0.23529411764705882, 0.3235294117647059, 0.23529411764705882]
 mean: 0.2901960784313725, std: 0.07352287552648107
F1 Score: [0.3284090909090909, 0.3225371120107962, 0.3206391309839586, 0.27363996297819826, 0.30396825396825394, 0.18571428571428572, 0.10465116279069768, 0.10465116279069768, 0.419327731092437, 0.2724089635854342, 0.1339605734767025, 0.1576923076923077, 0.24378787878787878, 0.24656862745098038, 0.2229949874686717]
 mean: 0.2427300821133594, std: 0.08846954575698639
Accuracy Intime: [0.5714285714285714, 0.5714285714285714, 0.5, 0.7692307692307693, 0.46153846153846156, 0.5, 0.2857142857142857, 0.2857142857142857, 0.46153846153846156, 0.6153846153846154, 0.5, 0.6428571428571429, 0.7142857142857143, 0.46153846153846156, 0.6923076923076923]
 mean: 0.5355311355311355, std: 0.13580607693031493
F1 (Intime): [0.5761904761904761, 0.5246753246753246, 0.35858585858585856, 0.7430555555555555, 0.4017857142857143, 0.5166666666666666, 0.1111111111111111, 0.1111111111111111, 0.4125, 0.5875, 0.413003663003663, 0.5476190476190476, 0.6707070707070707, 0.43333333333333335, 0.7]
 mean: 0.47385632885632883, std: 0.18006706046260082
--------------------------------------------------
**************************************************
accuracy_cross_list: [0.3, 0.31568627450980385, 0.24509803921568626, 0.3941176470588235, 0.4549019607843137, 0.3274509803921568, 0.3941176470588236, 0.27647058823529413, 0.3156862745098038, 0.25098039215686274, 0.34509803921568627, 0.22941176470588237, 0.26666666666666666, 0.3705882352941176, 0.25686274509803925, 0.3196078431372549, 0.27843137254901956, 0.2725490196078431, 0.3862745098039216, 0.3039215686274509, 0.28039215686274505, 0.31372549019607837, 0.4, 0.27058823529411763, 0.3294117647058823, 0.32352941176470584, 0.28627450980392155, 0.2568627450980392, 0.2901960784313725]
f1_score_list: [0.2401077654388996, 0.2631586905681366, 0.196794408247883, 0.33690237498291814, 0.40464408000074065, 0.25484806949193567, 0.3275989960644118, 0.19047389989109054, 0.23874118038680686, 0.15700923520961896, 0.29134164833136533, 0.17481776110181568, 0.18575785844858334, 0.28906708283742083, 0.16327901591718952, 0.24258233809171906, 0.1961250024327618, 0.1648516549587585, 0.32677165602131364, 0.25084261185700873, 0.22574189093525474, 0.23940843228260522, 0.32885950558916827, 0.1829953035370603, 0.2688269381850115, 0.2585193733576918, 0.1999425674688597, 0.19390202024796907, 0.2427300821133594]
accuracy_intime_list: [0.49523809523809526, 0.47216117216117215, 0.4512820512820513, 0.5263736263736264, 0.6029304029304029, 0.5446886446886446, 0.5252747252747253, 0.4461538461538461, 0.4703296703296704, 0.3879120879120878, 0.5417582417582417, 0.4446886446886447, 0.5362637362637362, 0.48571428571428577, 0.39670329670329674, 0.4476190476190476, 0.46703296703296704, 0.41758241758241765, 0.5479853479853479, 0.47728937728937726, 0.4937728937728938, 0.47069597069597074, 0.6003663003663003, 0.395970695970696, 0.5256410256410257, 0.4956043956043956, 0.4593406593406594, 0.5633699633699634, 0.5355311355311355]
f1_score_intime_list: [0.4323830798830798, 0.3874119943237589, 0.3885034872534873, 0.46998584748584743, 0.5403619528619529, 0.4427490564990565, 0.46774601215777684, 0.36335992983051807, 0.3856735856735857, 0.28875006257359204, 0.4955242905242905, 0.35789770414770405, 0.47389532580709043, 0.3943810818810818, 0.2904891350479586, 0.3920352332852333, 0.36737170237170236, 0.3720578958078958, 0.48703509453509447, 0.4156527731527732, 0.41308501683501675, 0.4051658989158989, 0.5554713804713803, 0.31128589003589, 0.44279997779997776, 0.42253478003478, 0.37375161875161866, 0.4876375095492743, 0.47385632885632883]
**************************************************
ACC: 31.22±5.37
F1: 24.26±6.03
Intime: 49.05±5.59
F1 (Intime): 41.72±6.54
