1e-04
Subject Number: 1
Accuracy Cross: [0.5625, 0.5625, 0.625, 0.5625, 0.5625, 0.4375, 0.5625, 0.5625, 0.5625, 0.5625, 0.5625, 0.5, 0.5625, 0.5, 0.5625]
 mean: 0.55, std: 0.04082482904638631
F1 Score: [0.36, 0.36, 0.5, 0.36, 0.36, 0.41700404858299595, 0.5151515151515151, 0.36, 0.36, 0.36, 0.36, 0.4920634920634921, 0.36, 0.4666666666666667, 0.36]
 mean: 0.3993923814976447, std: 0.059140286394079165
Accuracy Intime: [0.5714285714285714, 0.7142857142857143, 1.0, 0.6666666666666666, 0.6666666666666666, 0.7142857142857143, 0.7142857142857143, 0.6666666666666666, 0.6666666666666666, 0.8333333333333334, 0.5714285714285714, 0.8571428571428571, 0.6666666666666666, 0.5, 0.6666666666666666]
 mean: 0.6984126984126983, std: 0.11910051734796236
F1 (Intime): [0.36363636363636365, 0.65, 1.0, 0.4, 0.4, 0.7083333333333333, 0.65, 0.4, 0.4, 0.7777777777777777, 0.36363636363636365, 0.8444444444444444, 0.4, 0.3333333333333333, 0.4]
 mean: 0.5394107744107743, std: 0.20589236188538446
--------------------------------------------------
Subject Number: 2
Accuracy Cross: [0.625, 0.6875, 0.625, 0.6875, 0.5625, 0.875, 0.8125, 0.6875, 0.8125, 0.5625, 0.9375, 0.625, 0.5625, 0.6875, 0.5625]
 mean: 0.6875, std: 0.11636866703140784
F1 Score: [0.625, 0.6862745098039216, 0.625, 0.6536796536796536, 0.36, 0.873015873015873, 0.8056680161943319, 0.6862745098039216, 0.8117647058823529, 0.36, 0.9352226720647774, 0.5636363636363637, 0.5607843137254902, 0.6536796536796536, 0.36]
 mean: 0.6373333514324225, std: 0.17334140109654222
Accuracy Intime: [0.8571428571428571, 1.0, 1.0, 0.8333333333333334, 0.6666666666666666, 0.8571428571428571, 1.0, 0.8571428571428571, 0.8333333333333334, 0.6666666666666666, 0.8571428571428571, 0.7142857142857143, 0.8333333333333334, 0.8333333333333334, 0.6666666666666666]
 mean: 0.8317460317460318, std: 0.11047436597654167
F1 (Intime): [0.8571428571428571, 1.0, 1.0, 0.7777777777777777, 0.4, 0.8571428571428571, 1.0, 0.8571428571428571, 0.8285714285714285, 0.4, 0.8571428571428571, 0.7083333333333333, 0.7777777777777777, 0.7777777777777777, 0.4]
 mean: 0.7665873015873017, std: 0.20116588247039607
--------------------------------------------------
Subject Number: 3
Accuracy Cross: [0.625, 0.5625, 0.5625, 0.5, 0.5625, 0.625, 0.5625, 0.5, 0.5625, 0.5625, 0.5625, 0.6875, 0.625, 0.625, 0.5625]
 mean: 0.5791666666666667, std: 0.04823265376162594
F1 Score: [0.625, 0.5465587044534412, 0.5607843137254902, 0.3333333333333333, 0.5607843137254902, 0.6190476190476191, 0.5151515151515151, 0.4666666666666667, 0.36, 0.36, 0.36, 0.6862745098039216, 0.5636363636363637, 0.6190476190476191, 0.5465587044534412]
 mean: 0.5148562442029935, std: 0.10925510816899413
Accuracy Intime: [0.8571428571428571, 0.7142857142857143, 0.7142857142857143, 1.0, 0.5, 0.8571428571428571, 0.8571428571428571, 0.8333333333333334, 0.6666666666666666, 0.6666666666666666, 0.5714285714285714, 0.7142857142857143, 0.6666666666666666, 0.8333333333333334, 0.5]
 mean: 0.7301587301587301, std: 0.13819554831542172
F1 (Intime): [0.8571428571428571, 0.65, 0.7083333333333333, 1.0, 0.3333333333333333, 0.8571428571428571, 0.8571428571428571, 0.8285714285714285, 0.4, 0.4, 0.36363636363636365, 0.7083333333333333, 0.625, 0.7777777777777777, 0.3333333333333333]
 mean: 0.6466498316498316, std: 0.21821415999191945
--------------------------------------------------
Subject Number: 4
Accuracy Cross: [0.6875, 0.6875, 0.875, 0.5625, 0.5625, 0.75, 0.875, 0.625, 0.5625, 0.75, 0.625, 0.6875, 0.75, 0.6875, 0.8125]
 mean: 0.7, std: 0.1
F1 Score: [0.6536796536796536, 0.6862745098039216, 0.8666666666666667, 0.36, 0.36, 0.7090909090909091, 0.8666666666666667, 0.5, 0.36, 0.7090909090909091, 0.6190476190476191, 0.6135265700483092, 0.75, 0.6862745098039216, 0.8117647058823529]
 mean: 0.636805514652062, std: 0.16616504733383072
Accuracy Intime: [1.0, 0.8571428571428571, 1.0, 0.6666666666666666, 0.6666666666666666, 1.0, 0.8571428571428571, 0.7142857142857143, 0.8333333333333334, 1.0, 1.0, 0.8571428571428571, 1.0, 1.0, 1.0]
 mean: 0.8968253968253969, std: 0.12468150404225704
F1 (Intime): [1.0, 0.8571428571428571, 1.0, 0.4, 0.4, 1.0, 0.8444444444444444, 0.65, 0.7777777777777777, 1.0, 1.0, 0.8444444444444444, 1.0, 1.0, 1.0]
 mean: 0.8515873015873017, std: 0.204986341868754
--------------------------------------------------
Subject Number: 5
Accuracy Cross: [0.1875, 0.3125, 0.4375, 0.5625, 0.5625, 0.8125, 0.8125, 0.6875, 0.8125, 0.5625, 0.5, 0.75, 0.5, 0.5625, 0.5]
 mean: 0.5708333333333333, std: 0.17658016750347577
F1 Score: [0.15789473684210525, 0.30980392156862746, 0.41700404858299595, 0.36, 0.36, 0.7922077922077921, 0.7922077922077921, 0.6536796536796536, 0.7922077922077921, 0.36, 0.4181818181818182, 0.746031746031746, 0.4666666666666667, 0.36, 0.4181818181818182]
 mean: 0.49360451909058717, std: 0.19877795534988962
Accuracy Intime: [0.8571428571428571, 0.7142857142857143, 0.8333333333333334, 0.6666666666666666, 0.6666666666666666, 1.0, 1.0, 0.8333333333333334, 1.0, 0.6666666666666666, 1.0, 0.8571428571428571, 1.0, 0.6666666666666666, 1.0]
 mean: 0.8507936507936508, std: 0.13868692799239865
F1 (Intime): [0.8444444444444444, 0.65, 0.7777777777777777, 0.4, 0.4, 1.0, 1.0, 0.7777777777777777, 1.0, 0.4, 1.0, 0.8444444444444444, 1.0, 0.4, 1.0]
 mean: 0.7662962962962964, std: 0.24363896472098934
--------------------------------------------------
Subject Number: 6
Accuracy Cross: [0.5625, 0.6875, 0.5625, 0.625, 0.625, 0.5625, 0.75, 0.625, 0.5625, 0.5625, 0.625, 0.5625, 0.5625, 0.5, 0.5625]
 mean: 0.5958333333333333, std: 0.059802917060030526
F1 Score: [0.5607843137254902, 0.6862745098039216, 0.5607843137254902, 0.625, 0.625, 0.36, 0.746031746031746, 0.5, 0.36, 0.36, 0.6190476190476191, 0.5151515151515151, 0.36, 0.4181818181818182, 0.36]
 mean: 0.5104170557111734, std: 0.129444369464585
Accuracy Intime: [0.8571428571428571, 1.0, 1.0, 1.0, 0.5, 0.5714285714285714, 0.8571428571428571, 0.6666666666666666, 0.6666666666666666, 0.6666666666666666, 1.0, 0.7142857142857143, 0.6666666666666666, 0.8333333333333334, 0.6666666666666666]
 mean: 0.7777777777777778, std: 0.1630368141601122
F1 (Intime): [0.8444444444444444, 1.0, 1.0, 1.0, 0.4857142857142857, 0.36363636363636365, 0.8571428571428571, 0.4, 0.4, 0.4, 1.0, 0.7083333333333333, 0.4, 0.7777777777777777, 0.4]
 mean: 0.6691366041366041, std: 0.2590299245767788
--------------------------------------------------
Subject Number: 7
Accuracy Cross: [0.4375, 0.5625, 0.4375, 0.5625, 0.5625, 0.5625, 0.5625, 0.5625, 0.4375, 0.5625, 0.5625, 0.5625, 0.8125, 0.5625, 0.5625]
 mean: 0.5541666666666667, std: 0.08498365855987974
F1 Score: [0.43529411764705883, 0.36, 0.41700404858299595, 0.36, 0.36, 0.36, 0.36, 0.36, 0.30434782608695654, 0.36, 0.36, 0.36, 0.8056680161943319, 0.36, 0.36]
 mean: 0.39482093390075623, std: 0.1132691041314527
Accuracy Intime: [1.0, 0.5714285714285714, 0.8333333333333334, 0.6666666666666666, 0.6666666666666666, 0.8571428571428571, 0.5714285714285714, 0.8333333333333334, 0.8333333333333334, 0.6666666666666666, 0.5714285714285714, 0.5714285714285714, 1.0, 0.6666666666666666, 0.6666666666666666]
 mean: 0.7317460317460316, std: 0.1448189806724704
F1 (Intime): [1.0, 0.36363636363636365, 0.7777777777777777, 0.4, 0.4, 0.8444444444444444, 0.36363636363636365, 0.7777777777777777, 0.7777777777777777, 0.4, 0.36363636363636365, 0.36363636363636365, 1.0, 0.4, 0.4]
 mean: 0.5754882154882155, std: 0.24345109870573609
--------------------------------------------------
Subject Number: 8
Accuracy Cross: [0.625, 0.5625, 0.625, 0.5625, 0.5625, 0.5625, 0.5625, 0.3125, 0.375, 0.5625, 0.5625, 0.6875, 0.625, 0.5625, 0.5625]
 mean: 0.5541666666666667, std: 0.09090593428863095
F1 Score: [0.6190476190476191, 0.5607843137254902, 0.6190476190476191, 0.36, 0.36, 0.36, 0.36, 0.23809523809523808, 0.3333333333333333, 0.36, 0.36, 0.6536796536796536, 0.5, 0.36, 0.36]
 mean: 0.4269325184619303, std: 0.12348977532935441
Accuracy Intime: [0.7142857142857143, 0.7142857142857143, 0.8333333333333334, 0.6666666666666666, 0.6666666666666666, 0.5714285714285714, 0.5714285714285714, 0.8333333333333334, 0.8333333333333334, 1.0, 0.5714285714285714, 0.7142857142857143, 0.8333333333333334, 0.6666666666666666, 0.8333333333333334]
 mean: 0.7349206349206349, std: 0.119480693755929
F1 (Intime): [0.65, 0.7083333333333333, 0.7777777777777777, 0.4, 0.4, 0.36363636363636365, 0.36363636363636365, 0.7777777777777777, 0.7777777777777777, 1.0, 0.36363636363636365, 0.65, 0.7777777777777777, 0.4, 0.7777777777777777]
 mean: 0.6125420875420874, std: 0.20330675490590713
--------------------------------------------------
Subject Number: 9
Accuracy Cross: [0.5625, 0.5, 0.5625, 0.5625, 0.5625, 0.5, 0.5625, 0.1875, 0.625, 0.5625, 0.5625, 0.5, 0.5625, 0.4375, 0.6875]
 mean: 0.5291666666666667, std: 0.10671873729054748
F1 Score: [0.5465587044534412, 0.4666666666666667, 0.36, 0.45893719806763283, 0.36, 0.4920634920634921, 0.5151515151515151, 0.1843137254901961, 0.5, 0.36, 0.36, 0.5, 0.36, 0.37662337662337664, 0.6135265700483092]
 mean: 0.43025608323764203, std: 0.10265223578664454
Accuracy Intime: [0.7142857142857143, 0.7142857142857143, 0.6666666666666666, 0.8333333333333334, 0.6666666666666666, 0.8571428571428571, 0.7142857142857143, 0.8333333333333334, 0.8333333333333334, 0.6666666666666666, 0.5714285714285714, 0.7142857142857143, 0.6666666666666666, 0.8333333333333334, 0.6666666666666666]
 mean: 0.73015873015873, std: 0.0836915957235814
F1 (Intime): [0.7083333333333333, 0.65, 0.4, 0.8285714285714285, 0.4, 0.8444444444444444, 0.65, 0.7777777777777777, 0.7777777777777777, 0.4, 0.36363636363636365, 0.65, 0.4, 0.7777777777777777, 0.4]
 mean: 0.601887926887927, std: 0.17923229152525155
--------------------------------------------------
Subject Number: 10
Accuracy Cross: [0.3125, 0.3125, 0.5625, 0.5625, 0.5625, 0.5625, 0.3125, 0.375, 0.5625, 0.375, 0.625, 0.5625, 0.5, 0.5625, 0.6875]
 mean: 0.49583333333333335, std: 0.11960583412006105
F1 Score: [0.2874493927125506, 0.2874493927125506, 0.36, 0.36, 0.36, 0.36, 0.30980392156862746, 0.36507936507936506, 0.36, 0.36507936507936506, 0.5636363636363637, 0.5607843137254902, 0.4666666666666667, 0.36, 0.6135265700483092]
 mean: 0.3986316900819526, std: 0.09938072381078664
Accuracy Intime: [0.8571428571428571, 0.8571428571428571, 0.6666666666666666, 0.6666666666666666, 0.6666666666666666, 0.5714285714285714, 0.7142857142857143, 1.0, 0.6666666666666666, 0.8333333333333334, 0.7142857142857143, 1.0, 1.0, 0.6666666666666666, 0.8333333333333334]
 mean: 0.780952380952381, std: 0.1364156203166057
F1 (Intime): [0.8571428571428571, 0.8571428571428571, 0.4, 0.4, 0.4, 0.36363636363636365, 0.7083333333333333, 1.0, 0.4, 0.7777777777777777, 0.7083333333333333, 1.0, 1.0, 0.4, 0.7777777777777777]
 mean: 0.67000962000962, std: 0.24238737067090024
--------------------------------------------------
Subject Number: 11
Accuracy Cross: [0.4375, 0.5625, 0.4375, 0.75, 0.75, 0.625, 0.6875, 0.625, 0.5, 0.5625, 0.5625, 0.6875, 0.5625, 0.5625, 0.5625]
 mean: 0.5916666666666667, std: 0.09372684899334993
F1 Score: [0.37662337662337664, 0.36, 0.30434782608695654, 0.75, 0.7090909090909091, 0.5, 0.6536796536796536, 0.6, 0.4920634920634921, 0.36, 0.36, 0.6135265700483092, 0.45893719806763283, 0.36, 0.36]
 mean: 0.4838846017106888, std: 0.1419107328827123
Accuracy Intime: [0.5714285714285714, 0.5714285714285714, 0.7142857142857143, 1.0, 0.6666666666666666, 0.8571428571428571, 0.8571428571428571, 0.7142857142857143, 0.8333333333333334, 0.6666666666666666, 0.7142857142857143, 0.8571428571428571, 0.7142857142857143, 0.8333333333333334, 0.8333333333333334]
 mean: 0.7603174603174604, std: 0.11516417236328289
F1 (Intime): [0.5714285714285714, 0.36363636363636365, 0.7083333333333333, 1.0, 0.625, 0.8444444444444444, 0.8444444444444444, 0.7083333333333333, 0.8285714285714285, 0.4, 0.65, 0.8444444444444444, 0.65, 0.7777777777777777, 0.7777777777777777]
 mean: 0.7062794612794614, std: 0.16554264158855284
--------------------------------------------------
Subject Number: 12
Accuracy Cross: [0.5625, 0.5625, 0.5, 0.5625, 0.625, 0.5625, 0.5625, 0.8125, 0.5625, 0.5625, 0.375, 0.4375, 0.25, 0.5625, 0.5625]
 mean: 0.5375, std: 0.11814539065631521
F1 Score: [0.36, 0.36, 0.4666666666666667, 0.36, 0.6, 0.36, 0.36, 0.8056680161943319, 0.36, 0.36, 0.3333333333333333, 0.37662337662337664, 0.2, 0.36, 0.36]
 mean: 0.4014860928545139, std: 0.13375818172927903
Accuracy Intime: [0.5714285714285714, 0.5714285714285714, 1.0, 0.6666666666666666, 0.8333333333333334, 0.5714285714285714, 0.5714285714285714, 0.8333333333333334, 0.6666666666666666, 0.6666666666666666, 0.8571428571428571, 0.8571428571428571, 0.8333333333333334, 0.6666666666666666, 0.6666666666666666]
 mean: 0.7222222222222221, std: 0.13089224208310035
F1 (Intime): [0.36363636363636365, 0.36363636363636365, 1.0, 0.4, 0.7777777777777777, 0.36363636363636365, 0.36363636363636365, 0.7777777777777777, 0.4, 0.4, 0.8571428571428571, 0.8571428571428571, 0.7777777777777777, 0.4, 0.4]
 mean: 0.5668109668109669, std: 0.23007362709848952
--------------------------------------------------
Subject Number: 13
Accuracy Cross: [0.5, 0.5625, 0.5625, 0.5625, 0.6875, 0.375, 0.4375, 0.4375, 0.4375, 0.4375, 0.5625, 0.625, 0.5625, 0.5625, 0.625]
 mean: 0.5291666666666667, std: 0.08498365855987976
F1 Score: [0.4181818181818182, 0.36, 0.36, 0.5151515151515151, 0.6135265700483092, 0.36507936507936506, 0.30434782608695654, 0.30434782608695654, 0.30434782608695654, 0.30434782608695654, 0.36, 0.6190476190476191, 0.5151515151515151, 0.36, 0.5]
 mean: 0.4135686471338646, std: 0.10704546024550413
Accuracy Intime: [0.7142857142857143, 0.5714285714285714, 0.5, 0.8333333333333334, 0.8333333333333334, 0.8571428571428571, 0.8571428571428571, 0.8333333333333334, 0.8333333333333334, 0.8333333333333334, 0.5714285714285714, 0.8571428571428571, 0.5, 0.6666666666666666, 0.8333333333333334]
 mean: 0.7396825396825396, std: 0.13453727047883865
F1 (Intime): [0.65, 0.36363636363636365, 0.4857142857142857, 0.7777777777777777, 0.8285714285714285, 0.8571428571428571, 0.8571428571428571, 0.8285714285714285, 0.8285714285714285, 0.7777777777777777, 0.36363636363636365, 0.8444444444444444, 0.4857142857142857, 0.4, 0.7777777777777777]
 mean: 0.675098605098605, std: 0.1896151315910966
--------------------------------------------------
Subject Number: 14
Accuracy Cross: [0.5625, 0.5625, 0.5625, 0.5625, 0.5625, 0.5625, 0.5625, 0.5, 0.5625, 0.5625, 0.5625, 0.5625, 0.5625, 0.5625, 0.5625]
 mean: 0.5583333333333333, std: 0.015590239111558086
F1 Score: [0.36, 0.36, 0.36, 0.36, 0.36, 0.36, 0.36, 0.4666666666666667, 0.36, 0.36, 0.36, 0.36, 0.5151515151515151, 0.36, 0.36]
 mean: 0.3774545454545455, std: 0.0453724241334732
Accuracy Intime: [0.5714285714285714, 0.5714285714285714, 0.6666666666666666, 0.6666666666666666, 0.6666666666666666, 0.5714285714285714, 0.5714285714285714, 0.6666666666666666, 0.6666666666666666, 0.6666666666666666, 0.5714285714285714, 0.5714285714285714, 0.8333333333333334, 0.6666666666666666, 0.6666666666666666]
 mean: 0.6396825396825396, std: 0.06893349444637609
F1 (Intime): [0.36363636363636365, 0.36363636363636365, 0.4, 0.4, 0.4, 0.36363636363636365, 0.36363636363636365, 0.625, 0.4, 0.4, 0.36363636363636365, 0.36363636363636365, 0.7777777777777777, 0.4, 0.4]
 mean: 0.42563973063973065, std: 0.1129643002224058
--------------------------------------------------
Subject Number: 15
Accuracy Cross: [0.5625, 0.5625, 0.5625, 0.5625, 0.625, 0.5625, 0.375, 0.5625, 0.5625, 0.625, 0.5625, 0.375, 0.5, 0.5625, 0.5625]
 mean: 0.5416666666666666, std: 0.07095577652469333
F1 Score: [0.36, 0.36, 0.36, 0.36, 0.5, 0.36, 0.36507936507936506, 0.36, 0.36, 0.5, 0.36, 0.3333333333333333, 0.4920634920634921, 0.5465587044534412, 0.36]
 mean: 0.39846899299530875, std: 0.06830513688490021
Accuracy Intime: [0.5714285714285714, 0.5714285714285714, 0.6666666666666666, 0.6666666666666666, 0.8333333333333334, 0.5714285714285714, 1.0, 0.6666666666666666, 0.6666666666666666, 0.8333333333333334, 0.5714285714285714, 0.8571428571428571, 0.8333333333333334, 0.8333333333333334, 0.8333333333333334]
 mean: 0.7317460317460319, std: 0.13141093356075687
F1 (Intime): [0.36363636363636365, 0.36363636363636365, 0.4, 0.4, 0.7777777777777777, 0.36363636363636365, 1.0, 0.4, 0.4, 0.7777777777777777, 0.36363636363636365, 0.8444444444444444, 0.7777777777777777, 0.7777777777777777, 0.7777777777777777]
 mean: 0.585858585858586, std: 0.2248331467628321
--------------------------------------------------
Subject Number: 16
Accuracy Cross: [0.4375, 0.5625, 0.5, 0.6875, 0.5625, 0.5, 0.4375, 0.875, 0.5625, 0.875, 0.75, 0.5625, 0.625, 0.75, 0.6875]
 mean: 0.625, std: 0.13693063937629152
F1 Score: [0.30434782608695654, 0.5465587044534412, 0.4181818181818182, 0.6135265700483092, 0.36, 0.4181818181818182, 0.37662337662337664, 0.873015873015873, 0.36, 0.875, 0.7333333333333334, 0.36, 0.5636363636363637, 0.75, 0.6135265700483092]
 mean: 0.5443954835739734, std: 0.18705253443807832
Accuracy Intime: [1.0, 0.8571428571428571, 0.5, 0.8333333333333334, 0.6666666666666666, 0.8571428571428571, 0.8571428571428571, 0.6666666666666666, 0.6666666666666666, 1.0, 0.8571428571428571, 0.5714285714285714, 0.6666666666666666, 0.8333333333333334, 1.0]
 mean: 0.788888888888889, std: 0.15204990495019743
F1 (Intime): [1.0, 0.8444444444444444, 0.4857142857142857, 0.7777777777777777, 0.4, 0.8571428571428571, 0.8444444444444444, 0.4, 0.4, 1.0, 0.8571428571428571, 0.36363636363636365, 0.625, 0.8285714285714285, 1.0]
 mean: 0.7122582972582973, std: 0.23325608538890358
--------------------------------------------------
Subject Number: 17
Accuracy Cross: [0.5625, 0.5625, 0.5625, 0.625, 0.5625, 0.5625, 0.5625, 0.5625, 0.5625, 0.5625, 0.5625, 0.4375, 0.4375, 0.4375, 0.5625]
 mean: 0.5416666666666666, std: 0.05432668671002207
F1 Score: [0.36, 0.36, 0.36, 0.5636363636363637, 0.36, 0.36, 0.36, 0.36, 0.36, 0.36, 0.5607843137254902, 0.37662337662337664, 0.30434782608695654, 0.43529411764705883, 0.36]
 mean: 0.38937906651461635, std: 0.07205454936276313
Accuracy Intime: [0.7142857142857143, 0.5714285714285714, 0.6666666666666666, 0.6666666666666666, 0.6666666666666666, 0.5714285714285714, 0.5714285714285714, 0.6666666666666666, 0.6666666666666666, 0.6666666666666666, 0.8571428571428571, 0.5714285714285714, 0.8571428571428571, 0.8333333333333334, 0.6666666666666666]
 mean: 0.6809523809523809, std: 0.09515869706236105
F1 (Intime): [0.65, 0.36363636363636365, 0.4, 0.4, 0.4, 0.36363636363636365, 0.36363636363636365, 0.4, 0.4, 0.4, 0.8444444444444444, 0.5333333333333333, 0.8571428571428571, 0.7777777777777777, 0.4]
 mean: 0.5035738335738336, std: 0.1774933126112675
--------------------------------------------------
Subject Number: 18
Accuracy Cross: [0.375, 0.5625, 0.5625, 0.5625, 0.5625, 0.5625, 0.5625, 0.625, 0.4375, 0.6875, 0.5625, 0.5625, 0.5, 0.5625, 0.5625]
 mean: 0.55, std: 0.06922186552431729
F1 Score: [0.3333333333333333, 0.36, 0.36, 0.36, 0.36, 0.36, 0.36, 0.625, 0.41700404858299595, 0.6761133603238867, 0.36, 0.36, 0.4181818181818182, 0.36, 0.36]
 mean: 0.4046421706948023, std: 0.09919828699562888
Accuracy Intime: [0.7142857142857143, 0.5714285714285714, 0.6666666666666666, 0.6666666666666666, 0.6666666666666666, 0.5714285714285714, 0.5714285714285714, 0.8333333333333334, 0.8333333333333334, 1.0, 0.5714285714285714, 0.5714285714285714, 0.8333333333333334, 1.0, 0.6666666666666666]
 mean: 0.7158730158730158, std: 0.1453399764096457
F1 (Intime): [0.7083333333333333, 0.36363636363636365, 0.4, 0.4, 0.4, 0.36363636363636365, 0.36363636363636365, 0.7777777777777777, 0.7777777777777777, 1.0, 0.36363636363636365, 0.36363636363636365, 0.8285714285714285, 1.0, 0.4]
 mean: 0.5673761423761423, std: 0.24091007828576272
--------------------------------------------------
Subject Number: 19
Accuracy Cross: [0.5625, 0.5625, 0.6875, 0.5, 0.6875, 0.6875, 0.75, 0.625, 0.625, 0.625, 0.5625, 0.5625, 0.6875, 0.5625, 0.5625]
 mean: 0.6166666666666667, std: 0.06795627679291703
F1 Score: [0.36, 0.36, 0.6761133603238867, 0.5, 0.6862745098039216, 0.6135265700483092, 0.7090909090909091, 0.5636363636363637, 0.5, 0.5, 0.36, 0.36, 0.6135265700483092, 0.36, 0.36]
 mean: 0.5014778855301134, std: 0.13085017023498044
Accuracy Intime: [0.7142857142857143, 0.8571428571428571, 1.0, 0.8333333333333334, 0.8333333333333334, 0.7142857142857143, 1.0, 0.8333333333333334, 0.6666666666666666, 0.6666666666666666, 0.5714285714285714, 0.7142857142857143, 1.0, 0.6666666666666666, 0.6666666666666666]
 mean: 0.7825396825396825, std: 0.13352216409405138
F1 (Intime): [0.65, 0.8444444444444444, 1.0, 0.8285714285714285, 0.7777777777777777, 0.65, 1.0, 0.7777777777777777, 0.4, 0.4, 0.36363636363636365, 0.65, 1.0, 0.4, 0.4]
 mean: 0.6761471861471863, std: 0.22972443204053195
--------------------------------------------------
Subject Number: 20
Accuracy Cross: [0.5625, 0.625, 0.5625, 0.6875, 0.5625, 0.625, 0.5, 0.5625, 0.5625, 0.5625, 0.5625, 0.5625, 0.5625, 0.4375, 0.5625]
 mean: 0.5666666666666667, std: 0.05335936864527374
F1 Score: [0.36, 0.5, 0.45893719806763283, 0.6135265700483092, 0.36, 0.5, 0.4666666666666667, 0.36, 0.36, 0.36, 0.36, 0.36, 0.36, 0.30434782608695654, 0.36]
 mean: 0.4055652173913044, std: 0.08024811423836588
Accuracy Intime: [0.42857142857142855, 0.8571428571428571, 0.8333333333333334, 1.0, 0.6666666666666666, 0.7142857142857143, 0.7142857142857143, 0.6666666666666666, 0.6666666666666666, 0.6666666666666666, 0.7142857142857143, 0.5714285714285714, 0.6666666666666666, 0.8333333333333334, 0.6666666666666666]
 mean: 0.7111111111111111, std: 0.1280313957465129
F1 (Intime): [0.3, 0.8444444444444444, 0.7777777777777777, 1.0, 0.4, 0.65, 0.7083333333333333, 0.4, 0.4, 0.4, 0.65, 0.36363636363636365, 0.4, 0.7777777777777777, 0.4]
 mean: 0.56479797979798, std: 0.2108679064050231
--------------------------------------------------
Subject Number: 21
Accuracy Cross: [0.625, 0.4375, 0.6875, 0.5625, 0.5625, 0.5625, 0.5, 0.5, 0.5625, 0.5625, 0.5, 0.3125, 0.625, 0.5625, 0.5625]
 mean: 0.5416666666666666, std: 0.0843685697138191
F1 Score: [0.6, 0.41700404858299595, 0.6536796536796536, 0.36, 0.36, 0.36, 0.3333333333333333, 0.3333333333333333, 0.36, 0.36, 0.4666666666666667, 0.23809523809523808, 0.5, 0.36, 0.36]
 mean: 0.40414081824608145, std: 0.1049227633337357
Accuracy Intime: [0.8571428571428571, 0.7142857142857143, 0.8333333333333334, 0.6666666666666666, 0.6666666666666666, 0.8571428571428571, 0.5714285714285714, 0.8333333333333334, 0.6666666666666666, 0.6666666666666666, 0.8571428571428571, 0.7142857142857143, 0.6666666666666666, 0.6666666666666666, 0.6666666666666666]
 mean: 0.7269841269841268, std: 0.09071258452209238
F1 (Intime): [0.8444444444444444, 0.7083333333333333, 0.7777777777777777, 0.4, 0.4, 0.8444444444444444, 0.36363636363636365, 0.7777777777777777, 0.4, 0.4, 0.8444444444444444, 0.7083333333333333, 0.4, 0.4, 0.4]
 mean: 0.577946127946128, std: 0.1990834879359585
--------------------------------------------------
Subject Number: 22
Accuracy Cross: [0.4375, 0.5, 0.5625, 0.5625, 0.5625, 0.625, 0.5625, 0.5625, 0.625, 0.5625, 0.4375, 0.75, 0.6875, 0.625, 0.5625]
 mean: 0.575, std: 0.07971302695712079
F1 Score: [0.41700404858299595, 0.4920634920634921, 0.5151515151515151, 0.36, 0.36, 0.5, 0.36, 0.36, 0.5, 0.36, 0.41700404858299595, 0.75, 0.6536796536796536, 0.5, 0.36]
 mean: 0.4603268505373769, std: 0.1137767599596344
Accuracy Intime: [1.0, 0.7142857142857143, 1.0, 0.6666666666666666, 0.6666666666666666, 0.8571428571428571, 0.8571428571428571, 0.6666666666666666, 1.0, 0.6666666666666666, 0.7142857142857143, 0.8571428571428571, 0.6666666666666666, 0.6666666666666666, 0.6666666666666666]
 mean: 0.7777777777777776, std: 0.1320421228132408
F1 (Intime): [1.0, 0.7083333333333333, 1.0, 0.4, 0.4, 0.8444444444444444, 0.8444444444444444, 0.4, 1.0, 0.4, 0.65, 0.8571428571428571, 0.625, 0.4, 0.4]
 mean: 0.6619576719576721, std: 0.2398483460041632
--------------------------------------------------
Subject Number: 23
Accuracy Cross: [0.625, 0.875, 0.5625, 0.5625, 0.5625, 0.5625, 0.4375, 0.5, 0.875, 0.625, 0.4375, 0.5625, 0.5625, 0.375, 0.5625]
 mean: 0.5791666666666667, std: 0.13398279325677936
F1 Score: [0.5, 0.8666666666666667, 0.36, 0.36, 0.36, 0.5607843137254902, 0.37662337662337664, 0.4920634920634921, 0.873015873015873, 0.5, 0.37662337662337664, 0.36, 0.36, 0.2727272727272727, 0.36]
 mean: 0.4652336247630366, std: 0.17491120969726345
Accuracy Intime: [0.7142857142857143, 0.8571428571428571, 0.6666666666666666, 0.8333333333333334, 0.6666666666666666, 0.8571428571428571, 1.0, 0.8571428571428571, 0.8333333333333334, 0.8333333333333334, 0.8571428571428571, 0.8571428571428571, 0.8333333333333334, 0.8333333333333334, 0.6666666666666666]
 mean: 0.8111111111111112, std: 0.08970711841869711
F1 (Intime): [0.65, 0.8571428571428571, 0.4, 0.7777777777777777, 0.4, 0.8444444444444444, 1.0, 0.8571428571428571, 0.7777777777777777, 0.7777777777777777, 0.8444444444444444, 0.8444444444444444, 0.7777777777777777, 0.8285714285714285, 0.4]
 mean: 0.735820105820106, std: 0.1818355101163824
--------------------------------------------------
Subject Number: 24
Accuracy Cross: [0.5625, 0.5625, 0.5625, 0.5625, 0.5625, 0.5625, 0.5625, 0.375, 0.5625, 0.5625, 0.625, 0.5625, 0.5625, 0.5625, 0.5625]
 mean: 0.5541666666666667, std: 0.050346024889977366
F1 Score: [0.5151515151515151, 0.36, 0.5607843137254902, 0.36, 0.36, 0.36, 0.36, 0.36507936507936506, 0.36, 0.36, 0.5636363636363637, 0.36, 0.36, 0.36, 0.36]
 mean: 0.39764343717284895, std: 0.07511079656253791
Accuracy Intime: [1.0, 0.5714285714285714, 0.6666666666666666, 0.6666666666666666, 0.6666666666666666, 0.5714285714285714, 0.5714285714285714, 0.3333333333333333, 0.6666666666666666, 0.6666666666666666, 0.5714285714285714, 0.7142857142857143, 0.6666666666666666, 0.6666666666666666, 0.6666666666666666]
 mean: 0.6444444444444444, std: 0.12996501263783314
F1 (Intime): [1.0, 0.36363636363636365, 0.4, 0.4, 0.4, 0.36363636363636365, 0.36363636363636365, 0.3333333333333333, 0.4, 0.4, 0.36363636363636365, 0.7083333333333333, 0.4, 0.4, 0.4]
 mean: 0.44641414141414154, std: 0.1698016602272697
--------------------------------------------------
Subject Number: 25
Accuracy Cross: [0.5625, 0.5625, 0.5625, 0.5625, 0.5625, 0.5625, 0.5625, 0.6875, 0.5625, 0.5625, 0.5625, 0.5625, 0.5, 0.5625, 0.5]
 mean: 0.5625, std: 0.03952847075210474
F1 Score: [0.36, 0.36, 0.36, 0.36, 0.36, 0.5151515151515151, 0.5465587044534412, 0.6135265700483092, 0.36, 0.36, 0.36, 0.5151515151515151, 0.4666666666666667, 0.36, 0.4181818181818182]
 mean: 0.42101578597688444, std: 0.08412009942318338
Accuracy Intime: [0.5714285714285714, 0.5714285714285714, 0.6666666666666666, 0.6666666666666666, 0.6666666666666666, 0.7142857142857143, 0.8571428571428571, 0.5, 0.6666666666666666, 0.6666666666666666, 0.5714285714285714, 0.7142857142857143, 0.8333333333333334, 0.6666666666666666, 0.8333333333333334]
 mean: 0.6777777777777778, std: 0.09983609646677073
F1 (Intime): [0.36363636363636365, 0.36363636363636365, 0.4, 0.4, 0.4, 0.7083333333333333, 0.8444444444444444, 0.3333333333333333, 0.4, 0.4, 0.36363636363636365, 0.65, 0.7777777777777777, 0.4, 0.7777777777777777]
 mean: 0.5055050505050506, std: 0.17925290490803084
--------------------------------------------------
Subject Number: 26
Accuracy Cross: [0.5625, 0.375, 0.5625, 0.5625, 0.3125, 0.5625, 0.5625, 0.5625, 0.5625, 0.5625, 0.5625, 0.5625, 0.375, 0.5625, 0.5625]
 mean: 0.5208333333333334, std: 0.0843685697138191
F1 Score: [0.36, 0.36507936507936506, 0.36, 0.36, 0.30980392156862746, 0.36, 0.36, 0.36, 0.36, 0.36, 0.36, 0.36, 0.3333333333333333, 0.36, 0.36]
 mean: 0.35521444133208835, std: 0.01393564679553537
Accuracy Intime: [0.5714285714285714, 1.0, 0.6666666666666666, 0.6666666666666666, 1.0, 0.5714285714285714, 0.5714285714285714, 0.6666666666666666, 0.6666666666666666, 0.6666666666666666, 0.5714285714285714, 0.5714285714285714, 0.8333333333333334, 0.6666666666666666, 0.6666666666666666]
 mean: 0.6904761904761904, std: 0.1382866762833302
F1 (Intime): [0.36363636363636365, 1.0, 0.4, 0.4, 1.0, 0.36363636363636365, 0.36363636363636365, 0.4, 0.4, 0.4, 0.36363636363636365, 0.36363636363636365, 0.7777777777777777, 0.4, 0.4]
 mean: 0.4930639730639731, std: 0.22202313293796985
--------------------------------------------------
Subject Number: 27
Accuracy Cross: [0.6875, 0.5625, 0.5625, 0.5625, 0.5625, 0.5625, 0.5625, 0.6875, 0.5625, 0.5625, 0.4375, 0.5625, 0.4375, 0.4375, 0.5625]
 mean: 0.5541666666666667, std: 0.07168604389202188
F1 Score: [0.6135265700483092, 0.36, 0.36, 0.36, 0.36, 0.36, 0.36, 0.6536796536796536, 0.36, 0.36, 0.43529411764705883, 0.36, 0.30434782608695654, 0.30434782608695654, 0.36]
 mean: 0.39407973290326237, std: 0.09830753476013947
Accuracy Intime: [0.8571428571428571, 0.5714285714285714, 0.6666666666666666, 0.6666666666666666, 0.6666666666666666, 0.5714285714285714, 0.5714285714285714, 0.8333333333333334, 0.6666666666666666, 0.6666666666666666, 0.5714285714285714, 0.5714285714285714, 0.7142857142857143, 1.0, 0.6666666666666666]
 mean: 0.684126984126984, std: 0.12061403327944681
F1 (Intime): [0.8444444444444444, 0.36363636363636365, 0.4, 0.4, 0.4, 0.36363636363636365, 0.36363636363636365, 0.7777777777777777, 0.4, 0.4, 0.5333333333333333, 0.36363636363636365, 0.7083333333333333, 1.0, 0.4]
 mean: 0.5145622895622896, std: 0.20355435296328234
--------------------------------------------------
Subject Number: 28
Accuracy Cross: [0.5625, 0.625, 0.5625, 0.5, 0.8125, 0.4375, 0.625, 0.5625, 0.5625, 0.5625, 0.5, 0.5625, 0.5, 0.375, 0.5625]
 mean: 0.5541666666666667, std: 0.09372684899334995
F1 Score: [0.36, 0.625, 0.36, 0.5, 0.8117647058823529, 0.43529411764705883, 0.6, 0.36, 0.45893719806763283, 0.36, 0.4920634920634921, 0.5151515151515151, 0.3333333333333333, 0.2727272727272727, 0.5151515151515151]
 mean: 0.46662821000161153, std: 0.13424924246908113
Accuracy Intime: [0.5714285714285714, 1.0, 0.6666666666666666, 1.0, 1.0, 0.7142857142857143, 0.8571428571428571, 0.6666666666666666, 0.6666666666666666, 0.6666666666666666, 1.0, 0.8571428571428571, 1.0, 0.8333333333333334, 0.8333333333333334]
 mean: 0.8222222222222224, std: 0.14878359562476812
F1 (Intime): [0.36363636363636365, 1.0, 0.4, 1.0, 1.0, 0.7083333333333333, 0.8444444444444444, 0.4, 0.4, 0.4, 1.0, 0.8444444444444444, 1.0, 0.7777777777777777, 0.7777777777777777]
 mean: 0.7277609427609429, std: 0.2537028513387785
--------------------------------------------------
Subject Number: 29
Accuracy Cross: [0.5, 0.625, 0.5625, 0.625, 0.5625, 0.75, 0.625, 0.5625, 0.5625, 0.5, 0.5625, 0.6875, 0.5625, 0.5625, 0.5625]
 mean: 0.5875, std: 0.0637377439199098
F1 Score: [0.4666666666666667, 0.6190476190476191, 0.36, 0.6, 0.36, 0.7090909090909091, 0.625, 0.36, 0.36, 0.4666666666666667, 0.36, 0.6135265700483092, 0.36, 0.36, 0.36]
 mean: 0.46533322876801153, std: 0.12580409976884968
Accuracy Intime: [0.8571428571428571, 0.8571428571428571, 0.6666666666666666, 0.8333333333333334, 0.6666666666666666, 0.8571428571428571, 0.8571428571428571, 0.6666666666666666, 0.6666666666666666, 0.8333333333333334, 0.5714285714285714, 0.8571428571428571, 0.6666666666666666, 0.6666666666666666, 0.6666666666666666]
 mean: 0.7460317460317459, std: 0.10051517586658772
F1 (Intime): [0.8571428571428571, 0.8571428571428571, 0.4, 0.7777777777777777, 0.4, 0.8444444444444444, 0.8571428571428571, 0.4, 0.4, 0.7777777777777777, 0.36363636363636365, 0.8444444444444444, 0.4, 0.4, 0.4]
 mean: 0.5986339586339586, std: 0.2186203976273831
--------------------------------------------------
**************************************************
accuracy_cross_list: [0.55, 0.6875, 0.5791666666666667, 0.7, 0.5708333333333333, 0.5958333333333333, 0.5541666666666667, 0.5541666666666667, 0.5291666666666667, 0.49583333333333335, 0.5916666666666667, 0.5375, 0.5291666666666667, 0.5583333333333333, 0.5416666666666666, 0.625, 0.5416666666666666, 0.55, 0.6166666666666667, 0.5666666666666667, 0.5416666666666666, 0.575, 0.5791666666666667, 0.5541666666666667, 0.5625, 0.5208333333333334, 0.5541666666666667, 0.5541666666666667, 0.5875]
f1_score_list: [0.3993923814976447, 0.6373333514324225, 0.5148562442029935, 0.636805514652062, 0.49360451909058717, 0.5104170557111734, 0.39482093390075623, 0.4269325184619303, 0.43025608323764203, 0.3986316900819526, 0.4838846017106888, 0.4014860928545139, 0.4135686471338646, 0.3774545454545455, 0.39846899299530875, 0.5443954835739734, 0.38937906651461635, 0.4046421706948023, 0.5014778855301134, 0.4055652173913044, 0.40414081824608145, 0.4603268505373769, 0.4652336247630366, 0.39764343717284895, 0.42101578597688444, 0.35521444133208835, 0.39407973290326237, 0.46662821000161153, 0.46533322876801153]
accuracy_intime_list: [0.6984126984126983, 0.8317460317460318, 0.7301587301587301, 0.8968253968253969, 0.8507936507936508, 0.7777777777777778, 0.7317460317460316, 0.7349206349206349, 0.73015873015873, 0.780952380952381, 0.7603174603174604, 0.7222222222222221, 0.7396825396825396, 0.6396825396825396, 0.7317460317460319, 0.788888888888889, 0.6809523809523809, 0.7158730158730158, 0.7825396825396825, 0.7111111111111111, 0.7269841269841268, 0.7777777777777776, 0.8111111111111112, 0.6444444444444444, 0.6777777777777778, 0.6904761904761904, 0.684126984126984, 0.8222222222222224, 0.7460317460317459]
f1_score_intime_list: [0.5394107744107743, 0.7665873015873017, 0.6466498316498316, 0.8515873015873017, 0.7662962962962964, 0.6691366041366041, 0.5754882154882155, 0.6125420875420874, 0.601887926887927, 0.67000962000962, 0.7062794612794614, 0.5668109668109669, 0.675098605098605, 0.42563973063973065, 0.585858585858586, 0.7122582972582973, 0.5035738335738336, 0.5673761423761423, 0.6761471861471863, 0.56479797979798, 0.577946127946128, 0.6619576719576721, 0.735820105820106, 0.44641414141414154, 0.5055050505050506, 0.4930639730639731, 0.5145622895622896, 0.7277609427609429, 0.5986339586339586]
**************************************************
ACC: 56.91±4.33
F1: 44.80±6.93
Intime: 74.54±5.92
F1 (Intime): 61.88±10.06
