1e-04
Subject Number: 1
Accuracy Cross: [0.20952380952380953, 0.19047619047619047, 0.20952380952380953, 0.20952380952380953, 0.21904761904761905, 0.22857142857142856, 0.2, 0.21904761904761905, 0.10476190476190476, 0.2, 0.21904761904761905, 0.22857142857142856, 0.21904761904761905, 0.22857142857142856, 0.2]
 mean: 0.20571428571428577, std: 0.02926150761092803
F1 Score: [0.11836734693877551, 0.14516460283902144, 0.10816030902945437, 0.12046041813483674, 0.11491596638655462, 0.172296398665567, 0.09387755102040815, 0.16772486772486772, 0.04729344729344729, 0.11802656546489562, 0.1273284569836294, 0.12702020202020203, 0.10162601626016261, 0.13884188418841883, 0.06666666666666667]
 mean: 0.11785137997446053, std: 0.031997980854415596
Accuracy Intime: [0.40476190476190477, 0.40476190476190477, 0.21428571428571427, 0.21428571428571427, 0.2857142857142857, 0.2857142857142857, 0.19047619047619047, 0.35714285714285715, 0.21428571428571427, 0.21428571428571427, 0.30952380952380953, 0.3333333333333333, 0.2619047619047619, 0.2619047619047619, 0.23809523809523808]
 mean: 0.27936507936507937, std: 0.06760488710808525
F1 (Intime): [0.24784688995215315, 0.3107142857142857, 0.10444874274661509, 0.12225913621262459, 0.16, 0.21894576012223074, 0.09182209469153516, 0.27802197802197803, 0.10444444444444445, 0.11004784688995214, 0.1956958393113343, 0.26166666666666666, 0.16956521739130434, 0.15844155844155844, 0.07692307692307693]
 mean: 0.17405623583531735, std: 0.07221180691636686
--------------------------------------------------
Subject Number: 2
Accuracy Cross: [0.3904761904761905, 0.42857142857142855, 0.49523809523809526, 0.44761904761904764, 0.45714285714285713, 0.47619047619047616, 0.47619047619047616, 0.49523809523809526, 0.4, 0.45714285714285713, 0.37142857142857144, 0.41904761904761906, 0.4857142857142857, 0.3904761904761905, 0.47619047619047616]
 mean: 0.44444444444444453, std: 0.04020607034663508
F1 Score: [0.36881805221420294, 0.3876510050423094, 0.45247328683118876, 0.4277852068095971, 0.4570415075120957, 0.4154146321496609, 0.40085744371458654, 0.4928103292056781, 0.26405066907947994, 0.43226866157098714, 0.24286799620132954, 0.3804848484848485, 0.4668020021693485, 0.2961226595901518, 0.47640701513300093]
 mean: 0.3974570210472311, std: 0.07409226095596239
Accuracy Intime: [0.5238095238095238, 0.5952380952380952, 0.5476190476190477, 0.5, 0.47619047619047616, 0.6428571428571429, 0.6190476190476191, 0.6190476190476191, 0.47619047619047616, 0.38095238095238093, 0.4523809523809524, 0.5, 0.5238095238095238, 0.4523809523809524, 0.5476190476190477]
 mean: 0.5238095238095238, std: 0.07063046178186347
F1 (Intime): [0.49437519002736396, 0.5281291807607597, 0.5526190476190476, 0.4651591545709192, 0.4678654970760234, 0.6098362964266855, 0.5605763517528224, 0.6, 0.4254545454545454, 0.36582633053221286, 0.2882154882154882, 0.4384242424242425, 0.4826759411898731, 0.3703448275862069, 0.5414418398938523]
 mean: 0.4793962622353362, std: 0.08802871693573378
--------------------------------------------------
Subject Number: 3
Accuracy Cross: [0.2857142857142857, 0.20952380952380953, 0.2, 0.2571428571428571, 0.23809523809523808, 0.14285714285714285, 0.26666666666666666, 0.20952380952380953, 0.24761904761904763, 0.2, 0.2857142857142857, 0.2761904761904762, 0.2571428571428571, 0.2571428571428571, 0.21904761904761905]
 mean: 0.2368253968253968, std: 0.038232556742411675
F1 Score: [0.20241545893719803, 0.16762651309123872, 0.06666666666666667, 0.16152575216726162, 0.16460686600221483, 0.09526432011067656, 0.23050156739811914, 0.1287125482646279, 0.23452624674663153, 0.06666666666666667, 0.2697630684727459, 0.2418478598992054, 0.17510351966873705, 0.2229506492175158, 0.19051909731388111]
 mean: 0.1745797867082258, std: 0.06092510159724483
Accuracy Intime: [0.3333333333333333, 0.3333333333333333, 0.19047619047619047, 0.30952380952380953, 0.2619047619047619, 0.2619047619047619, 0.2857142857142857, 0.30952380952380953, 0.4523809523809524, 0.23809523809523808, 0.40476190476190477, 0.35714285714285715, 0.2857142857142857, 0.40476190476190477, 0.2857142857142857]
 mean: 0.3142857142857143, std: 0.06689303970065232
F1 (Intime): [0.2501466275659824, 0.28908232118758437, 0.064, 0.22205128205128205, 0.185, 0.2, 0.22935574229691874, 0.26241758241758245, 0.41790209790209787, 0.07692307692307693, 0.38066515837104076, 0.2599681020733652, 0.20659223817118555, 0.35265972417675207, 0.19942528735632184]
 mean: 0.23974594936621269, std: 0.094139370206814
--------------------------------------------------
Subject Number: 4
Accuracy Cross: [0.23809523809523808, 0.34285714285714286, 0.3238095238095238, 0.2, 0.19047619047619047, 0.2857142857142857, 0.3238095238095238, 0.3619047619047619, 0.24761904761904763, 0.3238095238095238, 0.3142857142857143, 0.23809523809523808, 0.3047619047619048, 0.3142857142857143, 0.26666666666666666]
 mean: 0.2850793650793651, std: 0.05045122673096871
F1 Score: [0.1359804610968852, 0.2369881362418676, 0.24009971509971512, 0.1792196608373079, 0.064, 0.28104576638594614, 0.26572574316476755, 0.3249445066693819, 0.16119757224386264, 0.2528280542986425, 0.2916896710374971, 0.14400414400414402, 0.26209381294127054, 0.28610196116238906, 0.16536994660564452]
 mean: 0.21941927678595477, std: 0.07078258786927878
Accuracy Intime: [0.30952380952380953, 0.40476190476190477, 0.35714285714285715, 0.21428571428571427, 0.19047619047619047, 0.2857142857142857, 0.35714285714285715, 0.5238095238095238, 0.2857142857142857, 0.38095238095238093, 0.4523809523809524, 0.40476190476190477, 0.35714285714285715, 0.42857142857142855, 0.35714285714285715]
 mean: 0.35396825396825393, std: 0.084679229640312
F1 (Intime): [0.20227810015044057, 0.27897435897435896, 0.27137254901960783, 0.2242144522144522, 0.064, 0.2669264069264069, 0.305103668261563, 0.5071212121212121, 0.2477124183006536, 0.33404761904761904, 0.37817359111476756, 0.26421052631578945, 0.3275171886936593, 0.37435897435897436, 0.20689655172413796]
 mean: 0.28352717448157616, std: 0.09606919639632625
--------------------------------------------------
Subject Number: 5
Accuracy Cross: [0.26666666666666666, 0.20952380952380953, 0.21904761904761905, 0.19047619047619047, 0.2, 0.2571428571428571, 0.2, 0.19047619047619047, 0.19047619047619047, 0.2, 0.2857142857142857, 0.26666666666666666, 0.26666666666666666, 0.2857142857142857, 0.2]
 mean: 0.22857142857142856, std: 0.03630724687110043
F1 Score: [0.167546103109436, 0.11602296690677523, 0.17462121212121212, 0.09551073519843852, 0.06666666666666667, 0.16325465737230443, 0.06666666666666667, 0.10446054136484942, 0.18240410049853759, 0.08151260504201681, 0.2058566321234987, 0.2191241266154158, 0.18426888426888427, 0.24750434122250758, 0.08211570247933885]
 mean: 0.1438357294437699, std: 0.05746559567507447
Accuracy Intime: [0.35714285714285715, 0.35714285714285715, 0.2857142857142857, 0.21428571428571427, 0.23809523809523808, 0.38095238095238093, 0.23809523809523808, 0.2619047619047619, 0.30952380952380953, 0.2857142857142857, 0.42857142857142855, 0.40476190476190477, 0.3333333333333333, 0.40476190476190477, 0.23809523809523808]
 mean: 0.31587301587301586, std: 0.06816162080502822
F1 (Intime): [0.19821428571428573, 0.29002457002457005, 0.27095238095238094, 0.12983114446529082, 0.07692307692307693, 0.25965247887772996, 0.07692307692307693, 0.1631578947368421, 0.30745098039215685, 0.175, 0.3533237133237133, 0.29111111111111115, 0.22773892773892773, 0.3614262930052403, 0.15555555555555553]
 mean: 0.2224856993162639, std: 0.08887307470845113
--------------------------------------------------
Subject Number: 6
Accuracy Cross: [0.3142857142857143, 0.29523809523809524, 0.2857142857142857, 0.18095238095238095, 0.2761904761904762, 0.29523809523809524, 0.2761904761904762, 0.2, 0.24761904761904763, 0.2, 0.21904761904761905, 0.3238095238095238, 0.2, 0.23809523809523808, 0.2]
 mean: 0.25015873015873025, std: 0.0463274573890913
F1 Score: [0.2936074892596632, 0.2079493670886076, 0.2798879551820728, 0.12047619047619047, 0.23055760694657143, 0.24290423703104458, 0.19183498557266518, 0.06720000000000001, 0.23786084786084788, 0.06666666666666667, 0.1348070346849047, 0.32290914343492705, 0.06666666666666667, 0.1727764493331208, 0.06666666666666667]
 mean: 0.1801847537913744, std: 0.08601695332197364
Accuracy Intime: [0.47619047619047616, 0.3333333333333333, 0.35714285714285715, 0.23809523809523808, 0.38095238095238093, 0.3333333333333333, 0.42857142857142855, 0.21428571428571427, 0.30952380952380953, 0.23809523809523808, 0.2619047619047619, 0.40476190476190477, 0.21428571428571427, 0.42857142857142855, 0.23809523809523808]
 mean: 0.32380952380952377, std: 0.08420182355476091
F1 (Intime): [0.4412454212454212, 0.23923371647509578, 0.31560606060606056, 0.16499999999999998, 0.2977408354646206, 0.22314078784667019, 0.33441318556408073, 0.10666666666666666, 0.2806410256410256, 0.07692307692307693, 0.14343434343434341, 0.38992063492063495, 0.10666666666666666, 0.3165663322185061, 0.07692307692307693]
 mean: 0.23427478870639637, std: 0.11311968277129918
--------------------------------------------------
Subject Number: 7
Accuracy Cross: [0.20952380952380953, 0.29523809523809524, 0.21904761904761905, 0.23809523809523808, 0.24761904761904763, 0.20952380952380953, 0.17142857142857143, 0.2857142857142857, 0.3047619047619048, 0.2761904761904762, 0.2761904761904762, 0.2761904761904762, 0.29523809523809524, 0.24761904761904763, 0.26666666666666666]
 mean: 0.2546031746031746, std: 0.03736873389095153
F1 Score: [0.0906810035842294, 0.2526442652532711, 0.19065145380934856, 0.21595410093862105, 0.18846059905716123, 0.11914427157001413, 0.12598357963875204, 0.24111104708119635, 0.2769929971988796, 0.2276137730236091, 0.20674513526340768, 0.19805814982629028, 0.24407326007326008, 0.16484330484330484, 0.1864935064935065]
 mean: 0.19529669651032347, std: 0.05077539440340948
Accuracy Intime: [0.2857142857142857, 0.35714285714285715, 0.42857142857142855, 0.42857142857142855, 0.3333333333333333, 0.3333333333333333, 0.35714285714285715, 0.35714285714285715, 0.4523809523809524, 0.30952380952380953, 0.3333333333333333, 0.4523809523809524, 0.35714285714285715, 0.2857142857142857, 0.35714285714285715]
 mean: 0.36190476190476184, std: 0.05302632726504783
F1 (Intime): [0.15795832074901842, 0.3117860962566846, 0.3843290043290043, 0.4135775335775335, 0.2407941483803553, 0.19302325581395346, 0.24118518518518517, 0.2857033492822966, 0.42484316852737897, 0.2708334435888616, 0.2532802032802033, 0.3408695652173913, 0.27861111111111114, 0.16722580645161292, 0.26816770186335404]
 mean: 0.28214585957426297, std: 0.07897117530571146
--------------------------------------------------
Subject Number: 8
Accuracy Cross: [0.34285714285714286, 0.3238095238095238, 0.38095238095238093, 0.3333333333333333, 0.37142857142857144, 0.3333333333333333, 0.3238095238095238, 0.3047619047619048, 0.3619047619047619, 0.29523809523809524, 0.4095238095238095, 0.4, 0.3904761904761905, 0.2857142857142857, 0.38095238095238093]
 mean: 0.34920634920634924, std: 0.03772304959368367
F1 Score: [0.2498074845474027, 0.27024076872128167, 0.3020580618781518, 0.29275681506084494, 0.30922996807995484, 0.24081801125703564, 0.22940947940947937, 0.2528494623655914, 0.3634560919865225, 0.24863170584689573, 0.331205146622529, 0.3322302817185472, 0.36995563576208745, 0.24347334652924713, 0.2863409146490585]
 mean: 0.2881642116289754, std: 0.04405130344930572
Accuracy Intime: [0.47619047619047616, 0.42857142857142855, 0.38095238095238093, 0.5, 0.4523809523809524, 0.5, 0.38095238095238093, 0.47619047619047616, 0.5238095238095238, 0.40476190476190477, 0.5, 0.42857142857142855, 0.38095238095238093, 0.42857142857142855, 0.38095238095238093]
 mean: 0.44285714285714295, std: 0.049026810195176206
F1 (Intime): [0.4345112781954888, 0.3683116883116883, 0.3022222222222222, 0.4511124871001032, 0.41654403388149525, 0.3916092796092796, 0.22966507177033493, 0.4666769487822119, 0.5117619047619048, 0.40032478632478624, 0.3886152162014231, 0.33982683982683987, 0.33012987012987016, 0.32777777777777783, 0.3160919540229885]
 mean: 0.3783454239278942, std: 0.0704830741345163
--------------------------------------------------
Subject Number: 9
Accuracy Cross: [0.23809523809523808, 0.2571428571428571, 0.2, 0.21904761904761905, 0.18095238095238095, 0.19047619047619047, 0.23809523809523808, 0.2571428571428571, 0.21904761904761905, 0.26666666666666666, 0.22857142857142856, 0.26666666666666666, 0.26666666666666666, 0.26666666666666666, 0.2]
 mean: 0.233015873015873, std: 0.02927528097371048
F1 Score: [0.15725490196078434, 0.14408510638297872, 0.06666666666666667, 0.15332884097035043, 0.08684365781710915, 0.13837781266352694, 0.22944938102832838, 0.1989684074790458, 0.10085245901639343, 0.22571303808879875, 0.12555555555555556, 0.19805562684123404, 0.24379588258939083, 0.19950980392156864, 0.06666666666666667]
 mean: 0.15567492050989326, std: 0.05694566650362103
Accuracy Intime: [0.30952380952380953, 0.21428571428571427, 0.2619047619047619, 0.35714285714285715, 0.30952380952380953, 0.30952380952380953, 0.42857142857142855, 0.21428571428571427, 0.2619047619047619, 0.38095238095238093, 0.35714285714285715, 0.38095238095238093, 0.38095238095238093, 0.23809523809523808, 0.23809523809523808]
 mean: 0.3095238095238095, std: 0.06677994910464327
F1 (Intime): [0.2442825467215711, 0.12058823529411766, 0.12444444444444444, 0.24970760233918127, 0.24198830409356722, 0.23753058535667232, 0.4082775919732441, 0.17880154932786513, 0.13896103896103895, 0.34897435897435897, 0.20884109916367982, 0.37182303585049575, 0.34985569985569986, 0.13217391304347825, 0.07692307692307693]
 mean: 0.22887820548816615, std: 0.09955345760349274
--------------------------------------------------
Subject Number: 10
Accuracy Cross: [0.2761904761904762, 0.3333333333333333, 0.3333333333333333, 0.2571428571428571, 0.22857142857142856, 0.22857142857142856, 0.18095238095238095, 0.2761904761904762, 0.22857142857142856, 0.21904761904761905, 0.24761904761904763, 0.29523809523809524, 0.1619047619047619, 0.21904761904761905, 0.22857142857142856]
 mean: 0.24761904761904763, std: 0.04730052198651219
F1 Score: [0.1873427891597911, 0.27783313225936174, 0.307675020996652, 0.24313537995086237, 0.17593352883675464, 0.1641544952937358, 0.06608695652173913, 0.22666666666666666, 0.21331299428334466, 0.12804232804232804, 0.2072013518264038, 0.24176339432093905, 0.09454545454545454, 0.10634530250860796, 0.21912087912087913]
 mean: 0.19061064495556806, std: 0.0664665012565627
Accuracy Intime: [0.42857142857142855, 0.38095238095238093, 0.38095238095238093, 0.42857142857142855, 0.30952380952380953, 0.35714285714285715, 0.30952380952380953, 0.30952380952380953, 0.40476190476190477, 0.3333333333333333, 0.42857142857142855, 0.38095238095238093, 0.2857142857142857, 0.2619047619047619, 0.5]
 mean: 0.36666666666666664, std: 0.06317380553057904
F1 (Intime): [0.2967032967032967, 0.31229114971050453, 0.3542124542124542, 0.3427391304347826, 0.25650167602629403, 0.2179310344827586, 0.2041343669250646, 0.2626455026455027, 0.34357219251336896, 0.29766666666666663, 0.42159945317840053, 0.2720860215053763, 0.18888888888888888, 0.16636363636363635, 0.4988436400201106]
 mean: 0.2957452740184737, std: 0.08605493150059229
--------------------------------------------------
Subject Number: 11
Accuracy Cross: [0.2571428571428571, 0.26666666666666666, 0.38095238095238093, 0.21904761904761905, 0.3619047619047619, 0.3142857142857143, 0.3238095238095238, 0.3142857142857143, 0.34285714285714286, 0.20952380952380953, 0.3619047619047619, 0.26666666666666666, 0.3142857142857143, 0.2571428571428571, 0.24761904761904763]
 mean: 0.2958730158730159, std: 0.0518695574996828
F1 Score: [0.22043399740391673, 0.20640692640692643, 0.29185353713655604, 0.18486803519061584, 0.339345565222385, 0.28215635286372615, 0.2320640310453553, 0.2941700583468734, 0.29341619201548846, 0.18817086156496496, 0.2791115091804747, 0.1708780063749638, 0.23738390092879252, 0.24431344194864874, 0.2405840765528902]
 mean: 0.2470104328121719, std: 0.0469179623317453
Accuracy Intime: [0.30952380952380953, 0.42857142857142855, 0.40476190476190477, 0.3333333333333333, 0.3333333333333333, 0.4523809523809524, 0.4523809523809524, 0.40476190476190477, 0.42857142857142855, 0.3333333333333333, 0.3333333333333333, 0.35714285714285715, 0.42857142857142855, 0.30952380952380953, 0.2619047619047619]
 mean: 0.3714285714285714, std: 0.05819143739626463
F1 (Intime): [0.2823227752639517, 0.3651767603593161, 0.34888249005896066, 0.25367965367965367, 0.31926218708827403, 0.394, 0.33341798941798945, 0.41234647705235944, 0.38198757763975155, 0.3221997099234951, 0.2333333333333333, 0.23757085020242918, 0.39276772247360486, 0.2793167701863354, 0.247965367965368]
 mean: 0.3202819776429882, std: 0.059536316455725435
--------------------------------------------------
Subject Number: 12
Accuracy Cross: [0.20952380952380953, 0.21904761904761905, 0.18095238095238095, 0.21904761904761905, 0.19047619047619047, 0.23809523809523808, 0.13333333333333333, 0.26666666666666666, 0.23809523809523808, 0.11428571428571428, 0.2571428571428571, 0.2761904761904762, 0.26666666666666666, 0.23809523809523808, 0.1619047619047619]
 mean: 0.21396825396825395, std: 0.04753855631069177
F1 Score: [0.10495726495726496, 0.12648581692059951, 0.061290322580645165, 0.12214794151596768, 0.06451612903225806, 0.146031746031746, 0.09728301886792452, 0.15039717563989408, 0.1647977343181905, 0.07260631979092422, 0.17887445887445888, 0.1900751879699248, 0.2118601747815231, 0.14651026392961877, 0.07702127659574468]
 mean: 0.12765698878711232, std: 0.04593799947977869
Accuracy Intime: [0.3333333333333333, 0.2857142857142857, 0.30952380952380953, 0.23809523809523808, 0.3333333333333333, 0.2857142857142857, 0.2857142857142857, 0.23809523809523808, 0.2857142857142857, 0.3333333333333333, 0.30952380952380953, 0.30952380952380953, 0.35714285714285715, 0.23809523809523808, 0.2619047619047619]
 mean: 0.2936507936507936, std: 0.03654242677213124
F1 (Intime): [0.23153846153846153, 0.2236559139784946, 0.20745098039215687, 0.14486486486486488, 0.1951923076923077, 0.17354497354497353, 0.22925996204933585, 0.1277519379844961, 0.21636363636363637, 0.23561253561253565, 0.25384093031151855, 0.23705128205128206, 0.2881320949432405, 0.16385476385476386, 0.14520917678812414]
 mean: 0.20488825479801281, std: 0.043949671850682326
--------------------------------------------------
Subject Number: 13
Accuracy Cross: [0.2761904761904762, 0.26666666666666666, 0.19047619047619047, 0.20952380952380953, 0.2571428571428571, 0.3047619047619048, 0.3047619047619048, 0.3238095238095238, 0.3333333333333333, 0.26666666666666666, 0.3047619047619048, 0.3142857142857143, 0.3047619047619048, 0.3047619047619048, 0.3142857142857143]
 mean: 0.285079365079365, std: 0.0397218852561703
F1 Score: [0.16776460254721123, 0.15324675324675324, 0.11204678362573099, 0.09757377049180327, 0.14923958127592338, 0.188558352402746, 0.18094609460946093, 0.19216300940438874, 0.2112159329140461, 0.20207383203018633, 0.17513030528667164, 0.1951994851994852, 0.17361008154188287, 0.21511566008517224, 0.20747474747474745]
 mean: 0.174757266142414, std: 0.03344486214497385
Accuracy Intime: [0.30952380952380953, 0.3333333333333333, 0.30952380952380953, 0.2619047619047619, 0.3333333333333333, 0.30952380952380953, 0.35714285714285715, 0.2619047619047619, 0.35714285714285715, 0.3333333333333333, 0.35714285714285715, 0.40476190476190477, 0.2619047619047619, 0.30952380952380953, 0.2619047619047619]
 mean: 0.31746031746031744, std: 0.041391761302873954
F1 (Intime): [0.1732142857142857, 0.18598442714126806, 0.18235294117647058, 0.1544186046511628, 0.21743780516159034, 0.24264264264264263, 0.24739284739284742, 0.17575757575757575, 0.24533333333333332, 0.24108734402852053, 0.2, 0.30080156402737046, 0.15552795031055902, 0.2433048433048433, 0.19231584525702172]
 mean: 0.21050480065996613, std: 0.04034875858935898
--------------------------------------------------
Subject Number: 14
Accuracy Cross: [0.22857142857142856, 0.20952380952380953, 0.3142857142857143, 0.3904761904761905, 0.3142857142857143, 0.38095238095238093, 0.3619047619047619, 0.3523809523809524, 0.2857142857142857, 0.2857142857142857, 0.3047619047619048, 0.3047619047619048, 0.3047619047619048, 0.3333333333333333, 0.3904761904761905]
 mean: 0.3174603174603174, std: 0.05177621088984155
F1 Score: [0.16212632895559725, 0.11053296286941147, 0.1811965811965812, 0.31981713688610236, 0.22019192075530106, 0.34105746925198055, 0.2862885373098139, 0.27169230769230773, 0.171531387445022, 0.1876582464817759, 0.2541548927263213, 0.20378393665158373, 0.2584870435232617, 0.23876771291773471, 0.29149695886061133]
 mean: 0.23325222823489378, std: 0.06199917038201818
Accuracy Intime: [0.42857142857142855, 0.3333333333333333, 0.35714285714285715, 0.4523809523809524, 0.40476190476190477, 0.4523809523809524, 0.38095238095238093, 0.30952380952380953, 0.3333333333333333, 0.4523809523809524, 0.4523809523809524, 0.35714285714285715, 0.4523809523809524, 0.5, 0.4523809523809524]
 mean: 0.407936507936508, std: 0.05625411157672809
F1 (Intime): [0.3502043849869937, 0.21255411255411255, 0.2076190476190476, 0.36648351648351646, 0.33748917748917745, 0.4058622423328305, 0.31708502024291496, 0.24552406657669817, 0.26076923076923075, 0.41420311714429364, 0.41992432060543516, 0.24257246376811592, 0.4075796326435713, 0.3842424242424243, 0.32640692640692637]
 mean: 0.3265679789243526, std: 0.07304525367293115
--------------------------------------------------
**************************************************
accuracy_cross_list: [0.20571428571428577, 0.44444444444444453, 0.2368253968253968, 0.2850793650793651, 0.22857142857142856, 0.25015873015873025, 0.2546031746031746, 0.34920634920634924, 0.233015873015873, 0.24761904761904763, 0.2958730158730159, 0.21396825396825395, 0.285079365079365, 0.3174603174603174]
f1_score_list: [0.11785137997446053, 0.3974570210472311, 0.1745797867082258, 0.21941927678595477, 0.1438357294437699, 0.1801847537913744, 0.19529669651032347, 0.2881642116289754, 0.15567492050989326, 0.19061064495556806, 0.2470104328121719, 0.12765698878711232, 0.174757266142414, 0.23325222823489378]
accuracy_intime_list: [0.27936507936507937, 0.5238095238095238, 0.3142857142857143, 0.35396825396825393, 0.31587301587301586, 0.32380952380952377, 0.36190476190476184, 0.44285714285714295, 0.3095238095238095, 0.36666666666666664, 0.3714285714285714, 0.2936507936507936, 0.31746031746031744, 0.407936507936508]
f1_score_intime_list: [0.17405623583531735, 0.4793962622353362, 0.23974594936621269, 0.28352717448157616, 0.2224856993162639, 0.23427478870639637, 0.28214585957426297, 0.3783454239278942, 0.22887820548816615, 0.2957452740184737, 0.3202819776429882, 0.20488825479801281, 0.21050480065996613, 0.3265679789243526]
**************************************************
ACC: 27.48±6.11
F1: 20.33±7.03
Intime: 35.59±6.36
F1 (Intime): 27.72±7.78
