1e-04
Subject Number: 1
Accuracy Cross: [0.5476190476190477, 0.5238095238095238, 0.5476190476190477, 0.5476190476190477, 0.5238095238095238, 0.7380952380952381, 0.7857142857142857, 0.5, 0.6904761904761905, 0.5, 0.5714285714285714, 0.5, 0.5714285714285714, 0.5714285714285714, 0.5714285714285714]
 mean: 0.5793650793650793, std: 0.08503552530780237
F1 Score: [0.49968652037617556, 0.5058823529411764, 0.5143031040779062, 0.5258467023172906, 0.44297082228116713, 0.71880706025563, 0.7754010695187166, 0.3333333333333333, 0.6576802507836991, 0.3333333333333333, 0.49867374005305043, 0.3333333333333333, 0.475, 0.475, 0.475]
 mean: 0.5042834415069872, std: 0.12587821434291824
Accuracy Intime: [0.8823529411764706, 0.8235294117647058, 0.6470588235294118, 0.8235294117647058, 0.625, 0.6470588235294118, 0.5882352941176471, 0.5294117647058824, 0.5294117647058824, 0.5, 0.7647058823529411, 0.5294117647058824, 0.6470588235294118, 0.5294117647058824, 0.625]
 mean: 0.6460784313725491, std: 0.11913479260128297
F1 (Intime): [0.8819444444444444, 0.8131868131868132, 0.6136363636363636, 0.8131868131868132, 0.5636363636363637, 0.6357142857142857, 0.5296442687747036, 0.34615384615384615, 0.34615384615384615, 0.3333333333333333, 0.7638888888888888, 0.34615384615384615, 0.575, 0.34615384615384615, 0.5636363636363637]
 mean: 0.5647615548702504, std: 0.18568196108654178
--------------------------------------------------
Subject Number: 2
Accuracy Cross: [0.9285714285714286, 0.9047619047619048, 0.9285714285714286, 0.8571428571428571, 0.9047619047619048, 0.9285714285714286, 0.9761904761904762, 0.8809523809523809, 0.9285714285714286, 0.9761904761904762, 0.9285714285714286, 0.8333333333333334, 0.8333333333333334, 0.8809523809523809, 0.8571428571428571]
 mean: 0.9031746031746034, std: 0.04387388876535001
F1 Score: [0.9285309132161089, 0.9047619047619048, 0.9285309132161089, 0.8558352402745995, 0.9045454545454545, 0.9282051282051282, 0.9761769710720363, 0.8808848553601816, 0.9285309132161089, 0.9761769710720363, 0.9285309132161089, 0.8285714285714285, 0.8309373202990225, 0.8792409430707303, 0.8541666666666667]
 mean: 0.902241769117575, std: 0.04497750496092724
Accuracy Intime: [0.9411764705882353, 0.9411764705882353, 0.8823529411764706, 0.9411764705882353, 1.0, 1.0, 0.9411764705882353, 0.9411764705882353, 1.0, 1.0, 1.0, 1.0, 0.9411764705882353, 0.9411764705882353, 0.875]
 mean: 0.9563725490196079, std: 0.040936509011986214
F1 (Intime): [0.9411764705882353, 0.9403508771929825, 0.8819444444444444, 0.9403508771929825, 1.0, 1.0, 0.9411764705882353, 0.9403508771929825, 1.0, 1.0, 1.0, 1.0, 0.9403508771929825, 0.9403508771929825, 0.873015873015873]
 mean: 0.9559378429734466, std: 0.04135253475432022
--------------------------------------------------
Subject Number: 3
Accuracy Cross: [0.5, 0.6428571428571429, 0.5476190476190477, 0.5714285714285714, 0.5714285714285714, 0.6428571428571429, 0.7619047619047619, 0.6190476190476191, 0.7380952380952381, 0.6666666666666666, 0.6904761904761905, 0.47619047619047616, 0.7142857142857143, 0.6666666666666666, 0.5]
 mean: 0.6206349206349207, std: 0.08670793830950897
F1 Score: [0.46317711503347536, 0.641025641025641, 0.5143031040779062, 0.5675057208237986, 0.5333333333333333, 0.6050156739811913, 0.7569444444444444, 0.5543766578249337, 0.7367521367521368, 0.6466346153846154, 0.6816326530612244, 0.3225806451612903, 0.6971153846153846, 0.6659090909090909, 0.47593582887700536]
 mean: 0.5908161363536981, std: 0.11325181024783963
Accuracy Intime: [0.6470588235294118, 0.5882352941176471, 0.5882352941176471, 0.8235294117647058, 0.6875, 0.5294117647058824, 0.5882352941176471, 0.7058823529411765, 0.6470588235294118, 0.6875, 0.7058823529411765, 0.5294117647058824, 0.7058823529411765, 0.5882352941176471, 0.6875]
 mean: 0.6473039215686274, std: 0.07657264431732144
F1 (Intime): [0.6357142857142857, 0.5824561403508772, 0.5296442687747036, 0.8210526315789474, 0.6761133603238867, 0.5142857142857142, 0.5824561403508772, 0.7058823529411765, 0.6357142857142857, 0.6862745098039216, 0.7017543859649122, 0.48484848484848486, 0.7017543859649122, 0.5641025641025641, 0.6862745098039216]
 mean: 0.6338885347015647, std: 0.0872729595874334
--------------------------------------------------
Subject Number: 4
Accuracy Cross: [0.6428571428571429, 0.8809523809523809, 0.8809523809523809, 0.7857142857142857, 0.7142857142857143, 0.6904761904761905, 0.8333333333333334, 0.8571428571428571, 0.8571428571428571, 0.6904761904761905, 0.7142857142857143, 0.8095238095238095, 0.6190476190476191, 0.7380952380952381, 0.7380952380952381]
 mean: 0.7634920634920632, std: 0.08360123226834089
F1 Score: [0.641025641025641, 0.8803418803418803, 0.8808848553601816, 0.7795918367346939, 0.7136363636363636, 0.6860264519838988, 0.8332387975042541, 0.8558352402745995, 0.8568181818181818, 0.6676810712111991, 0.7136363636363636, 0.8055555555555556, 0.6155606407322655, 0.7306122448979592, 0.7367521367521368]
 mean: 0.7598131507643449, std: 0.0857095056473722
Accuracy Intime: [0.7058823529411765, 0.8823529411764706, 0.8235294117647058, 0.8823529411764706, 0.9375, 0.8823529411764706, 0.8823529411764706, 0.8235294117647058, 0.9411764705882353, 0.8125, 0.8235294117647058, 0.9411764705882353, 0.9411764705882353, 0.9411764705882353, 0.9375]
 mean: 0.8772058823529413, std: 0.06629618800810495
F1 (Intime): [0.6640316205533596, 0.8819444444444444, 0.8131868131868132, 0.8785714285714286, 0.9372549019607843, 0.8819444444444444, 0.8819444444444444, 0.8235294117647058, 0.9403508771929825, 0.8117647058823529, 0.8210526315789474, 0.9403508771929825, 0.9403508771929825, 0.9403508771929825, 0.9372549019607843]
 mean: 0.8729255505042958, std: 0.07430295856761428
--------------------------------------------------
Subject Number: 5
Accuracy Cross: [0.5952380952380952, 0.4523809523809524, 0.6428571428571429, 0.5238095238095238, 0.5714285714285714, 0.5238095238095238, 0.47619047619047616, 0.7380952380952381, 0.5, 0.6428571428571429, 0.5714285714285714, 0.6904761904761905, 0.6428571428571429, 0.5476190476190477, 0.5476190476190477]
 mean: 0.5777777777777778, std: 0.07798805394627459
F1 Score: [0.5654290931223371, 0.3114754098360656, 0.641025641025641, 0.3841642228739003, 0.5178571428571429, 0.5238095238095238, 0.35833333333333334, 0.71880706025563, 0.3333333333333333, 0.5906432748538011, 0.5333333333333333, 0.6816326530612244, 0.641025641025641, 0.43121881682109764, 0.5143031040779062]
 mean: 0.5164261055746606, std: 0.12458793710467336
Accuracy Intime: [0.9411764705882353, 0.6470588235294118, 0.8235294117647058, 0.5882352941176471, 0.6875, 0.7647058823529411, 0.5882352941176471, 0.6470588235294118, 0.5294117647058824, 0.6875, 0.7647058823529411, 0.8823529411764706, 0.9411764705882353, 0.7058823529411765, 0.8125]
 mean: 0.7340686274509803, std: 0.1234233516059482
F1 (Intime): [0.9411764705882353, 0.6136363636363636, 0.8235294117647058, 0.5296442687747036, 0.6536796536796536, 0.7571428571428571, 0.5641025641025641, 0.6136363636363636, 0.34615384615384615, 0.6536796536796536, 0.7424242424242424, 0.8819444444444444, 0.9403508771929825, 0.6640316205533596, 0.8117647058823529]
 mean: 0.7024598229104219, std: 0.15810590524082396
--------------------------------------------------
Subject Number: 6
Accuracy Cross: [0.7619047619047619, 0.5476190476190477, 0.5714285714285714, 0.5952380952380952, 0.5, 0.47619047619047616, 0.7380952380952381, 0.42857142857142855, 0.6904761904761905, 0.6190476190476191, 0.6666666666666666, 0.5476190476190477, 0.5952380952380952, 0.7619047619047619, 0.6190476190476191]
 mean: 0.6079365079365079, std: 0.09831023852191759
F1 Score: [0.7529411764705882, 0.5452991452991452, 0.5333333333333333, 0.583673469387755, 0.3333333333333333, 0.35833333333333334, 0.7343300747556067, 0.41666666666666663, 0.6755793226381461, 0.6181818181818182, 0.6659090909090909, 0.48148148148148145, 0.5931623931623932, 0.7619047619047619, 0.6111111111111112]
 mean: 0.5776827007979043, std: 0.13053981511251636
Accuracy Intime: [0.7647058823529411, 0.8823529411764706, 0.7647058823529411, 0.8235294117647058, 0.5625, 0.5882352941176471, 0.8823529411764706, 0.7058823529411765, 0.8823529411764706, 0.75, 0.5882352941176471, 0.5882352941176471, 0.7647058823529411, 0.7647058823529411, 0.75]
 mean: 0.7375, std: 0.1071092452907728
F1 (Intime): [0.7638888888888888, 0.8819444444444444, 0.7571428571428571, 0.8210526315789474, 0.45893719806763283, 0.5296442687747036, 0.8785714285714286, 0.7058823529411765, 0.8785714285714286, 0.746031746031746, 0.5824561403508772, 0.5296442687747036, 0.7638888888888888, 0.7571428571428571, 0.746031746031746]
 mean: 0.7200554097468218, std: 0.1302398711023828
--------------------------------------------------
Subject Number: 7
Accuracy Cross: [0.6666666666666666, 0.5476190476190477, 0.6190476190476191, 0.5952380952380952, 0.5952380952380952, 0.6428571428571429, 0.7142857142857143, 0.6904761904761905, 0.5476190476190477, 0.6190476190476191, 0.7380952380952381, 0.6428571428571429, 0.5952380952380952, 0.5238095238095238, 0.5952380952380952]
 mean: 0.6222222222222221, std: 0.05951851828334182
F1 Score: [0.6666666666666666, 0.43121881682109764, 0.5851851851851853, 0.5757575757575757, 0.5931623931623932, 0.6426545660805445, 0.7083333333333333, 0.6755793226381461, 0.5143031040779062, 0.6181818181818182, 0.7379466817923993, 0.6426545660805445, 0.5360623781676412, 0.4814814814814815, 0.5931623931623932]
 mean: 0.6001566855059418, std: 0.08155059572428312
Accuracy Intime: [0.5294117647058824, 0.47058823529411764, 0.6470588235294118, 0.8235294117647058, 0.6875, 0.7058823529411765, 0.7058823529411765, 0.8235294117647058, 0.7647058823529411, 0.8125, 0.7647058823529411, 0.8235294117647058, 0.6470588235294118, 0.7647058823529411, 0.6875]
 mean: 0.7105392156862744, std: 0.10232190010857922
F1 (Intime): [0.5277777777777778, 0.32, 0.575, 0.8235294117647058, 0.6862745098039216, 0.7058823529411765, 0.7017543859649122, 0.8210526315789474, 0.7638888888888888, 0.8117647058823529, 0.7638888888888888, 0.8210526315789474, 0.575, 0.7638888888888888, 0.6761133603238867]
 mean: 0.689124562285553, std: 0.13506460722532657
--------------------------------------------------
Subject Number: 8
Accuracy Cross: [0.8571428571428571, 0.7142857142857143, 0.8809523809523809, 0.8095238095238095, 0.9047619047619048, 0.8095238095238095, 0.8095238095238095, 0.7619047619047619, 0.8571428571428571, 0.8095238095238095, 0.8571428571428571, 0.9047619047619048, 0.8095238095238095, 0.8571428571428571, 0.9761904761904762]
 mean: 0.8412698412698414, std: 0.06127066370037708
F1 Score: [0.8541666666666667, 0.6888888888888889, 0.8803418803418803, 0.8055555555555556, 0.9045454545454545, 0.8055555555555556, 0.8023529411764705, 0.7613636363636364, 0.8541666666666667, 0.8095238095238095, 0.8541666666666667, 0.9038901601830663, 0.8055555555555556, 0.8541666666666667, 0.9761769710720363]
 mean: 0.8373611383619048, std: 0.06534096776021417
Accuracy Intime: [0.8823529411764706, 0.8823529411764706, 0.8235294117647058, 0.8823529411764706, 0.9375, 0.9411764705882353, 0.9411764705882353, 0.8823529411764706, 0.7647058823529411, 0.8125, 0.9411764705882353, 1.0, 0.8235294117647058, 0.9411764705882353, 0.9375]
 mean: 0.8928921568627451, std: 0.06204224912640437
F1 (Intime): [0.8819444444444444, 0.8819444444444444, 0.8210526315789474, 0.8819444444444444, 0.9372549019607843, 0.9403508771929825, 0.9403508771929825, 0.8819444444444444, 0.7571428571428571, 0.8117647058823529, 0.9403508771929825, 1.0, 0.8210526315789474, 0.9403508771929825, 0.9372549019607843]
 mean: 0.8916469277769586, std: 0.06335352558880442
--------------------------------------------------
Subject Number: 9
Accuracy Cross: [0.5476190476190477, 0.5952380952380952, 0.6190476190476191, 0.5, 0.5, 0.6428571428571429, 0.5238095238095238, 0.5952380952380952, 0.5714285714285714, 0.5, 0.6190476190476191, 0.5952380952380952, 0.8333333333333334, 0.7142857142857143, 0.5]
 mean: 0.5904761904761904, std: 0.0887470523713928
F1 Score: [0.43121881682109764, 0.5159322033898305, 0.6047058823529412, 0.3333333333333333, 0.3333333333333333, 0.6426545660805445, 0.5138888888888888, 0.5654290931223371, 0.5456730769230769, 0.3333333333333333, 0.6047058823529412, 0.5523510971786834, 0.8285714285714285, 0.7116704805491991, 0.3333333333333333]
 mean: 0.5233423166376201, std: 0.14428303684303923
Accuracy Intime: [0.5294117647058824, 0.5294117647058824, 0.7647058823529411, 0.5294117647058824, 0.5, 0.7058823529411765, 0.7058823529411765, 0.6470588235294118, 0.7058823529411765, 0.5, 0.7647058823529411, 0.7647058823529411, 0.9411764705882353, 0.7647058823529411, 0.5]
 mean: 0.6568627450980391, std: 0.13094751260442353
F1 (Intime): [0.34615384615384615, 0.43333333333333335, 0.7424242424242424, 0.34615384615384615, 0.3333333333333333, 0.6886446886446886, 0.6886446886446886, 0.6458333333333333, 0.6886446886446886, 0.3333333333333333, 0.7571428571428571, 0.7571428571428571, 0.9411764705882353, 0.7571428571428571, 0.3333333333333333]
 mean: 0.5861625139566315, std: 0.2005919122566156
--------------------------------------------------
Subject Number: 10
Accuracy Cross: [0.6666666666666666, 0.7380952380952381, 0.8095238095238095, 0.5952380952380952, 0.6428571428571429, 0.6190476190476191, 0.5238095238095238, 0.47619047619047616, 0.7142857142857143, 0.6428571428571429, 0.6190476190476191, 0.6904761904761905, 0.5476190476190477, 0.7619047619047619, 0.6666666666666666]
 mean: 0.6476190476190475, std: 0.08702698515474794
F1 Score: [0.6636155606407322, 0.7254901960784313, 0.8095238095238095, 0.5159322033898305, 0.6050156739811913, 0.6181818181818182, 0.4951923076923077, 0.35833333333333334, 0.703529411764706, 0.641025641025641, 0.6047058823529412, 0.6676810712111991, 0.43121881682109764, 0.7569444444444444, 0.6466346153846154]
 mean: 0.6162016523884065, std: 0.11800165576034409
Accuracy Intime: [0.7058823529411765, 0.8235294117647058, 0.7647058823529411, 0.8823529411764706, 0.5625, 0.9411764705882353, 0.7058823529411765, 0.6470588235294118, 0.6470588235294118, 0.75, 0.8823529411764706, 0.7647058823529411, 0.7058823529411765, 0.8235294117647058, 0.875]
 mean: 0.7654411764705883, std: 0.10232835798987622
F1 (Intime): [0.7017543859649122, 0.8210526315789474, 0.7571428571428571, 0.8819444444444444, 0.5151515151515151, 0.9411764705882353, 0.6886446886446886, 0.6136363636363636, 0.6458333333333333, 0.75, 0.8819444444444444, 0.7638888888888888, 0.6640316205533596, 0.8210526315789474, 0.873015873015873]
 mean: 0.7546846765977873, std: 0.113898763458628
--------------------------------------------------
Subject Number: 11
Accuracy Cross: [0.7380952380952381, 0.8809523809523809, 0.8095238095238095, 0.7619047619047619, 0.6904761904761905, 0.7142857142857143, 0.6666666666666666, 0.5714285714285714, 0.5238095238095238, 0.6190476190476191, 0.8571428571428571, 0.9047619047619048, 0.8333333333333334, 0.7619047619047619, 0.5]
 mean: 0.7222222222222221, std: 0.12284934965644029
F1 Score: [0.7343300747556067, 0.8808848553601816, 0.8055555555555556, 0.7569444444444444, 0.6860264519838988, 0.6971153846153846, 0.6636155606407322, 0.5714285714285714, 0.4814814814814815, 0.6190476190476191, 0.8558352402745995, 0.9038901601830663, 0.8324786324786324, 0.7475961538461539, 0.3333333333333333]
 mean: 0.7046375679619508, std: 0.15065143477216308
Accuracy Intime: [0.8823529411764706, 0.9411764705882353, 0.7058823529411765, 0.8235294117647058, 0.875, 0.8235294117647058, 0.8823529411764706, 0.8235294117647058, 0.8823529411764706, 0.875, 0.7647058823529411, 0.8823529411764706, 0.9411764705882353, 0.7058823529411765, 0.5]
 mean: 0.8205882352941175, std: 0.11030392113293631
F1 (Intime): [0.8819444444444444, 0.9403508771929825, 0.6886446886446886, 0.8131868131868132, 0.873015873015873, 0.8235294117647058, 0.8819444444444444, 0.8210526315789474, 0.8819444444444444, 0.875, 0.7638888888888888, 0.8819444444444444, 0.9403508771929825, 0.7017543859649122, 0.3333333333333333]
 mean: 0.8067923705694605, std: 0.14579101785911078
--------------------------------------------------
Subject Number: 12
Accuracy Cross: [0.5, 0.4523809523809524, 0.5476190476190477, 0.5, 0.5238095238095238, 0.5238095238095238, 0.5952380952380952, 0.4523809523809524, 0.5952380952380952, 0.5, 0.5, 0.7380952380952381, 0.6428571428571429, 0.5714285714285714, 0.5476190476190477]
 mean: 0.546031746031746, std: 0.07246166482865606
F1 Score: [0.3333333333333333, 0.3114754098360656, 0.5346938775510204, 0.3333333333333333, 0.44297082228116713, 0.4951923076923077, 0.583673469387755, 0.39435736677115985, 0.595008508224617, 0.3333333333333333, 0.3333333333333333, 0.7343300747556067, 0.5906432748538011, 0.5456730769230769, 0.43121881682109764]
 mean: 0.4661713558954005, std: 0.12412305220510482
Accuracy Intime: [0.5882352941176471, 0.5882352941176471, 0.7058823529411765, 0.8235294117647058, 0.75, 0.8235294117647058, 0.6470588235294118, 0.7058823529411765, 0.7647058823529411, 0.5, 0.5294117647058824, 0.7058823529411765, 0.6470588235294118, 0.7058823529411765, 0.6875]
 mean: 0.6781862745098038, std: 0.09311338703462349
F1 (Intime): [0.5296442687747036, 0.5824561403508772, 0.6886446886446886, 0.8235294117647058, 0.75, 0.8210526315789474, 0.6458333333333333, 0.6640316205533596, 0.7638888888888888, 0.3333333333333333, 0.34615384615384615, 0.6886446886446886, 0.6458333333333333, 0.6886446886446886, 0.6536796536796536]
 mean: 0.6416913685119364, std: 0.14087345633625337
--------------------------------------------------
Subject Number: 13
Accuracy Cross: [0.5952380952380952, 0.6666666666666666, 0.5714285714285714, 0.7380952380952381, 0.8095238095238095, 0.7619047619047619, 0.7857142857142857, 0.7142857142857143, 0.8095238095238095, 0.7142857142857143, 0.7857142857142857, 0.7619047619047619, 0.7619047619047619, 0.7619047619047619, 0.7380952380952381]
 mean: 0.7317460317460316, std: 0.06871384387909005
F1 Score: [0.5159322033898305, 0.6541176470588235, 0.5333333333333333, 0.7379466817923993, 0.8090909090909091, 0.7529411764705882, 0.7846153846153847, 0.6888888888888889, 0.8090909090909091, 0.6888888888888889, 0.7826336975273145, 0.7569444444444444, 0.7569444444444444, 0.7597254004576659, 0.71880706025563]
 mean: 0.7166600713166303, std: 0.08652017000062241
Accuracy Intime: [0.8235294117647058, 0.8235294117647058, 0.7647058823529411, 0.7647058823529411, 0.875, 0.7058823529411765, 0.8235294117647058, 0.6470588235294118, 0.7647058823529411, 0.6875, 0.8235294117647058, 0.8235294117647058, 0.8235294117647058, 0.7058823529411765, 0.625]
 mean: 0.7654411764705883, std: 0.07264418109724619
F1 (Intime): [0.8210526315789474, 0.8235294117647058, 0.7571428571428571, 0.7638888888888888, 0.873015873015873, 0.7017543859649122, 0.8210526315789474, 0.6357142857142857, 0.7571428571428571, 0.6536796536796536, 0.8131868131868132, 0.8235294117647058, 0.8210526315789474, 0.6640316205533596, 0.625]
 mean: 0.7569849302370504, std: 0.078455590395412
--------------------------------------------------
Subject Number: 14
Accuracy Cross: [0.5476190476190477, 0.6190476190476191, 0.8333333333333334, 0.7142857142857143, 0.7857142857142857, 0.8095238095238095, 0.7142857142857143, 0.7857142857142857, 0.9047619047619048, 0.8095238095238095, 0.6666666666666666, 0.8333333333333334, 0.7380952380952381, 0.8333333333333334, 0.8571428571428571]
 mean: 0.7634920634920637, std: 0.0934218347273788
F1 Score: [0.5258467023172906, 0.6155606407322655, 0.8309373202990225, 0.7083333333333333, 0.7795918367346939, 0.8023529411764705, 0.6971153846153846, 0.7826336975273145, 0.9045454545454545, 0.8023529411764705, 0.6636155606407322, 0.8309373202990225, 0.7306122448979592, 0.8309373202990225, 0.8558352402745995]
 mean: 0.757413862591269, std: 0.09730551640505436
Accuracy Intime: [0.7647058823529411, 0.6470588235294118, 0.9411764705882353, 1.0, 0.9375, 0.6470588235294118, 0.7647058823529411, 0.8235294117647058, 1.0, 1.0, 0.5294117647058824, 0.8235294117647058, 0.9411764705882353, 1.0, 1.0]
 mean: 0.8546568627450981, std: 0.15001241458301806
F1 (Intime): [0.7571428571428571, 0.6357142857142857, 0.9411764705882353, 1.0, 0.9372549019607843, 0.6136363636363636, 0.7638888888888888, 0.8210526315789474, 1.0, 1.0, 0.48484848484848486, 0.8210526315789474, 0.9403508771929825, 1.0, 1.0]
 mean: 0.8477412262087184, std: 0.1611104288993256
--------------------------------------------------
**************************************************
accuracy_cross_list: [0.5793650793650793, 0.9031746031746034, 0.6206349206349207, 0.7634920634920632, 0.5777777777777778, 0.6079365079365079, 0.6222222222222221, 0.8412698412698414, 0.5904761904761904, 0.6476190476190475, 0.7222222222222221, 0.546031746031746, 0.7317460317460316, 0.7634920634920637]
f1_score_list: [0.5042834415069872, 0.902241769117575, 0.5908161363536981, 0.7598131507643449, 0.5164261055746606, 0.5776827007979043, 0.6001566855059418, 0.8373611383619048, 0.5233423166376201, 0.6162016523884065, 0.7046375679619508, 0.4661713558954005, 0.7166600713166303, 0.757413862591269]
accuracy_intime_list: [0.6460784313725491, 0.9563725490196079, 0.6473039215686274, 0.8772058823529413, 0.7340686274509803, 0.7375, 0.7105392156862744, 0.8928921568627451, 0.6568627450980391, 0.7654411764705883, 0.8205882352941175, 0.6781862745098038, 0.7654411764705883, 0.8546568627450981]
f1_score_intime_list: [0.5647615548702504, 0.9559378429734466, 0.6338885347015647, 0.8729255505042958, 0.7024598229104219, 0.7200554097468218, 0.689124562285553, 0.8916469277769586, 0.5861625139566315, 0.7546846765977873, 0.8067923705694605, 0.6416913685119364, 0.7569849302370504, 0.8477412262087184]
**************************************************
ACC: 67.98±10.48
F1: 64.81±12.84
Intime: 76.74±9.58
F1 (Intime): 74.46±11.44
