1e-04
Subject Number: 1
Accuracy Cross: [0.45454545454545453, 0.45454545454545453, 0.36363636363636365, 0.2727272727272727, 0.22727272727272727, 0.43478260869565216, 0.2608695652173913, 0.2608695652173913, 0.2608695652173913, 0.2608695652173913, 0.36363636363636365, 0.2727272727272727, 0.2727272727272727, 0.2727272727272727, 0.2727272727272727]
 mean: 0.31370223978919626, std: 0.07587308602359205
F1 Score: [0.375, 0.375, 0.28205128205128205, 0.10714285714285714, 0.10416666666666667, 0.3472222222222222, 0.10344827586206896, 0.10344827586206896, 0.10344827586206896, 0.10344827586206896, 0.28205128205128205, 0.1984126984126984, 0.10714285714285714, 0.10714285714285714, 0.10714285714285714]
 mean: 0.18708457889492372, std: 0.10796677634416013
Accuracy Intime: [0.3333333333333333, 0.4444444444444444, 0.4444444444444444, 0.375, 0.25, 0.4444444444444444, 0.3333333333333333, 0.3333333333333333, 0.375, 0.375, 0.3333333333333333, 0.4444444444444444, 0.3333333333333333, 0.375, 0.25]
 mean: 0.36296296296296293, std: 0.06166972520498782
F1 (Intime): [0.35, 0.38636363636363635, 0.31666666666666665, 0.13636363636363635, 0.1111111111111111, 0.38636363636363635, 0.125, 0.125, 0.13636363636363635, 0.13636363636363635, 0.35, 0.38636363636363635, 0.125, 0.13636363636363635, 0.1]
 mean: 0.22048821548821546, std: 0.11761048792634951
--------------------------------------------------
Subject Number: 2
Accuracy Cross: [0.2608695652173913, 0.2608695652173913, 0.2608695652173913, 0.2608695652173913, 0.2608695652173913, 0.36363636363636365, 0.2727272727272727, 0.3181818181818182, 0.2727272727272727, 0.22727272727272727, 0.21739130434782608, 0.2608695652173913, 0.2608695652173913, 0.34782608695652173, 0.391304347826087]
 mean: 0.2824769433465085, std: 0.0481092601501843
F1 Score: [0.10344827586206896, 0.1111111111111111, 0.10344827586206896, 0.10344827586206896, 0.10344827586206896, 0.3119047619047619, 0.10714285714285714, 0.2159090909090909, 0.10714285714285714, 0.09615384615384616, 0.08928571428571429, 0.14285714285714285, 0.24191919191919192, 0.25, 0.3587092731829574]
 mean: 0.16306193000385377, std: 0.08582826606884192
Accuracy Intime: [0.2222222222222222, 0.5555555555555556, 0.3333333333333333, 0.375, 0.375, 0.5555555555555556, 0.2222222222222222, 0.3333333333333333, 0.3333333333333333, 0.25, 0.6666666666666666, 0.5555555555555556, 0.4444444444444444, 0.75, 0.5]
 mean: 0.43148148148148147, std: 0.15569328118198494
F1 (Intime): [0.09090909090909091, 0.3571428571428571, 0.125, 0.13636363636363635, 0.13636363636363635, 0.35, 0.09090909090909091, 0.2111111111111111, 0.125, 0.1, 0.65, 0.44285714285714284, 0.303030303030303, 0.7142857142857142, 0.43452380952380953]
 mean: 0.2844997594997595, std: 0.19747591731412803
--------------------------------------------------
Subject Number: 3
Accuracy Cross: [0.2727272727272727, 0.2727272727272727, 0.2727272727272727, 0.2727272727272727, 0.2727272727272727, 0.391304347826087, 0.2608695652173913, 0.2608695652173913, 0.391304347826087, 0.2608695652173913, 0.391304347826087, 0.2608695652173913, 0.21739130434782608, 0.2608695652173913, 0.2608695652173913]
 mean: 0.2880105401844532, std: 0.053281388254739465
F1 Score: [0.2403846153846154, 0.10714285714285714, 0.10714285714285714, 0.10714285714285714, 0.10714285714285714, 0.2582417582417582, 0.10344827586206896, 0.10344827586206896, 0.3492063492063492, 0.10344827586206896, 0.3133116883116883, 0.10344827586206896, 0.1468253968253968, 0.10344827586206896, 0.10344827586206896]
 mean: 0.15714872611424333, std: 0.08399697008626429
Accuracy Intime: [0.5555555555555556, 0.2222222222222222, 0.2222222222222222, 0.3333333333333333, 0.25, 0.5555555555555556, 0.3333333333333333, 0.3333333333333333, 0.625, 0.375, 0.7777777777777778, 0.3333333333333333, 0.7777777777777778, 0.375, 0.375]
 mean: 0.42962962962962964, std: 0.17825937853494633
F1 (Intime): [0.4583333333333333, 0.09090909090909091, 0.09090909090909091, 0.125, 0.1, 0.3571428571428571, 0.125, 0.125, 0.4916666666666667, 0.13636363636363635, 0.6142857142857143, 0.125, 0.5892857142857143, 0.13636363636363635, 0.13636363636363635]
 mean: 0.24677489177489179, std: 0.18891047425162133
--------------------------------------------------
Subject Number: 4
Accuracy Cross: [0.43478260869565216, 0.30434782608695654, 0.391304347826087, 0.2608695652173913, 0.30434782608695654, 0.4782608695652174, 0.6956521739130435, 0.2608695652173913, 0.2608695652173913, 0.6086956521739131, 0.391304347826087, 0.2608695652173913, 0.391304347826087, 0.2608695652173913, 0.391304347826087]
 mean: 0.37971014492753624, std: 0.12845518728208893
F1 Score: [0.3815789473684211, 0.19293478260869565, 0.2803030303030303, 0.10344827586206896, 0.1736111111111111, 0.42708333333333326, 0.6632936507936508, 0.10344827586206896, 0.10344827586206896, 0.5599547511312217, 0.2517482517482518, 0.2159090909090909, 0.2649122807017544, 0.10344827586206896, 0.3234126984126984]
 mean: 0.2765690021246357, std: 0.16485611727621338
Accuracy Intime: [0.8888888888888888, 0.7777777777777778, 0.3333333333333333, 0.4444444444444444, 0.5, 0.5555555555555556, 0.6666666666666666, 0.2222222222222222, 0.3333333333333333, 0.625, 0.6666666666666666, 0.5555555555555556, 0.3333333333333333, 0.3333333333333333, 0.375]
 mean: 0.5074074074074073, std: 0.18473556528436202
F1 (Intime): [0.9142857142857143, 0.5952380952380952, 0.35, 0.303030303030303, 0.34285714285714286, 0.4583333333333333, 0.6583333333333333, 0.09090909090909091, 0.125, 0.6428571428571428, 0.6875, 0.475, 0.2777777777777778, 0.125, 0.2777777777777778]
 mean: 0.421593314093314, std: 0.23163844439392575
--------------------------------------------------
Subject Number: 5
Accuracy Cross: [0.2727272727272727, 0.36363636363636365, 0.45454545454545453, 0.18181818181818182, 0.2727272727272727, 0.5909090909090909, 0.2727272727272727, 0.5, 0.2727272727272727, 0.2727272727272727, 0.3181818181818182, 0.2727272727272727, 0.22727272727272727, 0.2727272727272727, 0.2727272727272727]
 mean: 0.32121212121212117, std: 0.10687995205180849
F1 Score: [0.1111111111111111, 0.26666666666666666, 0.375, 0.07692307692307693, 0.10714285714285714, 0.534965034965035, 0.10714285714285714, 0.44146825396825395, 0.10714285714285714, 0.10714285714285714, 0.2111111111111111, 0.20476190476190476, 0.15838509316770186, 0.10714285714285714, 0.22622863247863248]
 mean: 0.20948901139118534, std: 0.13489615742728586
Accuracy Intime: [0.5555555555555556, 0.6666666666666666, 0.6666666666666666, 0.375, 0.25, 0.6666666666666666, 0.3333333333333333, 0.4444444444444444, 0.375, 0.375, 0.3333333333333333, 0.4444444444444444, 0.4444444444444444, 0.375, 0.5]
 mean: 0.45370370370370366, std: 0.12756288962440387
F1 (Intime): [0.375, 0.41666666666666663, 0.6309523809523809, 0.13636363636363635, 0.1, 0.65, 0.125, 0.38636363636363635, 0.13636363636363635, 0.13636363636363635, 0.35, 0.39285714285714285, 0.4083333333333333, 0.13636363636363635, 0.3333333333333333]
 mean: 0.3142640692640692, std: 0.1746185216204936
--------------------------------------------------
Subject Number: 6
Accuracy Cross: [0.36363636363636365, 0.3181818181818182, 0.2727272727272727, 0.3181818181818182, 0.3181818181818182, 0.2608695652173913, 0.5217391304347826, 0.2608695652173913, 0.34782608695652173, 0.2608695652173913, 0.5217391304347826, 0.5652173913043478, 0.34782608695652173, 0.4782608695652174, 0.5217391304347826]
 mean: 0.37852437417654805, std: 0.10710870926368508
F1 Score: [0.30526315789473685, 0.17555555555555555, 0.1541501976284585, 0.24999999999999997, 0.18253968253968253, 0.10344827586206896, 0.3431372549019608, 0.10344827586206896, 0.2539285714285714, 0.10344827586206896, 0.3571428571428571, 0.4243697478991597, 0.22134387351778656, 0.4194444444444444, 0.4949494949494949]
 mean: 0.259477977699261, std: 0.12261757480268844
Accuracy Intime: [0.4444444444444444, 0.5555555555555556, 0.6666666666666666, 0.5555555555555556, 0.625, 0.2222222222222222, 0.5555555555555556, 0.3333333333333333, 0.625, 0.25, 0.3333333333333333, 0.6666666666666666, 0.4444444444444444, 0.625, 0.625]
 mean: 0.5018518518518519, std: 0.14802077858068569
F1 (Intime): [0.2875, 0.3571428571428571, 0.4017857142857143, 0.475, 0.3875, 0.09090909090909091, 0.5595238095238095, 0.125, 0.5833333333333333, 0.1, 0.225, 0.5125, 0.29166666666666663, 0.6166666666666667, 0.47916666666666663]
 mean: 0.3661796536796537, std: 0.16962124469070816
--------------------------------------------------
Subject Number: 7
Accuracy Cross: [0.2727272727272727, 0.6363636363636364, 0.4090909090909091, 0.2727272727272727, 0.2727272727272727, 0.3181818181818182, 0.3181818181818182, 0.2727272727272727, 0.2727272727272727, 0.45454545454545453, 0.3181818181818182, 0.45454545454545453, 0.2727272727272727, 0.45454545454545453, 0.2727272727272727]
 mean: 0.35151515151515145, std: 0.1042706092974864
F1 Score: [0.10714285714285714, 0.6, 0.2833333333333333, 0.10714285714285714, 0.10714285714285714, 0.27884615384615385, 0.19597069597069597, 0.20647773279352227, 0.10714285714285714, 0.325, 0.22613636363636364, 0.3676470588235294, 0.12, 0.31225296442687744, 0.10714285714285714]
 mean: 0.23009190590298412, std: 0.13320739055514474
Accuracy Intime: [0.2222222222222222, 0.6666666666666666, 0.6666666666666666, 0.375, 0.375, 0.7777777777777778, 0.7777777777777778, 0.6666666666666666, 0.375, 0.625, 0.5555555555555556, 0.6666666666666666, 0.5555555555555556, 0.625, 0.375]
 mean: 0.5537037037037037, std: 0.16314699205038738
F1 (Intime): [0.09090909090909091, 0.5541666666666667, 0.5125, 0.13636363636363635, 0.13636363636363635, 0.5952380952380952, 0.6375, 0.5178571428571428, 0.13636363636363635, 0.3875, 0.43452380952380953, 0.4017857142857143, 0.44166666666666665, 0.3875, 0.13636363636363635]
 mean: 0.3671067821067821, std: 0.18355853501160893
--------------------------------------------------
Subject Number: 8
Accuracy Cross: [0.36363636363636365, 0.2727272727272727, 0.13636363636363635, 0.2727272727272727, 0.2727272727272727, 0.45454545454545453, 0.2727272727272727, 0.2727272727272727, 0.2727272727272727, 0.2727272727272727, 0.3181818181818182, 0.2727272727272727, 0.2727272727272727, 0.2727272727272727, 0.2727272727272727]
 mean: 0.2848484848484848, std: 0.06312929289696867
F1 Score: [0.2361111111111111, 0.10714285714285714, 0.07894736842105263, 0.10714285714285714, 0.10714285714285714, 0.44555444555444557, 0.10714285714285714, 0.10714285714285714, 0.10714285714285714, 0.10714285714285714, 0.22474747474747475, 0.10714285714285714, 0.10714285714285714, 0.10714285714285714, 0.10714285714285714]
 mean: 0.14426212189370086, std: 0.09132850892407245
Accuracy Intime: [0.6666666666666666, 0.3333333333333333, 0.5555555555555556, 0.375, 0.25, 0.6666666666666666, 0.3333333333333333, 0.3333333333333333, 0.375, 0.375, 0.4444444444444444, 0.3333333333333333, 0.3333333333333333, 0.375, 0.375]
 mean: 0.4083333333333333, std: 0.11977774342059563
F1 (Intime): [0.5125, 0.125, 0.3571428571428571, 0.13636363636363635, 0.1, 0.6309523809523809, 0.125, 0.125, 0.13636363636363635, 0.13636363636363635, 0.325, 0.125, 0.125, 0.13636363636363635, 0.13636363636363635]
 mean: 0.21549422799422796, std: 0.15884309859455378
--------------------------------------------------
Subject Number: 9
Accuracy Cross: [0.3181818181818182, 0.45454545454545453, 0.2727272727272727, 0.2727272727272727, 0.22727272727272727, 0.4090909090909091, 0.5909090909090909, 0.2727272727272727, 0.2727272727272727, 0.5454545454545454, 0.18181818181818182, 0.3181818181818182, 0.2727272727272727, 0.2727272727272727, 0.2727272727272727]
 mean: 0.3303030303030302, std: 0.11314033153087559
F1 Score: [0.19696969696969696, 0.2951388888888889, 0.10714285714285714, 0.10714285714285714, 0.1336996336996337, 0.29166666666666663, 0.5816017316017316, 0.10714285714285714, 0.10714285714285714, 0.35294117647058826, 0.13368983957219252, 0.19166666666666665, 0.12, 0.10714285714285714, 0.10714285714285714]
 mean: 0.1960154295595472, std: 0.12993152451977386
Accuracy Intime: [0.4444444444444444, 0.7777777777777778, 0.3333333333333333, 0.375, 0.5, 0.5555555555555556, 0.6666666666666666, 0.3333333333333333, 0.375, 0.5, 0.6666666666666666, 0.6666666666666666, 0.5555555555555556, 0.375, 0.25]
 mean: 0.49166666666666664, std: 0.1491401969755621
F1 (Intime): [0.26666666666666666, 0.6041666666666666, 0.125, 0.13636363636363635, 0.325, 0.625, 0.6428571428571428, 0.125, 0.13636363636363635, 0.34285714285714286, 0.5059523809523809, 0.4017857142857143, 0.375, 0.13636363636363635, 0.1]
 mean: 0.3232251082251082, std: 0.1916867993904375
--------------------------------------------------
Subject Number: 10
Accuracy Cross: [0.2727272727272727, 0.36363636363636365, 0.3181818181818182, 0.2727272727272727, 0.2727272727272727, 0.2727272727272727, 0.2727272727272727, 0.2727272727272727, 0.2727272727272727, 0.2727272727272727, 0.2608695652173913, 0.2608695652173913, 0.2608695652173913, 0.2608695652173913, 0.2608695652173913]
 mean: 0.2778656126482213, std: 0.026630266730668165
F1 Score: [0.1111111111111111, 0.2866666666666666, 0.2536231884057971, 0.10714285714285714, 0.10714285714285714, 0.10714285714285714, 0.10714285714285714, 0.10714285714285714, 0.10714285714285714, 0.10714285714285714, 0.10344827586206896, 0.10344827586206896, 0.10344827586206896, 0.10344827586206896, 0.10344827586206896]
 mean: 0.12790948969959465, std: 0.05615483767251741
Accuracy Intime: [0.4444444444444444, 0.5555555555555556, 0.6666666666666666, 0.375, 0.375, 0.2222222222222222, 0.3333333333333333, 0.3333333333333333, 0.375, 0.375, 0.2222222222222222, 0.3333333333333333, 0.3333333333333333, 0.375, 0.375]
 mean: 0.3796296296296296, std: 0.10825812520788163
F1 (Intime): [0.3111111111111111, 0.575, 0.6428571428571428, 0.13636363636363635, 0.13636363636363635, 0.09090909090909091, 0.125, 0.125, 0.13636363636363635, 0.13636363636363635, 0.09090909090909091, 0.125, 0.125, 0.13636363636363635, 0.13636363636363635]
 mean: 0.2019312169312169, std: 0.16725955031290443
--------------------------------------------------
Subject Number: 11
Accuracy Cross: [0.391304347826087, 0.2608695652173913, 0.2608695652173913, 0.2608695652173913, 0.30434782608695654, 0.4782608695652174, 0.30434782608695654, 0.2608695652173913, 0.30434782608695654, 0.2608695652173913, 0.21739130434782608, 0.2608695652173913, 0.43478260869565216, 0.2608695652173913, 0.391304347826087]
 mean: 0.3101449275362319, std: 0.07423912159342434
F1 Score: [0.3133116883116883, 0.10344827586206896, 0.10344827586206896, 0.10344827586206896, 0.1736111111111111, 0.38095238095238093, 0.33601190476190473, 0.10344827586206896, 0.2371031746031746, 0.10344827586206896, 0.14166666666666666, 0.10344827586206896, 0.36764705882352944, 0.10344827586206896, 0.31587301587301586]
 mean: 0.19935432880919698, std: 0.10842503546259734
Accuracy Intime: [0.5555555555555556, 0.2222222222222222, 0.2222222222222222, 0.3333333333333333, 0.5, 0.4444444444444444, 0.6666666666666666, 0.2222222222222222, 0.4444444444444444, 0.25, 0.5555555555555556, 0.3333333333333333, 0.6666666666666666, 0.3333333333333333, 0.375]
 mean: 0.4083333333333333, std: 0.14939865744957892
F1 (Intime): [0.4916666666666667, 0.09090909090909091, 0.09090909090909091, 0.125, 0.34285714285714286, 0.25, 0.5333333333333333, 0.09090909090909091, 0.325, 0.1, 0.35, 0.125, 0.5125, 0.125, 0.29166666666666663]
 mean: 0.25631673881673883, std: 0.15880314855677782
--------------------------------------------------
Subject Number: 12
Accuracy Cross: [0.5, 0.2727272727272727, 0.2727272727272727, 0.2727272727272727, 0.2727272727272727, 0.34782608695652173, 0.2608695652173913, 0.2608695652173913, 0.2608695652173913, 0.2608695652173913, 0.4090909090909091, 0.45454545454545453, 0.4090909090909091, 0.45454545454545453, 0.3181818181818182]
 mean: 0.3351778656126482, std: 0.08355672640811347
F1 Score: [0.4518633540372671, 0.10714285714285714, 0.10714285714285714, 0.10714285714285714, 0.125, 0.25396825396825395, 0.10344827586206896, 0.10344827586206896, 0.10344827586206896, 0.10344827586206896, 0.3342857142857143, 0.375, 0.3342857142857143, 0.3484848484848485, 0.2532467532467533]
 mean: 0.2140904208790266, std: 0.12212676034710933
Accuracy Intime: [0.5555555555555556, 0.3333333333333333, 0.3333333333333333, 0.375, 0.25, 0.3333333333333333, 0.3333333333333333, 0.3333333333333333, 0.375, 0.375, 0.3333333333333333, 0.4444444444444444, 0.4444444444444444, 0.5, 0.375]
 mean: 0.37962962962962965, std: 0.07465053470646806
F1 (Intime): [0.5666666666666667, 0.125, 0.125, 0.13636363636363635, 0.1, 0.35, 0.125, 0.125, 0.13636363636363635, 0.13636363636363635, 0.35, 0.38636363636363635, 0.38636363636363635, 0.325, 0.3611111111111111]
 mean: 0.24897306397306396, std: 0.1412237916434262
--------------------------------------------------
Subject Number: 13
Accuracy Cross: [0.2727272727272727, 0.2727272727272727, 0.4090909090909091, 0.2727272727272727, 0.2727272727272727, 0.2608695652173913, 0.2608695652173913, 0.2608695652173913, 0.2608695652173913, 0.2608695652173913, 0.3181818181818182, 0.2727272727272727, 0.2727272727272727, 0.2727272727272727, 0.2727272727272727]
 mean: 0.2808959156785243, std: 0.036844974552637334
F1 Score: [0.10714285714285714, 0.10714285714285714, 0.3392857142857143, 0.10714285714285714, 0.10714285714285714, 0.10344827586206896, 0.10344827586206896, 0.10344827586206896, 0.10344827586206896, 0.10344827586206896, 0.2708333333333333, 0.10714285714285714, 0.10714285714285714, 0.10714285714285714, 0.10714285714285714]
 mean: 0.13230021893814997, std: 0.0689249519330635
Accuracy Intime: [0.3333333333333333, 0.3333333333333333, 0.4444444444444444, 0.375, 0.375, 0.2222222222222222, 0.3333333333333333, 0.3333333333333333, 0.375, 0.25, 0.4444444444444444, 0.3333333333333333, 0.3333333333333333, 0.375, 0.375]
 mean: 0.34907407407407404, std: 0.05712295116735992
F1 (Intime): [0.125, 0.125, 0.3111111111111111, 0.13636363636363635, 0.13636363636363635, 0.09090909090909091, 0.125, 0.125, 0.13636363636363635, 0.1, 0.41666666666666663, 0.125, 0.125, 0.13636363636363635, 0.13636363636363635]
 mean: 0.15670033670033667, std: 0.08448509578989084
--------------------------------------------------
Subject Number: 14
Accuracy Cross: [0.4090909090909091, 0.5, 0.36363636363636365, 0.2727272727272727, 0.2727272727272727, 0.2727272727272727, 0.5454545454545454, 0.45454545454545453, 0.45454545454545453, 0.5454545454545454, 0.6363636363636364, 0.2727272727272727, 0.5909090909090909, 0.2727272727272727, 0.5454545454545454]
 mean: 0.4272727272727272, std: 0.1272727272727273
F1 Score: [0.3467032967032967, 0.43306693306693306, 0.3258467023172905, 0.10714285714285714, 0.22735042735042735, 0.16666666666666666, 0.49166666666666664, 0.30952380952380953, 0.2928571428571428, 0.35416666666666663, 0.5978991596638656, 0.10714285714285714, 0.5151515151515151, 0.10714285714285714, 0.35416666666666663]
 mean: 0.3157662816486346, std: 0.1481541469155743
Accuracy Intime: [0.6666666666666666, 0.7777777777777778, 0.6666666666666666, 0.375, 0.75, 0.4444444444444444, 0.6666666666666666, 0.6666666666666666, 0.5, 0.5, 0.6666666666666666, 0.3333333333333333, 0.5555555555555556, 0.375, 0.5]
 mean: 0.5629629629629629, std: 0.1376674687847177
F1 (Intime): [0.5541666666666667, 0.6142857142857143, 0.5178571428571428, 0.13636363636363635, 0.7916666666666666, 0.29166666666666663, 0.7, 0.5125, 0.325, 0.3333333333333333, 0.65, 0.125, 0.4916666666666667, 0.13636363636363635, 0.5178571428571428]
 mean: 0.4465151515151515, std: 0.20468057658535593
--------------------------------------------------
Subject Number: 15
Accuracy Cross: [0.5, 0.2727272727272727, 0.5454545454545454, 0.6363636363636364, 0.22727272727272727, 0.4090909090909091, 0.2727272727272727, 0.2727272727272727, 0.45454545454545453, 0.45454545454545453, 0.5, 0.2727272727272727, 0.4090909090909091, 0.2727272727272727, 0.5909090909090909]
 mean: 0.406060606060606, std: 0.12906387538816277
F1 Score: [0.5510989010989011, 0.10714285714285714, 0.5142857142857143, 0.6208333333333333, 0.09259259259259259, 0.26041666666666663, 0.10714285714285714, 0.10714285714285714, 0.2967032967032967, 0.3318181818181818, 0.497960372960373, 0.10714285714285714, 0.28431372549019607, 0.10714285714285714, 0.5416666666666666]
 mean: 0.3018269158220139, std: 0.18995919927044855
Accuracy Intime: [0.6666666666666666, 0.3333333333333333, 0.7777777777777778, 0.75, 0.375, 0.5555555555555556, 0.3333333333333333, 0.3333333333333333, 0.5, 0.5, 0.7777777777777778, 0.3333333333333333, 0.5555555555555556, 0.375, 0.5]
 mean: 0.5111111111111111, std: 0.16150972399983243
F1 (Intime): [0.6428571428571428, 0.125, 0.6875, 0.7833333333333333, 0.13636363636363635, 0.3571428571428571, 0.125, 0.125, 0.30952380952380953, 0.43452380952380953, 0.7916666666666666, 0.125, 0.5750000000000001, 0.13636363636363635, 0.5416666666666666]
 mean: 0.3930627705627706, std: 0.2509553034364536
--------------------------------------------------
Subject Number: 16
Accuracy Cross: [0.2727272727272727, 0.2727272727272727, 0.2727272727272727, 0.2727272727272727, 0.2727272727272727, 0.2727272727272727, 0.2727272727272727, 0.2727272727272727, 0.2727272727272727, 0.2727272727272727, 0.4090909090909091, 0.2727272727272727, 0.2727272727272727, 0.2727272727272727, 0.18181818181818182]
 mean: 0.27575757575757565, std: 0.042207237203588245
F1 Score: [0.10714285714285714, 0.10714285714285714, 0.10714285714285714, 0.10714285714285714, 0.1111111111111111, 0.10714285714285714, 0.10714285714285714, 0.10714285714285714, 0.10714285714285714, 0.10714285714285714, 0.30714285714285716, 0.10714285714285714, 0.10714285714285714, 0.10714285714285714, 0.1497326203208556]
 mean: 0.12358005828594064, std: 0.050184267950452215
Accuracy Intime: [0.2222222222222222, 0.3333333333333333, 0.3333333333333333, 0.375, 0.25, 0.2222222222222222, 0.3333333333333333, 0.3333333333333333, 0.375, 0.375, 0.4444444444444444, 0.3333333333333333, 0.3333333333333333, 0.375, 0.5]
 mean: 0.3425925925925926, std: 0.07184135089359565
F1 (Intime): [0.09090909090909091, 0.125, 0.125, 0.13636363636363635, 0.1, 0.09090909090909091, 0.125, 0.125, 0.13636363636363635, 0.13636363636363635, 0.34285714285714286, 0.125, 0.125, 0.13636363636363635, 0.5178571428571428]
 mean: 0.16253246753246753, std: 0.11079533284169456
--------------------------------------------------
Subject Number: 17
Accuracy Cross: [0.2608695652173913, 0.2608695652173913, 0.391304347826087, 0.2608695652173913, 0.2608695652173913, 0.2608695652173913, 0.2608695652173913, 0.2608695652173913, 0.2608695652173913, 0.2608695652173913, 0.3181818181818182, 0.2727272727272727, 0.4090909090909091, 0.2727272727272727, 0.5]
 mean: 0.3007905138339921, std: 0.07109938436257979
F1 Score: [0.10344827586206896, 0.10344827586206896, 0.32916666666666666, 0.10344827586206896, 0.10714285714285714, 0.10344827586206896, 0.18888888888888888, 0.10344827586206896, 0.10344827586206896, 0.1503623188405797, 0.18681318681318682, 0.10714285714285714, 0.3392857142857143, 0.10714285714285714, 0.44146825396825395]
 mean: 0.17187355040428504, std: 0.10554209457819257
Accuracy Intime: [0.2222222222222222, 0.3333333333333333, 0.7777777777777778, 0.375, 0.25, 0.2222222222222222, 0.6666666666666666, 0.3333333333333333, 0.375, 0.5, 0.4444444444444444, 0.2222222222222222, 0.4444444444444444, 0.3333333333333333, 0.5]
 mean: 0.4, std: 0.15698745723271992
F1 (Intime): [0.09090909090909091, 0.125, 0.8041666666666667, 0.13636363636363635, 0.1, 0.09090909090909091, 0.6309523809523809, 0.125, 0.13636363636363635, 0.3333333333333333, 0.303030303030303, 0.09090909090909091, 0.475, 0.125, 0.5416666666666666]
 mean: 0.2739069264069264, std: 0.2251273112884976
--------------------------------------------------
Subject Number: 18
Accuracy Cross: [0.2608695652173913, 0.2608695652173913, 0.34782608695652173, 0.2608695652173913, 0.2608695652173913, 0.2727272727272727, 0.36363636363636365, 0.4090909090909091, 0.2727272727272727, 0.2727272727272727, 0.45454545454545453, 0.2727272727272727, 0.2727272727272727, 0.2727272727272727, 0.2727272727272727]
 mean: 0.30184453227931485, std: 0.05966706859610519
F1 Score: [0.10344827586206896, 0.10344827586206896, 0.3281926406926407, 0.10344827586206896, 0.10344827586206896, 0.21195652173913043, 0.40476190476190477, 0.3342857142857143, 0.10714285714285714, 0.10714285714285714, 0.375, 0.10714285714285714, 0.10714285714285714, 0.10714285714285714, 0.10714285714285714]
 mean: 0.18072313518565394, std: 0.11272712631256053
Accuracy Intime: [0.2222222222222222, 0.3333333333333333, 0.4444444444444444, 0.375, 0.375, 0.5555555555555556, 0.4444444444444444, 0.4444444444444444, 0.375, 0.375, 0.3333333333333333, 0.3333333333333333, 0.3333333333333333, 0.375, 0.375]
 mean: 0.3796296296296296, std: 0.07166212063292353
F1 (Intime): [0.09090909090909091, 0.125, 0.38636363636363635, 0.13636363636363635, 0.13636363636363635, 0.5583333333333332, 0.4861111111111111, 0.38636363636363635, 0.13636363636363635, 0.13636363636363635, 0.35, 0.125, 0.125, 0.13636363636363635, 0.25]
 mean: 0.23765993265993263, std: 0.14887911382677474
--------------------------------------------------
Subject Number: 19
Accuracy Cross: [0.4090909090909091, 0.2727272727272727, 0.3181818181818182, 0.18181818181818182, 0.2727272727272727, 0.2727272727272727, 0.2727272727272727, 0.2727272727272727, 0.2727272727272727, 0.2727272727272727, 0.2727272727272727, 0.2727272727272727, 0.4090909090909091, 0.2727272727272727, 0.2727272727272727]
 mean: 0.2878787878787878, std: 0.05420770854544946
F1 Score: [0.3125, 0.10714285714285714, 0.2811085972850679, 0.19607843137254902, 0.10714285714285714, 0.10714285714285714, 0.13636363636363635, 0.10714285714285714, 0.10714285714285714, 0.10714285714285714, 0.10714285714285714, 0.10714285714285714, 0.3721804511278195, 0.10714285714285714, 0.10714285714285714]
 mean: 0.15797731250517627, std: 0.08667249606539713
Accuracy Intime: [0.3333333333333333, 0.3333333333333333, 0.4444444444444444, 0.5, 0.375, 0.2222222222222222, 0.4444444444444444, 0.3333333333333333, 0.375, 0.375, 0.2222222222222222, 0.3333333333333333, 0.4444444444444444, 0.375, 0.375]
 mean: 0.36574074074074076, std: 0.07413192185647442
F1 (Intime): [0.3380952380952381, 0.125, 0.26136363636363635, 0.29166666666666663, 0.13636363636363635, 0.09090909090909091, 0.36666666666666664, 0.125, 0.13636363636363635, 0.13636363636363635, 0.09090909090909091, 0.125, 0.475, 0.13636363636363635, 0.13636363636363635]
 mean: 0.19809523809523805, std: 0.11416698624268362
--------------------------------------------------
Subject Number: 20
Accuracy Cross: [0.45454545454545453, 0.2727272727272727, 0.45454545454545453, 0.3181818181818182, 0.2727272727272727, 0.2727272727272727, 0.5909090909090909, 0.2727272727272727, 0.45454545454545453, 0.22727272727272727, 0.4782608695652174, 0.2608695652173913, 0.4782608695652174, 0.2608695652173913, 0.5652173913043478]
 mean: 0.3756258234519105, std: 0.1200121041687848
F1 Score: [0.35858585858585856, 0.10714285714285714, 0.375, 0.1758893280632411, 0.10714285714285714, 0.1111111111111111, 0.6057422969187675, 0.10714285714285714, 0.375, 0.09259259259259259, 0.4651515151515151, 0.10714285714285714, 0.45245726495726496, 0.10344827586206896, 0.5317460317460317]
 mean: 0.27168638023732533, std: 0.17923329251061956
Accuracy Intime: [0.5555555555555556, 0.3333333333333333, 0.4444444444444444, 0.5, 0.375, 0.3333333333333333, 0.8888888888888888, 0.3333333333333333, 0.5, 0.375, 0.6666666666666666, 0.4444444444444444, 0.5555555555555556, 0.375, 0.625]
 mean: 0.48703703703703705, std: 0.14936996170426503
F1 (Intime): [0.5666666666666667, 0.125, 0.38636363636363635, 0.34285714285714286, 0.13636363636363635, 0.125, 0.9, 0.125, 0.31666666666666665, 0.13636363636363635, 0.6309523809523809, 0.303030303030303, 0.45, 0.13636363636363635, 0.6428571428571428]
 mean: 0.3548989898989898, std: 0.2334196614119215
--------------------------------------------------
Subject Number: 21
Accuracy Cross: [0.4090909090909091, 0.4090909090909091, 0.2727272727272727, 0.5454545454545454, 0.5, 0.2727272727272727, 0.4090909090909091, 0.2727272727272727, 0.2727272727272727, 0.4090909090909091, 0.2727272727272727, 0.5, 0.5909090909090909, 0.5454545454545454, 0.2727272727272727]
 mean: 0.3969696969696969, std: 0.11435128644917096
F1 Score: [0.26136363636363635, 0.2727272727272727, 0.10714285714285714, 0.35416666666666663, 0.32456140350877194, 0.19318181818181818, 0.275, 0.10714285714285714, 0.10714285714285714, 0.31313131313131315, 0.10714285714285714, 0.32456140350877194, 0.5363408521303258, 0.35416666666666663, 0.10714285714285714]
 mean: 0.2496610212399686, std: 0.12256560165652047
Accuracy Intime: [0.5555555555555556, 0.5555555555555556, 0.3333333333333333, 0.625, 0.625, 0.4444444444444444, 0.4444444444444444, 0.3333333333333333, 0.375, 0.375, 0.2222222222222222, 0.4444444444444444, 0.6666666666666666, 0.5, 0.375]
 mean: 0.45833333333333337, std: 0.12329078345095637
F1 (Intime): [0.3571428571428571, 0.4, 0.125, 0.3875, 0.47916666666666663, 0.29166666666666663, 0.303030303030303, 0.125, 0.13636363636363635, 0.22619047619047616, 0.09090909090909091, 0.2708333333333333, 0.6875, 0.325, 0.13636363636363635]
 mean: 0.28944444444444445, std: 0.15642508302137426
--------------------------------------------------
Subject Number: 22
Accuracy Cross: [0.0, 0.2727272727272727, 0.2727272727272727, 0.2727272727272727, 0.2727272727272727, 0.2608695652173913, 0.2608695652173913, 0.2608695652173913, 0.391304347826087, 0.2608695652173913, 0.22727272727272727, 0.2727272727272727, 0.4090909090909091, 0.2727272727272727, 0.3181818181818182]
 mean: 0.2683794466403162, std: 0.08619622102692673
F1 Score: [0.0, 0.10714285714285714, 0.10714285714285714, 0.10714285714285714, 0.10714285714285714, 0.10344827586206896, 0.10344827586206896, 0.10714285714285714, 0.26136363636363635, 0.10344827586206896, 0.14523809523809522, 0.10714285714285714, 0.3433583959899749, 0.10714285714285714, 0.25838509316770186]
 mean: 0.13791266988970768, std: 0.0821486910594597
Accuracy Intime: [0.3333333333333333, 0.3333333333333333, 0.3333333333333333, 0.625, 0.375, 0.2222222222222222, 0.3333333333333333, 0.4444444444444444, 0.5, 0.25, 0.4444444444444444, 0.3333333333333333, 0.5555555555555556, 0.375, 0.375]
 mean: 0.3888888888888889, std: 0.10492011462381699
F1 (Intime): [0.2777777777777778, 0.125, 0.125, 0.41666666666666663, 0.13636363636363635, 0.09090909090909091, 0.125, 0.303030303030303, 0.34285714285714286, 0.1, 0.275, 0.125, 0.4809523809523809, 0.13636363636363635, 0.3214285714285714]
 mean: 0.22542328042328041, std: 0.12278062395402627
--------------------------------------------------
Subject Number: 23
Accuracy Cross: [0.43478260869565216, 0.34782608695652173, 0.4782608695652174, 0.2608695652173913, 0.2608695652173913, 0.2727272727272727, 0.2727272727272727, 0.36363636363636365, 0.2727272727272727, 0.2727272727272727, 0.5217391304347826, 0.4782608695652174, 0.4782608695652174, 0.2608695652173913, 0.2608695652173913]
 mean: 0.34914361001317523, std: 0.09725426538629614
F1 Score: [0.30952380952380953, 0.23369565217391303, 0.4, 0.10344827586206896, 0.10344827586206896, 0.22981366459627328, 0.10714285714285714, 0.2753623188405797, 0.10714285714285714, 0.10714285714285714, 0.5310897435897436, 0.4375, 0.35119047619047616, 0.10344827586206896, 0.125]
 mean: 0.2349966042619716, std: 0.1389657134019054
Accuracy Intime: [0.6666666666666666, 0.4444444444444444, 0.6666666666666666, 0.375, 0.375, 0.7777777777777778, 0.2222222222222222, 0.5555555555555556, 0.3333333333333333, 0.25, 0.5555555555555556, 0.5555555555555556, 0.6666666666666666, 0.375, 0.25]
 mean: 0.47129629629629627, std: 0.17074234754606674
F1 (Intime): [0.6041666666666666, 0.275, 0.7166666666666667, 0.13636363636363635, 0.13636363636363635, 0.6785714285714286, 0.09090909090909091, 0.5666666666666667, 0.125, 0.1, 0.5595238095238095, 0.6166666666666667, 0.6583333333333333, 0.13636363636363635, 0.1]
 mean: 0.3667063492063492, std: 0.25101694558196935
--------------------------------------------------
Subject Number: 24
Accuracy Cross: [0.2727272727272727, 0.2727272727272727, 0.36363636363636365, 0.2727272727272727, 0.2727272727272727, 0.3181818181818182, 0.2727272727272727, 0.18181818181818182, 0.2727272727272727, 0.2727272727272727, 0.2727272727272727, 0.2727272727272727, 0.36363636363636365, 0.2727272727272727, 0.2727272727272727]
 mean: 0.2818181818181818, std: 0.04132782332419957
F1 Score: [0.10714285714285714, 0.10714285714285714, 0.23443223443223443, 0.10714285714285714, 0.10714285714285714, 0.19696969696969696, 0.1590909090909091, 0.13823529411764707, 0.10714285714285714, 0.10714285714285714, 0.10714285714285714, 0.10714285714285714, 0.26666666666666666, 0.10714285714285714, 0.10714285714285714]
 mean: 0.13778822484704842, std: 0.051184342554688414
Accuracy Intime: [0.3333333333333333, 0.3333333333333333, 0.4444444444444444, 0.375, 0.25, 0.3333333333333333, 0.6666666666666666, 0.6666666666666666, 0.375, 0.25, 0.2222222222222222, 0.3333333333333333, 0.5555555555555556, 0.375, 0.375]
 mean: 0.39259259259259255, std: 0.1327791982980989
F1 (Intime): [0.225, 0.125, 0.26666666666666666, 0.13636363636363635, 0.1, 0.2111111111111111, 0.5166666666666666, 0.5333333333333333, 0.13636363636363635, 0.1, 0.09090909090909091, 0.125, 0.4392857142857143, 0.13636363636363635, 0.13636363636363635]
 mean: 0.21856180856180848, std: 0.14787844235094397
--------------------------------------------------
Subject Number: 25
Accuracy Cross: [0.5217391304347826, 0.5217391304347826, 0.5652173913043478, 0.6521739130434783, 0.391304347826087, 0.5909090909090909, 0.45454545454545453, 0.45454545454545453, 0.2727272727272727, 0.45454545454545453, 0.36363636363636365, 0.4090909090909091, 0.45454545454545453, 0.4090909090909091, 0.2727272727272727]
 mean: 0.45256916996047425, std: 0.10372513531364728
F1 Score: [0.4059873949579832, 0.41622807017543856, 0.48516483516483516, 0.631990231990232, 0.28205128205128205, 0.5859250398724083, 0.3665458937198068, 0.375, 0.10714285714285714, 0.2951388888888889, 0.25, 0.27884615384615385, 0.43108974358974356, 0.3580952380952381, 0.10714285714285714]
 mean: 0.358423232442515, std: 0.14331638666877433
Accuracy Intime: [0.5555555555555556, 0.6666666666666666, 0.5555555555555556, 0.75, 0.5, 0.5555555555555556, 0.6666666666666666, 0.7777777777777778, 0.375, 0.5, 0.7777777777777778, 0.6666666666666666, 0.6666666666666666, 0.625, 0.375]
 mean: 0.600925925925926, std: 0.12417077492029784
F1 (Intime): [0.47916666666666663, 0.7178571428571429, 0.575, 0.775, 0.375, 0.41428571428571426, 0.5178571428571428, 0.6142857142857143, 0.13636363636363635, 0.375, 0.6041666666666666, 0.6428571428571428, 0.5833333333333333, 0.5208333333333333, 0.13636363636363635]
 mean: 0.4978246753246753, std: 0.1796574448917836
--------------------------------------------------
Subject Number: 26
Accuracy Cross: [0.2608695652173913, 0.2608695652173913, 0.2608695652173913, 0.2608695652173913, 0.2608695652173913, 0.5454545454545454, 0.36363636363636365, 0.4090909090909091, 0.2727272727272727, 0.5, 0.5, 0.4090909090909091, 0.13636363636363635, 0.2727272727272727, 0.22727272727272727]
 mean: 0.32938076416337286, std: 0.11441457006605625
F1 Score: [0.10344827586206896, 0.11538461538461539, 0.10344827586206896, 0.10344827586206896, 0.10344827586206896, 0.5, 0.23863636363636365, 0.3342857142857143, 0.10714285714285714, 0.42757936507936506, 0.4159090909090909, 0.3392857142857143, 0.08823529411764706, 0.10714285714285714, 0.18253968253968253]
 mean: 0.21799564386481224, std: 0.14070470307501756
Accuracy Intime: [0.2222222222222222, 0.4444444444444444, 0.3333333333333333, 0.375, 0.375, 0.7777777777777778, 0.4444444444444444, 0.4444444444444444, 0.375, 0.5, 0.4444444444444444, 0.5555555555555556, 0.4444444444444444, 0.375, 0.5]
 mean: 0.4407407407407407, std: 0.11844615846627692
F1 (Intime): [0.09090909090909091, 0.275, 0.125, 0.13636363636363635, 0.13636363636363635, 0.8125, 0.3111111111111111, 0.38636363636363635, 0.13636363636363635, 0.5416666666666666, 0.38636363636363635, 0.575, 0.38636363636363635, 0.13636363636363635, 0.4666666666666667]
 mean: 0.32682659932659935, std: 0.20301769138231499
--------------------------------------------------
Subject Number: 27
Accuracy Cross: [0.4782608695652174, 0.391304347826087, 0.2608695652173913, 0.2608695652173913, 0.2608695652173913, 0.30434782608695654, 0.2608695652173913, 0.34782608695652173, 0.2608695652173913, 0.13043478260869565, 0.2727272727272727, 0.2727272727272727, 0.2727272727272727, 0.2727272727272727, 0.3181818181818182]
 mean: 0.2910408432147562, std: 0.07345282616987053
F1 Score: [0.3137254901960784, 0.3234126984126984, 0.10344827586206896, 0.10344827586206896, 0.10344827586206896, 0.19202898550724637, 0.10344827586206896, 0.2803030303030303, 0.10344827586206896, 0.06818181818181818, 0.10714285714285714, 0.10714285714285714, 0.10714285714285714, 0.10714285714285714, 0.18253968253968253]
 mean: 0.1537336342014885, std: 0.08219874888211673
Accuracy Intime: [0.6666666666666666, 0.4444444444444444, 0.3333333333333333, 0.375, 0.375, 0.5555555555555556, 0.3333333333333333, 0.6666666666666666, 0.375, 0.375, 0.3333333333333333, 0.2222222222222222, 0.2222222222222222, 0.3333333333333333, 0.375]
 mean: 0.399074074074074, std: 0.12974201477472597
F1 (Intime): [0.4017857142857143, 0.4861111111111111, 0.125, 0.13636363636363635, 0.13636363636363635, 0.3666666666666667, 0.125, 0.6041666666666666, 0.13636363636363635, 0.22619047619047616, 0.125, 0.09090909090909091, 0.09090909090909091, 0.125, 0.13636363636363635]
 mean: 0.22081289081289082, std: 0.15713981233209637
--------------------------------------------------
Subject Number: 28
Accuracy Cross: [0.36363636363636365, 0.2727272727272727, 0.18181818181818182, 0.2727272727272727, 0.2727272727272727, 0.18181818181818182, 0.2727272727272727, 0.2727272727272727, 0.2727272727272727, 0.2727272727272727, 0.2727272727272727, 0.2727272727272727, 0.2727272727272727, 0.2727272727272727, 0.18181818181818182]
 mean: 0.2606060606060605, std: 0.04535342286998716
F1 Score: [0.23376623376623376, 0.10714285714285714, 0.20744047619047618, 0.10714285714285714, 0.10714285714285714, 0.1466346153846154, 0.12, 0.17735042735042736, 0.12, 0.12, 0.10714285714285714, 0.10714285714285714, 0.10714285714285714, 0.2382352941176471, 0.08]
 mean: 0.1390856126444362, std: 0.04878153983855784
Accuracy Intime: [0.5555555555555556, 0.3333333333333333, 0.4444444444444444, 0.375, 0.375, 0.5555555555555556, 0.5555555555555556, 0.6666666666666666, 0.5, 0.5, 0.2222222222222222, 0.3333333333333333, 0.3333333333333333, 0.5, 0.25]
 mean: 0.4333333333333333, std: 0.12320730965435198
F1 (Intime): [0.44285714285714284, 0.125, 0.47619047619047616, 0.13636363636363635, 0.13636363636363635, 0.45, 0.43333333333333335, 0.7083333333333333, 0.3333333333333333, 0.31666666666666665, 0.09090909090909091, 0.125, 0.125, 0.5416666666666666, 0.1]
 mean: 0.30273448773448774, std: 0.1910135019043182
--------------------------------------------------
Subject Number: 29
Accuracy Cross: [0.45454545454545453, 0.45454545454545453, 0.4090909090909091, 0.2727272727272727, 0.2727272727272727, 0.4090909090909091, 0.4090909090909091, 0.36363636363636365, 0.2727272727272727, 0.2727272727272727, 0.34782608695652173, 0.391304347826087, 0.4782608695652174, 0.391304347826087, 0.2608695652173913]
 mean: 0.3640316205533597, std: 0.07360415400874415
F1 Score: [0.3246753246753247, 0.375, 0.3068181818181818, 0.10714285714285714, 0.10714285714285714, 0.3402777777777778, 0.3342857142857143, 0.2753623188405797, 0.10714285714285714, 0.10714285714285714, 0.2582417582417582, 0.3028846153846154, 0.375, 0.2673611111111111, 0.10344827586206896]
 mean: 0.2461284337712374, std: 0.10392415784150259
Accuracy Intime: [0.4444444444444444, 0.4444444444444444, 0.4444444444444444, 0.375, 0.375, 0.5555555555555556, 0.5555555555555556, 0.4444444444444444, 0.375, 0.375, 0.4444444444444444, 0.4444444444444444, 0.4444444444444444, 0.5, 0.375]
 mean: 0.4398148148148149, std: 0.05863385258884283
F1 (Intime): [0.31666666666666665, 0.38636363636363635, 0.4095238095238095, 0.13636363636363635, 0.13636363636363635, 0.47916666666666663, 0.5666666666666667, 0.38636363636363635, 0.13636363636363635, 0.13636363636363635, 0.38636363636363635, 0.38636363636363635, 0.38636363636363635, 0.3142857142857143, 0.13636363636363635]
 mean: 0.3133297258297258, std: 0.13764727673987898
--------------------------------------------------
**************************************************
accuracy_cross_list: [0.31370223978919626, 0.2824769433465085, 0.2880105401844532, 0.37971014492753624, 0.32121212121212117, 0.37852437417654805, 0.35151515151515145, 0.2848484848484848, 0.3303030303030302, 0.2778656126482213, 0.3101449275362319, 0.3351778656126482, 0.2808959156785243, 0.4272727272727272, 0.406060606060606, 0.27575757575757565, 0.3007905138339921, 0.30184453227931485, 0.2878787878787878, 0.3756258234519105, 0.3969696969696969, 0.2683794466403162, 0.34914361001317523, 0.2818181818181818, 0.45256916996047425, 0.32938076416337286, 0.2910408432147562, 0.2606060606060605, 0.3640316205533597]
f1_score_list: [0.18708457889492372, 0.16306193000385377, 0.15714872611424333, 0.2765690021246357, 0.20948901139118534, 0.259477977699261, 0.23009190590298412, 0.14426212189370086, 0.1960154295595472, 0.12790948969959465, 0.19935432880919698, 0.2140904208790266, 0.13230021893814997, 0.3157662816486346, 0.3018269158220139, 0.12358005828594064, 0.17187355040428504, 0.18072313518565394, 0.15797731250517627, 0.27168638023732533, 0.2496610212399686, 0.13791266988970768, 0.2349966042619716, 0.13778822484704842, 0.358423232442515, 0.21799564386481224, 0.1537336342014885, 0.1390856126444362, 0.2461284337712374]
accuracy_intime_list: [0.36296296296296293, 0.43148148148148147, 0.42962962962962964, 0.5074074074074073, 0.45370370370370366, 0.5018518518518519, 0.5537037037037037, 0.4083333333333333, 0.49166666666666664, 0.3796296296296296, 0.4083333333333333, 0.37962962962962965, 0.34907407407407404, 0.5629629629629629, 0.5111111111111111, 0.3425925925925926, 0.4, 0.3796296296296296, 0.36574074074074076, 0.48703703703703705, 0.45833333333333337, 0.3888888888888889, 0.47129629629629627, 0.39259259259259255, 0.600925925925926, 0.4407407407407407, 0.399074074074074, 0.4333333333333333, 0.4398148148148149]
f1_score_intime_list: [0.22048821548821546, 0.2844997594997595, 0.24677489177489179, 0.421593314093314, 0.3142640692640692, 0.3661796536796537, 0.3671067821067821, 0.21549422799422796, 0.3232251082251082, 0.2019312169312169, 0.25631673881673883, 0.24897306397306396, 0.15670033670033667, 0.4465151515151515, 0.3930627705627706, 0.16253246753246753, 0.2739069264069264, 0.23765993265993263, 0.19809523809523805, 0.3548989898989898, 0.28944444444444445, 0.22542328042328041, 0.3667063492063492, 0.21856180856180848, 0.4978246753246753, 0.32682659932659935, 0.22081289081289082, 0.30273448773448774, 0.3133297258297258]
**************************************************
ACC: 32.77±5.06
F1: 20.33±6.13
Intime: 43.90±6.55
F1 (Intime): 29.14±8.38
