1e-04
Subject Number: 1
Accuracy Cross: [1.0, 0.6, 0.6, 0.6, 0.6, 0.5454545454545454, 0.5454545454545454, 0.5454545454545454, 0.5454545454545454, 0.5454545454545454, 0.6, 0.7, 0.6, 0.6, 0.6]
 mean: 0.6151515151515151, std: 0.10997954563979989
F1 Score: [1.0, 0.375, 0.375, 0.375, 0.375, 0.35294117647058826, 0.35294117647058826, 0.35294117647058826, 0.35294117647058826, 0.35294117647058826, 0.375, 0.696969696969697, 0.375, 0.375, 0.375]
 mean: 0.43077837195484253, std: 0.17321548094310654
Accuracy Intime: [1.0, 0.75, 1.0, 0.5, 0.5, 0.75, 0.75, 1.0, 0.5, 0.5, 0.75, 1.0, 1.0, 0.5, 0.5]
 mean: 0.7333333333333333, std: 0.21343747458109494
F1 (Intime): [1.0, 0.42857142857142855, 1.0, 0.3333333333333333, 0.3333333333333333, 0.42857142857142855, 0.42857142857142855, 1.0, 0.3333333333333333, 0.3333333333333333, 0.42857142857142855, 1.0, 1.0, 0.3333333333333333, 0.3333333333333333]
 mean: 0.580952380952381, std: 0.29875023126396427
--------------------------------------------------
Subject Number: 2
Accuracy Cross: [0.5454545454545454, 0.5454545454545454, 0.5454545454545454, 0.5454545454545454, 0.5454545454545454, 0.6, 0.6, 0.5, 0.6, 0.7, 0.5454545454545454, 0.5454545454545454, 0.5454545454545454, 0.6363636363636364, 0.5454545454545454]
 mean: 0.5696969696969697, std: 0.04783657517738452
F1 Score: [0.35294117647058826, 0.35294117647058826, 0.35294117647058826, 0.35294117647058826, 0.35294117647058826, 0.375, 0.375, 0.3333333333333333, 0.375, 0.6703296703296704, 0.35294117647058826, 0.35294117647058826, 0.35294117647058826, 0.5416666666666666, 0.35294117647058826]
 mean: 0.38978668390433086, std: 0.08863149854392895
Accuracy Intime: [0.75, 0.75, 1.0, 0.5, 0.5, 0.75, 0.75, 1.0, 0.5, 0.75, 0.75, 0.75, 1.0, 0.75, 0.5]
 mean: 0.7333333333333333, std: 0.1699673171197595
F1 (Intime): [0.42857142857142855, 0.42857142857142855, 1.0, 0.3333333333333333, 0.3333333333333333, 0.42857142857142855, 0.42857142857142855, 1.0, 0.3333333333333333, 0.7333333333333334, 0.42857142857142855, 0.42857142857142855, 1.0, 0.7333333333333334, 0.3333333333333333]
 mean: 0.5580952380952381, std: 0.2516593457510666
--------------------------------------------------
Subject Number: 3
Accuracy Cross: [0.6, 0.6, 0.6, 0.6, 0.6, 0.5454545454545454, 0.5454545454545454, 0.5454545454545454, 0.5454545454545454, 0.5454545454545454, 0.5454545454545454, 0.5454545454545454, 0.5454545454545454, 0.5454545454545454, 0.5454545454545454]
 mean: 0.5636363636363634, std: 0.025712973861329005
F1 Score: [0.375, 0.375, 0.375, 0.375, 0.5833333333333333, 0.35294117647058826, 0.35294117647058826, 0.35294117647058826, 0.35294117647058826, 0.35294117647058826, 0.35294117647058826, 0.35294117647058826, 0.35294117647058826, 0.35294117647058826, 0.35294117647058826]
 mean: 0.3741830065359476, std: 0.05672076783565287
Accuracy Intime: [0.75, 0.75, 0.75, 0.5, 0.75, 0.75, 0.75, 1.0, 0.5, 0.5, 0.75, 0.75, 1.0, 0.5, 0.5]
 mean: 0.7, std: 0.1632993161855452
F1 (Intime): [0.42857142857142855, 0.42857142857142855, 0.42857142857142855, 0.3333333333333333, 0.7333333333333334, 0.42857142857142855, 0.42857142857142855, 1.0, 0.3333333333333333, 0.3333333333333333, 0.42857142857142855, 0.42857142857142855, 1.0, 0.3333333333333333, 0.3333333333333333]
 mean: 0.4933333333333333, std: 0.22036045507016488
--------------------------------------------------
Subject Number: 4
Accuracy Cross: [0.5454545454545454, 0.5454545454545454, 0.9090909090909091, 0.5454545454545454, 0.5454545454545454, 0.9090909090909091, 0.5454545454545454, 0.5454545454545454, 1.0, 0.5454545454545454, 0.5454545454545454, 0.5454545454545454, 0.8181818181818182, 0.5454545454545454, 0.7272727272727273]
 mean: 0.6545454545454544, std: 0.16329931618554525
F1 Score: [0.35294117647058826, 0.35294117647058826, 0.9090909090909091, 0.35294117647058826, 0.35294117647058826, 0.9090909090909091, 0.35294117647058826, 0.35294117647058826, 1.0, 0.35294117647058826, 0.35294117647058826, 0.35294117647058826, 0.8035714285714286, 0.35294117647058826, 0.717948717948718]
 mean: 0.524607581960523, std: 0.24920513359231178
Accuracy Intime: [0.75, 0.75, 1.0, 0.5, 0.5, 1.0, 0.75, 0.75, 1.0, 0.5, 0.75, 0.75, 1.0, 0.5, 1.0]
 mean: 0.7666666666666667, std: 0.19293061504650375
F1 (Intime): [0.42857142857142855, 0.42857142857142855, 1.0, 0.3333333333333333, 0.3333333333333333, 1.0, 0.42857142857142855, 0.42857142857142855, 1.0, 0.3333333333333333, 0.42857142857142855, 0.42857142857142855, 1.0, 0.3333333333333333, 1.0]
 mean: 0.5936507936507937, std: 0.2898466593146242
--------------------------------------------------
Subject Number: 5
Accuracy Cross: [0.1, 0.9, 0.6, 0.6, 0.6, 0.6, 0.6, 0.6, 0.6, 0.6, 0.6, 0.6, 0.6, 0.6, 0.6]
 mean: 0.5866666666666664, std: 0.14996295838935988
F1 Score: [0.09090909090909091, 0.8901098901098901, 0.375, 0.375, 0.375, 0.375, 0.375, 0.375, 0.375, 0.375, 0.375, 0.375, 0.375, 0.375, 0.375]
 mean: 0.39040126540126535, std: 0.15110434780369908
Accuracy Intime: [1.0, 1.0, 1.0, 0.5, 0.5, 0.75, 0.75, 1.0, 0.5, 0.5, 0.75, 0.75, 1.0, 0.5, 0.5]
 mean: 0.7333333333333333, std: 0.21343747458109497
F1 (Intime): [1.0, 1.0, 1.0, 0.3333333333333333, 0.3333333333333333, 0.42857142857142855, 0.42857142857142855, 1.0, 0.3333333333333333, 0.3333333333333333, 0.42857142857142855, 0.42857142857142855, 1.0, 0.3333333333333333, 0.3333333333333333]
 mean: 0.580952380952381, std: 0.29875023126396427
--------------------------------------------------
Subject Number: 6
Accuracy Cross: [0.6, 0.6, 0.6, 0.6, 0.6, 0.5454545454545454, 0.5454545454545454, 0.5454545454545454, 0.5454545454545454, 0.5454545454545454, 0.5454545454545454, 0.5454545454545454, 0.5454545454545454, 0.5454545454545454, 0.7272727272727273]
 mean: 0.5757575757575756, std: 0.04772125984249584
F1 Score: [0.375, 0.375, 0.375, 0.375, 0.375, 0.35294117647058826, 0.35294117647058826, 0.35294117647058826, 0.35294117647058826, 0.5299145299145299, 0.35294117647058826, 0.35294117647058826, 0.35294117647058826, 0.35294117647058826, 0.6857142857142857]
 mean: 0.39427721515956804, std: 0.08901701976774559
Accuracy Intime: [0.75, 0.75, 0.75, 0.5, 0.5, 1.0, 0.75, 1.0, 0.5, 1.0, 0.75, 0.75, 1.0, 0.5, 1.0]
 mean: 0.7666666666666667, std: 0.19293061504650375
F1 (Intime): [0.42857142857142855, 0.42857142857142855, 0.42857142857142855, 0.3333333333333333, 0.3333333333333333, 1.0, 0.42857142857142855, 1.0, 0.3333333333333333, 1.0, 0.42857142857142855, 0.42857142857142855, 1.0, 0.3333333333333333, 1.0]
 mean: 0.5936507936507937, std: 0.2898466593146242
--------------------------------------------------
Subject Number: 7
Accuracy Cross: [0.6, 0.6, 0.6, 0.6, 0.6, 0.6, 0.6, 0.6, 0.6, 0.6, 0.6, 0.6, 0.6, 0.6, 0.6]
 mean: 0.5999999999999999, std: 1.1102230246251565e-16
F1 Score: [0.375, 0.375, 0.375, 0.375, 0.375, 0.375, 0.375, 0.375, 0.375, 0.375, 0.375, 0.375, 0.375, 0.375, 0.375]
 mean: 0.375, std: 0.0
Accuracy Intime: [0.75, 0.75, 1.0, 0.5, 0.5, 0.75, 0.75, 1.0, 0.5, 0.5, 0.75, 0.75, 1.0, 0.5, 0.5]
 mean: 0.7, std: 0.18708286933869706
F1 (Intime): [0.42857142857142855, 0.42857142857142855, 1.0, 0.3333333333333333, 0.3333333333333333, 0.42857142857142855, 0.42857142857142855, 1.0, 0.3333333333333333, 0.3333333333333333, 0.42857142857142855, 0.42857142857142855, 1.0, 0.3333333333333333, 0.3333333333333333]
 mean: 0.5047619047619047, std: 0.25125535158615087
--------------------------------------------------
Subject Number: 8
Accuracy Cross: [0.6, 0.6, 0.6, 0.6, 0.6, 0.6, 0.6, 0.6, 0.6, 0.6, 0.6, 0.6, 0.6, 0.6, 0.6]
 mean: 0.5999999999999999, std: 1.1102230246251565e-16
F1 Score: [0.375, 0.375, 0.375, 0.375, 0.375, 0.375, 0.375, 0.375, 0.375, 0.375, 0.375, 0.375, 0.375, 0.375, 0.375]
 mean: 0.375, std: 0.0
Accuracy Intime: [0.75, 0.75, 1.0, 0.5, 0.5, 0.75, 0.75, 1.0, 0.5, 0.5, 0.75, 0.75, 1.0, 0.5, 0.5]
 mean: 0.7, std: 0.18708286933869706
F1 (Intime): [0.42857142857142855, 0.42857142857142855, 1.0, 0.3333333333333333, 0.3333333333333333, 0.42857142857142855, 0.42857142857142855, 1.0, 0.3333333333333333, 0.3333333333333333, 0.42857142857142855, 0.42857142857142855, 1.0, 0.3333333333333333, 0.3333333333333333]
 mean: 0.5047619047619047, std: 0.25125535158615087
--------------------------------------------------
Subject Number: 9
Accuracy Cross: [0.6, 0.6, 0.6, 0.6, 0.8, 0.6, 0.6, 0.6, 0.6, 0.6, 0.6, 0.6, 0.6, 0.6, 0.6]
 mean: 0.6133333333333332, std: 0.04988876515698592
F1 Score: [0.375, 0.375, 0.375, 0.375, 0.7916666666666667, 0.375, 0.375, 0.375, 0.375, 0.375, 0.375, 0.375, 0.375, 0.375, 0.375]
 mean: 0.4027777777777778, std: 0.1039349274103873
Accuracy Intime: [0.75, 0.75, 1.0, 0.5, 1.0, 0.75, 0.75, 1.0, 0.5, 0.5, 0.75, 0.75, 1.0, 0.5, 0.5]
 mean: 0.7333333333333333, std: 0.19293061504650375
F1 (Intime): [0.42857142857142855, 0.42857142857142855, 1.0, 0.3333333333333333, 1.0, 0.42857142857142855, 0.42857142857142855, 1.0, 0.3333333333333333, 0.3333333333333333, 0.42857142857142855, 0.42857142857142855, 1.0, 0.3333333333333333, 0.3333333333333333]
 mean: 0.5492063492063491, std: 0.2748553755163602
--------------------------------------------------
Subject Number: 10
Accuracy Cross: [0.6, 0.6, 0.6, 0.6, 0.6, 0.6, 0.6, 0.6, 0.6, 0.6, 0.5454545454545454, 0.5454545454545454, 0.5454545454545454, 0.5454545454545454, 0.5454545454545454]
 mean: 0.5818181818181817, std: 0.02571297386132901
F1 Score: [0.375, 0.375, 0.375, 0.375, 0.375, 0.375, 0.375, 0.375, 0.375, 0.375, 0.35294117647058826, 0.35294117647058826, 0.35294117647058826, 0.35294117647058826, 0.35294117647058826]
 mean: 0.36764705882352927, std: 0.010398629135096277
Accuracy Intime: [0.75, 0.75, 1.0, 0.5, 0.5, 0.75, 0.75, 1.0, 0.5, 0.5, 0.75, 0.75, 1.0, 0.5, 0.5]
 mean: 0.7, std: 0.18708286933869706
F1 (Intime): [0.42857142857142855, 0.42857142857142855, 1.0, 0.3333333333333333, 0.3333333333333333, 0.42857142857142855, 0.42857142857142855, 1.0, 0.3333333333333333, 0.3333333333333333, 0.42857142857142855, 0.42857142857142855, 1.0, 0.3333333333333333, 0.3333333333333333]
 mean: 0.5047619047619047, std: 0.25125535158615087
--------------------------------------------------
Subject Number: 11
Accuracy Cross: [0.5454545454545454, 0.5454545454545454, 0.5454545454545454, 0.5454545454545454, 0.45454545454545453, 0.5454545454545454, 0.5454545454545454, 0.5454545454545454, 0.6363636363636364, 0.6363636363636364, 0.5454545454545454, 0.5454545454545454, 0.5454545454545454, 0.5454545454545454, 0.2727272727272727]
 mean: 0.5333333333333333, std: 0.08040302522073696
F1 Score: [0.35294117647058826, 0.35294117647058826, 0.35294117647058826, 0.35294117647058826, 0.4107142857142857, 0.35294117647058826, 0.35294117647058826, 0.35294117647058826, 0.5416666666666666, 0.6071428571428572, 0.35294117647058826, 0.35294117647058826, 0.35294117647058826, 0.35294117647058826, 0.26666666666666666]
 mean: 0.38056956115779633, std: 0.0814726595014475
Accuracy Intime: [0.75, 0.75, 0.75, 0.5, 0.75, 0.75, 0.75, 0.75, 0.75, 0.75, 0.75, 0.75, 0.75, 1.0, 0.75]
 mean: 0.75, std: 0.09128709291752768
F1 (Intime): [0.42857142857142855, 0.42857142857142855, 0.42857142857142855, 0.3333333333333333, 0.7333333333333334, 0.42857142857142855, 0.42857142857142855, 0.42857142857142855, 0.7333333333333334, 0.7333333333333334, 0.42857142857142855, 0.42857142857142855, 0.42857142857142855, 1.0, 0.7333333333333334]
 mean: 0.5415873015873017, std: 0.18538812764985732
--------------------------------------------------
Subject Number: 12
Accuracy Cross: [1.0, 0.6, 0.6, 0.6, 0.9, 0.5454545454545454, 0.8181818181818182, 0.5454545454545454, 0.5454545454545454, 0.5454545454545454, 0.9, 0.6, 0.6, 0.7, 0.6]
 mean: 0.6733333333333332, std: 0.14806247905636286
F1 Score: [1.0, 0.375, 0.375, 0.375, 0.898989898989899, 0.35294117647058826, 0.8035714285714286, 0.35294117647058826, 0.35294117647058826, 0.35294117647058826, 0.8901098901098901, 0.375, 0.375, 0.696969696969697, 0.375]
 mean: 0.5300937080348845, std: 0.23930483502412261
Accuracy Intime: [1.0, 0.75, 1.0, 0.5, 1.0, 0.75, 1.0, 1.0, 0.5, 0.5, 1.0, 0.75, 1.0, 1.0, 0.5]
 mean: 0.8166666666666667, std: 0.213437474581095
F1 (Intime): [1.0, 0.42857142857142855, 1.0, 0.3333333333333333, 1.0, 0.42857142857142855, 1.0, 1.0, 0.3333333333333333, 0.3333333333333333, 1.0, 0.42857142857142855, 1.0, 1.0, 0.3333333333333333]
 mean: 0.7079365079365079, std: 0.313884624617353
--------------------------------------------------
Subject Number: 13
Accuracy Cross: [0.6, 0.6, 0.6, 0.6, 0.6, 0.5454545454545454, 0.5454545454545454, 0.5454545454545454, 0.5454545454545454, 0.5454545454545454, 0.6, 0.6, 0.6, 0.6, 0.6]
 mean: 0.5818181818181817, std: 0.025712973861329005
F1 Score: [0.375, 0.375, 0.375, 0.375, 0.375, 0.35294117647058826, 0.35294117647058826, 0.35294117647058826, 0.35294117647058826, 0.35294117647058826, 0.375, 0.375, 0.375, 0.375, 0.375]
 mean: 0.3676470588235295, std: 0.010398629135096277
Accuracy Intime: [0.75, 0.75, 1.0, 0.5, 0.5, 0.75, 0.75, 1.0, 0.5, 0.5, 0.75, 0.75, 1.0, 0.5, 0.5]
 mean: 0.7, std: 0.18708286933869706
F1 (Intime): [0.42857142857142855, 0.42857142857142855, 1.0, 0.3333333333333333, 0.3333333333333333, 0.42857142857142855, 0.42857142857142855, 1.0, 0.3333333333333333, 0.3333333333333333, 0.42857142857142855, 0.42857142857142855, 1.0, 0.3333333333333333, 0.3333333333333333]
 mean: 0.5047619047619047, std: 0.25125535158615087
--------------------------------------------------
Subject Number: 14
Accuracy Cross: [0.6, 0.6, 0.6, 0.6, 0.6, 0.6, 0.6, 0.6, 0.6, 0.6, 0.6, 0.6, 0.6, 0.6, 0.6]
 mean: 0.5999999999999999, std: 1.1102230246251565e-16
F1 Score: [0.375, 0.375, 0.375, 0.375, 0.375, 0.375, 0.375, 0.375, 0.375, 0.375, 0.375, 0.375, 0.375, 0.375, 0.375]
 mean: 0.375, std: 0.0
Accuracy Intime: [0.75, 0.75, 1.0, 0.5, 0.5, 0.75, 0.75, 1.0, 0.5, 0.5, 0.75, 0.75, 1.0, 0.5, 0.5]
 mean: 0.7, std: 0.18708286933869706
F1 (Intime): [0.42857142857142855, 0.42857142857142855, 1.0, 0.3333333333333333, 0.3333333333333333, 0.42857142857142855, 0.42857142857142855, 1.0, 0.3333333333333333, 0.3333333333333333, 0.42857142857142855, 0.42857142857142855, 1.0, 0.3333333333333333, 0.3333333333333333]
 mean: 0.5047619047619047, std: 0.25125535158615087
--------------------------------------------------
Subject Number: 15
Accuracy Cross: [0.7, 0.9, 0.6, 0.6, 0.6, 0.6, 0.6, 0.6, 0.6, 0.6, 0.7, 0.6, 0.6, 0.6, 0.6]
 mean: 0.6333333333333332, std: 0.07888106377466156
F1 Score: [0.696969696969697, 0.8901098901098901, 0.375, 0.375, 0.375, 0.375, 0.375, 0.375, 0.375, 0.375, 0.6000000000000001, 0.375, 0.375, 0.375, 0.375]
 mean: 0.4458053058053058, std: 0.15153147411303444
Accuracy Intime: [1.0, 1.0, 1.0, 0.5, 0.5, 0.75, 0.75, 1.0, 0.5, 0.5, 1.0, 0.75, 1.0, 0.5, 0.5]
 mean: 0.75, std: 0.22360679774997896
F1 (Intime): [1.0, 1.0, 1.0, 0.3333333333333333, 0.3333333333333333, 0.42857142857142855, 0.42857142857142855, 1.0, 0.3333333333333333, 0.3333333333333333, 1.0, 0.42857142857142855, 1.0, 0.3333333333333333, 0.3333333333333333]
 mean: 0.6190476190476191, std: 0.31298431857438064
--------------------------------------------------
Subject Number: 16
Accuracy Cross: [0.6, 0.6, 0.6, 0.6, 0.6, 0.6, 0.6, 0.6, 0.6, 0.6, 0.6, 0.6, 0.6, 0.6, 0.6]
 mean: 0.5999999999999999, std: 1.1102230246251565e-16
F1 Score: [0.375, 0.375, 0.375, 0.375, 0.375, 0.375, 0.375, 0.375, 0.375, 0.375, 0.375, 0.375, 0.375, 0.375, 0.375]
 mean: 0.375, std: 0.0
Accuracy Intime: [0.75, 0.75, 1.0, 0.5, 0.5, 0.75, 0.75, 1.0, 0.5, 0.5, 0.75, 0.75, 1.0, 0.5, 0.5]
 mean: 0.7, std: 0.18708286933869706
F1 (Intime): [0.42857142857142855, 0.42857142857142855, 1.0, 0.3333333333333333, 0.3333333333333333, 0.42857142857142855, 0.42857142857142855, 1.0, 0.3333333333333333, 0.3333333333333333, 0.42857142857142855, 0.42857142857142855, 1.0, 0.3333333333333333, 0.3333333333333333]
 mean: 0.5047619047619047, std: 0.25125535158615087
--------------------------------------------------
Subject Number: 17
Accuracy Cross: [0.5454545454545454, 0.5454545454545454, 0.5454545454545454, 0.5454545454545454, 0.5454545454545454, 0.5454545454545454, 0.5454545454545454, 0.5454545454545454, 0.5454545454545454, 0.5454545454545454, 0.6, 0.6, 0.6, 0.6, 0.6]
 mean: 0.5636363636363634, std: 0.02571297386132901
F1 Score: [0.35294117647058826, 0.35294117647058826, 0.35294117647058826, 0.35294117647058826, 0.35294117647058826, 0.35294117647058826, 0.35294117647058826, 0.35294117647058826, 0.35294117647058826, 0.35294117647058826, 0.375, 0.375, 0.375, 0.375, 0.375]
 mean: 0.3602941176470588, std: 0.010398629135096276
Accuracy Intime: [0.75, 0.75, 1.0, 0.5, 0.5, 0.75, 0.75, 1.0, 0.5, 0.5, 0.75, 0.75, 0.75, 0.5, 0.5]
 mean: 0.6833333333333333, std: 0.16996731711975951
F1 (Intime): [0.42857142857142855, 0.42857142857142855, 1.0, 0.3333333333333333, 0.3333333333333333, 0.42857142857142855, 0.42857142857142855, 1.0, 0.3333333333333333, 0.3333333333333333, 0.42857142857142855, 0.42857142857142855, 0.42857142857142855, 0.3333333333333333, 0.3333333333333333]
 mean: 0.4666666666666667, std: 0.2138089935299395
--------------------------------------------------
Subject Number: 18
Accuracy Cross: [0.5454545454545454, 0.8181818181818182, 0.5454545454545454, 0.5454545454545454, 0.7272727272727273, 0.6, 0.6, 0.6, 0.6, 0.9, 0.6, 0.9, 0.6, 0.6, 0.6]
 mean: 0.6521212121212121, std: 0.11887751719942871
F1 Score: [0.35294117647058826, 0.8035714285714286, 0.35294117647058826, 0.35294117647058826, 0.717948717948718, 0.375, 0.375, 0.375, 0.375, 0.8901098901098901, 0.375, 0.8901098901098901, 0.375, 0.375, 0.375]
 mean: 0.49070423041011274, std: 0.2053633254134452
Accuracy Intime: [0.75, 1.0, 1.0, 0.5, 0.75, 0.75, 0.75, 1.0, 0.5, 0.75, 0.75, 1.0, 1.0, 0.5, 0.5]
 mean: 0.7666666666666667, std: 0.19293061504650375
F1 (Intime): [0.42857142857142855, 1.0, 1.0, 0.3333333333333333, 0.7333333333333334, 0.42857142857142855, 0.42857142857142855, 1.0, 0.3333333333333333, 0.7333333333333334, 0.42857142857142855, 1.0, 1.0, 0.3333333333333333, 0.3333333333333333]
 mean: 0.6342857142857145, std: 0.28518045367181566
--------------------------------------------------
Subject Number: 19
Accuracy Cross: [0.6, 0.7, 0.6, 0.6, 0.6, 0.6, 0.8, 0.6, 0.6, 0.6, 0.6, 0.4, 0.6, 0.6, 0.6]
 mean: 0.6066666666666666, std: 0.07717224601860151
F1 Score: [0.375, 0.696969696969697, 0.375, 0.375, 0.375, 0.375, 0.8, 0.375, 0.375, 0.375, 0.375, 0.2857142857142857, 0.375, 0.375, 0.375]
 mean: 0.41884559884559885, std: 0.13252040760334013
Accuracy Intime: [0.75, 1.0, 1.0, 0.5, 0.5, 0.75, 1.0, 1.0, 0.5, 0.5, 0.75, 1.0, 1.0, 0.5, 0.5]
 mean: 0.75, std: 0.22360679774997896
F1 (Intime): [0.42857142857142855, 1.0, 1.0, 0.3333333333333333, 0.3333333333333333, 0.42857142857142855, 1.0, 1.0, 0.3333333333333333, 0.3333333333333333, 0.42857142857142855, 1.0, 1.0, 0.3333333333333333, 0.3333333333333333]
 mean: 0.6190476190476191, std: 0.31298431857438064
--------------------------------------------------
Subject Number: 20
Accuracy Cross: [0.6, 0.6, 0.6, 0.6, 0.6, 0.6, 0.6, 0.6, 0.6, 0.6, 0.5454545454545454, 0.9090909090909091, 0.5454545454545454, 0.5454545454545454, 0.5454545454545454]
 mean: 0.606060606060606, std: 0.08441447440717648
F1 Score: [0.375, 0.375, 0.375, 0.375, 0.375, 0.375, 0.375, 0.375, 0.375, 0.375, 0.35294117647058826, 0.9090909090909091, 0.35294117647058826, 0.35294117647058826, 0.35294117647058826]
 mean: 0.404723707664884, std: 0.1351411568189223
Accuracy Intime: [0.75, 0.75, 1.0, 0.5, 0.5, 0.75, 0.75, 1.0, 0.5, 0.5, 0.75, 1.0, 1.0, 0.5, 0.5]
 mean: 0.7166666666666667, std: 0.20138409955990952
F1 (Intime): [0.42857142857142855, 0.42857142857142855, 1.0, 0.3333333333333333, 0.3333333333333333, 0.42857142857142855, 0.42857142857142855, 1.0, 0.3333333333333333, 0.3333333333333333, 0.42857142857142855, 1.0, 1.0, 0.3333333333333333, 0.3333333333333333]
 mean: 0.5428571428571428, std: 0.27864264453957704
--------------------------------------------------
Subject Number: 21
Accuracy Cross: [0.6, 0.6, 0.6, 0.6, 0.5, 0.6, 0.6, 0.6, 0.6, 0.6, 0.6, 0.6, 0.6, 0.6, 0.6]
 mean: 0.5933333333333332, std: 0.02494438257849293
F1 Score: [0.375, 0.375, 0.375, 0.375, 0.4949494949494949, 0.375, 0.375, 0.375, 0.375, 0.375, 0.375, 0.375, 0.375, 0.375, 0.375]
 mean: 0.382996632996633, std: 0.029920660921172078
Accuracy Intime: [0.75, 0.75, 1.0, 0.5, 0.75, 0.75, 0.75, 1.0, 0.5, 0.5, 0.75, 0.75, 1.0, 0.5, 0.5]
 mean: 0.7166666666666667, std: 0.17950549357115014
F1 (Intime): [0.42857142857142855, 0.42857142857142855, 1.0, 0.3333333333333333, 0.7333333333333334, 0.42857142857142855, 0.42857142857142855, 1.0, 0.3333333333333333, 0.3333333333333333, 0.42857142857142855, 0.42857142857142855, 1.0, 0.3333333333333333, 0.3333333333333333]
 mean: 0.5314285714285714, std: 0.2528674556232547
--------------------------------------------------
Subject Number: 22
Accuracy Cross: [0.6, 0.6, 0.6, 0.6, 0.6, 0.5454545454545454, 0.5454545454545454, 0.5454545454545454, 0.5454545454545454, 0.5454545454545454, 0.6, 0.6, 0.6, 0.6, 0.6]
 mean: 0.5818181818181817, std: 0.025712973861329005
F1 Score: [0.375, 0.375, 0.375, 0.375, 0.375, 0.35294117647058826, 0.35294117647058826, 0.35294117647058826, 0.35294117647058826, 0.35294117647058826, 0.375, 0.375, 0.375, 0.375, 0.375]
 mean: 0.3676470588235295, std: 0.010398629135096277
Accuracy Intime: [0.75, 0.75, 1.0, 0.5, 0.5, 0.75, 0.75, 1.0, 0.5, 0.5, 0.75, 0.75, 1.0, 0.5, 0.5]
 mean: 0.7, std: 0.18708286933869706
F1 (Intime): [0.42857142857142855, 0.42857142857142855, 1.0, 0.3333333333333333, 0.3333333333333333, 0.42857142857142855, 0.42857142857142855, 1.0, 0.3333333333333333, 0.3333333333333333, 0.42857142857142855, 0.42857142857142855, 1.0, 0.3333333333333333, 0.3333333333333333]
 mean: 0.5047619047619047, std: 0.25125535158615087
--------------------------------------------------
Subject Number: 23
Accuracy Cross: [0.5454545454545454, 0.5454545454545454, 0.5454545454545454, 0.5454545454545454, 0.5454545454545454, 0.6, 0.6, 0.6, 0.6, 0.6, 0.5454545454545454, 0.5454545454545454, 0.5454545454545454, 0.5454545454545454, 0.5454545454545454]
 mean: 0.5636363636363634, std: 0.025712973861329005
F1 Score: [0.35294117647058826, 0.35294117647058826, 0.35294117647058826, 0.35294117647058826, 0.35294117647058826, 0.375, 0.375, 0.375, 0.375, 0.375, 0.35294117647058826, 0.35294117647058826, 0.35294117647058826, 0.35294117647058826, 0.35294117647058826]
 mean: 0.36029411764705876, std: 0.010398629135096277
Accuracy Intime: [0.75, 0.75, 1.0, 0.5, 0.5, 0.75, 0.75, 0.75, 0.5, 0.5, 0.75, 0.75, 1.0, 0.5, 0.5]
 mean: 0.6833333333333333, std: 0.16996731711975951
F1 (Intime): [0.42857142857142855, 0.42857142857142855, 1.0, 0.3333333333333333, 0.3333333333333333, 0.42857142857142855, 0.42857142857142855, 0.42857142857142855, 0.3333333333333333, 0.3333333333333333, 0.42857142857142855, 0.42857142857142855, 1.0, 0.3333333333333333, 0.3333333333333333]
 mean: 0.4666666666666666, std: 0.21380899352993954
--------------------------------------------------
Subject Number: 24
Accuracy Cross: [0.6, 0.6, 0.6, 0.6, 0.6, 0.6, 0.6, 0.6, 0.6, 0.6, 0.6, 0.6, 0.6, 0.6, 0.6]
 mean: 0.5999999999999999, std: 1.1102230246251565e-16
F1 Score: [0.375, 0.375, 0.375, 0.375, 0.375, 0.375, 0.375, 0.375, 0.375, 0.375, 0.375, 0.375, 0.375, 0.375, 0.375]
 mean: 0.375, std: 0.0
Accuracy Intime: [0.75, 0.75, 1.0, 0.5, 0.5, 0.75, 0.75, 1.0, 0.5, 0.5, 0.75, 0.75, 1.0, 0.5, 0.5]
 mean: 0.7, std: 0.18708286933869706
F1 (Intime): [0.42857142857142855, 0.42857142857142855, 1.0, 0.3333333333333333, 0.3333333333333333, 0.42857142857142855, 0.42857142857142855, 1.0, 0.3333333333333333, 0.3333333333333333, 0.42857142857142855, 0.42857142857142855, 1.0, 0.3333333333333333, 0.3333333333333333]
 mean: 0.5047619047619047, std: 0.25125535158615087
--------------------------------------------------
Subject Number: 25
Accuracy Cross: [0.5454545454545454, 0.5454545454545454, 0.5454545454545454, 0.5454545454545454, 0.8181818181818182, 0.6, 0.6, 0.6, 0.6, 0.7, 0.6, 0.6, 0.6, 0.6, 0.5]
 mean: 0.5999999999999999, std: 0.07280299088700729
F1 Score: [0.35294117647058826, 0.35294117647058826, 0.35294117647058826, 0.35294117647058826, 0.8166666666666667, 0.5238095238095238, 0.375, 0.375, 0.375, 0.6000000000000001, 0.375, 0.375, 0.375, 0.375, 0.4949494949494949]
 mean: 0.43147935942053584, std: 0.12551870945087468
Accuracy Intime: [0.75, 0.75, 1.0, 0.5, 1.0, 1.0, 0.75, 1.0, 0.5, 1.0, 0.75, 0.75, 1.0, 0.5, 0.75]
 mean: 0.8, std: 0.18708286933869708
F1 (Intime): [0.42857142857142855, 0.42857142857142855, 1.0, 0.3333333333333333, 1.0, 1.0, 0.42857142857142855, 1.0, 0.3333333333333333, 1.0, 0.42857142857142855, 0.42857142857142855, 1.0, 0.3333333333333333, 0.7333333333333334]
 mean: 0.6584126984126984, std: 0.2929014893080974
--------------------------------------------------
Subject Number: 26
Accuracy Cross: [0.5454545454545454, 0.5454545454545454, 0.5454545454545454, 0.8181818181818182, 0.5454545454545454, 0.9, 0.9, 0.6, 0.6, 0.6, 0.6, 0.6, 0.6, 0.6, 0.6]
 mean: 0.6399999999999999, std: 0.11986217980981463
F1 Score: [0.35294117647058826, 0.35294117647058826, 0.35294117647058826, 0.8166666666666667, 0.35294117647058826, 0.8901098901098901, 0.8901098901098901, 0.375, 0.375, 0.375, 0.375, 0.375, 0.375, 0.375, 0.375]
 mean: 0.46724341018458665, std: 0.2000099177819721
Accuracy Intime: [0.75, 0.75, 1.0, 0.75, 0.5, 1.0, 1.0, 1.0, 0.5, 0.5, 0.75, 0.75, 1.0, 0.5, 0.5]
 mean: 0.75, std: 0.2041241452319315
F1 (Intime): [0.42857142857142855, 0.42857142857142855, 1.0, 0.7333333333333334, 0.3333333333333333, 1.0, 1.0, 1.0, 0.3333333333333333, 0.3333333333333333, 0.42857142857142855, 0.42857142857142855, 1.0, 0.3333333333333333, 0.3333333333333333]
 mean: 0.6076190476190477, std: 0.29325911244065117
--------------------------------------------------
Subject Number: 27
Accuracy Cross: [0.5454545454545454, 0.5454545454545454, 0.5454545454545454, 0.5454545454545454, 0.5454545454545454, 0.5454545454545454, 0.5454545454545454, 0.5454545454545454, 0.5454545454545454, 0.5454545454545454, 0.6, 0.6, 0.6, 0.6, 0.6]
 mean: 0.5636363636363634, std: 0.02571297386132901
F1 Score: [0.35294117647058826, 0.35294117647058826, 0.35294117647058826, 0.35294117647058826, 0.35294117647058826, 0.35294117647058826, 0.35294117647058826, 0.35294117647058826, 0.35294117647058826, 0.35294117647058826, 0.375, 0.375, 0.375, 0.375, 0.375]
 mean: 0.3602941176470588, std: 0.010398629135096276
Accuracy Intime: [0.75, 0.75, 1.0, 0.5, 0.5, 0.75, 0.75, 1.0, 0.5, 0.5, 0.75, 0.75, 0.75, 0.5, 0.5]
 mean: 0.6833333333333333, std: 0.16996731711975951
F1 (Intime): [0.42857142857142855, 0.42857142857142855, 1.0, 0.3333333333333333, 0.3333333333333333, 0.42857142857142855, 0.42857142857142855, 1.0, 0.3333333333333333, 0.3333333333333333, 0.42857142857142855, 0.42857142857142855, 0.42857142857142855, 0.3333333333333333, 0.3333333333333333]
 mean: 0.4666666666666667, std: 0.2138089935299395
--------------------------------------------------
Subject Number: 28
Accuracy Cross: [0.6, 0.6, 0.6, 0.6, 0.6, 0.6, 0.6, 0.6, 0.6, 0.6, 0.6, 0.6, 0.6, 0.6, 0.6]
 mean: 0.5999999999999999, std: 1.1102230246251565e-16
F1 Score: [0.375, 0.375, 0.375, 0.375, 0.375, 0.375, 0.375, 0.375, 0.375, 0.375, 0.375, 0.375, 0.375, 0.375, 0.375]
 mean: 0.375, std: 0.0
Accuracy Intime: [0.75, 0.75, 1.0, 0.5, 0.5, 0.75, 0.75, 1.0, 0.5, 0.5, 0.75, 0.75, 1.0, 0.5, 0.5]
 mean: 0.7, std: 0.18708286933869706
F1 (Intime): [0.42857142857142855, 0.42857142857142855, 1.0, 0.3333333333333333, 0.3333333333333333, 0.42857142857142855, 0.42857142857142855, 1.0, 0.3333333333333333, 0.3333333333333333, 0.42857142857142855, 0.42857142857142855, 1.0, 0.3333333333333333, 0.3333333333333333]
 mean: 0.5047619047619047, std: 0.25125535158615087
--------------------------------------------------
Subject Number: 29
Accuracy Cross: [0.9, 0.6, 0.6, 0.6, 0.9, 0.9, 0.6, 0.6, 0.9, 1.0, 0.6363636363636364, 1.0, 0.5454545454545454, 1.0, 0.5454545454545454]
 mean: 0.7551515151515151, std: 0.18003570710011293
F1 Score: [0.8901098901098901, 0.375, 0.375, 0.375, 0.8901098901098901, 0.8901098901098901, 0.375, 0.375, 0.8901098901098901, 1.0, 0.5416666666666666, 1.0, 0.35294117647058826, 1.0, 0.35294117647058826]
 mean: 0.6455325720031603, std: 0.2785869904841451
Accuracy Intime: [1.0, 0.75, 1.0, 0.5, 0.75, 1.0, 0.75, 1.0, 0.75, 1.0, 1.0, 1.0, 1.0, 0.75, 0.5]
 mean: 0.85, std: 0.17795130420052185
F1 (Intime): [1.0, 0.42857142857142855, 1.0, 0.3333333333333333, 0.7333333333333334, 1.0, 0.42857142857142855, 1.0, 0.7333333333333334, 1.0, 1.0, 1.0, 1.0, 0.7333333333333334, 0.3333333333333333]
 mean: 0.7815873015873017, std: 0.2632770206826861
--------------------------------------------------
**************************************************
accuracy_cross_list: [0.6151515151515151, 0.5696969696969697, 0.5636363636363634, 0.6545454545454544, 0.5866666666666664, 0.5757575757575756, 0.5999999999999999, 0.5999999999999999, 0.6133333333333332, 0.5818181818181817, 0.5333333333333333, 0.6733333333333332, 0.5818181818181817, 0.5999999999999999, 0.6333333333333332, 0.5999999999999999, 0.5636363636363634, 0.6521212121212121, 0.6066666666666666, 0.606060606060606, 0.5933333333333332, 0.5818181818181817, 0.5636363636363634, 0.5999999999999999, 0.5999999999999999, 0.6399999999999999, 0.5636363636363634, 0.5999999999999999, 0.7551515151515151]
f1_score_list: [0.43077837195484253, 0.38978668390433086, 0.3741830065359476, 0.524607581960523, 0.39040126540126535, 0.39427721515956804, 0.375, 0.375, 0.4027777777777778, 0.36764705882352927, 0.38056956115779633, 0.5300937080348845, 0.3676470588235295, 0.375, 0.4458053058053058, 0.375, 0.3602941176470588, 0.49070423041011274, 0.41884559884559885, 0.404723707664884, 0.382996632996633, 0.3676470588235295, 0.36029411764705876, 0.375, 0.43147935942053584, 0.46724341018458665, 0.3602941176470588, 0.375, 0.6455325720031603]
accuracy_intime_list: [0.7333333333333333, 0.7333333333333333, 0.7, 0.7666666666666667, 0.7333333333333333, 0.7666666666666667, 0.7, 0.7, 0.7333333333333333, 0.7, 0.75, 0.8166666666666667, 0.7, 0.7, 0.75, 0.7, 0.6833333333333333, 0.7666666666666667, 0.75, 0.7166666666666667, 0.7166666666666667, 0.7, 0.6833333333333333, 0.7, 0.8, 0.75, 0.6833333333333333, 0.7, 0.85]
f1_score_intime_list: [0.580952380952381, 0.5580952380952381, 0.4933333333333333, 0.5936507936507937, 0.580952380952381, 0.5936507936507937, 0.5047619047619047, 0.5047619047619047, 0.5492063492063491, 0.5047619047619047, 0.5415873015873017, 0.7079365079365079, 0.5047619047619047, 0.5047619047619047, 0.6190476190476191, 0.5047619047619047, 0.4666666666666667, 0.6342857142857145, 0.6190476190476191, 0.5428571428571428, 0.5314285714285714, 0.5047619047619047, 0.4666666666666666, 0.5047619047619047, 0.6584126984126984, 0.6076190476190477, 0.4666666666666667, 0.5047619047619047, 0.7815873015873017]
**************************************************
ACC: 60.37±4.17
F1: 41.17±6.41
Intime: 73.05±4.08
F1 (Intime): 55.64±7.38
