1e-04
Subject Number: 1
Accuracy Cross: [0.2, 0.18571428571428572, 0.2, 0.2571428571428571, 0.2, 0.2, 0.2, 0.21428571428571427, 0.2, 0.2, 0.2714285714285714, 0.2, 0.2, 0.2, 0.2]
 mean: 0.2085714285714286, std: 0.02261779445150078
F1 Score: [0.11248710010319918, 0.1110782703886152, 0.06829268292682927, 0.15254079254079253, 0.06666666666666667, 0.06666666666666667, 0.06666666666666667, 0.11486486486486487, 0.06666666666666667, 0.06666666666666667, 0.16126984126984129, 0.06666666666666667, 0.06666666666666667, 0.06746987951807229, 0.06666666666666667]
 mean: 0.08808911766303652, std: 0.03249467966098329
Accuracy Intime: [0.42857142857142855, 0.35714285714285715, 0.25, 0.25, 0.21428571428571427, 0.21428571428571427, 0.21428571428571427, 0.32142857142857145, 0.21428571428571427, 0.21428571428571427, 0.32142857142857145, 0.21428571428571427, 0.21428571428571427, 0.25, 0.21428571428571427]
 mean: 0.2595238095238096, std: 0.06450579611497174
F1 (Intime): [0.29695652173913045, 0.2700854700854701, 0.125, 0.12186379928315412, 0.07058823529411765, 0.07058823529411765, 0.07058823529411765, 0.18107416879795396, 0.07058823529411765, 0.07058823529411765, 0.18434782608695652, 0.07058823529411765, 0.07058823529411765, 0.12987012987012986, 0.07058823529411765]
 mean: 0.12492691988104906, std: 0.07348646622917215
--------------------------------------------------
Subject Number: 2
Accuracy Cross: [0.34285714285714286, 0.24285714285714285, 0.4142857142857143, 0.2714285714285714, 0.3142857142857143, 0.32857142857142857, 0.3142857142857143, 0.3, 0.38571428571428573, 0.2857142857142857, 0.4, 0.35714285714285715, 0.32857142857142857, 0.37142857142857144, 0.35714285714285715]
 mean: 0.33428571428571424, std: 0.04659858980085742
F1 Score: [0.2957393483709273, 0.1268732394366197, 0.3337484737484737, 0.14809821858449687, 0.23619328542927862, 0.2635820895522388, 0.22282051282051282, 0.2272064777327935, 0.3493471383376474, 0.19887323943661972, 0.3028571428571428, 0.2665961945031713, 0.1918181818181818, 0.28074592074592075, 0.24412238325281804]
 mean: 0.24590812310845622, std: 0.06107393097814659
Accuracy Intime: [0.5714285714285714, 0.4642857142857143, 0.42857142857142855, 0.2857142857142857, 0.5, 0.42857142857142855, 0.42857142857142855, 0.5, 0.5, 0.6428571428571429, 0.4642857142857143, 0.5, 0.2857142857142857, 0.42857142857142855, 0.42857142857142855]
 mean: 0.4571428571428572, std: 0.08864052604279185
F1 (Intime): [0.5348701298701298, 0.31714285714285717, 0.3626666666666667, 0.16969696969696968, 0.41904761904761906, 0.4204761904761904, 0.34714285714285714, 0.4907070707070707, 0.4734046345811052, 0.6277809909388857, 0.41776223776223775, 0.469047619047619, 0.18647619047619046, 0.32564102564102565, 0.25]
 mean: 0.3874575372798283, std: 0.12244991431214594
--------------------------------------------------
Subject Number: 3
Accuracy Cross: [0.2, 0.37142857142857144, 0.2, 0.22857142857142856, 0.2, 0.2, 0.2, 0.2, 0.37142857142857144, 0.2857142857142857, 0.2, 0.22857142857142856, 0.2714285714285714, 0.2, 0.2]
 mean: 0.23714285714285718, std: 0.05897076411585798
F1 Score: [0.13891226429795855, 0.2588075880758808, 0.06666666666666667, 0.109009009009009, 0.06666666666666667, 0.06666666666666667, 0.06666666666666667, 0.06666666666666667, 0.24980392156862746, 0.16092157731501994, 0.06666666666666667, 0.13206349206349205, 0.1789473684210526, 0.06666666666666667, 0.06666666666666667]
 mean: 0.11745323693895823, std: 0.06559890308258685
Accuracy Intime: [0.39285714285714285, 0.42857142857142855, 0.21428571428571427, 0.2857142857142857, 0.21428571428571427, 0.21428571428571427, 0.21428571428571427, 0.21428571428571427, 0.35714285714285715, 0.2857142857142857, 0.21428571428571427, 0.25, 0.4642857142857143, 0.21428571428571427, 0.25]
 mean: 0.28095238095238095, std: 0.08438116736509216
F1 (Intime): [0.3346930846930847, 0.3648033126293995, 0.07058823529411765, 0.15754475703324808, 0.07058823529411765, 0.07058823529411765, 0.07058823529411765, 0.07058823529411765, 0.22821316614420062, 0.16, 0.07058823529411765, 0.12525252525252525, 0.346031746031746, 0.07058823529411765, 0.12987012987012986]
 mean: 0.15603509124754383, std: 0.10632327425278787
--------------------------------------------------
Subject Number: 4
Accuracy Cross: [0.34285714285714286, 0.2714285714285714, 0.4, 0.34285714285714286, 0.38571428571428573, 0.3142857142857143, 0.3, 0.34285714285714286, 0.42857142857142855, 0.32857142857142857, 0.32857142857142857, 0.38571428571428573, 0.4142857142857143, 0.3142857142857143, 0.35714285714285715]
 mean: 0.3504761904761905, std: 0.04297338732448945
F1 Score: [0.21066176470588233, 0.17765918627987592, 0.23655172413793105, 0.2187739463601533, 0.2959910414333706, 0.22323232323232323, 0.26315789473684215, 0.3039128829826504, 0.2849836893612544, 0.2233100233100233, 0.20717948717948714, 0.33627450980392154, 0.3423109243697479, 0.18161764705882352, 0.262004662004662]
 mean: 0.2511747804637966, std: 0.05058457614338967
Accuracy Intime: [0.2857142857142857, 0.2857142857142857, 0.35714285714285715, 0.39285714285714285, 0.5714285714285714, 0.5, 0.5, 0.5714285714285714, 0.35714285714285715, 0.5, 0.25, 0.35714285714285715, 0.39285714285714285, 0.35714285714285715, 0.4642857142857143]
 mean: 0.4095238095238095, std: 0.09920317455237931
F1 (Intime): [0.17272727272727273, 0.1984551396316102, 0.22272727272727275, 0.30367880485527543, 0.5004761904761904, 0.4314285714285714, 0.48386123680241333, 0.577936507936508, 0.24000000000000005, 0.4416666666666666, 0.1578544061302682, 0.2978354978354979, 0.31203007518796994, 0.21333333333333332, 0.33015873015873015]
 mean: 0.3256113137265053, std: 0.12744094953393495
--------------------------------------------------
Subject Number: 5
Accuracy Cross: [0.3142857142857143, 0.38571428571428573, 0.3, 0.2, 0.2, 0.2, 0.2571428571428571, 0.32857142857142857, 0.38571428571428573, 0.34285714285714286, 0.3142857142857143, 0.2, 0.2857142857142857, 0.35714285714285715, 0.34285714285714286]
 mean: 0.29428571428571426, std: 0.0655276853781698
F1 Score: [0.2222446916076845, 0.3243911502660177, 0.22142857142857145, 0.06666666666666667, 0.06666666666666667, 0.06666666666666667, 0.152, 0.21176470588235294, 0.35515151515151516, 0.30557920224289536, 0.2236756814196908, 0.06666666666666667, 0.20303065355696934, 0.3381867678600891, 0.315074643129563]
 mean: 0.20927961661413444, std: 0.1022465836578297
Accuracy Intime: [0.39285714285714285, 0.4642857142857143, 0.32142857142857145, 0.21428571428571427, 0.21428571428571427, 0.21428571428571427, 0.39285714285714285, 0.39285714285714285, 0.4642857142857143, 0.4642857142857143, 0.35714285714285715, 0.21428571428571427, 0.32142857142857145, 0.4642857142857143, 0.4642857142857143]
 mean: 0.3571428571428571, std: 0.09845749108635873
F1 (Intime): [0.31999999999999995, 0.42000000000000004, 0.2832034632034632, 0.07058823529411765, 0.07058823529411765, 0.07058823529411765, 0.3133333333333333, 0.23333333333333334, 0.4177777777777778, 0.4, 0.23006535947712417, 0.07058823529411765, 0.23500000000000001, 0.4224463118580766, 0.36428571428571427]
 mean: 0.2614532156296862, std: 0.13166846483125244
--------------------------------------------------
Subject Number: 6
Accuracy Cross: [0.22857142857142856, 0.17142857142857143, 0.2, 0.2, 0.2, 0.2, 0.2, 0.2, 0.2571428571428571, 0.24285714285714285, 0.3, 0.2, 0.24285714285714285, 0.2571428571428571, 0.21428571428571427]
 mean: 0.22095238095238096, std: 0.03209961818352897
F1 Score: [0.1533734558124802, 0.07714285714285714, 0.06666666666666667, 0.06666666666666667, 0.06666666666666667, 0.06666666666666667, 0.06666666666666667, 0.06666666666666667, 0.15649452269170577, 0.1747124752765365, 0.18984848484848488, 0.06666666666666667, 0.12393162393162394, 0.15888888888888889, 0.12651162790697673]
 mean: 0.10850470687774805, std: 0.04593751372979016
Accuracy Intime: [0.32142857142857145, 0.25, 0.21428571428571427, 0.21428571428571427, 0.21428571428571427, 0.21428571428571427, 0.21428571428571427, 0.21428571428571427, 0.35714285714285715, 0.25, 0.2857142857142857, 0.21428571428571427, 0.32142857142857145, 0.2857142857142857, 0.2857142857142857]
 mean: 0.2571428571428572, std: 0.04738035414793429
F1 (Intime): [0.23333333333333334, 0.13456221198156681, 0.07058823529411765, 0.07058823529411765, 0.07058823529411765, 0.07058823529411765, 0.07058823529411765, 0.07058823529411765, 0.20050125313283207, 0.17289855072463767, 0.1616161616161616, 0.07058823529411765, 0.2186813186813187, 0.175, 0.21333333333333332]
 mean: 0.13360292065746712, std: 0.06316976874300324
--------------------------------------------------
Subject Number: 7
Accuracy Cross: [0.2, 0.2714285714285714, 0.24285714285714285, 0.14285714285714285, 0.2, 0.3, 0.2, 0.22857142857142856, 0.2714285714285714, 0.2, 0.2714285714285714, 0.3, 0.2571428571428571, 0.18571428571428572, 0.2]
 mean: 0.23142857142857143, std: 0.044629998148038016
F1 Score: [0.06666666666666667, 0.1698701298701299, 0.14933333333333335, 0.1024561403508772, 0.06829268292682927, 0.222891156462585, 0.06666666666666667, 0.11619462599854757, 0.1564625850340136, 0.06666666666666667, 0.18979591836734694, 0.2581779396079297, 0.158974358974359, 0.08181212524983345, 0.06666666666666667]
 mean: 0.12939517752283008, std: 0.06069330771608424
Accuracy Intime: [0.21428571428571427, 0.2857142857142857, 0.32142857142857145, 0.39285714285714285, 0.2857142857142857, 0.25, 0.21428571428571427, 0.25, 0.35714285714285715, 0.21428571428571427, 0.39285714285714285, 0.32142857142857145, 0.32142857142857145, 0.2857142857142857, 0.21428571428571427]
 mean: 0.2880952380952381, std: 0.060421797811664395
F1 (Intime): [0.07058823529411765, 0.20844155844155843, 0.19184952978056424, 0.36126984126984124, 0.175, 0.2177822177822178, 0.07058823529411765, 0.12186379928315412, 0.19846547314578006, 0.07058823529411765, 0.34153846153846157, 0.27528138528138524, 0.18107416879795396, 0.16666666666666666, 0.07058823529411765]
 mean: 0.18143906954427028, std: 0.09025378966377282
--------------------------------------------------
Subject Number: 8
Accuracy Cross: [0.37142857142857144, 0.34285714285714286, 0.38571428571428573, 0.37142857142857144, 0.37142857142857144, 0.37142857142857144, 0.37142857142857144, 0.4, 0.37142857142857144, 0.38571428571428573, 0.34285714285714286, 0.35714285714285715, 0.37142857142857144, 0.2857142857142857, 0.21428571428571427]
 mean: 0.3542857142857142, std: 0.0452355889030016
F1 Score: [0.28127789523138363, 0.25329727480757225, 0.2537878787878788, 0.24469696969696972, 0.23970588235294116, 0.26224115616911126, 0.21404682274247494, 0.2742628685657172, 0.2657748049052397, 0.2604697651174413, 0.2636363636363636, 0.23714285714285716, 0.25142857142857145, 0.19179487179487179, 0.09413654618473895]
 mean: 0.23918003523760886, std: 0.04457631496802083
Accuracy Intime: [0.4642857142857143, 0.42857142857142855, 0.39285714285714285, 0.4642857142857143, 0.42857142857142855, 0.35714285714285715, 0.42857142857142855, 0.39285714285714285, 0.5, 0.42857142857142855, 0.42857142857142855, 0.42857142857142855, 0.39285714285714285, 0.42857142857142855, 0.42857142857142855]
 mean: 0.4261904761904763, std: 0.033162829231390765
F1 (Intime): [0.3711111111111111, 0.36730158730158735, 0.264576802507837, 0.33406593406593404, 0.2857142857142857, 0.2435897435897436, 0.27350427350427353, 0.24273504273504276, 0.391571906354515, 0.27350427350427353, 0.2857142857142857, 0.27350427350427353, 0.22813299232736575, 0.26373626373626374, 0.2857142857142857]
 mean: 0.2922984707590051, std: 0.0484127589854821
--------------------------------------------------
Subject Number: 9
Accuracy Cross: [0.35714285714285715, 0.38571428571428573, 0.34285714285714286, 0.32857142857142857, 0.32857142857142857, 0.34285714285714286, 0.4142857142857143, 0.4857142857142857, 0.3, 0.37142857142857144, 0.21428571428571427, 0.2714285714285714, 0.2714285714285714, 0.2857142857142857, 0.2857142857142857]
 mean: 0.3323809523809524, std: 0.06441081302442254
F1 Score: [0.20635451505016725, 0.2206666666666667, 0.24649558941459498, 0.19365750528541226, 0.2332340678975581, 0.2248421052631579, 0.36225173940543964, 0.4765218397163477, 0.19126086956521737, 0.25142857142857145, 0.09413654618473895, 0.2225692436218752, 0.17614923384410391, 0.19567567567567568, 0.19272727272727272]
 mean: 0.23253142944978664, std: 0.08421595300956934
Accuracy Intime: [0.35714285714285715, 0.35714285714285715, 0.42857142857142855, 0.35714285714285715, 0.39285714285714285, 0.39285714285714285, 0.4642857142857143, 0.4642857142857143, 0.4642857142857143, 0.39285714285714285, 0.32142857142857145, 0.5357142857142857, 0.39285714285714285, 0.42857142857142855, 0.5]
 mean: 0.41666666666666674, std: 0.05783313238805294
F1 (Intime): [0.26153846153846155, 0.21754385964912276, 0.3244343891402715, 0.20421052631578948, 0.28145454545454546, 0.29979494190020506, 0.41438561438561444, 0.4682051282051282, 0.3074102368220015, 0.264576802507837, 0.210752688172043, 0.4788048552754436, 0.264576802507837, 0.2998461538461538, 0.39230769230769236]
 mean: 0.3126561798685431, std: 0.08500619754428486
--------------------------------------------------
Subject Number: 10
Accuracy Cross: [0.18571428571428572, 0.2, 0.3, 0.2, 0.2, 0.24285714285714285, 0.2, 0.34285714285714286, 0.2, 0.2, 0.21428571428571427, 0.21428571428571427, 0.32857142857142857, 0.22857142857142856, 0.2571428571428571]
 mean: 0.23428571428571435, std: 0.04887858064897653
F1 Score: [0.06666666666666667, 0.06666666666666667, 0.1820689655172414, 0.06666666666666667, 0.06666666666666667, 0.17486956521739133, 0.06666666666666667, 0.25119363395225464, 0.11362007168458783, 0.06666666666666667, 0.13041210224308813, 0.11732909379968204, 0.22071232876712327, 0.19335403726708075, 0.16649466804265564]
 mean: 0.130003631099407, std: 0.06190442288993085
Accuracy Intime: [0.32142857142857145, 0.21428571428571427, 0.32142857142857145, 0.21428571428571427, 0.21428571428571427, 0.25, 0.21428571428571427, 0.2857142857142857, 0.2857142857142857, 0.21428571428571427, 0.32142857142857145, 0.4642857142857143, 0.25, 0.4642857142857143, 0.2857142857142857]
 mean: 0.28809523809523807, std: 0.07982406959162006
F1 (Intime): [0.20571428571428568, 0.07058823529411765, 0.19184952978056424, 0.07058823529411765, 0.07058823529411765, 0.13535353535353534, 0.07058823529411765, 0.17333333333333334, 0.16240601503759397, 0.07058823529411765, 0.20307692307692307, 0.39145454545454544, 0.14028985507246378, 0.35910931174089067, 0.175]
 mean: 0.16603523406898157, std: 0.09626560365459347
--------------------------------------------------
Subject Number: 11
Accuracy Cross: [0.37142857142857144, 0.4142857142857143, 0.32857142857142857, 0.2, 0.45714285714285713, 0.32857142857142857, 0.4, 0.37142857142857144, 0.2857142857142857, 0.3, 0.4142857142857143, 0.2714285714285714, 0.3142857142857143, 0.37142857142857144, 0.34285714285714286]
 mean: 0.34476190476190477, std: 0.06364584551087095
F1 Score: [0.23671300893743794, 0.3860433161028594, 0.21439614056246917, 0.06666666666666667, 0.4187201371262092, 0.19889705882352943, 0.33240896358543415, 0.3418202293202294, 0.17863504916136494, 0.17609277430865297, 0.39265993265993265, 0.1551839464882943, 0.22862959285004963, 0.21304347826086953, 0.23341231126596979]
 mean: 0.25155484040799797, std: 0.0972357282970035
Accuracy Intime: [0.39285714285714285, 0.32142857142857145, 0.35714285714285715, 0.21428571428571427, 0.42857142857142855, 0.2857142857142857, 0.39285714285714285, 0.32142857142857145, 0.42857142857142855, 0.39285714285714285, 0.42857142857142855, 0.32142857142857145, 0.32142857142857145, 0.35714285714285715, 0.39285714285714285]
 mean: 0.35714285714285704, std: 0.05832118435198043
F1 (Intime): [0.2981366459627329, 0.3132600732600733, 0.28780952380952385, 0.07058823529411765, 0.34444444444444444, 0.18095238095238092, 0.3284188034188034, 0.31285714285714283, 0.28253968253968254, 0.2690993788819876, 0.4020779220779221, 0.18, 0.23278388278388276, 0.21904761904761902, 0.2723475355054302]
 mean: 0.26629088472238294, std: 0.07786708569632195
--------------------------------------------------
Subject Number: 12
Accuracy Cross: [0.2, 0.21428571428571427, 0.2, 0.2, 0.21428571428571427, 0.2, 0.2, 0.2, 0.2857142857142857, 0.21428571428571427, 0.37142857142857144, 0.24285714285714285, 0.2571428571428571, 0.32857142857142857, 0.2]
 mean: 0.23523809523809527, std: 0.05186761449215277
F1 Score: [0.06666666666666667, 0.09846153846153846, 0.06666666666666667, 0.06666666666666667, 0.09273182957393483, 0.06666666666666667, 0.06666666666666667, 0.06666666666666667, 0.22765846448134947, 0.1190786614515428, 0.3128421052631579, 0.12521008403361344, 0.17367172675521822, 0.23118840579710148, 0.06666666666666667]
 mean: 0.12316729883227488, std: 0.07528524646981002
Accuracy Intime: [0.21428571428571427, 0.2857142857142857, 0.21428571428571427, 0.21428571428571427, 0.42857142857142855, 0.21428571428571427, 0.21428571428571427, 0.21428571428571427, 0.32142857142857145, 0.25, 0.39285714285714285, 0.35714285714285715, 0.25, 0.39285714285714285, 0.21428571428571427]
 mean: 0.2785714285714286, std: 0.0762648446573665
F1 (Intime): [0.07058823529411765, 0.15833333333333335, 0.07058823529411765, 0.07058823529411765, 0.30742474916387963, 0.07058823529411765, 0.07058823529411765, 0.07058823529411765, 0.26575529733424463, 0.12000000000000002, 0.3730769230769231, 0.24588628762541806, 0.18385093167701863, 0.22199488491048594, 0.07058823529411765]
 mean: 0.1580293369453418, std: 0.09920163728037688
--------------------------------------------------
Subject Number: 13
Accuracy Cross: [0.3142857142857143, 0.2714285714285714, 0.2, 0.2714285714285714, 0.2714285714285714, 0.32857142857142857, 0.21428571428571427, 0.2, 0.2, 0.2, 0.35714285714285715, 0.21428571428571427, 0.2, 0.2, 0.32857142857142857]
 mean: 0.2514285714285715, std: 0.05589105048046175
F1 Score: [0.29687378532955744, 0.19371118012422361, 0.06666666666666667, 0.16, 0.20875948737090955, 0.21135566188197769, 0.13041210224308813, 0.11879452054794522, 0.1279254079254079, 0.11084057971014491, 0.26864516129032256, 0.11047619047619048, 0.06666666666666667, 0.06666666666666667, 0.2088130997079683]
 mean: 0.15644047844051576, std: 0.06999376619592655
Accuracy Intime: [0.42857142857142855, 0.35714285714285715, 0.21428571428571427, 0.35714285714285715, 0.39285714285714285, 0.25, 0.2857142857142857, 0.2857142857142857, 0.42857142857142855, 0.2857142857142857, 0.2857142857142857, 0.25, 0.21428571428571427, 0.21428571428571427, 0.25]
 mean: 0.29999999999999993, std: 0.07237468644557458
F1 (Intime): [0.38242424242424244, 0.3216993532783007, 0.07058823529411765, 0.21904761904761902, 0.2649350649350649, 0.1912975912975913, 0.1627586206896552, 0.16, 0.24242424242424238, 0.16630824372759856, 0.20444444444444443, 0.15238095238095237, 0.07058823529411765, 0.07058823529411765, 0.1763157894736842]
 mean: 0.19038672466704992, std: 0.08577900733954097
--------------------------------------------------
Subject Number: 14
Accuracy Cross: [0.2857142857142857, 0.3142857142857143, 0.34285714285714286, 0.37142857142857144, 0.3142857142857143, 0.35714285714285715, 0.37142857142857144, 0.37142857142857144, 0.35714285714285715, 0.38571428571428573, 0.2, 0.32857142857142857, 0.38571428571428573, 0.34285714285714286, 0.34285714285714286]
 mean: 0.33809523809523806, std: 0.045971498613893984
F1 Score: [0.163265306122449, 0.2537267080745342, 0.2758730158730159, 0.32231683985444726, 0.24018379281537175, 0.26033834586466165, 0.26584084084084086, 0.2911764705882353, 0.251140456182473, 0.26610644257703087, 0.06666666666666667, 0.2089864158829676, 0.27222222222222225, 0.26106612685560054, 0.2108843537414966]
 mean: 0.2406529336108009, std: 0.058864452046163536
Accuracy Intime: [0.32142857142857145, 0.39285714285714285, 0.42857142857142855, 0.42857142857142855, 0.4642857142857143, 0.35714285714285715, 0.39285714285714285, 0.42857142857142855, 0.42857142857142855, 0.2857142857142857, 0.21428571428571427, 0.39285714285714285, 0.39285714285714285, 0.5714285714285714, 0.4642857142857143]
 mean: 0.39761904761904765, std: 0.08024904545882246
F1 (Intime): [0.18487394957983194, 0.3088461538461539, 0.335, 0.30277777777777776, 0.34980237154150196, 0.3511111111111111, 0.3364102564102564, 0.36564102564102563, 0.296, 0.17030812324929973, 0.07058823529411765, 0.3022222222222222, 0.32727272727272727, 0.4847619047619047, 0.34797979797979794]
 mean: 0.3022397104458486, std: 0.09376222032678562
--------------------------------------------------
**************************************************
accuracy_cross_list: [0.2085714285714286, 0.33428571428571424, 0.23714285714285718, 0.3504761904761905, 0.29428571428571426, 0.22095238095238096, 0.23142857142857143, 0.3542857142857142, 0.3323809523809524, 0.23428571428571435, 0.34476190476190477, 0.23523809523809527, 0.2514285714285715, 0.33809523809523806]
f1_score_list: [0.08808911766303652, 0.24590812310845622, 0.11745323693895823, 0.2511747804637966, 0.20927961661413444, 0.10850470687774805, 0.12939517752283008, 0.23918003523760886, 0.23253142944978664, 0.130003631099407, 0.25155484040799797, 0.12316729883227488, 0.15644047844051576, 0.2406529336108009]
accuracy_intime_list: [0.2595238095238096, 0.4571428571428572, 0.28095238095238095, 0.4095238095238095, 0.3571428571428571, 0.2571428571428572, 0.2880952380952381, 0.4261904761904763, 0.41666666666666674, 0.28809523809523807, 0.35714285714285704, 0.2785714285714286, 0.29999999999999993, 0.39761904761904765]
f1_score_intime_list: [0.12492691988104906, 0.3874575372798283, 0.15603509124754383, 0.3256113137265053, 0.2614532156296862, 0.13360292065746712, 0.18143906954427028, 0.2922984707590051, 0.3126561798685431, 0.16603523406898157, 0.26629088472238294, 0.1580293369453418, 0.19038672466704992, 0.3022397104458486]
**************************************************
ACC: 28.34±5.44
F1: 18.02±6.07
Intime: 34.10±6.73
F1 (Intime): 23.27±8.07
