1e-04
Subject Number: 1
Accuracy Cross: [0.6428571428571429, 0.6785714285714286, 0.5, 0.7857142857142857, 0.4642857142857143, 0.9285714285714286, 0.75, 0.5, 0.8928571428571429, 0.5714285714285714, 0.7857142857142857, 0.6428571428571429, 0.75, 0.6785714285714286, 0.6785714285714286]
 mean: 0.6833333333333333, std: 0.1329074832090749
F1 Score: [0.6111111111111112, 0.6748387096774193, 0.3333333333333333, 0.7857142857142857, 0.36651583710407243, 0.9282051282051282, 0.7333333333333334, 0.3333333333333333, 0.89272030651341, 0.475, 0.78125, 0.5906432748538011, 0.7417654808959157, 0.6571428571428571, 0.6781609195402298]
 mean: 0.6388711940505487, std: 0.1832128407917118
Accuracy Intime: [0.9090909090909091, 1.0, 0.5454545454545454, 0.9090909090909091, 0.6, 0.8181818181818182, 0.9090909090909091, 0.5454545454545454, 0.9090909090909091, 0.5, 0.9090909090909091, 0.9090909090909091, 0.9090909090909091, 0.8181818181818182, 0.8]
 mean: 0.7993939393939393, std: 0.15990584925019496
F1 (Intime): [0.905982905982906, 1.0, 0.35294117647058826, 0.9090909090909091, 0.5238095238095238, 0.8166666666666667, 0.9090909090909091, 0.35294117647058826, 0.905982905982906, 0.3333333333333333, 0.9090909090909091, 0.9090909090909091, 0.9090909090909091, 0.8035714285714286, 0.8]
 mean: 0.7560455775161657, std: 0.22906501104870916
--------------------------------------------------
Subject Number: 2
Accuracy Cross: [0.7142857142857143, 0.7142857142857143, 0.8571428571428571, 0.6428571428571429, 0.6785714285714286, 0.7142857142857143, 0.75, 0.6785714285714286, 0.8928571428571429, 0.6428571428571429, 0.8928571428571429, 0.8928571428571429, 0.8214285714285714, 0.8928571428571429, 0.8928571428571429]
 mean: 0.7785714285714285, std: 0.09776411984594195
F1 Score: [0.6888888888888889, 0.6888888888888889, 0.8571428571428571, 0.5906432748538011, 0.6415362731152205, 0.6888888888888889, 0.7333333333333334, 0.6415362731152205, 0.89272030651341, 0.5906432748538011, 0.89272030651341, 0.8916129032258064, 0.8155467720685112, 0.89272030651341, 0.89272030651341]
 mean: 0.7599695236285906, std: 0.11593533581250799
Accuracy Intime: [0.9090909090909091, 1.0, 0.8181818181818182, 0.9090909090909091, 1.0, 1.0, 0.9090909090909091, 0.9090909090909091, 0.9090909090909091, 0.9, 0.9090909090909091, 0.9090909090909091, 1.0, 0.9090909090909091, 1.0]
 mean: 0.9327272727272725, std: 0.05246538935231309
F1 (Intime): [0.9090909090909091, 1.0, 0.8166666666666667, 0.905982905982906, 1.0, 1.0, 0.905982905982906, 0.9090909090909091, 0.905982905982906, 0.898989898989899, 0.905982905982906, 0.905982905982906, 1.0, 0.9090909090909091, 1.0]
 mean: 0.9315229215229216, std: 0.0532083675955139
--------------------------------------------------
Subject Number: 3
Accuracy Cross: [0.5, 0.5, 0.5, 0.5, 0.5357142857142857, 0.5, 0.8571428571428571, 0.5, 0.5, 0.5, 0.8214285714285714, 0.6428571428571429, 0.39285714285714285, 0.5, 0.5]
 mean: 0.55, std: 0.1228903609577518
F1 Score: [0.5, 0.48958333333333337, 0.3333333333333333, 0.3333333333333333, 0.4509803921568627, 0.3333333333333333, 0.8541666666666667, 0.3333333333333333, 0.3333333333333333, 0.3333333333333333, 0.8155467720685112, 0.6111111111111112, 0.28205128205128205, 0.3333333333333333, 0.3875]
 mean: 0.4482848593814067, std: 0.17403953623864532
Accuracy Intime: [0.7272727272727273, 1.0, 0.5454545454545454, 0.5454545454545454, 0.7, 0.5454545454545454, 0.8181818181818182, 0.5454545454545454, 0.5454545454545454, 0.5, 0.9090909090909091, 0.9090909090909091, 0.6363636363636364, 0.5454545454545454, 0.9]
 mean: 0.6915151515151515, std: 0.16701781190923767
F1 (Intime): [0.717948717948718, 1.0, 0.35294117647058826, 0.35294117647058826, 0.6703296703296704, 0.35294117647058826, 0.8166666666666667, 0.35294117647058826, 0.35294117647058826, 0.3333333333333333, 0.9090909090909091, 0.905982905982906, 0.5416666666666666, 0.35294117647058826, 0.898989898989899]
 mean: 0.5941103885221534, std: 0.2509425226772272
--------------------------------------------------
Subject Number: 4
Accuracy Cross: [0.75, 0.7142857142857143, 0.7142857142857143, 0.8928571428571429, 0.8571428571428571, 0.5714285714285714, 0.5, 0.8928571428571429, 0.9642857142857143, 0.8571428571428571, 0.8214285714285714, 0.8214285714285714, 0.5714285714285714, 0.6428571428571429, 0.8571428571428571]
 mean: 0.7619047619047618, std: 0.13405417390723093
F1 Score: [0.7496807151979565, 0.6888888888888889, 0.6888888888888889, 0.8916129032258064, 0.8564102564102565, 0.475, 0.3333333333333333, 0.8916129032258064, 0.9642401021711366, 0.8541666666666667, 0.8212005108556832, 0.8193548387096774, 0.5333333333333333, 0.625668449197861, 0.8564102564102565]
 mean: 0.7366534697677036, std: 0.17239876566979354
Accuracy Intime: [1.0, 0.8181818181818182, 1.0, 0.9090909090909091, 1.0, 0.8181818181818182, 0.5454545454545454, 0.9090909090909091, 1.0, 1.0, 0.9090909090909091, 0.9090909090909091, 0.8181818181818182, 1.0, 1.0]
 mean: 0.909090909090909, std: 0.11968737974625152
F1 (Intime): [1.0, 0.8166666666666667, 1.0, 0.9090909090909091, 1.0, 0.8166666666666667, 0.35294117647058826, 0.905982905982906, 1.0, 1.0, 0.9090909090909091, 0.9090909090909091, 0.8035714285714286, 1.0, 1.0]
 mean: 0.8948734381087321, std: 0.16173027322756678
--------------------------------------------------
Subject Number: 5
Accuracy Cross: [0.8214285714285714, 0.75, 0.8214285714285714, 0.8214285714285714, 0.8214285714285714, 0.8214285714285714, 0.8214285714285714, 0.7142857142857143, 0.7857142857142857, 0.6071428571428571, 0.7142857142857143, 0.8214285714285714, 0.7142857142857143, 0.75, 0.6428571428571429]
 mean: 0.7619047619047616, std: 0.06859457281375204
F1 Score: [0.8155467720685112, 0.7333333333333334, 0.8193548387096774, 0.8155467720685112, 0.8212005108556832, 0.8212005108556832, 0.8155467720685112, 0.7005347593582887, 0.78125, 0.6025806451612903, 0.7005347593582887, 0.8193548387096774, 0.7005347593582887, 0.7470967741935484, 0.625668449197861]
 mean: 0.7546189663531436, std: 0.07216754941539759
Accuracy Intime: [0.5454545454545454, 0.9090909090909091, 1.0, 1.0, 1.0, 0.8181818181818182, 1.0, 0.8181818181818182, 0.9090909090909091, 1.0, 0.6363636363636364, 1.0, 0.8181818181818182, 0.8181818181818182, 1.0]
 mean: 0.8848484848484849, std: 0.13873361384557084
F1 (Intime): [0.5454545454545454, 0.905982905982906, 1.0, 1.0, 1.0, 0.8166666666666667, 1.0, 0.8166666666666667, 0.9090909090909091, 1.0, 0.6071428571428572, 1.0, 0.8166666666666667, 0.8166666666666667, 1.0]
 mean: 0.8822891922891922, std: 0.14251524184793501
--------------------------------------------------
Subject Number: 6
Accuracy Cross: [0.5357142857142857, 0.8571428571428571, 0.5714285714285714, 0.5, 0.5, 0.6071428571428571, 0.5714285714285714, 0.5, 0.7857142857142857, 0.5, 0.75, 0.7857142857142857, 0.7857142857142857, 0.7857142857142857, 0.6428571428571429]
 mean: 0.6452380952380953, std: 0.1274198872405681
F1 Score: [0.5047619047619047, 0.8564102564102565, 0.5714285714285714, 0.3333333333333333, 0.3333333333333333, 0.561877667140825, 0.5625, 0.3333333333333333, 0.78125, 0.3333333333333333, 0.7333333333333334, 0.78125, 0.7754010695187166, 0.7754010695187166, 0.6111111111111112]
 mean: 0.5898705544371178, std: 0.18376310702423124
Accuracy Intime: [0.7272727272727273, 0.6363636363636364, 0.9090909090909091, 0.5454545454545454, 0.5, 0.7272727272727273, 0.7272727272727273, 0.5454545454545454, 0.9090909090909091, 0.5, 0.7272727272727273, 0.8181818181818182, 0.8181818181818182, 0.7272727272727273, 0.9]
 mean: 0.7145454545454546, std: 0.13850043012931587
F1 (Intime): [0.7272727272727273, 0.6333333333333333, 0.9090909090909091, 0.35294117647058826, 0.3333333333333333, 0.717948717948718, 0.6857142857142857, 0.35294117647058826, 0.9090909090909091, 0.3333333333333333, 0.7272727272727273, 0.8166666666666667, 0.8035714285714286, 0.717948717948718, 0.898989898989899]
 mean: 0.6612966227672109, std: 0.20744041110979886
--------------------------------------------------
Subject Number: 7
Accuracy Cross: [0.7142857142857143, 0.8214285714285714, 0.6428571428571429, 0.5714285714285714, 0.6785714285714286, 0.4642857142857143, 0.4642857142857143, 0.5, 0.5, 0.5, 0.5357142857142857, 0.5, 0.5, 0.75, 0.7142857142857143]
 mean: 0.5904761904761904, std: 0.11433530670040921
F1 Score: [0.7128205128205127, 0.8212005108556832, 0.6354166666666667, 0.5087719298245614, 0.6781609195402298, 0.3170731707317073, 0.3170731707317073, 0.3333333333333333, 0.3333333333333333, 0.3333333333333333, 0.5303225806451612, 0.4555555555555556, 0.3333333333333333, 0.7417654808959157, 0.6888888888888889]
 mean: 0.5160255146993282, std: 0.17697945344525615
Accuracy Intime: [0.6363636363636364, 0.7272727272727273, 0.6363636363636364, 0.6363636363636364, 1.0, 0.5454545454545454, 0.5454545454545454, 0.5454545454545454, 0.5454545454545454, 0.5, 0.7272727272727273, 0.7272727272727273, 0.5454545454545454, 1.0, 1.0]
 mean: 0.6878787878787879, std: 0.1715804565683887
F1 (Intime): [0.6333333333333333, 0.717948717948718, 0.6071428571428572, 0.6071428571428572, 1.0, 0.35294117647058826, 0.35294117647058826, 0.35294117647058826, 0.35294117647058826, 0.3333333333333333, 0.7272727272727273, 0.717948717948718, 0.35294117647058826, 1.0, 1.0]
 mean: 0.607255228431699, std: 0.2450506269599845
--------------------------------------------------
Subject Number: 8
Accuracy Cross: [0.8571428571428571, 0.8571428571428571, 0.75, 0.8214285714285714, 0.7857142857142857, 0.8928571428571429, 0.7142857142857143, 0.9642857142857143, 0.9642857142857143, 0.9642857142857143, 0.7142857142857143, 0.8571428571428571, 0.75, 0.8214285714285714, 0.9285714285714286]
 mean: 0.8428571428571429, std: 0.08531653746270913
F1 Score: [0.8541666666666667, 0.8541666666666667, 0.7333333333333334, 0.8155467720685112, 0.7754010695187166, 0.89272030651341, 0.6888888888888889, 0.9642401021711366, 0.9642401021711366, 0.9642401021711366, 0.7128205128205127, 0.8571428571428571, 0.7417654808959157, 0.8155467720685112, 0.9282051282051282]
 mean: 0.8374949840868353, std: 0.09050725757484512
Accuracy Intime: [0.9090909090909091, 0.9090909090909091, 0.9090909090909091, 1.0, 0.9, 0.6363636363636364, 0.9090909090909091, 0.9090909090909091, 1.0, 1.0, 1.0, 1.0, 1.0, 0.9090909090909091, 1.0]
 mean: 0.9327272727272727, std: 0.09089696888878113
F1 (Intime): [0.9090909090909091, 0.9090909090909091, 0.905982905982906, 1.0, 0.898989898989899, 0.6071428571428572, 0.905982905982906, 0.9090909090909091, 1.0, 1.0, 1.0, 1.0, 1.0, 0.905982905982906, 1.0]
 mean: 0.93009028009028, std: 0.09748171502530627
--------------------------------------------------
Subject Number: 9
Accuracy Cross: [0.6785714285714286, 0.7857142857142857, 0.8571428571428571, 1.0, 0.9642857142857143, 0.5, 0.8928571428571429, 0.7857142857142857, 0.8928571428571429, 0.8928571428571429, 0.6428571428571429, 0.9285714285714286, 0.6071428571428571, 0.75, 0.9285714285714286]
 mean: 0.8071428571428573, std: 0.14093951035189278
F1 Score: [0.6571428571428571, 0.7754010695187166, 0.8564102564102565, 1.0, 0.9642401021711366, 0.3333333333333333, 0.8916129032258064, 0.78125, 0.8916129032258064, 0.89272030651341, 0.5906432748538011, 0.9285714285714286, 0.5354449472096531, 0.7417654808959157, 0.9282051282051282]
 mean: 0.7845569327518167, std: 0.17912438103486766
Accuracy Intime: [1.0, 1.0, 0.9090909090909091, 1.0, 1.0, 0.5454545454545454, 1.0, 1.0, 1.0, 1.0, 0.9090909090909091, 1.0, 0.9090909090909091, 1.0, 1.0]
 mean: 0.9515151515151514, std: 0.11435128644917093
F1 (Intime): [1.0, 1.0, 0.905982905982906, 1.0, 1.0, 0.35294117647058826, 1.0, 1.0, 1.0, 1.0, 0.9090909090909091, 1.0, 0.9090909090909091, 1.0, 1.0]
 mean: 0.9384737267090206, std: 0.16068001869520604
--------------------------------------------------
Subject Number: 10
Accuracy Cross: [0.7142857142857143, 0.5714285714285714, 0.6428571428571429, 0.8571428571428571, 0.5, 0.5, 0.8214285714285714, 0.6785714285714286, 0.5, 0.8571428571428571, 0.5357142857142857, 0.5357142857142857, 0.5714285714285714, 0.7857142857142857, 0.5]
 mean: 0.638095238095238, std: 0.1329074832090749
F1 Score: [0.7083333333333333, 0.5087719298245614, 0.641025641025641, 0.8571428571428571, 0.3333333333333333, 0.47593582887700536, 0.8193548387096774, 0.6748387096774193, 0.3333333333333333, 0.8541666666666667, 0.408130081300813, 0.408130081300813, 0.475, 0.7857142857142857, 0.3333333333333333]
 mean: 0.5744362835715383, std: 0.19128476529737126
Accuracy Intime: [0.8181818181818182, 0.9090909090909091, 0.9090909090909091, 1.0, 0.5, 0.6363636363636364, 0.7272727272727273, 0.8181818181818182, 0.5454545454545454, 0.9, 0.9090909090909091, 0.9090909090909091, 0.8181818181818182, 0.8181818181818182, 0.5]
 mean: 0.7812121212121211, std: 0.15716029144936108
F1 (Intime): [0.8166666666666667, 0.905982905982906, 0.9090909090909091, 1.0, 0.3333333333333333, 0.6333333333333333, 0.717948717948718, 0.8166666666666667, 0.35294117647058826, 0.898989898989899, 0.905982905982906, 0.9090909090909091, 0.8166666666666667, 0.8166666666666667, 0.3333333333333333]
 mean: 0.7444462726815667, std: 0.2192123180020378
--------------------------------------------------
Subject Number: 11
Accuracy Cross: [0.5357142857142857, 0.8571428571428571, 0.8571428571428571, 0.8571428571428571, 0.7857142857142857, 0.7142857142857143, 0.8214285714285714, 0.7857142857142857, 0.8571428571428571, 0.5, 0.9285714285714286, 0.9285714285714286, 0.8928571428571429, 0.75, 0.9285714285714286]
 mean: 0.7999999999999999, std: 0.12697420596165127
F1 Score: [0.408130081300813, 0.8541666666666667, 0.8541666666666667, 0.8541666666666667, 0.7754010695187166, 0.7142857142857143, 0.8212005108556832, 0.7846153846153847, 0.8571428571428571, 0.3333333333333333, 0.9282051282051282, 0.9282051282051282, 0.89272030651341, 0.7417654808959157, 0.9282051282051282]
 mean: 0.7783806748718141, std: 0.17249781553917468
Accuracy Intime: [0.9090909090909091, 1.0, 0.8181818181818182, 0.9090909090909091, 1.0, 1.0, 0.9090909090909091, 0.9090909090909091, 1.0, 0.7, 0.8181818181818182, 0.9090909090909091, 0.8181818181818182, 0.8181818181818182, 0.9]
 mean: 0.8945454545454545, std: 0.08435788904142974
F1 (Intime): [0.905982905982906, 1.0, 0.8166666666666667, 0.905982905982906, 1.0, 1.0, 0.905982905982906, 0.9090909090909091, 1.0, 0.6703296703296704, 0.8166666666666667, 0.9090909090909091, 0.8035714285714286, 0.8035714285714286, 0.898989898989899]
 mean: 0.8897284197284197, std: 0.09089385847547458
--------------------------------------------------
Subject Number: 12
Accuracy Cross: [0.5, 0.6785714285714286, 0.5714285714285714, 0.7142857142857143, 0.7142857142857143, 0.6071428571428571, 0.5, 0.5, 0.5, 0.6785714285714286, 0.5, 0.6071428571428571, 0.75, 0.5, 0.8928571428571429]
 mean: 0.6142857142857142, std: 0.11678808065172117
F1 Score: [0.3333333333333333, 0.6781609195402298, 0.475, 0.7005347593582887, 0.7142857142857143, 0.5809523809523809, 0.3333333333333333, 0.3333333333333333, 0.3333333333333333, 0.6748387096774193, 0.3333333333333333, 0.5354449472096531, 0.7417654808959157, 0.3333333333333333, 0.8916129032258064]
 mean: 0.5328397210096939, std: 0.1860426919155909
Accuracy Intime: [0.5454545454545454, 0.7272727272727273, 0.8181818181818182, 0.9090909090909091, 0.8, 0.9090909090909091, 0.8181818181818182, 0.5454545454545454, 0.5454545454545454, 0.8, 0.5454545454545454, 0.9090909090909091, 0.6363636363636364, 0.5454545454545454, 0.9]
 mean: 0.7303030303030302, std: 0.14821868538093105
F1 (Intime): [0.35294117647058826, 0.717948717948718, 0.8166666666666667, 0.905982905982906, 0.8, 0.9090909090909091, 0.8035714285714286, 0.35294117647058826, 0.35294117647058826, 0.7916666666666667, 0.35294117647058826, 0.9090909090909091, 0.5416666666666666, 0.35294117647058826, 0.898989898989899]
 mean: 0.657292043468514, std: 0.23273533985959652
--------------------------------------------------
Subject Number: 13
Accuracy Cross: [0.7857142857142857, 0.5, 0.8214285714285714, 0.5714285714285714, 0.7142857142857143, 0.6428571428571429, 0.6785714285714286, 0.6785714285714286, 0.7142857142857143, 0.75, 0.7857142857142857, 0.8214285714285714, 0.8571428571428571, 0.8928571428571429, 0.7857142857142857]
 mean: 0.7333333333333333, std: 0.1034002416695641
F1 Score: [0.7857142857142857, 0.3333333333333333, 0.8212005108556832, 0.5692307692307692, 0.7083333333333333, 0.5906432748538011, 0.6415362731152205, 0.6781609195402298, 0.7083333333333333, 0.7333333333333334, 0.7857142857142857, 0.8212005108556832, 0.8571428571428571, 0.8916129032258064, 0.7846153846153847]
 mean: 0.7140070205464895, std: 0.13622238770591066
Accuracy Intime: [0.9090909090909091, 0.5454545454545454, 0.7272727272727273, 0.9090909090909091, 0.8, 0.6363636363636364, 0.7272727272727273, 0.6363636363636364, 1.0, 1.0, 0.9090909090909091, 0.9090909090909091, 0.9090909090909091, 0.8181818181818182, 0.7]
 mean: 0.8090909090909089, std: 0.1360197684546931
F1 (Intime): [0.9090909090909091, 0.35294117647058826, 0.717948717948718, 0.9090909090909091, 0.7916666666666667, 0.6071428571428572, 0.7272727272727273, 0.6333333333333333, 1.0, 1.0, 0.9090909090909091, 0.905982905982906, 0.9090909090909091, 0.8166666666666667, 0.6703296703296704]
 mean: 0.7906432238785179, std: 0.16961504964336796
--------------------------------------------------
Subject Number: 14
Accuracy Cross: [0.75, 0.6785714285714286, 0.7142857142857143, 0.7857142857142857, 0.6428571428571429, 0.6071428571428571, 0.7857142857142857, 0.9285714285714286, 0.8928571428571429, 0.9642857142857143, 0.6071428571428571, 0.8928571428571429, 0.7857142857142857, 0.7857142857142857, 0.8214285714285714]
 mean: 0.7761904761904763, std: 0.10869249724298408
F1 Score: [0.7470967741935484, 0.6415362731152205, 0.6888888888888889, 0.7754010695187166, 0.5906432748538011, 0.5354449472096531, 0.7754010695187166, 0.9282051282051282, 0.8916129032258064, 0.9642401021711366, 0.5354449472096531, 0.8916129032258064, 0.78125, 0.7754010695187166, 0.8212005108556832]
 mean: 0.7562253241140319, std: 0.1311829257264892
Accuracy Intime: [0.9090909090909091, 0.9090909090909091, 1.0, 1.0, 0.8, 0.6363636363636364, 1.0, 0.9090909090909091, 1.0, 0.9, 0.8181818181818182, 1.0, 1.0, 1.0, 1.0]
 mean: 0.9254545454545455, std: 0.1022178303843554
F1 (Intime): [0.9090909090909091, 0.9090909090909091, 1.0, 1.0, 0.7916666666666667, 0.5416666666666666, 1.0, 0.905982905982906, 1.0, 0.898989898989899, 0.8166666666666667, 1.0, 1.0, 1.0, 1.0]
 mean: 0.9182103082103084, std: 0.12174049125930841
--------------------------------------------------
**************************************************
accuracy_cross_list: [0.6833333333333333, 0.7785714285714285, 0.55, 0.7619047619047618, 0.7619047619047616, 0.6452380952380953, 0.5904761904761904, 0.8428571428571429, 0.8071428571428573, 0.638095238095238, 0.7999999999999999, 0.6142857142857142, 0.7333333333333333, 0.7761904761904763]
f1_score_list: [0.6388711940505487, 0.7599695236285906, 0.4482848593814067, 0.7366534697677036, 0.7546189663531436, 0.5898705544371178, 0.5160255146993282, 0.8374949840868353, 0.7845569327518167, 0.5744362835715383, 0.7783806748718141, 0.5328397210096939, 0.7140070205464895, 0.7562253241140319]
accuracy_intime_list: [0.7993939393939393, 0.9327272727272725, 0.6915151515151515, 0.909090909090909, 0.8848484848484849, 0.7145454545454546, 0.6878787878787879, 0.9327272727272727, 0.9515151515151514, 0.7812121212121211, 0.8945454545454545, 0.7303030303030302, 0.8090909090909089, 0.9254545454545455]
f1_score_intime_list: [0.7560455775161657, 0.9315229215229216, 0.5941103885221534, 0.8948734381087321, 0.8822891922891922, 0.6612966227672109, 0.607255228431699, 0.93009028009028, 0.9384737267090206, 0.7444462726815667, 0.8897284197284197, 0.657292043468514, 0.7906432238785179, 0.9182103082103084]
**************************************************
ACC: 71.31±8.83
F1: 67.30±11.65
Intime: 83.18±9.44
F1 (Intime): 79.97±12.41
