1e-03
Subject Number: 1
Accuracy Cross: [0.23529411764705882, 0.2647058823529412, 0.2647058823529412, 0.29411764705882354, 0.35294117647058826, 0.20588235294117646, 0.20588235294117646, 0.23529411764705882, 0.2647058823529412, 0.2647058823529412, 0.29411764705882354, 0.2647058823529412, 0.3235294117647059, 0.35294117647058826, 0.35294117647058826]
 mean: 0.27843137254901956, std: 0.04786884555189688
F1 Score: [0.10256410256410256, 0.10465116279069768, 0.10465116279069768, 0.17669172932330826, 0.22962962962962963, 0.15207373271889402, 0.17007168458781363, 0.1679258241758242, 0.19090909090909092, 0.10465116279069768, 0.19806763285024154, 0.14097744360902253, 0.3178649237472767, 0.2676470588235294, 0.3554945054945055]
 mean: 0.18559138978702214, std: 0.07550419718773486
Accuracy Intime: [0.42857142857142855, 0.2857142857142857, 0.2857142857142857, 0.38461538461538464, 0.46153846153846156, 0.5714285714285714, 0.6428571428571429, 0.5714285714285714, 0.5384615384615384, 0.23076923076923078, 0.35714285714285715, 0.42857142857142855, 0.42857142857142855, 0.46153846153846156, 0.6153846153846154]
 mean: 0.44615384615384623, std: 0.12061576373032826
F1 (Intime): [0.2863636363636364, 0.1111111111111111, 0.1111111111111111, 0.21428571428571427, 0.29292929292929293, 0.47916666666666663, 0.5347985347985348, 0.3666666666666667, 0.5791666666666666, 0.09375, 0.22619047619047616, 0.26495726495726496, 0.3611111111111111, 0.3371794871794872, 0.6071428571428572]
 mean: 0.32439537314537314, std: 0.16089166797808443
--------------------------------------------------
Subject Number: 2
Accuracy Cross: [0.35294117647058826, 0.29411764705882354, 0.35294117647058826, 0.20588235294117646, 0.29411764705882354, 0.23529411764705882, 0.4117647058823529, 0.4117647058823529, 0.35294117647058826, 0.29411764705882354, 0.4411764705882353, 0.38235294117647056, 0.20588235294117646, 0.3235294117647059, 0.2647058823529412]
 mean: 0.32156862745098036, std: 0.07161561712843009
F1 Score: [0.3269074675324675, 0.15714285714285714, 0.22556390977443608, 0.1918560606060606, 0.3096072284713258, 0.10256410256410256, 0.35581140350877194, 0.2869269949066214, 0.39541666666666664, 0.15714285714285714, 0.3611453201970443, 0.33958333333333335, 0.20966386554621846, 0.3026315789473684, 0.10465116279069768]
 mean: 0.2551076539420553, std: 0.09368174153943956
Accuracy Intime: [0.5, 0.42857142857142855, 0.5, 0.46153846153846156, 0.5384615384615384, 0.35714285714285715, 0.42857142857142855, 0.35714285714285715, 0.5714285714285714, 0.38461538461538464, 0.35714285714285715, 0.5, 0.5714285714285714, 0.46153846153846156, 0.38461538461538464]
 mean: 0.4534798534798535, std: 0.07313725969471484
F1 (Intime): [0.4611111111111111, 0.26495726495726496, 0.325, 0.4277777777777777, 0.4652777777777778, 0.225, 0.4111111111111111, 0.23333333333333334, 0.5625, 0.33214285714285713, 0.30833333333333335, 0.4458874458874459, 0.4833333333333333, 0.30952380952380953, 0.25]
 mean: 0.367019277019277, std: 0.10132090190215144
--------------------------------------------------
Subject Number: 3
Accuracy Cross: [0.23529411764705882, 0.23529411764705882, 0.2647058823529412, 0.2647058823529412, 0.20588235294117646, 0.17647058823529413, 0.29411764705882354, 0.2647058823529412, 0.23529411764705882, 0.2647058823529412, 0.14705882352941177, 0.23529411764705882, 0.23529411764705882, 0.23529411764705882, 0.29411764705882354]
 mean: 0.2392156862745098, std: 0.038523299420369604
F1 Score: [0.20334928229665072, 0.24236874236874234, 0.10465116279069768, 0.2197591680350301, 0.17215686274509806, 0.11005692599620492, 0.17094017094017094, 0.10465116279069768, 0.15207373271889402, 0.24805194805194802, 0.09027777777777778, 0.1597542242703533, 0.1903409090909091, 0.15838509316770186, 0.18500797448165868]
 mean: 0.167455009168169, std: 0.0479693256223176
Accuracy Intime: [0.35714285714285715, 0.5714285714285714, 0.2857142857142857, 0.42857142857142855, 0.3076923076923077, 0.5, 0.35714285714285715, 0.2857142857142857, 0.38461538461538464, 0.38461538461538464, 0.42857142857142855, 0.42857142857142855, 0.2857142857142857, 0.5384615384615384, 0.46153846153846156]
 mean: 0.4003663003663004, std: 0.08818334220381935
F1 (Intime): [0.2785714285714286, 0.4722222222222222, 0.1111111111111111, 0.39886363636363636, 0.26587301587301587, 0.3928571428571428, 0.25, 0.1111111111111111, 0.25, 0.325, 0.30952380952380953, 0.2727272727272727, 0.23809523809523808, 0.36813186813186816, 0.31666666666666665]
 mean: 0.2907169682169682, std: 0.09485344274408898
--------------------------------------------------
Subject Number: 4
Accuracy Cross: [0.38235294117647056, 0.35294117647058826, 0.5294117647058824, 0.29411764705882354, 0.4411764705882353, 0.47058823529411764, 0.38235294117647056, 0.3235294117647059, 0.5294117647058824, 0.2647058823529412, 0.35294117647058826, 0.38235294117647056, 0.35294117647058826, 0.29411764705882354, 0.2647058823529412]
 mean: 0.3745098039215685, std: 0.08281847875271717
F1 Score: [0.25, 0.22916666666666669, 0.4710815500289185, 0.16328828828828829, 0.44805429864253393, 0.3734263820470717, 0.30831939799331104, 0.225, 0.5089285714285714, 0.10975609756097561, 0.22938530734632684, 0.3528138528138528, 0.3184587813620071, 0.20869565217391306, 0.18306938159879335]
 mean: 0.291962948530082, std: 0.11474109018675162
Accuracy Intime: [0.5, 0.42857142857142855, 0.5, 0.35714285714285715, 0.6153846153846154, 0.42857142857142855, 0.42857142857142855, 0.42857142857142855, 0.7142857142857143, 0.3076923076923077, 0.42857142857142855, 0.5714285714285714, 0.5714285714285714, 0.35714285714285715, 0.5384615384615384]
 mean: 0.47838827838827835, std: 0.10558349929652598
F1 (Intime): [0.4455128205128205, 0.26495726495726496, 0.425, 0.30714285714285716, 0.5238095238095238, 0.29166666666666663, 0.275, 0.29292929292929293, 0.7193181818181819, 0.2153846153846154, 0.26495726495726496, 0.5887445887445887, 0.5095238095238095, 0.25, 0.4821428571428571]
 mean: 0.3904059829059829, std: 0.14456363987874152
--------------------------------------------------
Subject Number: 5
Accuracy Cross: [0.29411764705882354, 0.2647058823529412, 0.2647058823529412, 0.5294117647058824, 0.5294117647058824, 0.3235294117647059, 0.47058823529411764, 0.4411764705882353, 0.5, 0.38235294117647056, 0.29411764705882354, 0.4117647058823529, 0.23529411764705882, 0.38235294117647056, 0.3235294117647059]
 mean: 0.37647058823529417, std: 0.09677617787649463
F1 Score: [0.18850574712643678, 0.10465116279069768, 0.10465116279069768, 0.518543956043956, 0.4037878787878788, 0.25, 0.5048486786018755, 0.38315850815850816, 0.42536231884057973, 0.30023923444976075, 0.21666666666666667, 0.3191391941391941, 0.0975609756097561, 0.39855072463768115, 0.31067251461988304]
 mean: 0.3017559148842382, std: 0.1347721502592032
Accuracy Intime: [0.5714285714285714, 0.42857142857142855, 0.2857142857142857, 0.6923076923076923, 0.6923076923076923, 0.42857142857142855, 0.7142857142857143, 0.5714285714285714, 0.6153846153846154, 0.46153846153846156, 0.5, 0.6428571428571429, 0.35714285714285715, 0.6153846153846154, 0.6153846153846154]
 mean: 0.5461538461538461, std: 0.1255635767655886
F1 (Intime): [0.36363636363636365, 0.2727272727272727, 0.1111111111111111, 0.7095238095238094, 0.5952380952380952, 0.30952380952380953, 0.7294372294372294, 0.5871794871794872, 0.49702380952380953, 0.39285714285714285, 0.3875, 0.6755952380952381, 0.20833333333333331, 0.6416666666666666, 0.5970238095238095]
 mean: 0.47189181189181195, std: 0.18773309951688416
--------------------------------------------------
Subject Number: 6
Accuracy Cross: [0.2647058823529412, 0.23529411764705882, 0.2647058823529412, 0.2647058823529412, 0.35294117647058826, 0.2647058823529412, 0.3235294117647059, 0.35294117647058826, 0.3235294117647059, 0.2647058823529412, 0.5, 0.4117647058823529, 0.29411764705882354, 0.20588235294117646, 0.35294117647058826]
 mean: 0.3117647058823529, std: 0.07268138428568877
F1 Score: [0.10465116279069768, 0.1282051282051282, 0.10465116279069768, 0.10465116279069768, 0.30833333333333335, 0.13636363636363635, 0.21103896103896103, 0.2674251152073733, 0.21153846153846154, 0.10465116279069768, 0.33035714285714285, 0.2738095238095238, 0.2513854679802956, 0.13095238095238096, 0.22162162162162163]
 mean: 0.1926423616047099, std: 0.07814997882007597
Accuracy Intime: [0.2857142857142857, 0.35714285714285715, 0.2857142857142857, 0.2857142857142857, 0.5384615384615384, 0.42857142857142855, 0.5714285714285714, 0.5714285714285714, 0.46153846153846156, 0.3076923076923077, 0.5, 0.6428571428571429, 0.5, 0.46153846153846156, 0.3076923076923077]
 mean: 0.4336996336996337, std: 0.11728706643981746
F1 (Intime): [0.1111111111111111, 0.24285714285714285, 0.1111111111111111, 0.1111111111111111, 0.528030303030303, 0.2761904761904762, 0.43181818181818177, 0.4753968253968254, 0.30952380952380953, 0.11764705882352941, 0.3181818181818182, 0.5555555555555555, 0.4928571428571429, 0.3, 0.225]
 mean: 0.3070927765045412, std: 0.15320006942228195
--------------------------------------------------
Subject Number: 7
Accuracy Cross: [0.4117647058823529, 0.4411764705882353, 0.35294117647058826, 0.35294117647058826, 0.4117647058823529, 0.4117647058823529, 0.2647058823529412, 0.4117647058823529, 0.3235294117647059, 0.5294117647058824, 0.35294117647058826, 0.29411764705882354, 0.35294117647058826, 0.5294117647058824, 0.5294117647058824]
 mean: 0.3980392156862745, std: 0.08027250780572047
F1 Score: [0.3933583959899749, 0.28814814814814815, 0.29888888888888887, 0.251984126984127, 0.35, 0.37051282051282053, 0.10714285714285714, 0.3923371647509579, 0.28336908100973435, 0.5152014652014653, 0.2361111111111111, 0.15688259109311742, 0.2943428853754941, 0.5180830039525692, 0.5255952380952381]
 mean: 0.3321305185504336, std: 0.12069454589934954
Accuracy Intime: [0.7142857142857143, 0.5, 0.5, 0.38461538461538464, 0.46153846153846156, 0.5714285714285714, 0.35714285714285715, 0.6428571428571429, 0.5384615384615384, 0.6153846153846154, 0.35714285714285715, 0.5714285714285714, 0.5, 0.5384615384615384, 0.6923076923076923]
 mean: 0.5296703296703296, std: 0.10714144828603167
F1 (Intime): [0.7151515151515151, 0.3205128205128205, 0.38636363636363635, 0.29166666666666663, 0.29166666666666663, 0.5375, 0.23214285714285715, 0.6470238095238096, 0.5178571428571428, 0.6041666666666666, 0.20833333333333331, 0.37606837606837606, 0.39529220779220775, 0.4871794871794871, 0.6803571428571429]
 mean: 0.4460854885854885, std: 0.16013484574500575
--------------------------------------------------
Subject Number: 8
Accuracy Cross: [0.2647058823529412, 0.2647058823529412, 0.23529411764705882, 0.2647058823529412, 0.2647058823529412, 0.3235294117647059, 0.23529411764705882, 0.29411764705882354, 0.2647058823529412, 0.20588235294117646, 0.2647058823529412, 0.3235294117647059, 0.23529411764705882, 0.38235294117647056, 0.2647058823529412]
 mean: 0.27254901960784317, std: 0.042236586722623565
F1 Score: [0.10465116279069768, 0.16985645933014354, 0.20874436731214224, 0.17151767151767153, 0.10465116279069768, 0.22537878787878787, 0.1945970695970696, 0.15688259109311742, 0.10465116279069768, 0.0875, 0.16353383458646614, 0.21363636363636362, 0.17216117216117216, 0.24807987711213517, 0.18338815789473684]
 mean: 0.16728198936612657, std: 0.04696134179326774
Accuracy Intime: [0.2857142857142857, 0.2857142857142857, 0.5714285714285714, 0.3076923076923077, 0.23076923076923078, 0.5714285714285714, 0.5714285714285714, 0.42857142857142855, 0.3076923076923077, 0.46153846153846156, 0.5, 0.42857142857142855, 0.35714285714285715, 0.38461538461538464, 0.38461538461538464]
 mean: 0.4051282051282052, std: 0.10872026892462107
F1 (Intime): [0.1111111111111111, 0.16964285714285715, 0.38181818181818183, 0.11764705882352941, 0.09375, 0.4633699633699634, 0.5396825396825397, 0.2761904761904762, 0.11764705882352941, 0.40705128205128205, 0.39166666666666666, 0.26495726495726496, 0.2582417582417582, 0.25, 0.3125]
 mean: 0.277018414591944, std: 0.1343337318506461
--------------------------------------------------
Subject Number: 9
Accuracy Cross: [0.29411764705882354, 0.2647058823529412, 0.29411764705882354, 0.35294117647058826, 0.23529411764705882, 0.38235294117647056, 0.2647058823529412, 0.2647058823529412, 0.4117647058823529, 0.3235294117647059, 0.38235294117647056, 0.38235294117647056, 0.35294117647058826, 0.3235294117647059, 0.3235294117647059]
 mean: 0.32352941176470584, std: 0.051505590339465473
F1 Score: [0.18823529411764706, 0.16985645933014354, 0.2153846153846154, 0.23379629629629628, 0.18095238095238095, 0.31686190397624153, 0.10465116279069768, 0.10465116279069768, 0.2879310344827586, 0.2758403361344538, 0.3293650793650793, 0.33279220779220775, 0.2303030303030303, 0.20046082949308755, 0.209375]
 mean: 0.22536378621395586, std: 0.0701605324840004
Accuracy Intime: [0.42857142857142855, 0.5, 0.5, 0.46153846153846156, 0.46153846153846156, 0.42857142857142855, 0.2857142857142857, 0.35714285714285715, 0.6923076923076923, 0.5384615384615384, 0.42857142857142855, 0.5, 0.35714285714285715, 0.6153846153846154, 0.38461538461538464]
 mean: 0.46263736263736266, std: 0.09971581403978606
F1 (Intime): [0.26666666666666666, 0.31666666666666665, 0.3958333333333333, 0.3611111111111111, 0.31666666666666665, 0.41944444444444445, 0.17094017094017094, 0.20476190476190476, 0.6791666666666667, 0.475, 0.3325396825396825, 0.3205128205128205, 0.20535714285714285, 0.4693181818181818, 0.30833333333333335]
 mean: 0.3494879194879196, std: 0.12420694792437338
--------------------------------------------------
Subject Number: 10
Accuracy Cross: [0.2647058823529412, 0.3235294117647059, 0.2647058823529412, 0.29411764705882354, 0.2647058823529412, 0.23529411764705882, 0.2647058823529412, 0.2647058823529412, 0.2647058823529412, 0.2647058823529412, 0.2647058823529412, 0.2647058823529412, 0.2647058823529412, 0.2647058823529412, 0.2647058823529412]
 mean: 0.26862745098039215, std: 0.018183565677442556
F1 Score: [0.10465116279069768, 0.24914529914529915, 0.10465116279069768, 0.27083333333333337, 0.10465116279069768, 0.1, 0.10465116279069768, 0.10465116279069768, 0.10465116279069768, 0.10465116279069768, 0.10465116279069768, 0.10465116279069768, 0.20648514126774997, 0.10465116279069768, 0.10465116279069768]
 mean: 0.13184177096293712, std: 0.056448752063708384
Accuracy Intime: [0.2857142857142857, 0.35714285714285715, 0.2857142857142857, 0.46153846153846156, 0.3076923076923077, 0.42857142857142855, 0.2857142857142857, 0.2857142857142857, 0.3076923076923077, 0.3076923076923077, 0.2857142857142857, 0.2857142857142857, 0.42857142857142855, 0.3076923076923077, 0.23076923076923078]
 mean: 0.3234432234432234, std: 0.0634725714420853
F1 (Intime): [0.1111111111111111, 0.225, 0.1111111111111111, 0.5236111111111111, 0.2, 0.2761904761904762, 0.1111111111111111, 0.1111111111111111, 0.11764705882352941, 0.11764705882352941, 0.1111111111111111, 0.1111111111111111, 0.29166666666666663, 0.11764705882352941, 0.09375]
 mean: 0.17532173980703394, std: 0.11238747274521727
--------------------------------------------------
Subject Number: 11
Accuracy Cross: [0.4411764705882353, 0.2647058823529412, 0.4117647058823529, 0.35294117647058826, 0.20588235294117646, 0.2647058823529412, 0.23529411764705882, 0.23529411764705882, 0.2647058823529412, 0.4411764705882353, 0.47058823529411764, 0.23529411764705882, 0.2647058823529412, 0.23529411764705882, 0.2647058823529412]
 mean: 0.30588235294117644, std: 0.0877765854337231
F1 Score: [0.3542857142857143, 0.10465116279069768, 0.363691348973607, 0.24448217317487264, 0.18095238095238092, 0.22445652173913044, 0.15207373271889402, 0.1903846153846154, 0.17824074074074076, 0.3739495798319328, 0.31974921630094044, 0.14783653846153846, 0.2057109557109557, 0.10810810810810811, 0.1875]
 mean: 0.22240485261160856, std: 0.08714565069533721
Accuracy Intime: [0.5714285714285714, 0.2857142857142857, 0.7142857142857143, 0.42857142857142855, 0.38461538461538464, 0.5, 0.42857142857142855, 0.5, 0.35714285714285715, 0.46153846153846156, 0.42857142857142855, 0.5, 0.35714285714285715, 0.35714285714285715, 0.38461538461538464]
 mean: 0.44395604395604393, std: 0.10147644110662286
F1 (Intime): [0.3666666666666667, 0.1111111111111111, 0.6961038961038961, 0.35119047619047616, 0.32539682539682535, 0.40681818181818186, 0.28205128205128205, 0.4666666666666667, 0.2361111111111111, 0.39285714285714285, 0.39886363636363636, 0.42083333333333334, 0.2701465201465202, 0.23214285714285715, 0.2582417582417582]
 mean: 0.3476800976800976, std: 0.1291032982754489
--------------------------------------------------
Subject Number: 12
Accuracy Cross: [0.2647058823529412, 0.17647058823529413, 0.2647058823529412, 0.29411764705882354, 0.14705882352941177, 0.2647058823529412, 0.2647058823529412, 0.17647058823529413, 0.2647058823529412, 0.029411764705882353, 0.17647058823529413, 0.29411764705882354, 0.2647058823529412, 0.29411764705882354, 0.2647058823529412]
 mean: 0.22941176470588232, std: 0.07140055472954165
F1 Score: [0.10465116279069768, 0.11714770797962648, 0.20925925925925923, 0.27229612492770383, 0.12353801169590642, 0.1469298245614035, 0.10465116279069768, 0.127789046653144, 0.10465116279069768, 0.03571428571428571, 0.12818181818181817, 0.18500797448165868, 0.1597222222222222, 0.22743055555555555, 0.10465116279069768]
 mean: 0.14344143215969166, std: 0.05726193537818218
Accuracy Intime: [0.2857142857142857, 0.2857142857142857, 0.35714285714285715, 0.3076923076923077, 0.46153846153846156, 0.35714285714285715, 0.2857142857142857, 0.2857142857142857, 0.38461538461538464, 0.6153846153846154, 0.35714285714285715, 0.35714285714285715, 0.35714285714285715, 0.6923076923076923, 0.3076923076923077]
 mean: 0.3798534798534798, std: 0.11782465661662475
F1 (Intime): [0.1111111111111111, 0.11764705882352941, 0.30753968253968256, 0.29642857142857143, 0.375, 0.23214285714285715, 0.1111111111111111, 0.11764705882352941, 0.25, 0.5791666666666666, 0.20535714285714285, 0.2403846153846154, 0.20833333333333331, 0.6609848484848485, 0.2]
 mean: 0.26752360384713325, std: 0.1579028804952315
--------------------------------------------------
Subject Number: 13
Accuracy Cross: [0.17647058823529413, 0.2647058823529412, 0.23529411764705882, 0.14705882352941177, 0.35294117647058826, 0.2647058823529412, 0.2647058823529412, 0.20588235294117646, 0.2647058823529412, 0.2647058823529412, 0.17647058823529413, 0.23529411764705882, 0.11764705882352941, 0.29411764705882354, 0.17647058823529413]
 mean: 0.22941176470588234, std: 0.05998846486579747
F1 Score: [0.11451612903225807, 0.10465116279069768, 0.0975609756097561, 0.09001782531194297, 0.2928321678321678, 0.10465116279069768, 0.10465116279069768, 0.08536585365853659, 0.10465116279069768, 0.20263157894736844, 0.11818181818181818, 0.09523809523809523, 0.07692307692307693, 0.15714285714285714, 0.07894736842105263]
 mean: 0.12186415983078139, std: 0.05523174441829872
Accuracy Intime: [0.42857142857142855, 0.2857142857142857, 0.5, 0.6153846153846154, 0.38461538461538464, 0.2857142857142857, 0.42857142857142855, 0.5, 0.46153846153846156, 0.46153846153846156, 0.42857142857142855, 0.42857142857142855, 0.35714285714285715, 0.38461538461538464, 0.46153846153846156]
 mean: 0.42747252747252756, std: 0.08088190789910628
F1 (Intime): [0.2857142857142857, 0.1111111111111111, 0.31666666666666665, 0.5205128205128206, 0.32539682539682535, 0.1111111111111111, 0.2761904761904762, 0.4375, 0.3, 0.31666666666666665, 0.2761904761904762, 0.2761904761904762, 0.3077922077922078, 0.25, 0.2967032967032967]
 mean: 0.2938497613497613, std: 0.09797948769190137
--------------------------------------------------
Subject Number: 14
Accuracy Cross: [0.4117647058823529, 0.4411764705882353, 0.3235294117647059, 0.29411764705882354, 0.38235294117647056, 0.17647058823529413, 0.2647058823529412, 0.35294117647058826, 0.23529411764705882, 0.38235294117647056, 0.4117647058823529, 0.23529411764705882, 0.29411764705882354, 0.35294117647058826, 0.2647058823529412]
 mean: 0.32156862745098036, std: 0.07476735672524557
F1 Score: [0.27546296296296297, 0.3493265993265993, 0.28355094898371247, 0.15795454545454546, 0.2907301410023733, 0.15, 0.10465116279069768, 0.22875816993464052, 0.15773809523809523, 0.2841269841269841, 0.34600619195046445, 0.1898901098901099, 0.23516705069124422, 0.24904214559386972, 0.10714285714285714]
 mean: 0.22730319767261042, std: 0.07692326670152512
Accuracy Intime: [0.5, 0.5714285714285714, 0.42857142857142855, 0.38461538461538464, 0.5384615384615384, 0.5714285714285714, 0.35714285714285715, 0.5, 0.38461538461538464, 0.46153846153846156, 0.5, 0.5, 0.42857142857142855, 0.5384615384615384, 0.3076923076923077]
 mean: 0.46483516483516485, std: 0.07759517997322957
F1 (Intime): [0.31666666666666665, 0.4333333333333333, 0.35416666666666663, 0.26785714285714285, 0.5208333333333333, 0.6388888888888888, 0.21764705882352942, 0.3476190476190476, 0.21428571428571427, 0.32386363636363635, 0.3833333333333333, 0.43452380952380953, 0.33611111111111114, 0.492063492063492, 0.11764705882352941]
 mean: 0.3599226862462156, std: 0.1278611086579185
--------------------------------------------------
Subject Number: 15
Accuracy Cross: [0.17647058823529413, 0.2647058823529412, 0.11764705882352941, 0.3235294117647059, 0.2647058823529412, 0.2647058823529412, 0.2647058823529412, 0.23529411764705882, 0.2647058823529412, 0.29411764705882354, 0.2647058823529412, 0.2647058823529412, 0.20588235294117646, 0.29411764705882354, 0.29411764705882354]
 mean: 0.25294117647058817, std: 0.05014396804919382
F1 Score: [0.13571428571428573, 0.16865079365079366, 0.10883190883190882, 0.25223214285714285, 0.2061268472906404, 0.10465116279069768, 0.1715686274509804, 0.1730899830220713, 0.10465116279069768, 0.15521064301552107, 0.10465116279069768, 0.10465116279069768, 0.08536585365853659, 0.21089572192513367, 0.15384615384615385]
 mean: 0.14934250749506392, std: 0.04689997989627115
Accuracy Intime: [0.5, 0.2857142857142857, 0.35714285714285715, 0.38461538461538464, 0.38461538461538464, 0.2857142857142857, 0.35714285714285715, 0.35714285714285715, 0.3076923076923077, 0.3076923076923077, 0.2857142857142857, 0.2857142857142857, 0.42857142857142855, 0.38461538461538464, 0.38461538461538464]
 mean: 0.35311355311355314, std: 0.05976872689925609
F1 (Intime): [0.47916666666666663, 0.1111111111111111, 0.3159090909090909, 0.2582417582417582, 0.35757575757575755, 0.1111111111111111, 0.22727272727272727, 0.225, 0.11764705882352941, 0.225, 0.1111111111111111, 0.1111111111111111, 0.3086080586080586, 0.21666666666666667, 0.2708333333333333]
 mean: 0.22975770416946886, std: 0.1044924075961706
--------------------------------------------------
Subject Number: 16
Accuracy Cross: [0.2647058823529412, 0.2647058823529412, 0.3235294117647059, 0.38235294117647056, 0.2647058823529412, 0.38235294117647056, 0.2647058823529412, 0.17647058823529413, 0.23529411764705882, 0.38235294117647056, 0.35294117647058826, 0.17647058823529413, 0.2647058823529412, 0.47058823529411764, 0.2647058823529412]
 mean: 0.29803921568627445, std: 0.07955083441215996
F1 Score: [0.10465116279069768, 0.10465116279069768, 0.21794871794871795, 0.2952380952380952, 0.10465116279069768, 0.3137254901960784, 0.10465116279069768, 0.166424027805102, 0.19871794871794873, 0.26136363636363635, 0.23432601880877743, 0.10069444444444445, 0.10465116279069768, 0.4563186813186813, 0.10465116279069768]
 mean: 0.19151093583904458, std: 0.10244575817653688
Accuracy Intime: [0.35714285714285715, 0.35714285714285715, 0.42857142857142855, 0.6923076923076923, 0.23076923076923078, 0.5, 0.2857142857142857, 0.5, 0.46153846153846156, 0.3076923076923077, 0.35714285714285715, 0.5, 0.2857142857142857, 0.5384615384615384, 0.23076923076923078]
 mean: 0.4021978021978022, std: 0.125586015146666
F1 (Intime): [0.20535714285714285, 0.21764705882352942, 0.40705128205128205, 0.6845238095238094, 0.09375, 0.45238095238095233, 0.1111111111111111, 0.3205128205128205, 0.4277777777777777, 0.27692307692307694, 0.325, 0.33035714285714285, 0.1111111111111111, 0.5642857142857143, 0.09375]
 mean: 0.3081026000143647, std: 0.1717368359669279
--------------------------------------------------
Subject Number: 17
Accuracy Cross: [0.20588235294117646, 0.2647058823529412, 0.29411764705882354, 0.2647058823529412, 0.20588235294117646, 0.4117647058823529, 0.4117647058823529, 0.29411764705882354, 0.23529411764705882, 0.2647058823529412, 0.2647058823529412, 0.23529411764705882, 0.2647058823529412, 0.20588235294117646, 0.2647058823529412]
 mean: 0.2725490196078431, std: 0.06119406484049896
F1 Score: [0.20120663650075413, 0.14301552106430154, 0.19047619047619047, 0.2202797202797203, 0.1369047619047619, 0.284375, 0.3226010101010101, 0.2539285714285714, 0.1443932411674347, 0.10465116279069768, 0.16820276497695852, 0.1709090909090909, 0.10465116279069768, 0.11722488038277512, 0.10465116279069768]
 mean: 0.17783139183757748, std: 0.0655712216647235
Accuracy Intime: [0.6428571428571429, 0.35714285714285715, 0.5714285714285714, 0.5384615384615384, 0.46153846153846156, 0.42857142857142855, 0.5, 0.6428571428571429, 0.46153846153846156, 0.23076923076923078, 0.42857142857142855, 0.5, 0.2857142857142857, 0.5, 0.3076923076923077]
 mean: 0.45714285714285713, std: 0.11798397762053979
F1 (Intime): [0.6347985347985348, 0.20833333333333331, 0.3666666666666667, 0.5444444444444444, 0.3, 0.275, 0.31666666666666665, 0.5625, 0.3, 0.1, 0.29166666666666663, 0.4819444444444444, 0.1111111111111111, 0.33035714285714285, 0.11764705882352941]
 mean: 0.329409071320836, std: 0.1601150382519118
--------------------------------------------------
Subject Number: 18
Accuracy Cross: [0.2647058823529412, 0.2647058823529412, 0.23529411764705882, 0.2647058823529412, 0.29411764705882354, 0.20588235294117646, 0.2647058823529412, 0.29411764705882354, 0.2647058823529412, 0.20588235294117646, 0.2647058823529412, 0.2647058823529412, 0.23529411764705882, 0.2647058823529412, 0.2647058823529412]
 mean: 0.2568627450980392, std: 0.025110291127187646
F1 Score: [0.10465116279069768, 0.10465116279069768, 0.15384615384615385, 0.10465116279069768, 0.17477477477477477, 0.1, 0.10465116279069768, 0.2509157509157509, 0.14166666666666666, 0.13392857142857142, 0.10465116279069768, 0.10465116279069768, 0.1903409090909091, 0.10465116279069768, 0.10465116279069768]
 mean: 0.1321788086032272, std: 0.042391751322139105
Accuracy Intime: [0.42857142857142855, 0.35714285714285715, 0.35714285714285715, 0.3076923076923077, 0.3076923076923077, 0.35714285714285715, 0.2857142857142857, 0.35714285714285715, 0.38461538461538464, 0.23076923076923078, 0.21428571428571427, 0.35714285714285715, 0.35714285714285715, 0.5384615384615384, 0.3076923076923077]
 mean: 0.34322344322344317, std: 0.07511926586730307
F1 (Intime): [0.4420995670995671, 0.20833333333333331, 0.22727272727272727, 0.11764705882352941, 0.2, 0.3666666666666667, 0.1111111111111111, 0.225, 0.25, 0.09375, 0.16666666666666669, 0.21764705882352942, 0.2708333333333333, 0.528030303030303, 0.11764705882352941]
 mean: 0.23618032566561978, std: 0.1204134727534217
--------------------------------------------------
Subject Number: 19
Accuracy Cross: [0.2647058823529412, 0.2647058823529412, 0.20588235294117646, 0.11764705882352941, 0.3235294117647059, 0.20588235294117646, 0.4117647058823529, 0.5294117647058824, 0.47058823529411764, 0.35294117647058826, 0.20588235294117646, 0.35294117647058826, 0.47058823529411764, 0.2647058823529412, 0.3235294117647059]
 mean: 0.3176470588235294, std: 0.11222814134317008
F1 Score: [0.15833333333333333, 0.2270053475935829, 0.0875, 0.10084033613445378, 0.1882882882882883, 0.11601307189542484, 0.27717391304347827, 0.5059940059940059, 0.4519997546313336, 0.3496503496503497, 0.16878881987577637, 0.21875, 0.41519360269360267, 0.10465116279069768, 0.18984962406015038]
 mean: 0.23733544066563184, std: 0.13001330599165828
Accuracy Intime: [0.42857142857142855, 0.35714285714285715, 0.5714285714285714, 0.38461538461538464, 0.3076923076923077, 0.35714285714285715, 0.42857142857142855, 0.7142857142857143, 0.5384615384615384, 0.46153846153846156, 0.35714285714285715, 0.42857142857142855, 0.6428571428571429, 0.3076923076923077, 0.38461538461538464]
 mean: 0.4446886446886447, std: 0.11708096604081941
F1 (Intime): [0.3125, 0.35757575757575755, 0.5205128205128204, 0.3, 0.22619047619047616, 0.23214285714285715, 0.33611111111111114, 0.6833333333333332, 0.5136904761904761, 0.4051948051948052, 0.23636363636363636, 0.26785714285714285, 0.6166666666666667, 0.11764705882352941, 0.27840909090909094]
 mean: 0.36027968219144685, std: 0.15312353879831173
--------------------------------------------------
Subject Number: 20
Accuracy Cross: [0.2647058823529412, 0.29411764705882354, 0.35294117647058826, 0.2647058823529412, 0.29411764705882354, 0.29411764705882354, 0.2647058823529412, 0.38235294117647056, 0.3235294117647059, 0.2647058823529412, 0.2647058823529412, 0.2647058823529412, 0.47058823529411764, 0.38235294117647056, 0.23529411764705882]
 mean: 0.307843137254902, std: 0.06156987634551993
F1 Score: [0.10465116279069768, 0.175, 0.2261029411764706, 0.10465116279069768, 0.19270833333333331, 0.22477703455964324, 0.10465116279069768, 0.29642857142857143, 0.24545454545454545, 0.2076149425287356, 0.11538461538461539, 0.10465116279069768, 0.4498834498834499, 0.3992641345582522, 0.0975609756097561]
 mean: 0.20325227967201093, std: 0.10627147622436545
Accuracy Intime: [0.2857142857142857, 0.42857142857142855, 0.5, 0.38461538461538464, 0.6153846153846154, 0.42857142857142855, 0.2857142857142857, 0.5, 0.3076923076923077, 0.3076923076923077, 0.35714285714285715, 0.2857142857142857, 0.5, 0.6153846153846154, 0.23076923076923078]
 mean: 0.40219780219780216, std: 0.11868131868131869
F1 (Intime): [0.1111111111111111, 0.2761904761904762, 0.3205128205128205, 0.25, 0.4943181818181818, 0.3142857142857143, 0.1111111111111111, 0.39285714285714285, 0.2, 0.20833333333333331, 0.20833333333333331, 0.1111111111111111, 0.3857142857142857, 0.6428571428571428, 0.11538461538461539]
 mean: 0.27614135864135864, std: 0.14930028491322325
--------------------------------------------------
Subject Number: 21
Accuracy Cross: [0.29411764705882354, 0.2647058823529412, 0.35294117647058826, 0.38235294117647056, 0.17647058823529413, 0.2647058823529412, 0.2647058823529412, 0.35294117647058826, 0.2647058823529412, 0.2647058823529412, 0.2647058823529412, 0.2647058823529412, 0.3235294117647059, 0.14705882352941177, 0.23529411764705882]
 mean: 0.2745098039215686, std: 0.06043543140165663
F1 Score: [0.1945945945945946, 0.3268398268398268, 0.2838404327248141, 0.36400121617512926, 0.11513157894736842, 0.17922647527910684, 0.10465116279069768, 0.23214285714285715, 0.17259259259259258, 0.15595238095238095, 0.10714285714285714, 0.1507177033492823, 0.21405228758169934, 0.1, 0.1445378151260504]
 mean: 0.18969491874928385, std: 0.07883530600831162
Accuracy Intime: [0.5714285714285714, 0.5714285714285714, 0.5714285714285714, 0.6153846153846154, 0.23076923076923078, 0.5, 0.2857142857142857, 0.35714285714285715, 0.38461538461538464, 0.3076923076923077, 0.42857142857142855, 0.5, 0.5, 0.38461538461538464, 0.38461538461538464]
 mean: 0.4395604395604396, std: 0.1139188250105504
F1 (Intime): [0.4318181818181818, 0.46969696969696967, 0.38181818181818183, 0.6226190476190476, 0.17692307692307693, 0.375, 0.1111111111111111, 0.2264957264957265, 0.25, 0.19886363636363635, 0.2761904761904762, 0.3857142857142857, 0.3205128205128205, 0.3333333333333333, 0.26111111111111107]
 mean: 0.32141386391386384, std: 0.12532983263820802
--------------------------------------------------
Subject Number: 22
Accuracy Cross: [0.23529411764705882, 0.29411764705882354, 0.20588235294117646, 0.20588235294117646, 0.20588235294117646, 0.3235294117647059, 0.35294117647058826, 0.2647058823529412, 0.2647058823529412, 0.3235294117647059, 0.2647058823529412, 0.3235294117647059, 0.2647058823529412, 0.4411764705882353, 0.2647058823529412]
 mean: 0.2823529411764706, std: 0.06150740055434558
F1 Score: [0.1523809523809524, 0.2, 0.17541806020066888, 0.17472826086956522, 0.16333333333333333, 0.1882882882882883, 0.30036942313157144, 0.159375, 0.10465116279069768, 0.19230769230769232, 0.16875, 0.2208672086720867, 0.10465116279069768, 0.42069892473118276, 0.16666666666666669]
 mean: 0.19283240907756025, std: 0.07546257956692456
Accuracy Intime: [0.42857142857142855, 0.2857142857142857, 0.42857142857142855, 0.46153846153846156, 0.46153846153846156, 0.42857142857142855, 0.35714285714285715, 0.5, 0.46153846153846156, 0.3076923076923077, 0.35714285714285715, 0.35714285714285715, 0.2857142857142857, 0.6923076923076923, 0.3076923076923077]
 mean: 0.408058608058608, std: 0.10229163179901574
F1 (Intime): [0.33333333333333337, 0.18681318681318682, 0.33658008658008653, 0.3916666666666666, 0.45238095238095233, 0.2727272727272727, 0.22527472527472528, 0.33035714285714285, 0.34285714285714286, 0.11764705882352941, 0.22727272727272727, 0.28431372549019607, 0.1111111111111111, 0.6970238095238095, 0.19871794871794873]
 mean: 0.3005384593619888, std: 0.1410242752564626
--------------------------------------------------
Subject Number: 23
Accuracy Cross: [0.2647058823529412, 0.29411764705882354, 0.5882352941176471, 0.2647058823529412, 0.29411764705882354, 0.35294117647058826, 0.2647058823529412, 0.29411764705882354, 0.2647058823529412, 0.4411764705882353, 0.4117647058823529, 0.4411764705882353, 0.17647058823529413, 0.2647058823529412, 0.2647058823529412]
 mean: 0.3254901960784314, std: 0.10044116450875057
F1 Score: [0.1758832565284178, 0.19813519813519814, 0.5081010776662951, 0.10465116279069768, 0.1625, 0.22556390977443608, 0.10714285714285714, 0.16964285714285715, 0.10714285714285714, 0.34892241379310346, 0.26785714285714285, 0.33897801544860373, 0.075, 0.10465116279069768, 0.16544117647058823]
 mean: 0.20397420584558348, std: 0.1144843952937529
Accuracy Intime: [0.42857142857142855, 0.5714285714285714, 0.7142857142857143, 0.3076923076923077, 0.38461538461538464, 0.5714285714285714, 0.35714285714285715, 0.35714285714285715, 0.5714285714285714, 0.5384615384615384, 0.5, 0.5714285714285714, 0.35714285714285715, 0.3076923076923077, 0.38461538461538464]
 mean: 0.4615384615384615, std: 0.11903352973825582
F1 (Intime): [0.26785714285714285, 0.4803571428571428, 0.6666666666666666, 0.11764705882352941, 0.28205128205128205, 0.36363636363636365, 0.24285714285714285, 0.25, 0.3666666666666667, 0.5178571428571428, 0.3476190476190476, 0.49313186813186816, 0.22619047619047616, 0.11764705882352941, 0.27840909090909094]
 mean: 0.3345729433964728, std: 0.14699362903032442
--------------------------------------------------
Subject Number: 24
Accuracy Cross: [0.29411764705882354, 0.23529411764705882, 0.29411764705882354, 0.35294117647058826, 0.29411764705882354, 0.38235294117647056, 0.17647058823529413, 0.29411764705882354, 0.2647058823529412, 0.2647058823529412, 0.2647058823529412, 0.2647058823529412, 0.17647058823529413, 0.17647058823529413, 0.2647058823529412]
 mean: 0.2666666666666666, std: 0.05730054586746062
F1 Score: [0.2608543417366947, 0.12792792792792793, 0.18333333333333335, 0.2821969696969697, 0.15416666666666667, 0.27974996141379843, 0.11244377811094453, 0.15705128205128205, 0.10465116279069768, 0.10975609756097561, 0.22213514454893765, 0.10465116279069768, 0.075, 0.14855072463768115, 0.10714285714285714]
 mean: 0.16197409402729765, std: 0.06629472143198513
Accuracy Intime: [0.5, 0.42857142857142855, 0.35714285714285715, 0.38461538461538464, 0.3076923076923077, 0.5, 0.42857142857142855, 0.5714285714285714, 0.46153846153846156, 0.3076923076923077, 0.35714285714285715, 0.2857142857142857, 0.42857142857142855, 0.5384615384615384, 0.3076923076923077]
 mean: 0.41098901098901097, std: 0.08775627217218669
F1 (Intime): [0.4458874458874459, 0.26785714285714285, 0.20476190476190476, 0.24431818181818182, 0.2, 0.3958333333333333, 0.2761904761904762, 0.5583333333333332, 0.3784090909090909, 0.20833333333333331, 0.25, 0.1111111111111111, 0.26495726495726496, 0.45, 0.2]
 mean: 0.2970661745661746, std: 0.1175592789677296
--------------------------------------------------
Subject Number: 25
Accuracy Cross: [0.38235294117647056, 0.2647058823529412, 0.38235294117647056, 0.3235294117647059, 0.17647058823529413, 0.2647058823529412, 0.47058823529411764, 0.3235294117647059, 0.23529411764705882, 0.29411764705882354, 0.17647058823529413, 0.3235294117647059, 0.3235294117647059, 0.23529411764705882, 0.2647058823529412]
 mean: 0.29607843137254897, std: 0.07629441748370085
F1 Score: [0.25495495495495496, 0.10975609756097561, 0.30935672514619883, 0.19583333333333333, 0.11904761904761904, 0.19280888030888033, 0.40277777777777773, 0.2631975867269985, 0.0975609756097561, 0.19798136645962733, 0.103125, 0.25752801120448177, 0.23928571428571427, 0.13419117647058823, 0.10465116279069768]
 mean: 0.19880375877850695, std: 0.08679254826703645
Accuracy Intime: [0.35714285714285715, 0.6428571428571429, 0.6428571428571429, 0.46153846153846156, 0.5384615384615384, 0.2857142857142857, 0.42857142857142855, 0.42857142857142855, 0.38461538461538464, 0.5384615384615384, 0.42857142857142855, 0.5714285714285714, 0.5, 0.38461538461538464, 0.23076923076923078]
 mean: 0.454945054945055, std: 0.11565814430397589
F1 (Intime): [0.20833333333333331, 0.5125, 0.5277777777777778, 0.33333333333333337, 0.35858585858585856, 0.1111111111111111, 0.403030303030303, 0.375, 0.23333333333333334, 0.5038461538461538, 0.275, 0.45860389610389607, 0.3476190476190476, 0.275, 0.09375]
 mean: 0.3344549432049432, std: 0.13198656439745823
--------------------------------------------------
Subject Number: 26
Accuracy Cross: [0.23529411764705882, 0.3235294117647059, 0.23529411764705882, 0.35294117647058826, 0.29411764705882354, 0.4411764705882353, 0.2647058823529412, 0.29411764705882354, 0.23529411764705882, 0.2647058823529412, 0.4117647058823529, 0.2647058823529412, 0.2647058823529412, 0.29411764705882354, 0.35294117647058826]
 mean: 0.30196078431372547, std: 0.06119406484049896
F1 Score: [0.22505619380619382, 0.3136748120300752, 0.18893280632411066, 0.24030748663101603, 0.1925925925925926, 0.41376811594202895, 0.10465116279069768, 0.20128824476650564, 0.1517857142857143, 0.10465116279069768, 0.42720214568040654, 0.10975609756097561, 0.21237458193979933, 0.1736111111111111, 0.3264054785793916]
 mean: 0.22573718045542118, std: 0.09940298329473152
Accuracy Intime: [0.6428571428571429, 0.5714285714285714, 0.5, 0.5384615384615384, 0.46153846153846156, 0.7142857142857143, 0.2857142857142857, 0.5, 0.38461538461538464, 0.3076923076923077, 0.5, 0.2857142857142857, 0.5, 0.46153846153846156, 0.6923076923076923]
 mean: 0.4897435897435898, std: 0.12997522153179633
F1 (Intime): [0.6150793650793651, 0.566468253968254, 0.44285714285714284, 0.35, 0.3392857142857143, 0.6666666666666666, 0.1111111111111111, 0.37499999999999994, 0.25, 0.11764705882352941, 0.4444444444444444, 0.1111111111111111, 0.42386363636363633, 0.30952380952380953, 0.65]
 mean: 0.384870554282319, std: 0.18122984811275336
--------------------------------------------------
Subject Number: 27
Accuracy Cross: [0.3235294117647059, 0.14705882352941177, 0.29411764705882354, 0.5, 0.29411764705882354, 0.2647058823529412, 0.29411764705882354, 0.2647058823529412, 0.20588235294117646, 0.2647058823529412, 0.2647058823529412, 0.23529411764705882, 0.2647058823529412, 0.29411764705882354, 0.20588235294117646]
 mean: 0.2745098039215686, std: 0.07414772706348643
F1 Score: [0.2522893772893773, 0.07575757575757576, 0.26041666666666663, 0.42386363636363633, 0.18823529411764706, 0.10465116279069768, 0.15384615384615385, 0.10465116279069768, 0.13418290854572712, 0.10465116279069768, 0.10465116279069768, 0.19128787878787878, 0.214021164021164, 0.17320261437908496, 0.19602732793522268]
 mean: 0.17878234992486164, std: 0.08530536700847938
Accuracy Intime: [0.5, 0.42857142857142855, 0.5714285714285714, 0.46153846153846156, 0.38461538461538464, 0.2857142857142857, 0.5, 0.42857142857142855, 0.38461538461538464, 0.23076923076923078, 0.2857142857142857, 0.35714285714285715, 0.42857142857142855, 0.42857142857142855, 0.6153846153846154]
 mean: 0.41941391941391937, std: 0.10140633830328662
F1 (Intime): [0.4039682539682539, 0.2761904761904762, 0.5059523809523809, 0.4095238095238095, 0.28205128205128205, 0.1111111111111111, 0.33035714285714285, 0.26785714285714285, 0.23636363636363636, 0.09375, 0.1111111111111111, 0.22527472527472528, 0.3403846153846154, 0.26785714285714285, 0.6166666666666667]
 mean: 0.2985612998112998, std: 0.14012051150679825
--------------------------------------------------
Subject Number: 28
Accuracy Cross: [0.11764705882352941, 0.29411764705882354, 0.35294117647058826, 0.23529411764705882, 0.29411764705882354, 0.4117647058823529, 0.4117647058823529, 0.2647058823529412, 0.20588235294117646, 0.29411764705882354, 0.11764705882352941, 0.20588235294117646, 0.11764705882352941, 0.11764705882352941, 0.2647058823529412]
 mean: 0.24705882352941178, std: 0.0977249866225656
F1 Score: [0.10238095238095238, 0.2978494623655914, 0.29485645933014354, 0.16679536679536677, 0.26666666666666666, 0.3140527950310559, 0.40331890331890335, 0.10465116279069768, 0.0875, 0.19230769230769232, 0.05555555555555555, 0.1380952380952381, 0.0787878787878788, 0.10298913043478261, 0.13636363636363635]
 mean: 0.18281139334827742, std: 0.10270343149215859
Accuracy Intime: [0.5714285714285714, 0.6428571428571429, 0.42857142857142855, 0.6153846153846154, 0.38461538461538464, 0.5, 0.5, 0.2857142857142857, 0.38461538461538464, 0.46153846153846156, 0.7142857142857143, 0.5, 0.35714285714285715, 0.6153846153846154, 0.3076923076923077]
 mean: 0.4846153846153846, std: 0.12410286682977033
F1 (Intime): [0.5080128205128205, 0.6, 0.3417207792207792, 0.4970238095238095, 0.25, 0.33035714285714285, 0.5194444444444444, 0.1111111111111111, 0.3992424242424243, 0.303030303030303, 0.6888888888888889, 0.3333333333333333, 0.20476190476190476, 0.5541666666666667, 0.20714285714285713]
 mean: 0.38988243238243236, std: 0.16008317735136202
--------------------------------------------------
Subject Number: 29
Accuracy Cross: [0.3235294117647059, 0.2647058823529412, 0.29411764705882354, 0.2647058823529412, 0.35294117647058826, 0.2647058823529412, 0.20588235294117646, 0.38235294117647056, 0.2647058823529412, 0.2647058823529412, 0.17647058823529413, 0.20588235294117646, 0.23529411764705882, 0.2647058823529412, 0.29411764705882354]
 mean: 0.27058823529411763, std: 0.052832131707088156
F1 Score: [0.20757575757575758, 0.21003016591251883, 0.19696969696969696, 0.10465116279069768, 0.2625, 0.14166666666666666, 0.2098997493734336, 0.24696969696969695, 0.17543859649122806, 0.16985645933014354, 0.10207336523125997, 0.1736111111111111, 0.1488095238095238, 0.17269736842105263, 0.18433179723502302]
 mean: 0.180472074525854, std: 0.04363557641473125
Accuracy Intime: [0.35714285714285715, 0.35714285714285715, 0.5, 0.3076923076923077, 0.3076923076923077, 0.42857142857142855, 0.35714285714285715, 0.35714285714285715, 0.38461538461538464, 0.5384615384615384, 0.42857142857142855, 0.5714285714285714, 0.6428571428571429, 0.38461538461538464, 0.38461538461538464]
 mean: 0.4205128205128206, std: 0.09590216494522573
F1 (Intime): [0.23214285714285715, 0.2911255411255411, 0.31666666666666665, 0.11764705882352941, 0.225, 0.26495726495726496, 0.2986111111111111, 0.22727272727272727, 0.33730158730158727, 0.45064935064935063, 0.2761904761904762, 0.39285714285714285, 0.6041666666666666, 0.22619047619047616, 0.26111111111111107]
 mean: 0.3014593358711006, std: 0.11047759490133836
--------------------------------------------------
**************************************************
accuracy_cross_list: [0.27843137254901956, 0.32156862745098036, 0.2392156862745098, 0.3745098039215685, 0.37647058823529417, 0.3117647058823529, 0.3980392156862745, 0.27254901960784317, 0.32352941176470584, 0.26862745098039215, 0.30588235294117644, 0.22941176470588232, 0.22941176470588234, 0.32156862745098036, 0.25294117647058817, 0.29803921568627445, 0.2725490196078431, 0.2568627450980392, 0.3176470588235294, 0.307843137254902, 0.2745098039215686, 0.2823529411764706, 0.3254901960784314, 0.2666666666666666, 0.29607843137254897, 0.30196078431372547, 0.2745098039215686, 0.24705882352941178, 0.27058823529411763]
f1_score_list: [0.18559138978702214, 0.2551076539420553, 0.167455009168169, 0.291962948530082, 0.3017559148842382, 0.1926423616047099, 0.3321305185504336, 0.16728198936612657, 0.22536378621395586, 0.13184177096293712, 0.22240485261160856, 0.14344143215969166, 0.12186415983078139, 0.22730319767261042, 0.14934250749506392, 0.19151093583904458, 0.17783139183757748, 0.1321788086032272, 0.23733544066563184, 0.20325227967201093, 0.18969491874928385, 0.19283240907756025, 0.20397420584558348, 0.16197409402729765, 0.19880375877850695, 0.22573718045542118, 0.17878234992486164, 0.18281139334827742, 0.180472074525854]
accuracy_intime_list: [0.44615384615384623, 0.4534798534798535, 0.4003663003663004, 0.47838827838827835, 0.5461538461538461, 0.4336996336996337, 0.5296703296703296, 0.4051282051282052, 0.46263736263736266, 0.3234432234432234, 0.44395604395604393, 0.3798534798534798, 0.42747252747252756, 0.46483516483516485, 0.35311355311355314, 0.4021978021978022, 0.45714285714285713, 0.34322344322344317, 0.4446886446886447, 0.40219780219780216, 0.4395604395604396, 0.408058608058608, 0.4615384615384615, 0.41098901098901097, 0.454945054945055, 0.4897435897435898, 0.41941391941391937, 0.4846153846153846, 0.4205128205128206]
f1_score_intime_list: [0.32439537314537314, 0.367019277019277, 0.2907169682169682, 0.3904059829059829, 0.47189181189181195, 0.3070927765045412, 0.4460854885854885, 0.277018414591944, 0.3494879194879196, 0.17532173980703394, 0.3476800976800976, 0.26752360384713325, 0.2938497613497613, 0.3599226862462156, 0.22975770416946886, 0.3081026000143647, 0.329409071320836, 0.23618032566561978, 0.36027968219144685, 0.27614135864135864, 0.32141386391386384, 0.3005384593619888, 0.3345729433964728, 0.2970661745661746, 0.3344549432049432, 0.384870554282319, 0.2985612998112998, 0.38988243238243236, 0.3014593358711006]
**************************************************
ACC: 29.30±4.13
F1: 19.91±4.92
Intime: 43.40±4.89
F1 (Intime): 32.31±6.06
