1e-03
Subject Number: 1
Accuracy Cross: [0.375, 0.5, 0.6875, 0.5625, 0.5625, 0.375, 0.5625, 0.5625, 0.5625, 0.5625, 0.5625, 0.5, 0.5625, 0.5625, 0.5625]
 mean: 0.5375, std: 0.075
F1 Score: [0.3333333333333333, 0.4666666666666667, 0.6536796536796536, 0.36, 0.36, 0.2727272727272727, 0.36, 0.36, 0.36, 0.36, 0.36, 0.4666666666666667, 0.36, 0.36, 0.36]
 mean: 0.3862049062049063, std: 0.08447109088896186
Accuracy Intime: [0.8571428571428571, 0.8571428571428571, 1.0, 0.6666666666666666, 0.6666666666666666, 0.7142857142857143, 0.5714285714285714, 0.6666666666666666, 0.6666666666666666, 0.6666666666666666, 0.5714285714285714, 0.7142857142857143, 0.6666666666666666, 0.6666666666666666, 0.6666666666666666]
 mean: 0.7079365079365078, std: 0.10978804105263863
F1 (Intime): [0.8571428571428571, 0.8571428571428571, 1.0, 0.4, 0.4, 0.7083333333333333, 0.36363636363636365, 0.4, 0.4, 0.4, 0.36363636363636365, 0.65, 0.4, 0.4, 0.4]
 mean: 0.5333261183261184, std: 0.21158693229945869
--------------------------------------------------
Subject Number: 2
Accuracy Cross: [0.625, 0.4375, 0.75, 0.5625, 0.5625, 0.875, 0.875, 0.5625, 0.5625, 0.5625, 0.6875, 0.8125, 0.5625, 0.8125, 0.5625]
 mean: 0.6541666666666667, std: 0.13281147875424357
F1 Score: [0.6190476190476191, 0.43529411764705883, 0.7333333333333334, 0.36, 0.36, 0.8666666666666667, 0.8666666666666667, 0.5465587044534412, 0.36, 0.36, 0.6761133603238867, 0.7922077922077921, 0.36, 0.8056680161943319, 0.36]
 mean: 0.5667704184360531, std: 0.2007353393682859
Accuracy Intime: [0.8571428571428571, 0.5714285714285714, 1.0, 0.6666666666666666, 0.6666666666666666, 0.8571428571428571, 0.8571428571428571, 0.8571428571428571, 0.6666666666666666, 0.6666666666666666, 0.7142857142857143, 1.0, 0.6666666666666666, 0.8333333333333334, 0.6666666666666666]
 mean: 0.7698412698412699, std: 0.12826732603705984
F1 (Intime): [0.8571428571428571, 0.5714285714285714, 1.0, 0.4, 0.4, 0.8571428571428571, 0.8444444444444444, 0.8571428571428571, 0.4, 0.4, 0.7083333333333333, 1.0, 0.4, 0.8285714285714285, 0.4]
 mean: 0.6616137566137568, std: 0.2346591775175999
--------------------------------------------------
Subject Number: 3
Accuracy Cross: [0.625, 0.625, 0.5, 0.4375, 0.5625, 0.5, 0.6875, 0.5, 0.5, 0.5625, 0.5625, 0.5625, 0.5625, 0.5625, 0.5625]
 mean: 0.5541666666666667, std: 0.059802917060030505
F1 Score: [0.6190476190476191, 0.6, 0.4920634920634921, 0.30434782608695654, 0.36, 0.4181818181818182, 0.6862745098039216, 0.3333333333333333, 0.4920634920634921, 0.36, 0.36, 0.5151515151515151, 0.36, 0.36, 0.5151515151515151]
 mean: 0.4517076747255777, std: 0.11408335471556907
Accuracy Intime: [0.7142857142857143, 0.7142857142857143, 0.7142857142857143, 0.8333333333333334, 0.6666666666666666, 0.7142857142857143, 0.7142857142857143, 0.8333333333333334, 0.8333333333333334, 0.6666666666666666, 0.5714285714285714, 0.7142857142857143, 0.6666666666666666, 0.6666666666666666, 0.6666666666666666]
 mean: 0.7126984126984125, std: 0.07034450732114396
F1 (Intime): [0.7083333333333333, 0.7083333333333333, 0.7083333333333333, 0.8285714285714285, 0.4, 0.65, 0.7083333333333333, 0.7777777777777777, 0.7777777777777777, 0.4, 0.36363636363636365, 0.7083333333333333, 0.4, 0.4, 0.6666666666666666]
 mean: 0.6137397787397787, std: 0.16209376305092957
--------------------------------------------------
Subject Number: 4
Accuracy Cross: [0.75, 0.6875, 0.75, 0.5625, 0.5625, 0.5625, 0.75, 0.625, 0.75, 0.6875, 0.5625, 0.6875, 0.75, 0.5625, 0.5625]
 mean: 0.6541666666666667, std: 0.08186201126828542
F1 Score: [0.7090909090909091, 0.6862745098039216, 0.7090909090909091, 0.36, 0.36, 0.36, 0.7090909090909091, 0.5, 0.7090909090909091, 0.6135265700483092, 0.5607843137254902, 0.6135265700483092, 0.7090909090909091, 0.36, 0.5151515151515151]
 mean: 0.5649812016154727, std: 0.14096234752454936
Accuracy Intime: [1.0, 0.7142857142857143, 1.0, 0.6666666666666666, 0.6666666666666666, 0.8571428571428571, 0.8571428571428571, 0.8571428571428571, 1.0, 1.0, 1.0, 0.8571428571428571, 0.8571428571428571, 0.6666666666666666, 1.0]
 mean: 0.8666666666666667, std: 0.12918723777381466
F1 (Intime): [1.0, 0.7083333333333333, 1.0, 0.4, 0.4, 0.8444444444444444, 0.8444444444444444, 0.8444444444444444, 1.0, 1.0, 1.0, 0.8444444444444444, 0.8444444444444444, 0.4, 1.0]
 mean: 0.8087037037037039, std: 0.22168190485697087
--------------------------------------------------
Subject Number: 5
Accuracy Cross: [0.625, 0.875, 0.5625, 0.5625, 0.5625, 0.5625, 0.8125, 0.5625, 0.875, 0.6875, 0.625, 0.5625, 0.5625, 0.5625, 0.5625]
 mean: 0.6375, std: 0.114564392373896
F1 Score: [0.6, 0.875, 0.36, 0.36, 0.36, 0.36, 0.7922077922077921, 0.45893719806763283, 0.873015873015873, 0.6135265700483092, 0.6190476190476191, 0.36, 0.36, 0.36, 0.36]
 mean: 0.5141156701591485, std: 0.19282275533046672
Accuracy Intime: [1.0, 1.0, 0.6666666666666666, 0.6666666666666666, 0.6666666666666666, 0.5714285714285714, 1.0, 1.0, 0.8333333333333334, 0.8333333333333334, 0.8571428571428571, 0.5714285714285714, 0.6666666666666666, 0.6666666666666666, 0.6666666666666666]
 mean: 0.7777777777777776, std: 0.15689414340509927
F1 (Intime): [1.0, 1.0, 0.4, 0.4, 0.4, 0.36363636363636365, 1.0, 1.0, 0.8285714285714285, 0.7777777777777777, 0.8444444444444444, 0.36363636363636365, 0.4, 0.4, 0.4]
 mean: 0.6385377585377585, std: 0.2724042434011024
--------------------------------------------------
Subject Number: 6
Accuracy Cross: [0.5, 0.625, 0.4375, 0.5625, 0.375, 0.5625, 0.75, 0.5625, 0.6875, 0.5625, 0.5625, 0.5625, 0.5625, 0.5625, 0.5625]
 mean: 0.5625, std: 0.08539125638299665
F1 Score: [0.4920634920634921, 0.625, 0.41700404858299595, 0.5465587044534412, 0.2727272727272727, 0.36, 0.7090909090909091, 0.36, 0.6135265700483092, 0.36, 0.36, 0.36, 0.36, 0.36, 0.36]
 mean: 0.43706473313109484, std: 0.12393317951371963
Accuracy Intime: [0.7142857142857143, 1.0, 0.8571428571428571, 1.0, 0.5, 0.5714285714285714, 0.7142857142857143, 0.6666666666666666, 0.8333333333333334, 0.6666666666666666, 0.7142857142857143, 0.7142857142857143, 0.6666666666666666, 0.6666666666666666, 0.6666666666666666]
 mean: 0.7301587301587299, std: 0.13459344079809574
F1 (Intime): [0.65, 1.0, 0.8571428571428571, 1.0, 0.3333333333333333, 0.36363636363636365, 0.65, 0.4, 0.7777777777777777, 0.4, 0.65, 0.65, 0.4, 0.4, 0.4]
 mean: 0.5954593554593556, std: 0.22426130668852678
--------------------------------------------------
Subject Number: 7
Accuracy Cross: [0.375, 0.375, 0.5625, 0.5625, 0.5625, 0.5625, 0.5625, 0.5625, 0.5625, 0.5625, 0.5625, 0.625, 0.75, 0.5625, 0.5625]
 mean: 0.5541666666666667, std: 0.08498365855987974
F1 Score: [0.3333333333333333, 0.3333333333333333, 0.36, 0.36, 0.36, 0.36, 0.36, 0.36, 0.36, 0.36, 0.36, 0.5636363636363637, 0.746031746031746, 0.36, 0.36]
 mean: 0.39575565175565175, std: 0.10731060844561158
Accuracy Intime: [0.8571428571428571, 0.8571428571428571, 0.6666666666666666, 0.6666666666666666, 0.6666666666666666, 0.7142857142857143, 0.5714285714285714, 1.0, 0.8333333333333334, 0.6666666666666666, 0.5714285714285714, 0.7142857142857143, 1.0, 0.6666666666666666, 0.6666666666666666]
 mean: 0.7412698412698411, std: 0.13209935410516305
F1 (Intime): [0.8444444444444444, 0.8571428571428571, 0.4, 0.4, 0.4, 0.65, 0.36363636363636365, 1.0, 0.7777777777777777, 0.4, 0.36363636363636365, 0.65, 1.0, 0.4, 0.4]
 mean: 0.5937758537758538, std: 0.2357449060485704
--------------------------------------------------
Subject Number: 8
Accuracy Cross: [0.5625, 0.5625, 0.6875, 0.5625, 0.5625, 0.5, 0.5625, 0.3125, 0.4375, 0.5625, 0.5625, 0.5625, 0.5625, 0.5625, 0.5625]
 mean: 0.5416666666666666, std: 0.07795119555779043
F1 Score: [0.36, 0.36, 0.6862745098039216, 0.36, 0.36, 0.4920634920634921, 0.36, 0.30980392156862746, 0.41700404858299595, 0.36, 0.36, 0.36, 0.36, 0.36, 0.36]
 mean: 0.3910097314679359, std: 0.08765115623608248
Accuracy Intime: [0.5714285714285714, 0.5714285714285714, 0.8333333333333334, 0.6666666666666666, 0.6666666666666666, 0.7142857142857143, 0.7142857142857143, 0.8333333333333334, 0.8333333333333334, 1.0, 0.5714285714285714, 0.7142857142857143, 0.6666666666666666, 0.6666666666666666, 0.6666666666666666]
 mean: 0.7126984126984125, std: 0.11450596061505673
F1 (Intime): [0.36363636363636365, 0.36363636363636365, 0.7777777777777777, 0.4, 0.4, 0.7083333333333333, 0.65, 0.8285714285714285, 0.8285714285714285, 1.0, 0.36363636363636365, 0.65, 0.4, 0.4, 0.4]
 mean: 0.568944203944204, std: 0.21070788848645722
--------------------------------------------------
Subject Number: 9
Accuracy Cross: [0.5625, 0.625, 0.5, 0.5, 0.5625, 0.5, 0.625, 0.5625, 0.5625, 0.5625, 0.5625, 0.5625, 0.5625, 0.5625, 0.4375]
 mean: 0.55, std: 0.04677071733467427
F1 Score: [0.36, 0.625, 0.4666666666666667, 0.4666666666666667, 0.36, 0.5, 0.6, 0.36, 0.5607843137254902, 0.36, 0.36, 0.36, 0.45893719806763283, 0.45893719806763283, 0.30434782608695654]
 mean: 0.44008932461873645, std: 0.09555267315628845
Accuracy Intime: [0.5714285714285714, 0.8571428571428571, 0.8333333333333334, 0.8333333333333334, 0.6666666666666666, 0.8571428571428571, 0.7142857142857143, 0.6666666666666666, 1.0, 0.6666666666666666, 0.5714285714285714, 0.5714285714285714, 0.8333333333333334, 0.8333333333333334, 0.6666666666666666]
 mean: 0.742857142857143, std: 0.12574795124024357
F1 (Intime): [0.36363636363636365, 0.8444444444444444, 0.7777777777777777, 0.8285714285714285, 0.4, 0.8444444444444444, 0.65, 0.4, 1.0, 0.4, 0.36363636363636365, 0.36363636363636365, 0.7777777777777777, 0.7777777777777777, 0.6666666666666666]
 mean: 0.6305579605579605, std: 0.2171185239358363
--------------------------------------------------
Subject Number: 10
Accuracy Cross: [0.3125, 0.3125, 0.5625, 0.5625, 0.5625, 0.5625, 0.3125, 0.3125, 0.5, 0.3125, 0.5625, 0.5625, 0.6875, 0.625, 0.5]
 mean: 0.48333333333333334, std: 0.12801909579781012
F1 Score: [0.2874493927125506, 0.2874493927125506, 0.5465587044534412, 0.36, 0.36, 0.36, 0.2874493927125506, 0.30980392156862746, 0.4181818181818182, 0.30980392156862746, 0.36, 0.36, 0.6135265700483092, 0.5, 0.3333333333333333]
 mean: 0.3795704298194539, std: 0.09586836307812831
Accuracy Intime: [0.8571428571428571, 0.7142857142857143, 0.8333333333333334, 0.6666666666666666, 0.6666666666666666, 0.5714285714285714, 0.7142857142857143, 1.0, 0.8333333333333334, 0.8333333333333334, 0.5714285714285714, 0.5714285714285714, 0.8333333333333334, 1.0, 0.8333333333333334]
 mean: 0.7666666666666667, std: 0.1364156203166057
F1 (Intime): [0.8571428571428571, 0.65, 0.7777777777777777, 0.4, 0.4, 0.36363636363636365, 0.7083333333333333, 1.0, 0.7777777777777777, 0.7777777777777777, 0.36363636363636365, 0.36363636363636365, 0.7777777777777777, 1.0, 0.7777777777777777]
 mean: 0.6663516113516113, std: 0.22210335616547572
--------------------------------------------------
Subject Number: 11
Accuracy Cross: [0.5, 0.5625, 0.375, 0.5, 0.6875, 0.625, 0.5625, 0.625, 0.75, 0.5625, 0.6875, 0.5625, 0.625, 0.5625, 0.5625]
 mean: 0.5833333333333334, std: 0.08740073734751262
F1 Score: [0.3333333333333333, 0.36, 0.2727272727272727, 0.4181818181818182, 0.6862745098039216, 0.6, 0.5607843137254902, 0.6, 0.7333333333333334, 0.36, 0.6135265700483092, 0.36, 0.5, 0.36, 0.36]
 mean: 0.4745440767435653, std: 0.1414521066491836
Accuracy Intime: [0.8571428571428571, 0.5714285714285714, 0.5714285714285714, 1.0, 1.0, 0.7142857142857143, 1.0, 0.8571428571428571, 0.8333333333333334, 0.8333333333333334, 1.0, 0.8571428571428571, 0.7142857142857143, 0.8333333333333334, 0.6666666666666666]
 mean: 0.8206349206349206, std: 0.14229164972072997
F1 (Intime): [0.8444444444444444, 0.36363636363636365, 0.5333333333333333, 1.0, 1.0, 0.7083333333333333, 1.0, 0.8571428571428571, 0.8285714285714285, 0.7777777777777777, 1.0, 0.8444444444444444, 0.65, 0.7777777777777777, 0.4]
 mean: 0.7723641173641174, std: 0.2016582730183945
--------------------------------------------------
Subject Number: 12
Accuracy Cross: [0.625, 0.5625, 0.5625, 0.5625, 0.5625, 0.5625, 0.625, 0.5, 0.5625, 0.5625, 0.5625, 0.375, 0.375, 0.5625, 0.375]
 mean: 0.5291666666666667, std: 0.08186201126828542
F1 Score: [0.5, 0.36, 0.45893719806763283, 0.36, 0.36, 0.36, 0.6, 0.4666666666666667, 0.36, 0.36, 0.45893719806763283, 0.36507936507936506, 0.2727272727272727, 0.36, 0.3333333333333333]
 mean: 0.3983787355961269, std: 0.07933660185047207
Accuracy Intime: [0.5714285714285714, 0.5714285714285714, 0.8333333333333334, 0.6666666666666666, 0.6666666666666666, 0.5714285714285714, 0.7142857142857143, 0.5, 0.6666666666666666, 0.6666666666666666, 0.7142857142857143, 0.8571428571428571, 0.8333333333333334, 0.6666666666666666, 0.6666666666666666]
 mean: 0.6777777777777777, std: 0.09983609646677073
F1 (Intime): [0.36363636363636365, 0.36363636363636365, 0.7777777777777777, 0.4, 0.4, 0.36363636363636365, 0.7083333333333333, 0.4857142857142857, 0.4, 0.4, 0.65, 0.8571428571428571, 0.7777777777777777, 0.4, 0.6666666666666666]
 mean: 0.5342881192881193, std: 0.17586105165781502
--------------------------------------------------
Subject Number: 13
Accuracy Cross: [0.5, 0.5625, 0.5625, 0.5625, 0.5625, 0.3125, 0.4375, 0.4375, 0.4375, 0.4375, 0.5, 0.6875, 0.4375, 0.625, 0.5625]
 mean: 0.5083333333333333, std: 0.09090593428863095
F1 Score: [0.4181818181818182, 0.5607843137254902, 0.36, 0.36, 0.36, 0.23809523809523808, 0.30434782608695654, 0.30434782608695654, 0.30434782608695654, 0.30434782608695654, 0.3333333333333333, 0.6761133603238867, 0.37662337662337664, 0.625, 0.36]
 mean: 0.39236818297539794, std: 0.12284774010267235
Accuracy Intime: [0.8571428571428571, 0.5714285714285714, 0.6666666666666666, 0.6666666666666666, 0.6666666666666666, 0.7142857142857143, 0.5714285714285714, 0.8333333333333334, 0.6666666666666666, 0.8333333333333334, 0.5714285714285714, 0.7142857142857143, 0.6666666666666666, 0.6666666666666666, 0.6666666666666666]
 mean: 0.6888888888888887, std: 0.088005817623042
F1 (Intime): [0.8444444444444444, 0.5333333333333333, 0.4, 0.4, 0.4, 0.7083333333333333, 0.5714285714285714, 0.8285714285714285, 0.6666666666666666, 0.8285714285714285, 0.36363636363636365, 0.7083333333333333, 0.625, 0.6666666666666666, 0.4]
 mean: 0.5963323713323714, std: 0.16696421982342508
--------------------------------------------------
Subject Number: 14
Accuracy Cross: [0.5625, 0.5625, 0.5, 0.5625, 0.5625, 0.5625, 0.5, 0.5, 0.5625, 0.5625, 0.5625, 0.5625, 0.5, 0.5625, 0.5625]
 mean: 0.5458333333333333, std: 0.027638539919628332
F1 Score: [0.5151515151515151, 0.36, 0.4666666666666667, 0.36, 0.36, 0.36, 0.4181818181818182, 0.3333333333333333, 0.36, 0.36, 0.36, 0.36, 0.4181818181818182, 0.36, 0.36]
 mean: 0.38343434343434346, std: 0.04809269015391197
Accuracy Intime: [0.7142857142857143, 0.5714285714285714, 0.8333333333333334, 0.6666666666666666, 0.6666666666666666, 0.5714285714285714, 0.5714285714285714, 0.6666666666666666, 0.6666666666666666, 0.6666666666666666, 0.5714285714285714, 0.5714285714285714, 0.6666666666666666, 0.6666666666666666, 0.6666666666666666]
 mean: 0.6492063492063491, std: 0.06871384387909006
F1 (Intime): [0.65, 0.36363636363636365, 0.7777777777777777, 0.4, 0.4, 0.36363636363636365, 0.5333333333333333, 0.4, 0.4, 0.4, 0.36363636363636365, 0.36363636363636365, 0.4, 0.4, 0.4]
 mean: 0.44104377104377107, std: 0.11633692914302501
--------------------------------------------------
Subject Number: 15
Accuracy Cross: [0.4375, 0.4375, 0.5625, 0.5625, 0.3125, 0.5625, 0.3125, 0.5625, 0.5625, 0.5625, 0.5625, 0.5625, 0.5625, 0.5, 0.5625]
 mean: 0.5083333333333333, std: 0.08799463367476197
F1 Score: [0.30434782608695654, 0.30434782608695654, 0.36, 0.5151515151515151, 0.30980392156862746, 0.36, 0.30980392156862746, 0.36, 0.36, 0.36, 0.36, 0.36, 0.36, 0.4181818181818182, 0.36]
 mean: 0.3601091219096334, std: 0.050787504702868164
Accuracy Intime: [0.5714285714285714, 0.7142857142857143, 0.6666666666666666, 0.8333333333333334, 0.8333333333333334, 0.5714285714285714, 0.7142857142857143, 0.6666666666666666, 0.6666666666666666, 0.6666666666666666, 0.5714285714285714, 0.5714285714285714, 0.6666666666666666, 0.8333333333333334, 0.6666666666666666]
 mean: 0.6809523809523809, std: 0.08984743935292006
F1 (Intime): [0.36363636363636365, 0.65, 0.4, 0.8285714285714285, 0.8285714285714285, 0.36363636363636365, 0.7083333333333333, 0.4, 0.4, 0.4, 0.36363636363636365, 0.36363636363636365, 0.4, 0.7777777777777777, 0.4]
 mean: 0.5098532948532949, std: 0.18109030766427808
--------------------------------------------------
Subject Number: 16
Accuracy Cross: [0.4375, 0.5625, 0.5, 0.5, 0.5625, 0.5625, 0.4375, 0.6875, 0.5625, 0.8125, 0.625, 0.5625, 0.5625, 0.3125, 0.6875]
 mean: 0.5583333333333333, std: 0.11516895800904378
F1 Score: [0.30434782608695654, 0.5607843137254902, 0.4920634920634921, 0.4666666666666667, 0.36, 0.5607843137254902, 0.43529411764705883, 0.6761133603238867, 0.36, 0.8117647058823529, 0.6190476190476191, 0.36, 0.5151515151515151, 0.2874493927125506, 0.6536796536796536]
 mean: 0.49754313178084886, std: 0.14632153961963587
Accuracy Intime: [1.0, 0.8571428571428571, 0.5, 1.0, 0.6666666666666666, 0.8571428571428571, 0.8571428571428571, 0.8333333333333334, 0.6666666666666666, 1.0, 0.8571428571428571, 0.5714285714285714, 0.6666666666666666, 0.6666666666666666, 1.0]
 mean: 0.7999999999999999, std: 0.1607333909866899
F1 (Intime): [1.0, 0.8444444444444444, 0.4857142857142857, 1.0, 0.4, 0.8444444444444444, 0.8444444444444444, 0.8285714285714285, 0.4, 1.0, 0.8571428571428571, 0.36363636363636365, 0.625, 0.625, 1.0]
 mean: 0.7412265512265512, std: 0.2292933372651266
--------------------------------------------------
Subject Number: 17
Accuracy Cross: [0.5625, 0.5625, 0.5625, 0.5625, 0.5625, 0.5625, 0.4375, 0.625, 0.5625, 0.5625, 0.3125, 0.5625, 0.5625, 0.5625, 0.5625]
 mean: 0.5416666666666666, std: 0.07095577652469333
F1 Score: [0.36, 0.36, 0.36, 0.45893719806763283, 0.36, 0.36, 0.37662337662337664, 0.5, 0.36, 0.36, 0.30980392156862746, 0.36, 0.36, 0.36, 0.36]
 mean: 0.3736909664173092, std: 0.04425148862289029
Accuracy Intime: [0.7142857142857143, 0.5714285714285714, 0.6666666666666666, 0.6666666666666666, 0.6666666666666666, 0.5714285714285714, 0.8571428571428571, 0.8333333333333334, 0.6666666666666666, 0.6666666666666666, 0.8571428571428571, 0.5714285714285714, 0.5714285714285714, 0.6666666666666666, 0.6666666666666666]
 mean: 0.6809523809523809, std: 0.09515869706236105
F1 (Intime): [0.65, 0.36363636363636365, 0.4, 0.4, 0.4, 0.36363636363636365, 0.8571428571428571, 0.7777777777777777, 0.4, 0.4, 0.8444444444444444, 0.36363636363636365, 0.36363636363636365, 0.4, 0.4]
 mean: 0.4922607022607023, std: 0.18061657433926329
--------------------------------------------------
Subject Number: 18
Accuracy Cross: [0.4375, 0.5625, 0.5625, 0.5625, 0.5625, 0.5625, 0.5625, 0.5625, 0.5625, 0.625, 0.5625, 0.5625, 0.5625, 0.625, 0.5625]
 mean: 0.5625, std: 0.03952847075210474
F1 Score: [0.41700404858299595, 0.36, 0.36, 0.36, 0.36, 0.36, 0.36, 0.36, 0.36, 0.6190476190476191, 0.36, 0.36, 0.36, 0.5, 0.36]
 mean: 0.39040344450870773, std: 0.07122246317896339
Accuracy Intime: [0.7142857142857143, 0.5714285714285714, 0.6666666666666666, 0.6666666666666666, 0.6666666666666666, 0.5714285714285714, 0.5714285714285714, 0.6666666666666666, 0.6666666666666666, 1.0, 0.5714285714285714, 0.5714285714285714, 0.6666666666666666, 0.8333333333333334, 0.6666666666666666]
 mean: 0.6714285714285714, std: 0.11140550568486725
F1 (Intime): [0.65, 0.36363636363636365, 0.4, 0.4, 0.4, 0.36363636363636365, 0.36363636363636365, 0.4, 0.4, 1.0, 0.36363636363636365, 0.36363636363636365, 0.4, 0.8285714285714285, 0.4]
 mean: 0.47311688311688305, std: 0.18843104144218023
--------------------------------------------------
Subject Number: 19
Accuracy Cross: [0.5, 0.5625, 0.5625, 0.5625, 0.5625, 0.8125, 0.6875, 0.8125, 0.625, 0.5625, 0.5625, 0.375, 0.625, 0.5625, 0.5625]
 mean: 0.5958333333333333, std: 0.10671873729054748
F1 Score: [0.4181818181818182, 0.36, 0.36, 0.5151515151515151, 0.5607843137254902, 0.7922077922077921, 0.6135265700483092, 0.7922077922077921, 0.5, 0.45893719806763283, 0.36, 0.36507936507936506, 0.6, 0.45893719806763283, 0.36]
 mean: 0.5010009041824899, std: 0.14241686319582142
Accuracy Intime: [0.7142857142857143, 0.5714285714285714, 1.0, 0.8333333333333334, 1.0, 1.0, 0.8571428571428571, 1.0, 0.6666666666666666, 0.5, 0.5714285714285714, 1.0, 1.0, 0.6666666666666666, 0.6666666666666666]
 mean: 0.8031746031746031, std: 0.18246375232376574
F1 (Intime): [0.65, 0.36363636363636365, 1.0, 0.8285714285714285, 1.0, 1.0, 0.8571428571428571, 1.0, 0.4, 0.3333333333333333, 0.36363636363636365, 1.0, 1.0, 0.4, 0.4]
 mean: 0.7064213564213565, std: 0.2844680906184439
--------------------------------------------------
Subject Number: 20
Accuracy Cross: [0.4375, 0.5625, 0.5625, 0.625, 0.5625, 0.5625, 0.5625, 0.5625, 0.5625, 0.75, 0.6875, 0.5625, 0.5625, 0.625, 0.5625]
 mean: 0.5833333333333334, std: 0.06718548123582124
F1 Score: [0.43529411764705883, 0.45893719806763283, 0.5607843137254902, 0.5, 0.36, 0.36, 0.45893719806763283, 0.36, 0.36, 0.7090909090909091, 0.6536796536796536, 0.36, 0.36, 0.5, 0.36]
 mean: 0.45311489268522526, std: 0.11039841071078785
Accuracy Intime: [0.7142857142857143, 0.7142857142857143, 0.8333333333333334, 1.0, 0.6666666666666666, 0.5714285714285714, 0.7142857142857143, 0.6666666666666666, 0.6666666666666666, 0.6666666666666666, 0.7142857142857143, 0.5714285714285714, 0.6666666666666666, 0.8333333333333334, 0.6666666666666666]
 mean: 0.7111111111111111, std: 0.10464158554825087
F1 (Intime): [0.7083333333333333, 0.65, 0.7777777777777777, 1.0, 0.4, 0.36363636363636365, 0.65, 0.4, 0.4, 0.4, 0.65, 0.36363636363636365, 0.4, 0.7777777777777777, 0.4]
 mean: 0.5560774410774412, std: 0.1941208656326978
--------------------------------------------------
Subject Number: 21
Accuracy Cross: [0.625, 0.5, 0.4375, 0.5625, 0.5625, 0.625, 0.625, 0.5, 0.5625, 0.5625, 0.625, 0.25, 0.5625, 0.5625, 0.5625]
 mean: 0.5416666666666666, std: 0.09316949906249125
F1 Score: [0.625, 0.5, 0.30434782608695654, 0.36, 0.36, 0.5, 0.6190476190476191, 0.3333333333333333, 0.36, 0.36, 0.6, 0.25, 0.36, 0.36, 0.36]
 mean: 0.4167819185645273, std: 0.11595290721339421
Accuracy Intime: [0.8571428571428571, 0.8571428571428571, 0.5, 0.6666666666666666, 0.6666666666666666, 0.8571428571428571, 0.7142857142857143, 0.6666666666666666, 0.6666666666666666, 0.6666666666666666, 0.8571428571428571, 0.7142857142857143, 0.6666666666666666, 0.6666666666666666, 0.6666666666666666]
 mean: 0.7126984126984125, std: 0.09854062346138891
F1 (Intime): [0.8444444444444444, 0.8571428571428571, 0.4857142857142857, 0.4, 0.4, 0.8444444444444444, 0.7083333333333333, 0.4, 0.4, 0.4, 0.8444444444444444, 0.7083333333333333, 0.4, 0.4, 0.4]
 mean: 0.5661904761904762, std: 0.19744516478378962
--------------------------------------------------
Subject Number: 22
Accuracy Cross: [0.375, 0.5625, 0.5, 0.5625, 0.5625, 0.625, 0.5625, 0.625, 0.6875, 0.5625, 0.5625, 0.9375, 0.875, 0.625, 0.5625]
 mean: 0.6125, std: 0.1334634781503914
F1 Score: [0.36507936507936506, 0.5465587044534412, 0.4920634920634921, 0.36, 0.36, 0.6, 0.45893719806763283, 0.5, 0.6135265700483092, 0.36, 0.5607843137254902, 0.9352226720647774, 0.875, 0.5, 0.36]
 mean: 0.5258114877001673, std: 0.17265644659656978
Accuracy Intime: [0.8571428571428571, 0.8571428571428571, 1.0, 0.6666666666666666, 0.6666666666666666, 1.0, 0.8571428571428571, 0.8333333333333334, 1.0, 0.6666666666666666, 0.8571428571428571, 0.7142857142857143, 0.8333333333333334, 0.6666666666666666, 0.6666666666666666]
 mean: 0.8095238095238094, std: 0.1238705588262011
F1 (Intime): [0.8571428571428571, 0.8444444444444444, 1.0, 0.4, 0.4, 1.0, 0.8571428571428571, 0.7777777777777777, 1.0, 0.4, 0.8444444444444444, 0.65, 0.7777777777777777, 0.4, 0.4]
 mean: 0.7072486772486773, std: 0.2345103786996836
--------------------------------------------------
Subject Number: 23
Accuracy Cross: [0.625, 0.875, 0.5625, 0.6875, 0.5625, 0.5, 0.375, 0.375, 0.5625, 0.625, 0.5625, 0.625, 0.375, 0.3125, 0.5625]
 mean: 0.5458333333333333, std: 0.13969212178533508
F1 Score: [0.5, 0.8666666666666667, 0.36, 0.6135265700483092, 0.36, 0.5, 0.2727272727272727, 0.2727272727272727, 0.36, 0.5, 0.36, 0.5, 0.2727272727272727, 0.23809523809523808, 0.36]
 mean: 0.42243135286613553, std: 0.15887774823703263
Accuracy Intime: [0.7142857142857143, 0.8571428571428571, 0.6666666666666666, 0.8333333333333334, 0.6666666666666666, 0.8571428571428571, 0.7142857142857143, 0.8571428571428571, 0.6666666666666666, 1.0, 0.5714285714285714, 0.8571428571428571, 0.8333333333333334, 1.0, 0.6666666666666666]
 mean: 0.7841269841269842, std: 0.12370773186284899
F1 (Intime): [0.65, 0.8571428571428571, 0.4, 0.7777777777777777, 0.4, 0.8444444444444444, 0.7083333333333333, 0.8571428571428571, 0.4, 1.0, 0.36363636363636365, 0.8444444444444444, 0.7777777777777777, 1.0, 0.4]
 mean: 0.6853799903799904, std: 0.2244576702021628
--------------------------------------------------
Subject Number: 24
Accuracy Cross: [0.375, 0.5, 0.375, 0.5, 0.5625, 0.4375, 0.625, 0.5625, 0.5625, 0.5625, 0.625, 0.5625, 0.5625, 0.5625, 0.5625]
 mean: 0.5291666666666667, std: 0.07523112535528244
F1 Score: [0.36507936507936506, 0.4920634920634921, 0.3333333333333333, 0.4181818181818182, 0.36, 0.30434782608695654, 0.6, 0.36, 0.36, 0.36, 0.6190476190476191, 0.36, 0.36, 0.36, 0.36]
 mean: 0.40080356358617236, std: 0.09106469214764953
Accuracy Intime: [1.0, 0.7142857142857143, 0.8333333333333334, 0.6666666666666666, 0.6666666666666666, 0.8571428571428571, 0.7142857142857143, 0.6666666666666666, 0.6666666666666666, 0.6666666666666666, 0.7142857142857143, 0.5714285714285714, 0.6666666666666666, 0.6666666666666666, 0.6666666666666666]
 mean: 0.7158730158730157, std: 0.1015624969717231
F1 (Intime): [1.0, 0.7083333333333333, 0.7777777777777777, 0.625, 0.4, 0.8571428571428571, 0.65, 0.4, 0.4, 0.4, 0.65, 0.36363636363636365, 0.4, 0.4, 0.4]
 mean: 0.5621260221260223, std: 0.19823213563183453
--------------------------------------------------
Subject Number: 25
Accuracy Cross: [0.5625, 0.5625, 0.6875, 0.4375, 0.5625, 0.5, 0.5625, 0.5625, 0.5625, 0.5625, 0.3125, 0.5625, 0.5625, 0.5625, 0.5625]
 mean: 0.5416666666666666, std: 0.07795119555779044
F1 Score: [0.36, 0.36, 0.6135265700483092, 0.37662337662337664, 0.36, 0.4181818181818182, 0.36, 0.36, 0.36, 0.36, 0.23809523809523808, 0.5151515151515151, 0.36, 0.36, 0.5151515151515151]
 mean: 0.3944486688834515, std: 0.08684901718991728
Accuracy Intime: [0.5714285714285714, 0.5714285714285714, 0.6666666666666666, 1.0, 0.6666666666666666, 0.7142857142857143, 0.5714285714285714, 0.6666666666666666, 0.6666666666666666, 0.6666666666666666, 0.7142857142857143, 0.7142857142857143, 0.6666666666666666, 0.6666666666666666, 0.8333333333333334]
 mean: 0.6904761904761905, std: 0.10468972982756289
F1 (Intime): [0.36363636363636365, 0.36363636363636365, 0.4, 1.0, 0.4, 0.7083333333333333, 0.36363636363636365, 0.4, 0.4, 0.4, 0.65, 0.65, 0.4, 0.4, 0.8285714285714285]
 mean: 0.5151875901875903, std: 0.19471126349590845
--------------------------------------------------
Subject Number: 26
Accuracy Cross: [0.3125, 0.3125, 0.5625, 0.5625, 0.375, 0.5625, 0.4375, 0.5625, 0.75, 0.5625, 0.5625, 0.5625, 0.4375, 0.5625, 0.5625]
 mean: 0.5125, std: 0.11226827987756233
F1 Score: [0.23809523809523808, 0.30980392156862746, 0.36, 0.36, 0.36507936507936506, 0.36, 0.30434782608695654, 0.36, 0.7090909090909091, 0.36, 0.36, 0.36, 0.41700404858299595, 0.36, 0.36]
 mean: 0.3722280872336062, std: 0.09776652947359916
Accuracy Intime: [0.8571428571428571, 1.0, 0.6666666666666666, 0.6666666666666666, 1.0, 0.5714285714285714, 0.7142857142857143, 0.6666666666666666, 0.8333333333333334, 0.6666666666666666, 0.5714285714285714, 0.5714285714285714, 0.8333333333333334, 0.6666666666666666, 0.6666666666666666]
 mean: 0.7301587301587301, std: 0.13737267633916703
F1 (Intime): [0.8571428571428571, 1.0, 0.4, 0.4, 1.0, 0.36363636363636365, 0.7083333333333333, 0.4, 0.7777777777777777, 0.4, 0.36363636363636365, 0.36363636363636365, 0.7777777777777777, 0.4, 0.4]
 mean: 0.5741293891293892, std: 0.23925334059900574
--------------------------------------------------
Subject Number: 27
Accuracy Cross: [0.625, 0.5625, 0.5625, 0.5625, 0.6875, 0.5625, 0.5625, 0.5625, 0.5625, 0.5625, 0.5625, 0.5625, 0.375, 0.4375, 0.625]
 mean: 0.5583333333333333, std: 0.07021791477646966
F1 Score: [0.6190476190476191, 0.36, 0.36, 0.36, 0.6536796536796536, 0.36, 0.36, 0.36, 0.36, 0.36, 0.36, 0.36, 0.2727272727272727, 0.37662337662337664, 0.5]
 mean: 0.4014718614718615, std: 0.10166859367130215
Accuracy Intime: [0.8571428571428571, 0.5714285714285714, 0.6666666666666666, 0.6666666666666666, 0.8333333333333334, 0.7142857142857143, 0.5714285714285714, 0.6666666666666666, 0.6666666666666666, 0.6666666666666666, 0.5714285714285714, 0.5714285714285714, 0.7142857142857143, 0.8333333333333334, 0.6666666666666666]
 mean: 0.6825396825396824, std: 0.09269080203591387
F1 (Intime): [0.8444444444444444, 0.36363636363636365, 0.4, 0.4, 0.7777777777777777, 0.65, 0.36363636363636365, 0.4, 0.4, 0.4, 0.36363636363636365, 0.36363636363636365, 0.7083333333333333, 0.7777777777777777, 0.4]
 mean: 0.5075252525252526, std: 0.17746294723997355
--------------------------------------------------
Subject Number: 28
Accuracy Cross: [0.5625, 0.5, 0.5625, 0.5625, 0.75, 0.5625, 0.5625, 0.5625, 0.5, 0.5, 0.4375, 0.5625, 0.375, 0.5625, 0.5625]
 mean: 0.5416666666666666, std: 0.07795119555779044
F1 Score: [0.36, 0.4666666666666667, 0.36, 0.5607843137254902, 0.746031746031746, 0.45893719806763283, 0.36, 0.36, 0.4181818181818182, 0.4666666666666667, 0.43529411764705883, 0.36, 0.3333333333333333, 0.36, 0.36]
 mean: 0.42705972402136094, std: 0.10462291487131306
Accuracy Intime: [0.5714285714285714, 0.8571428571428571, 0.6666666666666666, 0.8333333333333334, 1.0, 0.5714285714285714, 0.5714285714285714, 0.6666666666666666, 0.8333333333333334, 0.8333333333333334, 1.0, 0.5714285714285714, 0.8333333333333334, 0.6666666666666666, 0.6666666666666666]
 mean: 0.7428571428571427, std: 0.14579000004069886
F1 (Intime): [0.36363636363636365, 0.8571428571428571, 0.4, 0.7777777777777777, 1.0, 0.5333333333333333, 0.36363636363636365, 0.4, 0.7777777777777777, 0.7777777777777777, 1.0, 0.36363636363636365, 0.8285714285714285, 0.4, 0.4]
 mean: 0.6162193362193362, std: 0.23962246819698418
--------------------------------------------------
Subject Number: 29
Accuracy Cross: [0.5625, 0.5625, 0.8125, 0.6875, 0.5625, 0.5, 0.5625, 0.5625, 0.4375, 0.625, 0.5, 0.625, 0.75, 0.8125, 0.5625]
 mean: 0.6083333333333333, std: 0.10817295821455974
F1 Score: [0.36, 0.5151515151515151, 0.7922077922077921, 0.6761133603238867, 0.36, 0.3333333333333333, 0.36, 0.36, 0.30434782608695654, 0.6, 0.4181818181818182, 0.5, 0.7333333333333334, 0.8117647058823529, 0.36]
 mean: 0.4989622456333992, std: 0.17301409692085676
Accuracy Intime: [0.8571428571428571, 0.7142857142857143, 1.0, 0.8333333333333334, 0.6666666666666666, 1.0, 0.5714285714285714, 0.6666666666666666, 0.3333333333333333, 0.8333333333333334, 0.7142857142857143, 0.7142857142857143, 0.8333333333333334, 0.8333333333333334, 0.6666666666666666]
 mean: 0.7492063492063491, std: 0.16215355922694774
F1 (Intime): [0.8444444444444444, 0.7083333333333333, 1.0, 0.8285714285714285, 0.4, 1.0, 0.36363636363636365, 0.4, 0.25, 0.8285714285714285, 0.65, 0.65, 0.8285714285714285, 0.7777777777777777, 0.4]
 mean: 0.661993746993747, std: 0.2345986968250521
--------------------------------------------------
**************************************************
accuracy_cross_list: [0.5375, 0.6541666666666667, 0.5541666666666667, 0.6541666666666667, 0.6375, 0.5625, 0.5541666666666667, 0.5416666666666666, 0.55, 0.48333333333333334, 0.5833333333333334, 0.5291666666666667, 0.5083333333333333, 0.5458333333333333, 0.5083333333333333, 0.5583333333333333, 0.5416666666666666, 0.5625, 0.5958333333333333, 0.5833333333333334, 0.5416666666666666, 0.6125, 0.5458333333333333, 0.5291666666666667, 0.5416666666666666, 0.5125, 0.5583333333333333, 0.5416666666666666, 0.6083333333333333]
f1_score_list: [0.3862049062049063, 0.5667704184360531, 0.4517076747255777, 0.5649812016154727, 0.5141156701591485, 0.43706473313109484, 0.39575565175565175, 0.3910097314679359, 0.44008932461873645, 0.3795704298194539, 0.4745440767435653, 0.3983787355961269, 0.39236818297539794, 0.38343434343434346, 0.3601091219096334, 0.49754313178084886, 0.3736909664173092, 0.39040344450870773, 0.5010009041824899, 0.45311489268522526, 0.4167819185645273, 0.5258114877001673, 0.42243135286613553, 0.40080356358617236, 0.3944486688834515, 0.3722280872336062, 0.4014718614718615, 0.42705972402136094, 0.4989622456333992]
accuracy_intime_list: [0.7079365079365078, 0.7698412698412699, 0.7126984126984125, 0.8666666666666667, 0.7777777777777776, 0.7301587301587299, 0.7412698412698411, 0.7126984126984125, 0.742857142857143, 0.7666666666666667, 0.8206349206349206, 0.6777777777777777, 0.6888888888888887, 0.6492063492063491, 0.6809523809523809, 0.7999999999999999, 0.6809523809523809, 0.6714285714285714, 0.8031746031746031, 0.7111111111111111, 0.7126984126984125, 0.8095238095238094, 0.7841269841269842, 0.7158730158730157, 0.6904761904761905, 0.7301587301587301, 0.6825396825396824, 0.7428571428571427, 0.7492063492063491]
f1_score_intime_list: [0.5333261183261184, 0.6616137566137568, 0.6137397787397787, 0.8087037037037039, 0.6385377585377585, 0.5954593554593556, 0.5937758537758538, 0.568944203944204, 0.6305579605579605, 0.6663516113516113, 0.7723641173641174, 0.5342881192881193, 0.5963323713323714, 0.44104377104377107, 0.5098532948532949, 0.7412265512265512, 0.4922607022607023, 0.47311688311688305, 0.7064213564213565, 0.5560774410774412, 0.5661904761904762, 0.7072486772486773, 0.6853799903799904, 0.5621260221260223, 0.5151875901875903, 0.5741293891293892, 0.5075252525252526, 0.6162193362193362, 0.661993746993747]
**************************************************
ACC: 55.99±4.13
F1: 43.49±5.81
Intime: 73.55±5.14
F1 (Intime): 60.45±8.90
