1e-03
Subject Number: 1
Accuracy Cross: [0.5, 0.5, 0.5, 0.5, 0.5, 0.5, 0.5, 0.5, 0.5, 0.5, 0.5952380952380952, 0.5, 0.5714285714285714, 0.5, 0.5]
 mean: 0.5111111111111111, std: 0.02865947632582188
F1 Score: [0.3713471133285816, 0.3333333333333333, 0.4269005847953216, 0.3333333333333333, 0.3333333333333333, 0.3333333333333333, 0.3333333333333333, 0.3333333333333333, 0.3333333333333333, 0.3333333333333333, 0.5523510971786834, 0.3333333333333333, 0.49867374005305043, 0.3333333333333333, 0.3333333333333333]
 mean: 0.3677292801348202, std: 0.06721105645362044
Accuracy Intime: [0.5882352941176471, 0.5294117647058824, 0.6470588235294118, 0.5294117647058824, 0.5, 0.5294117647058824, 0.5294117647058824, 0.5294117647058824, 0.5294117647058824, 0.5, 0.7647058823529411, 0.5294117647058824, 0.6470588235294118, 0.5294117647058824, 0.5]
 mean: 0.5588235294117647, std: 0.07123883186111744
F1 (Intime): [0.5296442687747036, 0.34615384615384615, 0.575, 0.34615384615384615, 0.3333333333333333, 0.34615384615384615, 0.34615384615384615, 0.34615384615384615, 0.34615384615384615, 0.3333333333333333, 0.7638888888888888, 0.34615384615384615, 0.575, 0.34615384615384615, 0.3333333333333333]
 mean: 0.4141842617929574, std: 0.12753652032503554
--------------------------------------------------
Subject Number: 2
Accuracy Cross: [0.6666666666666666, 0.7857142857142857, 0.5, 0.8809523809523809, 0.9523809523809523, 0.5, 0.8809523809523809, 0.9761904761904762, 0.9523809523809523, 0.9761904761904762, 0.8809523809523809, 0.8571428571428571, 0.8571428571428571, 0.8809523809523809, 0.8571428571428571]
 mean: 0.8269841269841272, std: 0.1486819559028126
F1 Score: [0.6370370370370371, 0.7754010695187166, 0.3333333333333333, 0.8792409430707303, 0.9522727272727273, 0.3333333333333333, 0.8803418803418803, 0.9761769710720363, 0.9523809523809523, 0.9761769710720363, 0.8792409430707303, 0.8541666666666667, 0.8541666666666667, 0.8803418803418803, 0.8558352402745995]
 mean: 0.8012964410302217, std: 0.20093605723197977
Accuracy Intime: [0.5882352941176471, 1.0, 0.5294117647058824, 1.0, 0.9375, 0.5294117647058824, 1.0, 0.8823529411764706, 1.0, 0.8125, 1.0, 1.0, 0.9411764705882353, 1.0, 0.9375]
 mean: 0.8772058823529412, std: 0.17253996745417802
F1 (Intime): [0.5296442687747036, 1.0, 0.34615384615384615, 1.0, 0.9372549019607843, 0.34615384615384615, 1.0, 0.8785714285714286, 1.0, 0.8056680161943319, 1.0, 1.0, 0.9411764705882353, 1.0, 0.9372549019607843]
 mean: 0.8481251786905307, std: 0.23008963465512594
--------------------------------------------------
Subject Number: 3
Accuracy Cross: [0.5476190476190477, 0.5, 0.5, 0.5, 0.5, 0.5, 0.5, 0.5238095238095238, 0.5, 0.5, 0.5, 0.5, 0.5, 0.5, 0.5]
 mean: 0.5047619047619047, std: 0.012895299054977733
F1 Score: [0.43121881682109764, 0.3333333333333333, 0.3333333333333333, 0.3333333333333333, 0.3333333333333333, 0.3333333333333333, 0.3333333333333333, 0.3841642228739003, 0.40203389830508474, 0.3333333333333333, 0.3333333333333333, 0.3333333333333333, 0.3333333333333333, 0.3333333333333333, 0.3333333333333333]
 mean: 0.3478277958666721, std: 0.03025863312026403
Accuracy Intime: [0.5294117647058824, 0.5294117647058824, 0.5294117647058824, 0.5294117647058824, 0.5, 0.5294117647058824, 0.5294117647058824, 0.5882352941176471, 0.5882352941176471, 0.5, 0.5294117647058824, 0.5294117647058824, 0.5294117647058824, 0.5294117647058824, 0.5]
 mean: 0.5313725490196078, std: 0.025110291127187646
F1 (Intime): [0.34615384615384615, 0.34615384615384615, 0.34615384615384615, 0.34615384615384615, 0.3333333333333333, 0.34615384615384615, 0.34615384615384615, 0.4711111111111111, 0.5296442687747036, 0.3333333333333333, 0.34615384615384615, 0.34615384615384615, 0.34615384615384615, 0.34615384615384615, 0.3333333333333333]
 mean: 0.3641529227616183, std: 0.05472150614711854
--------------------------------------------------
Subject Number: 4
Accuracy Cross: [0.5, 0.5, 0.9285714285714286, 0.5, 0.7142857142857143, 0.47619047619047616, 0.5, 0.7619047619047619, 0.8095238095238095, 0.5, 0.5, 0.5, 0.5, 0.8095238095238095, 0.5]
 mean: 0.6, std: 0.1506348370046768
F1 Score: [0.3333333333333333, 0.3333333333333333, 0.9285309132161089, 0.3333333333333333, 0.7116704805491991, 0.3225806451612903, 0.3333333333333333, 0.7597254004576659, 0.8095238095238095, 0.3333333333333333, 0.3333333333333333, 0.3333333333333333, 0.3333333333333333, 0.8055555555555556, 0.3333333333333333]
 mean: 0.4891724536309085, std: 0.2258006047850497
Accuracy Intime: [0.5294117647058824, 0.5294117647058824, 0.8235294117647058, 0.5294117647058824, 0.6875, 0.5294117647058824, 0.5294117647058824, 0.8823529411764706, 0.8823529411764706, 0.5, 0.5294117647058824, 0.5294117647058824, 0.5294117647058824, 0.9411764705882353, 0.5]
 mean: 0.6301470588235295, std: 0.1591012912473872
F1 (Intime): [0.34615384615384615, 0.34615384615384615, 0.8210526315789474, 0.34615384615384615, 0.6761133603238867, 0.34615384615384615, 0.34615384615384615, 0.8785714285714286, 0.8819444444444444, 0.3333333333333333, 0.34615384615384615, 0.34615384615384615, 0.34615384615384615, 0.9403508771929825, 0.3333333333333333]
 mean: 0.5089286785339416, std: 0.23956993921354286
--------------------------------------------------
Subject Number: 5
Accuracy Cross: [0.5, 0.5, 0.7857142857142857, 0.5714285714285714, 0.5, 0.6666666666666666, 0.5, 0.7380952380952381, 0.5, 0.5, 0.5, 0.5, 0.5, 0.47619047619047616, 0.6666666666666666]
 mean: 0.5603174603174603, std: 0.09831023852191759
F1 Score: [0.3333333333333333, 0.3333333333333333, 0.7795918367346939, 0.49867374005305043, 0.3333333333333333, 0.6370370370370371, 0.3333333333333333, 0.7343300747556067, 0.3333333333333333, 0.3333333333333333, 0.3333333333333333, 0.3333333333333333, 0.3333333333333333, 0.35833333333333334, 0.6636155606407322]
 mean: 0.44477210550363017, std: 0.16390053462586765
Accuracy Intime: [0.5294117647058824, 0.5294117647058824, 0.7058823529411765, 0.7058823529411765, 0.5, 0.6470588235294118, 0.5294117647058824, 0.5882352941176471, 0.5294117647058824, 0.5, 0.5294117647058824, 0.5294117647058824, 0.5294117647058824, 0.5882352941176471, 0.8125]
 mean: 0.5835784313725491, std: 0.08977884635794832
F1 (Intime): [0.34615384615384615, 0.34615384615384615, 0.7017543859649122, 0.7058823529411765, 0.3333333333333333, 0.6136363636363636, 0.34615384615384615, 0.5296442687747036, 0.34615384615384615, 0.3333333333333333, 0.34615384615384615, 0.34615384615384615, 0.34615384615384615, 0.5641025641025641, 0.8117647058823529]
 mean: 0.4677685487363774, std: 0.1640820494038958
--------------------------------------------------
Subject Number: 6
Accuracy Cross: [0.6904761904761905, 0.5238095238095238, 0.5, 0.5, 0.5, 0.5, 0.5, 0.5238095238095238, 0.5476190476190477, 0.5, 0.5, 0.5238095238095238, 0.5, 0.5, 0.6904761904761905]
 mean: 0.5333333333333333, std: 0.06317380553057905
F1 Score: [0.6676810712111991, 0.3841642228739003, 0.3333333333333333, 0.3333333333333333, 0.3333333333333333, 0.3333333333333333, 0.40203389830508474, 0.44297082228116713, 0.4589830508474576, 0.3333333333333333, 0.3333333333333333, 0.3841642228739003, 0.3333333333333333, 0.3333333333333333, 0.690300623936472]
 mean: 0.40646430526638977, std: 0.11450983286194633
Accuracy Intime: [0.7058823529411765, 0.5294117647058824, 0.5294117647058824, 0.5294117647058824, 0.5, 0.5294117647058824, 0.8235294117647058, 0.7058823529411765, 0.5294117647058824, 0.5, 0.5294117647058824, 0.5294117647058824, 0.5294117647058824, 0.5294117647058824, 0.75]
 mean: 0.5833333333333334, std: 0.10183816155821875
F1 (Intime): [0.6886446886446886, 0.34615384615384615, 0.34615384615384615, 0.34615384615384615, 0.3333333333333333, 0.34615384615384615, 0.8210526315789474, 0.6886446886446886, 0.34615384615384615, 0.3333333333333333, 0.34615384615384615, 0.34615384615384615, 0.34615384615384615, 0.34615384615384615, 0.75]
 mean: 0.44869288606130703, std: 0.1762262631345558
--------------------------------------------------
Subject Number: 7
Accuracy Cross: [0.5, 0.5, 0.5, 0.7142857142857143, 0.5, 0.5, 0.5, 0.5, 0.5, 0.5, 0.5952380952380952, 0.5714285714285714, 0.5, 0.5, 0.5]
 mean: 0.5253968253968254, std: 0.05797454719920532
F1 Score: [0.3333333333333333, 0.3333333333333333, 0.3333333333333333, 0.7116704805491991, 0.3333333333333333, 0.3333333333333333, 0.3333333333333333, 0.3333333333333333, 0.3333333333333333, 0.3333333333333333, 0.5757575757575757, 0.5625, 0.3333333333333333, 0.3333333333333333, 0.3333333333333333]
 mean: 0.38999520375378494, std: 0.1172653282081161
Accuracy Intime: [0.47058823529411764, 0.5294117647058824, 0.5294117647058824, 0.7058823529411765, 0.5, 0.5294117647058824, 0.5294117647058824, 0.5294117647058824, 0.5294117647058824, 0.5, 1.0, 0.6470588235294118, 0.5294117647058824, 0.5294117647058824, 0.5]
 mean: 0.5705882352941176, std: 0.12833778958394956
F1 (Intime): [0.32, 0.34615384615384615, 0.34615384615384615, 0.6886446886446886, 0.3333333333333333, 0.34615384615384615, 0.34615384615384615, 0.34615384615384615, 0.34615384615384615, 0.3333333333333333, 1.0, 0.6357142857142857, 0.34615384615384615, 0.34615384615384615, 0.3333333333333333]
 mean: 0.42757264957264957, std: 0.18804287016728674
--------------------------------------------------
Subject Number: 8
Accuracy Cross: [0.5, 0.5, 0.5, 0.7619047619047619, 0.5, 0.5714285714285714, 0.8333333333333334, 0.5, 0.5, 0.7857142857142857, 0.9523809523809523, 0.6428571428571429, 0.9523809523809523, 0.6904761904761905, 0.8333333333333334]
 mean: 0.6682539682539682, std: 0.16711202778732515
F1 Score: [0.3333333333333333, 0.3333333333333333, 0.3333333333333333, 0.7597254004576659, 0.3333333333333333, 0.475, 0.8324786324786324, 0.3333333333333333, 0.3333333333333333, 0.7826336975273145, 0.9522727272727273, 0.616555082166768, 0.9522727272727273, 0.6676810712111991, 0.8285714285714285]
 mean: 0.5911460511305643, std: 0.23934928604534997
Accuracy Intime: [0.5294117647058824, 0.5294117647058824, 0.5294117647058824, 0.6470588235294118, 0.5, 0.6470588235294118, 0.8823529411764706, 0.5294117647058824, 0.5294117647058824, 0.9375, 1.0, 0.8235294117647058, 0.9411764705882353, 0.7058823529411765, 0.9375]
 mean: 0.7112745098039215, std: 0.1823414106622284
F1 (Intime): [0.34615384615384615, 0.34615384615384615, 0.34615384615384615, 0.575, 0.3333333333333333, 0.6136363636363636, 0.8785714285714286, 0.34615384615384615, 0.34615384615384615, 0.9372549019607843, 1.0, 0.8210526315789474, 0.9403508771929825, 0.6640316205533596, 0.9372549019607843]
 mean: 0.6287503526371477, std: 0.2602049809361251
--------------------------------------------------
Subject Number: 9
Accuracy Cross: [0.5, 0.5, 0.5, 0.5, 0.5, 0.5, 0.5, 0.47619047619047616, 0.5, 0.5, 0.5, 0.5238095238095238, 0.5, 0.5, 0.5]
 mean: 0.5, std: 0.00869400884928836
F1 Score: [0.3333333333333333, 0.3333333333333333, 0.3333333333333333, 0.3333333333333333, 0.3333333333333333, 0.3333333333333333, 0.3333333333333333, 0.35833333333333334, 0.3333333333333333, 0.3333333333333333, 0.3333333333333333, 0.5194508009153318, 0.3333333333333333, 0.3333333333333333, 0.3333333333333333]
 mean: 0.3474078311721332, std: 0.046399238066962924
Accuracy Intime: [0.5294117647058824, 0.5294117647058824, 0.5294117647058824, 0.5294117647058824, 0.5, 0.5294117647058824, 0.5294117647058824, 0.6470588235294118, 0.5294117647058824, 0.5, 0.5294117647058824, 0.47058823529411764, 0.5294117647058824, 0.5294117647058824, 0.5]
 mean: 0.5274509803921569, std: 0.036367131354885125
F1 (Intime): [0.34615384615384615, 0.34615384615384615, 0.34615384615384615, 0.34615384615384615, 0.3333333333333333, 0.34615384615384615, 0.34615384615384615, 0.575, 0.34615384615384615, 0.3333333333333333, 0.34615384615384615, 0.47058823529411764, 0.34615384615384615, 0.34615384615384615, 0.3333333333333333]
 mean: 0.3671417797888386, std: 0.06415615096716766
--------------------------------------------------
Subject Number: 10
Accuracy Cross: [0.47619047619047616, 0.5, 0.5714285714285714, 0.5, 0.5, 0.6190476190476191, 0.5, 0.5, 0.5714285714285714, 0.5238095238095238, 0.5, 0.5, 0.5, 0.5714285714285714, 0.5]
 mean: 0.5222222222222221, std: 0.03933178315353609
F1 Score: [0.4296296296296296, 0.3333333333333333, 0.5552941176470588, 0.3333333333333333, 0.3333333333333333, 0.5851851851851853, 0.3333333333333333, 0.3333333333333333, 0.5456730769230769, 0.44297082228116713, 0.3333333333333333, 0.3333333333333333, 0.3333333333333333, 0.475, 0.3333333333333333]
 mean: 0.4022501887777411, std: 0.09234136574131269
Accuracy Intime: [0.7058823529411765, 0.5294117647058824, 0.6470588235294118, 0.5294117647058824, 0.5, 1.0, 0.5294117647058824, 0.5294117647058824, 0.6470588235294118, 0.625, 0.5294117647058824, 0.5294117647058824, 0.5294117647058824, 0.6470588235294118, 0.5]
 mean: 0.5985294117647059, std: 0.12471998625386765
F1 (Intime): [0.6640316205533596, 0.34615384615384615, 0.6357142857142857, 0.34615384615384615, 0.3333333333333333, 1.0, 0.34615384615384615, 0.34615384615384615, 0.575, 0.5636363636363637, 0.34615384615384615, 0.34615384615384615, 0.34615384615384615, 0.6136363636363636, 0.3333333333333333]
 mean: 0.476117481552264, std: 0.18807675001142407
--------------------------------------------------
Subject Number: 11
Accuracy Cross: [0.6190476190476191, 0.5238095238095238, 0.5, 0.5, 0.6904761904761905, 0.6428571428571429, 0.5, 0.5952380952380952, 0.5, 0.47619047619047616, 0.5, 0.8095238095238095, 0.5, 0.7619047619047619, 0.5]
 mean: 0.5746031746031746, std: 0.10391674478306609
F1 Score: [0.5543766578249337, 0.3841642228739003, 0.3333333333333333, 0.3333333333333333, 0.690300623936472, 0.5906432748538011, 0.3333333333333333, 0.5894192064404831, 0.3333333333333333, 0.4296296296296296, 0.3333333333333333, 0.8055555555555556, 0.3333333333333333, 0.7569444444444444, 0.3333333333333333]
 mean: 0.47562446325950347, std: 0.16706678306739534
Accuracy Intime: [0.7647058823529411, 0.5294117647058824, 0.5294117647058824, 0.5294117647058824, 0.875, 0.6470588235294118, 0.5294117647058824, 0.5882352941176471, 0.5294117647058824, 0.5625, 0.5294117647058824, 0.8823529411764706, 0.5294117647058824, 0.6470588235294118, 0.5]
 mean: 0.6115196078431372, std: 0.12418757516535922
F1 (Intime): [0.7424242424242424, 0.43333333333333335, 0.34615384615384615, 0.34615384615384615, 0.873015873015873, 0.6136363636363636, 0.34615384615384615, 0.5641025641025641, 0.34615384615384615, 0.45893719806763283, 0.34615384615384615, 0.8785714285714286, 0.34615384615384615, 0.6136363636363636, 0.3333333333333333]
 mean: 0.505860918469614, std: 0.19088691611135686
--------------------------------------------------
Subject Number: 12
Accuracy Cross: [0.5, 0.4523809523809524, 0.5, 0.5, 0.5, 0.5, 0.5, 0.5, 0.5476190476190477, 0.5, 0.5, 0.5, 0.3333333333333333, 0.5, 0.5]
 mean: 0.4888888888888889, std: 0.04506371290977267
F1 Score: [0.3333333333333333, 0.3114754098360656, 0.3333333333333333, 0.3333333333333333, 0.3333333333333333, 0.3333333333333333, 0.3333333333333333, 0.3333333333333333, 0.49968652037617556, 0.3333333333333333, 0.3333333333333333, 0.3333333333333333, 0.3318181818181818, 0.3333333333333333, 0.3333333333333333]
 mean: 0.3428653408020282, std: 0.042261534794095605
Accuracy Intime: [0.5294117647058824, 0.5882352941176471, 0.5294117647058824, 0.5294117647058824, 0.5, 0.5294117647058824, 0.5294117647058824, 0.5294117647058824, 0.5882352941176471, 0.5, 0.5294117647058824, 0.5294117647058824, 0.5294117647058824, 0.5294117647058824, 0.5]
 mean: 0.5313725490196078, std: 0.025110291127187646
F1 (Intime): [0.34615384615384615, 0.5824561403508772, 0.34615384615384615, 0.34615384615384615, 0.3333333333333333, 0.34615384615384615, 0.34615384615384615, 0.34615384615384615, 0.4711111111111111, 0.3333333333333333, 0.34615384615384615, 0.34615384615384615, 0.34615384615384615, 0.34615384615384615, 0.3333333333333333]
 mean: 0.36767371420002987, std: 0.06582786550007816
--------------------------------------------------
Subject Number: 13
Accuracy Cross: [0.5714285714285714, 0.6428571428571429, 0.5, 0.5, 0.5, 0.5, 0.7619047619047619, 0.8333333333333334, 0.7857142857142857, 0.5, 0.5, 0.5, 0.7619047619047619, 0.5, 0.5]
 mean: 0.5904761904761905, std: 0.1245399698154478
F1 Score: [0.475, 0.6050156739811913, 0.3333333333333333, 0.3333333333333333, 0.3333333333333333, 0.3333333333333333, 0.7619047619047619, 0.8309373202990225, 0.7754010695187166, 0.3333333333333333, 0.3333333333333333, 0.3333333333333333, 0.7597254004576659, 0.3333333333333333, 0.3333333333333333]
 mean: 0.4805322817440904, std: 0.19619464110594995
Accuracy Intime: [0.8235294117647058, 0.8235294117647058, 0.5294117647058824, 0.5294117647058824, 0.5, 0.5294117647058824, 0.8235294117647058, 0.6470588235294118, 0.7647058823529411, 0.5, 0.5294117647058824, 0.5294117647058824, 0.7647058823529411, 0.5294117647058824, 0.5]
 mean: 0.6215686274509803, std: 0.1314749381509036
F1 (Intime): [0.8210526315789474, 0.8235294117647058, 0.34615384615384615, 0.34615384615384615, 0.3333333333333333, 0.34615384615384615, 0.8210526315789474, 0.6458333333333333, 0.7424242424242424, 0.3333333333333333, 0.34615384615384615, 0.34615384615384615, 0.7638888888888888, 0.34615384615384615, 0.3333333333333333]
 mean: 0.512980281099476, std: 0.21343428919474353
--------------------------------------------------
Subject Number: 14
Accuracy Cross: [0.5, 0.5, 0.7857142857142857, 0.5476190476190477, 0.5, 0.5, 0.8095238095238095, 0.8333333333333334, 0.9047619047619048, 0.5714285714285714, 0.38095238095238093, 0.5, 0.6666666666666666, 0.7857142857142857, 0.7142857142857143]
 mean: 0.6333333333333333, std: 0.1554745496887096
F1 Score: [0.3333333333333333, 0.3333333333333333, 0.7826336975273145, 0.48148148148148145, 0.3333333333333333, 0.3333333333333333, 0.8090909090909091, 0.8324786324786324, 0.9038901601830663, 0.5178571428571429, 0.35764705882352943, 0.3333333333333333, 0.6466346153846154, 0.7846153846153847, 0.7142857142857143]
 mean: 0.5664854308929639, std: 0.2146352982088676
Accuracy Intime: [0.5294117647058824, 0.5294117647058824, 1.0, 1.0, 0.5, 0.5294117647058824, 0.7647058823529411, 0.9411764705882353, 1.0, 0.875, 0.5882352941176471, 0.5294117647058824, 1.0, 0.9411764705882353, 0.875]
 mean: 0.7735294117647059, std: 0.2048679491426819
F1 (Intime): [0.34615384615384615, 0.34615384615384615, 1.0, 1.0, 0.3333333333333333, 0.34615384615384615, 0.7638888888888888, 0.9411764705882353, 1.0, 0.873015873015873, 0.5641025641025641, 0.34615384615384615, 1.0, 0.9411764705882353, 0.873015873015873]
 mean: 0.7116216572098926, std: 0.2818980868842952
--------------------------------------------------
**************************************************
accuracy_cross_list: [0.5111111111111111, 0.8269841269841272, 0.5047619047619047, 0.6, 0.5603174603174603, 0.5333333333333333, 0.5253968253968254, 0.6682539682539682, 0.5, 0.5222222222222221, 0.5746031746031746, 0.4888888888888889, 0.5904761904761905, 0.6333333333333333]
f1_score_list: [0.3677292801348202, 0.8012964410302217, 0.3478277958666721, 0.4891724536309085, 0.44477210550363017, 0.40646430526638977, 0.38999520375378494, 0.5911460511305643, 0.3474078311721332, 0.4022501887777411, 0.47562446325950347, 0.3428653408020282, 0.4805322817440904, 0.5664854308929639]
accuracy_intime_list: [0.5588235294117647, 0.8772058823529412, 0.5313725490196078, 0.6301470588235295, 0.5835784313725491, 0.5833333333333334, 0.5705882352941176, 0.7112745098039215, 0.5274509803921569, 0.5985294117647059, 0.6115196078431372, 0.5313725490196078, 0.6215686274509803, 0.7735294117647059]
f1_score_intime_list: [0.4141842617929574, 0.8481251786905307, 0.3641529227616183, 0.5089286785339416, 0.4677685487363774, 0.44869288606130703, 0.42757264957264957, 0.6287503526371477, 0.3671417797888386, 0.476117481552264, 0.505860918469614, 0.36767371420002987, 0.512980281099476, 0.7116216572098926]
**************************************************
ACC: 57.43±8.69
F1: 46.10±12.11
Intime: 62.22±9.70
F1 (Intime): 50.35±13.45
