1e-03
Subject Number: 1
Accuracy Cross: [0.21904761904761905, 0.21904761904761905, 0.2, 0.2, 0.2, 0.24761904761904763, 0.2, 0.18095238095238095, 0.2, 0.2, 0.2, 0.2, 0.2, 0.2, 0.2]
 mean: 0.20444444444444448, std: 0.01428218651327237
F1 Score: [0.12244897959183673, 0.10837606837606839, 0.06666666666666667, 0.06774193548387096, 0.06666666666666667, 0.2066589861751152, 0.06666666666666667, 0.06333333333333332, 0.06666666666666667, 0.06666666666666667, 0.06666666666666667, 0.06666666666666667, 0.06666666666666667, 0.06666666666666667, 0.06666666666666667]
 mean: 0.08234839797512608, std: 0.037213534284605825
Accuracy Intime: [0.38095238095238093, 0.2619047619047619, 0.23809523809523808, 0.21428571428571427, 0.23809523809523808, 0.30952380952380953, 0.23809523809523808, 0.23809523809523808, 0.23809523809523808, 0.23809523809523808, 0.23809523809523808, 0.23809523809523808, 0.23809523809523808, 0.23809523809523808, 0.23809523809523808]
 mean: 0.2523809523809524, std: 0.03965078094221205
F1 (Intime): [0.22400000000000003, 0.16039279869067102, 0.07692307692307693, 0.07058823529411765, 0.07692307692307693, 0.24503496503496508, 0.07692307692307693, 0.0784313725490196, 0.07692307692307693, 0.07692307692307693, 0.07692307692307693, 0.07692307692307693, 0.07692307692307693, 0.07692307692307693, 0.07692307692307693]
 mean: 0.10317854271996948, std: 0.05571510004134786
--------------------------------------------------
Subject Number: 2
Accuracy Cross: [0.44761904761904764, 0.4095238095238095, 0.38095238095238093, 0.37142857142857144, 0.41904761904761906, 0.4857142857142857, 0.41904761904761906, 0.26666666666666666, 0.3904761904761905, 0.2, 0.41904761904761906, 0.3619047619047619, 0.3238095238095238, 0.45714285714285713, 0.44761904761904764]
 mean: 0.38666666666666666, std: 0.07301311243918755
F1 Score: [0.38006610729722856, 0.38269981540395115, 0.3161740558292282, 0.32101503916138063, 0.38972110996099, 0.3691386413720418, 0.36328205128205127, 0.1432183908045977, 0.33908292256118344, 0.06720000000000001, 0.3652631591576891, 0.27722107831922516, 0.2327607667413493, 0.371255060728745, 0.37835956099240875]
 mean: 0.313097183974138, std: 0.09274885187328107
Accuracy Intime: [0.5238095238095238, 0.5, 0.4523809523809524, 0.47619047619047616, 0.5, 0.47619047619047616, 0.6190476190476191, 0.35714285714285715, 0.4523809523809524, 0.19047619047619047, 0.5, 0.5238095238095238, 0.42857142857142855, 0.4523809523809524, 0.4523809523809524]
 mean: 0.4603174603174604, std: 0.0906292217372711
F1 (Intime): [0.445807453416149, 0.4308300395256917, 0.38492968545279854, 0.42987012987012985, 0.48853801169590644, 0.3601630338472444, 0.5361038961038961, 0.26392621870882743, 0.3738528138528138, 0.064, 0.4422631578947368, 0.40444444444444444, 0.35119236883942767, 0.3433684210526316, 0.3512099154042888]
 mean: 0.37803330600726587, std: 0.10543618046333249
--------------------------------------------------
Subject Number: 3
Accuracy Cross: [0.2, 0.21904761904761905, 0.2, 0.2, 0.2, 0.2, 0.2, 0.2, 0.2, 0.2, 0.2, 0.2761904761904762, 0.2, 0.24761904761904763, 0.2]
 mean: 0.20952380952380956, std: 0.021717627144745486
F1 Score: [0.06666666666666667, 0.11028622540250446, 0.06666666666666667, 0.06666666666666667, 0.06666666666666667, 0.06666666666666667, 0.06666666666666667, 0.06666666666666667, 0.06666666666666667, 0.06666666666666667, 0.06666666666666667, 0.15744996293550778, 0.06666666666666667, 0.13631878557874763, 0.1494133991972831]
 mean: 0.08578678042982507, std: 0.03302426476036434
Accuracy Intime: [0.23809523809523808, 0.2857142857142857, 0.23809523809523808, 0.23809523809523808, 0.23809523809523808, 0.19047619047619047, 0.21428571428571427, 0.23809523809523808, 0.23809523809523808, 0.23809523809523808, 0.19047619047619047, 0.3333333333333333, 0.23809523809523808, 0.2619047619047619, 0.30952380952380953]
 mean: 0.24603174603174605, std: 0.037562411321267405
F1 (Intime): [0.07692307692307693, 0.16872727272727273, 0.07692307692307693, 0.07692307692307693, 0.07692307692307693, 0.064, 0.10166975881261595, 0.07692307692307693, 0.07692307692307693, 0.07692307692307693, 0.064, 0.18316498316498314, 0.07692307692307693, 0.14421052631578948, 0.2250438596491228]
 mean: 0.1044134010702933, std: 0.048848992758908624
--------------------------------------------------
Subject Number: 4
Accuracy Cross: [0.18095238095238095, 0.29523809523809524, 0.2, 0.2, 0.2, 0.2, 0.2, 0.21904761904761905, 0.20952380952380953, 0.2, 0.26666666666666666, 0.26666666666666666, 0.19047619047619047, 0.19047619047619047, 0.2571428571428571]
 mean: 0.21841269841269842, std: 0.033800207375761684
F1 Score: [0.06846846846846846, 0.16706061761341975, 0.06666666666666667, 0.06666666666666667, 0.06666666666666667, 0.08211570247933885, 0.06666666666666667, 0.1439291663013939, 0.11986531986531986, 0.06666666666666667, 0.14753796594569718, 0.1931317286885903, 0.08707616707616708, 0.11206477732793522, 0.17272660007399185]
 mean: 0.10848732314491039, std: 0.04408005603754227
Accuracy Intime: [0.23809523809523808, 0.3333333333333333, 0.23809523809523808, 0.23809523809523808, 0.23809523809523808, 0.2857142857142857, 0.23809523809523808, 0.30952380952380953, 0.30952380952380953, 0.23809523809523808, 0.30952380952380953, 0.3333333333333333, 0.2857142857142857, 0.2857142857142857, 0.2857142857142857]
 mean: 0.27777777777777773, std: 0.03549314249999667
F1 (Intime): [0.1357045143638851, 0.18285714285714286, 0.07692307692307693, 0.07692307692307693, 0.07692307692307693, 0.16163265306122448, 0.07692307692307693, 0.20649572649572648, 0.1797979797979798, 0.07692307692307693, 0.1873015873015873, 0.20648567119155353, 0.14664484451718493, 0.16, 0.20938792390405295]
 mean: 0.1440615618737148, std: 0.051569621442766216
--------------------------------------------------
Subject Number: 5
Accuracy Cross: [0.2, 0.13333333333333333, 0.2, 0.2, 0.2, 0.2761904761904762, 0.2, 0.2, 0.2, 0.2571428571428571, 0.2, 0.23809523809523808, 0.2, 0.19047619047619047, 0.2]
 mean: 0.2063492063492064, std: 0.031039762696076997
F1 Score: [0.06666666666666667, 0.06286631874749096, 0.06666666666666667, 0.06666666666666667, 0.06666666666666667, 0.20539408866995074, 0.06666666666666667, 0.06666666666666667, 0.06666666666666667, 0.14464353793366375, 0.08186874304783093, 0.18037942449707153, 0.06666666666666667, 0.1418982238204206, 0.06666666666666667]
 mean: 0.0944700224477619, std: 0.04659486054183448
Accuracy Intime: [0.23809523809523808, 0.2857142857142857, 0.23809523809523808, 0.23809523809523808, 0.23809523809523808, 0.40476190476190477, 0.23809523809523808, 0.23809523809523808, 0.23809523809523808, 0.2619047619047619, 0.23809523809523808, 0.38095238095238093, 0.23809523809523808, 0.2619047619047619, 0.23809523809523808]
 mean: 0.2650793650793651, std: 0.05206736338684675
F1 (Intime): [0.07692307692307693, 0.1626321974148061, 0.07692307692307693, 0.07692307692307693, 0.07692307692307693, 0.32628547922665574, 0.07692307692307693, 0.07692307692307693, 0.07692307692307693, 0.1544186046511628, 0.08333333333333334, 0.27972027972027974, 0.07692307692307693, 0.21689708141321043, 0.07692307692307693]
 mean: 0.12770631120447604, std: 0.08066791322343685
--------------------------------------------------
Subject Number: 6
Accuracy Cross: [0.23809523809523808, 0.2, 0.2, 0.2, 0.2, 0.2, 0.2, 0.2, 0.21904761904761905, 0.2, 0.2, 0.2, 0.2, 0.26666666666666666, 0.2]
 mean: 0.2082539682539683, std: 0.01868436694547575
F1 Score: [0.13752345215759848, 0.06666666666666667, 0.06666666666666667, 0.06666666666666667, 0.06666666666666667, 0.06666666666666667, 0.06666666666666667, 0.06666666666666667, 0.1147653895824365, 0.06666666666666667, 0.06666666666666667, 0.06666666666666667, 0.06666666666666667, 0.17258191349934468, 0.06666666666666667]
 mean: 0.08165805034929198, std: 0.03181308633991969
Accuracy Intime: [0.2857142857142857, 0.23809523809523808, 0.23809523809523808, 0.23809523809523808, 0.23809523809523808, 0.23809523809523808, 0.23809523809523808, 0.23809523809523808, 0.2857142857142857, 0.23809523809523808, 0.23809523809523808, 0.23809523809523808, 0.23809523809523808, 0.2857142857142857, 0.23809523809523808]
 mean: 0.2476190476190476, std: 0.019047619047619046
F1 (Intime): [0.18, 0.07692307692307693, 0.07692307692307693, 0.07692307692307693, 0.07692307692307693, 0.07692307692307693, 0.07692307692307693, 0.07692307692307693, 0.16484848484848486, 0.07692307692307693, 0.07692307692307693, 0.07692307692307693, 0.07692307692307693, 0.22310057092665786, 0.07692307692307693]
 mean: 0.09940173192347103, std: 0.046292000909891606
--------------------------------------------------
Subject Number: 7
Accuracy Cross: [0.2, 0.20952380952380953, 0.2, 0.2, 0.2, 0.3047619047619048, 0.20952380952380953, 0.2, 0.23809523809523808, 0.2, 0.20952380952380953, 0.2, 0.2, 0.2571428571428571, 0.2]
 mean: 0.2152380952380953, std: 0.028845248740572815
F1 Score: [0.06666666666666667, 0.11318681318681319, 0.06666666666666667, 0.06666666666666667, 0.06666666666666667, 0.18186813186813186, 0.1086977886977887, 0.06666666666666667, 0.12535612535612534, 0.06666666666666667, 0.12603215993046502, 0.06666666666666667, 0.06666666666666667, 0.1431578947368421, 0.06666666666666667]
 mean: 0.09321992758507774, std: 0.036005188680148556
Accuracy Intime: [0.23809523809523808, 0.2857142857142857, 0.23809523809523808, 0.23809523809523808, 0.23809523809523808, 0.2857142857142857, 0.2619047619047619, 0.23809523809523808, 0.2857142857142857, 0.23809523809523808, 0.3333333333333333, 0.19047619047619047, 0.23809523809523808, 0.30952380952380953, 0.23809523809523808]
 mean: 0.2571428571428571, std: 0.03499271061118826
F1 (Intime): [0.07692307692307693, 0.14008207934336525, 0.07692307692307693, 0.07692307692307693, 0.07692307692307693, 0.15555555555555553, 0.15527950310559008, 0.07692307692307693, 0.17216642754662842, 0.07692307692307693, 0.23272727272727273, 0.064, 0.07692307692307693, 0.1732142857142857, 0.07692307692307693]
 mean: 0.1138939826251542, std: 0.050724342516557296
--------------------------------------------------
Subject Number: 8
Accuracy Cross: [0.2, 0.3047619047619048, 0.37142857142857144, 0.2, 0.3619047619047619, 0.3333333333333333, 0.2, 0.2, 0.24761904761904763, 0.3238095238095238, 0.42857142857142855, 0.2857142857142857, 0.3523809523809524, 0.37142857142857144, 0.38095238095238093]
 mean: 0.30412698412698413, std: 0.07494753350869886
F1 Score: [0.06666666666666667, 0.24926829268292683, 0.3363166065021884, 0.06666666666666667, 0.2788516815176775, 0.27188339087073266, 0.06666666666666667, 0.06666666666666667, 0.1309941520467836, 0.26563049853372434, 0.3211304716408335, 0.19179487179487179, 0.2381461675579323, 0.32940013183915623, 0.3036972717205275]
 mean: 0.2122520135582681, std: 0.10132967912083965
Accuracy Intime: [0.19047619047619047, 0.40476190476190477, 0.38095238095238093, 0.23809523809523808, 0.47619047619047616, 0.47619047619047616, 0.30952380952380953, 0.23809523809523808, 0.2619047619047619, 0.40476190476190477, 0.5476190476190477, 0.3333333333333333, 0.30952380952380953, 0.5, 0.42857142857142855]
 mean: 0.36666666666666664, std: 0.10461750510021639
F1 (Intime): [0.064, 0.35964912280701755, 0.3346778711484594, 0.07692307692307693, 0.3845130066545674, 0.3934183463595229, 0.1904591532498509, 0.07692307692307693, 0.14421052631578948, 0.36333333333333334, 0.4035185185185185, 0.2261904761904762, 0.18725490196078431, 0.4412698412698412, 0.330952380952381]
 mean: 0.2651529088404464, std: 0.12850657881859365
--------------------------------------------------
Subject Number: 9
Accuracy Cross: [0.2, 0.2, 0.2, 0.2, 0.2, 0.2, 0.23809523809523808, 0.2, 0.2, 0.19047619047619047, 0.20952380952380953, 0.22857142857142856, 0.2, 0.2, 0.2]
 mean: 0.20444444444444448, std: 0.011979658580389333
F1 Score: [0.06666666666666667, 0.06666666666666667, 0.06666666666666667, 0.06666666666666667, 0.06666666666666667, 0.06666666666666667, 0.13650793650793652, 0.06666666666666667, 0.06666666666666667, 0.10776583034647551, 0.09837398373983738, 0.11444444444444443, 0.06666666666666667, 0.06666666666666667, 0.06666666666666667]
 mean: 0.07936170189146849, std: 0.022267398356038675
Accuracy Intime: [0.23809523809523808, 0.23809523809523808, 0.23809523809523808, 0.23809523809523808, 0.23809523809523808, 0.23809523809523808, 0.2619047619047619, 0.23809523809523808, 0.23809523809523808, 0.2857142857142857, 0.19047619047619047, 0.19047619047619047, 0.23809523809523808, 0.23809523809523808, 0.23809523809523808]
 mean: 0.2365079365079365, std: 0.02210855282092717
F1 (Intime): [0.07692307692307693, 0.07692307692307693, 0.07692307692307693, 0.07692307692307693, 0.07692307692307693, 0.07692307692307693, 0.15149342891278375, 0.07692307692307693, 0.07692307692307693, 0.1657142857142857, 0.064, 0.06530612244897958, 0.07692307692307693, 0.07692307692307693, 0.07692307692307693]
 mean: 0.08617784554865968, std: 0.028823386995273766
--------------------------------------------------
Subject Number: 10
Accuracy Cross: [0.20952380952380953, 0.3142857142857143, 0.20952380952380953, 0.2, 0.2, 0.23809523809523808, 0.2, 0.2, 0.2, 0.2, 0.21904761904761905, 0.20952380952380953, 0.2, 0.23809523809523808, 0.2]
 mean: 0.2158730158730159, std: 0.02923394141770498
F1 Score: [0.08480610298792117, 0.18060200668896323, 0.11617014233697451, 0.06666666666666667, 0.06666666666666667, 0.15406976744186046, 0.06666666666666667, 0.06666666666666667, 0.06666666666666667, 0.06666666666666667, 0.10252454417952314, 0.11159909909909911, 0.06666666666666667, 0.13491475166790215, 0.06666666666666667]
 mean: 0.09453464984903846, std: 0.03625221064999323
Accuracy Intime: [0.23809523809523808, 0.2857142857142857, 0.2857142857142857, 0.23809523809523808, 0.23809523809523808, 0.38095238095238093, 0.19047619047619047, 0.23809523809523808, 0.23809523809523808, 0.23809523809523808, 0.21428571428571427, 0.3333333333333333, 0.23809523809523808, 0.23809523809523808, 0.2619047619047619]
 mean: 0.2571428571428572, std: 0.04616837959444122
F1 (Intime): [0.07692307692307693, 0.16225930680359435, 0.22058823529411767, 0.07692307692307693, 0.07692307692307693, 0.3124060150375939, 0.064, 0.07692307692307693, 0.07692307692307693, 0.12962356792144028, 0.10975056689342404, 0.18714090287277702, 0.07692307692307693, 0.13653846153846155, 0.15527950310559008]
 mean: 0.12927500140036402, std: 0.06739287231664014
--------------------------------------------------
Subject Number: 11
Accuracy Cross: [0.21904761904761905, 0.2, 0.2, 0.2, 0.42857142857142855, 0.26666666666666666, 0.2, 0.21904761904761905, 0.29523809523809524, 0.22857142857142856, 0.2, 0.2, 0.2, 0.2, 0.2]
 mean: 0.23047619047619056, std: 0.05964875774759641
F1 Score: [0.10019071837253657, 0.06666666666666667, 0.06666666666666667, 0.06666666666666667, 0.35062506167123353, 0.16197938144329896, 0.06666666666666667, 0.1091759205143191, 0.24754330636683575, 0.12997938144329896, 0.06666666666666667, 0.06666666666666667, 0.06666666666666667, 0.06666666666666667, 0.06666666666666667]
 mean: 0.11329958465410153, std: 0.08031322242254296
Accuracy Intime: [0.2619047619047619, 0.23809523809523808, 0.23809523809523808, 0.23809523809523808, 0.30952380952380953, 0.35714285714285715, 0.19047619047619047, 0.21428571428571427, 0.40476190476190477, 0.2857142857142857, 0.23809523809523808, 0.19047619047619047, 0.23809523809523808, 0.23809523809523808, 0.23809523809523808]
 mean: 0.25873015873015875, std: 0.056921971673146374
F1 (Intime): [0.16763298620883763, 0.07692307692307693, 0.07692307692307693, 0.07692307692307693, 0.2649206349206349, 0.20542986425339366, 0.064, 0.10666666666666666, 0.3716666666666667, 0.16, 0.07692307692307693, 0.064, 0.07692307692307693, 0.07692307692307693, 0.07692307692307693]
 mean: 0.12951855714518254, std: 0.08701928811351647
--------------------------------------------------
Subject Number: 12
Accuracy Cross: [0.2, 0.2, 0.2, 0.2, 0.2, 0.2, 0.26666666666666666, 0.2, 0.2761904761904762, 0.2, 0.24761904761904763, 0.26666666666666666, 0.2571428571428571, 0.2, 0.2857142857142857]
 mean: 0.22666666666666668, std: 0.033572835724196275
F1 Score: [0.06666666666666667, 0.06666666666666667, 0.09296296296296296, 0.06666666666666667, 0.06666666666666667, 0.06666666666666667, 0.14957264957264957, 0.06666666666666667, 0.15719298245614036, 0.06666666666666667, 0.14910554561717354, 0.17518193073044055, 0.158974358974359, 0.06666666666666667, 0.1645484949832776]
 mean: 0.10539148390868913, std: 0.04467589407105779
Accuracy Intime: [0.19047619047619047, 0.19047619047619047, 0.35714285714285715, 0.23809523809523808, 0.23809523809523808, 0.23809523809523808, 0.2619047619047619, 0.23809523809523808, 0.23809523809523808, 0.23809523809523808, 0.30952380952380953, 0.2619047619047619, 0.3333333333333333, 0.23809523809523808, 0.2619047619047619]
 mean: 0.2555555555555556, std: 0.04472699302731864
F1 (Intime): [0.064, 0.064, 0.20180995475113123, 0.07692307692307693, 0.07692307692307693, 0.07692307692307693, 0.14524089306698001, 0.07692307692307693, 0.13904761904761903, 0.07692307692307693, 0.17142857142857143, 0.11799628942486087, 0.18687430478309233, 0.07692307692307693, 0.1544186046511628]
 mean: 0.11375697991279196, std: 0.046775782399088583
--------------------------------------------------
Subject Number: 13
Accuracy Cross: [0.19047619047619047, 0.2, 0.2, 0.24761904761904763, 0.2, 0.3238095238095238, 0.22857142857142856, 0.2, 0.2, 0.2, 0.2, 0.3142857142857143, 0.2, 0.2571428571428571, 0.2]
 mean: 0.22412698412698415, std: 0.04171191798262055
F1 Score: [0.1625443339729054, 0.1089655172413793, 0.10857142857142858, 0.13961840628507294, 0.11898835808912082, 0.19313725490196082, 0.13031941031941033, 0.06666666666666667, 0.06666666666666667, 0.06666666666666667, 0.06666666666666667, 0.21215619694397284, 0.06666666666666667, 0.14448160535117055, 0.06666666666666667]
 mean: 0.11458550077842812, std: 0.047344745749597565
Accuracy Intime: [0.3333333333333333, 0.23809523809523808, 0.2857142857142857, 0.2619047619047619, 0.23809523809523808, 0.2857142857142857, 0.2857142857142857, 0.23809523809523808, 0.23809523809523808, 0.19047619047619047, 0.23809523809523808, 0.38095238095238093, 0.23809523809523808, 0.30952380952380953, 0.23809523809523808]
 mean: 0.26666666666666666, std: 0.04616837959444123
F1 (Intime): [0.24321839080459773, 0.1222222222222222, 0.1736842105263158, 0.1548076923076923, 0.12272727272727273, 0.16111111111111112, 0.17777777777777776, 0.07692307692307693, 0.07692307692307693, 0.064, 0.07692307692307693, 0.25999999999999995, 0.07692307692307693, 0.18269230769230768, 0.07692307692307693]
 mean: 0.1364570913189788, std: 0.06120948032148953
--------------------------------------------------
Subject Number: 14
Accuracy Cross: [0.26666666666666666, 0.3238095238095238, 0.21904761904761905, 0.21904761904761905, 0.2, 0.21904761904761905, 0.26666666666666666, 0.3047619047619048, 0.2, 0.2, 0.2, 0.2, 0.2, 0.2, 0.2]
 mean: 0.22793650793650802, std: 0.04047587923938852
F1 Score: [0.1906699751861042, 0.1824390243902439, 0.13916666666666666, 0.13110811850711812, 0.06666666666666667, 0.10252454417952314, 0.15571868340042622, 0.20343161752457103, 0.06666666666666667, 0.06666666666666667, 0.06666666666666667, 0.06666666666666667, 0.06666666666666667, 0.06666666666666667, 0.08296507483962937]
 mean: 0.11031269142406327, std: 0.05020007759045337
Accuracy Intime: [0.38095238095238093, 0.35714285714285715, 0.30952380952380953, 0.35714285714285715, 0.23809523809523808, 0.23809523809523808, 0.2619047619047619, 0.2619047619047619, 0.23809523809523808, 0.23809523809523808, 0.23809523809523808, 0.19047619047619047, 0.23809523809523808, 0.23809523809523808, 0.23809523809523808]
 mean: 0.2682539682539683, std: 0.05392154841734296
F1 (Intime): [0.2763095238095238, 0.20542986425339366, 0.21028462998102468, 0.23174603174603173, 0.07692307692307693, 0.13333333333333333, 0.13181818181818183, 0.2077272727272727, 0.07692307692307693, 0.07692307692307693, 0.07692307692307693, 0.064, 0.07692307692307693, 0.07692307692307693, 0.14666666666666667]
 mean: 0.13792359772492596, std: 0.06857839753733294
--------------------------------------------------
**************************************************
accuracy_cross_list: [0.20444444444444448, 0.38666666666666666, 0.20952380952380956, 0.21841269841269842, 0.2063492063492064, 0.2082539682539683, 0.2152380952380953, 0.30412698412698413, 0.20444444444444448, 0.2158730158730159, 0.23047619047619056, 0.22666666666666668, 0.22412698412698415, 0.22793650793650802]
f1_score_list: [0.08234839797512608, 0.313097183974138, 0.08578678042982507, 0.10848732314491039, 0.0944700224477619, 0.08165805034929198, 0.09321992758507774, 0.2122520135582681, 0.07936170189146849, 0.09453464984903846, 0.11329958465410153, 0.10539148390868913, 0.11458550077842812, 0.11031269142406327]
accuracy_intime_list: [0.2523809523809524, 0.4603174603174604, 0.24603174603174605, 0.27777777777777773, 0.2650793650793651, 0.2476190476190476, 0.2571428571428571, 0.36666666666666664, 0.2365079365079365, 0.2571428571428572, 0.25873015873015875, 0.2555555555555556, 0.26666666666666666, 0.2682539682539683]
f1_score_intime_list: [0.10317854271996948, 0.37803330600726587, 0.1044134010702933, 0.1440615618737148, 0.12770631120447604, 0.09940173192347103, 0.1138939826251542, 0.2651529088404464, 0.08617784554865968, 0.12927500140036402, 0.12951855714518254, 0.11375697991279196, 0.1364570913189788, 0.13792359772492596]
**************************************************
ACC: 23.45±4.86
F1: 12.06±6.21
Intime: 27.97±5.83
F1 (Intime): 14.78±7.58
