1e-06
Subject Number: 1
Accuracy Cross: [0.5625, 0.5625, 0.5625, 0.5625, 0.5625, 0.5454545454545454, 0.5454545454545454, 0.5454545454545454, 0.5454545454545454, 0.5454545454545454, 0.5625, 0.5625, 0.5625, 0.5625, 0.5625]
 mean: 0.5568181818181818, std: 0.00803530433166533
F1 Score: [0.36, 0.36, 0.36, 0.36, 0.36, 0.35294117647058826, 0.35294117647058826, 0.35294117647058826, 0.35294117647058826, 0.35294117647058826, 0.36, 0.36, 0.36, 0.36, 0.36]
 mean: 0.3576470588235295, std: 0.003327561323230795
Accuracy Intime: [0.5714285714285714, 0.5714285714285714, 0.6666666666666666, 0.5, 0.5, 0.5714285714285714, 0.5714285714285714, 0.6666666666666666, 0.5, 0.5, 0.5714285714285714, 0.5714285714285714, 0.6666666666666666, 0.5, 0.5]
 mean: 0.5619047619047618, std: 0.06135285107964344
F1 (Intime): [0.36363636363636365, 0.36363636363636365, 0.5555555555555556, 0.3333333333333333, 0.3333333333333333, 0.36363636363636365, 0.36363636363636365, 0.4, 0.3333333333333333, 0.3333333333333333, 0.36363636363636365, 0.36363636363636365, 0.5555555555555556, 0.3333333333333333, 0.3333333333333333]
 mean: 0.37952861952861944, std: 0.07151198100855648
--------------------------------------------------
Subject Number: 2
Accuracy Cross: [0.5454545454545454, 0.5454545454545454, 0.5454545454545454, 0.5454545454545454, 0.5454545454545454, 0.5625, 0.5625, 0.5625, 0.5625, 0.5625, 0.5454545454545454, 0.5454545454545454, 0.5454545454545454, 0.5454545454545454, 0.5454545454545454]
 mean: 0.5511363636363634, std: 0.00803530433166533
F1 Score: [0.35294117647058826, 0.35294117647058826, 0.35294117647058826, 0.35294117647058826, 0.35294117647058826, 0.36, 0.36, 0.36, 0.36, 0.36, 0.35294117647058826, 0.35294117647058826, 0.35294117647058826, 0.35294117647058826, 0.35294117647058826]
 mean: 0.35529411764705876, std: 0.003327561323230795
Accuracy Intime: [0.5714285714285714, 0.5714285714285714, 0.6666666666666666, 0.5, 0.5, 0.5714285714285714, 0.5714285714285714, 0.5714285714285714, 0.5, 0.5, 0.5714285714285714, 0.5714285714285714, 0.75, 0.5, 0.5]
 mean: 0.5611111111111111, std: 0.06830009515539733
F1 (Intime): [0.36363636363636365, 0.36363636363636365, 0.4, 0.3333333333333333, 0.3333333333333333, 0.36363636363636365, 0.36363636363636365, 0.36363636363636365, 0.4857142857142857, 0.3333333333333333, 0.36363636363636365, 0.36363636363636365, 0.6210526315789473, 0.3333333333333333, 0.3333333333333333]
 mean: 0.38125920862762963, std: 0.0741266332496299
--------------------------------------------------
Subject Number: 3
Accuracy Cross: [0.5625, 0.5625, 0.5625, 0.5625, 0.5625, 0.5454545454545454, 0.5454545454545454, 0.5454545454545454, 0.5454545454545454, 0.5454545454545454, 0.5454545454545454, 0.5454545454545454, 0.5454545454545454, 0.5454545454545454, 0.5454545454545454]
 mean: 0.5511363636363634, std: 0.008035304331665332
F1 Score: [0.36, 0.36, 0.36, 0.36, 0.36, 0.35294117647058826, 0.35294117647058826, 0.35294117647058826, 0.35294117647058826, 0.35294117647058826, 0.35294117647058826, 0.35294117647058826, 0.35294117647058826, 0.35294117647058826, 0.35294117647058826]
 mean: 0.35529411764705876, std: 0.003327561323230795
Accuracy Intime: [0.6428571428571429, 0.5714285714285714, 0.5714285714285714, 0.5, 0.5, 0.5714285714285714, 0.6428571428571429, 0.75, 0.5, 0.5, 0.5714285714285714, 0.5714285714285714, 0.75, 0.5, 0.5]
 mean: 0.5761904761904761, std: 0.08336734000005523
F1 (Intime): [0.5906432748538011, 0.36363636363636365, 0.36363636363636365, 0.3333333333333333, 0.3333333333333333, 0.36363636363636365, 0.5238095238095237, 0.6210526315789473, 0.3333333333333333, 0.3333333333333333, 0.36363636363636365, 0.36363636363636365, 0.7333333333333334, 0.3333333333333333, 0.3333333333333333]
 mean: 0.41913470545049486, std: 0.12634218511551726
--------------------------------------------------
Subject Number: 4
Accuracy Cross: [0.5454545454545454, 0.5454545454545454, 0.5454545454545454, 0.5454545454545454, 0.5454545454545454, 0.5454545454545454, 0.5454545454545454, 0.5454545454545454, 0.5454545454545454, 0.5454545454545454, 0.5454545454545454, 0.5454545454545454, 0.5454545454545454, 0.5454545454545454, 0.5454545454545454]
 mean: 0.5454545454545452, std: 2.220446049250313e-16
F1 Score: [0.35294117647058826, 0.35294117647058826, 0.35294117647058826, 0.35294117647058826, 0.35294117647058826, 0.35294117647058826, 0.35294117647058826, 0.35294117647058826, 0.35294117647058826, 0.35294117647058826, 0.35294117647058826, 0.35294117647058826, 0.35294117647058826, 0.35294117647058826, 0.35294117647058826]
 mean: 0.35294117647058815, std: 1.1102230246251565e-16
Accuracy Intime: [0.6428571428571429, 0.5714285714285714, 0.5714285714285714, 0.5, 0.5, 0.5714285714285714, 0.5714285714285714, 0.6428571428571429, 0.5, 0.5, 0.5714285714285714, 0.5714285714285714, 0.5714285714285714, 0.5, 0.5]
 mean: 0.5523809523809523, std: 0.04856209060564558
F1 (Intime): [0.5238095238095237, 0.36363636363636365, 0.36363636363636365, 0.3333333333333333, 0.3333333333333333, 0.36363636363636365, 0.5333333333333333, 0.5238095238095237, 0.3333333333333333, 0.3333333333333333, 0.36363636363636365, 0.36363636363636365, 0.36363636363636365, 0.3333333333333333, 0.3333333333333333]
 mean: 0.3841847041847041, std: 0.07270216474904878
--------------------------------------------------
Subject Number: 5
Accuracy Cross: [0.5625, 0.5625, 0.5625, 0.5625, 0.5625, 0.5625, 0.5625, 0.5625, 0.5625, 0.5625, 0.5625, 0.5625, 0.5625, 0.5625, 0.5625]
 mean: 0.5625, std: 0.0
F1 Score: [0.36, 0.36, 0.36, 0.36, 0.36, 0.36, 0.36, 0.36, 0.36, 0.36, 0.36, 0.36, 0.36, 0.36, 0.36]
 mean: 0.36000000000000004, std: 5.551115123125783e-17
Accuracy Intime: [0.5714285714285714, 0.5714285714285714, 0.6666666666666666, 0.5, 0.5, 0.5714285714285714, 0.5714285714285714, 0.6666666666666666, 0.5833333333333334, 0.5, 0.5714285714285714, 0.5714285714285714, 0.6666666666666666, 0.5, 0.5]
 mean: 0.5674603174603174, std: 0.05923208938744535
F1 (Intime): [0.36363636363636365, 0.36363636363636365, 0.4, 0.3333333333333333, 0.3333333333333333, 0.36363636363636365, 0.36363636363636365, 0.4, 0.4957983193277311, 0.3333333333333333, 0.36363636363636365, 0.36363636363636365, 0.4, 0.3333333333333333, 0.3333333333333333]
 mean: 0.3696188778541719, std: 0.04122154433720713
--------------------------------------------------
Subject Number: 6
Accuracy Cross: [0.5625, 0.5625, 0.5625, 0.5625, 0.5625, 0.5454545454545454, 0.5454545454545454, 0.5454545454545454, 0.5454545454545454, 0.5454545454545454, 0.5454545454545454, 0.5454545454545454, 0.5454545454545454, 0.5454545454545454, 0.5454545454545454]
 mean: 0.5511363636363634, std: 0.008035304331665332
F1 Score: [0.36, 0.36, 0.36, 0.36, 0.36, 0.35294117647058826, 0.35294117647058826, 0.35294117647058826, 0.35294117647058826, 0.35294117647058826, 0.35294117647058826, 0.35294117647058826, 0.35294117647058826, 0.35294117647058826, 0.35294117647058826]
 mean: 0.35529411764705876, std: 0.003327561323230795
Accuracy Intime: [0.6428571428571429, 0.5714285714285714, 0.5714285714285714, 0.5833333333333334, 0.5, 0.5714285714285714, 0.5714285714285714, 0.6666666666666666, 0.5, 0.5, 0.5714285714285714, 0.5714285714285714, 0.6666666666666666, 0.5, 0.5]
 mean: 0.5658730158730159, std: 0.056822293078313484
F1 (Intime): [0.5238095238095237, 0.36363636363636365, 0.36363636363636365, 0.4957983193277311, 0.3333333333333333, 0.36363636363636365, 0.36363636363636365, 0.4, 0.3333333333333333, 0.3333333333333333, 0.36363636363636365, 0.36363636363636365, 0.6666666666666666, 0.3333333333333333, 0.3333333333333333]
 mean: 0.395650623885918, std: 0.09146568672243041
--------------------------------------------------
Subject Number: 7
Accuracy Cross: [0.5625, 0.5625, 0.5625, 0.5625, 0.5625, 0.5625, 0.5625, 0.5625, 0.5625, 0.5625, 0.5625, 0.5625, 0.5625, 0.5625, 0.5625]
 mean: 0.5625, std: 0.0
F1 Score: [0.36, 0.36, 0.36, 0.36, 0.36, 0.36, 0.36, 0.36, 0.36, 0.36, 0.36, 0.36, 0.36, 0.36, 0.36]
 mean: 0.36000000000000004, std: 5.551115123125783e-17
Accuracy Intime: [0.5714285714285714, 0.5714285714285714, 0.6666666666666666, 0.5, 0.5, 0.5714285714285714, 0.5714285714285714, 0.6666666666666666, 0.6666666666666666, 0.5, 0.5714285714285714, 0.5714285714285714, 0.6666666666666666, 0.5, 0.5]
 mean: 0.573015873015873, std: 0.0641631204171674
F1 (Intime): [0.36363636363636365, 0.36363636363636365, 0.4, 0.3333333333333333, 0.3333333333333333, 0.36363636363636365, 0.36363636363636365, 0.4, 0.625, 0.3333333333333333, 0.36363636363636365, 0.36363636363636365, 0.4, 0.3333333333333333, 0.3333333333333333]
 mean: 0.3782323232323232, std: 0.07008263229541352
--------------------------------------------------
Subject Number: 8
Accuracy Cross: [0.5625, 0.5625, 0.5625, 0.5625, 0.5625, 0.5625, 0.5625, 0.5625, 0.5625, 0.5625, 0.5625, 0.5625, 0.5625, 0.5625, 0.5625]
 mean: 0.5625, std: 0.0
F1 Score: [0.36, 0.36, 0.36, 0.36, 0.36, 0.36, 0.36, 0.36, 0.36, 0.36, 0.36, 0.36, 0.36, 0.36, 0.36]
 mean: 0.36000000000000004, std: 5.551115123125783e-17
Accuracy Intime: [0.5714285714285714, 0.5714285714285714, 0.6666666666666666, 0.5, 0.5, 0.5714285714285714, 0.6428571428571429, 0.6666666666666666, 0.5, 0.5, 0.6428571428571429, 0.5714285714285714, 0.6666666666666666, 0.5, 0.5]
 mean: 0.5714285714285714, std: 0.06734350297014736
F1 (Intime): [0.36363636363636365, 0.36363636363636365, 0.4, 0.3333333333333333, 0.3333333333333333, 0.36363636363636365, 0.5238095238095237, 0.4, 0.3333333333333333, 0.3333333333333333, 0.625668449197861, 0.36363636363636365, 0.625, 0.3333333333333333, 0.3333333333333333]
 mean: 0.40193489517018927, std: 0.09959244038397294
--------------------------------------------------
Subject Number: 9
Accuracy Cross: [0.5625, 0.5625, 0.5625, 0.5625, 0.5625, 0.5625, 0.5625, 0.5625, 0.5625, 0.5625, 0.5625, 0.5625, 0.5625, 0.5625, 0.5625]
 mean: 0.5625, std: 0.0
F1 Score: [0.36, 0.36, 0.36, 0.36, 0.36, 0.36, 0.36, 0.36, 0.36, 0.36, 0.36, 0.36, 0.36, 0.36, 0.36]
 mean: 0.36000000000000004, std: 5.551115123125783e-17
Accuracy Intime: [0.5714285714285714, 0.5714285714285714, 0.6666666666666666, 0.5, 0.5, 0.5714285714285714, 0.5714285714285714, 0.6666666666666666, 0.5, 0.5, 0.5714285714285714, 0.5714285714285714, 0.8333333333333334, 0.5, 0.5833333333333334]
 mean: 0.5785714285714286, std: 0.0862636714547299
F1 (Intime): [0.36363636363636365, 0.36363636363636365, 0.4, 0.3333333333333333, 0.3333333333333333, 0.36363636363636365, 0.36363636363636365, 0.625, 0.3333333333333333, 0.3333333333333333, 0.36363636363636365, 0.36363636363636365, 0.8125, 0.3333333333333333, 0.5804195804195804]
 mean: 0.4177602952602952, std: 0.1363224511229478
--------------------------------------------------
Subject Number: 10
Accuracy Cross: [0.5625, 0.5625, 0.5625, 0.5625, 0.5625, 0.5625, 0.5625, 0.5625, 0.5625, 0.5625, 0.5454545454545454, 0.5454545454545454, 0.5454545454545454, 0.5454545454545454, 0.5454545454545454]
 mean: 0.5568181818181817, std: 0.00803530433166533
F1 Score: [0.36, 0.36, 0.36, 0.36, 0.36, 0.36, 0.36, 0.36, 0.36, 0.36, 0.35294117647058826, 0.35294117647058826, 0.35294117647058826, 0.35294117647058826, 0.35294117647058826]
 mean: 0.3576470588235293, std: 0.0033275613232307947
Accuracy Intime: [0.5714285714285714, 0.5714285714285714, 0.6666666666666666, 0.5, 0.5, 0.5714285714285714, 0.5714285714285714, 0.6666666666666666, 0.5, 0.5, 0.5714285714285714, 0.5714285714285714, 0.6666666666666666, 0.5, 0.5]
 mean: 0.5619047619047618, std: 0.06135285107964344
F1 (Intime): [0.36363636363636365, 0.36363636363636365, 0.5555555555555556, 0.3333333333333333, 0.3333333333333333, 0.36363636363636365, 0.36363636363636365, 0.4, 0.3333333333333333, 0.3333333333333333, 0.36363636363636365, 0.36363636363636365, 0.4, 0.3333333333333333, 0.3333333333333333]
 mean: 0.36915824915824913, std: 0.054485397373128214
--------------------------------------------------
Subject Number: 11
Accuracy Cross: [0.5454545454545454, 0.5454545454545454, 0.5454545454545454, 0.5454545454545454, 0.5454545454545454, 0.5454545454545454, 0.5454545454545454, 0.5454545454545454, 0.5454545454545454, 0.5454545454545454, 0.5454545454545454, 0.5454545454545454, 0.5454545454545454, 0.5454545454545454, 0.5454545454545454]
 mean: 0.5454545454545452, std: 2.220446049250313e-16
F1 Score: [0.35294117647058826, 0.35294117647058826, 0.35294117647058826, 0.35294117647058826, 0.35294117647058826, 0.35294117647058826, 0.35294117647058826, 0.35294117647058826, 0.35294117647058826, 0.35294117647058826, 0.35294117647058826, 0.35294117647058826, 0.35294117647058826, 0.35294117647058826, 0.35294117647058826]
 mean: 0.35294117647058815, std: 1.1102230246251565e-16
Accuracy Intime: [0.5714285714285714, 0.5714285714285714, 0.5714285714285714, 0.5, 0.5, 0.5714285714285714, 0.7857142857142857, 0.5714285714285714, 0.5, 0.5, 0.5714285714285714, 0.5714285714285714, 0.7142857142857143, 0.5, 0.5833333333333334]
 mean: 0.5722222222222223, std: 0.07830240942489262
F1 (Intime): [0.36363636363636365, 0.36363636363636365, 0.36363636363636365, 0.3333333333333333, 0.3333333333333333, 0.36363636363636365, 0.7543859649122806, 0.5333333333333333, 0.3333333333333333, 0.3333333333333333, 0.36363636363636365, 0.36363636363636365, 0.65, 0.3333333333333333, 0.4957983193277311]
 mean: 0.41880016440387957, std: 0.12646446712710868
--------------------------------------------------
Subject Number: 12
Accuracy Cross: [0.5625, 0.5625, 0.5625, 0.5625, 0.5625, 0.5454545454545454, 0.5454545454545454, 0.5454545454545454, 0.5454545454545454, 0.5454545454545454, 0.5625, 0.5625, 0.5625, 0.5625, 0.5625]
 mean: 0.5568181818181818, std: 0.00803530433166533
F1 Score: [0.36, 0.36, 0.36, 0.36, 0.36, 0.35294117647058826, 0.35294117647058826, 0.35294117647058826, 0.35294117647058826, 0.35294117647058826, 0.36, 0.36, 0.36, 0.36, 0.36]
 mean: 0.3576470588235295, std: 0.003327561323230795
Accuracy Intime: [0.5714285714285714, 0.5714285714285714, 0.6666666666666666, 0.5, 0.5, 0.5714285714285714, 0.6428571428571429, 0.9166666666666666, 0.5833333333333334, 0.5, 0.5714285714285714, 0.5714285714285714, 0.75, 0.5833333333333334, 0.5]
 mean: 0.5999999999999999, std: 0.10760921432811613
F1 (Intime): [0.36363636363636365, 0.36363636363636365, 0.4, 0.3333333333333333, 0.3333333333333333, 0.36363636363636365, 0.641025641025641, 0.8991596638655461, 0.4957983193277311, 0.3333333333333333, 0.36363636363636365, 0.36363636363636365, 0.7482517482517483, 0.4957983193277311, 0.3333333333333333]
 mean: 0.45543658955423655, std: 0.16836047871541573
--------------------------------------------------
Subject Number: 13
Accuracy Cross: [0.5625, 0.5625, 0.5625, 0.5625, 0.5625, 0.5454545454545454, 0.5454545454545454, 0.5454545454545454, 0.5454545454545454, 0.5454545454545454, 0.5625, 0.5625, 0.5625, 0.5625, 0.5625]
 mean: 0.5568181818181818, std: 0.00803530433166533
F1 Score: [0.36, 0.36, 0.36, 0.36, 0.36, 0.35294117647058826, 0.35294117647058826, 0.35294117647058826, 0.35294117647058826, 0.35294117647058826, 0.36, 0.36, 0.36, 0.36, 0.36]
 mean: 0.3576470588235295, std: 0.003327561323230795
Accuracy Intime: [0.5714285714285714, 0.5714285714285714, 0.75, 0.5, 0.5, 0.5714285714285714, 0.6428571428571429, 0.75, 0.5833333333333334, 0.5, 0.5714285714285714, 0.5714285714285714, 0.6666666666666666, 0.5833333333333334, 0.5]
 mean: 0.5888888888888889, std: 0.07919028370327887
F1 (Intime): [0.36363636363636365, 0.36363636363636365, 0.6210526315789473, 0.3333333333333333, 0.3333333333333333, 0.36363636363636365, 0.5238095238095237, 0.6974789915966386, 0.5555555555555556, 0.3333333333333333, 0.36363636363636365, 0.36363636363636365, 0.4, 0.4957983193277311, 0.3333333333333333]
 mean: 0.4296806782255698, std: 0.11466963315898755
--------------------------------------------------
Subject Number: 14
Accuracy Cross: [0.5625, 0.5625, 0.5625, 0.5625, 0.5625, 0.5625, 0.5625, 0.5625, 0.5625, 0.5625, 0.5625, 0.5625, 0.5625, 0.5625, 0.5625]
 mean: 0.5625, std: 0.0
F1 Score: [0.36, 0.36, 0.36, 0.36, 0.36, 0.36, 0.36, 0.36, 0.36, 0.36, 0.36, 0.36, 0.36, 0.36, 0.36]
 mean: 0.36000000000000004, std: 5.551115123125783e-17
Accuracy Intime: [0.5714285714285714, 0.5714285714285714, 0.6666666666666666, 0.5, 0.5, 0.5714285714285714, 0.5714285714285714, 0.6666666666666666, 0.5, 0.5, 0.5714285714285714, 0.5714285714285714, 0.6666666666666666, 0.5, 0.5]
 mean: 0.5619047619047618, std: 0.06135285107964344
F1 (Intime): [0.36363636363636365, 0.36363636363636365, 0.4, 0.3333333333333333, 0.3333333333333333, 0.36363636363636365, 0.36363636363636365, 0.5555555555555556, 0.3333333333333333, 0.3333333333333333, 0.36363636363636365, 0.36363636363636365, 0.4, 0.3333333333333333, 0.3333333333333333]
 mean: 0.36915824915824913, std: 0.054485397373128214
--------------------------------------------------
Subject Number: 15
Accuracy Cross: [0.5625, 0.5625, 0.5625, 0.5625, 0.5625, 0.5625, 0.5625, 0.5625, 0.5625, 0.5625, 0.5625, 0.5625, 0.5625, 0.5625, 0.5625]
 mean: 0.5625, std: 0.0
F1 Score: [0.36, 0.36, 0.36, 0.36, 0.36, 0.36, 0.36, 0.36, 0.36, 0.36, 0.36, 0.36, 0.36, 0.36, 0.36]
 mean: 0.36000000000000004, std: 5.551115123125783e-17
Accuracy Intime: [0.5714285714285714, 0.5714285714285714, 0.6666666666666666, 0.5, 0.5, 0.5714285714285714, 0.5714285714285714, 0.6666666666666666, 0.6666666666666666, 0.5, 0.5714285714285714, 0.5714285714285714, 0.6666666666666666, 0.5, 0.5]
 mean: 0.573015873015873, std: 0.0641631204171674
F1 (Intime): [0.36363636363636365, 0.36363636363636365, 0.4, 0.3333333333333333, 0.3333333333333333, 0.36363636363636365, 0.5333333333333333, 0.4, 0.625, 0.3333333333333333, 0.36363636363636365, 0.36363636363636365, 0.4, 0.3333333333333333, 0.3333333333333333]
 mean: 0.3895454545454545, std: 0.07983195159751369
--------------------------------------------------
Subject Number: 16
Accuracy Cross: [0.5625, 0.5625, 0.5625, 0.5625, 0.5625, 0.5625, 0.5625, 0.5625, 0.5625, 0.5625, 0.5625, 0.5625, 0.5625, 0.5625, 0.5625]
 mean: 0.5625, std: 0.0
F1 Score: [0.36, 0.36, 0.36, 0.36, 0.36, 0.36, 0.36, 0.36, 0.36, 0.36, 0.36, 0.36, 0.36, 0.36, 0.36]
 mean: 0.36000000000000004, std: 5.551115123125783e-17
Accuracy Intime: [0.7142857142857143, 0.5714285714285714, 0.6666666666666666, 0.5, 0.5, 0.5714285714285714, 0.5714285714285714, 0.6666666666666666, 0.5, 0.5, 0.6428571428571429, 0.5714285714285714, 0.6666666666666666, 0.5, 0.5]
 mean: 0.5761904761904761, std: 0.07438333024673004
F1 (Intime): [0.65, 0.36363636363636365, 0.4, 0.3333333333333333, 0.3333333333333333, 0.36363636363636365, 0.5714285714285714, 0.4, 0.3333333333333333, 0.3333333333333333, 0.5238095238095237, 0.36363636363636365, 0.4, 0.3333333333333333, 0.3333333333333333]
 mean: 0.4024098124098124, std: 0.09583425071989365
--------------------------------------------------
Subject Number: 17
Accuracy Cross: [0.5454545454545454, 0.5454545454545454, 0.5454545454545454, 0.5454545454545454, 0.5454545454545454, 0.5454545454545454, 0.5454545454545454, 0.5454545454545454, 0.5454545454545454, 0.5454545454545454, 0.5625, 0.5625, 0.5625, 0.5625, 0.5625]
 mean: 0.5511363636363635, std: 0.00803530433166533
F1 Score: [0.35294117647058826, 0.35294117647058826, 0.35294117647058826, 0.35294117647058826, 0.35294117647058826, 0.35294117647058826, 0.35294117647058826, 0.35294117647058826, 0.35294117647058826, 0.35294117647058826, 0.36, 0.36, 0.36, 0.36, 0.36]
 mean: 0.3552941176470589, std: 0.0033275613232307947
Accuracy Intime: [0.5714285714285714, 0.5714285714285714, 0.75, 0.5, 0.5, 0.5714285714285714, 0.7142857142857143, 0.6666666666666666, 0.5, 0.5, 0.5714285714285714, 0.5714285714285714, 0.7857142857142857, 0.5, 0.5]
 mean: 0.5849206349206348, std: 0.09492673973042486
F1 (Intime): [0.36363636363636365, 0.36363636363636365, 0.6210526315789473, 0.3333333333333333, 0.3333333333333333, 0.36363636363636365, 0.6888888888888889, 0.4, 0.3333333333333333, 0.3333333333333333, 0.36363636363636365, 0.36363636363636365, 0.7846153846153847, 0.3333333333333333, 0.3333333333333333]
 mean: 0.42084924821766917, std: 0.14306360351961073
--------------------------------------------------
Subject Number: 18
Accuracy Cross: [0.5454545454545454, 0.5454545454545454, 0.5454545454545454, 0.5454545454545454, 0.5454545454545454, 0.5625, 0.5625, 0.5625, 0.5625, 0.5625, 0.5625, 0.5625, 0.5625, 0.5625, 0.5625]
 mean: 0.5568181818181818, std: 0.00803530433166533
F1 Score: [0.35294117647058826, 0.35294117647058826, 0.35294117647058826, 0.35294117647058826, 0.35294117647058826, 0.36, 0.36, 0.36, 0.36, 0.36, 0.36, 0.36, 0.36, 0.36, 0.36]
 mean: 0.35764705882352943, std: 0.003327561323230794
Accuracy Intime: [0.5714285714285714, 0.5714285714285714, 0.6666666666666666, 0.5, 0.5, 0.5714285714285714, 0.5714285714285714, 0.6666666666666666, 0.5833333333333334, 0.5, 0.6428571428571429, 0.5714285714285714, 0.8333333333333334, 0.5, 0.5]
 mean: 0.5833333333333334, std: 0.0876975148988017
F1 (Intime): [0.36363636363636365, 0.36363636363636365, 0.6571428571428571, 0.3333333333333333, 0.3333333333333333, 0.36363636363636365, 0.475, 0.5555555555555556, 0.5804195804195804, 0.3333333333333333, 0.5906432748538011, 0.36363636363636365, 0.8125, 0.3333333333333333, 0.3333333333333333]
 mean: 0.45283155927892765, std: 0.14620560560901336
--------------------------------------------------
Subject Number: 19
Accuracy Cross: [0.5625, 0.5625, 0.5625, 0.5625, 0.5625, 0.5625, 0.5625, 0.5625, 0.5625, 0.5625, 0.5625, 0.5625, 0.5625, 0.5625, 0.5625]
 mean: 0.5625, std: 0.0
F1 Score: [0.36, 0.36, 0.36, 0.36, 0.36, 0.36, 0.36, 0.36, 0.36, 0.36, 0.36, 0.36, 0.36, 0.36, 0.36]
 mean: 0.36000000000000004, std: 5.551115123125783e-17
Accuracy Intime: [0.5714285714285714, 0.5714285714285714, 0.6666666666666666, 0.5, 0.5, 0.5714285714285714, 0.5714285714285714, 0.6666666666666666, 0.5833333333333334, 0.5, 0.5714285714285714, 0.5714285714285714, 0.6666666666666666, 0.5, 0.5]
 mean: 0.5674603174603174, std: 0.05923208938744535
F1 (Intime): [0.36363636363636365, 0.36363636363636365, 0.4, 0.3333333333333333, 0.3333333333333333, 0.36363636363636365, 0.5714285714285714, 0.4, 0.5804195804195804, 0.3333333333333333, 0.36363636363636365, 0.36363636363636365, 0.4, 0.3333333333333333, 0.3333333333333333]
 mean: 0.38911310911310903, std: 0.07702592925901787
--------------------------------------------------
Subject Number: 20
Accuracy Cross: [0.5625, 0.5625, 0.5625, 0.5625, 0.5625, 0.5625, 0.5625, 0.5625, 0.5625, 0.5625, 0.5454545454545454, 0.5454545454545454, 0.5454545454545454, 0.5454545454545454, 0.5454545454545454]
 mean: 0.5568181818181817, std: 0.00803530433166533
F1 Score: [0.36, 0.36, 0.36, 0.36, 0.36, 0.36, 0.36, 0.36, 0.36, 0.36, 0.35294117647058826, 0.35294117647058826, 0.35294117647058826, 0.35294117647058826, 0.35294117647058826]
 mean: 0.3576470588235293, std: 0.0033275613232307947
Accuracy Intime: [0.7142857142857143, 0.5714285714285714, 0.6666666666666666, 0.5, 0.5, 0.5714285714285714, 0.7857142857142857, 0.6666666666666666, 0.5, 0.5, 0.5714285714285714, 0.5714285714285714, 0.6666666666666666, 0.6666666666666666, 0.5]
 mean: 0.5968253968253968, std: 0.08886053969700573
F1 (Intime): [0.65, 0.36363636363636365, 0.4, 0.3333333333333333, 0.3333333333333333, 0.36363636363636365, 0.7846153846153847, 0.4, 0.3333333333333333, 0.3333333333333333, 0.36363636363636365, 0.36363636363636365, 0.4, 0.625, 0.3333333333333333]
 mean: 0.4253885003885004, std: 0.13635659945494788
--------------------------------------------------
Subject Number: 21
Accuracy Cross: [0.5625, 0.5625, 0.5625, 0.5625, 0.5625, 0.5625, 0.5625, 0.5625, 0.5625, 0.5625, 0.5625, 0.5625, 0.5625, 0.5625, 0.5625]
 mean: 0.5625, std: 0.0
F1 Score: [0.36, 0.36, 0.36, 0.36, 0.36, 0.36, 0.36, 0.36, 0.36, 0.36, 0.36, 0.36, 0.36, 0.36, 0.36]
 mean: 0.36000000000000004, std: 5.551115123125783e-17
Accuracy Intime: [0.5714285714285714, 0.5714285714285714, 0.6666666666666666, 0.5, 0.5, 0.5714285714285714, 0.6428571428571429, 0.6666666666666666, 0.6666666666666666, 0.5, 0.5714285714285714, 0.5714285714285714, 0.6666666666666666, 0.5, 0.5]
 mean: 0.5777777777777777, std: 0.06647743362340293
F1 (Intime): [0.36363636363636365, 0.36363636363636365, 0.4, 0.3333333333333333, 0.3333333333333333, 0.36363636363636365, 0.5238095238095237, 0.4, 0.6571428571428571, 0.3333333333333333, 0.36363636363636365, 0.36363636363636365, 0.4, 0.3333333333333333, 0.3333333333333333]
 mean: 0.391053391053391, std: 0.08527774717984202
--------------------------------------------------
Subject Number: 22
Accuracy Cross: [0.5625, 0.5625, 0.5625, 0.5625, 0.5625, 0.5454545454545454, 0.5454545454545454, 0.5454545454545454, 0.5454545454545454, 0.5454545454545454, 0.5625, 0.5625, 0.5625, 0.5625, 0.5625]
 mean: 0.5568181818181818, std: 0.00803530433166533
F1 Score: [0.36, 0.36, 0.36, 0.36, 0.36, 0.35294117647058826, 0.35294117647058826, 0.35294117647058826, 0.35294117647058826, 0.35294117647058826, 0.36, 0.36, 0.36, 0.36, 0.36]
 mean: 0.3576470588235295, std: 0.003327561323230795
Accuracy Intime: [0.5714285714285714, 0.5714285714285714, 0.6666666666666666, 0.5, 0.5, 0.5714285714285714, 0.5714285714285714, 0.6666666666666666, 0.5, 0.5, 0.5714285714285714, 0.5714285714285714, 0.6666666666666666, 0.5, 0.5]
 mean: 0.5619047619047618, std: 0.06135285107964344
F1 (Intime): [0.36363636363636365, 0.36363636363636365, 0.4, 0.3333333333333333, 0.3333333333333333, 0.36363636363636365, 0.36363636363636365, 0.4, 0.3333333333333333, 0.3333333333333333, 0.36363636363636365, 0.36363636363636365, 0.5555555555555556, 0.3333333333333333, 0.3333333333333333]
 mean: 0.36915824915824913, std: 0.05448539737312821
--------------------------------------------------
Subject Number: 23
Accuracy Cross: [0.5454545454545454, 0.5454545454545454, 0.5454545454545454, 0.5454545454545454, 0.5454545454545454, 0.5625, 0.5625, 0.5625, 0.5625, 0.5625, 0.5454545454545454, 0.5454545454545454, 0.5454545454545454, 0.5454545454545454, 0.5454545454545454]
 mean: 0.5511363636363634, std: 0.00803530433166533
F1 Score: [0.35294117647058826, 0.35294117647058826, 0.35294117647058826, 0.35294117647058826, 0.35294117647058826, 0.36, 0.36, 0.36, 0.36, 0.36, 0.35294117647058826, 0.35294117647058826, 0.35294117647058826, 0.35294117647058826, 0.35294117647058826]
 mean: 0.35529411764705876, std: 0.003327561323230795
Accuracy Intime: [0.5714285714285714, 0.5714285714285714, 0.75, 0.5, 0.5, 0.5714285714285714, 0.6428571428571429, 0.6428571428571429, 0.5, 0.5, 0.5714285714285714, 0.5714285714285714, 0.75, 0.5833333333333334, 0.5]
 mean: 0.5817460317460318, std: 0.08084337509997996
F1 (Intime): [0.36363636363636365, 0.36363636363636365, 0.6210526315789473, 0.3333333333333333, 0.3333333333333333, 0.36363636363636365, 0.625668449197861, 0.5238095238095237, 0.4375, 0.3333333333333333, 0.36363636363636365, 0.36363636363636365, 0.6210526315789473, 0.4957983193277311, 0.3333333333333333]
 mean: 0.4317597804672107, std: 0.11070267692852252
--------------------------------------------------
Subject Number: 24
Accuracy Cross: [0.5625, 0.5625, 0.5625, 0.5625, 0.5625, 0.5625, 0.5625, 0.5625, 0.5625, 0.5625, 0.5625, 0.5625, 0.5625, 0.5625, 0.5625]
 mean: 0.5625, std: 0.0
F1 Score: [0.36, 0.36, 0.36, 0.36, 0.36, 0.36, 0.36, 0.36, 0.36, 0.36, 0.36, 0.36, 0.36, 0.36, 0.36]
 mean: 0.36000000000000004, std: 5.551115123125783e-17
Accuracy Intime: [0.5714285714285714, 0.5714285714285714, 0.6666666666666666, 0.5, 0.5, 0.5714285714285714, 0.5714285714285714, 0.75, 0.5, 0.5, 0.5714285714285714, 0.5714285714285714, 0.6666666666666666, 0.5, 0.5]
 mean: 0.5674603174603176, std: 0.0732140168618972
F1 (Intime): [0.36363636363636365, 0.36363636363636365, 0.4, 0.3333333333333333, 0.5, 0.36363636363636365, 0.5333333333333333, 0.6210526315789473, 0.3333333333333333, 0.3333333333333333, 0.36363636363636365, 0.36363636363636365, 0.4, 0.3333333333333333, 0.3333333333333333]
 mean: 0.3959489633173844, std: 0.08375745646522195
--------------------------------------------------
Subject Number: 25
Accuracy Cross: [0.5454545454545454, 0.5454545454545454, 0.5454545454545454, 0.5454545454545454, 0.5454545454545454, 0.5625, 0.5625, 0.5625, 0.5625, 0.5625, 0.5625, 0.5625, 0.5625, 0.5625, 0.5625]
 mean: 0.5568181818181818, std: 0.00803530433166533
F1 Score: [0.35294117647058826, 0.35294117647058826, 0.35294117647058826, 0.35294117647058826, 0.35294117647058826, 0.36, 0.36, 0.36, 0.36, 0.36, 0.36, 0.36, 0.36, 0.36, 0.36]
 mean: 0.35764705882352943, std: 0.003327561323230794
Accuracy Intime: [0.5714285714285714, 0.5714285714285714, 0.6666666666666666, 0.5, 0.5, 0.5714285714285714, 0.5714285714285714, 0.6666666666666666, 0.5, 0.5, 0.5714285714285714, 0.5714285714285714, 0.75, 0.5, 0.5]
 mean: 0.5674603174603174, std: 0.0732140168618972
F1 (Intime): [0.36363636363636365, 0.36363636363636365, 0.4, 0.3333333333333333, 0.3333333333333333, 0.36363636363636365, 0.475, 0.4, 0.3333333333333333, 0.3333333333333333, 0.36363636363636365, 0.36363636363636365, 0.6210526315789473, 0.3333333333333333, 0.4857142857142857]
 mean: 0.3911076934761145, std: 0.07723725372466453
--------------------------------------------------
Subject Number: 26
Accuracy Cross: [0.5454545454545454, 0.5454545454545454, 0.5454545454545454, 0.5454545454545454, 0.5454545454545454, 0.5625, 0.5625, 0.5625, 0.5625, 0.5625, 0.5625, 0.5625, 0.5625, 0.5625, 0.5625]
 mean: 0.5568181818181818, std: 0.00803530433166533
F1 Score: [0.35294117647058826, 0.35294117647058826, 0.35294117647058826, 0.35294117647058826, 0.35294117647058826, 0.36, 0.36, 0.36, 0.36, 0.36, 0.36, 0.36, 0.36, 0.36, 0.36]
 mean: 0.35764705882352943, std: 0.003327561323230794
Accuracy Intime: [0.5714285714285714, 0.5714285714285714, 0.6666666666666666, 0.5, 0.5, 0.5714285714285714, 0.6428571428571429, 0.75, 0.5, 0.5, 0.5714285714285714, 0.5714285714285714, 0.6666666666666666, 0.5, 0.5]
 mean: 0.5722222222222222, std: 0.07560122669276101
F1 (Intime): [0.36363636363636365, 0.36363636363636365, 0.4, 0.3333333333333333, 0.3333333333333333, 0.36363636363636365, 0.5238095238095237, 0.6210526315789473, 0.3333333333333333, 0.3333333333333333, 0.36363636363636365, 0.36363636363636365, 0.4, 0.3333333333333333, 0.3333333333333333]
 mean: 0.3842029315713526, std: 0.07904770309310231
--------------------------------------------------
Subject Number: 27
Accuracy Cross: [0.5454545454545454, 0.5454545454545454, 0.5454545454545454, 0.5454545454545454, 0.5454545454545454, 0.5454545454545454, 0.5454545454545454, 0.5454545454545454, 0.5454545454545454, 0.5454545454545454, 0.5625, 0.5625, 0.5625, 0.5625, 0.5625]
 mean: 0.5511363636363635, std: 0.00803530433166533
F1 Score: [0.35294117647058826, 0.35294117647058826, 0.35294117647058826, 0.35294117647058826, 0.35294117647058826, 0.35294117647058826, 0.35294117647058826, 0.35294117647058826, 0.35294117647058826, 0.35294117647058826, 0.36, 0.36, 0.36, 0.36, 0.36]
 mean: 0.3552941176470589, std: 0.0033275613232307947
Accuracy Intime: [0.5714285714285714, 0.5714285714285714, 0.75, 0.5, 0.5, 0.5714285714285714, 0.7142857142857143, 0.6666666666666666, 0.5, 0.5, 0.5714285714285714, 0.5714285714285714, 0.7857142857142857, 0.5, 0.5]
 mean: 0.5849206349206348, std: 0.09492673973042486
F1 (Intime): [0.36363636363636365, 0.36363636363636365, 0.6210526315789473, 0.3333333333333333, 0.3333333333333333, 0.36363636363636365, 0.6888888888888889, 0.4, 0.3333333333333333, 0.3333333333333333, 0.36363636363636365, 0.36363636363636365, 0.7846153846153847, 0.3333333333333333, 0.3333333333333333]
 mean: 0.42084924821766917, std: 0.14306360351961073
--------------------------------------------------
Subject Number: 28
Accuracy Cross: [0.5625, 0.5625, 0.5625, 0.5625, 0.5625, 0.5625, 0.5625, 0.5625, 0.5625, 0.5625, 0.5625, 0.5625, 0.5625, 0.5625, 0.5625]
 mean: 0.5625, std: 0.0
F1 Score: [0.36, 0.36, 0.36, 0.36, 0.36, 0.36, 0.36, 0.36, 0.36, 0.36, 0.36, 0.36, 0.36, 0.36, 0.36]
 mean: 0.36000000000000004, std: 5.551115123125783e-17
Accuracy Intime: [0.5714285714285714, 0.5714285714285714, 0.6666666666666666, 0.5, 0.5, 0.5714285714285714, 0.5714285714285714, 0.6666666666666666, 0.5, 0.5, 0.5714285714285714, 0.5714285714285714, 0.6666666666666666, 0.5, 0.5]
 mean: 0.5619047619047618, std: 0.06135285107964344
F1 (Intime): [0.36363636363636365, 0.36363636363636365, 0.4, 0.3333333333333333, 0.3333333333333333, 0.36363636363636365, 0.36363636363636365, 0.4, 0.4375, 0.3333333333333333, 0.36363636363636365, 0.36363636363636365, 0.4, 0.3333333333333333, 0.3333333333333333]
 mean: 0.3657323232323232, std: 0.03049399006791697
--------------------------------------------------
Subject Number: 29
Accuracy Cross: [0.5625, 0.5625, 0.5625, 0.5625, 0.5625, 0.5625, 0.5625, 0.5625, 0.5625, 0.5625, 0.5454545454545454, 0.5454545454545454, 0.5454545454545454, 0.5454545454545454, 0.5454545454545454]
 mean: 0.5568181818181817, std: 0.00803530433166533
F1 Score: [0.36, 0.36, 0.36, 0.36, 0.36, 0.36, 0.36, 0.36, 0.36, 0.36, 0.35294117647058826, 0.35294117647058826, 0.35294117647058826, 0.35294117647058826, 0.35294117647058826]
 mean: 0.3576470588235293, std: 0.0033275613232307947
Accuracy Intime: [0.5714285714285714, 0.5714285714285714, 0.6666666666666666, 0.5, 0.5, 0.5714285714285714, 0.5714285714285714, 0.75, 0.5, 0.5, 0.5714285714285714, 0.5714285714285714, 0.75, 0.5, 0.6666666666666666]
 mean: 0.584126984126984, std: 0.08366901400916475
F1 (Intime): [0.36363636363636365, 0.36363636363636365, 0.4, 0.3333333333333333, 0.3333333333333333, 0.36363636363636365, 0.5333333333333333, 0.6210526315789473, 0.4375, 0.3333333333333333, 0.36363636363636365, 0.36363636363636365, 0.6210526315789473, 0.3333333333333333, 0.625]
 mean: 0.4259635832004252, std: 0.1100955018367732
--------------------------------------------------
**************************************************
accuracy_cross_list: [0.5568181818181818, 0.5511363636363634, 0.5511363636363634, 0.5454545454545452, 0.5625, 0.5511363636363634, 0.5625, 0.5625, 0.5625, 0.5568181818181817, 0.5454545454545452, 0.5568181818181818, 0.5568181818181818, 0.5625, 0.5625, 0.5625, 0.5511363636363635, 0.5568181818181818, 0.5625, 0.5568181818181817, 0.5625, 0.5568181818181818, 0.5511363636363634, 0.5625, 0.5568181818181818, 0.5568181818181818, 0.5511363636363635, 0.5625, 0.5568181818181817]
f1_score_list: [0.3576470588235295, 0.35529411764705876, 0.35529411764705876, 0.35294117647058815, 0.36000000000000004, 0.35529411764705876, 0.36000000000000004, 0.36000000000000004, 0.36000000000000004, 0.3576470588235293, 0.35294117647058815, 0.3576470588235295, 0.3576470588235295, 0.36000000000000004, 0.36000000000000004, 0.36000000000000004, 0.3552941176470589, 0.35764705882352943, 0.36000000000000004, 0.3576470588235293, 0.36000000000000004, 0.3576470588235295, 0.35529411764705876, 0.36000000000000004, 0.35764705882352943, 0.35764705882352943, 0.3552941176470589, 0.36000000000000004, 0.3576470588235293]
accuracy_intime_list: [0.5619047619047618, 0.5611111111111111, 0.5761904761904761, 0.5523809523809523, 0.5674603174603174, 0.5658730158730159, 0.573015873015873, 0.5714285714285714, 0.5785714285714286, 0.5619047619047618, 0.5722222222222223, 0.5999999999999999, 0.5888888888888889, 0.5619047619047618, 0.573015873015873, 0.5761904761904761, 0.5849206349206348, 0.5833333333333334, 0.5674603174603174, 0.5968253968253968, 0.5777777777777777, 0.5619047619047618, 0.5817460317460318, 0.5674603174603176, 0.5674603174603174, 0.5722222222222222, 0.5849206349206348, 0.5619047619047618, 0.584126984126984]
f1_score_intime_list: [0.37952861952861944, 0.38125920862762963, 0.41913470545049486, 0.3841847041847041, 0.3696188778541719, 0.395650623885918, 0.3782323232323232, 0.40193489517018927, 0.4177602952602952, 0.36915824915824913, 0.41880016440387957, 0.45543658955423655, 0.4296806782255698, 0.36915824915824913, 0.3895454545454545, 0.4024098124098124, 0.42084924821766917, 0.45283155927892765, 0.38911310911310903, 0.4253885003885004, 0.391053391053391, 0.36915824915824913, 0.4317597804672107, 0.3959489633173844, 0.3911076934761145, 0.3842029315713526, 0.42084924821766917, 0.3657323232323232, 0.4259635832004252]
**************************************************
ACC: 55.70±0.53
F1: 35.77±0.22
Intime: 57.36±1.11
F1 (Intime): 40.09±2.50
