1e-06
Subject Number: 1
Accuracy Cross: [0.2647058823529412, 0.2647058823529412, 0.2647058823529412, 0.2647058823529412, 0.2647058823529412, 0.21739130434782608, 0.2608695652173913, 0.2463768115942029, 0.2608695652173913, 0.2028985507246377, 0.2647058823529412, 0.2647058823529412, 0.2647058823529412, 0.2647058823529412, 0.27941176470588236]
 mean: 0.2566780335322535, std: 0.019448689164880944
F1 Score: [0.10465116279069768, 0.10465116279069768, 0.10465116279069768, 0.10465116279069768, 0.10465116279069768, 0.13942307692307693, 0.10344827586206896, 0.12049659201557936, 0.10344827586206896, 0.13128810975609756, 0.10465116279069768, 0.10465116279069768, 0.10465116279069768, 0.10465116279069768, 0.17692307692307693]
 mean: 0.11445919149721652, std: 0.01992126606260001
Accuracy Intime: [0.21428571428571427, 0.4642857142857143, 0.35714285714285715, 0.34615384615384615, 0.3076923076923077, 0.32142857142857145, 0.35714285714285715, 0.35714285714285715, 0.2692307692307692, 0.2692307692307692, 0.21428571428571427, 0.35714285714285715, 0.32142857142857145, 0.34615384615384615, 0.3076923076923077]
 mean: 0.32069597069597067, std: 0.06083343741151337
F1 (Intime): [0.08823529411764706, 0.3835978835978836, 0.2858187134502924, 0.2264957264957265, 0.171875, 0.22115384615384615, 0.22962962962962963, 0.28174603174603174, 0.15232974910394265, 0.20192307692307693, 0.08823529411764706, 0.26666666666666666, 0.2091346153846154, 0.2398119122257053, 0.21052631578947367]
 mean: 0.21714531702681233, std: 0.07286836823689011
--------------------------------------------------
Subject Number: 2
Accuracy Cross: [0.2608695652173913, 0.2608695652173913, 0.2608695652173913, 0.2608695652173913, 0.2608695652173913, 0.2647058823529412, 0.2647058823529412, 0.2647058823529412, 0.2647058823529412, 0.2647058823529412, 0.2608695652173913, 0.2608695652173913, 0.2608695652173913, 0.2608695652173913, 0.2463768115942029]
 mean: 0.2611821540210287, std: 0.004337133285190549
F1 Score: [0.10344827586206896, 0.10344827586206896, 0.10344827586206896, 0.10344827586206896, 0.10344827586206896, 0.10465116279069768, 0.10465116279069768, 0.10465116279069768, 0.10714285714285714, 0.10465116279069768, 0.10344827586206896, 0.10344827586206896, 0.10344827586206896, 0.10344827586206896, 0.1]
 mean: 0.10378546607095124, std: 0.0014052953796041135
Accuracy Intime: [0.21428571428571427, 0.2857142857142857, 0.21428571428571427, 0.3076923076923077, 0.2692307692307692, 0.35714285714285715, 0.25, 0.21428571428571427, 0.21428571428571427, 0.3076923076923077, 0.21428571428571427, 0.32142857142857145, 0.25, 0.34615384615384615, 0.23076923076923078]
 mean: 0.26648351648351654, std: 0.04953188264605277
F1 (Intime): [0.08823529411764706, 0.1111111111111111, 0.08823529411764706, 0.11764705882352941, 0.15900383141762453, 0.21994134897360704, 0.16363636363636364, 0.09090909090909091, 0.15, 0.12121212121212122, 0.08823529411764706, 0.18571428571428572, 0.16233766233766234, 0.20655270655270655, 0.09375]
 mean: 0.13643476420273626, std: 0.043598737942659734
--------------------------------------------------
Subject Number: 3
Accuracy Cross: [0.2647058823529412, 0.25, 0.27941176470588236, 0.22058823529411764, 0.3088235294117647, 0.2608695652173913, 0.2318840579710145, 0.2608695652173913, 0.2608695652173913, 0.2753623188405797, 0.18840579710144928, 0.2608695652173913, 0.2608695652173913, 0.2753623188405797, 0.13043478260869565]
 mean: 0.2486217675475987, std: 0.04137083319942866
F1 Score: [0.10465116279069768, 0.20942158616577222, 0.13219814241486066, 0.14015151515151514, 0.17986230636833045, 0.14423076923076922, 0.09876543209876543, 0.10344827586206896, 0.10344827586206896, 0.15746753246753248, 0.1245394252026529, 0.10344827586206896, 0.10465116279069768, 0.13219814241486066, 0.0832708177044261]
 mean: 0.12811685482580581, std: 0.033065272123435796
Accuracy Intime: [0.21428571428571427, 0.2857142857142857, 0.25, 0.25, 0.2692307692307692, 0.2857142857142857, 0.25, 0.21428571428571427, 0.2692307692307692, 0.2692307692307692, 0.4642857142857143, 0.2857142857142857, 0.32142857142857145, 0.46153846153846156, 0.34615384615384615]
 mean: 0.29578754578754574, std: 0.07350919182471102
F1 (Intime): [0.08823529411764706, 0.1830357142857143, 0.16233766233766234, 0.1, 0.19731800766283525, 0.18614718614718614, 0.16666666666666666, 0.09090909090909091, 0.20625, 0.15900383141762453, 0.3125, 0.15833333333333333, 0.21323529411764708, 0.37797619047619047, 0.2388888888888889]
 mean: 0.18938914402403248, std: 0.0753635268938059
--------------------------------------------------
Subject Number: 4
Accuracy Cross: [0.2608695652173913, 0.2753623188405797, 0.2608695652173913, 0.30434782608695654, 0.2608695652173913, 0.2608695652173913, 0.2608695652173913, 0.3188405797101449, 0.2608695652173913, 0.30434782608695654, 0.3188405797101449, 0.2608695652173913, 0.2608695652173913, 0.3188405797101449, 0.2608695652173913]
 mean: 0.2792270531400966, std: 0.024518990416327574
F1 Score: [0.10344827586206896, 0.17157228017883755, 0.10344827586206896, 0.1716163583252191, 0.10344827586206896, 0.10344827586206896, 0.10344827586206896, 0.19967532467532467, 0.10344827586206896, 0.19285714285714284, 0.201071761416589, 0.10344827586206896, 0.10344827586206896, 0.22669686732186733, 0.10588235294117647]
 mean: 0.1397972196408472, std: 0.04578875924931692
Accuracy Intime: [0.21428571428571427, 0.2857142857142857, 0.21428571428571427, 0.2857142857142857, 0.38461538461538464, 0.32142857142857145, 0.21428571428571427, 0.35714285714285715, 0.21428571428571427, 0.38461538461538464, 0.32142857142857145, 0.25, 0.35714285714285715, 0.42857142857142855, 0.3076923076923077]
 mean: 0.3027472527472527, std: 0.0685764767560395
F1 (Intime): [0.08823529411764706, 0.15104166666666666, 0.08823529411764706, 0.1111111111111111, 0.28205128205128205, 0.2222222222222222, 0.08823529411764706, 0.24705882352941178, 0.08823529411764706, 0.26988636363636365, 0.21428571428571427, 0.16233766233766234, 0.2361111111111111, 0.26495726495726496, 0.11764705882352941]
 mean: 0.17544343048019517, std: 0.07278784233856006
--------------------------------------------------
Subject Number: 5
Accuracy Cross: [0.2647058823529412, 0.3088235294117647, 0.2647058823529412, 0.25, 0.3088235294117647, 0.22058823529411764, 0.25, 0.2647058823529412, 0.27941176470588236, 0.25, 0.2647058823529412, 0.2647058823529412, 0.2647058823529412, 0.2647058823529412, 0.2647058823529412]
 mean: 0.26568627450980387, std: 0.021118293361311786
F1 Score: [0.10465116279069768, 0.17986230636833045, 0.10465116279069768, 0.1, 0.18055555555555555, 0.13106060606060607, 0.1, 0.10465116279069768, 0.13219814241486066, 0.1118421052631579, 0.10465116279069768, 0.10465116279069768, 0.1275062656641604, 0.10588235294117647, 0.10465116279069768]
 mean: 0.11978762073413557, std: 0.025892920775368016
Accuracy Intime: [0.21428571428571427, 0.2857142857142857, 0.21428571428571427, 0.4230769230769231, 0.34615384615384615, 0.35714285714285715, 0.21428571428571427, 0.25, 0.3076923076923077, 0.4230769230769231, 0.25, 0.21428571428571427, 0.39285714285714285, 0.4230769230769231, 0.34615384615384615]
 mean: 0.31080586080586076, std: 0.07936893012166561
F1 (Intime): [0.08823529411764706, 0.1111111111111111, 0.08823529411764706, 0.28125, 0.23011363636363635, 0.23569794050343248, 0.08823529411764706, 0.19409937888198758, 0.251984126984127, 0.29166666666666663, 0.14166666666666666, 0.08823529411764706, 0.3186868686868687, 0.26, 0.22401433691756273]
 mean: 0.19288212728350984, std: 0.0811153051249073
--------------------------------------------------
Subject Number: 6
Accuracy Cross: [0.27941176470588236, 0.3088235294117647, 0.23529411764705882, 0.38235294117647056, 0.35294117647058826, 0.2608695652173913, 0.2608695652173913, 0.2608695652173913, 0.2608695652173913, 0.3333333333333333, 0.2608695652173913, 0.34782608695652173, 0.30434782608695654, 0.3333333333333333, 0.2753623188405797]
 mean: 0.2971582836032964, std: 0.04238211611199964
F1 Score: [0.13219814241486066, 0.2018128005919349, 0.1371527777777778, 0.25495495495495496, 0.2282003710575139, 0.10344827586206896, 0.10344827586206896, 0.10344827586206896, 0.10344827586206896, 0.20462794918330307, 0.10344827586206896, 0.2742191738355421, 0.19572368421052633, 0.20075757575757575, 0.18082788671023964]
 mean: 0.16851444638697158, std: 0.05774822927178219
Accuracy Intime: [0.21428571428571427, 0.2857142857142857, 0.21428571428571427, 0.32142857142857145, 0.3076923076923077, 0.42857142857142855, 0.25, 0.2857142857142857, 0.23076923076923078, 0.4230769230769231, 0.32142857142857145, 0.35714285714285715, 0.35714285714285715, 0.4230769230769231, 0.3076923076923077]
 mean: 0.3152014652014652, std: 0.0699154084498817
F1 (Intime): [0.08823529411764706, 0.1111111111111111, 0.08823529411764706, 0.16666666666666669, 0.20714285714285713, 0.35160427807486627, 0.14375, 0.18037135278514588, 0.09375, 0.27694235588972427, 0.225, 0.3023809523809524, 0.22962962962962963, 0.2833333333333333, 0.24450549450549453]
 mean: 0.19951057465033836, std: 0.08111507130470492
--------------------------------------------------
Subject Number: 7
Accuracy Cross: [0.2647058823529412, 0.2647058823529412, 0.2647058823529412, 0.2647058823529412, 0.2647058823529412, 0.2647058823529412, 0.2647058823529412, 0.2647058823529412, 0.2647058823529412, 0.2647058823529412, 0.20588235294117646, 0.2647058823529412, 0.2647058823529412, 0.22058823529411764, 0.27941176470588236]
 mean: 0.25882352941176473, std: 0.018445968355124295
F1 Score: [0.10465116279069768, 0.10465116279069768, 0.10465116279069768, 0.10465116279069768, 0.10465116279069768, 0.10465116279069768, 0.10465116279069768, 0.10465116279069768, 0.10465116279069768, 0.10465116279069768, 0.09333333333333334, 0.10465116279069768, 0.10465116279069768, 0.09259259259259259, 0.1797312430011198]
 mean: 0.10809807482769451, std: 0.019548747247824905
Accuracy Intime: [0.21428571428571427, 0.2857142857142857, 0.25, 0.3076923076923077, 0.23076923076923078, 0.2857142857142857, 0.2857142857142857, 0.35714285714285715, 0.23076923076923078, 0.3076923076923077, 0.35714285714285715, 0.21428571428571427, 0.32142857142857145, 0.46153846153846156, 0.4230769230769231]
 mean: 0.30219780219780223, std: 0.07102591494751154
F1 (Intime): [0.08823529411764706, 0.1111111111111111, 0.17418546365914786, 0.2, 0.09375, 0.1111111111111111, 0.1875, 0.28863636363636364, 0.09375, 0.11764705882352941, 0.22962962962962963, 0.09090909090909091, 0.29814814814814816, 0.2967032967032967, 0.2971014492753623]
 mean: 0.17856120114162918, std: 0.08190672897178214
--------------------------------------------------
Subject Number: 8
Accuracy Cross: [0.2647058823529412, 0.2647058823529412, 0.2647058823529412, 0.2647058823529412, 0.2647058823529412, 0.2647058823529412, 0.2647058823529412, 0.2647058823529412, 0.2647058823529412, 0.2647058823529412, 0.29411764705882354, 0.2647058823529412, 0.35294117647058826, 0.2647058823529412, 0.2647058823529412]
 mean: 0.2725490196078431, std: 0.02269771941723574
F1 Score: [0.10465116279069768, 0.10588235294117647, 0.10465116279069768, 0.10714285714285714, 0.10465116279069768, 0.10465116279069768, 0.10465116279069768, 0.10465116279069768, 0.10465116279069768, 0.10465116279069768, 0.1913839115516584, 0.10465116279069768, 0.2483668458117124, 0.10465116279069768, 0.10465116279069768]
 mean: 0.12026258387633858, std: 0.04043822003918408
Accuracy Intime: [0.21428571428571427, 0.2857142857142857, 0.21428571428571427, 0.3076923076923077, 0.2692307692307692, 0.39285714285714285, 0.2857142857142857, 0.35714285714285715, 0.23076923076923078, 0.3076923076923077, 0.39285714285714285, 0.25, 0.42857142857142855, 0.34615384615384615, 0.34615384615384615]
 mean: 0.3086080586080585, std: 0.06514072983069134
F1 (Intime): [0.08823529411764706, 0.1111111111111111, 0.08823529411764706, 0.11764705882352941, 0.17787114845938373, 0.2653958944281525, 0.21853146853146854, 0.24705882352941178, 0.14814814814814814, 0.17032967032967034, 0.2923280423280423, 0.10606060606060606, 0.36388888888888893, 0.22685185185185183, 0.23684210526315788]
 mean: 0.19056902706591444, std: 0.07979640746961149
--------------------------------------------------
Subject Number: 9
Accuracy Cross: [0.29411764705882354, 0.2647058823529412, 0.2647058823529412, 0.25, 0.17647058823529413, 0.2647058823529412, 0.2647058823529412, 0.2647058823529412, 0.2647058823529412, 0.2647058823529412, 0.2647058823529412, 0.2647058823529412, 0.2647058823529412, 0.2647058823529412, 0.2647058823529412]
 mean: 0.2598039215686274, std: 0.023813642748021807
F1 Score: [0.15384615384615385, 0.10465116279069768, 0.10465116279069768, 0.12050456253354803, 0.11272863008585293, 0.10465116279069768, 0.10465116279069768, 0.10465116279069768, 0.10465116279069768, 0.10465116279069768, 0.10465116279069768, 0.10465116279069768, 0.10465116279069768, 0.10465116279069768, 0.10465116279069768]
 mean: 0.10952621999692845, std: 0.012596904817710794
Accuracy Intime: [0.21428571428571427, 0.2857142857142857, 0.21428571428571427, 0.4230769230769231, 0.3076923076923077, 0.2857142857142857, 0.21428571428571427, 0.21428571428571427, 0.23076923076923078, 0.23076923076923078, 0.32142857142857145, 0.21428571428571427, 0.21428571428571427, 0.4230769230769231, 0.2692307692307692]
 mean: 0.2708791208791209, std: 0.06981698434466166
F1 (Intime): [0.08823529411764706, 0.1111111111111111, 0.08823529411764706, 0.275, 0.20869565217391306, 0.1111111111111111, 0.08823529411764706, 0.08823529411764706, 0.09375, 0.09375, 0.22592592592592592, 0.09090909090909091, 0.08823529411764706, 0.2698209718670077, 0.12962962962962962]
 mean: 0.13672533088773495, std: 0.06776559444550567
--------------------------------------------------
Subject Number: 10
Accuracy Cross: [0.2647058823529412, 0.29411764705882354, 0.2647058823529412, 0.2647058823529412, 0.29411764705882354, 0.2647058823529412, 0.2647058823529412, 0.2647058823529412, 0.27941176470588236, 0.2647058823529412, 0.2608695652173913, 0.2463768115942029, 0.2318840579710145, 0.2753623188405797, 0.2608695652173913]
 mean: 0.2663967036089798, std: 0.015187066694592063
F1 Score: [0.10465116279069768, 0.15714285714285714, 0.10465116279069768, 0.10465116279069768, 0.15413533834586465, 0.10465116279069768, 0.10465116279069768, 0.10465116279069768, 0.13224325874928283, 0.10465116279069768, 0.10465116279069768, 0.10240963855421686, 0.11467236467236468, 0.17857142857142858, 0.10344827586206896]
 mean: 0.118655497614911, std: 0.02393695330906531
Accuracy Intime: [0.21428571428571427, 0.2857142857142857, 0.25, 0.23076923076923078, 0.23076923076923078, 0.21428571428571427, 0.2857142857142857, 0.25, 0.34615384615384615, 0.34615384615384615, 0.35714285714285715, 0.2857142857142857, 0.2857142857142857, 0.3076923076923077, 0.23076923076923078]
 mean: 0.27472527472527475, std: 0.04682702851307144
F1 (Intime): [0.08823529411764706, 0.15151515151515152, 0.16233766233766234, 0.09375, 0.18831168831168832, 0.08823529411764706, 0.17857142857142855, 0.16312997347480107, 0.2264957264957265, 0.22474747474747475, 0.22962962962962963, 0.1111111111111111, 0.17882352941176471, 0.11764705882352941, 0.0967741935483871]
 mean: 0.15328768108090995, std: 0.04982984998551707
--------------------------------------------------
Subject Number: 11
Accuracy Cross: [0.2608695652173913, 0.2608695652173913, 0.2608695652173913, 0.2608695652173913, 0.2608695652173913, 0.2608695652173913, 0.2608695652173913, 0.2608695652173913, 0.2608695652173913, 0.2608695652173913, 0.2608695652173913, 0.2608695652173913, 0.2608695652173913, 0.17391304347826086, 0.2608695652173913]
 mean: 0.2550724637681159, std: 0.021690767459559078
F1 Score: [0.10344827586206896, 0.10465116279069768, 0.10344827586206896, 0.10344827586206896, 0.10344827586206896, 0.10344827586206896, 0.10344827586206896, 0.10344827586206896, 0.10344827586206896, 0.10344827586206896, 0.10344827586206896, 0.10344827586206896, 0.10344827586206896, 0.11513157894736842, 0.10344827586206896]
 mean: 0.10430735519633084, std: 0.002908335702857061
Accuracy Intime: [0.21428571428571427, 0.39285714285714285, 0.32142857142857145, 0.35714285714285715, 0.23076923076923078, 0.32142857142857145, 0.21428571428571427, 0.32142857142857145, 0.32142857142857145, 0.23076923076923078, 0.2857142857142857, 0.21428571428571427, 0.21428571428571427, 0.2857142857142857, 0.23076923076923078]
 mean: 0.2771062271062271, std: 0.05775651987925555
F1 (Intime): [0.08823529411764706, 0.252262443438914, 0.22634271099744246, 0.23232323232323232, 0.09375, 0.18571428571428572, 0.08823529411764706, 0.2835016835016835, 0.2186700767263427, 0.09375, 0.1111111111111111, 0.08823529411764706, 0.08823529411764706, 0.1111111111111111, 0.10344827586206896]
 mean: 0.15099507381711869, std: 0.0700672357814494
--------------------------------------------------
Subject Number: 12
Accuracy Cross: [0.27941176470588236, 0.2647058823529412, 0.2647058823529412, 0.2647058823529412, 0.2647058823529412, 0.2608695652173913, 0.2608695652173913, 0.2318840579710145, 0.2608695652173913, 0.2608695652173913, 0.2647058823529412, 0.2647058823529412, 0.2647058823529412, 0.2647058823529412, 0.2647058823529412]
 mean: 0.2624751349815288, std: 0.009229521261216431
F1 Score: [0.13219814241486066, 0.10465116279069768, 0.10465116279069768, 0.10465116279069768, 0.10465116279069768, 0.14103923647932132, 0.10344827586206896, 0.14398385913426265, 0.10344827586206896, 0.10344827586206896, 0.10465116279069768, 0.10465116279069768, 0.10465116279069768, 0.10465116279069768, 0.10714285714285714]
 mean: 0.11146121500553934, std: 0.014011628929663096
Accuracy Intime: [0.21428571428571427, 0.2857142857142857, 0.25, 0.4230769230769231, 0.23076923076923078, 0.2857142857142857, 0.21428571428571427, 0.2857142857142857, 0.23076923076923078, 0.2692307692307692, 0.35714285714285715, 0.35714285714285715, 0.39285714285714285, 0.3076923076923077, 0.23076923076923078]
 mean: 0.28901098901098904, std: 0.06412506146295614
F1 (Intime): [0.08823529411764706, 0.1111111111111111, 0.15625, 0.26, 0.09375, 0.1111111111111111, 0.08823529411764706, 0.24138443256090314, 0.09375, 0.15232974910394265, 0.21764705882352942, 0.23214285714285715, 0.275, 0.11764705882352941, 0.09375]
 mean: 0.15548959779415186, std: 0.06742180284327817
--------------------------------------------------
Subject Number: 13
Accuracy Cross: [0.2647058823529412, 0.23529411764705882, 0.2647058823529412, 0.2647058823529412, 0.3235294117647059, 0.2608695652173913, 0.2608695652173913, 0.2608695652173913, 0.2608695652173913, 0.2608695652173913, 0.3088235294117647, 0.17647058823529413, 0.27941176470588236, 0.22058823529411764, 0.2647058823529412]
 mean: 0.2604859335038363, std: 0.0326865826753401
F1 Score: [0.10465116279069768, 0.17121767121767123, 0.10465116279069768, 0.10588235294117647, 0.21161672216056235, 0.10344827586206896, 0.10344827586206896, 0.10344827586206896, 0.10344827586206896, 0.10344827586206896, 0.18340579710144927, 0.09057471264367817, 0.19056372549019607, 0.09375, 0.10465116279069768]
 mean: 0.1252137232824781, std: 0.0395301072548867
Accuracy Intime: [0.21428571428571427, 0.32142857142857145, 0.21428571428571427, 0.3076923076923077, 0.23076923076923078, 0.35714285714285715, 0.25, 0.32142857142857145, 0.23076923076923078, 0.3076923076923077, 0.35714285714285715, 0.21428571428571427, 0.35714285714285715, 0.3076923076923077, 0.2692307692307692]
 mean: 0.28406593406593406, std: 0.05301367393075524
F1 (Intime): [0.08823529411764706, 0.16764705882352943, 0.08823529411764706, 0.11764705882352941, 0.10344827586206896, 0.298051948051948, 0.14646464646464646, 0.23214285714285715, 0.09375, 0.20202020202020202, 0.2676651305683564, 0.128125, 0.2738095238095238, 0.23450292397660819, 0.15900383141762453]
 mean: 0.1733832696797459, std: 0.0704163776535206
--------------------------------------------------
Subject Number: 14
Accuracy Cross: [0.2647058823529412, 0.2647058823529412, 0.2647058823529412, 0.3088235294117647, 0.35294117647058826, 0.2647058823529412, 0.2647058823529412, 0.2647058823529412, 0.2647058823529412, 0.3382352941176471, 0.2647058823529412, 0.2647058823529412, 0.2647058823529412, 0.2647058823529412, 0.2647058823529412]
 mean: 0.2784313725490196, std: 0.02865027293373032
F1 Score: [0.10465116279069768, 0.10588235294117647, 0.10465116279069768, 0.258474193256802, 0.23105636431504292, 0.10465116279069768, 0.10465116279069768, 0.10465116279069768, 0.10465116279069768, 0.2210506844247133, 0.10465116279069768, 0.10465116279069768, 0.14166666666666666, 0.10465116279069768, 0.10465116279069768]
 mean: 0.13364279263409187, std: 0.05288515396753409
Accuracy Intime: [0.21428571428571427, 0.39285714285714285, 0.21428571428571427, 0.3076923076923077, 0.3076923076923077, 0.32142857142857145, 0.21428571428571427, 0.2857142857142857, 0.23076923076923078, 0.2692307692307692, 0.21428571428571427, 0.21428571428571427, 0.39285714285714285, 0.34615384615384615, 0.2692307692307692]
 mean: 0.2796703296703297, std: 0.061848382328489146
F1 (Intime): [0.08823529411764706, 0.2791666666666667, 0.08823529411764706, 0.11764705882352941, 0.2111111111111111, 0.20823529411764707, 0.08823529411764706, 0.1111111111111111, 0.09375, 0.15900383141762453, 0.1431818181818182, 0.08823529411764706, 0.24526315789473685, 0.22, 0.1675824175824176]
 mean: 0.15393290955848338, std: 0.06270158546235265
--------------------------------------------------
Subject Number: 15
Accuracy Cross: [0.2647058823529412, 0.27941176470588236, 0.2647058823529412, 0.2647058823529412, 0.3382352941176471, 0.2647058823529412, 0.2647058823529412, 0.27941176470588236, 0.2647058823529412, 0.23529411764705882, 0.2647058823529412, 0.2647058823529412, 0.2647058823529412, 0.23529411764705882, 0.25]
 mean: 0.26666666666666666, std: 0.02269771941723574
F1 Score: [0.10465116279069768, 0.18201825557809329, 0.10465116279069768, 0.10465116279069768, 0.21873666239863424, 0.10465116279069768, 0.10465116279069768, 0.13219814241486066, 0.10465116279069768, 0.11538461538461539, 0.10465116279069768, 0.10465116279069768, 0.10465116279069768, 0.19175646387252357, 0.16252354048964218]
 mean: 0.12963187635030987, std: 0.037816412826566746
Accuracy Intime: [0.21428571428571427, 0.32142857142857145, 0.25, 0.3076923076923077, 0.23076923076923078, 0.32142857142857145, 0.32142857142857145, 0.21428571428571427, 0.23076923076923078, 0.34615384615384615, 0.39285714285714285, 0.39285714285714285, 0.32142857142857145, 0.38461538461538464, 0.34615384615384615]
 mean: 0.30641025641025643, std: 0.061494838890647066
F1 (Intime): [0.08823529411764706, 0.16764705882352943, 0.175, 0.19047619047619047, 0.09375, 0.22248803827751196, 0.18735632183908046, 0.09090909090909091, 0.15238095238095237, 0.2398119122257053, 0.2638888888888889, 0.26136363636363635, 0.18571428571428572, 0.302020202020202, 0.18458781362007168]
 mean: 0.1870419790437862, std: 0.06225761576904454
--------------------------------------------------
Subject Number: 16
Accuracy Cross: [0.2647058823529412, 0.22058823529411764, 0.2647058823529412, 0.23529411764705882, 0.27941176470588236, 0.2647058823529412, 0.2647058823529412, 0.22058823529411764, 0.2647058823529412, 0.3235294117647059, 0.2647058823529412, 0.2647058823529412, 0.20588235294117646, 0.25, 0.2647058823529412]
 mean: 0.25686274509803925, std: 0.027310565249380636
F1 Score: [0.10465116279069768, 0.11126126126126126, 0.10465116279069768, 0.13700384122919335, 0.1848625629113434, 0.15135135135135136, 0.10465116279069768, 0.10833333333333332, 0.10465116279069768, 0.2117063492063492, 0.10465116279069768, 0.10465116279069768, 0.10517012814847547, 0.12083333333333333, 0.10465116279069768]
 mean: 0.12420535335396828, std: 0.03235858802336523
Accuracy Intime: [0.21428571428571427, 0.39285714285714285, 0.32142857142857145, 0.2692307692307692, 0.2692307692307692, 0.2857142857142857, 0.21428571428571427, 0.42857142857142855, 0.2692307692307692, 0.34615384615384615, 0.2857142857142857, 0.25, 0.39285714285714285, 0.3076923076923077, 0.23076923076923078]
 mean: 0.29853479853479853, std: 0.06409733102658473
F1 (Intime): [0.08823529411764706, 0.25, 0.2435064935064935, 0.15109890109890112, 0.21233766233766233, 0.19806763285024154, 0.08823529411764706, 0.2917771883289125, 0.1967741935483871, 0.24747474747474746, 0.19523809523809524, 0.14375, 0.2833333333333333, 0.19791666666666669, 0.09375]
 mean: 0.19209970017458228, std: 0.06485802830772723
--------------------------------------------------
Subject Number: 17
Accuracy Cross: [0.2608695652173913, 0.2608695652173913, 0.2608695652173913, 0.2898550724637681, 0.2753623188405797, 0.2753623188405797, 0.2608695652173913, 0.2608695652173913, 0.2608695652173913, 0.21739130434782608, 0.25, 0.2647058823529412, 0.2647058823529412, 0.3382352941176471, 0.2647058823529412]
 mean: 0.2670360897982381, std: 0.024121862388602755
F1 Score: [0.10344827586206896, 0.10344827586206896, 0.10344827586206896, 0.21828567423605272, 0.13088235294117648, 0.17416829745596868, 0.10344827586206896, 0.10344827586206896, 0.10344827586206896, 0.08928571428571429, 0.10365853658536585, 0.10465116279069768, 0.10465116279069768, 0.253513356562137, 0.15897435897435896]
 mean: 0.13058401811963888, std: 0.04740080243477103
Accuracy Intime: [0.21428571428571427, 0.35714285714285715, 0.21428571428571427, 0.38461538461538464, 0.23076923076923078, 0.32142857142857145, 0.32142857142857145, 0.32142857142857145, 0.23076923076923078, 0.3076923076923077, 0.2857142857142857, 0.21428571428571427, 0.2857142857142857, 0.32142857142857145, 0.3076923076923077]
 mean: 0.2879120879120879, std: 0.05305541848164095
F1 (Intime): [0.08823529411764706, 0.228287841191067, 0.08823529411764706, 0.28517316017316013, 0.09375, 0.2159090909090909, 0.17045454545454547, 0.25, 0.09375, 0.11764705882352941, 0.1111111111111111, 0.08823529411764706, 0.1111111111111111, 0.16666666666666669, 0.20714285714285713]
 mean: 0.15438062166240535, std: 0.06545358052378529
--------------------------------------------------
Subject Number: 18
Accuracy Cross: [0.2608695652173913, 0.2753623188405797, 0.2608695652173913, 0.2463768115942029, 0.2608695652173913, 0.23529411764705882, 0.2647058823529412, 0.2647058823529412, 0.2647058823529412, 0.22058823529411764, 0.25, 0.2647058823529412, 0.27941176470588236, 0.2647058823529412, 0.25]
 mean: 0.2575447570332481, std: 0.014570857526306758
F1 Score: [0.10344827586206896, 0.1331548198636806, 0.10344827586206896, 0.1427654109589041, 0.10344827586206896, 0.1372549019607843, 0.13256738842244808, 0.10465116279069768, 0.10465116279069768, 0.1303827751196172, 0.179189352692075, 0.10465116279069768, 0.13219814241486066, 0.10465116279069768, 0.1]
 mean: 0.12109748467875782, std: 0.0216842786769567
Accuracy Intime: [0.21428571428571427, 0.39285714285714285, 0.25, 0.38461538461538464, 0.23076923076923078, 0.32142857142857145, 0.35714285714285715, 0.21428571428571427, 0.3076923076923077, 0.2692307692307692, 0.2857142857142857, 0.21428571428571427, 0.35714285714285715, 0.34615384615384615, 0.23076923076923078]
 mean: 0.2917582417582418, std: 0.06283305975792401
F1 (Intime): [0.08823529411764706, 0.2797979797979798, 0.175, 0.24808184143222506, 0.1, 0.1801470588235294, 0.2361111111111111, 0.15476190476190477, 0.26666666666666666, 0.2288359788359788, 0.11764705882352941, 0.08823529411764706, 0.23863636363636365, 0.2605263157894737, 0.09375]
 mean: 0.18376219119427045, std: 0.06956059776113784
--------------------------------------------------
Subject Number: 19
Accuracy Cross: [0.2647058823529412, 0.25, 0.2647058823529412, 0.25, 0.23529411764705882, 0.25, 0.2647058823529412, 0.25, 0.2647058823529412, 0.25, 0.2647058823529412, 0.27941176470588236, 0.2647058823529412, 0.20588235294117646, 0.19117647058823528]
 mean: 0.25, std: 0.022782254977690694
F1 Score: [0.10465116279069768, 0.10240963855421686, 0.10465116279069768, 0.15355722492266902, 0.1, 0.10119047619047619, 0.10465116279069768, 0.10119047619047619, 0.10465116279069768, 0.16407407407407407, 0.10465116279069768, 0.13333333333333333, 0.10588235294117647, 0.1318267419962335, 0.12481481481481481]
 mean: 0.11610232979806391, std: 0.01995966777481876
Accuracy Intime: [0.21428571428571427, 0.35714285714285715, 0.2857142857142857, 0.34615384615384615, 0.2692307692307692, 0.25, 0.21428571428571427, 0.2857142857142857, 0.23076923076923078, 0.2692307692307692, 0.21428571428571427, 0.25, 0.32142857142857145, 0.46153846153846156, 0.3076923076923077]
 mean: 0.2851648351648352, std: 0.06472642523402677
F1 (Intime): [0.08823529411764706, 0.2922077922077922, 0.18681318681318682, 0.18055555555555555, 0.1751918158567775, 0.20490196078431372, 0.08823529411764706, 0.11428571428571428, 0.0967741935483871, 0.20192307692307693, 0.11954022988505747, 0.16666666666666666, 0.23313782991202345, 0.301994301994302, 0.17032967032967034]
 mean: 0.17471950553318785, std: 0.06483941717278931
--------------------------------------------------
Subject Number: 20
Accuracy Cross: [0.2647058823529412, 0.27941176470588236, 0.29411764705882354, 0.2647058823529412, 0.23529411764705882, 0.25, 0.2647058823529412, 0.2647058823529412, 0.2647058823529412, 0.2647058823529412, 0.2608695652173913, 0.2898550724637681, 0.2463768115942029, 0.34782608695652173, 0.2608695652173913]
 mean: 0.27019039499857916, std: 0.025322284313969386
F1 Score: [0.10465116279069768, 0.20358013937282232, 0.16541353383458646, 0.10465116279069768, 0.14487228364468166, 0.1, 0.12621916236374067, 0.10465116279069768, 0.10465116279069768, 0.10465116279069768, 0.10344827586206896, 0.18402225755166932, 0.1, 0.2495798319327731, 0.10465116279069768]
 mean: 0.13366949742043524, std: 0.044929405761309944
Accuracy Intime: [0.21428571428571427, 0.39285714285714285, 0.25, 0.5, 0.2692307692307692, 0.2857142857142857, 0.32142857142857145, 0.2857142857142857, 0.23076923076923078, 0.3076923076923077, 0.2857142857142857, 0.17857142857142858, 0.32142857142857145, 0.3076923076923077, 0.34615384615384615]
 mean: 0.29981684981684975, std: 0.07426643947293789
F1 (Intime): [0.08823529411764706, 0.3274122807017544, 0.1715542521994135, 0.37263099219620954, 0.1925925925925926, 0.1111111111111111, 0.19642857142857142, 0.23928571428571432, 0.1517857142857143, 0.20833333333333331, 0.1111111111111111, 0.11784897025171624, 0.16984126984126985, 0.11764705882352941, 0.18458781362007168]
 mean: 0.18402707199331736, std: 0.07745719184003243
--------------------------------------------------
Subject Number: 21
Accuracy Cross: [0.25, 0.22058823529411764, 0.2647058823529412, 0.27941176470588236, 0.19117647058823528, 0.20588235294117646, 0.27941176470588236, 0.25, 0.2647058823529412, 0.23529411764705882, 0.2647058823529412, 0.2647058823529412, 0.2647058823529412, 0.2647058823529412, 0.19117647058823528]
 mean: 0.24607843137254903, std: 0.029149154406506887
F1 Score: [0.10119047619047619, 0.09146341463414634, 0.10588235294117647, 0.13461538461538464, 0.09965855740503628, 0.0875, 0.1658385093167702, 0.17117117117117117, 0.10465116279069768, 0.1443932411674347, 0.10465116279069768, 0.10465116279069768, 0.10465116279069768, 0.12708333333333333, 0.10185185185185185]
 mean: 0.11661686291930479, std: 0.025187240648860108
Accuracy Intime: [0.21428571428571427, 0.42857142857142855, 0.2857142857142857, 0.3076923076923077, 0.38461538461538464, 0.2857142857142857, 0.21428571428571427, 0.32142857142857145, 0.38461538461538464, 0.4230769230769231, 0.2857142857142857, 0.2857142857142857, 0.2857142857142857, 0.34615384615384615, 0.38461538461538464]
 mean: 0.3225274725274725, std: 0.06527293691510538
F1 (Intime): [0.08823529411764706, 0.35321969696969696, 0.20460358056265984, 0.13333333333333333, 0.2604166666666667, 0.20202020202020202, 0.08823529411764706, 0.2668067226890756, 0.2761904761904762, 0.29261363636363635, 0.1111111111111111, 0.11764705882352941, 0.19240196078431374, 0.1962962962962963, 0.25935960591133006]
 mean: 0.20283272906384145, std: 0.07898614470919847
--------------------------------------------------
Subject Number: 22
Accuracy Cross: [0.2647058823529412, 0.2647058823529412, 0.2647058823529412, 0.2647058823529412, 0.2647058823529412, 0.2753623188405797, 0.2608695652173913, 0.2753623188405797, 0.2608695652173913, 0.2898550724637681, 0.2647058823529412, 0.2647058823529412, 0.25, 0.3235294117647059, 0.2647058823529412]
 mean: 0.2702330207445297, std: 0.016547441705650274
F1 Score: [0.10465116279069768, 0.10588235294117647, 0.10465116279069768, 0.10465116279069768, 0.10588235294117647, 0.1331548198636806, 0.10714285714285714, 0.16586748038360943, 0.10344827586206896, 0.19344141488577743, 0.10465116279069768, 0.10465116279069768, 0.13499779054352629, 0.2113095238095238, 0.10465116279069768]
 mean: 0.1259355896745055, std: 0.034598471434412394
Accuracy Intime: [0.21428571428571427, 0.32142857142857145, 0.25, 0.23076923076923078, 0.23076923076923078, 0.35714285714285715, 0.2857142857142857, 0.32142857142857145, 0.23076923076923078, 0.3076923076923077, 0.32142857142857145, 0.2857142857142857, 0.32142857142857145, 0.3076923076923077, 0.2692307692307692]
 mean: 0.2836996336996337, std: 0.042281123224199885
F1 (Intime): [0.08823529411764706, 0.20526315789473684, 0.19175627240143367, 0.09375, 0.09375, 0.24166666666666667, 0.1111111111111111, 0.1744868035190616, 0.09375, 0.20869565217391306, 0.17676767676767677, 0.1111111111111111, 0.18571428571428572, 0.11764705882352941, 0.10606060606060606]
 mean: 0.1466510464241186, std: 0.05058200673490408
--------------------------------------------------
Subject Number: 23
Accuracy Cross: [0.2608695652173913, 0.3333333333333333, 0.2608695652173913, 0.2608695652173913, 0.2608695652173913, 0.2647058823529412, 0.22058823529411764, 0.2647058823529412, 0.2647058823529412, 0.27941176470588236, 0.2318840579710145, 0.2753623188405797, 0.2608695652173913, 0.2753623188405797, 0.2608695652173913]
 mean: 0.2650184711565785, std: 0.023471381890044263
F1 Score: [0.10344827586206896, 0.24775707384403034, 0.10344827586206896, 0.10344827586206896, 0.10344827586206896, 0.10465116279069768, 0.09146341463414634, 0.10465116279069768, 0.10465116279069768, 0.13461538461538464, 0.1, 0.18233618233618232, 0.10344827586206896, 0.1581196581196581, 0.15375]
 mean: 0.12661577208212266, std: 0.04135038751892709
Accuracy Intime: [0.21428571428571427, 0.2857142857142857, 0.2857142857142857, 0.3076923076923077, 0.23076923076923078, 0.42857142857142855, 0.21428571428571427, 0.32142857142857145, 0.25, 0.4230769230769231, 0.2857142857142857, 0.21428571428571427, 0.39285714285714285, 0.34615384615384615, 0.2692307692307692]
 mean: 0.2979853479853479, std: 0.07013384673050521
F1 (Intime): [0.08823529411764706, 0.1111111111111111, 0.2142857142857143, 0.21955128205128205, 0.09375, 0.2857142857142857, 0.09090909090909091, 0.1801470588235294, 0.14890282131661442, 0.2774936061381074, 0.11428571428571428, 0.08823529411764706, 0.25, 0.22121212121212122, 0.16820276497695852]
 mean: 0.17013574393732156, std: 0.06877367016208961
--------------------------------------------------
Subject Number: 24
Accuracy Cross: [0.2647058823529412, 0.3088235294117647, 0.2647058823529412, 0.29411764705882354, 0.3088235294117647, 0.2647058823529412, 0.22058823529411764, 0.2647058823529412, 0.3088235294117647, 0.25, 0.22058823529411764, 0.29411764705882354, 0.27941176470588236, 0.22058823529411764, 0.3088235294117647]
 mean: 0.27156862745098037, std: 0.031707767899600454
F1 Score: [0.10465116279069768, 0.25148646801530894, 0.10465116279069768, 0.15605278255880667, 0.18876518218623484, 0.1663032581453634, 0.1303827751196172, 0.10465116279069768, 0.196875, 0.1, 0.16891252955082742, 0.16666666666666669, 0.20206093189964155, 0.1458966565349544, 0.2574884792626728]
 mean: 0.1629896145541458, std: 0.048813788133129365
Accuracy Intime: [0.21428571428571427, 0.25, 0.21428571428571427, 0.38461538461538464, 0.23076923076923078, 0.39285714285714285, 0.39285714285714285, 0.21428571428571427, 0.34615384615384615, 0.3076923076923077, 0.32142857142857145, 0.25, 0.32142857142857145, 0.3076923076923077, 0.3076923076923077]
 mean: 0.29706959706959707, std: 0.06289442356956677
F1 (Intime): [0.08823529411764706, 0.1, 0.08823529411764706, 0.31848739495798317, 0.1497326203208556, 0.3308080808080808, 0.2716346153846154, 0.14578005115089515, 0.22681704260651628, 0.2518207282913165, 0.2222222222222222, 0.175, 0.21717171717171718, 0.20738636363636365, 0.2419871794871795]
 mean: 0.2023545736182026, std: 0.0745132669198331
--------------------------------------------------
Subject Number: 25
Accuracy Cross: [0.2608695652173913, 0.2608695652173913, 0.2608695652173913, 0.2753623188405797, 0.2608695652173913, 0.2647058823529412, 0.2647058823529412, 0.2647058823529412, 0.3382352941176471, 0.23529411764705882, 0.23529411764705882, 0.2647058823529412, 0.27941176470588236, 0.22058823529411764, 0.2647058823529412]
 mean: 0.26341290139244106, std: 0.025095364667985207
F1 Score: [0.10344827586206896, 0.10344827586206896, 0.10344827586206896, 0.1581196581196581, 0.10344827586206896, 0.10465116279069768, 0.10465116279069768, 0.10465116279069768, 0.21486928104575165, 0.0963855421686747, 0.0963855421686747, 0.10465116279069768, 0.15240963855421685, 0.14476102941176472, 0.10588235294117647]
 mean: 0.12008071993473227, std: 0.03211382156507325
Accuracy Intime: [0.21428571428571427, 0.35714285714285715, 0.21428571428571427, 0.2692307692307692, 0.5769230769230769, 0.25, 0.21428571428571427, 0.2857142857142857, 0.34615384615384615, 0.3076923076923077, 0.2857142857142857, 0.21428571428571427, 0.2857142857142857, 0.5384615384615384, 0.38461538461538464]
 mean: 0.3163003663003663, std: 0.10820533900743563
F1 (Intime): [0.08823529411764706, 0.2868131868131868, 0.08823529411764706, 0.14190981432360744, 0.5095238095238095, 0.1801470588235294, 0.08823529411764706, 0.19047619047619047, 0.2388888888888889, 0.12903225806451613, 0.1111111111111111, 0.09090909090909091, 0.1111111111111111, 0.36813186813186816, 0.25]
 mean: 0.19151735136865672, std: 0.1179310349946968
--------------------------------------------------
Subject Number: 26
Accuracy Cross: [0.2608695652173913, 0.2608695652173913, 0.2608695652173913, 0.2608695652173913, 0.2608695652173913, 0.2647058823529412, 0.2647058823529412, 0.2647058823529412, 0.2647058823529412, 0.2647058823529412, 0.2647058823529412, 0.23529411764705882, 0.2647058823529412, 0.2647058823529412, 0.2647058823529412]
 mean: 0.26146632566069905, std: 0.007216728878113662
F1 Score: [0.10344827586206896, 0.10344827586206896, 0.10344827586206896, 0.10344827586206896, 0.10344827586206896, 0.10465116279069768, 0.10465116279069768, 0.10465116279069768, 0.10465116279069768, 0.10465116279069768, 0.10465116279069768, 0.09876543209876543, 0.10465116279069768, 0.17543859649122806, 0.10465116279069768]
 mean: 0.10857698068172798, std: 0.017928667154025073
Accuracy Intime: [0.21428571428571427, 0.2857142857142857, 0.21428571428571427, 0.3076923076923077, 0.34615384615384615, 0.35714285714285715, 0.21428571428571427, 0.21428571428571427, 0.23076923076923078, 0.23076923076923078, 0.32142857142857145, 0.32142857142857145, 0.2857142857142857, 0.38461538461538464, 0.3076923076923077]
 mean: 0.2824175824175824, std: 0.05676651216831615
F1 (Intime): [0.08823529411764706, 0.1111111111111111, 0.08823529411764706, 0.11764705882352941, 0.23863636363636365, 0.27252747252747256, 0.08823529411764706, 0.08823529411764706, 0.09375, 0.09375, 0.18982630272952855, 0.22592592592592592, 0.20159151193633953, 0.2506265664160401, 0.11764705882352941]
 mean: 0.1510653698933619, std: 0.06742108657898178
--------------------------------------------------
Subject Number: 27
Accuracy Cross: [0.2608695652173913, 0.2608695652173913, 0.2608695652173913, 0.2898550724637681, 0.2753623188405797, 0.2753623188405797, 0.2608695652173913, 0.2608695652173913, 0.2608695652173913, 0.21739130434782608, 0.25, 0.2647058823529412, 0.2647058823529412, 0.3382352941176471, 0.2647058823529412]
 mean: 0.2670360897982381, std: 0.024121862388602755
F1 Score: [0.10344827586206896, 0.10344827586206896, 0.10344827586206896, 0.21828567423605272, 0.13088235294117648, 0.17416829745596868, 0.10344827586206896, 0.10344827586206896, 0.10344827586206896, 0.08928571428571429, 0.10365853658536585, 0.10465116279069768, 0.10465116279069768, 0.253513356562137, 0.15897435897435896]
 mean: 0.13058401811963888, std: 0.04740080243477103
Accuracy Intime: [0.21428571428571427, 0.35714285714285715, 0.21428571428571427, 0.38461538461538464, 0.23076923076923078, 0.32142857142857145, 0.32142857142857145, 0.32142857142857145, 0.23076923076923078, 0.3076923076923077, 0.2857142857142857, 0.21428571428571427, 0.2857142857142857, 0.32142857142857145, 0.3076923076923077]
 mean: 0.2879120879120879, std: 0.05305541848164095
F1 (Intime): [0.08823529411764706, 0.228287841191067, 0.08823529411764706, 0.28517316017316013, 0.09375, 0.2159090909090909, 0.17045454545454547, 0.25, 0.09375, 0.11764705882352941, 0.1111111111111111, 0.08823529411764706, 0.1111111111111111, 0.16666666666666669, 0.20714285714285713]
 mean: 0.15438062166240535, std: 0.06545358052378529
--------------------------------------------------
Subject Number: 28
Accuracy Cross: [0.2647058823529412, 0.2647058823529412, 0.2647058823529412, 0.2647058823529412, 0.2647058823529412, 0.27941176470588236, 0.2647058823529412, 0.2647058823529412, 0.2647058823529412, 0.2647058823529412, 0.2647058823529412, 0.2647058823529412, 0.2647058823529412, 0.2647058823529412, 0.16176470588235295]
 mean: 0.25882352941176473, std: 0.02619684159977919
F1 Score: [0.10465116279069768, 0.10465116279069768, 0.10465116279069768, 0.10465116279069768, 0.12638580931263857, 0.13214285714285715, 0.10843373493975904, 0.10465116279069768, 0.10465116279069768, 0.10465116279069768, 0.10465116279069768, 0.10465116279069768, 0.10465116279069768, 0.10465116279069768, 0.10576923076923078]
 mean: 0.10825962819081066, std: 0.008360345717319593
Accuracy Intime: [0.21428571428571427, 0.32142857142857145, 0.21428571428571427, 0.3076923076923077, 0.2692307692307692, 0.2857142857142857, 0.32142857142857145, 0.21428571428571427, 0.23076923076923078, 0.23076923076923078, 0.39285714285714285, 0.2857142857142857, 0.25, 0.34615384615384615, 0.23076923076923078]
 mean: 0.2743589743589744, std: 0.05300481479948754
F1 (Intime): [0.08823529411764706, 0.2675438596491228, 0.08823529411764706, 0.12121212121212122, 0.1625, 0.11428571428571428, 0.20823529411764707, 0.08823529411764706, 0.09375, 0.09375, 0.2638888888888889, 0.1111111111111111, 0.16312997347480107, 0.22431077694235588, 0.09375]
 mean: 0.14547824146898022, std: 0.06339087880284791
--------------------------------------------------
Subject Number: 29
Accuracy Cross: [0.2647058823529412, 0.27941176470588236, 0.2647058823529412, 0.2647058823529412, 0.2647058823529412, 0.2647058823529412, 0.2647058823529412, 0.2647058823529412, 0.2647058823529412, 0.27941176470588236, 0.2608695652173913, 0.2753623188405797, 0.17391304347826086, 0.11594202898550725, 0.2463768115942029]
 mean: 0.24992895709008242, std: 0.04320140322605649
F1 Score: [0.10465116279069768, 0.13219814241486066, 0.10465116279069768, 0.10465116279069768, 0.10465116279069768, 0.10465116279069768, 0.10465116279069768, 0.10465116279069768, 0.10465116279069768, 0.18220495745468, 0.10843373493975904, 0.18257184966838613, 0.09439586645468999, 0.07584745762711864, 0.10365853658536585]
 mean: 0.11443465649802946, std: 0.028704734862391643
Accuracy Intime: [0.21428571428571427, 0.32142857142857145, 0.21428571428571427, 0.34615384615384615, 0.23076923076923078, 0.32142857142857145, 0.25, 0.35714285714285715, 0.23076923076923078, 0.38461538461538464, 0.32142857142857145, 0.2857142857142857, 0.35714285714285715, 0.4230769230769231, 0.34615384615384615]
 mean: 0.3069597069597069, std: 0.063630917950501
F1 (Intime): [0.08823529411764706, 0.22976190476190475, 0.08823529411764706, 0.17639257294429708, 0.0967741935483871, 0.209375, 0.17067307692307693, 0.23569794050343248, 0.09375, 0.26785714285714285, 0.21428571428571427, 0.1111111111111111, 0.23809523809523808, 0.26785714285714285, 0.2944444444444444]
 mean: 0.18550307137114572, std: 0.07076995511092818
--------------------------------------------------
**************************************************
accuracy_cross_list: [0.2566780335322535, 0.2611821540210287, 0.2486217675475987, 0.2792270531400966, 0.26568627450980387, 0.2971582836032964, 0.25882352941176473, 0.2725490196078431, 0.2598039215686274, 0.2663967036089798, 0.2550724637681159, 0.2624751349815288, 0.2604859335038363, 0.2784313725490196, 0.26666666666666666, 0.25686274509803925, 0.2670360897982381, 0.2575447570332481, 0.25, 0.27019039499857916, 0.24607843137254903, 0.2702330207445297, 0.2650184711565785, 0.27156862745098037, 0.26341290139244106, 0.26146632566069905, 0.2670360897982381, 0.25882352941176473, 0.24992895709008242]
f1_score_list: [0.11445919149721652, 0.10378546607095124, 0.12811685482580581, 0.1397972196408472, 0.11978762073413557, 0.16851444638697158, 0.10809807482769451, 0.12026258387633858, 0.10952621999692845, 0.118655497614911, 0.10430735519633084, 0.11146121500553934, 0.1252137232824781, 0.13364279263409187, 0.12963187635030987, 0.12420535335396828, 0.13058401811963888, 0.12109748467875782, 0.11610232979806391, 0.13366949742043524, 0.11661686291930479, 0.1259355896745055, 0.12661577208212266, 0.1629896145541458, 0.12008071993473227, 0.10857698068172798, 0.13058401811963888, 0.10825962819081066, 0.11443465649802946]
accuracy_intime_list: [0.32069597069597067, 0.26648351648351654, 0.29578754578754574, 0.3027472527472527, 0.31080586080586076, 0.3152014652014652, 0.30219780219780223, 0.3086080586080585, 0.2708791208791209, 0.27472527472527475, 0.2771062271062271, 0.28901098901098904, 0.28406593406593406, 0.2796703296703297, 0.30641025641025643, 0.29853479853479853, 0.2879120879120879, 0.2917582417582418, 0.2851648351648352, 0.29981684981684975, 0.3225274725274725, 0.2836996336996337, 0.2979853479853479, 0.29706959706959707, 0.3163003663003663, 0.2824175824175824, 0.2879120879120879, 0.2743589743589744, 0.3069597069597069]
f1_score_intime_list: [0.21714531702681233, 0.13643476420273626, 0.18938914402403248, 0.17544343048019517, 0.19288212728350984, 0.19951057465033836, 0.17856120114162918, 0.19056902706591444, 0.13672533088773495, 0.15328768108090995, 0.15099507381711869, 0.15548959779415186, 0.1733832696797459, 0.15393290955848338, 0.1870419790437862, 0.19209970017458228, 0.15438062166240535, 0.18376219119427045, 0.17471950553318785, 0.18402707199331736, 0.20283272906384145, 0.1466510464241186, 0.17013574393732156, 0.2023545736182026, 0.19151735136865672, 0.1510653698933619, 0.15438062166240535, 0.14547824146898022, 0.18550307137114572]
**************************************************
ACC: 26.36±1.03
F1: 12.33±1.48
Intime: 29.44±1.51
F1 (Intime): 17.34±2.16
