1e-06
Subject Number: 1
Accuracy Cross: [0.5, 0.5, 0.5, 0.5, 0.5, 0.42857142857142855, 0.5, 0.5, 0.75, 0.5357142857142857, 0.5, 0.5714285714285714, 0.5, 0.5, 0.5]
 mean: 0.5190476190476191, std: 0.067595569364659
F1 Score: [0.3333333333333333, 0.3333333333333333, 0.3333333333333333, 0.3333333333333333, 0.3333333333333333, 0.31661016949152543, 0.3333333333333333, 0.3333333333333333, 0.7393231860499483, 0.408130081300813, 0.3333333333333333, 0.5333333333333333, 0.3333333333333333, 0.3333333333333333, 0.3333333333333333]
 mean: 0.37760422912281905, std: 0.10994037626950247
Accuracy Intime: [0.5294117647058824, 0.47058823529411764, 0.47058823529411764, 0.5294117647058824, 0.5, 0.5294117647058824, 0.5882352941176471, 0.5294117647058824, 0.47058823529411764, 0.5, 0.6764705882352942, 0.5882352941176471, 0.5294117647058824, 0.47058823529411764, 0.5625]
 mean: 0.529656862745098, std: 0.05490086658573495
F1 (Intime): [0.34615384615384615, 0.32, 0.32, 0.34615384615384615, 0.3333333333333333, 0.34615384615384615, 0.5041666666666667, 0.34615384615384615, 0.32, 0.3333333333333333, 0.652093023255814, 0.5041666666666667, 0.34615384615384615, 0.32, 0.45893719806763283]
 mean: 0.3864532968061785, std: 0.09485396051365609
--------------------------------------------------
Subject Number: 2
Accuracy Cross: [0.5, 0.5, 0.5357142857142857, 0.5, 0.8809523809523809, 0.5, 0.5, 0.5, 0.5119047619047619, 0.6904761904761905, 0.8452380952380952, 0.7976190476190477, 0.7738095238095238, 0.7142857142857143, 0.6666666666666666]
 mean: 0.6277777777777777, std: 0.14008329955354065
F1 Score: [0.3333333333333333, 0.3333333333333333, 0.43817527010804325, 0.3333333333333333, 0.8803418803418803, 0.3333333333333333, 0.3333333333333333, 0.3333333333333333, 0.3592558139534884, 0.6576802507836991, 0.8441558441558441, 0.7962037962037962, 0.7730052624093302, 0.703529411764706, 0.6571428571428571]
 mean: 0.5406326924575763, std: 0.21321125174223485
Accuracy Intime: [0.7058823529411765, 0.8823529411764706, 0.47058823529411764, 0.5, 0.90625, 0.5, 0.47058823529411764, 0.47058823529411764, 0.9117647058823529, 0.625, 0.8529411764705882, 0.9705882352941176, 0.9411764705882353, 0.8529411764705882, 0.75]
 mean: 0.7207107843137255, std: 0.18945832697592146
F1 (Intime): [0.6886446886446886, 0.8785714285714286, 0.32, 0.37916219119226635, 0.9054187192118226, 0.37916219119226635, 0.32, 0.32, 0.9098143236074271, 0.625, 0.85178727114211, 0.9705627705627706, 0.9403508771929825, 0.8528138528138528, 0.7490196078431373]
 mean: 0.6726871947983167, std: 0.24920027905555803
--------------------------------------------------
Subject Number: 3
Accuracy Cross: [0.5, 0.5, 0.5, 0.5119047619047619, 0.5, 0.5, 0.5, 0.5, 0.5119047619047619, 0.5, 0.5, 0.4880952380952381, 0.5, 0.5, 0.5]
 mean: 0.5007936507936508, std: 0.00526448379421491
F1 Score: [0.3333333333333333, 0.3333333333333333, 0.3333333333333333, 0.3592558139534884, 0.3333333333333333, 0.3333333333333333, 0.3333333333333333, 0.3333333333333333, 0.3592558139534884, 0.3333333333333333, 0.3875, 0.4874414644529587, 0.3333333333333333, 0.3333333333333333, 0.3333333333333333]
 mean: 0.3506746506017734, std: 0.03959501196606761
Accuracy Intime: [0.5294117647058824, 0.6176470588235294, 0.47058823529411764, 0.5294117647058824, 0.5625, 0.5294117647058824, 0.47058823529411764, 0.5294117647058824, 0.5294117647058824, 0.5, 0.47058823529411764, 0.5588235294117647, 0.5294117647058824, 0.47058823529411764, 0.53125]
 mean: 0.5219362745098038, std: 0.03967901838745805
F1 (Intime): [0.34615384615384615, 0.5252416756176155, 0.32, 0.34615384615384615, 0.5151515151515151, 0.34615384615384615, 0.32, 0.34615384615384615, 0.34615384615384615, 0.3333333333333333, 0.32, 0.411764705882353, 0.34615384615384615, 0.32, 0.4909862142099682]
 mean: 0.3755600347411908, std: 0.07110717912877133
--------------------------------------------------
Subject Number: 4
Accuracy Cross: [0.5, 0.6904761904761905, 0.5, 0.5, 0.5, 0.5, 0.5476190476190477, 0.7023809523809523, 0.6071428571428571, 0.5, 0.5, 0.5833333333333334, 0.4642857142857143, 0.4523809523809524, 0.5595238095238095]
 mean: 0.5404761904761906, std: 0.0732312214249033
F1 Score: [0.3333333333333333, 0.662962962962963, 0.3333333333333333, 0.3333333333333333, 0.3333333333333333, 0.3333333333333333, 0.43121881682109764, 0.6825396825396826, 0.5452009844134537, 0.35337243401759527, 0.3333333333333333, 0.5353247984826932, 0.36651583710407243, 0.3114754098360656, 0.5167159073238998]
 mean: 0.42702178890010156, std: 0.1237786921025511
Accuracy Intime: [0.5882352941176471, 0.7647058823529411, 0.5, 0.47058823529411764, 0.5, 0.47058823529411764, 0.6176470588235294, 0.5588235294117647, 0.6764705882352942, 0.65625, 0.47058823529411764, 0.7352941176470589, 0.6764705882352942, 0.6764705882352942, 0.8125]
 mean: 0.6116421568627451, std: 0.11004560783392085
F1 (Intime): [0.5868055555555556, 0.7638888888888888, 0.37916219119226635, 0.32, 0.3333333333333333, 0.32, 0.5729468599033817, 0.5255813953488373, 0.6693191865605659, 0.6389743589743591, 0.32, 0.7043478260869566, 0.6210739614994933, 0.6621499548328816, 0.8117647058823529]
 mean: 0.5486232145372582, std: 0.16636388600574623
--------------------------------------------------
Subject Number: 5
Accuracy Cross: [0.5238095238095238, 0.5, 0.5, 0.5, 0.40476190476190477, 0.5, 0.5, 0.6428571428571429, 0.47619047619047616, 0.4880952380952381, 0.5, 0.5, 0.5952380952380952, 0.5595238095238095, 0.5]
 mean: 0.5126984126984127, std: 0.05224850981153267
F1 Score: [0.44297082228116713, 0.3333333333333333, 0.3333333333333333, 0.3333333333333333, 0.36899038461538464, 0.3333333333333333, 0.3333333333333333, 0.6326530612244898, 0.3225806451612903, 0.36486724107613855, 0.3333333333333333, 0.3875, 0.5915331807780321, 0.4999195494770716, 0.3333333333333333]
 mean: 0.39628988119646047, std: 0.09726025706282726
Accuracy Intime: [0.7352941176470589, 0.5882352941176471, 0.47058823529411764, 0.5, 0.5, 0.6176470588235294, 0.47058823529411764, 0.5, 0.6176470588235294, 0.5, 0.47058823529411764, 0.5, 0.5, 0.7058823529411765, 0.5]
 mean: 0.5450980392156862, std: 0.08378768870282942
F1 (Intime): [0.7294429708222812, 0.4711111111111111, 0.32, 0.46232558139534885, 0.4980392156862745, 0.5252416756176155, 0.32, 0.3333333333333333, 0.5521783181357649, 0.3333333333333333, 0.32, 0.49956709956709955, 0.414387031408308, 0.6964285714285714, 0.3333333333333333]
 mean: 0.4539147716781583, std: 0.12983351675210825
--------------------------------------------------
Subject Number: 6
Accuracy Cross: [0.5238095238095238, 0.5, 0.5, 0.5, 0.5833333333333334, 0.6071428571428571, 0.5, 0.5238095238095238, 0.5952380952380952, 0.5952380952380952, 0.5833333333333334, 0.5119047619047619, 0.6190476190476191, 0.5952380952380952, 0.5833333333333334]
 mean: 0.5547619047619048, std: 0.044712908003184997
F1 Score: [0.3841642228739003, 0.3333333333333333, 0.3333333333333333, 0.3333333333333333, 0.4957983193277311, 0.5753025892446759, 0.35337243401759527, 0.3841642228739003, 0.5265251989389921, 0.5800000000000001, 0.4957983193277311, 0.43494667760459393, 0.5543766578249337, 0.5800000000000001, 0.5760634462869503]
 mean: 0.46270080588806695, std: 0.09763338248832211
Accuracy Intime: [0.5294117647058824, 0.5882352941176471, 0.47058823529411764, 0.7647058823529411, 0.78125, 0.47058823529411764, 0.47058823529411764, 0.6764705882352942, 0.7352941176470589, 0.75, 0.4411764705882353, 0.7352941176470589, 0.7058823529411765, 0.6176470588235294, 0.6875]
 mean: 0.6283088235294118, std: 0.11907489852632339
F1 (Intime): [0.34615384615384615, 0.5296442687747036, 0.32, 0.7638888888888888, 0.7757757757757757, 0.32, 0.32, 0.6621499548328816, 0.7332170880557978, 0.7490196078431373, 0.30612244897959184, 0.7350649350649351, 0.7017543859649122, 0.5521783181357649, 0.6761133603238867]
 mean: 0.5660721919196081, std: 0.18474035187203017
--------------------------------------------------
Subject Number: 7
Accuracy Cross: [0.5, 0.5, 0.5, 0.5, 0.5, 0.5, 0.5, 0.5833333333333334, 0.5714285714285714, 0.4166666666666667, 0.5, 0.5, 0.6190476190476191, 0.5833333333333334, 0.5]
 mean: 0.5182539682539683, std: 0.048380160806756105
F1 Score: [0.3333333333333333, 0.3333333333333333, 0.3333333333333333, 0.3333333333333333, 0.3333333333333333, 0.3333333333333333, 0.3333333333333333, 0.5072900955253896, 0.5087719298245614, 0.4098924731182796, 0.3333333333333333, 0.3713471133285816, 0.5543766578249337, 0.4957983193277311, 0.3333333333333333]
 mean: 0.38983177259663176, std: 0.07988321642411213
Accuracy Intime: [0.5294117647058824, 0.5588235294117647, 0.4411764705882353, 0.5882352941176471, 0.5, 0.47058823529411764, 0.6764705882352942, 0.47058823529411764, 0.5294117647058824, 0.5, 0.47058823529411764, 0.6470588235294118, 0.5882352941176471, 0.5, 0.5]
 mean: 0.5313725490196078, std: 0.06573746907545182
F1 (Intime): [0.34615384615384615, 0.411764705882353, 0.30612244897959184, 0.5492424242424242, 0.3333333333333333, 0.32, 0.6693191865605659, 0.32, 0.43333333333333335, 0.3333333333333333, 0.32, 0.6458333333333333, 0.5641025641025641, 0.4415458937198068, 0.3333333333333333]
 mean: 0.42182784908718785, std: 0.12172216909370619
--------------------------------------------------
Subject Number: 8
Accuracy Cross: [0.6785714285714286, 0.5, 0.5, 0.5, 0.5595238095238095, 0.5119047619047619, 0.5, 0.5, 0.5, 0.5119047619047619, 0.6904761904761905, 0.5, 0.5833333333333334, 0.5595238095238095, 0.5714285714285714]
 mean: 0.5444444444444444, std: 0.06215861666413103
F1 Score: [0.6763236763236764, 0.3333333333333333, 0.3333333333333333, 0.3333333333333333, 0.4534904167399332, 0.3592558139534884, 0.3333333333333333, 0.35337243401759527, 0.3333333333333333, 0.40936374549819926, 0.6676810712111991, 0.3333333333333333, 0.4957983193277311, 0.4534904167399332, 0.475]
 mean: 0.42291839292078365, std: 0.11291367538234237
Accuracy Intime: [0.7941176470588235, 0.5882352941176471, 0.5, 0.47058823529411764, 0.78125, 0.6176470588235294, 0.6764705882352942, 0.47058823529411764, 0.5294117647058824, 0.59375, 0.8235294117647058, 0.47058823529411764, 0.6470588235294118, 0.5294117647058824, 0.5625]
 mean: 0.6036764705882353, std: 0.11560303066013682
F1 (Intime): [0.7925021795989537, 0.4711111111111111, 0.47786811201445345, 0.32, 0.7757757757757757, 0.6146469049694856, 0.6210739614994933, 0.32, 0.43333333333333335, 0.5134502923976608, 0.8210526315789474, 0.32, 0.6263736263736264, 0.43333333333333335, 0.45893719806763283]
 mean: 0.5332972306702539, std: 0.1635252200738767
--------------------------------------------------
Subject Number: 9
Accuracy Cross: [0.5, 0.5, 0.5, 0.5, 0.5, 0.5, 0.5, 0.5, 0.5357142857142857, 0.4523809523809524, 0.5, 0.5, 0.5, 0.5, 0.5238095238095238]
 mean: 0.5007936507936508, std: 0.016533862425396555
F1 Score: [0.3333333333333333, 0.3333333333333333, 0.3333333333333333, 0.3333333333333333, 0.3333333333333333, 0.3333333333333333, 0.3333333333333333, 0.3333333333333333, 0.4905924428549215, 0.4473684210526316, 0.4269005847953216, 0.3333333333333333, 0.3333333333333333, 0.3333333333333333, 0.43050847457627117]
 mean: 0.36413577266305414, std: 0.05272596662650501
Accuracy Intime: [0.5294117647058824, 0.47058823529411764, 0.47058823529411764, 0.47058823529411764, 0.5, 0.7058823529411765, 0.5882352941176471, 0.5, 0.7647058823529411, 0.8125, 0.5588235294117647, 0.5294117647058824, 0.47058823529411764, 0.5, 0.5625]
 mean: 0.5622549019607843, std: 0.107182131997148
F1 (Intime): [0.34615384615384615, 0.32, 0.32, 0.32, 0.3333333333333333, 0.7058823529411765, 0.5041666666666667, 0.414387031408308, 0.7571428571428571, 0.8125, 0.411764705882353, 0.34615384615384615, 0.32, 0.37916219119226635, 0.5465587044534412]
 mean: 0.45581370235520635, std: 0.16603147537966353
--------------------------------------------------
Subject Number: 10
Accuracy Cross: [0.44047619047619047, 0.5, 0.5, 0.5, 0.5, 0.5, 0.5, 0.5, 0.5, 0.5, 0.4880952380952381, 0.5476190476190477, 0.5, 0.5, 0.5]
 mean: 0.4984126984126984, std: 0.01985713651301081
F1 Score: [0.30578512396694213, 0.3333333333333333, 0.3333333333333333, 0.3333333333333333, 0.3333333333333333, 0.3333333333333333, 0.3333333333333333, 0.3333333333333333, 0.3333333333333333, 0.3333333333333333, 0.40738310090237906, 0.5465909090909091, 0.3333333333333333, 0.3333333333333333, 0.49743589743589745]
 mean: 0.361590779870853, std: 0.06667006715013211
Accuracy Intime: [0.5294117647058824, 0.7647058823529411, 0.47058823529411764, 0.6764705882352942, 0.5, 0.5294117647058824, 0.47058823529411764, 0.47058823529411764, 0.6764705882352942, 0.59375, 0.5, 0.8529411764705882, 0.47058823529411764, 0.47058823529411764, 0.6875]
 mean: 0.5775735294117648, std: 0.12018216841271806
F1 (Intime): [0.34615384615384615, 0.7509157509157509, 0.32, 0.6739319965126417, 0.3333333333333333, 0.34615384615384615, 0.32, 0.32, 0.6761904761904762, 0.5134502923976608, 0.4415458937198068, 0.8528138528138528, 0.32, 0.32, 0.6536796536796536]
 mean: 0.4792112627913913, std: 0.18377149995417774
--------------------------------------------------
Subject Number: 11
Accuracy Cross: [0.5, 0.5, 0.5, 0.5, 0.5, 0.5, 0.5, 0.44047619047619047, 0.47619047619047616, 0.4642857142857143, 0.5595238095238095, 0.6309523809523809, 0.5, 0.5, 0.5357142857142857]
 mean: 0.5071428571428571, std: 0.042100911777380456
F1 Score: [0.3333333333333333, 0.3333333333333333, 0.3333333333333333, 0.3333333333333333, 0.3333333333333333, 0.3333333333333333, 0.3333333333333333, 0.38609858497900795, 0.4509803921568627, 0.4414068272498892, 0.4534904167399332, 0.6245133381398702, 0.3333333333333333, 0.3333333333333333, 0.42394935818533497]
 mean: 0.3853625944967265, std: 0.07963835169571486
Accuracy Intime: [0.5588235294117647, 0.47058823529411764, 0.47058823529411764, 0.5294117647058824, 0.5, 0.5294117647058824, 0.47058823529411764, 0.5588235294117647, 0.7647058823529411, 0.65625, 0.47058823529411764, 0.6176470588235294, 0.5588235294117647, 0.5294117647058824, 0.5]
 mean: 0.5457107843137254, std: 0.07891681114634012
F1 (Intime): [0.48328267477203646, 0.32, 0.32, 0.5228070175438597, 0.3333333333333333, 0.43333333333333335, 0.32, 0.411764705882353, 0.7424242424242424, 0.6559139784946236, 0.32, 0.5252416756176155, 0.5072463768115942, 0.34615384615384615, 0.3333333333333333]
 mean: 0.4383223011800114, std: 0.12872709929335976
--------------------------------------------------
Subject Number: 12
Accuracy Cross: [0.5238095238095238, 0.5, 0.5, 0.5, 0.5, 0.5, 0.5, 0.42857142857142855, 0.4166666666666667, 0.5, 0.5, 0.5119047619047619, 0.5, 0.5, 0.38095238095238093]
 mean: 0.4841269841269842, std: 0.03928371006591931
F1 Score: [0.4012829650748396, 0.3333333333333333, 0.3333333333333333, 0.3333333333333333, 0.3333333333333333, 0.3333333333333333, 0.3333333333333333, 0.3571428571428571, 0.3494547178757705, 0.3333333333333333, 0.3333333333333333, 0.46446897838594314, 0.3333333333333333, 0.3333333333333333, 0.27586206896551724]
 mean: 0.345436328051884, std: 0.03978794736386737
Accuracy Intime: [0.5294117647058824, 0.5294117647058824, 0.47058823529411764, 0.5294117647058824, 0.5, 0.5294117647058824, 0.5588235294117647, 0.5882352941176471, 0.47058823529411764, 0.5, 0.47058823529411764, 0.5294117647058824, 0.5294117647058824, 0.47058823529411764, 0.5]
 mean: 0.5137254901960784, std: 0.03373460889036325
F1 (Intime): [0.34615384615384615, 0.4624505928853755, 0.32, 0.34615384615384615, 0.3333333333333333, 0.4624505928853755, 0.5584415584415584, 0.5868055555555556, 0.32, 0.3333333333333333, 0.32, 0.34615384615384615, 0.34615384615384615, 0.32, 0.3333333333333333]
 mean: 0.38231757895888324, std: 0.08704065808290493
--------------------------------------------------
Subject Number: 13
Accuracy Cross: [0.5, 0.5, 0.5, 0.5, 0.5, 0.5, 0.5, 0.5, 0.5357142857142857, 0.5, 0.5, 0.6309523809523809, 0.5, 0.5595238095238095, 0.7142857142857143]
 mean: 0.5293650793650794, std: 0.06052595544424641
F1 Score: [0.3333333333333333, 0.3333333333333333, 0.3333333333333333, 0.3333333333333333, 0.3333333333333333, 0.3333333333333333, 0.3333333333333333, 0.3333333333333333, 0.408130081300813, 0.3333333333333333, 0.3333333333333333, 0.6304810557684121, 0.3333333333333333, 0.5167159073238998, 0.7116704805491991]
 mean: 0.3955776127739327, std: 0.11903619421994281
Accuracy Intime: [0.6176470588235294, 0.6764705882352942, 0.47058823529411764, 0.47058823529411764, 0.5, 0.47058823529411764, 0.5294117647058824, 0.5294117647058824, 0.5588235294117647, 0.5, 0.47058823529411764, 0.5882352941176471, 0.6470588235294118, 0.6176470588235294, 0.625]
 mean: 0.551470588235294, std: 0.06965270578591139
F1 (Intime): [0.5888372093023255, 0.6739319965126417, 0.32, 0.32, 0.3333333333333333, 0.32, 0.34615384615384615, 0.4624505928853755, 0.4522019334049409, 0.3333333333333333, 0.32, 0.5824561403508772, 0.6357142857142857, 0.5252416756176155, 0.611336032388664]
 mean: 0.45499935859981594, std: 0.13128532991143418
--------------------------------------------------
Subject Number: 14
Accuracy Cross: [0.5, 0.5, 0.5, 0.5, 0.5, 0.5, 0.5, 0.5, 0.5, 0.5, 0.5, 0.5357142857142857, 0.5, 0.5476190476190477, 0.5]
 mean: 0.5055555555555555, std: 0.014329738162910952
F1 Score: [0.3333333333333333, 0.3333333333333333, 0.3333333333333333, 0.3333333333333333, 0.3333333333333333, 0.3333333333333333, 0.3333333333333333, 0.3333333333333333, 0.3333333333333333, 0.3333333333333333, 0.3333333333333333, 0.42394935818533497, 0.3333333333333333, 0.5305882352941176, 0.3333333333333333]
 mean: 0.3525247284541857, std: 0.052659988357554754
Accuracy Intime: [0.5882352941176471, 0.5588235294117647, 0.47058823529411764, 0.47058823529411764, 0.5, 0.47058823529411764, 0.5294117647058824, 0.6764705882352942, 0.5294117647058824, 0.5, 0.47058823529411764, 0.5294117647058824, 0.47058823529411764, 0.7058823529411765, 0.53125]
 mean: 0.5334558823529412, std: 0.07112553375073129
F1 (Intime): [0.5296442687747036, 0.5584415584415584, 0.32, 0.32, 0.3333333333333333, 0.32, 0.34615384615384615, 0.6621499548328816, 0.34615384615384615, 0.3333333333333333, 0.32, 0.34615384615384615, 0.32, 0.7017543859649122, 0.3992490613266583]
 mean: 0.4104244956312614, std: 0.1290083455046788
--------------------------------------------------
**************************************************
accuracy_cross_list: [0.5190476190476191, 0.6277777777777777, 0.5007936507936508, 0.5404761904761906, 0.5126984126984127, 0.5547619047619048, 0.5182539682539683, 0.5444444444444444, 0.5007936507936508, 0.4984126984126984, 0.5071428571428571, 0.4841269841269842, 0.5293650793650794, 0.5055555555555555]
f1_score_list: [0.37760422912281905, 0.5406326924575763, 0.3506746506017734, 0.42702178890010156, 0.39628988119646047, 0.46270080588806695, 0.38983177259663176, 0.42291839292078365, 0.36413577266305414, 0.361590779870853, 0.3853625944967265, 0.345436328051884, 0.3955776127739327, 0.3525247284541857]
accuracy_intime_list: [0.529656862745098, 0.7207107843137255, 0.5219362745098038, 0.6116421568627451, 0.5450980392156862, 0.6283088235294118, 0.5313725490196078, 0.6036764705882353, 0.5622549019607843, 0.5775735294117648, 0.5457107843137254, 0.5137254901960784, 0.551470588235294, 0.5334558823529412]
f1_score_intime_list: [0.3864532968061785, 0.6726871947983167, 0.3755600347411908, 0.5486232145372582, 0.4539147716781583, 0.5660721919196081, 0.42182784908718785, 0.5332972306702539, 0.45581370235520635, 0.4792112627913913, 0.4383223011800114, 0.38231757895888324, 0.45499935859981594, 0.4104244956312614]
**************************************************
ACC: 52.45±3.44
F1: 39.80±5.08
Intime: 56.98±5.38
F1 (Intime): 47.00±8.09
