1e-06
Subject Number: 1
Accuracy Cross: [0.19047619047619047, 0.2, 0.21904761904761905, 0.2, 0.19523809523809524, 0.2, 0.21428571428571427, 0.11904761904761904, 0.21428571428571427, 0.17142857142857143, 0.2, 0.2, 0.22857142857142856, 0.21904761904761905, 0.20476190476190476]
 mean: 0.19841269841269846, std: 0.02505725366434427
F1 Score: [0.14044844044844043, 0.08149106124001522, 0.154038278426528, 0.06666666666666667, 0.07321178120617111, 0.07490739943147559, 0.09470954356846473, 0.043859649122807015, 0.12417293233082707, 0.0715829624920534, 0.06693227091633466, 0.06666666666666667, 0.1292094861660079, 0.10205874752347317, 0.07623459649773001]
 mean: 0.09107936551357744, std: 0.030942833978139406
Accuracy Intime: [0.23809523809523808, 0.21428571428571427, 0.25, 0.19047619047619047, 0.19047619047619047, 0.19047619047619047, 0.19047619047619047, 0.25, 0.2261904761904762, 0.2619047619047619, 0.21428571428571427, 0.19047619047619047, 0.2619047619047619, 0.21428571428571427, 0.20238095238095238]
 mean: 0.2190476190476191, std: 0.026370234485454207
F1 (Intime): [0.15025641025641026, 0.07058823529411765, 0.18102164502164503, 0.06464646464646465, 0.064, 0.064, 0.064, 0.1357436143550365, 0.09346938775510205, 0.14953917050691246, 0.07346938775510205, 0.064, 0.18517073170731707, 0.07058823529411765, 0.08752834467120181]
 mean: 0.10120144181756181, std: 0.044060860527031856
--------------------------------------------------
Subject Number: 2
Accuracy Cross: [0.28095238095238095, 0.21904761904761905, 0.3476190476190476, 0.32857142857142857, 0.34285714285714286, 0.21904761904761905, 0.319047619047619, 0.3380952380952381, 0.3380952380952381, 0.3333333333333333, 0.3047619047619048, 0.3047619047619048, 0.2904761904761905, 0.3, 0.3047619047619048]
 mean: 0.30476190476190473, std: 0.03880295007135878
F1 Score: [0.2108216632225332, 0.11245289936915437, 0.20407457236209878, 0.21132817015373945, 0.2721920526047276, 0.11186324786324786, 0.2584781062684141, 0.22808517753836077, 0.22558823529411764, 0.20530530530530527, 0.18134593754672942, 0.24847380346414977, 0.18605385187870924, 0.20567408781694496, 0.2168174975718697]
 mean: 0.2052369738840068, std: 0.04366042928488409
Accuracy Intime: [0.2857142857142857, 0.19047619047619047, 0.32142857142857145, 0.2976190476190476, 0.35714285714285715, 0.20238095238095238, 0.35714285714285715, 0.34523809523809523, 0.32142857142857145, 0.2857142857142857, 0.38095238095238093, 0.44047619047619047, 0.39285714285714285, 0.30952380952380953, 0.36904761904761907]
 mean: 0.3238095238095238, std: 0.06465210112513112
F1 (Intime): [0.1630216265610722, 0.064, 0.20551358705381118, 0.19642857142857145, 0.28500417710944026, 0.08817587641117053, 0.2365777457341985, 0.2807327001356852, 0.2850855897914722, 0.16776212832550857, 0.21655172413793103, 0.32399999999999995, 0.3126050420168067, 0.24235607675906184, 0.30802259887005645]
 mean: 0.22505582962231904, std: 0.07665824291273385
--------------------------------------------------
Subject Number: 3
Accuracy Cross: [0.23333333333333334, 0.2, 0.2, 0.2, 0.24285714285714285, 0.1619047619047619, 0.2, 0.19047619047619047, 0.21904761904761905, 0.20952380952380953, 0.2, 0.18571428571428572, 0.2, 0.20476190476190476, 0.2]
 mean: 0.20317460317460323, std: 0.018291886083667216
F1 Score: [0.13464285714285715, 0.06666666666666667, 0.06693227091633466, 0.06693227091633466, 0.1576804051567287, 0.09113949923352069, 0.06693227091633466, 0.08202752426481241, 0.128679372157633, 0.08480388319110624, 0.08216863228304876, 0.1076245784938179, 0.06666666666666667, 0.08364123159303882, 0.12354312354312355]
 mean: 0.09400541687613496, std: 0.02845312423764192
Accuracy Intime: [0.19047619047619047, 0.20238095238095238, 0.19047619047619047, 0.2261904761904762, 0.2619047619047619, 0.2261904761904762, 0.20238095238095238, 0.19047619047619047, 0.21428571428571427, 0.19047619047619047, 0.21428571428571427, 0.25, 0.19047619047619047, 0.2261904761904762, 0.2619047619047619]
 mean: 0.21587301587301588, std: 0.024921140425567596
F1 (Intime): [0.06464646464646465, 0.10496987951807228, 0.064, 0.12913968547641072, 0.15467160037002775, 0.10435490435490435, 0.08842105263157894, 0.06464646464646465, 0.07058823529411765, 0.064, 0.07058823529411765, 0.14177068214804062, 0.064, 0.12648841354723708, 0.15632183908045977]
 mean: 0.09790716380052641, std: 0.034338090463143074
--------------------------------------------------
Subject Number: 4
Accuracy Cross: [0.2, 0.2, 0.20476190476190476, 0.22857142857142856, 0.20952380952380953, 0.2, 0.1761904761904762, 0.2761904761904762, 0.22857142857142856, 0.20476190476190476, 0.21428571428571427, 0.22857142857142856, 0.21428571428571427, 0.20952380952380953, 0.22380952380952382]
 mean: 0.21460317460317466, std: 0.021328986707607394
F1 Score: [0.06666666666666667, 0.06666666666666667, 0.07635876840696118, 0.1233820976940243, 0.08551971326164874, 0.0680161943319838, 0.1039679402722881, 0.18333333333333335, 0.17006362058993638, 0.07635876840696118, 0.10792804796802132, 0.12027027027027026, 0.09823847177640335, 0.08634209294092118, 0.12668751891837352]
 mean: 0.10398667810029734, std: 0.0347617622022992
Accuracy Intime: [0.20238095238095238, 0.19047619047619047, 0.19047619047619047, 0.2857142857142857, 0.21428571428571427, 0.19047619047619047, 0.19047619047619047, 0.2857142857142857, 0.25, 0.21428571428571427, 0.2261904761904762, 0.21428571428571427, 0.2976190476190476, 0.2857142857142857, 0.2619047619047619]
 mean: 0.23333333333333334, std: 0.03907470992092435
F1 (Intime): [0.08817587641117053, 0.064, 0.064, 0.1672727272727273, 0.07058823529411765, 0.09079365079365079, 0.064, 0.228042463716088, 0.14540076900325347, 0.07058823529411765, 0.16486486486486487, 0.07058823529411765, 0.17234611953612844, 0.20247491638795986, 0.149874686716792]
 mean: 0.12086738537233255, std: 0.05512877810757153
--------------------------------------------------
Subject Number: 5
Accuracy Cross: [0.22857142857142856, 0.19523809523809524, 0.2523809523809524, 0.19047619047619047, 0.19047619047619047, 0.20952380952380953, 0.20476190476190476, 0.2, 0.20952380952380953, 0.18571428571428572, 0.21904761904761905, 0.23333333333333334, 0.21904761904761905, 0.2, 0.20476190476190476]
 mean: 0.20952380952380956, std: 0.01764691061547593
F1 Score: [0.13582292490118578, 0.11351586266840505, 0.17880547905361802, 0.064, 0.0719344262295082, 0.08513323983169704, 0.07623459649773001, 0.06774193548387096, 0.08586311419037672, 0.08535714285714285, 0.11197691197691198, 0.17437894947106442, 0.1277665438963915, 0.06666666666666667, 0.1526755031909671]
 mean: 0.10652488646103575, std: 0.038030221358022386
Accuracy Intime: [0.2619047619047619, 0.19047619047619047, 0.21428571428571427, 0.19047619047619047, 0.19047619047619047, 0.19047619047619047, 0.19047619047619047, 0.2261904761904762, 0.19047619047619047, 0.21428571428571427, 0.2261904761904762, 0.27380952380952384, 0.19047619047619047, 0.25, 0.2976190476190476]
 mean: 0.21984126984126984, std: 0.03446674722318804
F1 (Intime): [0.2118868758285462, 0.064, 0.10546365914786966, 0.08188405797101449, 0.064, 0.064, 0.064, 0.12884483937115515, 0.064, 0.07058823529411765, 0.11477411477411477, 0.15563218390804598, 0.06530612244897958, 0.14032634032634034, 0.22779853023755461]
 mean: 0.10816699728718257, std: 0.053247127277091015
--------------------------------------------------
Subject Number: 6
Accuracy Cross: [0.20952380952380953, 0.2, 0.2619047619047619, 0.26666666666666666, 0.22380952380952382, 0.2904761904761905, 0.20476190476190476, 0.2, 0.2619047619047619, 0.2904761904761905, 0.18571428571428572, 0.20952380952380953, 0.19523809523809524, 0.26666666666666666, 0.2]
 mean: 0.23111111111111113, std: 0.03596700708131694
F1 Score: [0.10091050410837218, 0.1187030905688374, 0.19853252365160717, 0.15202614379084967, 0.1224663212435233, 0.17186940966010733, 0.11781627983000979, 0.06720000000000001, 0.1517404828914235, 0.19013659527927954, 0.09418519560934421, 0.15457142857142858, 0.0653386454183267, 0.16759990428332136, 0.06746987951807229]
 mean: 0.1293710936283002, std: 0.04284250557692997
Accuracy Intime: [0.19047619047619047, 0.2261904761904762, 0.25, 0.34523809523809523, 0.23809523809523808, 0.19047619047619047, 0.20238095238095238, 0.2619047619047619, 0.3333333333333333, 0.2857142857142857, 0.23809523809523808, 0.34523809523809523, 0.21428571428571427, 0.40476190476190477, 0.2261904761904762]
 mean: 0.2634920634920635, std: 0.06312393277824817
F1 (Intime): [0.064, 0.11832967032967034, 0.14666666666666667, 0.21889338731443994, 0.13251390108282118, 0.064, 0.0864957264957265, 0.14829268292682926, 0.21294768394054575, 0.1934199134199134, 0.11644444444444443, 0.2705175983436853, 0.12134038800705467, 0.28509533468559833, 0.12907092907092907]
 mean: 0.15386855511522163, std: 0.06617034618096745
--------------------------------------------------
Subject Number: 7
Accuracy Cross: [0.14761904761904762, 0.12380952380952381, 0.20476190476190476, 0.14761904761904762, 0.14761904761904762, 0.22380952380952382, 0.22380952380952382, 0.19523809523809524, 0.2, 0.19047619047619047, 0.21904761904761905, 0.21428571428571427, 0.18095238095238095, 0.23333333333333334, 0.2]
 mean: 0.19015873015873017, std: 0.03255168187583134
F1 Score: [0.06484866646688643, 0.07998590556730092, 0.0856659619450317, 0.055855855855855854, 0.05662100456621004, 0.16973702938512822, 0.15428138548244763, 0.07660145761411584, 0.08672966015158705, 0.07584167858845971, 0.11747782825005408, 0.11384985949417906, 0.09808990528023445, 0.13487013499644745, 0.06693227091633466]
 mean: 0.09582590697068487, std: 0.03399806331517927
Accuracy Intime: [0.20238095238095238, 0.21428571428571427, 0.23809523809523808, 0.20238095238095238, 0.27380952380952384, 0.21428571428571427, 0.2976190476190476, 0.2857142857142857, 0.27380952380952384, 0.2261904761904762, 0.2619047619047619, 0.20238095238095238, 0.20238095238095238, 0.3333333333333333, 0.19047619047619047]
 mean: 0.2412698412698413, std: 0.042026039031345164
F1 (Intime): [0.14750124192747144, 0.13234167230110433, 0.1721266968325792, 0.08475972540045766, 0.1549090909090909, 0.15348540843634512, 0.20514285714285715, 0.21727395411605938, 0.17097032878909385, 0.14415584415584415, 0.1756521739130435, 0.1665767539063449, 0.14558134466601286, 0.25453490941228457, 0.064]
 mean: 0.15926746679390594, std: 0.045554528238967384
--------------------------------------------------
Subject Number: 8
Accuracy Cross: [0.22380952380952382, 0.2523809523809524, 0.2, 0.24761904761904763, 0.20476190476190476, 0.21428571428571427, 0.21428571428571427, 0.2571428571428571, 0.21904761904761905, 0.2523809523809524, 0.24285714285714285, 0.19523809523809524, 0.2761904761904762, 0.26666666666666666, 0.23809523809523808]
 mean: 0.23365079365079364, std: 0.02443413511732553
F1 Score: [0.1523581809157331, 0.1374400178551501, 0.06746987951807229, 0.13752859248716515, 0.07711379529561349, 0.09413654618473895, 0.10602803738317756, 0.17013637769591994, 0.12224998821255126, 0.1802487854962898, 0.14360740421868273, 0.12038913372477486, 0.18296217008376317, 0.16083345730068527, 0.13651049460880244]
 mean: 0.13260085739874133, std: 0.03400961245826343
Accuracy Intime: [0.19047619047619047, 0.19047619047619047, 0.23809523809523808, 0.27380952380952384, 0.25, 0.20238095238095238, 0.20238095238095238, 0.2619047619047619, 0.32142857142857145, 0.2261904761904762, 0.35714285714285715, 0.30952380952380953, 0.25, 0.30952380952380953, 0.21428571428571427]
 mean: 0.25317460317460316, std: 0.05021997466525834
F1 (Intime): [0.064, 0.064, 0.1519051456198918, 0.1549019607843137, 0.14956521739130435, 0.1037505787930236, 0.08641604010025063, 0.14135338345864662, 0.24105820105820105, 0.12616491060426988, 0.20353611027869345, 0.23848684210526314, 0.1431565576373452, 0.20004634227077128, 0.10033444816053512]
 mean: 0.14457838255083397, std: 0.0548996123899467
--------------------------------------------------
Subject Number: 9
Accuracy Cross: [0.19523809523809524, 0.2, 0.2, 0.2, 0.2523809523809524, 0.2, 0.19523809523809524, 0.2, 0.15714285714285714, 0.2, 0.2, 0.18571428571428572, 0.19047619047619047, 0.19523809523809524, 0.2]
 mean: 0.19809523809523816, std: 0.0180534186769688
F1 Score: [0.0653386454183267, 0.06720000000000001, 0.06666666666666667, 0.06666666666666667, 0.1522681653954235, 0.06666666666666667, 0.06586345381526104, 0.08179860453096735, 0.12212825933756166, 0.15396746524696836, 0.07482468443197757, 0.06446280991735537, 0.10920383963862226, 0.07983193277310925, 0.06666666666666667]
 mean: 0.08690363514481599, std: 0.03073307145405444
Accuracy Intime: [0.23809523809523808, 0.20238095238095238, 0.20238095238095238, 0.19047619047619047, 0.25, 0.19047619047619047, 0.19047619047619047, 0.21428571428571427, 0.34523809523809523, 0.27380952380952384, 0.21428571428571427, 0.25, 0.20238095238095238, 0.2261904761904762, 0.19047619047619047]
 mean: 0.22539682539682543, std: 0.04065475706306571
F1 (Intime): [0.14399490283529787, 0.08475972540045766, 0.08817587641117053, 0.064, 0.1414141414141414, 0.064, 0.064, 0.10808464460119369, 0.1993561603745976, 0.16340956340956342, 0.07058823529411765, 0.14435054773082942, 0.08666666666666667, 0.09422222222222222, 0.064]
 mean: 0.10540151242401721, std: 0.041448826040099716
--------------------------------------------------
Subject Number: 10
Accuracy Cross: [0.20476190476190476, 0.1761904761904762, 0.21904761904761905, 0.2, 0.23809523809523808, 0.2857142857142857, 0.20476190476190476, 0.2, 0.2, 0.20476190476190476, 0.23809523809523808, 0.2, 0.2, 0.20476190476190476, 0.2]
 mean: 0.2117460317460318, std: 0.024765974431545497
F1 Score: [0.10196078431372549, 0.09993979530403371, 0.09877264757451783, 0.06857142857142857, 0.1555163676902807, 0.174867597496389, 0.07650232558139536, 0.06693227091633466, 0.06693227091633466, 0.07623459649773001, 0.14000473372781067, 0.11265864281365616, 0.06666666666666667, 0.0762909090909091, 0.06666666666666667]
 mean: 0.09656784692185863, std: 0.034012239565151335
Accuracy Intime: [0.19047619047619047, 0.21428571428571427, 0.2857142857142857, 0.19047619047619047, 0.2261904761904762, 0.2619047619047619, 0.2261904761904762, 0.2261904761904762, 0.2261904761904762, 0.19047619047619047, 0.35714285714285715, 0.32142857142857145, 0.2261904761904762, 0.2261904761904762, 0.19047619047619047]
 mean: 0.23730158730158735, std: 0.04790916911995737
F1 (Intime): [0.064, 0.10303030303030303, 0.16813725490196077, 0.064, 0.10938775510204082, 0.14907407407407408, 0.12099111734455352, 0.09481654047757718, 0.12565656565656566, 0.06736842105263158, 0.2032258064516129, 0.21383674036990685, 0.1310304449648712, 0.09233976029181865, 0.064]
 mean: 0.11805965224786107, std: 0.04688319547771624
--------------------------------------------------
Subject Number: 11
Accuracy Cross: [0.23809523809523808, 0.24285714285714285, 0.2, 0.20476190476190476, 0.23809523809523808, 0.1761904761904762, 0.2, 0.19523809523809524, 0.18571428571428572, 0.17142857142857143, 0.15714285714285714, 0.21904761904761905, 0.18571428571428572, 0.19047619047619047, 0.20476190476190476]
 mean: 0.20063492063492064, std: 0.024334943360935616
F1 Score: [0.13247442212959454, 0.13266563944530047, 0.06666666666666667, 0.07711379529561349, 0.1328695652173913, 0.10279652844744454, 0.11503759398496241, 0.11204545454545453, 0.12215675177824384, 0.07177033492822966, 0.10701754385964912, 0.14889568202911532, 0.07779628443305574, 0.10543431750106975, 0.10898067449791586]
 mean: 0.10758141698398047, std: 0.024062229050372627
Accuracy Intime: [0.27380952380952384, 0.2619047619047619, 0.19047619047619047, 0.19047619047619047, 0.25, 0.32142857142857145, 0.2857142857142857, 0.2976190476190476, 0.25, 0.19047619047619047, 0.35714285714285715, 0.34523809523809523, 0.25, 0.30952380952380953, 0.21428571428571427]
 mean: 0.26587301587301587, std: 0.05264483794214921
F1 (Intime): [0.22085555769766296, 0.16762341300156425, 0.08344671201814059, 0.064, 0.22022222222222218, 0.18344827586206897, 0.205947888589398, 0.2276898242999938, 0.18011119030648612, 0.064, 0.2815934065934066, 0.2999441674975075, 0.16666666666666666, 0.17632183908045979, 0.12119047619047621]
 mean: 0.17753744266840357, std: 0.06875122486269804
--------------------------------------------------
Subject Number: 12
Accuracy Cross: [0.20476190476190476, 0.22380952380952382, 0.21428571428571427, 0.19047619047619047, 0.2, 0.20952380952380953, 0.24285714285714285, 0.16666666666666666, 0.16666666666666666, 0.1619047619047619, 0.2, 0.18571428571428572, 0.18095238095238095, 0.22857142857142856, 0.20476190476190476]
 mean: 0.19873015873015876, std: 0.02290119212301134
F1 Score: [0.10132343846629562, 0.10708485712514722, 0.10792804796802132, 0.09629418146519728, 0.06885245901639345, 0.08587373561213812, 0.17484197972570065, 0.09755196857936585, 0.12571054676317833, 0.06411901441190145, 0.1482560568086884, 0.10285714285714284, 0.09061425061425062, 0.1812230171299083, 0.12928798185941043]
 mean: 0.11212124522684933, std: 0.03319643021970037
Accuracy Intime: [0.21428571428571427, 0.25, 0.2976190476190476, 0.19047619047619047, 0.19047619047619047, 0.19047619047619047, 0.27380952380952384, 0.21428571428571427, 0.20238095238095238, 0.19047619047619047, 0.30952380952380953, 0.23809523809523808, 0.19047619047619047, 0.23809523809523808, 0.25]
 mean: 0.22936507936507938, std: 0.0389940269731373
F1 (Intime): [0.11092246745897001, 0.14182860783689072, 0.23310010551826305, 0.064, 0.064, 0.064, 0.21082163361798623, 0.1190615835777126, 0.15607739116866903, 0.06464646464646465, 0.184, 0.15859514687100895, 0.064, 0.11944444444444444, 0.15050505050505053]
 mean: 0.12700019304303067, std: 0.05433904485981596
--------------------------------------------------
Subject Number: 13
Accuracy Cross: [0.23809523809523808, 0.2, 0.2571428571428571, 0.22857142857142856, 0.21428571428571427, 0.20476190476190476, 0.23333333333333334, 0.2619047619047619, 0.24761904761904763, 0.22857142857142856, 0.2571428571428571, 0.24761904761904763, 0.29523809523809524, 0.2714285714285714, 0.30952380952380953]
 mean: 0.2463492063492063, std: 0.029736391180562528
F1 Score: [0.1630603302999663, 0.06666666666666667, 0.19186403899014018, 0.12816965169906347, 0.11375342465753424, 0.10998763141620285, 0.1328335832083958, 0.15531211963136843, 0.1734323038835246, 0.15335903182429406, 0.1827216827216827, 0.17715969733174033, 0.19463746237187501, 0.18221544862256764, 0.22901160464185674]
 mean: 0.15694564519779194, std: 0.03958126034702788
Accuracy Intime: [0.25, 0.20238095238095238, 0.32142857142857145, 0.19047619047619047, 0.25, 0.20238095238095238, 0.2857142857142857, 0.2261904761904762, 0.2619047619047619, 0.25, 0.2857142857142857, 0.2619047619047619, 0.27380952380952384, 0.27380952380952384, 0.2261904761904762]
 mean: 0.25079365079365074, std: 0.03490259274173972
F1 (Intime): [0.13574846206425156, 0.08475972540045766, 0.18634873323397913, 0.064, 0.15562610229276896, 0.10156823490156823, 0.16067567567567567, 0.1267080745341615, 0.1642213642213642, 0.19208172109580562, 0.21363265306122453, 0.20375375375375376, 0.17888628728494352, 0.16911827956989248, 0.12430326640695236]
 mean: 0.15076215556645328, std: 0.042405689121595876
--------------------------------------------------
Subject Number: 14
Accuracy Cross: [0.18095238095238095, 0.20476190476190476, 0.20952380952380953, 0.2, 0.19523809523809524, 0.19523809523809524, 0.22380952380952382, 0.18571428571428572, 0.22380952380952382, 0.22380952380952382, 0.15714285714285714, 0.2, 0.18571428571428572, 0.19047619047619047, 0.20952380952380953]
 mean: 0.1990476190476191, std: 0.017578245333215402
F1 Score: [0.12845205248043245, 0.12301941747572816, 0.12123036727829664, 0.06666666666666667, 0.06833333333333333, 0.06693877551020408, 0.13208845208845207, 0.09794392523364485, 0.10846153846153846, 0.11315776953087828, 0.08189415662395591, 0.06857142857142857, 0.12351878740659417, 0.11212633653346826, 0.08524765729585007]
 mean: 0.09984337763269811, std: 0.02381696492657753
Accuracy Intime: [0.20238095238095238, 0.2261904761904762, 0.19047619047619047, 0.19047619047619047, 0.19047619047619047, 0.19047619047619047, 0.23809523809523808, 0.19047619047619047, 0.2976190476190476, 0.23809523809523808, 0.2261904761904762, 0.19047619047619047, 0.2619047619047619, 0.2261904761904762, 0.19047619047619047]
 mean: 0.21666666666666667, std: 0.03140691894826886
F1 (Intime): [0.10649558941459503, 0.1479589384419954, 0.06808510638297872, 0.064, 0.064, 0.064, 0.1277519379844961, 0.06464646464646465, 0.1662004662004662, 0.12375286041189933, 0.12099111734455352, 0.064, 0.17585663082437275, 0.10819833087874324, 0.064]
 mean: 0.10199582950203766, std: 0.039166204449996946
--------------------------------------------------
**************************************************
accuracy_cross_list: [0.19841269841269846, 0.30476190476190473, 0.20317460317460323, 0.21460317460317466, 0.20952380952380956, 0.23111111111111113, 0.19015873015873017, 0.23365079365079364, 0.19809523809523816, 0.2117460317460318, 0.20063492063492064, 0.19873015873015876, 0.2463492063492063, 0.1990476190476191]
f1_score_list: [0.09107936551357744, 0.2052369738840068, 0.09400541687613496, 0.10398667810029734, 0.10652488646103575, 0.1293710936283002, 0.09582590697068487, 0.13260085739874133, 0.08690363514481599, 0.09656784692185863, 0.10758141698398047, 0.11212124522684933, 0.15694564519779194, 0.09984337763269811]
accuracy_intime_list: [0.2190476190476191, 0.3238095238095238, 0.21587301587301588, 0.23333333333333334, 0.21984126984126984, 0.2634920634920635, 0.2412698412698413, 0.25317460317460316, 0.22539682539682543, 0.23730158730158735, 0.26587301587301587, 0.22936507936507938, 0.25079365079365074, 0.21666666666666667]
f1_score_intime_list: [0.10120144181756181, 0.22505582962231904, 0.09790716380052641, 0.12086738537233255, 0.10816699728718257, 0.15386855511522163, 0.15926746679390594, 0.14457838255083397, 0.10540151242401721, 0.11805965224786107, 0.17753744266840357, 0.12700019304303067, 0.15076215556645328, 0.10199582950203766]
**************************************************
ACC: 21.71±2.89
F1: 11.56±3.09
Intime: 24.25±2.78
F1 (Intime): 13.51±3.48
